<?xml version="1.0" encoding="UTF-8"?>
<testsuite xmlns:xsi="http://www.w3.org/2001/XMLSchema-instance" xsi:noNamespaceSchemaLocation="https://maven.apache.org/surefire/maven-failsafe-plugin/xsd/failsafe-test-report-3.0.xsd" version="3.0" name="CucumberTestSuite" time="126.127" tests="22" errors="0" skipped="0" failures="0">
  <properties>
    <property name="sun.desktop" value="windows"/>
    <property name="awt.toolkit" value="sun.awt.windows.WToolkit"/>
    <property name="java.specification.version" value="11"/>
    <property name="webdriver.chrome.driver" value="D:\miniproject\webtesting\src\test\resources\webdriver\chromedriver.exe"/>
    <property name="sun.cpu.isalist" value="amd64"/>
    <property name="sun.jnu.encoding" value="Cp1252"/>
    <property name="java.class.path" value="D:\miniproject\webtesting\target\test-classes;C:\Users\Yusuf Efendi\.m2\repository\net\serenity-bdd\serenity-core\3.2.1\serenity-core-3.2.1.jar;C:\Users\Yusuf Efendi\.m2\repository\net\serenity-bdd\serenity-model\3.2.1\serenity-model-3.2.1.jar;C:\Users\Yusuf Efendi\.m2\repository\org\apache\commons\commons-text\1.9\commons-text-1.9.jar;C:\Users\Yusuf Efendi\.m2\repository\commons-net\commons-net\3.8.0\commons-net-3.8.0.jar;C:\Users\Yusuf Efendi\.m2\repository\com\google\guava\guava\31.1-jre\guava-31.1-jre.jar;C:\Users\Yusuf Efendi\.m2\repository\com\google\guava\failureaccess\1.0.1\failureaccess-1.0.1.jar;C:\Users\Yusuf Efendi\.m2\repository\com\google\guava\listenablefuture\9999.0-empty-to-avoid-conflict-with-guava\listenablefuture-9999.0-empty-to-avoid-conflict-with-guava.jar;C:\Users\Yusuf Efendi\.m2\repository\com\google\code\findbugs\jsr305\3.0.2\jsr305-3.0.2.jar;C:\Users\Yusuf Efendi\.m2\repository\org\checkerframework\checker-qual\3.12.0\checker-qual-3.12.0.jar;C:\Users\Yusuf Efendi\.m2\repository\com\google\errorprone\error_prone_annotations\2.11.0\error_prone_annotations-2.11.0.jar;C:\Users\Yusuf Efendi\.m2\repository\com\google\j2objc\j2objc-annotations\1.3\j2objc-annotations-1.3.jar;C:\Users\Yusuf Efendi\.m2\repository\com\google\inject\guice\5.1.0\guice-5.1.0.jar;C:\Users\Yusuf Efendi\.m2\repository\javax\inject\javax.inject\1\javax.inject-1.jar;C:\Users\Yusuf Efendi\.m2\repository\aopalliance\aopalliance\1.0\aopalliance-1.0.jar;C:\Users\Yusuf Efendi\.m2\repository\org\jsoup\jsoup\1.14.3\jsoup-1.14.3.jar;C:\Users\Yusuf Efendi\.m2\repository\com\thoughtworks\xstream\xstream\1.4.19\xstream-1.4.19.jar;C:\Users\Yusuf Efendi\.m2\repository\io\github\x-stream\mxparser\1.2.2\mxparser-1.2.2.jar;C:\Users\Yusuf Efendi\.m2\repository\xmlpull\xmlpull\1.1.3.1\xmlpull-1.1.3.1.jar;C:\Users\Yusuf Efendi\.m2\repository\io\cucumber\cucumber-java\7.2.3\cucumber-java-7.2.3.jar;C:\Users\Yusuf Efendi\.m2\repository\com\typesafe\config\1.4.2\config-1.4.2.jar;C:\Users\Yusuf Efendi\.m2\repository\org\imgscalr\imgscalr-lib\4.2\imgscalr-lib-4.2.jar;C:\Users\Yusuf Efendi\.m2\repository\org\awaitility\awaitility\4.2.0\awaitility-4.2.0.jar;C:\Users\Yusuf Efendi\.m2\repository\org\freemarker\freemarker\2.3.31\freemarker-2.3.31.jar;C:\Users\Yusuf Efendi\.m2\repository\io\github\classgraph\classgraph\4.8.138\classgraph-4.8.138.jar;C:\Users\Yusuf Efendi\.m2\repository\net\sourceforge\jexcelapi\jxl\2.6.12\jxl-2.6.12.jar;C:\Users\Yusuf Efendi\.m2\repository\net\bytebuddy\byte-buddy\1.12.8\byte-buddy-1.12.8.jar;C:\Users\Yusuf Efendi\.m2\repository\net\bytebuddy\byte-buddy-agent\1.12.8\byte-buddy-agent-1.12.8.jar;C:\Users\Yusuf Efendi\.m2\repository\org\objenesis\objenesis\3.1\objenesis-3.1.jar;C:\Users\Yusuf Efendi\.m2\repository\net\serenity-bdd\serenity-reports\3.2.1\serenity-reports-3.2.1.jar;C:\Users\Yusuf Efendi\.m2\repository\net\serenity-bdd\serenity-stats\3.2.1\serenity-stats-3.2.1.jar;C:\Users\Yusuf Efendi\.m2\repository\net\serenity-bdd\serenity-reports-configuration\3.2.1\serenity-reports-configuration-3.2.1.jar;C:\Users\Yusuf Efendi\.m2\repository\com\vladsch\flexmark\flexmark-all\0.34.30\flexmark-all-0.34.30.jar;C:\Users\Yusuf Efendi\.m2\repository\com\vladsch\flexmark\flexmark\0.34.30\flexmark-0.34.30.jar;C:\Users\Yusuf Efendi\.m2\repository\com\vladsch\flexmark\flexmark-ext-abbreviation\0.34.30\flexmark-ext-abbreviation-0.34.30.jar;C:\Users\Yusuf Efendi\.m2\repository\com\vladsch\flexmark\flexmark-ext-admonition\0.34.30\flexmark-ext-admonition-0.34.30.jar;C:\Users\Yusuf Efendi\.m2\repository\com\vladsch\flexmark\flexmark-ext-anchorlink\0.34.30\flexmark-ext-anchorlink-0.34.30.jar;C:\Users\Yusuf Efendi\.m2\repository\com\vladsch\flexmark\flexmark-ext-aside\0.34.30\flexmark-ext-aside-0.34.30.jar;C:\Users\Yusuf Efendi\.m2\repository\com\vladsch\flexmark\flexmark-ext-attributes\0.34.30\flexmark-ext-attributes-0.34.30.jar;C:\Users\Yusuf Efendi\.m2\repository\com\vladsch\flexmark\flexmark-ext-autolink\0.34.30\flexmark-ext-autolink-0.34.30.jar;C:\Users\Yusuf Efendi\.m2\repository\org\nibor\autolink\autolink\0.6.0\autolink-0.6.0.jar;C:\Users\Yusuf Efendi\.m2\repository\com\vladsch\flexmark\flexmark-ext-definition\0.34.30\flexmark-ext-definition-0.34.30.jar;C:\Users\Yusuf Efendi\.m2\repository\com\vladsch\flexmark\flexmark-ext-emoji\0.34.30\flexmark-ext-emoji-0.34.30.jar;C:\Users\Yusuf Efendi\.m2\repository\com\vladsch\flexmark\flexmark-ext-enumerated-reference\0.34.30\flexmark-ext-enumerated-reference-0.34.30.jar;C:\Users\Yusuf Efendi\.m2\repository\com\vladsch\flexmark\flexmark-ext-escaped-character\0.34.30\flexmark-ext-escaped-character-0.34.30.jar;C:\Users\Yusuf Efendi\.m2\repository\com\vladsch\flexmark\flexmark-ext-footnotes\0.34.30\flexmark-ext-footnotes-0.34.30.jar;C:\Users\Yusuf Efendi\.m2\repository\com\vladsch\flexmark\flexmark-ext-gfm-issues\0.34.30\flexmark-ext-gfm-issues-0.34.30.jar;C:\Users\Yusuf Efendi\.m2\repository\com\vladsch\flexmark\flexmark-ext-gfm-strikethrough\0.34.30\flexmark-ext-gfm-strikethrough-0.34.30.jar;C:\Users\Yusuf Efendi\.m2\repository\com\vladsch\flexmark\flexmark-ext-gfm-tables\0.34.30\flexmark-ext-gfm-tables-0.34.30.jar;C:\Users\Yusuf Efendi\.m2\repository\com\vladsch\flexmark\flexmark-ext-gfm-tasklist\0.34.30\flexmark-ext-gfm-tasklist-0.34.30.jar;C:\Users\Yusuf Efendi\.m2\repository\com\vladsch\flexmark\flexmark-ext-gfm-users\0.34.30\flexmark-ext-gfm-users-0.34.30.jar;C:\Users\Yusuf Efendi\.m2\repository\com\vladsch\flexmark\flexmark-ext-gitlab\0.34.30\flexmark-ext-gitlab-0.34.30.jar;C:\Users\Yusuf Efendi\.m2\repository\com\vladsch\flexmark\flexmark-ext-jekyll-front-matter\0.34.30\flexmark-ext-jekyll-front-matter-0.34.30.jar;C:\Users\Yusuf Efendi\.m2\repository\com\vladsch\flexmark\flexmark-ext-jekyll-tag\0.34.30\flexmark-ext-jekyll-tag-0.34.30.jar;C:\Users\Yusuf Efendi\.m2\repository\com\vladsch\flexmark\flexmark-ext-media-tags\0.34.30\flexmark-ext-media-tags-0.34.30.jar;C:\Users\Yusuf Efendi\.m2\repository\com\vladsch\flexmark\flexmark-test-util\0.34.30\flexmark-test-util-0.34.30.jar;C:\Users\Yusuf Efendi\.m2\repository\com\vladsch\flexmark\flexmark-ext-ins\0.34.30\flexmark-ext-ins-0.34.30.jar;C:\Users\Yusuf Efendi\.m2\repository\com\vladsch\flexmark\flexmark-ext-xwiki-macros\0.34.30\flexmark-ext-xwiki-macros-0.34.30.jar;C:\Users\Yusuf Efendi\.m2\repository\com\vladsch\flexmark\flexmark-ext-superscript\0.34.30\flexmark-ext-superscript-0.34.30.jar;C:\Users\Yusuf Efendi\.m2\repository\com\vladsch\flexmark\flexmark-ext-tables\0.34.30\flexmark-ext-tables-0.34.30.jar;C:\Users\Yusuf Efendi\.m2\repository\com\vladsch\flexmark\flexmark-ext-toc\0.34.30\flexmark-ext-toc-0.34.30.jar;C:\Users\Yusuf Efendi\.m2\repository\com\vladsch\flexmark\flexmark-ext-typographic\0.34.30\flexmark-ext-typographic-0.34.30.jar;C:\Users\Yusuf Efendi\.m2\repository\com\vladsch\flexmark\flexmark-ext-wikilink\0.34.30\flexmark-ext-wikilink-0.34.30.jar;C:\Users\Yusuf Efendi\.m2\repository\com\vladsch\flexmark\flexmark-ext-yaml-front-matter\0.34.30\flexmark-ext-yaml-front-matter-0.34.30.jar;C:\Users\Yusuf Efendi\.m2\repository\com\vladsch\flexmark\flexmark-ext-youtube-embedded\0.34.30\flexmark-ext-youtube-embedded-0.34.30.jar;C:\Users\Yusuf Efendi\.m2\repository\com\vladsch\flexmark\flexmark-formatter\0.34.30\flexmark-formatter-0.34.30.jar;C:\Users\Yusuf Efendi\.m2\repository\com\vladsch\flexmark\flexmark-html-parser\0.34.30\flexmark-html-parser-0.34.30.jar;C:\Users\Yusuf Efendi\.m2\repository\com\vladsch\flexmark\flexmark-jira-converter\0.34.30\flexmark-jira-converter-0.34.30.jar;C:\Users\Yusuf Efendi\.m2\repository\com\vladsch\flexmark\flexmark-pdf-converter\0.34.30\flexmark-pdf-converter-0.34.30.jar;C:\Users\Yusuf Efendi\.m2\repository\com\openhtmltopdf\openhtmltopdf-core\0.0.1-RC13\openhtmltopdf-core-0.0.1-RC13.jar;C:\Users\Yusuf Efendi\.m2\repository\com\openhtmltopdf\openhtmltopdf-pdfbox\0.0.1-RC13\openhtmltopdf-pdfbox-0.0.1-RC13.jar;C:\Users\Yusuf Efendi\.m2\repository\org\apache\pdfbox\pdfbox\2.0.8\pdfbox-2.0.8.jar;C:\Users\Yusuf Efendi\.m2\repository\org\apache\pdfbox\fontbox\2.0.8\fontbox-2.0.8.jar;C:\Users\Yusuf Efendi\.m2\repository\commons-logging\commons-logging\1.2\commons-logging-1.2.jar;C:\Users\Yusuf Efendi\.m2\repository\org\apache\pdfbox\xmpbox\2.0.8\xmpbox-2.0.8.jar;C:\Users\Yusuf Efendi\.m2\repository\de\rototor\pdfbox\graphics2d\0.12\graphics2d-0.12.jar;C:\Users\Yusuf Efendi\.m2\repository\com\openhtmltopdf\openhtmltopdf-rtl-support\0.0.1-RC13\openhtmltopdf-rtl-support-0.0.1-RC13.jar;C:\Users\Yusuf Efendi\.m2\repository\com\ibm\icu\icu4j\59.1\icu4j-59.1.jar;C:\Users\Yusuf Efendi\.m2\repository\com\openhtmltopdf\openhtmltopdf-jsoup-dom-converter\0.0.1-RC13\openhtmltopdf-jsoup-dom-converter-0.0.1-RC13.jar;C:\Users\Yusuf Efendi\.m2\repository\com\vladsch\flexmark\flexmark-profile-pegdown\0.34.30\flexmark-profile-pegdown-0.34.30.jar;C:\Users\Yusuf Efendi\.m2\repository\com\vladsch\flexmark\flexmark-util\0.34.30\flexmark-util-0.34.30.jar;C:\Users\Yusuf Efendi\.m2\repository\com\vladsch\flexmark\flexmark-youtrack-converter\0.34.30\flexmark-youtrack-converter-0.34.30.jar;C:\Users\Yusuf Efendi\.m2\repository\es\nitaur\markdown\txtmark\0.16\txtmark-0.16.jar;C:\Users\Yusuf Efendi\.m2\repository\net\serenity-bdd\serenity-report-resources\3.2.1\serenity-report-resources-3.2.1.jar;C:\Users\Yusuf Efendi\.m2\repository\com\google\code\gson\gson\2.9.0\gson-2.9.0.jar;C:\Users\Yusuf Efendi\.m2\repository\com\fasterxml\jackson\core\jackson-core\2.13.2\jackson-core-2.13.2.jar;C:\Users\Yusuf Efendi\.m2\repository\com\fasterxml\jackson\core\jackson-databind\2.13.2\jackson-databind-2.13.2.jar;C:\Users\Yusuf Efendi\.m2\repository\com\fasterxml\jackson\core\jackson-annotations\2.13.2\jackson-annotations-2.13.2.jar;C:\Users\Yusuf Efendi\.m2\repository\commons-codec\commons-codec\1.15\commons-codec-1.15.jar;C:\Users\Yusuf Efendi\.m2\repository\commons-io\commons-io\2.11.0\commons-io-2.11.0.jar;C:\Users\Yusuf Efendi\.m2\repository\org\seleniumhq\selenium\selenium-java\4.1.2\selenium-java-4.1.2.jar;C:\Users\Yusuf Efendi\.m2\repository\org\seleniumhq\selenium\selenium-devtools-v85\4.1.2\selenium-devtools-v85-4.1.2.jar;C:\Users\Yusuf Efendi\.m2\repository\org\seleniumhq\selenium\selenium-devtools-v95\4.1.2\selenium-devtools-v95-4.1.2.jar;C:\Users\Yusuf Efendi\.m2\repository\org\seleniumhq\selenium\selenium-devtools-v96\4.1.2\selenium-devtools-v96-4.1.2.jar;C:\Users\Yusuf Efendi\.m2\repository\org\seleniumhq\selenium\selenium-devtools-v97\4.1.2\selenium-devtools-v97-4.1.2.jar;C:\Users\Yusuf Efendi\.m2\repository\org\seleniumhq\selenium\selenium-firefox-xpi-driver\4.1.2\selenium-firefox-xpi-driver-4.1.2.jar;C:\Users\Yusuf Efendi\.m2\repository\org\seleniumhq\selenium\selenium-opera-driver\4.1.2\selenium-opera-driver-4.1.2.jar;C:\Users\Yusuf Efendi\.m2\repository\org\seleniumhq\selenium\selenium-remote-driver\4.1.2\selenium-remote-driver-4.1.2.jar;C:\Users\Yusuf Efendi\.m2\repository\com\beust\jcommander\1.82\jcommander-1.82.jar;C:\Users\Yusuf Efendi\.m2\repository\io\netty\netty-buffer\4.1.73.Final\netty-buffer-4.1.73.Final.jar;C:\Users\Yusuf Efendi\.m2\repository\io\netty\netty-codec-http\4.1.73.Final\netty-codec-http-4.1.73.Final.jar;C:\Users\Yusuf Efendi\.m2\repository\io\netty\netty-codec\4.1.73.Final\netty-codec-4.1.73.Final.jar;C:\Users\Yusuf Efendi\.m2\repository\io\netty\netty-handler\4.1.73.Final\netty-handler-4.1.73.Final.jar;C:\Users\Yusuf Efendi\.m2\repository\io\netty\netty-tcnative-classes\2.0.46.Final\netty-tcnative-classes-2.0.46.Final.jar;C:\Users\Yusuf Efendi\.m2\repository\io\netty\netty-common\4.1.73.Final\netty-common-4.1.73.Final.jar;C:\Users\Yusuf Efendi\.m2\repository\io\netty\netty-transport-classes-epoll\4.1.73.Final\netty-transport-classes-epoll-4.1.73.Final.jar;C:\Users\Yusuf Efendi\.m2\repository\io\netty\netty-transport-classes-kqueue\4.1.73.Final\netty-transport-classes-kqueue-4.1.73.Final.jar;C:\Users\Yusuf Efendi\.m2\repository\io\netty\netty-transport-native-epoll\4.1.73.Final\netty-transport-native-epoll-4.1.73.Final.jar;C:\Users\Yusuf Efendi\.m2\repository\io\netty\netty-transport-native-kqueue\4.1.73.Final\netty-transport-native-kqueue-4.1.73.Final.jar;C:\Users\Yusuf Efendi\.m2\repository\io\netty\netty-transport-native-unix-common\4.1.73.Final\netty-transport-native-unix-common-4.1.73.Final.jar;C:\Users\Yusuf Efendi\.m2\repository\io\netty\netty-transport\4.1.73.Final\netty-transport-4.1.73.Final.jar;C:\Users\Yusuf Efendi\.m2\repository\io\netty\netty-resolver\4.1.73.Final\netty-resolver-4.1.73.Final.jar;C:\Users\Yusuf Efendi\.m2\repository\io\opentelemetry\opentelemetry-api\1.10.1\opentelemetry-api-1.10.1.jar;C:\Users\Yusuf Efendi\.m2\repository\io\opentelemetry\opentelemetry-context\1.10.1\opentelemetry-context-1.10.1.jar;C:\Users\Yusuf Efendi\.m2\repository\io\opentelemetry\opentelemetry-exporter-logging\1.10.1\opentelemetry-exporter-logging-1.10.1.jar;C:\Users\Yusuf Efendi\.m2\repository\io\opentelemetry\opentelemetry-sdk-metrics\1.10.1-alpha\opentelemetry-sdk-metrics-1.10.1-alpha.jar;C:\Users\Yusuf Efendi\.m2\repository\io\opentelemetry\opentelemetry-sdk-logs\1.10.1-alpha\opentelemetry-sdk-logs-1.10.1-alpha.jar;C:\Users\Yusuf Efendi\.m2\repository\io\opentelemetry\opentelemetry-sdk-common\1.10.1\opentelemetry-sdk-common-1.10.1.jar;C:\Users\Yusuf Efendi\.m2\repository\io\opentelemetry\opentelemetry-sdk-extension-autoconfigure-spi\1.10.1\opentelemetry-sdk-extension-autoconfigure-spi-1.10.1.jar;C:\Users\Yusuf Efendi\.m2\repository\io\opentelemetry\opentelemetry-sdk-extension-autoconfigure\1.10.1-alpha\opentelemetry-sdk-extension-autoconfigure-1.10.1-alpha.jar;C:\Users\Yusuf Efendi\.m2\repository\io\opentelemetry\opentelemetry-sdk-trace\1.10.1\opentelemetry-sdk-trace-1.10.1.jar;C:\Users\Yusuf Efendi\.m2\repository\io\opentelemetry\opentelemetry-sdk\1.10.1\opentelemetry-sdk-1.10.1.jar;C:\Users\Yusuf Efendi\.m2\repository\io\opentelemetry\opentelemetry-semconv\1.10.1-alpha\opentelemetry-semconv-1.10.1-alpha.jar;C:\Users\Yusuf Efendi\.m2\repository\io\ous\jtoml\2.0.0\jtoml-2.0.0.jar;C:\Users\Yusuf Efendi\.m2\repository\org\apache\commons\commons-exec\1.3\commons-exec-1.3.jar;C:\Users\Yusuf Efendi\.m2\repository\org\asynchttpclient\async-http-client\2.12.3\async-http-client-2.12.3.jar;C:\Users\Yusuf Efendi\.m2\repository\org\asynchttpclient\async-http-client-netty-utils\2.12.3\async-http-client-netty-utils-2.12.3.jar;C:\Users\Yusuf Efendi\.m2\repository\io\netty\netty-codec-socks\4.1.60.Final\netty-codec-socks-4.1.60.Final.jar;C:\Users\Yusuf Efendi\.m2\repository\io\netty\netty-handler-proxy\4.1.60.Final\netty-handler-proxy-4.1.60.Final.jar;C:\Users\Yusuf Efendi\.m2\repository\io\netty\netty-transport-native-epoll\4.1.60.Final\netty-transport-native-epoll-4.1.60.Final-linux-x86_64.jar;C:\Users\Yusuf Efendi\.m2\repository\io\netty\netty-transport-native-kqueue\4.1.60.Final\netty-transport-native-kqueue-4.1.60.Final-osx-x86_64.jar;C:\Users\Yusuf Efendi\.m2\repository\org\reactivestreams\reactive-streams\1.0.3\reactive-streams-1.0.3.jar;C:\Users\Yusuf Efendi\.m2\repository\com\typesafe\netty\netty-reactive-streams\2.0.4\netty-reactive-streams-2.0.4.jar;C:\Users\Yusuf Efendi\.m2\repository\org\seleniumhq\selenium\selenium-http\4.1.2\selenium-http-4.1.2.jar;C:\Users\Yusuf Efendi\.m2\repository\net\jodah\failsafe\2.4.4\failsafe-2.4.4.jar;C:\Users\Yusuf Efendi\.m2\repository\org\seleniumhq\selenium\selenium-safari-driver\4.1.2\selenium-safari-driver-4.1.2.jar;C:\Users\Yusuf Efendi\.m2\repository\org\seleniumhq\selenium\selenium-api\4.1.2\selenium-api-4.1.2.jar;C:\Users\Yusuf Efendi\.m2\repository\org\seleniumhq\selenium\selenium-support\4.1.2\selenium-support-4.1.2.jar;C:\Users\Yusuf Efendi\.m2\repository\com\google\auto\service\auto-service-annotations\1.0.1\auto-service-annotations-1.0.1.jar;C:\Users\Yusuf Efendi\.m2\repository\com\google\auto\service\auto-service\1.0.1\auto-service-1.0.1.jar;C:\Users\Yusuf Efendi\.m2\repository\com\google\auto\auto-common\1.2\auto-common-1.2.jar;C:\Users\Yusuf Efendi\.m2\repository\org\seleniumhq\selenium\selenium-json\4.1.2\selenium-json-4.1.2.jar;C:\Users\Yusuf Efendi\.m2\repository\org\seleniumhq\selenium\selenium-chrome-driver\4.1.2\selenium-chrome-driver-4.1.2.jar;C:\Users\Yusuf Efendi\.m2\repository\org\seleniumhq\selenium\selenium-chromium-driver\4.1.2\selenium-chromium-driver-4.1.2.jar;C:\Users\Yusuf Efendi\.m2\repository\org\seleniumhq\selenium\selenium-firefox-driver\4.1.2\selenium-firefox-driver-4.1.2.jar;C:\Users\Yusuf Efendi\.m2\repository\org\seleniumhq\selenium\selenium-edge-driver\4.1.2\selenium-edge-driver-4.1.2.jar;C:\Users\Yusuf Efendi\.m2\repository\org\seleniumhq\selenium\selenium-ie-driver\4.1.2\selenium-ie-driver-4.1.2.jar;C:\Users\Yusuf Efendi\.m2\repository\org\projectlombok\lombok\1.18.20\lombok-1.18.20.jar;C:\Users\Yusuf Efendi\.m2\repository\io\appium\java-client\8.0.0\java-client-8.0.0.jar;C:\Users\Yusuf Efendi\.m2\repository\commons-validator\commons-validator\1.7\commons-validator-1.7.jar;C:\Users\Yusuf Efendi\.m2\repository\commons-digester\commons-digester\2.1\commons-digester-2.1.jar;C:\Users\Yusuf Efendi\.m2\repository\org\aspectj\aspectjweaver\1.9.8\aspectjweaver-1.9.8.jar;C:\Users\Yusuf Efendi\.m2\repository\org\codehaus\groovy\groovy\3.0.10\groovy-3.0.10.jar;C:\Users\Yusuf Efendi\.m2\repository\net\sf\opencsv\opencsv\2.0\opencsv-2.0.jar;C:\Users\Yusuf Efendi\.m2\repository\commons-beanutils\commons-beanutils\1.9.4\commons-beanutils-1.9.4.jar;C:\Users\Yusuf Efendi\.m2\repository\org\apache\commons\commons-lang3\3.12.0\commons-lang3-3.12.0.jar;C:\Users\Yusuf Efendi\.m2\repository\commons-collections\commons-collections\3.2.2\commons-collections-3.2.2.jar;C:\Users\Yusuf Efendi\.m2\repository\org\fluentlenium\fluentlenium-core\0.10.2\fluentlenium-core-0.10.2.jar;C:\Users\Yusuf Efendi\.m2\repository\io\github\bonigarcia\webdrivermanager\5.1.0\webdrivermanager-5.1.0.jar;C:\Users\Yusuf Efendi\.m2\repository\com\github\docker-java\docker-java\3.2.13\docker-java-3.2.13.jar;C:\Users\Yusuf Efendi\.m2\repository\com\github\docker-java\docker-java-core\3.2.13\docker-java-core-3.2.13.jar;C:\Users\Yusuf Efendi\.m2\repository\com\github\docker-java\docker-java-api\3.2.13\docker-java-api-3.2.13.jar;C:\Users\Yusuf Efendi\.m2\repository\org\apache\commons\commons-compress\1.21\commons-compress-1.21.jar;C:\Users\Yusuf Efendi\.m2\repository\org\bouncycastle\bcpkix-jdk15on\1.64\bcpkix-jdk15on-1.64.jar;C:\Users\Yusuf Efendi\.m2\repository\org\bouncycastle\bcprov-jdk15on\1.64\bcprov-jdk15on-1.64.jar;C:\Users\Yusuf Efendi\.m2\repository\org\slf4j\jcl-over-slf4j\1.7.30\jcl-over-slf4j-1.7.30.jar;C:\Users\Yusuf Efendi\.m2\repository\com\github\docker-java\docker-java-transport-httpclient5\3.2.13\docker-java-transport-httpclient5-3.2.13.jar;C:\Users\Yusuf Efendi\.m2\repository\com\github\docker-java\docker-java-transport\3.2.13\docker-java-transport-3.2.13.jar;C:\Users\Yusuf Efendi\.m2\repository\org\apache\httpcomponents\client5\httpclient5\5.0.3\httpclient5-5.0.3.jar;C:\Users\Yusuf Efendi\.m2\repository\org\apache\httpcomponents\core5\httpcore5\5.0.2\httpcore5-5.0.2.jar;C:\Users\Yusuf Efendi\.m2\repository\net\java\dev\jna\jna\5.8.0\jna-5.8.0.jar;C:\Users\Yusuf Efendi\.m2\repository\org\brotli\dec\0.1.2\dec-0.1.2.jar;C:\Users\Yusuf Efendi\.m2\repository\com\jhlabs\filters\2.0.235\filters-2.0.235.jar;C:\Users\Yusuf Efendi\.m2\repository\com\paulhammant\ngwebdriver\1.1.6\ngwebdriver-1.1.6.jar;C:\Users\Yusuf Efendi\.m2\repository\joda-time\joda-time\2.8.2\joda-time-2.8.2.jar;C:\Users\Yusuf Efendi\.m2\repository\org\hamcrest\hamcrest\2.2\hamcrest-2.2.jar;C:\Users\Yusuf Efendi\.m2\repository\com\google\jimfs\jimfs\1.2\jimfs-1.2.jar;C:\Users\Yusuf Efendi\.m2\repository\org\mockito\mockito-core\3.3.3\mockito-core-3.3.3.jar;C:\Users\Yusuf Efendi\.m2\repository\javax\xml\bind\jaxb-api\2.3.1\jaxb-api-2.3.1.jar;C:\Users\Yusuf Efendi\.m2\repository\javax\activation\javax.activation-api\1.2.0\javax.activation-api-1.2.0.jar;C:\Users\Yusuf Efendi\.m2\repository\com\sun\xml\bind\jaxb-core\2.3.0.1\jaxb-core-2.3.0.1.jar;C:\Users\Yusuf Efendi\.m2\repository\com\sun\xml\bind\jaxb-impl\2.3.3\jaxb-impl-2.3.3.jar;C:\Users\Yusuf Efendi\.m2\repository\jakarta\xml\bind\jakarta.xml.bind-api\2.3.3\jakarta.xml.bind-api-2.3.3.jar;C:\Users\Yusuf Efendi\.m2\repository\com\sun\activation\jakarta.activation\1.2.2\jakarta.activation-1.2.2.jar;C:\Users\Yusuf Efendi\.m2\repository\javax\activation\activation\1.1.1\activation-1.1.1.jar;C:\Users\Yusuf Efendi\.m2\repository\net\serenity-bdd\serenity-cucumber\3.2.1\serenity-cucumber-3.2.1.jar;C:\Users\Yusuf Efendi\.m2\repository\io\cucumber\cucumber-core\7.2.3\cucumber-core-7.2.3.jar;C:\Users\Yusuf Efendi\.m2\repository\io\cucumber\cucumber-gherkin\7.2.3\cucumber-gherkin-7.2.3.jar;C:\Users\Yusuf Efendi\.m2\repository\io\cucumber\cucumber-gherkin-messages\7.2.3\cucumber-gherkin-messages-7.2.3.jar;C:\Users\Yusuf Efendi\.m2\repository\io\cucumber\messages\17.1.1\messages-17.1.1.jar;C:\Users\Yusuf Efendi\.m2\repository\io\cucumber\tag-expressions\4.1.0\tag-expressions-4.1.0.jar;C:\Users\Yusuf Efendi\.m2\repository\io\cucumber\cucumber-expressions\15.0.1\cucumber-expressions-15.0.1.jar;C:\Users\Yusuf Efendi\.m2\repository\io\cucumber\datatable\7.2.3\datatable-7.2.3.jar;C:\Users\Yusuf Efendi\.m2\repository\io\cucumber\cucumber-plugin\7.2.3\cucumber-plugin-7.2.3.jar;C:\Users\Yusuf Efendi\.m2\repository\io\cucumber\docstring\7.2.3\docstring-7.2.3.jar;C:\Users\Yusuf Efendi\.m2\repository\io\cucumber\html-formatter\17.0.0\html-formatter-17.0.0.jar;C:\Users\Yusuf Efendi\.m2\repository\io\cucumber\ci-environment\8.1.0\ci-environment-8.1.0.jar;C:\Users\Yusuf Efendi\.m2\repository\io\cucumber\cucumber-junit\7.2.3\cucumber-junit-7.2.3.jar;C:\Users\Yusuf Efendi\.m2\repository\org\apache\commons\commons-csv\1.5\commons-csv-1.5.jar;C:\Users\Yusuf Efendi\.m2\repository\net\serenity-bdd\serenity-screenplay\3.2.1\serenity-screenplay-3.2.1.jar;C:\Users\Yusuf Efendi\.m2\repository\net\serenity-bdd\serenity-screenplay-webdriver\3.2.1\serenity-screenplay-webdriver-3.2.1.jar;C:\Users\Yusuf Efendi\.m2\repository\net\serenity-bdd\serenity-ensure\3.2.1\serenity-ensure-3.2.1.jar;C:\Users\Yusuf Efendi\.m2\repository\net\serenity-bdd\serenity-junit\3.2.1\serenity-junit-3.2.1.jar;C:\Users\Yusuf Efendi\.m2\repository\org\jetbrains\kotlin\kotlin-stdlib\1.6.0\kotlin-stdlib-1.6.0.jar;C:\Users\Yusuf Efendi\.m2\repository\org\jetbrains\annotations\13.0\annotations-13.0.jar;C:\Users\Yusuf Efendi\.m2\repository\org\jetbrains\kotlin\kotlin-stdlib-common\1.6.0\kotlin-stdlib-common-1.6.0.jar;C:\Users\Yusuf Efendi\.m2\repository\org\junit\platform\junit-platform-launcher\1.8.1\junit-platform-launcher-1.8.1.jar;C:\Users\Yusuf Efendi\.m2\repository\org\junit\platform\junit-platform-engine\1.8.1\junit-platform-engine-1.8.1.jar;C:\Users\Yusuf Efendi\.m2\repository\org\opentest4j\opentest4j\1.2.0\opentest4j-1.2.0.jar;C:\Users\Yusuf Efendi\.m2\repository\org\junit\platform\junit-platform-commons\1.8.1\junit-platform-commons-1.8.1.jar;C:\Users\Yusuf Efendi\.m2\repository\org\apiguardian\apiguardian-api\1.1.2\apiguardian-api-1.1.2.jar;C:\Users\Yusuf Efendi\.m2\repository\org\junit\jupiter\junit-jupiter-engine\5.8.2\junit-jupiter-engine-5.8.2.jar;C:\Users\Yusuf Efendi\.m2\repository\org\junit\jupiter\junit-jupiter-api\5.8.2\junit-jupiter-api-5.8.2.jar;C:\Users\Yusuf Efendi\.m2\repository\org\junit\vintage\junit-vintage-engine\5.8.2\junit-vintage-engine-5.8.2.jar;C:\Users\Yusuf Efendi\.m2\repository\junit\junit\4.13.2\junit-4.13.2.jar;C:\Users\Yusuf Efendi\.m2\repository\org\hamcrest\hamcrest-core\1.3\hamcrest-core-1.3.jar;C:\Users\Yusuf Efendi\.m2\repository\ch\qos\logback\logback-classic\1.2.10\logback-classic-1.2.10.jar;C:\Users\Yusuf Efendi\.m2\repository\ch\qos\logback\logback-core\1.2.10\logback-core-1.2.10.jar;C:\Users\Yusuf Efendi\.m2\repository\org\slf4j\slf4j-api\1.7.32\slf4j-api-1.7.32.jar;C:\Users\Yusuf Efendi\.m2\repository\org\assertj\assertj-core\3.6.2\assertj-core-3.6.2.jar;"/>
    <property name="java.vm.vendor" value="Oracle Corporation"/>
    <property name="sun.arch.data.model" value="64"/>
    <property name="user.variant" value=""/>
    <property name="java.vendor.url" value="https://openjdk.java.net/"/>
    <property name="user.timezone" value="Asia/Bangkok"/>
    <property name="log4j2.formatMsgNoLookups" value="true"/>
    <property name="java.vm.specification.version" value="11"/>
    <property name="os.name" value="Windows 11"/>
    <property name="sun.java.launcher" value="SUN_STANDARD"/>
    <property name="user.country" value="ID"/>
    <property name="sun.boot.library.path" value="C:\Program Files\Java\jdk-11.0.17\bin"/>
    <property name="sun.java.command" value="org.apache.maven.surefire.booter.ForkedBooter C:\Users\Yusuf Efendi\AppData\Local\Temp\surefire2431244257156630614 2022-11-08T21-09-44_988-jvmRun1 surefire10833061832722588089tmp surefire_014611101773479266612tmp"/>
    <property name="jdk.debug" value="release"/>
    <property name="surefire.test.class.path" value="D:\miniproject\webtesting\target\test-classes;C:\Users\Yusuf Efendi\.m2\repository\net\serenity-bdd\serenity-core\3.2.1\serenity-core-3.2.1.jar;C:\Users\Yusuf Efendi\.m2\repository\net\serenity-bdd\serenity-model\3.2.1\serenity-model-3.2.1.jar;C:\Users\Yusuf Efendi\.m2\repository\org\apache\commons\commons-text\1.9\commons-text-1.9.jar;C:\Users\Yusuf Efendi\.m2\repository\commons-net\commons-net\3.8.0\commons-net-3.8.0.jar;C:\Users\Yusuf Efendi\.m2\repository\com\google\guava\guava\31.1-jre\guava-31.1-jre.jar;C:\Users\Yusuf Efendi\.m2\repository\com\google\guava\failureaccess\1.0.1\failureaccess-1.0.1.jar;C:\Users\Yusuf Efendi\.m2\repository\com\google\guava\listenablefuture\9999.0-empty-to-avoid-conflict-with-guava\listenablefuture-9999.0-empty-to-avoid-conflict-with-guava.jar;C:\Users\Yusuf Efendi\.m2\repository\com\google\code\findbugs\jsr305\3.0.2\jsr305-3.0.2.jar;C:\Users\Yusuf Efendi\.m2\repository\org\checkerframework\checker-qual\3.12.0\checker-qual-3.12.0.jar;C:\Users\Yusuf Efendi\.m2\repository\com\google\errorprone\error_prone_annotations\2.11.0\error_prone_annotations-2.11.0.jar;C:\Users\Yusuf Efendi\.m2\repository\com\google\j2objc\j2objc-annotations\1.3\j2objc-annotations-1.3.jar;C:\Users\Yusuf Efendi\.m2\repository\com\google\inject\guice\5.1.0\guice-5.1.0.jar;C:\Users\Yusuf Efendi\.m2\repository\javax\inject\javax.inject\1\javax.inject-1.jar;C:\Users\Yusuf Efendi\.m2\repository\aopalliance\aopalliance\1.0\aopalliance-1.0.jar;C:\Users\Yusuf Efendi\.m2\repository\org\jsoup\jsoup\1.14.3\jsoup-1.14.3.jar;C:\Users\Yusuf Efendi\.m2\repository\com\thoughtworks\xstream\xstream\1.4.19\xstream-1.4.19.jar;C:\Users\Yusuf Efendi\.m2\repository\io\github\x-stream\mxparser\1.2.2\mxparser-1.2.2.jar;C:\Users\Yusuf Efendi\.m2\repository\xmlpull\xmlpull\1.1.3.1\xmlpull-1.1.3.1.jar;C:\Users\Yusuf Efendi\.m2\repository\io\cucumber\cucumber-java\7.2.3\cucumber-java-7.2.3.jar;C:\Users\Yusuf Efendi\.m2\repository\com\typesafe\config\1.4.2\config-1.4.2.jar;C:\Users\Yusuf Efendi\.m2\repository\org\imgscalr\imgscalr-lib\4.2\imgscalr-lib-4.2.jar;C:\Users\Yusuf Efendi\.m2\repository\org\awaitility\awaitility\4.2.0\awaitility-4.2.0.jar;C:\Users\Yusuf Efendi\.m2\repository\org\freemarker\freemarker\2.3.31\freemarker-2.3.31.jar;C:\Users\Yusuf Efendi\.m2\repository\io\github\classgraph\classgraph\4.8.138\classgraph-4.8.138.jar;C:\Users\Yusuf Efendi\.m2\repository\net\sourceforge\jexcelapi\jxl\2.6.12\jxl-2.6.12.jar;C:\Users\Yusuf Efendi\.m2\repository\net\bytebuddy\byte-buddy\1.12.8\byte-buddy-1.12.8.jar;C:\Users\Yusuf Efendi\.m2\repository\net\bytebuddy\byte-buddy-agent\1.12.8\byte-buddy-agent-1.12.8.jar;C:\Users\Yusuf Efendi\.m2\repository\org\objenesis\objenesis\3.1\objenesis-3.1.jar;C:\Users\Yusuf Efendi\.m2\repository\net\serenity-bdd\serenity-reports\3.2.1\serenity-reports-3.2.1.jar;C:\Users\Yusuf Efendi\.m2\repository\net\serenity-bdd\serenity-stats\3.2.1\serenity-stats-3.2.1.jar;C:\Users\Yusuf Efendi\.m2\repository\net\serenity-bdd\serenity-reports-configuration\3.2.1\serenity-reports-configuration-3.2.1.jar;C:\Users\Yusuf Efendi\.m2\repository\com\vladsch\flexmark\flexmark-all\0.34.30\flexmark-all-0.34.30.jar;C:\Users\Yusuf Efendi\.m2\repository\com\vladsch\flexmark\flexmark\0.34.30\flexmark-0.34.30.jar;C:\Users\Yusuf Efendi\.m2\repository\com\vladsch\flexmark\flexmark-ext-abbreviation\0.34.30\flexmark-ext-abbreviation-0.34.30.jar;C:\Users\Yusuf Efendi\.m2\repository\com\vladsch\flexmark\flexmark-ext-admonition\0.34.30\flexmark-ext-admonition-0.34.30.jar;C:\Users\Yusuf Efendi\.m2\repository\com\vladsch\flexmark\flexmark-ext-anchorlink\0.34.30\flexmark-ext-anchorlink-0.34.30.jar;C:\Users\Yusuf Efendi\.m2\repository\com\vladsch\flexmark\flexmark-ext-aside\0.34.30\flexmark-ext-aside-0.34.30.jar;C:\Users\Yusuf Efendi\.m2\repository\com\vladsch\flexmark\flexmark-ext-attributes\0.34.30\flexmark-ext-attributes-0.34.30.jar;C:\Users\Yusuf Efendi\.m2\repository\com\vladsch\flexmark\flexmark-ext-autolink\0.34.30\flexmark-ext-autolink-0.34.30.jar;C:\Users\Yusuf Efendi\.m2\repository\org\nibor\autolink\autolink\0.6.0\autolink-0.6.0.jar;C:\Users\Yusuf Efendi\.m2\repository\com\vladsch\flexmark\flexmark-ext-definition\0.34.30\flexmark-ext-definition-0.34.30.jar;C:\Users\Yusuf Efendi\.m2\repository\com\vladsch\flexmark\flexmark-ext-emoji\0.34.30\flexmark-ext-emoji-0.34.30.jar;C:\Users\Yusuf Efendi\.m2\repository\com\vladsch\flexmark\flexmark-ext-enumerated-reference\0.34.30\flexmark-ext-enumerated-reference-0.34.30.jar;C:\Users\Yusuf Efendi\.m2\repository\com\vladsch\flexmark\flexmark-ext-escaped-character\0.34.30\flexmark-ext-escaped-character-0.34.30.jar;C:\Users\Yusuf Efendi\.m2\repository\com\vladsch\flexmark\flexmark-ext-footnotes\0.34.30\flexmark-ext-footnotes-0.34.30.jar;C:\Users\Yusuf Efendi\.m2\repository\com\vladsch\flexmark\flexmark-ext-gfm-issues\0.34.30\flexmark-ext-gfm-issues-0.34.30.jar;C:\Users\Yusuf Efendi\.m2\repository\com\vladsch\flexmark\flexmark-ext-gfm-strikethrough\0.34.30\flexmark-ext-gfm-strikethrough-0.34.30.jar;C:\Users\Yusuf Efendi\.m2\repository\com\vladsch\flexmark\flexmark-ext-gfm-tables\0.34.30\flexmark-ext-gfm-tables-0.34.30.jar;C:\Users\Yusuf Efendi\.m2\repository\com\vladsch\flexmark\flexmark-ext-gfm-tasklist\0.34.30\flexmark-ext-gfm-tasklist-0.34.30.jar;C:\Users\Yusuf Efendi\.m2\repository\com\vladsch\flexmark\flexmark-ext-gfm-users\0.34.30\flexmark-ext-gfm-users-0.34.30.jar;C:\Users\Yusuf Efendi\.m2\repository\com\vladsch\flexmark\flexmark-ext-gitlab\0.34.30\flexmark-ext-gitlab-0.34.30.jar;C:\Users\Yusuf Efendi\.m2\repository\com\vladsch\flexmark\flexmark-ext-jekyll-front-matter\0.34.30\flexmark-ext-jekyll-front-matter-0.34.30.jar;C:\Users\Yusuf Efendi\.m2\repository\com\vladsch\flexmark\flexmark-ext-jekyll-tag\0.34.30\flexmark-ext-jekyll-tag-0.34.30.jar;C:\Users\Yusuf Efendi\.m2\repository\com\vladsch\flexmark\flexmark-ext-media-tags\0.34.30\flexmark-ext-media-tags-0.34.30.jar;C:\Users\Yusuf Efendi\.m2\repository\com\vladsch\flexmark\flexmark-test-util\0.34.30\flexmark-test-util-0.34.30.jar;C:\Users\Yusuf Efendi\.m2\repository\com\vladsch\flexmark\flexmark-ext-ins\0.34.30\flexmark-ext-ins-0.34.30.jar;C:\Users\Yusuf Efendi\.m2\repository\com\vladsch\flexmark\flexmark-ext-xwiki-macros\0.34.30\flexmark-ext-xwiki-macros-0.34.30.jar;C:\Users\Yusuf Efendi\.m2\repository\com\vladsch\flexmark\flexmark-ext-superscript\0.34.30\flexmark-ext-superscript-0.34.30.jar;C:\Users\Yusuf Efendi\.m2\repository\com\vladsch\flexmark\flexmark-ext-tables\0.34.30\flexmark-ext-tables-0.34.30.jar;C:\Users\Yusuf Efendi\.m2\repository\com\vladsch\flexmark\flexmark-ext-toc\0.34.30\flexmark-ext-toc-0.34.30.jar;C:\Users\Yusuf Efendi\.m2\repository\com\vladsch\flexmark\flexmark-ext-typographic\0.34.30\flexmark-ext-typographic-0.34.30.jar;C:\Users\Yusuf Efendi\.m2\repository\com\vladsch\flexmark\flexmark-ext-wikilink\0.34.30\flexmark-ext-wikilink-0.34.30.jar;C:\Users\Yusuf Efendi\.m2\repository\com\vladsch\flexmark\flexmark-ext-yaml-front-matter\0.34.30\flexmark-ext-yaml-front-matter-0.34.30.jar;C:\Users\Yusuf Efendi\.m2\repository\com\vladsch\flexmark\flexmark-ext-youtube-embedded\0.34.30\flexmark-ext-youtube-embedded-0.34.30.jar;C:\Users\Yusuf Efendi\.m2\repository\com\vladsch\flexmark\flexmark-formatter\0.34.30\flexmark-formatter-0.34.30.jar;C:\Users\Yusuf Efendi\.m2\repository\com\vladsch\flexmark\flexmark-html-parser\0.34.30\flexmark-html-parser-0.34.30.jar;C:\Users\Yusuf Efendi\.m2\repository\com\vladsch\flexmark\flexmark-jira-converter\0.34.30\flexmark-jira-converter-0.34.30.jar;C:\Users\Yusuf Efendi\.m2\repository\com\vladsch\flexmark\flexmark-pdf-converter\0.34.30\flexmark-pdf-converter-0.34.30.jar;C:\Users\Yusuf Efendi\.m2\repository\com\openhtmltopdf\openhtmltopdf-core\0.0.1-RC13\openhtmltopdf-core-0.0.1-RC13.jar;C:\Users\Yusuf Efendi\.m2\repository\com\openhtmltopdf\openhtmltopdf-pdfbox\0.0.1-RC13\openhtmltopdf-pdfbox-0.0.1-RC13.jar;C:\Users\Yusuf Efendi\.m2\repository\org\apache\pdfbox\pdfbox\2.0.8\pdfbox-2.0.8.jar;C:\Users\Yusuf Efendi\.m2\repository\org\apache\pdfbox\fontbox\2.0.8\fontbox-2.0.8.jar;C:\Users\Yusuf Efendi\.m2\repository\commons-logging\commons-logging\1.2\commons-logging-1.2.jar;C:\Users\Yusuf Efendi\.m2\repository\org\apache\pdfbox\xmpbox\2.0.8\xmpbox-2.0.8.jar;C:\Users\Yusuf Efendi\.m2\repository\de\rototor\pdfbox\graphics2d\0.12\graphics2d-0.12.jar;C:\Users\Yusuf Efendi\.m2\repository\com\openhtmltopdf\openhtmltopdf-rtl-support\0.0.1-RC13\openhtmltopdf-rtl-support-0.0.1-RC13.jar;C:\Users\Yusuf Efendi\.m2\repository\com\ibm\icu\icu4j\59.1\icu4j-59.1.jar;C:\Users\Yusuf Efendi\.m2\repository\com\openhtmltopdf\openhtmltopdf-jsoup-dom-converter\0.0.1-RC13\openhtmltopdf-jsoup-dom-converter-0.0.1-RC13.jar;C:\Users\Yusuf Efendi\.m2\repository\com\vladsch\flexmark\flexmark-profile-pegdown\0.34.30\flexmark-profile-pegdown-0.34.30.jar;C:\Users\Yusuf Efendi\.m2\repository\com\vladsch\flexmark\flexmark-util\0.34.30\flexmark-util-0.34.30.jar;C:\Users\Yusuf Efendi\.m2\repository\com\vladsch\flexmark\flexmark-youtrack-converter\0.34.30\flexmark-youtrack-converter-0.34.30.jar;C:\Users\Yusuf Efendi\.m2\repository\es\nitaur\markdown\txtmark\0.16\txtmark-0.16.jar;C:\Users\Yusuf Efendi\.m2\repository\net\serenity-bdd\serenity-report-resources\3.2.1\serenity-report-resources-3.2.1.jar;C:\Users\Yusuf Efendi\.m2\repository\com\google\code\gson\gson\2.9.0\gson-2.9.0.jar;C:\Users\Yusuf Efendi\.m2\repository\com\fasterxml\jackson\core\jackson-core\2.13.2\jackson-core-2.13.2.jar;C:\Users\Yusuf Efendi\.m2\repository\com\fasterxml\jackson\core\jackson-databind\2.13.2\jackson-databind-2.13.2.jar;C:\Users\Yusuf Efendi\.m2\repository\com\fasterxml\jackson\core\jackson-annotations\2.13.2\jackson-annotations-2.13.2.jar;C:\Users\Yusuf Efendi\.m2\repository\commons-codec\commons-codec\1.15\commons-codec-1.15.jar;C:\Users\Yusuf Efendi\.m2\repository\commons-io\commons-io\2.11.0\commons-io-2.11.0.jar;C:\Users\Yusuf Efendi\.m2\repository\org\seleniumhq\selenium\selenium-java\4.1.2\selenium-java-4.1.2.jar;C:\Users\Yusuf Efendi\.m2\repository\org\seleniumhq\selenium\selenium-devtools-v85\4.1.2\selenium-devtools-v85-4.1.2.jar;C:\Users\Yusuf Efendi\.m2\repository\org\seleniumhq\selenium\selenium-devtools-v95\4.1.2\selenium-devtools-v95-4.1.2.jar;C:\Users\Yusuf Efendi\.m2\repository\org\seleniumhq\selenium\selenium-devtools-v96\4.1.2\selenium-devtools-v96-4.1.2.jar;C:\Users\Yusuf Efendi\.m2\repository\org\seleniumhq\selenium\selenium-devtools-v97\4.1.2\selenium-devtools-v97-4.1.2.jar;C:\Users\Yusuf Efendi\.m2\repository\org\seleniumhq\selenium\selenium-firefox-xpi-driver\4.1.2\selenium-firefox-xpi-driver-4.1.2.jar;C:\Users\Yusuf Efendi\.m2\repository\org\seleniumhq\selenium\selenium-opera-driver\4.1.2\selenium-opera-driver-4.1.2.jar;C:\Users\Yusuf Efendi\.m2\repository\org\seleniumhq\selenium\selenium-remote-driver\4.1.2\selenium-remote-driver-4.1.2.jar;C:\Users\Yusuf Efendi\.m2\repository\com\beust\jcommander\1.82\jcommander-1.82.jar;C:\Users\Yusuf Efendi\.m2\repository\io\netty\netty-buffer\4.1.73.Final\netty-buffer-4.1.73.Final.jar;C:\Users\Yusuf Efendi\.m2\repository\io\netty\netty-codec-http\4.1.73.Final\netty-codec-http-4.1.73.Final.jar;C:\Users\Yusuf Efendi\.m2\repository\io\netty\netty-codec\4.1.73.Final\netty-codec-4.1.73.Final.jar;C:\Users\Yusuf Efendi\.m2\repository\io\netty\netty-handler\4.1.73.Final\netty-handler-4.1.73.Final.jar;C:\Users\Yusuf Efendi\.m2\repository\io\netty\netty-tcnative-classes\2.0.46.Final\netty-tcnative-classes-2.0.46.Final.jar;C:\Users\Yusuf Efendi\.m2\repository\io\netty\netty-common\4.1.73.Final\netty-common-4.1.73.Final.jar;C:\Users\Yusuf Efendi\.m2\repository\io\netty\netty-transport-classes-epoll\4.1.73.Final\netty-transport-classes-epoll-4.1.73.Final.jar;C:\Users\Yusuf Efendi\.m2\repository\io\netty\netty-transport-classes-kqueue\4.1.73.Final\netty-transport-classes-kqueue-4.1.73.Final.jar;C:\Users\Yusuf Efendi\.m2\repository\io\netty\netty-transport-native-epoll\4.1.73.Final\netty-transport-native-epoll-4.1.73.Final.jar;C:\Users\Yusuf Efendi\.m2\repository\io\netty\netty-transport-native-kqueue\4.1.73.Final\netty-transport-native-kqueue-4.1.73.Final.jar;C:\Users\Yusuf Efendi\.m2\repository\io\netty\netty-transport-native-unix-common\4.1.73.Final\netty-transport-native-unix-common-4.1.73.Final.jar;C:\Users\Yusuf Efendi\.m2\repository\io\netty\netty-transport\4.1.73.Final\netty-transport-4.1.73.Final.jar;C:\Users\Yusuf Efendi\.m2\repository\io\netty\netty-resolver\4.1.73.Final\netty-resolver-4.1.73.Final.jar;C:\Users\Yusuf Efendi\.m2\repository\io\opentelemetry\opentelemetry-api\1.10.1\opentelemetry-api-1.10.1.jar;C:\Users\Yusuf Efendi\.m2\repository\io\opentelemetry\opentelemetry-context\1.10.1\opentelemetry-context-1.10.1.jar;C:\Users\Yusuf Efendi\.m2\repository\io\opentelemetry\opentelemetry-exporter-logging\1.10.1\opentelemetry-exporter-logging-1.10.1.jar;C:\Users\Yusuf Efendi\.m2\repository\io\opentelemetry\opentelemetry-sdk-metrics\1.10.1-alpha\opentelemetry-sdk-metrics-1.10.1-alpha.jar;C:\Users\Yusuf Efendi\.m2\repository\io\opentelemetry\opentelemetry-sdk-logs\1.10.1-alpha\opentelemetry-sdk-logs-1.10.1-alpha.jar;C:\Users\Yusuf Efendi\.m2\repository\io\opentelemetry\opentelemetry-sdk-common\1.10.1\opentelemetry-sdk-common-1.10.1.jar;C:\Users\Yusuf Efendi\.m2\repository\io\opentelemetry\opentelemetry-sdk-extension-autoconfigure-spi\1.10.1\opentelemetry-sdk-extension-autoconfigure-spi-1.10.1.jar;C:\Users\Yusuf Efendi\.m2\repository\io\opentelemetry\opentelemetry-sdk-extension-autoconfigure\1.10.1-alpha\opentelemetry-sdk-extension-autoconfigure-1.10.1-alpha.jar;C:\Users\Yusuf Efendi\.m2\repository\io\opentelemetry\opentelemetry-sdk-trace\1.10.1\opentelemetry-sdk-trace-1.10.1.jar;C:\Users\Yusuf Efendi\.m2\repository\io\opentelemetry\opentelemetry-sdk\1.10.1\opentelemetry-sdk-1.10.1.jar;C:\Users\Yusuf Efendi\.m2\repository\io\opentelemetry\opentelemetry-semconv\1.10.1-alpha\opentelemetry-semconv-1.10.1-alpha.jar;C:\Users\Yusuf Efendi\.m2\repository\io\ous\jtoml\2.0.0\jtoml-2.0.0.jar;C:\Users\Yusuf Efendi\.m2\repository\org\apache\commons\commons-exec\1.3\commons-exec-1.3.jar;C:\Users\Yusuf Efendi\.m2\repository\org\asynchttpclient\async-http-client\2.12.3\async-http-client-2.12.3.jar;C:\Users\Yusuf Efendi\.m2\repository\org\asynchttpclient\async-http-client-netty-utils\2.12.3\async-http-client-netty-utils-2.12.3.jar;C:\Users\Yusuf Efendi\.m2\repository\io\netty\netty-codec-socks\4.1.60.Final\netty-codec-socks-4.1.60.Final.jar;C:\Users\Yusuf Efendi\.m2\repository\io\netty\netty-handler-proxy\4.1.60.Final\netty-handler-proxy-4.1.60.Final.jar;C:\Users\Yusuf Efendi\.m2\repository\io\netty\netty-transport-native-epoll\4.1.60.Final\netty-transport-native-epoll-4.1.60.Final-linux-x86_64.jar;C:\Users\Yusuf Efendi\.m2\repository\io\netty\netty-transport-native-kqueue\4.1.60.Final\netty-transport-native-kqueue-4.1.60.Final-osx-x86_64.jar;C:\Users\Yusuf Efendi\.m2\repository\org\reactivestreams\reactive-streams\1.0.3\reactive-streams-1.0.3.jar;C:\Users\Yusuf Efendi\.m2\repository\com\typesafe\netty\netty-reactive-streams\2.0.4\netty-reactive-streams-2.0.4.jar;C:\Users\Yusuf Efendi\.m2\repository\org\seleniumhq\selenium\selenium-http\4.1.2\selenium-http-4.1.2.jar;C:\Users\Yusuf Efendi\.m2\repository\net\jodah\failsafe\2.4.4\failsafe-2.4.4.jar;C:\Users\Yusuf Efendi\.m2\repository\org\seleniumhq\selenium\selenium-safari-driver\4.1.2\selenium-safari-driver-4.1.2.jar;C:\Users\Yusuf Efendi\.m2\repository\org\seleniumhq\selenium\selenium-api\4.1.2\selenium-api-4.1.2.jar;C:\Users\Yusuf Efendi\.m2\repository\org\seleniumhq\selenium\selenium-support\4.1.2\selenium-support-4.1.2.jar;C:\Users\Yusuf Efendi\.m2\repository\com\google\auto\service\auto-service-annotations\1.0.1\auto-service-annotations-1.0.1.jar;C:\Users\Yusuf Efendi\.m2\repository\com\google\auto\service\auto-service\1.0.1\auto-service-1.0.1.jar;C:\Users\Yusuf Efendi\.m2\repository\com\google\auto\auto-common\1.2\auto-common-1.2.jar;C:\Users\Yusuf Efendi\.m2\repository\org\seleniumhq\selenium\selenium-json\4.1.2\selenium-json-4.1.2.jar;C:\Users\Yusuf Efendi\.m2\repository\org\seleniumhq\selenium\selenium-chrome-driver\4.1.2\selenium-chrome-driver-4.1.2.jar;C:\Users\Yusuf Efendi\.m2\repository\org\seleniumhq\selenium\selenium-chromium-driver\4.1.2\selenium-chromium-driver-4.1.2.jar;C:\Users\Yusuf Efendi\.m2\repository\org\seleniumhq\selenium\selenium-firefox-driver\4.1.2\selenium-firefox-driver-4.1.2.jar;C:\Users\Yusuf Efendi\.m2\repository\org\seleniumhq\selenium\selenium-edge-driver\4.1.2\selenium-edge-driver-4.1.2.jar;C:\Users\Yusuf Efendi\.m2\repository\org\seleniumhq\selenium\selenium-ie-driver\4.1.2\selenium-ie-driver-4.1.2.jar;C:\Users\Yusuf Efendi\.m2\repository\org\projectlombok\lombok\1.18.20\lombok-1.18.20.jar;C:\Users\Yusuf Efendi\.m2\repository\io\appium\java-client\8.0.0\java-client-8.0.0.jar;C:\Users\Yusuf Efendi\.m2\repository\commons-validator\commons-validator\1.7\commons-validator-1.7.jar;C:\Users\Yusuf Efendi\.m2\repository\commons-digester\commons-digester\2.1\commons-digester-2.1.jar;C:\Users\Yusuf Efendi\.m2\repository\org\aspectj\aspectjweaver\1.9.8\aspectjweaver-1.9.8.jar;C:\Users\Yusuf Efendi\.m2\repository\org\codehaus\groovy\groovy\3.0.10\groovy-3.0.10.jar;C:\Users\Yusuf Efendi\.m2\repository\net\sf\opencsv\opencsv\2.0\opencsv-2.0.jar;C:\Users\Yusuf Efendi\.m2\repository\commons-beanutils\commons-beanutils\1.9.4\commons-beanutils-1.9.4.jar;C:\Users\Yusuf Efendi\.m2\repository\org\apache\commons\commons-lang3\3.12.0\commons-lang3-3.12.0.jar;C:\Users\Yusuf Efendi\.m2\repository\commons-collections\commons-collections\3.2.2\commons-collections-3.2.2.jar;C:\Users\Yusuf Efendi\.m2\repository\org\fluentlenium\fluentlenium-core\0.10.2\fluentlenium-core-0.10.2.jar;C:\Users\Yusuf Efendi\.m2\repository\io\github\bonigarcia\webdrivermanager\5.1.0\webdrivermanager-5.1.0.jar;C:\Users\Yusuf Efendi\.m2\repository\com\github\docker-java\docker-java\3.2.13\docker-java-3.2.13.jar;C:\Users\Yusuf Efendi\.m2\repository\com\github\docker-java\docker-java-core\3.2.13\docker-java-core-3.2.13.jar;C:\Users\Yusuf Efendi\.m2\repository\com\github\docker-java\docker-java-api\3.2.13\docker-java-api-3.2.13.jar;C:\Users\Yusuf Efendi\.m2\repository\org\apache\commons\commons-compress\1.21\commons-compress-1.21.jar;C:\Users\Yusuf Efendi\.m2\repository\org\bouncycastle\bcpkix-jdk15on\1.64\bcpkix-jdk15on-1.64.jar;C:\Users\Yusuf Efendi\.m2\repository\org\bouncycastle\bcprov-jdk15on\1.64\bcprov-jdk15on-1.64.jar;C:\Users\Yusuf Efendi\.m2\repository\org\slf4j\jcl-over-slf4j\1.7.30\jcl-over-slf4j-1.7.30.jar;C:\Users\Yusuf Efendi\.m2\repository\com\github\docker-java\docker-java-transport-httpclient5\3.2.13\docker-java-transport-httpclient5-3.2.13.jar;C:\Users\Yusuf Efendi\.m2\repository\com\github\docker-java\docker-java-transport\3.2.13\docker-java-transport-3.2.13.jar;C:\Users\Yusuf Efendi\.m2\repository\org\apache\httpcomponents\client5\httpclient5\5.0.3\httpclient5-5.0.3.jar;C:\Users\Yusuf Efendi\.m2\repository\org\apache\httpcomponents\core5\httpcore5\5.0.2\httpcore5-5.0.2.jar;C:\Users\Yusuf Efendi\.m2\repository\net\java\dev\jna\jna\5.8.0\jna-5.8.0.jar;C:\Users\Yusuf Efendi\.m2\repository\org\brotli\dec\0.1.2\dec-0.1.2.jar;C:\Users\Yusuf Efendi\.m2\repository\com\jhlabs\filters\2.0.235\filters-2.0.235.jar;C:\Users\Yusuf Efendi\.m2\repository\com\paulhammant\ngwebdriver\1.1.6\ngwebdriver-1.1.6.jar;C:\Users\Yusuf Efendi\.m2\repository\joda-time\joda-time\2.8.2\joda-time-2.8.2.jar;C:\Users\Yusuf Efendi\.m2\repository\org\hamcrest\hamcrest\2.2\hamcrest-2.2.jar;C:\Users\Yusuf Efendi\.m2\repository\com\google\jimfs\jimfs\1.2\jimfs-1.2.jar;C:\Users\Yusuf Efendi\.m2\repository\org\mockito\mockito-core\3.3.3\mockito-core-3.3.3.jar;C:\Users\Yusuf Efendi\.m2\repository\javax\xml\bind\jaxb-api\2.3.1\jaxb-api-2.3.1.jar;C:\Users\Yusuf Efendi\.m2\repository\javax\activation\javax.activation-api\1.2.0\javax.activation-api-1.2.0.jar;C:\Users\Yusuf Efendi\.m2\repository\com\sun\xml\bind\jaxb-core\2.3.0.1\jaxb-core-2.3.0.1.jar;C:\Users\Yusuf Efendi\.m2\repository\com\sun\xml\bind\jaxb-impl\2.3.3\jaxb-impl-2.3.3.jar;C:\Users\Yusuf Efendi\.m2\repository\jakarta\xml\bind\jakarta.xml.bind-api\2.3.3\jakarta.xml.bind-api-2.3.3.jar;C:\Users\Yusuf Efendi\.m2\repository\com\sun\activation\jakarta.activation\1.2.2\jakarta.activation-1.2.2.jar;C:\Users\Yusuf Efendi\.m2\repository\javax\activation\activation\1.1.1\activation-1.1.1.jar;C:\Users\Yusuf Efendi\.m2\repository\net\serenity-bdd\serenity-cucumber\3.2.1\serenity-cucumber-3.2.1.jar;C:\Users\Yusuf Efendi\.m2\repository\io\cucumber\cucumber-core\7.2.3\cucumber-core-7.2.3.jar;C:\Users\Yusuf Efendi\.m2\repository\io\cucumber\cucumber-gherkin\7.2.3\cucumber-gherkin-7.2.3.jar;C:\Users\Yusuf Efendi\.m2\repository\io\cucumber\cucumber-gherkin-messages\7.2.3\cucumber-gherkin-messages-7.2.3.jar;C:\Users\Yusuf Efendi\.m2\repository\io\cucumber\messages\17.1.1\messages-17.1.1.jar;C:\Users\Yusuf Efendi\.m2\repository\io\cucumber\tag-expressions\4.1.0\tag-expressions-4.1.0.jar;C:\Users\Yusuf Efendi\.m2\repository\io\cucumber\cucumber-expressions\15.0.1\cucumber-expressions-15.0.1.jar;C:\Users\Yusuf Efendi\.m2\repository\io\cucumber\datatable\7.2.3\datatable-7.2.3.jar;C:\Users\Yusuf Efendi\.m2\repository\io\cucumber\cucumber-plugin\7.2.3\cucumber-plugin-7.2.3.jar;C:\Users\Yusuf Efendi\.m2\repository\io\cucumber\docstring\7.2.3\docstring-7.2.3.jar;C:\Users\Yusuf Efendi\.m2\repository\io\cucumber\html-formatter\17.0.0\html-formatter-17.0.0.jar;C:\Users\Yusuf Efendi\.m2\repository\io\cucumber\ci-environment\8.1.0\ci-environment-8.1.0.jar;C:\Users\Yusuf Efendi\.m2\repository\io\cucumber\cucumber-junit\7.2.3\cucumber-junit-7.2.3.jar;C:\Users\Yusuf Efendi\.m2\repository\org\apache\commons\commons-csv\1.5\commons-csv-1.5.jar;C:\Users\Yusuf Efendi\.m2\repository\net\serenity-bdd\serenity-screenplay\3.2.1\serenity-screenplay-3.2.1.jar;C:\Users\Yusuf Efendi\.m2\repository\net\serenity-bdd\serenity-screenplay-webdriver\3.2.1\serenity-screenplay-webdriver-3.2.1.jar;C:\Users\Yusuf Efendi\.m2\repository\net\serenity-bdd\serenity-ensure\3.2.1\serenity-ensure-3.2.1.jar;C:\Users\Yusuf Efendi\.m2\repository\net\serenity-bdd\serenity-junit\3.2.1\serenity-junit-3.2.1.jar;C:\Users\Yusuf Efendi\.m2\repository\org\jetbrains\kotlin\kotlin-stdlib\1.6.0\kotlin-stdlib-1.6.0.jar;C:\Users\Yusuf Efendi\.m2\repository\org\jetbrains\annotations\13.0\annotations-13.0.jar;C:\Users\Yusuf Efendi\.m2\repository\org\jetbrains\kotlin\kotlin-stdlib-common\1.6.0\kotlin-stdlib-common-1.6.0.jar;C:\Users\Yusuf Efendi\.m2\repository\org\junit\platform\junit-platform-launcher\1.8.1\junit-platform-launcher-1.8.1.jar;C:\Users\Yusuf Efendi\.m2\repository\org\junit\platform\junit-platform-engine\1.8.1\junit-platform-engine-1.8.1.jar;C:\Users\Yusuf Efendi\.m2\repository\org\opentest4j\opentest4j\1.2.0\opentest4j-1.2.0.jar;C:\Users\Yusuf Efendi\.m2\repository\org\junit\platform\junit-platform-commons\1.8.1\junit-platform-commons-1.8.1.jar;C:\Users\Yusuf Efendi\.m2\repository\org\apiguardian\apiguardian-api\1.1.2\apiguardian-api-1.1.2.jar;C:\Users\Yusuf Efendi\.m2\repository\org\junit\jupiter\junit-jupiter-engine\5.8.2\junit-jupiter-engine-5.8.2.jar;C:\Users\Yusuf Efendi\.m2\repository\org\junit\jupiter\junit-jupiter-api\5.8.2\junit-jupiter-api-5.8.2.jar;C:\Users\Yusuf Efendi\.m2\repository\org\junit\vintage\junit-vintage-engine\5.8.2\junit-vintage-engine-5.8.2.jar;C:\Users\Yusuf Efendi\.m2\repository\junit\junit\4.13.2\junit-4.13.2.jar;C:\Users\Yusuf Efendi\.m2\repository\org\hamcrest\hamcrest-core\1.3\hamcrest-core-1.3.jar;C:\Users\Yusuf Efendi\.m2\repository\ch\qos\logback\logback-classic\1.2.10\logback-classic-1.2.10.jar;C:\Users\Yusuf Efendi\.m2\repository\ch\qos\logback\logback-core\1.2.10\logback-core-1.2.10.jar;C:\Users\Yusuf Efendi\.m2\repository\org\slf4j\slf4j-api\1.7.32\slf4j-api-1.7.32.jar;C:\Users\Yusuf Efendi\.m2\repository\org\assertj\assertj-core\3.6.2\assertj-core-3.6.2.jar;"/>
    <property name="sun.cpu.endian" value="little"/>
    <property name="user.home" value="C:\Users\Yusuf Efendi"/>
    <property name="user.language" value="en"/>
    <property name="java.specification.vendor" value="Oracle Corporation"/>
    <property name="jdk.module.path" value="D:\miniproject\webtesting\target\webtesting-1.0-SNAPSHOT.jar"/>
    <property name="java.version.date" value="2022-10-18"/>
    <property name="java.home" value="C:\Program Files\Java\jdk-11.0.17"/>
    <property name="file.separator" value="\"/>
    <property name="basedir" value="D:\miniproject\webtesting"/>
    <property name="java.vm.compressedOopsMode" value="32-bit"/>
    <property name="line.separator" value="&#10;"/>
    <property name="java.specification.name" value="Java Platform API Specification"/>
    <property name="java.vm.specification.vendor" value="Oracle Corporation"/>
    <property name="java.awt.graphicsenv" value="sun.awt.Win32GraphicsEnvironment"/>
    <property name="surefire.real.class.path" value="C:\Users\Yusuf Efendi\.m2\repository\org\apache\maven\surefire\surefire-booter\3.0.0-M5\surefire-booter-3.0.0-M5.jar;C:\Users\Yusuf Efendi\.m2\repository\org\apache\maven\surefire\surefire-api\3.0.0-M5\surefire-api-3.0.0-M5.jar;C:\Users\Yusuf Efendi\.m2\repository\org\apache\maven\surefire\surefire-logger-api\3.0.0-M5\surefire-logger-api-3.0.0-M5.jar;C:\Users\Yusuf Efendi\.m2\repository\org\apache\maven\surefire\surefire-shared-utils\3.0.0-M4\surefire-shared-utils-3.0.0-M4.jar;C:\Users\Yusuf Efendi\.m2\repository\org\apache\maven\surefire\surefire-extensions-spi\3.0.0-M5\surefire-extensions-spi-3.0.0-M5.jar;D:\miniproject\webtesting\target\test-classes;C:\Users\Yusuf Efendi\.m2\repository\net\serenity-bdd\serenity-core\3.2.1\serenity-core-3.2.1.jar;C:\Users\Yusuf Efendi\.m2\repository\net\serenity-bdd\serenity-model\3.2.1\serenity-model-3.2.1.jar;C:\Users\Yusuf Efendi\.m2\repository\org\apache\commons\commons-text\1.9\commons-text-1.9.jar;C:\Users\Yusuf Efendi\.m2\repository\commons-net\commons-net\3.8.0\commons-net-3.8.0.jar;C:\Users\Yusuf Efendi\.m2\repository\com\google\guava\guava\31.1-jre\guava-31.1-jre.jar;C:\Users\Yusuf Efendi\.m2\repository\com\google\guava\failureaccess\1.0.1\failureaccess-1.0.1.jar;C:\Users\Yusuf Efendi\.m2\repository\com\google\guava\listenablefuture\9999.0-empty-to-avoid-conflict-with-guava\listenablefuture-9999.0-empty-to-avoid-conflict-with-guava.jar;C:\Users\Yusuf Efendi\.m2\repository\com\google\code\findbugs\jsr305\3.0.2\jsr305-3.0.2.jar;C:\Users\Yusuf Efendi\.m2\repository\org\checkerframework\checker-qual\3.12.0\checker-qual-3.12.0.jar;C:\Users\Yusuf Efendi\.m2\repository\com\google\errorprone\error_prone_annotations\2.11.0\error_prone_annotations-2.11.0.jar;C:\Users\Yusuf Efendi\.m2\repository\com\google\j2objc\j2objc-annotations\1.3\j2objc-annotations-1.3.jar;C:\Users\Yusuf Efendi\.m2\repository\com\google\inject\guice\5.1.0\guice-5.1.0.jar;C:\Users\Yusuf Efendi\.m2\repository\javax\inject\javax.inject\1\javax.inject-1.jar;C:\Users\Yusuf Efendi\.m2\repository\aopalliance\aopalliance\1.0\aopalliance-1.0.jar;C:\Users\Yusuf Efendi\.m2\repository\org\jsoup\jsoup\1.14.3\jsoup-1.14.3.jar;C:\Users\Yusuf Efendi\.m2\repository\com\thoughtworks\xstream\xstream\1.4.19\xstream-1.4.19.jar;C:\Users\Yusuf Efendi\.m2\repository\io\github\x-stream\mxparser\1.2.2\mxparser-1.2.2.jar;C:\Users\Yusuf Efendi\.m2\repository\xmlpull\xmlpull\1.1.3.1\xmlpull-1.1.3.1.jar;C:\Users\Yusuf Efendi\.m2\repository\io\cucumber\cucumber-java\7.2.3\cucumber-java-7.2.3.jar;C:\Users\Yusuf Efendi\.m2\repository\com\typesafe\config\1.4.2\config-1.4.2.jar;C:\Users\Yusuf Efendi\.m2\repository\org\imgscalr\imgscalr-lib\4.2\imgscalr-lib-4.2.jar;C:\Users\Yusuf Efendi\.m2\repository\org\awaitility\awaitility\4.2.0\awaitility-4.2.0.jar;C:\Users\Yusuf Efendi\.m2\repository\org\freemarker\freemarker\2.3.31\freemarker-2.3.31.jar;C:\Users\Yusuf Efendi\.m2\repository\io\github\classgraph\classgraph\4.8.138\classgraph-4.8.138.jar;C:\Users\Yusuf Efendi\.m2\repository\net\sourceforge\jexcelapi\jxl\2.6.12\jxl-2.6.12.jar;C:\Users\Yusuf Efendi\.m2\repository\net\bytebuddy\byte-buddy\1.12.8\byte-buddy-1.12.8.jar;C:\Users\Yusuf Efendi\.m2\repository\net\bytebuddy\byte-buddy-agent\1.12.8\byte-buddy-agent-1.12.8.jar;C:\Users\Yusuf Efendi\.m2\repository\org\objenesis\objenesis\3.1\objenesis-3.1.jar;C:\Users\Yusuf Efendi\.m2\repository\net\serenity-bdd\serenity-reports\3.2.1\serenity-reports-3.2.1.jar;C:\Users\Yusuf Efendi\.m2\repository\net\serenity-bdd\serenity-stats\3.2.1\serenity-stats-3.2.1.jar;C:\Users\Yusuf Efendi\.m2\repository\net\serenity-bdd\serenity-reports-configuration\3.2.1\serenity-reports-configuration-3.2.1.jar;C:\Users\Yusuf Efendi\.m2\repository\com\vladsch\flexmark\flexmark-all\0.34.30\flexmark-all-0.34.30.jar;C:\Users\Yusuf Efendi\.m2\repository\com\vladsch\flexmark\flexmark\0.34.30\flexmark-0.34.30.jar;C:\Users\Yusuf Efendi\.m2\repository\com\vladsch\flexmark\flexmark-ext-abbreviation\0.34.30\flexmark-ext-abbreviation-0.34.30.jar;C:\Users\Yusuf Efendi\.m2\repository\com\vladsch\flexmark\flexmark-ext-admonition\0.34.30\flexmark-ext-admonition-0.34.30.jar;C:\Users\Yusuf Efendi\.m2\repository\com\vladsch\flexmark\flexmark-ext-anchorlink\0.34.30\flexmark-ext-anchorlink-0.34.30.jar;C:\Users\Yusuf Efendi\.m2\repository\com\vladsch\flexmark\flexmark-ext-aside\0.34.30\flexmark-ext-aside-0.34.30.jar;C:\Users\Yusuf Efendi\.m2\repository\com\vladsch\flexmark\flexmark-ext-attributes\0.34.30\flexmark-ext-attributes-0.34.30.jar;C:\Users\Yusuf Efendi\.m2\repository\com\vladsch\flexmark\flexmark-ext-autolink\0.34.30\flexmark-ext-autolink-0.34.30.jar;C:\Users\Yusuf Efendi\.m2\repository\org\nibor\autolink\autolink\0.6.0\autolink-0.6.0.jar;C:\Users\Yusuf Efendi\.m2\repository\com\vladsch\flexmark\flexmark-ext-definition\0.34.30\flexmark-ext-definition-0.34.30.jar;C:\Users\Yusuf Efendi\.m2\repository\com\vladsch\flexmark\flexmark-ext-emoji\0.34.30\flexmark-ext-emoji-0.34.30.jar;C:\Users\Yusuf Efendi\.m2\repository\com\vladsch\flexmark\flexmark-ext-enumerated-reference\0.34.30\flexmark-ext-enumerated-reference-0.34.30.jar;C:\Users\Yusuf Efendi\.m2\repository\com\vladsch\flexmark\flexmark-ext-escaped-character\0.34.30\flexmark-ext-escaped-character-0.34.30.jar;C:\Users\Yusuf Efendi\.m2\repository\com\vladsch\flexmark\flexmark-ext-footnotes\0.34.30\flexmark-ext-footnotes-0.34.30.jar;C:\Users\Yusuf Efendi\.m2\repository\com\vladsch\flexmark\flexmark-ext-gfm-issues\0.34.30\flexmark-ext-gfm-issues-0.34.30.jar;C:\Users\Yusuf Efendi\.m2\repository\com\vladsch\flexmark\flexmark-ext-gfm-strikethrough\0.34.30\flexmark-ext-gfm-strikethrough-0.34.30.jar;C:\Users\Yusuf Efendi\.m2\repository\com\vladsch\flexmark\flexmark-ext-gfm-tables\0.34.30\flexmark-ext-gfm-tables-0.34.30.jar;C:\Users\Yusuf Efendi\.m2\repository\com\vladsch\flexmark\flexmark-ext-gfm-tasklist\0.34.30\flexmark-ext-gfm-tasklist-0.34.30.jar;C:\Users\Yusuf Efendi\.m2\repository\com\vladsch\flexmark\flexmark-ext-gfm-users\0.34.30\flexmark-ext-gfm-users-0.34.30.jar;C:\Users\Yusuf Efendi\.m2\repository\com\vladsch\flexmark\flexmark-ext-gitlab\0.34.30\flexmark-ext-gitlab-0.34.30.jar;C:\Users\Yusuf Efendi\.m2\repository\com\vladsch\flexmark\flexmark-ext-jekyll-front-matter\0.34.30\flexmark-ext-jekyll-front-matter-0.34.30.jar;C:\Users\Yusuf Efendi\.m2\repository\com\vladsch\flexmark\flexmark-ext-jekyll-tag\0.34.30\flexmark-ext-jekyll-tag-0.34.30.jar;C:\Users\Yusuf Efendi\.m2\repository\com\vladsch\flexmark\flexmark-ext-media-tags\0.34.30\flexmark-ext-media-tags-0.34.30.jar;C:\Users\Yusuf Efendi\.m2\repository\com\vladsch\flexmark\flexmark-test-util\0.34.30\flexmark-test-util-0.34.30.jar;C:\Users\Yusuf Efendi\.m2\repository\com\vladsch\flexmark\flexmark-ext-ins\0.34.30\flexmark-ext-ins-0.34.30.jar;C:\Users\Yusuf Efendi\.m2\repository\com\vladsch\flexmark\flexmark-ext-xwiki-macros\0.34.30\flexmark-ext-xwiki-macros-0.34.30.jar;C:\Users\Yusuf Efendi\.m2\repository\com\vladsch\flexmark\flexmark-ext-superscript\0.34.30\flexmark-ext-superscript-0.34.30.jar;C:\Users\Yusuf Efendi\.m2\repository\com\vladsch\flexmark\flexmark-ext-tables\0.34.30\flexmark-ext-tables-0.34.30.jar;C:\Users\Yusuf Efendi\.m2\repository\com\vladsch\flexmark\flexmark-ext-toc\0.34.30\flexmark-ext-toc-0.34.30.jar;C:\Users\Yusuf Efendi\.m2\repository\com\vladsch\flexmark\flexmark-ext-typographic\0.34.30\flexmark-ext-typographic-0.34.30.jar;C:\Users\Yusuf Efendi\.m2\repository\com\vladsch\flexmark\flexmark-ext-wikilink\0.34.30\flexmark-ext-wikilink-0.34.30.jar;C:\Users\Yusuf Efendi\.m2\repository\com\vladsch\flexmark\flexmark-ext-yaml-front-matter\0.34.30\flexmark-ext-yaml-front-matter-0.34.30.jar;C:\Users\Yusuf Efendi\.m2\repository\com\vladsch\flexmark\flexmark-ext-youtube-embedded\0.34.30\flexmark-ext-youtube-embedded-0.34.30.jar;C:\Users\Yusuf Efendi\.m2\repository\com\vladsch\flexmark\flexmark-formatter\0.34.30\flexmark-formatter-0.34.30.jar;C:\Users\Yusuf Efendi\.m2\repository\com\vladsch\flexmark\flexmark-html-parser\0.34.30\flexmark-html-parser-0.34.30.jar;C:\Users\Yusuf Efendi\.m2\repository\com\vladsch\flexmark\flexmark-jira-converter\0.34.30\flexmark-jira-converter-0.34.30.jar;C:\Users\Yusuf Efendi\.m2\repository\com\vladsch\flexmark\flexmark-pdf-converter\0.34.30\flexmark-pdf-converter-0.34.30.jar;C:\Users\Yusuf Efendi\.m2\repository\com\openhtmltopdf\openhtmltopdf-core\0.0.1-RC13\openhtmltopdf-core-0.0.1-RC13.jar;C:\Users\Yusuf Efendi\.m2\repository\com\openhtmltopdf\openhtmltopdf-pdfbox\0.0.1-RC13\openhtmltopdf-pdfbox-0.0.1-RC13.jar;C:\Users\Yusuf Efendi\.m2\repository\org\apache\pdfbox\pdfbox\2.0.8\pdfbox-2.0.8.jar;C:\Users\Yusuf Efendi\.m2\repository\org\apache\pdfbox\fontbox\2.0.8\fontbox-2.0.8.jar;C:\Users\Yusuf Efendi\.m2\repository\commons-logging\commons-logging\1.2\commons-logging-1.2.jar;C:\Users\Yusuf Efendi\.m2\repository\org\apache\pdfbox\xmpbox\2.0.8\xmpbox-2.0.8.jar;C:\Users\Yusuf Efendi\.m2\repository\de\rototor\pdfbox\graphics2d\0.12\graphics2d-0.12.jar;C:\Users\Yusuf Efendi\.m2\repository\com\openhtmltopdf\openhtmltopdf-rtl-support\0.0.1-RC13\openhtmltopdf-rtl-support-0.0.1-RC13.jar;C:\Users\Yusuf Efendi\.m2\repository\com\ibm\icu\icu4j\59.1\icu4j-59.1.jar;C:\Users\Yusuf Efendi\.m2\repository\com\openhtmltopdf\openhtmltopdf-jsoup-dom-converter\0.0.1-RC13\openhtmltopdf-jsoup-dom-converter-0.0.1-RC13.jar;C:\Users\Yusuf Efendi\.m2\repository\com\vladsch\flexmark\flexmark-profile-pegdown\0.34.30\flexmark-profile-pegdown-0.34.30.jar;C:\Users\Yusuf Efendi\.m2\repository\com\vladsch\flexmark\flexmark-util\0.34.30\flexmark-util-0.34.30.jar;C:\Users\Yusuf Efendi\.m2\repository\com\vladsch\flexmark\flexmark-youtrack-converter\0.34.30\flexmark-youtrack-converter-0.34.30.jar;C:\Users\Yusuf Efendi\.m2\repository\es\nitaur\markdown\txtmark\0.16\txtmark-0.16.jar;C:\Users\Yusuf Efendi\.m2\repository\net\serenity-bdd\serenity-report-resources\3.2.1\serenity-report-resources-3.2.1.jar;C:\Users\Yusuf Efendi\.m2\repository\com\google\code\gson\gson\2.9.0\gson-2.9.0.jar;C:\Users\Yusuf Efendi\.m2\repository\com\fasterxml\jackson\core\jackson-core\2.13.2\jackson-core-2.13.2.jar;C:\Users\Yusuf Efendi\.m2\repository\com\fasterxml\jackson\core\jackson-databind\2.13.2\jackson-databind-2.13.2.jar;C:\Users\Yusuf Efendi\.m2\repository\com\fasterxml\jackson\core\jackson-annotations\2.13.2\jackson-annotations-2.13.2.jar;C:\Users\Yusuf Efendi\.m2\repository\commons-codec\commons-codec\1.15\commons-codec-1.15.jar;C:\Users\Yusuf Efendi\.m2\repository\commons-io\commons-io\2.11.0\commons-io-2.11.0.jar;C:\Users\Yusuf Efendi\.m2\repository\org\seleniumhq\selenium\selenium-java\4.1.2\selenium-java-4.1.2.jar;C:\Users\Yusuf Efendi\.m2\repository\org\seleniumhq\selenium\selenium-devtools-v85\4.1.2\selenium-devtools-v85-4.1.2.jar;C:\Users\Yusuf Efendi\.m2\repository\org\seleniumhq\selenium\selenium-devtools-v95\4.1.2\selenium-devtools-v95-4.1.2.jar;C:\Users\Yusuf Efendi\.m2\repository\org\seleniumhq\selenium\selenium-devtools-v96\4.1.2\selenium-devtools-v96-4.1.2.jar;C:\Users\Yusuf Efendi\.m2\repository\org\seleniumhq\selenium\selenium-devtools-v97\4.1.2\selenium-devtools-v97-4.1.2.jar;C:\Users\Yusuf Efendi\.m2\repository\org\seleniumhq\selenium\selenium-firefox-xpi-driver\4.1.2\selenium-firefox-xpi-driver-4.1.2.jar;C:\Users\Yusuf Efendi\.m2\repository\org\seleniumhq\selenium\selenium-opera-driver\4.1.2\selenium-opera-driver-4.1.2.jar;C:\Users\Yusuf Efendi\.m2\repository\org\seleniumhq\selenium\selenium-remote-driver\4.1.2\selenium-remote-driver-4.1.2.jar;C:\Users\Yusuf Efendi\.m2\repository\com\beust\jcommander\1.82\jcommander-1.82.jar;C:\Users\Yusuf Efendi\.m2\repository\io\netty\netty-buffer\4.1.73.Final\netty-buffer-4.1.73.Final.jar;C:\Users\Yusuf Efendi\.m2\repository\io\netty\netty-codec-http\4.1.73.Final\netty-codec-http-4.1.73.Final.jar;C:\Users\Yusuf Efendi\.m2\repository\io\netty\netty-codec\4.1.73.Final\netty-codec-4.1.73.Final.jar;C:\Users\Yusuf Efendi\.m2\repository\io\netty\netty-handler\4.1.73.Final\netty-handler-4.1.73.Final.jar;C:\Users\Yusuf Efendi\.m2\repository\io\netty\netty-tcnative-classes\2.0.46.Final\netty-tcnative-classes-2.0.46.Final.jar;C:\Users\Yusuf Efendi\.m2\repository\io\netty\netty-common\4.1.73.Final\netty-common-4.1.73.Final.jar;C:\Users\Yusuf Efendi\.m2\repository\io\netty\netty-transport-classes-epoll\4.1.73.Final\netty-transport-classes-epoll-4.1.73.Final.jar;C:\Users\Yusuf Efendi\.m2\repository\io\netty\netty-transport-classes-kqueue\4.1.73.Final\netty-transport-classes-kqueue-4.1.73.Final.jar;C:\Users\Yusuf Efendi\.m2\repository\io\netty\netty-transport-native-epoll\4.1.73.Final\netty-transport-native-epoll-4.1.73.Final.jar;C:\Users\Yusuf Efendi\.m2\repository\io\netty\netty-transport-native-kqueue\4.1.73.Final\netty-transport-native-kqueue-4.1.73.Final.jar;C:\Users\Yusuf Efendi\.m2\repository\io\netty\netty-transport-native-unix-common\4.1.73.Final\netty-transport-native-unix-common-4.1.73.Final.jar;C:\Users\Yusuf Efendi\.m2\repository\io\netty\netty-transport\4.1.73.Final\netty-transport-4.1.73.Final.jar;C:\Users\Yusuf Efendi\.m2\repository\io\netty\netty-resolver\4.1.73.Final\netty-resolver-4.1.73.Final.jar;C:\Users\Yusuf Efendi\.m2\repository\io\opentelemetry\opentelemetry-api\1.10.1\opentelemetry-api-1.10.1.jar;C:\Users\Yusuf Efendi\.m2\repository\io\opentelemetry\opentelemetry-context\1.10.1\opentelemetry-context-1.10.1.jar;C:\Users\Yusuf Efendi\.m2\repository\io\opentelemetry\opentelemetry-exporter-logging\1.10.1\opentelemetry-exporter-logging-1.10.1.jar;C:\Users\Yusuf Efendi\.m2\repository\io\opentelemetry\opentelemetry-sdk-metrics\1.10.1-alpha\opentelemetry-sdk-metrics-1.10.1-alpha.jar;C:\Users\Yusuf Efendi\.m2\repository\io\opentelemetry\opentelemetry-sdk-logs\1.10.1-alpha\opentelemetry-sdk-logs-1.10.1-alpha.jar;C:\Users\Yusuf Efendi\.m2\repository\io\opentelemetry\opentelemetry-sdk-common\1.10.1\opentelemetry-sdk-common-1.10.1.jar;C:\Users\Yusuf Efendi\.m2\repository\io\opentelemetry\opentelemetry-sdk-extension-autoconfigure-spi\1.10.1\opentelemetry-sdk-extension-autoconfigure-spi-1.10.1.jar;C:\Users\Yusuf Efendi\.m2\repository\io\opentelemetry\opentelemetry-sdk-extension-autoconfigure\1.10.1-alpha\opentelemetry-sdk-extension-autoconfigure-1.10.1-alpha.jar;C:\Users\Yusuf Efendi\.m2\repository\io\opentelemetry\opentelemetry-sdk-trace\1.10.1\opentelemetry-sdk-trace-1.10.1.jar;C:\Users\Yusuf Efendi\.m2\repository\io\opentelemetry\opentelemetry-sdk\1.10.1\opentelemetry-sdk-1.10.1.jar;C:\Users\Yusuf Efendi\.m2\repository\io\opentelemetry\opentelemetry-semconv\1.10.1-alpha\opentelemetry-semconv-1.10.1-alpha.jar;C:\Users\Yusuf Efendi\.m2\repository\io\ous\jtoml\2.0.0\jtoml-2.0.0.jar;C:\Users\Yusuf Efendi\.m2\repository\org\apache\commons\commons-exec\1.3\commons-exec-1.3.jar;C:\Users\Yusuf Efendi\.m2\repository\org\asynchttpclient\async-http-client\2.12.3\async-http-client-2.12.3.jar;C:\Users\Yusuf Efendi\.m2\repository\org\asynchttpclient\async-http-client-netty-utils\2.12.3\async-http-client-netty-utils-2.12.3.jar;C:\Users\Yusuf Efendi\.m2\repository\io\netty\netty-codec-socks\4.1.60.Final\netty-codec-socks-4.1.60.Final.jar;C:\Users\Yusuf Efendi\.m2\repository\io\netty\netty-handler-proxy\4.1.60.Final\netty-handler-proxy-4.1.60.Final.jar;C:\Users\Yusuf Efendi\.m2\repository\io\netty\netty-transport-native-epoll\4.1.60.Final\netty-transport-native-epoll-4.1.60.Final-linux-x86_64.jar;C:\Users\Yusuf Efendi\.m2\repository\io\netty\netty-transport-native-kqueue\4.1.60.Final\netty-transport-native-kqueue-4.1.60.Final-osx-x86_64.jar;C:\Users\Yusuf Efendi\.m2\repository\org\reactivestreams\reactive-streams\1.0.3\reactive-streams-1.0.3.jar;C:\Users\Yusuf Efendi\.m2\repository\com\typesafe\netty\netty-reactive-streams\2.0.4\netty-reactive-streams-2.0.4.jar;C:\Users\Yusuf Efendi\.m2\repository\org\seleniumhq\selenium\selenium-http\4.1.2\selenium-http-4.1.2.jar;C:\Users\Yusuf Efendi\.m2\repository\net\jodah\failsafe\2.4.4\failsafe-2.4.4.jar;C:\Users\Yusuf Efendi\.m2\repository\org\seleniumhq\selenium\selenium-safari-driver\4.1.2\selenium-safari-driver-4.1.2.jar;C:\Users\Yusuf Efendi\.m2\repository\org\seleniumhq\selenium\selenium-api\4.1.2\selenium-api-4.1.2.jar;C:\Users\Yusuf Efendi\.m2\repository\org\seleniumhq\selenium\selenium-support\4.1.2\selenium-support-4.1.2.jar;C:\Users\Yusuf Efendi\.m2\repository\com\google\auto\service\auto-service-annotations\1.0.1\auto-service-annotations-1.0.1.jar;C:\Users\Yusuf Efendi\.m2\repository\com\google\auto\service\auto-service\1.0.1\auto-service-1.0.1.jar;C:\Users\Yusuf Efendi\.m2\repository\com\google\auto\auto-common\1.2\auto-common-1.2.jar;C:\Users\Yusuf Efendi\.m2\repository\org\seleniumhq\selenium\selenium-json\4.1.2\selenium-json-4.1.2.jar;C:\Users\Yusuf Efendi\.m2\repository\org\seleniumhq\selenium\selenium-chrome-driver\4.1.2\selenium-chrome-driver-4.1.2.jar;C:\Users\Yusuf Efendi\.m2\repository\org\seleniumhq\selenium\selenium-chromium-driver\4.1.2\selenium-chromium-driver-4.1.2.jar;C:\Users\Yusuf Efendi\.m2\repository\org\seleniumhq\selenium\selenium-firefox-driver\4.1.2\selenium-firefox-driver-4.1.2.jar;C:\Users\Yusuf Efendi\.m2\repository\org\seleniumhq\selenium\selenium-edge-driver\4.1.2\selenium-edge-driver-4.1.2.jar;C:\Users\Yusuf Efendi\.m2\repository\org\seleniumhq\selenium\selenium-ie-driver\4.1.2\selenium-ie-driver-4.1.2.jar;C:\Users\Yusuf Efendi\.m2\repository\org\projectlombok\lombok\1.18.20\lombok-1.18.20.jar;C:\Users\Yusuf Efendi\.m2\repository\io\appium\java-client\8.0.0\java-client-8.0.0.jar;C:\Users\Yusuf Efendi\.m2\repository\commons-validator\commons-validator\1.7\commons-validator-1.7.jar;C:\Users\Yusuf Efendi\.m2\repository\commons-digester\commons-digester\2.1\commons-digester-2.1.jar;C:\Users\Yusuf Efendi\.m2\repository\org\aspectj\aspectjweaver\1.9.8\aspectjweaver-1.9.8.jar;C:\Users\Yusuf Efendi\.m2\repository\org\codehaus\groovy\groovy\3.0.10\groovy-3.0.10.jar;C:\Users\Yusuf Efendi\.m2\repository\net\sf\opencsv\opencsv\2.0\opencsv-2.0.jar;C:\Users\Yusuf Efendi\.m2\repository\commons-beanutils\commons-beanutils\1.9.4\commons-beanutils-1.9.4.jar;C:\Users\Yusuf Efendi\.m2\repository\org\apache\commons\commons-lang3\3.12.0\commons-lang3-3.12.0.jar;C:\Users\Yusuf Efendi\.m2\repository\commons-collections\commons-collections\3.2.2\commons-collections-3.2.2.jar;C:\Users\Yusuf Efendi\.m2\repository\org\fluentlenium\fluentlenium-core\0.10.2\fluentlenium-core-0.10.2.jar;C:\Users\Yusuf Efendi\.m2\repository\io\github\bonigarcia\webdrivermanager\5.1.0\webdrivermanager-5.1.0.jar;C:\Users\Yusuf Efendi\.m2\repository\com\github\docker-java\docker-java\3.2.13\docker-java-3.2.13.jar;C:\Users\Yusuf Efendi\.m2\repository\com\github\docker-java\docker-java-core\3.2.13\docker-java-core-3.2.13.jar;C:\Users\Yusuf Efendi\.m2\repository\com\github\docker-java\docker-java-api\3.2.13\docker-java-api-3.2.13.jar;C:\Users\Yusuf Efendi\.m2\repository\org\apache\commons\commons-compress\1.21\commons-compress-1.21.jar;C:\Users\Yusuf Efendi\.m2\repository\org\bouncycastle\bcpkix-jdk15on\1.64\bcpkix-jdk15on-1.64.jar;C:\Users\Yusuf Efendi\.m2\repository\org\bouncycastle\bcprov-jdk15on\1.64\bcprov-jdk15on-1.64.jar;C:\Users\Yusuf Efendi\.m2\repository\org\slf4j\jcl-over-slf4j\1.7.30\jcl-over-slf4j-1.7.30.jar;C:\Users\Yusuf Efendi\.m2\repository\com\github\docker-java\docker-java-transport-httpclient5\3.2.13\docker-java-transport-httpclient5-3.2.13.jar;C:\Users\Yusuf Efendi\.m2\repository\com\github\docker-java\docker-java-transport\3.2.13\docker-java-transport-3.2.13.jar;C:\Users\Yusuf Efendi\.m2\repository\org\apache\httpcomponents\client5\httpclient5\5.0.3\httpclient5-5.0.3.jar;C:\Users\Yusuf Efendi\.m2\repository\org\apache\httpcomponents\core5\httpcore5\5.0.2\httpcore5-5.0.2.jar;C:\Users\Yusuf Efendi\.m2\repository\net\java\dev\jna\jna\5.8.0\jna-5.8.0.jar;C:\Users\Yusuf Efendi\.m2\repository\org\brotli\dec\0.1.2\dec-0.1.2.jar;C:\Users\Yusuf Efendi\.m2\repository\com\jhlabs\filters\2.0.235\filters-2.0.235.jar;C:\Users\Yusuf Efendi\.m2\repository\com\paulhammant\ngwebdriver\1.1.6\ngwebdriver-1.1.6.jar;C:\Users\Yusuf Efendi\.m2\repository\joda-time\joda-time\2.8.2\joda-time-2.8.2.jar;C:\Users\Yusuf Efendi\.m2\repository\org\hamcrest\hamcrest\2.2\hamcrest-2.2.jar;C:\Users\Yusuf Efendi\.m2\repository\com\google\jimfs\jimfs\1.2\jimfs-1.2.jar;C:\Users\Yusuf Efendi\.m2\repository\org\mockito\mockito-core\3.3.3\mockito-core-3.3.3.jar;C:\Users\Yusuf Efendi\.m2\repository\javax\xml\bind\jaxb-api\2.3.1\jaxb-api-2.3.1.jar;C:\Users\Yusuf Efendi\.m2\repository\javax\activation\javax.activation-api\1.2.0\javax.activation-api-1.2.0.jar;C:\Users\Yusuf Efendi\.m2\repository\com\sun\xml\bind\jaxb-core\2.3.0.1\jaxb-core-2.3.0.1.jar;C:\Users\Yusuf Efendi\.m2\repository\com\sun\xml\bind\jaxb-impl\2.3.3\jaxb-impl-2.3.3.jar;C:\Users\Yusuf Efendi\.m2\repository\jakarta\xml\bind\jakarta.xml.bind-api\2.3.3\jakarta.xml.bind-api-2.3.3.jar;C:\Users\Yusuf Efendi\.m2\repository\com\sun\activation\jakarta.activation\1.2.2\jakarta.activation-1.2.2.jar;C:\Users\Yusuf Efendi\.m2\repository\javax\activation\activation\1.1.1\activation-1.1.1.jar;C:\Users\Yusuf Efendi\.m2\repository\net\serenity-bdd\serenity-cucumber\3.2.1\serenity-cucumber-3.2.1.jar;C:\Users\Yusuf Efendi\.m2\repository\io\cucumber\cucumber-core\7.2.3\cucumber-core-7.2.3.jar;C:\Users\Yusuf Efendi\.m2\repository\io\cucumber\cucumber-gherkin\7.2.3\cucumber-gherkin-7.2.3.jar;C:\Users\Yusuf Efendi\.m2\repository\io\cucumber\cucumber-gherkin-messages\7.2.3\cucumber-gherkin-messages-7.2.3.jar;C:\Users\Yusuf Efendi\.m2\repository\io\cucumber\messages\17.1.1\messages-17.1.1.jar;C:\Users\Yusuf Efendi\.m2\repository\io\cucumber\tag-expressions\4.1.0\tag-expressions-4.1.0.jar;C:\Users\Yusuf Efendi\.m2\repository\io\cucumber\cucumber-expressions\15.0.1\cucumber-expressions-15.0.1.jar;C:\Users\Yusuf Efendi\.m2\repository\io\cucumber\datatable\7.2.3\datatable-7.2.3.jar;C:\Users\Yusuf Efendi\.m2\repository\io\cucumber\cucumber-plugin\7.2.3\cucumber-plugin-7.2.3.jar;C:\Users\Yusuf Efendi\.m2\repository\io\cucumber\docstring\7.2.3\docstring-7.2.3.jar;C:\Users\Yusuf Efendi\.m2\repository\io\cucumber\html-formatter\17.0.0\html-formatter-17.0.0.jar;C:\Users\Yusuf Efendi\.m2\repository\io\cucumber\ci-environment\8.1.0\ci-environment-8.1.0.jar;C:\Users\Yusuf Efendi\.m2\repository\io\cucumber\cucumber-junit\7.2.3\cucumber-junit-7.2.3.jar;C:\Users\Yusuf Efendi\.m2\repository\org\apache\commons\commons-csv\1.5\commons-csv-1.5.jar;C:\Users\Yusuf Efendi\.m2\repository\net\serenity-bdd\serenity-screenplay\3.2.1\serenity-screenplay-3.2.1.jar;C:\Users\Yusuf Efendi\.m2\repository\net\serenity-bdd\serenity-screenplay-webdriver\3.2.1\serenity-screenplay-webdriver-3.2.1.jar;C:\Users\Yusuf Efendi\.m2\repository\net\serenity-bdd\serenity-ensure\3.2.1\serenity-ensure-3.2.1.jar;C:\Users\Yusuf Efendi\.m2\repository\net\serenity-bdd\serenity-junit\3.2.1\serenity-junit-3.2.1.jar;C:\Users\Yusuf Efendi\.m2\repository\org\jetbrains\kotlin\kotlin-stdlib\1.6.0\kotlin-stdlib-1.6.0.jar;C:\Users\Yusuf Efendi\.m2\repository\org\jetbrains\annotations\13.0\annotations-13.0.jar;C:\Users\Yusuf Efendi\.m2\repository\org\jetbrains\kotlin\kotlin-stdlib-common\1.6.0\kotlin-stdlib-common-1.6.0.jar;C:\Users\Yusuf Efendi\.m2\repository\org\junit\platform\junit-platform-launcher\1.8.1\junit-platform-launcher-1.8.1.jar;C:\Users\Yusuf Efendi\.m2\repository\org\junit\platform\junit-platform-engine\1.8.1\junit-platform-engine-1.8.1.jar;C:\Users\Yusuf Efendi\.m2\repository\org\opentest4j\opentest4j\1.2.0\opentest4j-1.2.0.jar;C:\Users\Yusuf Efendi\.m2\repository\org\junit\platform\junit-platform-commons\1.8.1\junit-platform-commons-1.8.1.jar;C:\Users\Yusuf Efendi\.m2\repository\org\apiguardian\apiguardian-api\1.1.2\apiguardian-api-1.1.2.jar;C:\Users\Yusuf Efendi\.m2\repository\org\junit\jupiter\junit-jupiter-engine\5.8.2\junit-jupiter-engine-5.8.2.jar;C:\Users\Yusuf Efendi\.m2\repository\org\junit\jupiter\junit-jupiter-api\5.8.2\junit-jupiter-api-5.8.2.jar;C:\Users\Yusuf Efendi\.m2\repository\org\junit\vintage\junit-vintage-engine\5.8.2\junit-vintage-engine-5.8.2.jar;C:\Users\Yusuf Efendi\.m2\repository\junit\junit\4.13.2\junit-4.13.2.jar;C:\Users\Yusuf Efendi\.m2\repository\org\hamcrest\hamcrest-core\1.3\hamcrest-core-1.3.jar;C:\Users\Yusuf Efendi\.m2\repository\ch\qos\logback\logback-classic\1.2.10\logback-classic-1.2.10.jar;C:\Users\Yusuf Efendi\.m2\repository\ch\qos\logback\logback-core\1.2.10\logback-core-1.2.10.jar;C:\Users\Yusuf Efendi\.m2\repository\org\slf4j\slf4j-api\1.7.32\slf4j-api-1.7.32.jar;C:\Users\Yusuf Efendi\.m2\repository\org\assertj\assertj-core\3.6.2\assertj-core-3.6.2.jar;C:\Users\Yusuf Efendi\.m2\repository\org\apache\maven\surefire\surefire-junit-platform\3.0.0-M5\surefire-junit-platform-3.0.0-M5.jar;C:\Users\Yusuf Efendi\.m2\repository\org\apache\maven\surefire\common-java5\3.0.0-M5\common-java5-3.0.0-M5.jar"/>
    <property name="user.script" value=""/>
    <property name="java.protocol.handler.pkgs" value="com.google.common"/>
    <property name="sun.management.compiler" value="HotSpot 64-Bit Tiered Compilers"/>
    <property name="java.runtime.version" value="11.0.17+10-LTS-269"/>
    <property name="user.name" value="Yusuf Efendi"/>
    <property name="path.separator" value=";"/>
    <property name="os.version" value="10.0"/>
    <property name="java.runtime.name" value="Java(TM) SE Runtime Environment"/>
    <property name="file.encoding" value="Cp1252"/>
    <property name="webdriver.base.url" value=""/>
    <property name="java.vm.name" value="Java HotSpot(TM) 64-Bit Server VM"/>
    <property name="java.vendor.version" value="18.9"/>
    <property name="localRepository" value="C:\Users\Yusuf Efendi\.m2\repository"/>
    <property name="java.vendor.url.bug" value="https://bugreport.java.com/bugreport/"/>
    <property name="java.io.tmpdir" value="C:\Users\YUSUFE~1\AppData\Local\Temp\"/>
    <property name="java.version" value="11.0.17"/>
    <property name="user.dir" value="D:\miniproject\webtesting"/>
    <property name="os.arch" value="amd64"/>
    <property name="java.vm.specification.name" value="Java Virtual Machine Specification"/>
    <property name="java.awt.printerjob" value="sun.awt.windows.WPrinterJob"/>
    <property name="sun.os.patch.level" value=""/>
    <property name="java.library.path" value="C:\Program Files\Java\jdk-11.0.17\bin;C:\Windows\Sun\Java\bin;C:\Windows\system32;C:\Windows;C:\Program Files\Java\jdk-11.0.17\bin;C:\Python310\Scripts\;C:\Python310\;C:\Program Files\Common Files\Oracle\Java\javapath;C:\Program Files (x86)\Common Files\Oracle\Java\javapath;C:\Program Files\Java\jdk-19;C:\Program Files\apache-maven-3.8.6;C:\Windows\system32;C:\Windows;C:\Windows\System32\Wbem;C:\Windows\System32\WindowsPowerShell\v1.0\;C:\Windows\System32\OpenSSH\;C:\Program Files (x86)\NVIDIA Corporation\PhysX\Common;C:\Program Files\apache-maven-3.8.6\bin;C:\Program Files\Git\cmd;C:\Users\Yusuf Efendi\AppData\Local\Android\Sdk\platform-tools;C:\Program Files\nodejs\;C:\ProgramData\chocolatey\bin;C:\Program Files\NVIDIA Corporation\NVIDIA NvDLISR;C:\Users\Yusuf Efendi\AppData\Local\Microsoft\WindowsApps;;C:\Users\Yusuf Efendi\AppData\Local\Programs\Microsoft VS Code\bin;C:\Users\Yusuf Efendi\AppData\Roaming\npm;."/>
    <property name="java.vendor" value="Oracle Corporation"/>
    <property name="java.vm.info" value="mixed mode"/>
    <property name="java.vm.version" value="11.0.17+10-LTS-269"/>
    <property name="sun.io.unicode.encoding" value="UnicodeLittle"/>
    <property name="java.class.version" value="55.0"/>
  </properties>
  <testcase name="User click buy button" classname="Beli" time="17.63">
    <system-out><![CDATA[21:09:49.149 [main] INFO io.cucumber.core.plugin.SerenityReporter - Running feature from file:///D:/miniproject/webtesting/src/test/resources/features/beli.feature
21:09:49.327 [main] INFO  - 

-------------------------------------------------------------------------------------
     _______. _______ .______       _______ .__   __.  __  .___________.____    ____ 
    /       ||   ____||   _  \     |   ____||  \ |  | |  | |           |\   \  /   / 
   |   (----`|  |__   |  |_)  |    |  |__   |   \|  | |  | `---|  |----` \   \/   /  
    \   \    |   __|  |      /     |   __|  |  . `  | |  |     |  |       \_    _/   
.----)   |   |  |____ |  |\  \----.|  |____ |  |\   | |  |     |  |         |  |     
|_______/    |_______|| _| `._____||_______||__| \__| |__|     |__|         |__|    
                                                                                     
 News and tutorials at http://www.serenity-bdd.info                                  
 Documentation at https://wakaleo.gitbooks.io/the-serenity-book/content/             
 Join the Serenity Community on Gitter: https://gitter.im/serenity-bdd/serenity-core 
 Serenity BDD Support and Training at http://serenity-bdd.info/#/trainingandsupport  
-------------------------------------------------------------------------------------

21:09:49.330 [main] DEBUG net.thucydides.core.steps.StepEventBus - Test suite started for story net.thucydides.core.model.Story@4f62b08
21:09:49.337 [main] INFO  - Test Suite Started: Beli
21:09:49.356 [main] INFO io.cucumber.core.plugin.SerenityReporter - Running feature from file:///D:/miniproject/webtesting/src/test/resources/features/cart.feature
21:09:49.361 [main] DEBUG net.thucydides.core.steps.StepEventBus - Test suite started for story net.thucydides.core.model.Story@d1cacf08
21:09:49.363 [main] INFO  - Test Suite Started: Cart
21:09:49.363 [main] INFO io.cucumber.core.plugin.SerenityReporter - Running feature from file:///D:/miniproject/webtesting/src/test/resources/features/login.feature
21:09:49.374 [main] DEBUG net.thucydides.core.steps.StepEventBus - Test suite started for story net.thucydides.core.model.Story@f388ff28
21:09:49.374 [main] INFO  - Test Suite Started: Login
21:09:49.374 [main] INFO io.cucumber.core.plugin.SerenityReporter - Running feature from file:///D:/miniproject/webtesting/src/test/resources/features/logout.feature
21:09:49.379 [main] DEBUG net.thucydides.core.steps.StepEventBus - Test suite started for story net.thucydides.core.model.Story@b51a1248
21:09:49.379 [main] INFO  - Test Suite Started: Logout
21:09:49.379 [main] INFO io.cucumber.core.plugin.SerenityReporter - Running feature from file:///D:/miniproject/webtesting/src/test/resources/features/register.feature
21:09:49.387 [main] DEBUG net.thucydides.core.steps.StepEventBus - Test suite started for story net.thucydides.core.model.Story@63230c68
21:09:49.388 [main] INFO  - Test Suite Started: Register
21:09:49.389 [main] INFO io.cucumber.core.plugin.SerenityReporter - Running feature from file:///D:/miniproject/webtesting/src/test/resources/features/beli.feature
21:09:49.392 [main] DEBUG net.thucydides.core.steps.StepEventBus - Test suite started for story net.thucydides.core.model.Story@4f62b08
21:09:49.392 [main] INFO  - Test Suite Started: Beli

@Beli
Scenario: User click buy button &amp#27;[90m# src/test/resources/features/beli.feature:7&amp#27;[0m
21:09:49.502 [main] INFO io.cucumber.core.plugin.SerenityReporter - Running feature from file:///D:/miniproject/webtesting/src/test/resources/features/beli.feature
21:09:49.653 [main] INFO  - 
  _____   ___   ___   _____     ___   _____     _     ___   _____   ___   ___  
 |_   _| | __| / __| |_   _|   / __| |_   _|   /_\   | _ \ |_   _| | __| |   \ 
   | |   | _|  \__ \   | |     \__ \   | |    / _ \  |   /   | |   | _|  | |) |
   |_|   |___| |___/   |_|     |___/   |_|   /_/ \_\ |_|_\   |_|   |___| |___/ 

User click buy button(beli;user-click-buy-button)
--------------------------------------------------------------------------------
21:09:50.588 [main] INFO net.serenitybdd.core.webdriver.driverproviders.ChromeDriverProvider - Using automatically driver download
21:09:51.427 [main] DEBUG io.github.bonigarcia.wdm.cache.ResolutionCache - Removing resolution chrome=107 from cache (expired on Mon Nov 07 17:35:28 ICT 2022)
21:09:51.458 [main] DEBUG org.apache.hc.client5.http.impl.classic.InternalHttpClient - ex-00000001: preparing request execution
21:09:51.464 [main] DEBUG org.apache.hc.client5.http.protocol.RequestAddCookies - Cookie spec selected: strict
21:09:51.472 [main] DEBUG org.apache.hc.client5.http.protocol.RequestAuthCache - Auth cache not set in the context
21:09:51.472 [main] DEBUG org.apache.hc.client5.http.impl.classic.ProtocolExec - ex-00000001: target auth state: UNCHALLENGED
21:09:51.473 [main] DEBUG org.apache.hc.client5.http.impl.classic.ProtocolExec - ex-00000001: proxy auth state: UNCHALLENGED
21:09:51.473 [main] DEBUG org.apache.hc.client5.http.impl.classic.ConnectExec - ex-00000001: acquiring connection with route {s}->https://raw.githubusercontent.com:443
21:09:51.473 [main] DEBUG org.apache.hc.client5.http.impl.classic.InternalHttpClient - ex-00000001: acquiring endpoint (3 MINUTES)
21:09:51.475 [main] DEBUG org.apache.hc.client5.http.impl.io.PoolingHttpClientConnectionManager - ex-00000001: endpoint lease request (3 MINUTES) [route: {s}->https://raw.githubusercontent.com:443][total available: 0; route allocated: 0 of 5; total allocated: 0 of 25]
21:09:51.480 [main] DEBUG org.apache.hc.client5.http.impl.io.PoolingHttpClientConnectionManager - ex-00000001: endpoint leased [route: {s}->https://raw.githubusercontent.com:443][total available: 0; route allocated: 1 of 5; total allocated: 1 of 25]
21:09:51.493 [main] DEBUG org.apache.hc.client5.http.impl.io.PoolingHttpClientConnectionManager - ex-00000001: acquired ep-00000000
21:09:51.493 [main] DEBUG org.apache.hc.client5.http.impl.classic.InternalHttpClient - ex-00000001: acquired endpoint ep-00000000
21:09:51.493 [main] DEBUG org.apache.hc.client5.http.impl.classic.ConnectExec - ex-00000001: opening connection {s}->https://raw.githubusercontent.com:443
21:09:51.494 [main] DEBUG org.apache.hc.client5.http.impl.classic.InternalHttpClient - ep-00000000: connecting endpoint (30 SECONDS)
21:09:51.494 [main] DEBUG org.apache.hc.client5.http.impl.io.PoolingHttpClientConnectionManager - ep-00000000: connecting endpoint to https://raw.githubusercontent.com:443 (30 SECONDS)
21:09:51.519 [main] DEBUG org.apache.hc.client5.http.impl.io.DefaultHttpClientConnectionOperator - http-outgoing-0: connecting to raw.githubusercontent.com/185.199.108.133:443
21:09:51.519 [main] DEBUG org.apache.hc.client5.http.ssl.SSLConnectionSocketFactory - Connecting socket to raw.githubusercontent.com/185.199.108.133:443 with timeout 30 SECONDS
21:09:51.632 [main] DEBUG org.apache.hc.client5.http.ssl.SSLConnectionSocketFactory - Enabled protocols: [TLSv1.3, TLSv1.2]
21:09:51.632 [main] DEBUG org.apache.hc.client5.http.ssl.SSLConnectionSocketFactory - Enabled cipher suites: [TLS_AES_256_GCM_SHA384, TLS_AES_128_GCM_SHA256, TLS_CHACHA20_POLY1305_SHA256, TLS_ECDHE_ECDSA_WITH_AES_256_GCM_SHA384, TLS_ECDHE_ECDSA_WITH_AES_128_GCM_SHA256, TLS_ECDHE_ECDSA_WITH_CHACHA20_POLY1305_SHA256, TLS_ECDHE_RSA_WITH_AES_256_GCM_SHA384, TLS_ECDHE_RSA_WITH_CHACHA20_POLY1305_SHA256, TLS_ECDHE_RSA_WITH_AES_128_GCM_SHA256, TLS_DHE_RSA_WITH_AES_256_GCM_SHA384, TLS_DHE_RSA_WITH_CHACHA20_POLY1305_SHA256, TLS_DHE_DSS_WITH_AES_256_GCM_SHA384, TLS_DHE_RSA_WITH_AES_128_GCM_SHA256, TLS_DHE_DSS_WITH_AES_128_GCM_SHA256, TLS_ECDHE_ECDSA_WITH_AES_256_CBC_SHA384, TLS_ECDHE_RSA_WITH_AES_256_CBC_SHA384, TLS_ECDHE_ECDSA_WITH_AES_128_CBC_SHA256, TLS_ECDHE_RSA_WITH_AES_128_CBC_SHA256, TLS_DHE_RSA_WITH_AES_256_CBC_SHA256, TLS_DHE_DSS_WITH_AES_256_CBC_SHA256, TLS_DHE_RSA_WITH_AES_128_CBC_SHA256, TLS_DHE_DSS_WITH_AES_128_CBC_SHA256, TLS_ECDH_ECDSA_WITH_AES_256_GCM_SHA384, TLS_ECDH_RSA_WITH_AES_256_GCM_SHA384, TLS_ECDH_ECDSA_WITH_AES_128_GCM_SHA256, TLS_ECDH_RSA_WITH_AES_128_GCM_SHA256, TLS_ECDH_ECDSA_WITH_AES_256_CBC_SHA384, TLS_ECDH_RSA_WITH_AES_256_CBC_SHA384, TLS_ECDH_ECDSA_WITH_AES_128_CBC_SHA256, TLS_ECDH_RSA_WITH_AES_128_CBC_SHA256, TLS_ECDHE_ECDSA_WITH_AES_256_CBC_SHA, TLS_ECDHE_RSA_WITH_AES_256_CBC_SHA, TLS_ECDHE_ECDSA_WITH_AES_128_CBC_SHA, TLS_ECDHE_RSA_WITH_AES_128_CBC_SHA, TLS_DHE_RSA_WITH_AES_256_CBC_SHA, TLS_DHE_DSS_WITH_AES_256_CBC_SHA, TLS_DHE_RSA_WITH_AES_128_CBC_SHA, TLS_DHE_DSS_WITH_AES_128_CBC_SHA, TLS_ECDH_ECDSA_WITH_AES_256_CBC_SHA, TLS_ECDH_RSA_WITH_AES_256_CBC_SHA, TLS_ECDH_ECDSA_WITH_AES_128_CBC_SHA, TLS_ECDH_RSA_WITH_AES_128_CBC_SHA, TLS_RSA_WITH_AES_256_GCM_SHA384, TLS_RSA_WITH_AES_128_GCM_SHA256, TLS_RSA_WITH_AES_256_CBC_SHA256, TLS_RSA_WITH_AES_128_CBC_SHA256, TLS_RSA_WITH_AES_256_CBC_SHA, TLS_RSA_WITH_AES_128_CBC_SHA, TLS_EMPTY_RENEGOTIATION_INFO_SCSV]
21:09:51.632 [main] DEBUG org.apache.hc.client5.http.ssl.SSLConnectionSocketFactory - Starting handshake
21:09:51.830 [main] DEBUG org.apache.hc.client5.http.ssl.SSLConnectionSocketFactory - Secure session established
21:09:51.830 [main] DEBUG org.apache.hc.client5.http.ssl.SSLConnectionSocketFactory -  negotiated protocol: TLSv1.3
21:09:51.830 [main] DEBUG org.apache.hc.client5.http.ssl.SSLConnectionSocketFactory -  negotiated cipher suite: TLS_AES_256_GCM_SHA384
21:09:51.831 [main] DEBUG org.apache.hc.client5.http.ssl.SSLConnectionSocketFactory -  peer principal: CN=*.github.io, O="GitHub, Inc.", L=San Francisco, ST=California, C=US
21:09:51.832 [main] DEBUG org.apache.hc.client5.http.ssl.SSLConnectionSocketFactory -  peer alternative names: [*.github.io, github.com, *.github.com, www.github.com, github.io, githubusercontent.com, *.githubusercontent.com]
21:09:51.832 [main] DEBUG org.apache.hc.client5.http.ssl.SSLConnectionSocketFactory -  issuer principal: CN=DigiCert TLS RSA SHA256 2020 CA1, O=DigiCert Inc, C=US
21:09:51.832 [main] DEBUG org.apache.hc.client5.http.impl.io.DefaultHttpClientConnectionOperator - http-outgoing-0: connection established 192.168.1.6:61336<->185.199.108.133:443
21:09:51.833 [main] DEBUG org.apache.hc.client5.http.impl.io.PoolingHttpClientConnectionManager - ep-00000000: connected http-outgoing-0
21:09:51.833 [main] DEBUG org.apache.hc.client5.http.impl.classic.InternalHttpClient - ep-00000000: endpoint connected
21:09:51.834 [main] DEBUG org.apache.hc.client5.http.impl.classic.MainClientExec - ex-00000001: executing GET /bonigarcia/webdrivermanager/master/src/main/resources/commands.properties HTTP/1.1
21:09:51.834 [main] DEBUG org.apache.hc.client5.http.impl.classic.InternalHttpClient - ep-00000000: start execution ex-00000001
21:09:51.834 [main] DEBUG org.apache.hc.client5.http.impl.io.PoolingHttpClientConnectionManager - ep-00000000: executing exchange ex-00000001 over http-outgoing-0
21:09:51.835 [main] DEBUG org.apache.hc.client5.http.headers - http-outgoing-0 >> GET /bonigarcia/webdrivermanager/master/src/main/resources/commands.properties HTTP/1.1
21:09:51.835 [main] DEBUG org.apache.hc.client5.http.headers - http-outgoing-0 >> user-agent: Apache-HttpClient/5.0
21:09:51.835 [main] DEBUG org.apache.hc.client5.http.headers - http-outgoing-0 >> accept-encoding: gzip, deflate, br
21:09:51.835 [main] DEBUG org.apache.hc.client5.http.headers - http-outgoing-0 >> cache-control: max-age=0
21:09:51.835 [main] DEBUG org.apache.hc.client5.http.headers - http-outgoing-0 >> connection: keep-alive
21:09:51.835 [main] DEBUG org.apache.hc.client5.http.headers - http-outgoing-0 >> Host: raw.githubusercontent.com
21:09:51.835 [main] DEBUG org.apache.hc.client5.http.wire - http-outgoing-0 >> "GET /bonigarcia/webdrivermanager/master/src/main/resources/commands.properties HTTP/1.1[\r][\n]"
21:09:51.835 [main] DEBUG org.apache.hc.client5.http.wire - http-outgoing-0 >> "user-agent: Apache-HttpClient/5.0[\r][\n]"
21:09:51.835 [main] DEBUG org.apache.hc.client5.http.wire - http-outgoing-0 >> "accept-encoding: gzip, deflate, br[\r][\n]"
21:09:51.835 [main] DEBUG org.apache.hc.client5.http.wire - http-outgoing-0 >> "cache-control: max-age=0[\r][\n]"
21:09:51.835 [main] DEBUG org.apache.hc.client5.http.wire - http-outgoing-0 >> "connection: keep-alive[\r][\n]"
21:09:51.835 [main] DEBUG org.apache.hc.client5.http.wire - http-outgoing-0 >> "Host: raw.githubusercontent.com[\r][\n]"
21:09:51.835 [main] DEBUG org.apache.hc.client5.http.wire - http-outgoing-0 >> "[\r][\n]"
21:09:51.866 [main] DEBUG org.apache.hc.client5.http.wire - http-outgoing-0 << "HTTP/1.1 200 OK[\r][\n]"
21:09:51.866 [main] DEBUG org.apache.hc.client5.http.wire - http-outgoing-0 << "Connection: keep-alive[\r][\n]"
21:09:51.866 [main] DEBUG org.apache.hc.client5.http.wire - http-outgoing-0 << "Content-Length: 723[\r][\n]"
21:09:51.868 [main] DEBUG org.apache.hc.client5.http.wire - http-outgoing-0 << "Cache-Control: max-age=300[\r][\n]"
21:09:51.868 [main] DEBUG org.apache.hc.client5.http.wire - http-outgoing-0 << "Content-Security-Policy: default-src 'none'; style-src 'unsafe-inline'; sandbox[\r][\n]"
21:09:51.868 [main] DEBUG org.apache.hc.client5.http.wire - http-outgoing-0 << "Content-Type: text/plain; charset=utf-8[\r][\n]"
21:09:51.868 [main] DEBUG org.apache.hc.client5.http.wire - http-outgoing-0 << "ETag: W/"e82b438271e9e8680c688b0b680efd0bdd22faa6d6f0a32fc1fd8accc486b67e"[\r][\n]"
21:09:51.868 [main] DEBUG org.apache.hc.client5.http.wire - http-outgoing-0 << "Strict-Transport-Security: max-age=31536000[\r][\n]"
21:09:51.868 [main] DEBUG org.apache.hc.client5.http.wire - http-outgoing-0 << "X-Content-Type-Options: nosniff[\r][\n]"
21:09:51.868 [main] DEBUG org.apache.hc.client5.http.wire - http-outgoing-0 << "X-Frame-Options: deny[\r][\n]"
21:09:51.868 [main] DEBUG org.apache.hc.client5.http.wire - http-outgoing-0 << "X-XSS-Protection: 1; mode=block[\r][\n]"
21:09:51.868 [main] DEBUG org.apache.hc.client5.http.wire - http-outgoing-0 << "X-GitHub-Request-Id: 5CBE:6A84:347346:454C2A:6365B55D[\r][\n]"
21:09:51.868 [main] DEBUG org.apache.hc.client5.http.wire - http-outgoing-0 << "Content-Encoding: gzip[\r][\n]"
21:09:51.868 [main] DEBUG org.apache.hc.client5.http.wire - http-outgoing-0 << "Accept-Ranges: bytes[\r][\n]"
21:09:51.868 [main] DEBUG org.apache.hc.client5.http.wire - http-outgoing-0 << "Date: Tue, 08 Nov 2022 14:09:55 GMT[\r][\n]"
21:09:51.868 [main] DEBUG org.apache.hc.client5.http.wire - http-outgoing-0 << "Via: 1.1 varnish[\r][\n]"
21:09:51.868 [main] DEBUG org.apache.hc.client5.http.wire - http-outgoing-0 << "X-Served-By: cache-qpg1239-QPG[\r][\n]"
21:09:51.868 [main] DEBUG org.apache.hc.client5.http.wire - http-outgoing-0 << "X-Cache: HIT[\r][\n]"
21:09:51.868 [main] DEBUG org.apache.hc.client5.http.wire - http-outgoing-0 << "X-Cache-Hits: 1[\r][\n]"
21:09:51.869 [main] DEBUG org.apache.hc.client5.http.wire - http-outgoing-0 << "X-Timer: S1667916595.187749,VS0,VE2[\r][\n]"
21:09:51.869 [main] DEBUG org.apache.hc.client5.http.wire - http-outgoing-0 << "Vary: Authorization,Accept-Encoding,Origin[\r][\n]"
21:09:51.869 [main] DEBUG org.apache.hc.client5.http.wire - http-outgoing-0 << "Access-Control-Allow-Origin: *[\r][\n]"
21:09:51.869 [main] DEBUG org.apache.hc.client5.http.wire - http-outgoing-0 << "X-Fastly-Request-ID: 3ecc7aa52c450ed9e9c295b53c4da61a8f077a8e[\r][\n]"
21:09:51.869 [main] DEBUG org.apache.hc.client5.http.wire - http-outgoing-0 << "Expires: Tue, 08 Nov 2022 14:14:55 GMT[\r][\n]"
21:09:51.869 [main] DEBUG org.apache.hc.client5.http.wire - http-outgoing-0 << "Source-Age: 4[\r][\n]"
21:09:51.869 [main] DEBUG org.apache.hc.client5.http.wire - http-outgoing-0 << "[\r][\n]"
21:09:51.872 [main] DEBUG org.apache.hc.client5.http.headers - http-outgoing-0 << HTTP/1.1 200 OK
21:09:51.872 [main] DEBUG org.apache.hc.client5.http.headers - http-outgoing-0 << Connection: keep-alive
21:09:51.872 [main] DEBUG org.apache.hc.client5.http.headers - http-outgoing-0 << Content-Length: 723
21:09:51.872 [main] DEBUG org.apache.hc.client5.http.headers - http-outgoing-0 << Cache-Control: max-age=300
21:09:51.872 [main] DEBUG org.apache.hc.client5.http.headers - http-outgoing-0 << Content-Security-Policy: default-src 'none'; style-src 'unsafe-inline'; sandbox
21:09:51.872 [main] DEBUG org.apache.hc.client5.http.headers - http-outgoing-0 << Content-Type: text/plain; charset=utf-8
21:09:51.872 [main] DEBUG org.apache.hc.client5.http.headers - http-outgoing-0 << ETag: W/"e82b438271e9e8680c688b0b680efd0bdd22faa6d6f0a32fc1fd8accc486b67e"
21:09:51.872 [main] DEBUG org.apache.hc.client5.http.headers - http-outgoing-0 << Strict-Transport-Security: max-age=31536000
21:09:51.872 [main] DEBUG org.apache.hc.client5.http.headers - http-outgoing-0 << X-Content-Type-Options: nosniff
21:09:51.872 [main] DEBUG org.apache.hc.client5.http.headers - http-outgoing-0 << X-Frame-Options: deny
21:09:51.872 [main] DEBUG org.apache.hc.client5.http.headers - http-outgoing-0 << X-XSS-Protection: 1; mode=block
21:09:51.872 [main] DEBUG org.apache.hc.client5.http.headers - http-outgoing-0 << X-GitHub-Request-Id: 5CBE:6A84:347346:454C2A:6365B55D
21:09:51.872 [main] DEBUG org.apache.hc.client5.http.headers - http-outgoing-0 << Content-Encoding: gzip
21:09:51.873 [main] DEBUG org.apache.hc.client5.http.headers - http-outgoing-0 << Accept-Ranges: bytes
21:09:51.873 [main] DEBUG org.apache.hc.client5.http.headers - http-outgoing-0 << Date: Tue, 08 Nov 2022 14:09:55 GMT
21:09:51.873 [main] DEBUG org.apache.hc.client5.http.headers - http-outgoing-0 << Via: 1.1 varnish
21:09:51.873 [main] DEBUG org.apache.hc.client5.http.headers - http-outgoing-0 << X-Served-By: cache-qpg1239-QPG
21:09:51.873 [main] DEBUG org.apache.hc.client5.http.headers - http-outgoing-0 << X-Cache: HIT
21:09:51.873 [main] DEBUG org.apache.hc.client5.http.headers - http-outgoing-0 << X-Cache-Hits: 1
21:09:51.873 [main] DEBUG org.apache.hc.client5.http.headers - http-outgoing-0 << X-Timer: S1667916595.187749,VS0,VE2
21:09:51.873 [main] DEBUG org.apache.hc.client5.http.headers - http-outgoing-0 << Vary: Authorization,Accept-Encoding,Origin
21:09:51.873 [main] DEBUG org.apache.hc.client5.http.headers - http-outgoing-0 << Access-Control-Allow-Origin: *
21:09:51.873 [main] DEBUG org.apache.hc.client5.http.headers - http-outgoing-0 << X-Fastly-Request-ID: 3ecc7aa52c450ed9e9c295b53c4da61a8f077a8e
21:09:51.873 [main] DEBUG org.apache.hc.client5.http.headers - http-outgoing-0 << Expires: Tue, 08 Nov 2022 14:14:55 GMT
21:09:51.873 [main] DEBUG org.apache.hc.client5.http.headers - http-outgoing-0 << Source-Age: 4
21:09:51.878 [main] DEBUG org.apache.hc.client5.http.impl.classic.MainClientExec - ex-00000001: connection can be kept alive for 3 MINUTES
21:09:51.883 [main] DEBUG org.apache.hc.client5.http.wire - http-outgoing-0 << "[0x1f][0xffffff8b][0x8][0x0][0x0][0x0][0x0][0x0][0x0][0x3][0xffffffb5]V]o[0xffffffda]0[0x14]}[0xffffffe7]W\[0xffffff81]*[0xffffffb5][0x12][0x1f][[M[0xffffffd3]$[0x1e]hF[0xffffffbb]i [0x18][0xffffffb4][0xffffffdd]&[0xfffffff9][0xffffffc5]$7[0xffffffc1]R[0x12]#;[0xffffff94]v[0xffffffbf]~[0xffffffb6][0xfffffff3]1[0xffffff92][0xffffff9a][0xffffffc1][0x1a]x[0xffffffcb][0xffffffb5][0xffffffaf][0xffffffcf]9[0xffffffbe][0xfffffff7]8v[0xb][0x1c][0x1e]E4[0xfffffff6]$x4[0xffffffa1][0xb]*[0xffffffb1][0xffffffd1][0xffffff82][0xfffffffb]%[0xffffff93][0xffffffe0][0xffffffb3][0x10][0xffffffc1][0xffffffe5]qBY,!Y[0xffffffea] KM8,[0x10][0xfffffff0][0x19][0xffffffdd]u[0xffffff82][0x1e][0xffffffb0][0xffffffd8]L[0xffffffcb]%[0xffffff86][0xffffffa1][0xe][0xffffffb8][0xfffffff0]P[0xffffffe8]$[0xf][0x13]t[0x13]3[0xfffffff9][0xffffff84]B2[0xffffffae][0xffffffe6]|@[0xfffffff5][0x1d][0x8][0xffffffc4][0x18][0x16][0xffffff82]o[0xffffffa4][0xffffff9a]P[0xffffff94][0xffffffe7][0xffffffce]R[0xfffffff0][0x8][0xffffffdb]p[0xffffffcb][0x4][0xfffffffa][0xfffffffc][0xffffffb9][\r][0xffffff93][0x15][\n]"
21:09:51.883 [main] DEBUG org.apache.hc.client5.http.wire - http-outgoing-0 << "[0xffffffda][0xffffff86][0xffffffa1][0x17][0xffffffa8]Q3[0xffffffcb][0xffffffd6][0xffffffd1][0xffffff85][0xffffffc6][0xfffffff7][0xffffff98][0xffffffef][0xffffffa3][0xffffffc0]8[0x1][0xffffffae]s[0x12][0x16][0x7] _d[0xffffff82][0xffffff91][0xffffff84][0xfffffff3][0x1f],[0xfffffff6][0x14]j[0x1b]F,^+[0xffffff98]1ua2[0xffffffbf]h([0xffffff8e][0xffffff94][0xffffffa2][0xffffff91]m[0xffffffa3][0xffffffeb][0xffffff9a][0xffffffb0][0xffffffbb]I[0x17]t[0xffffffdf][0xffffffbd][0xffffffef][0xffffffbb][0xffffff91][0xffffffd7]U[0xffffffbb][0xffffff82][0xffffff9e][0x3][0xffffff9b][0xffffff88][0xffffffb9][0xffffffa6]$[0xffffffa6][0xc][0xffffff9b][0xffffffa5][0xffffffe2][0xffffff83][0xffffff98]F[0xffffffd8]o[0xffffff9e]Mg[0xffffff93][0xffffffbb][0xffffffd9]`|[0xfffffffb]u4[0xffffff9c][0x7f]"}B[0xffffffce][0x8][0xffffffb9][0xffffffe3]<[0x8][0xffffff91][0xffffff90][0xffffff94][0xffffff82][0xffffff90][0xffffffc1]j[0x15]2WI[0xffffffe3]1![0x19][0xffffff91]BnB[0xffffff80][0x9]<f[0xffffffb5][0xffffffe8]=[0xffffffd1]p[0xffffffbd][[0xffffffcf][0xffffffe5][0x1b][0xfffffff4][0xffffff9c][0xffffffff][0xfffffffc][0xfffffff8][0xffffffe1][0xffffffe2][0xffffff94][0xffffffa2][0xffffffae][0xe][0x14]5[0xffffff9a]8[0xffffff83][0xffffffd1]`:[0xfffffffd]<[0xffffffb8][0x1f][0xffffff9c]R[0xffffffcf]u[0x7f]6[0xffffffbc][0xffffff83][0xffffffef][0xf][0xffffffc3][0xffffffd9]/[0xfffffff8][0xfffffff2][0xffffffcd]y s[0xffffffee]'[0x1b]*0g[0xffffffcb][0xffffffc8]nF7H][0xffffff83][0xffffff97]{[0xffffffb1]Q[0x5][\r][0xffffffb5]c[0xffffffb4][0xf][0x2][0xffffffb3][0xffffffb4][0xffffff93][0xe]C[0xffffffa7][0xffffffb3]kAD][0xffffff9d][0xffffffde][0xffffffdb][0xffffffda][0xffffff88][0xffffffec][0xffffffa5][0xffffffbc][0xffffff99][0xffffffd9][0xffffffba]t[0xffffffb5][0xffffffea]9[0xffffffea][0x10])[0xffffffb7][0xffffffca][0xffffff9e][0xfffffff2][0xffffffe2]d^N[0xffffffd8]FW[0x16][0xffffffcd][0xffffffdc]_[0x10][0xfffffff9]i|[0x1c][0xffffff93][0xffffff8e][0xfffffff9]o[0x16][0xffffff86]4'!$G[0xffffffdf]W[0xfffffff4]W*j[[0xfffffff3]xR[0xffffffae][0xffffffb6][0xc][0xffffffd0],; #[0xffffffa9][0xffffff92]5[0xffffffb5][0x7][0xffffff9c][0xffffffb5][0xffffffd0][0x7f][0xffffff90][0xffffffc7]jgs[0xfffffffc][0xffffffc2][0xb][0xffffffd9][0x0]t[0xffffff9e]^'Y[0xfffffffb][0xffffff9f][0xffffffb1][0xffffffd8]:[0xffffffbf][0xffffff8d][0xffffffa5][0xffffff9a][0xffffffad][0x7f]m[0x5]&[0xffffffaa][0xffffffa0]^[0xffffff9b][0xffffffcb][0x5]f[0xffffffae][0xffffffe0]RU[0xffffff82][0x10]MS9l[0xffffff91]4t[0xfffffffb][0xffffff8a]][0xffffffd6][0xfffffff4][0xffffff96][0xffffffa6][0xffffff9f]P[0xffffffce][0xffffffd5][0xffffffce][0xffffff93][0xffffffff][0xffffff97][0xffffffcc]p[0xfffffffd][0xfffffff3][0xffffffe8][0x1b][0xffffffcc][0xffffffa2][0xffffffd9]Q[0xffffffbe][0xffffffb2][0xffffffa3][0xffffffc7]m'[0xffffffdf][0xffffffe4][[0xfffffffb]^[0xffffffb0][0xffffff9a][0xffffffbe][0xffffffda][0xffffffda]_[0xffffffce][0xffffff80][0xffffffd2][0xffffffc1]7[0xffffffb7]][0xffffffc1]b[0xffffffee][0xffffffb5][0xffffffff]w[0xffffff83][0xffffffed][0xffffffa7];[0x15]<[0x10]4[0xffffff92][0xffffff84][0x18][\n]"
21:09:51.883 [main] DEBUG org.apache.hc.client5.http.wire - http-outgoing-0 << "BB[0xffffffba][0xffffff8e]][0xffffffb5]jo[0xffffffb9]+"[0xffffffea][0xffffffb4][0xffffffff]h"[0xffffffea]\?5[0xffffffa9][0xffffffaf]k[0xffffffec][0xffffffff]P[0xffffffea][\n]"
21:09:51.884 [main] DEBUG org.apache.hc.client5.http.wire - http-outgoing-0 << "w[0xffffffe1]K[0x13][0xffffffda][0xffffffec][0xffffff98][0xffffffe6]Y[0xfffffffd]h8m6[0xffffff9c]T[0xffffffc1][0xfffffff2][0xffffffa7][0xffffff91]z_[0xffffff95]o85p[0x1c][0x13][0xffffffe6][0xfffffff0]5[0xffffffee][0xfffffffc][0xffffff92][0xffffff96][0xffffffda][0xfffffff7][0xffffffcf][0xffffffb1][0x5][0x1d][0xffffffea]K[0xffffff9b]9[0xffffff8e][0xffffffad]e[0xfffffff7][0xffffff93][0xffffffa8]`[0xffffffda][0xffffffff][0x1a][0xffffffd2][0xffffff88][0xffffff85][0xfffffffd][0xfffffff2][0xffffff91]N[0xfffffff6]`[0xffffffdf]2[0xffffffcf][0xffffffae]E[0xffffff97][0xffffffc5][0xffffffa2][0xffffff9d][0xffffffef]'[0xffffff9d]mun.[0xffffffd3]f^[0xffffffc7][0xffffff82][0xffffffda][0xffffff82]9[0xfffffff5][0xffffffa9]`[0x5][0xffffffbc]4[0xffffffa1][0x1d]<M[0xffffffb5]A[0xffffffa7]3[[0xffffffc0][0x7f][0x0][0xffffffc1][0xffffffd0]$[0xffffff85][0x1d][\r][0x0][0x0]"
21:09:51.884 [main] DEBUG org.apache.hc.client5.http.impl.classic.InternalHttpClient - ep-00000000: releasing valid endpoint
21:09:51.885 [main] DEBUG org.apache.hc.client5.http.impl.io.PoolingHttpClientConnectionManager - ep-00000000: releasing endpoint
21:09:51.885 [main] DEBUG org.apache.hc.client5.http.impl.io.PoolingHttpClientConnectionManager - ep-00000000: connection http-outgoing-0 can be kept alive for 3 MINUTES
21:09:51.885 [main] DEBUG org.apache.hc.client5.http.impl.io.PoolingHttpClientConnectionManager - ep-00000000: connection released [route: {s}->https://raw.githubusercontent.com:443][total available: 1; route allocated: 1 of 5; total allocated: 1 of 25]
21:09:51.886 [main] DEBUG io.github.bonigarcia.wdm.versions.VersionDetector - Detecting chrome version using online commands.properties
21:09:51.888 [main] DEBUG io.github.bonigarcia.wdm.versions.Shell - Running command on the shell: [cmd.exe, /C, wmic, datafile, where, name="%PROGRAMFILES:\=\\%\\Google\\Chrome\\Application\\chrome.exe", get, Version, /value]
21:09:52.058 [main] DEBUG io.github.bonigarcia.wdm.versions.Shell - Result: 
21:09:52.058 [main] DEBUG io.github.bonigarcia.wdm.versions.Shell - Running command on the shell: [cmd.exe, /C, wmic, datafile, where, name="%PROGRAMFILES(X86):\=\\%\\Google\\Chrome\\Application\\chrome.exe", get, Version, /value]
21:09:52.141 [main] DEBUG io.github.bonigarcia.wdm.versions.Shell - Result: Version=107.0.5304.88
21:09:52.146 [main] DEBUG io.github.bonigarcia.wdm.cache.ResolutionCache - Removing resolution chrome107=107.0.5304.62 from cache (expired on Mon Nov 07 21:54:16 ICT 2022)
21:09:52.150 [main] DEBUG org.apache.hc.client5.http.impl.classic.InternalHttpClient - ex-00000002: preparing request execution
21:09:52.150 [main] DEBUG org.apache.hc.client5.http.protocol.RequestAddCookies - Cookie spec selected: strict
21:09:52.150 [main] DEBUG org.apache.hc.client5.http.protocol.RequestAuthCache - Auth cache not set in the context
21:09:52.150 [main] DEBUG org.apache.hc.client5.http.impl.classic.ProtocolExec - ex-00000002: target auth state: UNCHALLENGED
21:09:52.150 [main] DEBUG org.apache.hc.client5.http.impl.classic.ProtocolExec - ex-00000002: proxy auth state: UNCHALLENGED
21:09:52.150 [main] DEBUG org.apache.hc.client5.http.impl.classic.ConnectExec - ex-00000002: acquiring connection with route {s}->https://chromedriver.storage.googleapis.com:443
21:09:52.150 [main] DEBUG org.apache.hc.client5.http.impl.classic.InternalHttpClient - ex-00000002: acquiring endpoint (3 MINUTES)
21:09:52.150 [main] DEBUG org.apache.hc.client5.http.impl.io.PoolingHttpClientConnectionManager - ex-00000002: endpoint lease request (3 MINUTES) [route: {s}->https://chromedriver.storage.googleapis.com:443][total available: 1; route allocated: 0 of 5; total allocated: 1 of 25]
21:09:52.151 [main] DEBUG org.apache.hc.client5.http.impl.io.PoolingHttpClientConnectionManager - ex-00000002: endpoint leased [route: {s}->https://chromedriver.storage.googleapis.com:443][total available: 1; route allocated: 1 of 5; total allocated: 2 of 25]
21:09:52.151 [main] DEBUG org.apache.hc.client5.http.impl.io.PoolingHttpClientConnectionManager - ex-00000002: acquired ep-00000001
21:09:52.151 [main] DEBUG org.apache.hc.client5.http.impl.classic.InternalHttpClient - ex-00000002: acquired endpoint ep-00000001
21:09:52.151 [main] DEBUG org.apache.hc.client5.http.impl.classic.ConnectExec - ex-00000002: opening connection {s}->https://chromedriver.storage.googleapis.com:443
21:09:52.151 [main] DEBUG org.apache.hc.client5.http.impl.classic.InternalHttpClient - ep-00000001: connecting endpoint (30 SECONDS)
21:09:52.151 [main] DEBUG org.apache.hc.client5.http.impl.io.PoolingHttpClientConnectionManager - ep-00000001: connecting endpoint to https://chromedriver.storage.googleapis.com:443 (30 SECONDS)
21:09:52.187 [main] DEBUG org.apache.hc.client5.http.impl.io.DefaultHttpClientConnectionOperator - http-outgoing-1: connecting to chromedriver.storage.googleapis.com/34.101.5.16:443
21:09:52.187 [main] DEBUG org.apache.hc.client5.http.ssl.SSLConnectionSocketFactory - Connecting socket to chromedriver.storage.googleapis.com/34.101.5.16:443 with timeout 30 SECONDS
21:09:52.219 [main] DEBUG org.apache.hc.client5.http.ssl.SSLConnectionSocketFactory - Enabled protocols: [TLSv1.3, TLSv1.2]
21:09:52.219 [main] DEBUG org.apache.hc.client5.http.ssl.SSLConnectionSocketFactory - Enabled cipher suites: [TLS_AES_256_GCM_SHA384, TLS_AES_128_GCM_SHA256, TLS_CHACHA20_POLY1305_SHA256, TLS_ECDHE_ECDSA_WITH_AES_256_GCM_SHA384, TLS_ECDHE_ECDSA_WITH_AES_128_GCM_SHA256, TLS_ECDHE_ECDSA_WITH_CHACHA20_POLY1305_SHA256, TLS_ECDHE_RSA_WITH_AES_256_GCM_SHA384, TLS_ECDHE_RSA_WITH_CHACHA20_POLY1305_SHA256, TLS_ECDHE_RSA_WITH_AES_128_GCM_SHA256, TLS_DHE_RSA_WITH_AES_256_GCM_SHA384, TLS_DHE_RSA_WITH_CHACHA20_POLY1305_SHA256, TLS_DHE_DSS_WITH_AES_256_GCM_SHA384, TLS_DHE_RSA_WITH_AES_128_GCM_SHA256, TLS_DHE_DSS_WITH_AES_128_GCM_SHA256, TLS_ECDHE_ECDSA_WITH_AES_256_CBC_SHA384, TLS_ECDHE_RSA_WITH_AES_256_CBC_SHA384, TLS_ECDHE_ECDSA_WITH_AES_128_CBC_SHA256, TLS_ECDHE_RSA_WITH_AES_128_CBC_SHA256, TLS_DHE_RSA_WITH_AES_256_CBC_SHA256, TLS_DHE_DSS_WITH_AES_256_CBC_SHA256, TLS_DHE_RSA_WITH_AES_128_CBC_SHA256, TLS_DHE_DSS_WITH_AES_128_CBC_SHA256, TLS_ECDH_ECDSA_WITH_AES_256_GCM_SHA384, TLS_ECDH_RSA_WITH_AES_256_GCM_SHA384, TLS_ECDH_ECDSA_WITH_AES_128_GCM_SHA256, TLS_ECDH_RSA_WITH_AES_128_GCM_SHA256, TLS_ECDH_ECDSA_WITH_AES_256_CBC_SHA384, TLS_ECDH_RSA_WITH_AES_256_CBC_SHA384, TLS_ECDH_ECDSA_WITH_AES_128_CBC_SHA256, TLS_ECDH_RSA_WITH_AES_128_CBC_SHA256, TLS_ECDHE_ECDSA_WITH_AES_256_CBC_SHA, TLS_ECDHE_RSA_WITH_AES_256_CBC_SHA, TLS_ECDHE_ECDSA_WITH_AES_128_CBC_SHA, TLS_ECDHE_RSA_WITH_AES_128_CBC_SHA, TLS_DHE_RSA_WITH_AES_256_CBC_SHA, TLS_DHE_DSS_WITH_AES_256_CBC_SHA, TLS_DHE_RSA_WITH_AES_128_CBC_SHA, TLS_DHE_DSS_WITH_AES_128_CBC_SHA, TLS_ECDH_ECDSA_WITH_AES_256_CBC_SHA, TLS_ECDH_RSA_WITH_AES_256_CBC_SHA, TLS_ECDH_ECDSA_WITH_AES_128_CBC_SHA, TLS_ECDH_RSA_WITH_AES_128_CBC_SHA, TLS_RSA_WITH_AES_256_GCM_SHA384, TLS_RSA_WITH_AES_128_GCM_SHA256, TLS_RSA_WITH_AES_256_CBC_SHA256, TLS_RSA_WITH_AES_128_CBC_SHA256, TLS_RSA_WITH_AES_256_CBC_SHA, TLS_RSA_WITH_AES_128_CBC_SHA, TLS_EMPTY_RENEGOTIATION_INFO_SCSV]
21:09:52.219 [main] DEBUG org.apache.hc.client5.http.ssl.SSLConnectionSocketFactory - Starting handshake
21:09:52.282 [main] DEBUG org.apache.hc.client5.http.ssl.SSLConnectionSocketFactory - Secure session established
21:09:52.282 [main] DEBUG org.apache.hc.client5.http.ssl.SSLConnectionSocketFactory -  negotiated protocol: TLSv1.3
21:09:52.282 [main] DEBUG org.apache.hc.client5.http.ssl.SSLConnectionSocketFactory -  negotiated cipher suite: TLS_AES_256_GCM_SHA384
21:09:52.282 [main] DEBUG org.apache.hc.client5.http.ssl.SSLConnectionSocketFactory -  peer principal: CN=*.storage.googleapis.com
21:09:52.282 [main] DEBUG org.apache.hc.client5.http.ssl.SSLConnectionSocketFactory -  peer alternative names: [*.storage.googleapis.com, *.googleapis.com, commondatastorage.googleapis.com, *.commondatastorage.googleapis.com, storage.googleapis.com, storage.mtls.googleapis.com, *.appspot.com.storage.googleapis.com, *.content-storage.googleapis.com, *.content-storage-p2.googleapis.com, *.content-storage-upload.googleapis.com, *.content-storage-download.googleapis.com, *.storage-upload.googleapis.com, *.storage-download.googleapis.com]
21:09:52.282 [main] DEBUG org.apache.hc.client5.http.ssl.SSLConnectionSocketFactory -  issuer principal: CN=GTS CA 1C3, O=Google Trust Services LLC, C=US
21:09:52.282 [main] DEBUG org.apache.hc.client5.http.impl.io.DefaultHttpClientConnectionOperator - http-outgoing-1: connection established 192.168.1.6:61337<->34.101.5.16:443
21:09:52.283 [main] DEBUG org.apache.hc.client5.http.impl.io.PoolingHttpClientConnectionManager - ep-00000001: connected http-outgoing-1
21:09:52.283 [main] DEBUG org.apache.hc.client5.http.impl.classic.InternalHttpClient - ep-00000001: endpoint connected
21:09:52.283 [main] DEBUG org.apache.hc.client5.http.impl.classic.MainClientExec - ex-00000002: executing GET /LATEST_RELEASE_107 HTTP/1.1
21:09:52.283 [main] DEBUG org.apache.hc.client5.http.impl.classic.InternalHttpClient - ep-00000001: start execution ex-00000002
21:09:52.283 [main] DEBUG org.apache.hc.client5.http.impl.io.PoolingHttpClientConnectionManager - ep-00000001: executing exchange ex-00000002 over http-outgoing-1
21:09:52.283 [main] DEBUG org.apache.hc.client5.http.headers - http-outgoing-1 >> GET /LATEST_RELEASE_107 HTTP/1.1
21:09:52.283 [main] DEBUG org.apache.hc.client5.http.headers - http-outgoing-1 >> user-agent: Apache-HttpClient/5.0
21:09:52.283 [main] DEBUG org.apache.hc.client5.http.headers - http-outgoing-1 >> accept-encoding: gzip, deflate, br
21:09:52.283 [main] DEBUG org.apache.hc.client5.http.headers - http-outgoing-1 >> cache-control: max-age=0
21:09:52.283 [main] DEBUG org.apache.hc.client5.http.headers - http-outgoing-1 >> connection: keep-alive
21:09:52.283 [main] DEBUG org.apache.hc.client5.http.headers - http-outgoing-1 >> Host: chromedriver.storage.googleapis.com
21:09:52.283 [main] DEBUG org.apache.hc.client5.http.wire - http-outgoing-1 >> "GET /LATEST_RELEASE_107 HTTP/1.1[\r][\n]"
21:09:52.283 [main] DEBUG org.apache.hc.client5.http.wire - http-outgoing-1 >> "user-agent: Apache-HttpClient/5.0[\r][\n]"
21:09:52.283 [main] DEBUG org.apache.hc.client5.http.wire - http-outgoing-1 >> "accept-encoding: gzip, deflate, br[\r][\n]"
21:09:52.283 [main] DEBUG org.apache.hc.client5.http.wire - http-outgoing-1 >> "cache-control: max-age=0[\r][\n]"
21:09:52.283 [main] DEBUG org.apache.hc.client5.http.wire - http-outgoing-1 >> "connection: keep-alive[\r][\n]"
21:09:52.283 [main] DEBUG org.apache.hc.client5.http.wire - http-outgoing-1 >> "Host: chromedriver.storage.googleapis.com[\r][\n]"
21:09:52.283 [main] DEBUG org.apache.hc.client5.http.wire - http-outgoing-1 >> "[\r][\n]"
21:09:52.314 [main] DEBUG org.apache.hc.client5.http.wire - http-outgoing-1 << "HTTP/1.1 200 OK[\r][\n]"
21:09:52.315 [main] DEBUG org.apache.hc.client5.http.wire - http-outgoing-1 << "X-GUploader-UploadID: ADPycdvzelRmsMxHCg0a8zfW3RIEcQx13353fMN4o99G9qMpCKTmWArX52pgrIMnkOIdzHQXlWncsbLCWkxcI5KXZuv3yD1m0b_t[\r][\n]"
21:09:52.315 [main] DEBUG org.apache.hc.client5.http.wire - http-outgoing-1 << "x-goog-generation: 1666700463649955[\r][\n]"
21:09:52.315 [main] DEBUG org.apache.hc.client5.http.wire - http-outgoing-1 << "x-goog-metageneration: 1[\r][\n]"
21:09:52.315 [main] DEBUG org.apache.hc.client5.http.wire - http-outgoing-1 << "x-goog-stored-content-encoding: identity[\r][\n]"
21:09:52.315 [main] DEBUG org.apache.hc.client5.http.wire - http-outgoing-1 << "x-goog-stored-content-length: 13[\r][\n]"
21:09:52.315 [main] DEBUG org.apache.hc.client5.http.wire - http-outgoing-1 << "Content-Language: en[\r][\n]"
21:09:52.315 [main] DEBUG org.apache.hc.client5.http.wire - http-outgoing-1 << "x-goog-hash: crc32c=GZtV/w==[\r][\n]"
21:09:52.315 [main] DEBUG org.apache.hc.client5.http.wire - http-outgoing-1 << "x-goog-hash: md5=EquORKR7nNr13OnBqPO3SA==[\r][\n]"
21:09:52.315 [main] DEBUG org.apache.hc.client5.http.wire - http-outgoing-1 << "x-goog-storage-class: STANDARD[\r][\n]"
21:09:52.315 [main] DEBUG org.apache.hc.client5.http.wire - http-outgoing-1 << "Accept-Ranges: bytes[\r][\n]"
21:09:52.315 [main] DEBUG org.apache.hc.client5.http.wire - http-outgoing-1 << "Content-Length: 13[\r][\n]"
21:09:52.315 [main] DEBUG org.apache.hc.client5.http.wire - http-outgoing-1 << "Server: UploadServer[\r][\n]"
21:09:52.315 [main] DEBUG org.apache.hc.client5.http.wire - http-outgoing-1 << "Date: Tue, 08 Nov 2022 13:43:18 GMT[\r][\n]"
21:09:52.315 [main] DEBUG org.apache.hc.client5.http.wire - http-outgoing-1 << "Expires: Tue, 08 Nov 2022 14:43:18 GMT[\r][\n]"
21:09:52.315 [main] DEBUG org.apache.hc.client5.http.wire - http-outgoing-1 << "Cache-Control: public, max-age=3600[\r][\n]"
21:09:52.315 [main] DEBUG org.apache.hc.client5.http.wire - http-outgoing-1 << "Age: 1597[\r][\n]"
21:09:52.315 [main] DEBUG org.apache.hc.client5.http.wire - http-outgoing-1 << "Last-Modified: Tue, 25 Oct 2022 12:21:03 GMT[\r][\n]"
21:09:52.315 [main] DEBUG org.apache.hc.client5.http.wire - http-outgoing-1 << "ETag: "12ab8e44a47b9cdaf5dce9c1a8f3b748"[\r][\n]"
21:09:52.315 [main] DEBUG org.apache.hc.client5.http.wire - http-outgoing-1 << "Content-Type: text/plain[\r][\n]"
21:09:52.315 [main] DEBUG org.apache.hc.client5.http.wire - http-outgoing-1 << "Alt-Svc: h3=":443"; ma=2592000,h3-29=":443"; ma=2592000,h3-Q050=":443"; ma=2592000,h3-Q046=":443"; ma=2592000,h3-Q043=":443"; ma=2592000,quic=":443"; ma=2592000; v="46,43"[\r][\n]"
21:09:52.315 [main] DEBUG org.apache.hc.client5.http.wire - http-outgoing-1 << "[\r][\n]"
21:09:52.315 [main] DEBUG org.apache.hc.client5.http.wire - http-outgoing-1 << "107.0.5304.62"
21:09:52.315 [main] DEBUG org.apache.hc.client5.http.headers - http-outgoing-1 << HTTP/1.1 200 OK
21:09:52.315 [main] DEBUG org.apache.hc.client5.http.headers - http-outgoing-1 << X-GUploader-UploadID: ADPycdvzelRmsMxHCg0a8zfW3RIEcQx13353fMN4o99G9qMpCKTmWArX52pgrIMnkOIdzHQXlWncsbLCWkxcI5KXZuv3yD1m0b_t
21:09:52.315 [main] DEBUG org.apache.hc.client5.http.headers - http-outgoing-1 << x-goog-generation: 1666700463649955
21:09:52.315 [main] DEBUG org.apache.hc.client5.http.headers - http-outgoing-1 << x-goog-metageneration: 1
21:09:52.315 [main] DEBUG org.apache.hc.client5.http.headers - http-outgoing-1 << x-goog-stored-content-encoding: identity
21:09:52.315 [main] DEBUG org.apache.hc.client5.http.headers - http-outgoing-1 << x-goog-stored-content-length: 13
21:09:52.315 [main] DEBUG org.apache.hc.client5.http.headers - http-outgoing-1 << Content-Language: en
21:09:52.315 [main] DEBUG org.apache.hc.client5.http.headers - http-outgoing-1 << x-goog-hash: crc32c=GZtV/w==
21:09:52.315 [main] DEBUG org.apache.hc.client5.http.headers - http-outgoing-1 << x-goog-hash: md5=EquORKR7nNr13OnBqPO3SA==
21:09:52.315 [main] DEBUG org.apache.hc.client5.http.headers - http-outgoing-1 << x-goog-storage-class: STANDARD
21:09:52.315 [main] DEBUG org.apache.hc.client5.http.headers - http-outgoing-1 << Accept-Ranges: bytes
21:09:52.315 [main] DEBUG org.apache.hc.client5.http.headers - http-outgoing-1 << Content-Length: 13
21:09:52.315 [main] DEBUG org.apache.hc.client5.http.headers - http-outgoing-1 << Server: UploadServer
21:09:52.315 [main] DEBUG org.apache.hc.client5.http.headers - http-outgoing-1 << Date: Tue, 08 Nov 2022 13:43:18 GMT
21:09:52.315 [main] DEBUG org.apache.hc.client5.http.headers - http-outgoing-1 << Expires: Tue, 08 Nov 2022 14:43:18 GMT
21:09:52.315 [main] DEBUG org.apache.hc.client5.http.headers - http-outgoing-1 << Cache-Control: public, max-age=3600
21:09:52.315 [main] DEBUG org.apache.hc.client5.http.headers - http-outgoing-1 << Age: 1597
21:09:52.315 [main] DEBUG org.apache.hc.client5.http.headers - http-outgoing-1 << Last-Modified: Tue, 25 Oct 2022 12:21:03 GMT
21:09:52.315 [main] DEBUG org.apache.hc.client5.http.headers - http-outgoing-1 << ETag: "12ab8e44a47b9cdaf5dce9c1a8f3b748"
21:09:52.315 [main] DEBUG org.apache.hc.client5.http.headers - http-outgoing-1 << Content-Type: text/plain
21:09:52.315 [main] DEBUG org.apache.hc.client5.http.headers - http-outgoing-1 << Alt-Svc: h3=":443"; ma=2592000,h3-29=":443"; ma=2592000,h3-Q050=":443"; ma=2592000,h3-Q046=":443"; ma=2592000,h3-Q043=":443"; ma=2592000,quic=":443"; ma=2592000; v="46,43"
21:09:52.317 [main] DEBUG org.apache.hc.client5.http.impl.classic.MainClientExec - ex-00000002: connection can be kept alive for 3 MINUTES
21:09:52.317 [main] DEBUG org.apache.hc.client5.http.impl.classic.InternalHttpClient - ep-00000001: releasing valid endpoint
21:09:52.317 [main] DEBUG org.apache.hc.client5.http.impl.io.PoolingHttpClientConnectionManager - ep-00000001: releasing endpoint
21:09:52.317 [main] DEBUG org.apache.hc.client5.http.impl.io.PoolingHttpClientConnectionManager - ep-00000001: connection http-outgoing-1 can be kept alive for 3 MINUTES
21:09:52.317 [main] DEBUG org.apache.hc.client5.http.impl.io.PoolingHttpClientConnectionManager - ep-00000001: connection released [route: {s}->https://chromedriver.storage.googleapis.com:443][total available: 2; route allocated: 1 of 5; total allocated: 2 of 25]
21:09:52.317 [main] DEBUG io.github.bonigarcia.wdm.versions.VersionDetector - Latest version of chromedriver according to https://chromedriver.storage.googleapis.com/LATEST_RELEASE_107 is 107.0.5304.62
21:09:52.317 [main] INFO io.github.bonigarcia.wdm.WebDriverManager - Using chromedriver 107.0.5304.62 (resolved driver for Chrome 107)
21:09:52.323 [main] DEBUG io.github.bonigarcia.wdm.cache.ResolutionCache - Storing resolution chrome=107 in cache (valid until 22:09:52 08/11/2022 ICT)
21:09:52.326 [main] DEBUG io.github.bonigarcia.wdm.cache.ResolutionCache - Storing resolution chrome107=107.0.5304.62 in cache (valid until 21:09:52 09/11/2022 ICT)
21:09:52.336 [main] DEBUG io.github.bonigarcia.wdm.WebDriverManager - Driver chromedriver 107.0.5304.62 found in cache
21:09:52.337 [main] INFO io.github.bonigarcia.wdm.WebDriverManager - Exporting webdriver.chrome.driver as C:\Users\Yusuf Efendi\.cache\selenium\chromedriver\win32\107.0.5304.62\chromedriver.exe
21:09:53.011 [main] DEBUG net.thucydides.core.reflection.ClassFinder - Could not load class .CucumberTestSuite
21:09:53.011 [main] DEBUG net.thucydides.core.reflection.ClassFinder - Could not load class .starter.pages.BeliPage
21:09:53.011 [main] DEBUG net.thucydides.core.reflection.ClassFinder - Could not load class .starter.pages.CartPage
21:09:53.011 [main] DEBUG net.thucydides.core.reflection.ClassFinder - Could not load class .starter.pages.LoginPage
21:09:53.011 [main] DEBUG net.thucydides.core.reflection.ClassFinder - Could not load class .starter.pages.LogoutPage
21:09:53.011 [main] DEBUG net.thucydides.core.reflection.ClassFinder - Could not load class .starter.pages.RegisterPage
21:09:53.011 [main] DEBUG net.thucydides.core.reflection.ClassFinder - Could not load class .starter.stepdefinitions.BeliStep
21:09:53.011 [main] DEBUG net.thucydides.core.reflection.ClassFinder - Could not load class .starter.stepdefinitions.CartStep
21:09:53.011 [main] DEBUG net.thucydides.core.reflection.ClassFinder - Could not load class .starter.stepdefinitions.LoginStep
21:09:53.011 [main] DEBUG net.thucydides.core.reflection.ClassFinder - Could not load class .starter.stepdefinitions.LogoutStep
21:09:53.011 [main] DEBUG net.thucydides.core.reflection.ClassFinder - Could not load class .starter.stepdefinitions.RegisterStep
21:09:53.013 [main] DEBUG net.thucydides.core.reflection.ClassFinder - Could not load class META-INF.versions.9.com.sun.istack.logging.StackHelper
21:09:53.015 [main] DEBUG net.thucydides.core.reflection.ClassFinder - Could not load class META-INF.versions.9.com.sun.xml.bind.v2.runtime.reflect.opt.AccessorInjector
21:09:53.016 [main] DEBUG net.thucydides.core.reflection.ClassFinder - Could not load class META-INF.versions.9.com.sun.xml.bind.v2.runtime.reflect.opt.Injector
21:09:53.017 [main] DEBUG net.thucydides.core.reflection.ClassFinder - Could not load class META-INF.versions.9.com.sun.xml.bind.v2.runtime.reflect.opt.OptimizedAccessorFactory
21:09:53.018 [main] DEBUG net.thucydides.core.reflection.ClassFinder - Could not load class META-INF.versions.9.com.sun.xml.bind.v2.runtime.reflect.opt.OptimizedTransducedAccessorFactory
21:09:53.021 [main] DEBUG net.thucydides.core.reflection.ClassFinder - Could not load class META-INF.versions.9.io.opentelemetry.sdk.internal.CurrentJavaVersionSpecific
21:09:53.022 [main] DEBUG net.thucydides.core.reflection.ClassFinder - Could not load class META-INF.versions.9.io.opentelemetry.sdk.internal.Java9VersionSpecific
21:09:53.022 [main] DEBUG net.thucydides.core.reflection.ClassFinder - Could not load class META-INF.versions.9.javax.xml.bind.ModuleUtil
21:09:53.023 [main] DEBUG net.thucydides.core.reflection.ClassFinder - Could not load class META-INF.versions.9.module-info
21:09:53.024 [main] DEBUG net.thucydides.core.reflection.ClassFinder - Could not load class META-INF.versions.9.org.junit.platform.commons.util.ModuleUtils
21:09:53.456 [main] DEBUG net.thucydides.core.reflection.ClassFinder - Could not load class com.google.gson.internal.
21:09:53.645 [main] DEBUG net.thucydides.core.reflection.ClassFinder - Could not load class com.sun.xml.bind.v2.runtime.output.FastInfosetStreamWriterOutput
21:09:54.083 [main] DEBUG net.thucydides.core.reflection.ClassFinder - Could not load class module-info
21:09:56.762 [main] DEBUG io.netty.util.internal.logging.InternalLoggerFactory - Using SLF4J as the default logging framework
21:09:56.767 [main] DEBUG io.netty.util.ResourceLeakDetector - -Dio.netty.leakDetection.level: simple
21:09:56.767 [main] DEBUG io.netty.util.ResourceLeakDetector - -Dio.netty.leakDetection.targetRecords: 4
21:09:56.770 [main] DEBUG io.netty.util.ResourceLeakDetectorFactory - Loaded default ResourceLeakDetector: io.netty.util.ResourceLeakDetector@5f2896fa
21:09:56.792 [main] DEBUG io.netty.util.internal.PlatformDependent0 - -Dio.netty.noUnsafe: false
21:09:56.792 [main] DEBUG io.netty.util.internal.PlatformDependent0 - Java version: 11
21:09:56.794 [main] DEBUG io.netty.util.internal.PlatformDependent0 - sun.misc.Unsafe.theUnsafe: available
21:09:56.795 [main] DEBUG io.netty.util.internal.PlatformDependent0 - sun.misc.Unsafe.copyMemory: available
21:09:56.795 [main] DEBUG io.netty.util.internal.PlatformDependent0 - java.nio.Buffer.address: available
21:09:56.795 [main] DEBUG io.netty.util.internal.PlatformDependent0 - direct buffer constructor: unavailable: Reflective setAccessible(true) disabled
21:09:56.797 [main] DEBUG io.netty.util.internal.PlatformDependent0 - java.nio.Bits.unaligned: available, true
21:09:56.798 [main] DEBUG io.netty.util.internal.PlatformDependent0 - jdk.internal.misc.Unsafe.allocateUninitializedArray(int): unavailable: class io.netty.util.internal.PlatformDependent0$6 cannot access class jdk.internal.misc.Unsafe (in module java.base) because module java.base does not export jdk.internal.misc to unnamed module @2970a5bc
21:09:56.800 [main] DEBUG io.netty.util.internal.PlatformDependent0 - java.nio.DirectByteBuffer.<init>(long, int): unavailable
21:09:56.800 [main] DEBUG io.netty.util.internal.PlatformDependent - sun.misc.Unsafe: available
21:09:56.802 [main] DEBUG io.netty.util.internal.PlatformDependent - maxDirectMemory: 2095054848 bytes (maybe)
21:09:56.802 [main] DEBUG io.netty.util.internal.PlatformDependent - -Dio.netty.tmpdir: C:\Users\YUSUFE~1\AppData\Local\Temp (java.io.tmpdir)
21:09:56.803 [main] DEBUG io.netty.util.internal.PlatformDependent - -Dio.netty.bitMode: 64 (sun.arch.data.model)
21:09:56.803 [main] DEBUG io.netty.util.internal.PlatformDependent - Platform: Windows
21:09:56.803 [main] DEBUG io.netty.util.internal.PlatformDependent - -Dio.netty.maxDirectMemory: -1 bytes
21:09:56.803 [main] DEBUG io.netty.util.internal.PlatformDependent - -Dio.netty.uninitializedArrayAllocationThreshold: -1
21:09:56.804 [main] DEBUG io.netty.util.internal.CleanerJava9 - java.nio.ByteBuffer.cleaner(): available
21:09:56.805 [main] DEBUG io.netty.util.internal.PlatformDependent - -Dio.netty.noPreferDirect: false
21:09:56.812 [main] DEBUG io.netty.util.internal.PlatformDependent - org.jctools-core.MpscChunkedArrayQueue: available
21:09:56.833 [main] DEBUG io.netty.util.internal.InternalThreadLocalMap - -Dio.netty.threadLocalMap.stringBuilder.initialSize: 1024
21:09:56.833 [main] DEBUG io.netty.util.internal.InternalThreadLocalMap - -Dio.netty.threadLocalMap.stringBuilder.maxSize: 4096
21:09:56.854 [main] DEBUG io.netty.handler.ssl.JdkSslContext - Default protocols (JDK): [TLSv1.3, TLSv1.2] 
21:09:56.854 [main] DEBUG io.netty.handler.ssl.JdkSslContext - Default cipher suites (JDK): [TLS_ECDHE_ECDSA_WITH_AES_256_GCM_SHA384, TLS_ECDHE_ECDSA_WITH_AES_128_GCM_SHA256, TLS_ECDHE_RSA_WITH_AES_128_GCM_SHA256, TLS_ECDHE_RSA_WITH_AES_256_GCM_SHA384, TLS_ECDHE_RSA_WITH_AES_128_CBC_SHA, TLS_ECDHE_RSA_WITH_AES_256_CBC_SHA, TLS_RSA_WITH_AES_128_GCM_SHA256, TLS_RSA_WITH_AES_128_CBC_SHA, TLS_RSA_WITH_AES_256_CBC_SHA, TLS_AES_128_GCM_SHA256, TLS_AES_256_GCM_SHA384]
21:09:56.882 [main] DEBUG io.netty.channel.MultithreadEventLoopGroup - -Dio.netty.eventLoopThreads: 16
21:09:56.895 [main] DEBUG io.netty.channel.nio.NioEventLoop - -Dio.netty.noKeySetOptimization: false
21:09:56.895 [main] DEBUG io.netty.channel.nio.NioEventLoop - -Dio.netty.selectorAutoRebuildThreshold: 512
21:09:56.945 [main] DEBUG io.netty.buffer.PooledByteBufAllocator - -Dio.netty.allocator.numHeapArenas: 16
21:09:56.946 [main] DEBUG io.netty.buffer.PooledByteBufAllocator - -Dio.netty.allocator.numDirectArenas: 16
21:09:56.946 [main] DEBUG io.netty.buffer.PooledByteBufAllocator - -Dio.netty.allocator.pageSize: 8192
21:09:56.946 [main] DEBUG io.netty.buffer.PooledByteBufAllocator - -Dio.netty.allocator.maxOrder: 11
21:09:56.946 [main] DEBUG io.netty.buffer.PooledByteBufAllocator - -Dio.netty.allocator.chunkSize: 16777216
21:09:56.946 [main] DEBUG io.netty.buffer.PooledByteBufAllocator - -Dio.netty.allocator.smallCacheSize: 256
21:09:56.946 [main] DEBUG io.netty.buffer.PooledByteBufAllocator - -Dio.netty.allocator.normalCacheSize: 64
21:09:56.946 [main] DEBUG io.netty.buffer.PooledByteBufAllocator - -Dio.netty.allocator.maxCachedBufferCapacity: 32768
21:09:56.946 [main] DEBUG io.netty.buffer.PooledByteBufAllocator - -Dio.netty.allocator.cacheTrimInterval: 8192
21:09:56.946 [main] DEBUG io.netty.buffer.PooledByteBufAllocator - -Dio.netty.allocator.cacheTrimIntervalMillis: 0
21:09:56.946 [main] DEBUG io.netty.buffer.PooledByteBufAllocator - -Dio.netty.allocator.useCacheForAllThreads: true
21:09:56.946 [main] DEBUG io.netty.buffer.PooledByteBufAllocator - -Dio.netty.allocator.maxCachedByteBuffersPerChunk: 1023
21:09:56.955 [main] DEBUG io.netty.buffer.ByteBufUtil - -Dio.netty.allocator.type: pooled
21:09:56.955 [main] DEBUG io.netty.buffer.ByteBufUtil - -Dio.netty.threadLocalDirectBufferSize: 0
21:09:56.955 [main] DEBUG io.netty.buffer.ByteBufUtil - -Dio.netty.maxThreadLocalCharBufferSize: 16384
21:09:57.143 [main] DEBUG net.serenitybdd.core.webdriver.driverproviders.ProvideNewDriver - Instantiating driver
21:09:57.143 [main] DEBUG net.serenitybdd.core.webdriver.driverproviders.ProvideNewDriver - Driver capabilities: Capabilities {acceptInsecureCerts: false, base.url: https://alta-shop.vercel.app, browserName: chrome, chrome.driver: src/test/resources/webdrive..., driver: chrome, goog:chromeOptions: {args: [], extensions: []}, wait.for.timeout: 7000}
21:09:58.402 [Forwarding newSession on session null to remote] DEBUG io.netty.channel.DefaultChannelId - -Dio.netty.processId: 9548 (auto-detected)
21:09:58.404 [Forwarding newSession on session null to remote] DEBUG io.netty.util.NetUtil - -Djava.net.preferIPv4Stack: false
21:09:58.404 [Forwarding newSession on session null to remote] DEBUG io.netty.util.NetUtil - -Djava.net.preferIPv6Addresses: false
21:09:58.512 [Forwarding newSession on session null to remote] DEBUG io.netty.util.NetUtilInitializations - Loopback interface: lo (Software Loopback Interface 1, 127.0.0.1)
21:09:58.513 [Forwarding newSession on session null to remote] DEBUG io.netty.util.NetUtil - Failed to get SOMAXCONN from sysctl and file \proc\sys\net\core\somaxconn. Default: 200
21:09:58.623 [Forwarding newSession on session null to remote] DEBUG io.netty.channel.DefaultChannelId - -Dio.netty.machineId: 08:71:90:ff:fe:7b:29:b0 (auto-detected)
21:09:58.678 [AsyncHttpClient-1-2] DEBUG io.netty.buffer.AbstractByteBuf - -Dio.netty.buffer.checkAccessible: true
21:09:58.679 [AsyncHttpClient-1-2] DEBUG io.netty.buffer.AbstractByteBuf - -Dio.netty.buffer.checkBounds: true
21:09:58.679 [AsyncHttpClient-1-2] DEBUG io.netty.util.ResourceLeakDetectorFactory - Loaded default ResourceLeakDetector: io.netty.util.ResourceLeakDetector@704dfe0d
21:09:58.692 [AsyncHttpClient-1-2] DEBUG org.asynchttpclient.netty.channel.NettyConnectListener - Using new Channel '[id: 0xa703a89a, L:/127.0.0.1:61378 - R:localhost/127.0.0.1:55745]' for 'POST' to '/session'
21:09:58.707 [AsyncHttpClient-1-2] DEBUG io.netty.util.Recycler - -Dio.netty.recycler.maxCapacityPerThread: 4096
21:09:58.707 [AsyncHttpClient-1-2] DEBUG io.netty.util.Recycler - -Dio.netty.recycler.ratio: 8
21:09:58.707 [AsyncHttpClient-1-2] DEBUG io.netty.util.Recycler - -Dio.netty.recycler.chunkSize: 32
21:09:58.707 [AsyncHttpClient-1-2] DEBUG io.netty.util.Recycler - -Dio.netty.recycler.blocking: false
21:09:59.842 [AsyncHttpClient-1-2] DEBUG io.netty.handler.codec.compression.Brotli - brotli4j not in the classpath; Brotli support will be unavailable.
21:09:59.842 [AsyncHttpClient-1-2] DEBUG org.asynchttpclient.netty.handler.HttpHandler - 

Request DefaultHttpRequest(decodeResult: success, version: HTTP/1.1)
POST /session HTTP/1.1
User-Agent: selenium/4.1.2 (java windows)
Content-Length: 639
Content-Type: application/json; charset=utf-8
host: localhost:55745
accept: */*

Response DefaultHttpResponse(decodeResult: success, version: HTTP/1.1)
HTTP/1.1 200 OK
Content-Type: application/json; charset=utf-8
cache-control: no-cache
content-length: 792

21:09:59.850 [AsyncHttpClient-1-2] DEBUG org.asynchttpclient.netty.channel.ChannelManager - Adding key: http://localhost:55745 for channel [id: 0xa703a89a, L:/127.0.0.1:61378 - R:localhost/127.0.0.1:55745]
21:09:59.930 [AsyncHttpClient-1-3] DEBUG org.asynchttpclient.netty.channel.NettyConnectListener - Using new Channel '[id: 0xfdbdfcc9, L:/127.0.0.1:61385 - R:localhost/127.0.0.1:61379]' for 'GET' to '/json/version'
21:09:59.938 [AsyncHttpClient-1-3] DEBUG org.asynchttpclient.netty.handler.HttpHandler - 

Request DefaultFullHttpRequest(decodeResult: success, version: HTTP/1.1, content: EmptyByteBufBE)
GET /json/version HTTP/1.1
User-Agent: selenium/4.1.2 (java windows)
host: localhost:61379
accept: */*

Response DefaultHttpResponse(decodeResult: success, version: HTTP/1.1)
HTTP/1.1 200 OK
Content-Type: application/json; charset=UTF-8
content-length: 423

21:09:59.938 [AsyncHttpClient-1-3] DEBUG org.asynchttpclient.netty.channel.ChannelManager - Adding key: http://localhost:61379 for channel [id: 0xfdbdfcc9, L:/127.0.0.1:61385 - R:localhost/127.0.0.1:61379]
21:09:59.947 [main] DEBUG io.netty.util.internal.ThreadLocalRandom - -Dio.netty.initialSeedUniquifier: 0x038dcd876a030e03
21:09:59.952 [AsyncHttpClient-1-4] DEBUG org.asynchttpclient.netty.channel.NettyConnectListener - Using new Channel '[id: 0x085e8897, L:/127.0.0.1:61386 - R:localhost/127.0.0.1:61379]' for 'GET' to '/devtools/browser/1fb74058-3993-4ec4-96be-67cb5f5dd1ab'
21:09:59.961 [AsyncHttpClient-1-4] DEBUG org.asynchttpclient.netty.handler.WebSocketHandler - 

Request DefaultFullHttpRequest(decodeResult: success, version: HTTP/1.1, content: EmptyByteBufBE)
GET /devtools/browser/1fb74058-3993-4ec4-96be-67cb5f5dd1ab HTTP/1.1
upgrade: websocket
connection: upgrade
sec-websocket-key: 43SqHwzQJZOJJ1D9RFVvLw==
sec-websocket-version: 13
origin: http://localhost:61379
host: localhost:61379
accept: */*
user-agent: AHC/2.1

Response DefaultHttpResponse(decodeResult: success, version: HTTP/1.1)
HTTP/1.1 101 WebSocket Protocol Handshake
Upgrade: WebSocket
Connection: Upgrade
Sec-WebSocket-Accept: BP4afFgHoE7wJFlAAJ3un8mseTQ=

21:10:00.125 [AsyncHttpClient-1-1] DEBUG org.asynchttpclient.netty.channel.DefaultChannelPool - Entry count for : http://localhost:55745 : 1
21:10:00.125 [AsyncHttpClient-1-1] DEBUG org.asynchttpclient.netty.channel.DefaultChannelPool - Entry count for : http://localhost:61379 : 1
21:10:00.773 [main] DEBUG net.thucydides.core.reflection.ClassFinder - Could not load class .CucumberTestSuite
21:10:00.773 [main] DEBUG net.thucydides.core.reflection.ClassFinder - Could not load class .starter.pages.BeliPage
21:10:00.773 [main] DEBUG net.thucydides.core.reflection.ClassFinder - Could not load class .starter.pages.CartPage
21:10:00.773 [main] DEBUG net.thucydides.core.reflection.ClassFinder - Could not load class .starter.pages.LoginPage
21:10:00.773 [main] DEBUG net.thucydides.core.reflection.ClassFinder - Could not load class .starter.pages.LogoutPage
21:10:00.773 [main] DEBUG net.thucydides.core.reflection.ClassFinder - Could not load class .starter.pages.RegisterPage
21:10:00.773 [main] DEBUG net.thucydides.core.reflection.ClassFinder - Could not load class .starter.stepdefinitions.BeliStep
21:10:00.773 [main] DEBUG net.thucydides.core.reflection.ClassFinder - Could not load class .starter.stepdefinitions.CartStep
21:10:00.773 [main] DEBUG net.thucydides.core.reflection.ClassFinder - Could not load class .starter.stepdefinitions.LoginStep
21:10:00.773 [main] DEBUG net.thucydides.core.reflection.ClassFinder - Could not load class .starter.stepdefinitions.LogoutStep
21:10:00.773 [main] DEBUG net.thucydides.core.reflection.ClassFinder - Could not load class .starter.stepdefinitions.RegisterStep
21:10:00.774 [main] DEBUG net.thucydides.core.reflection.ClassFinder - Could not load class META-INF.versions.9.com.sun.istack.logging.StackHelper
21:10:00.774 [main] DEBUG net.thucydides.core.reflection.ClassFinder - Could not load class META-INF.versions.9.com.sun.xml.bind.v2.runtime.reflect.opt.AccessorInjector
21:10:00.775 [main] DEBUG net.thucydides.core.reflection.ClassFinder - Could not load class META-INF.versions.9.com.sun.xml.bind.v2.runtime.reflect.opt.Injector
21:10:00.775 [main] DEBUG net.thucydides.core.reflection.ClassFinder - Could not load class META-INF.versions.9.com.sun.xml.bind.v2.runtime.reflect.opt.OptimizedAccessorFactory
21:10:00.776 [main] DEBUG net.thucydides.core.reflection.ClassFinder - Could not load class META-INF.versions.9.com.sun.xml.bind.v2.runtime.reflect.opt.OptimizedTransducedAccessorFactory
21:10:00.776 [main] DEBUG net.thucydides.core.reflection.ClassFinder - Could not load class META-INF.versions.9.io.opentelemetry.sdk.internal.CurrentJavaVersionSpecific
21:10:00.777 [main] DEBUG net.thucydides.core.reflection.ClassFinder - Could not load class META-INF.versions.9.io.opentelemetry.sdk.internal.Java9VersionSpecific
21:10:00.778 [main] DEBUG net.thucydides.core.reflection.ClassFinder - Could not load class META-INF.versions.9.javax.xml.bind.ModuleUtil
21:10:00.780 [main] DEBUG net.thucydides.core.reflection.ClassFinder - Could not load class META-INF.versions.9.module-info
21:10:00.781 [main] DEBUG net.thucydides.core.reflection.ClassFinder - Could not load class META-INF.versions.9.org.junit.platform.commons.util.ModuleUtils
21:10:00.784 [main] DEBUG net.thucydides.core.reflection.ClassFinder - Could not load class com.google.gson.internal.
21:10:00.786 [main] DEBUG net.thucydides.core.reflection.ClassFinder - Could not load class com.sun.xml.bind.v2.runtime.output.FastInfosetStreamWriterOutput
21:10:00.790 [main] DEBUG net.thucydides.core.reflection.ClassFinder - Could not load class module-info
21:10:00.819 [Forwarding get on session 9684283d8bea45a697021540cbb53cda to remote] DEBUG org.asynchttpclient.netty.request.NettyRequestSender - Using pooled Channel '[id: 0xa703a89a, L:/127.0.0.1:61378 - R:localhost/127.0.0.1:55745]' for 'POST' to 'http://localhost:55745/session/9684283d8bea45a697021540cbb53cda/url'
21:10:00.819 [Forwarding get on session 9684283d8bea45a697021540cbb53cda to remote] DEBUG org.asynchttpclient.netty.request.NettyRequestSender - Using open Channel [id: 0xa703a89a, L:/127.0.0.1:61378 - R:localhost/127.0.0.1:55745] for POST '/session/9684283d8bea45a697021540cbb53cda/url'
21:10:01.217 [AsyncHttpClient-1-1] DEBUG org.asynchttpclient.netty.channel.DefaultChannelPool - Entry count for : http://localhost:61379 : 1
21:10:01.652 [AsyncHttpClient-1-2] DEBUG org.asynchttpclient.netty.handler.HttpHandler - 

Request DefaultHttpRequest(decodeResult: success, version: HTTP/1.1)
POST /session/9684283d8bea45a697021540cbb53cda/url HTTP/1.1
User-Agent: selenium/4.1.2 (java windows)
Content-Length: 59
Content-Type: application/json; charset=utf-8
host: localhost:55745
accept: */*

Response DefaultHttpResponse(decodeResult: success, version: HTTP/1.1)
HTTP/1.1 200 OK
Content-Type: application/json; charset=utf-8
cache-control: no-cache
content-length: 14

21:10:01.652 [AsyncHttpClient-1-2] DEBUG org.asynchttpclient.netty.channel.ChannelManager - Adding key: http://localhost:55745 for channel [id: 0xa703a89a, L:/127.0.0.1:61378 - R:localhost/127.0.0.1:55745]
21:10:01.658 [Forwarding setTimeout on session 9684283d8bea45a697021540cbb53cda to remote] DEBUG org.asynchttpclient.netty.request.NettyRequestSender - Using pooled Channel '[id: 0xa703a89a, L:/127.0.0.1:61378 - R:localhost/127.0.0.1:55745]' for 'POST' to 'http://localhost:55745/session/9684283d8bea45a697021540cbb53cda/timeouts'
21:10:01.658 [Forwarding setTimeout on session 9684283d8bea45a697021540cbb53cda to remote] DEBUG org.asynchttpclient.netty.request.NettyRequestSender - Using open Channel [id: 0xa703a89a, L:/127.0.0.1:61378 - R:localhost/127.0.0.1:55745] for POST '/session/9684283d8bea45a697021540cbb53cda/timeouts'
21:10:01.660 [AsyncHttpClient-1-2] DEBUG org.asynchttpclient.netty.handler.HttpHandler - 

Request DefaultHttpRequest(decodeResult: success, version: HTTP/1.1)
POST /session/9684283d8bea45a697021540cbb53cda/timeouts HTTP/1.1
User-Agent: selenium/4.1.2 (java windows)
Content-Length: 22
Content-Type: application/json; charset=utf-8
host: localhost:55745
accept: */*

Response DefaultHttpResponse(decodeResult: success, version: HTTP/1.1)
HTTP/1.1 200 OK
Content-Type: application/json; charset=utf-8
cache-control: no-cache
content-length: 14

21:10:01.661 [AsyncHttpClient-1-2] DEBUG org.asynchttpclient.netty.channel.ChannelManager - Adding key: http://localhost:55745 for channel [id: 0xa703a89a, L:/127.0.0.1:61378 - R:localhost/127.0.0.1:55745]
21:10:01.667 [Forwarding getCurrentUrl on session 9684283d8bea45a697021540cbb53cda to remote] DEBUG org.asynchttpclient.netty.request.NettyRequestSender - Using pooled Channel '[id: 0xa703a89a, L:/127.0.0.1:61378 - R:localhost/127.0.0.1:55745]' for 'GET' to 'http://localhost:55745/session/9684283d8bea45a697021540cbb53cda/url'
21:10:01.667 [Forwarding getCurrentUrl on session 9684283d8bea45a697021540cbb53cda to remote] DEBUG org.asynchttpclient.netty.request.NettyRequestSender - Using open Channel [id: 0xa703a89a, L:/127.0.0.1:61378 - R:localhost/127.0.0.1:55745] for GET '/session/9684283d8bea45a697021540cbb53cda/url'
21:10:01.672 [AsyncHttpClient-1-2] DEBUG org.asynchttpclient.netty.handler.HttpHandler - 

Request DefaultFullHttpRequest(decodeResult: success, version: HTTP/1.1, content: EmptyByteBufBE)
GET /session/9684283d8bea45a697021540cbb53cda/url HTTP/1.1
User-Agent: selenium/4.1.2 (java windows)
Cache-Control: no-cache
Content-Type: application/json; charset=utf-8
host: localhost:55745
accept: */*

Response DefaultHttpResponse(decodeResult: success, version: HTTP/1.1)
HTTP/1.1 200 OK
Content-Type: application/json; charset=utf-8
cache-control: no-cache
content-length: 41

21:10:01.672 [AsyncHttpClient-1-2] DEBUG org.asynchttpclient.netty.channel.ChannelManager - Adding key: http://localhost:55745 for channel [id: 0xa703a89a, L:/127.0.0.1:61378 - R:localhost/127.0.0.1:55745]
  &amp#27;[32mGiven &amp#27;[0m&amp#27;[32mI am on dashboard&amp#27;[0m       &amp#27;[90m# starter.stepdefinitions.BeliStep.iAmOnDashboard()&amp#27;[0m
21:10:01.701 [main] DEBUG net.serenitybdd.core.photography.Darkroom - Opening darkroom
21:10:01.702 [Darkroom Processing Line] DEBUG net.serenitybdd.core.photography.DarkroomProcessingLine - Darkroom processing line starting up
21:10:01.702 [Forwarding screenshot on session 9684283d8bea45a697021540cbb53cda to remote] DEBUG org.asynchttpclient.netty.request.NettyRequestSender - Using pooled Channel '[id: 0xa703a89a, L:/127.0.0.1:61378 - R:localhost/127.0.0.1:55745]' for 'GET' to 'http://localhost:55745/session/9684283d8bea45a697021540cbb53cda/screenshot'
21:10:01.702 [Forwarding screenshot on session 9684283d8bea45a697021540cbb53cda to remote] DEBUG org.asynchttpclient.netty.request.NettyRequestSender - Using open Channel [id: 0xa703a89a, L:/127.0.0.1:61378 - R:localhost/127.0.0.1:55745] for GET '/session/9684283d8bea45a697021540cbb53cda/screenshot'
21:10:01.943 [AsyncHttpClient-1-2] DEBUG org.asynchttpclient.netty.handler.HttpHandler - 

Request DefaultFullHttpRequest(decodeResult: success, version: HTTP/1.1, content: EmptyByteBufBE)
GET /session/9684283d8bea45a697021540cbb53cda/screenshot HTTP/1.1
User-Agent: selenium/4.1.2 (java windows)
Cache-Control: no-cache
Content-Type: application/json; charset=utf-8
host: localhost:55745
accept: */*

Response DefaultHttpResponse(decodeResult: success, version: HTTP/1.1)
HTTP/1.1 200 OK
Content-Type: application/json; charset=utf-8
cache-control: no-cache
content-length: 25308

21:10:01.943 [AsyncHttpClient-1-2] DEBUG org.asynchttpclient.netty.channel.ChannelManager - Adding key: http://localhost:55745 for channel [id: 0xa703a89a, L:/127.0.0.1:61378 - R:localhost/127.0.0.1:55745]
21:10:02.046 [main] DEBUG net.serenitybdd.core.photography.Darkroom - Send negative for processing for target\site\serenity\1d46d139ab4fc80d1168156095182afa08832b61a36e5e81b4adc19ba504674f.png
21:10:02.046 [Darkroom Processing Line] DEBUG net.serenitybdd.core.photography.DarkroomProcessingLine - Processing screenshot image in /var/screenshots/screenshot-11461994564485761829
21:10:02.046 [Darkroom Processing Line] DEBUG net.serenitybdd.core.photography.DarkroomProcessingLine - Saving screenshot to target\site\serenity\1d46d139ab4fc80d1168156095182afa08832b61a36e5e81b4adc19ba504674f.png
21:10:02.067 [Forwarding findElement on session 9684283d8bea45a697021540cbb53cda to remote] DEBUG org.asynchttpclient.netty.request.NettyRequestSender - Using pooled Channel '[id: 0xa703a89a, L:/127.0.0.1:61378 - R:localhost/127.0.0.1:55745]' for 'POST' to 'http://localhost:55745/session/9684283d8bea45a697021540cbb53cda/element'
21:10:02.067 [Forwarding findElement on session 9684283d8bea45a697021540cbb53cda to remote] DEBUG org.asynchttpclient.netty.request.NettyRequestSender - Using open Channel [id: 0xa703a89a, L:/127.0.0.1:61378 - R:localhost/127.0.0.1:55745] for POST '/session/9684283d8bea45a697021540cbb53cda/element'
21:10:02.319 [AsyncHttpClient-1-1] DEBUG org.asynchttpclient.netty.channel.DefaultChannelPool - Entry count for : http://localhost:61379 : 1
21:10:03.421 [AsyncHttpClient-1-1] DEBUG org.asynchttpclient.netty.channel.DefaultChannelPool - Entry count for : http://localhost:61379 : 1
21:10:04.095 [AsyncHttpClient-1-2] DEBUG org.asynchttpclient.netty.handler.HttpHandler - 

Request DefaultHttpRequest(decodeResult: success, version: HTTP/1.1)
POST /session/9684283d8bea45a697021540cbb53cda/element HTTP/1.1
User-Agent: selenium/4.1.2 (java windows)
Content-Length: 83
Content-Type: application/json; charset=utf-8
host: localhost:55745
accept: */*

Response DefaultHttpResponse(decodeResult: success, version: HTTP/1.1)
HTTP/1.1 404 Not Found
Content-Type: application/json; charset=utf-8
cache-control: no-cache
content-length: 1010

21:10:04.095 [AsyncHttpClient-1-2] DEBUG org.asynchttpclient.netty.channel.ChannelManager - Adding key: http://localhost:55745 for channel [id: 0xa703a89a, L:/127.0.0.1:61378 - R:localhost/127.0.0.1:55745]
21:10:04.215 [Forwarding findElement on session 9684283d8bea45a697021540cbb53cda to remote] DEBUG org.asynchttpclient.netty.request.NettyRequestSender - Using pooled Channel '[id: 0xa703a89a, L:/127.0.0.1:61378 - R:localhost/127.0.0.1:55745]' for 'POST' to 'http://localhost:55745/session/9684283d8bea45a697021540cbb53cda/element'
21:10:04.215 [Forwarding findElement on session 9684283d8bea45a697021540cbb53cda to remote] DEBUG org.asynchttpclient.netty.request.NettyRequestSender - Using open Channel [id: 0xa703a89a, L:/127.0.0.1:61378 - R:localhost/127.0.0.1:55745] for POST '/session/9684283d8bea45a697021540cbb53cda/element'
21:10:04.524 [AsyncHttpClient-1-1] DEBUG org.asynchttpclient.netty.channel.DefaultChannelPool - Entry count for : http://localhost:61379 : 1
21:10:05.619 [AsyncHttpClient-1-1] DEBUG org.asynchttpclient.netty.channel.DefaultChannelPool - Entry count for : http://localhost:61379 : 1
21:10:05.996 [AsyncHttpClient-1-2] DEBUG org.asynchttpclient.netty.handler.HttpHandler - 

Request DefaultHttpRequest(decodeResult: success, version: HTTP/1.1)
POST /session/9684283d8bea45a697021540cbb53cda/element HTTP/1.1
User-Agent: selenium/4.1.2 (java windows)
Content-Length: 83
Content-Type: application/json; charset=utf-8
host: localhost:55745
accept: */*

Response DefaultHttpResponse(decodeResult: success, version: HTTP/1.1)
HTTP/1.1 200 OK
Content-Type: application/json; charset=utf-8
cache-control: no-cache
content-length: 88

21:10:05.997 [AsyncHttpClient-1-2] DEBUG org.asynchttpclient.netty.channel.ChannelManager - Adding key: http://localhost:55745 for channel [id: 0xa703a89a, L:/127.0.0.1:61378 - R:localhost/127.0.0.1:55745]
21:10:06.001 [Forwarding getElementTagName on session 9684283d8bea45a697021540cbb53cda to remote] DEBUG org.asynchttpclient.netty.request.NettyRequestSender - Using pooled Channel '[id: 0xa703a89a, L:/127.0.0.1:61378 - R:localhost/127.0.0.1:55745]' for 'GET' to 'http://localhost:55745/session/9684283d8bea45a697021540cbb53cda/element/7c1942a2-4938-470c-a626-872f61c52b7f/name'
21:10:06.001 [Forwarding getElementTagName on session 9684283d8bea45a697021540cbb53cda to remote] DEBUG org.asynchttpclient.netty.request.NettyRequestSender - Using open Channel [id: 0xa703a89a, L:/127.0.0.1:61378 - R:localhost/127.0.0.1:55745] for GET '/session/9684283d8bea45a697021540cbb53cda/element/7c1942a2-4938-470c-a626-872f61c52b7f/name'
21:10:06.105 [AsyncHttpClient-1-2] DEBUG org.asynchttpclient.netty.handler.HttpHandler - 

Request DefaultFullHttpRequest(decodeResult: success, version: HTTP/1.1, content: EmptyByteBufBE)
GET /session/9684283d8bea45a697021540cbb53cda/element/7c1942a2-4938-470c-a626-872f61c52b7f/name HTTP/1.1
User-Agent: selenium/4.1.2 (java windows)
Cache-Control: no-cache
Content-Type: application/json; charset=utf-8
host: localhost:55745
accept: */*

Response DefaultHttpResponse(decodeResult: success, version: HTTP/1.1)
HTTP/1.1 200 OK
Content-Type: application/json; charset=utf-8
cache-control: no-cache
content-length: 16

21:10:06.105 [AsyncHttpClient-1-2] DEBUG org.asynchttpclient.netty.channel.ChannelManager - Adding key: http://localhost:55745 for channel [id: 0xa703a89a, L:/127.0.0.1:61378 - R:localhost/127.0.0.1:55745]
21:10:06.107 [Forwarding getElementTagName on session 9684283d8bea45a697021540cbb53cda to remote] DEBUG org.asynchttpclient.netty.request.NettyRequestSender - Using pooled Channel '[id: 0xa703a89a, L:/127.0.0.1:61378 - R:localhost/127.0.0.1:55745]' for 'GET' to 'http://localhost:55745/session/9684283d8bea45a697021540cbb53cda/element/7c1942a2-4938-470c-a626-872f61c52b7f/name'
21:10:06.107 [Forwarding getElementTagName on session 9684283d8bea45a697021540cbb53cda to remote] DEBUG org.asynchttpclient.netty.request.NettyRequestSender - Using open Channel [id: 0xa703a89a, L:/127.0.0.1:61378 - R:localhost/127.0.0.1:55745] for GET '/session/9684283d8bea45a697021540cbb53cda/element/7c1942a2-4938-470c-a626-872f61c52b7f/name'
21:10:06.112 [AsyncHttpClient-1-2] DEBUG org.asynchttpclient.netty.handler.HttpHandler - 

Request DefaultFullHttpRequest(decodeResult: success, version: HTTP/1.1, content: EmptyByteBufBE)
GET /session/9684283d8bea45a697021540cbb53cda/element/7c1942a2-4938-470c-a626-872f61c52b7f/name HTTP/1.1
User-Agent: selenium/4.1.2 (java windows)
Cache-Control: no-cache
Content-Type: application/json; charset=utf-8
host: localhost:55745
accept: */*

Response DefaultHttpResponse(decodeResult: success, version: HTTP/1.1)
HTTP/1.1 200 OK
Content-Type: application/json; charset=utf-8
cache-control: no-cache
content-length: 16

21:10:06.112 [AsyncHttpClient-1-2] DEBUG org.asynchttpclient.netty.channel.ChannelManager - Adding key: http://localhost:55745 for channel [id: 0xa703a89a, L:/127.0.0.1:61378 - R:localhost/127.0.0.1:55745]
21:10:06.117 [Forwarding findElement on session 9684283d8bea45a697021540cbb53cda to remote] DEBUG org.asynchttpclient.netty.request.NettyRequestSender - Using pooled Channel '[id: 0xa703a89a, L:/127.0.0.1:61378 - R:localhost/127.0.0.1:55745]' for 'POST' to 'http://localhost:55745/session/9684283d8bea45a697021540cbb53cda/element'
21:10:06.117 [Forwarding findElement on session 9684283d8bea45a697021540cbb53cda to remote] DEBUG org.asynchttpclient.netty.request.NettyRequestSender - Using open Channel [id: 0xa703a89a, L:/127.0.0.1:61378 - R:localhost/127.0.0.1:55745] for POST '/session/9684283d8bea45a697021540cbb53cda/element'
21:10:06.134 [AsyncHttpClient-1-2] DEBUG org.asynchttpclient.netty.handler.HttpHandler - 

Request DefaultHttpRequest(decodeResult: success, version: HTTP/1.1)
POST /session/9684283d8bea45a697021540cbb53cda/element HTTP/1.1
User-Agent: selenium/4.1.2 (java windows)
Content-Length: 83
Content-Type: application/json; charset=utf-8
host: localhost:55745
accept: */*

Response DefaultHttpResponse(decodeResult: success, version: HTTP/1.1)
HTTP/1.1 200 OK
Content-Type: application/json; charset=utf-8
cache-control: no-cache
content-length: 88

21:10:06.134 [AsyncHttpClient-1-2] DEBUG org.asynchttpclient.netty.channel.ChannelManager - Adding key: http://localhost:55745 for channel [id: 0xa703a89a, L:/127.0.0.1:61378 - R:localhost/127.0.0.1:55745]
21:10:06.137 [Forwarding clickElement on session 9684283d8bea45a697021540cbb53cda to remote] DEBUG org.asynchttpclient.netty.request.NettyRequestSender - Using pooled Channel '[id: 0xa703a89a, L:/127.0.0.1:61378 - R:localhost/127.0.0.1:55745]' for 'POST' to 'http://localhost:55745/session/9684283d8bea45a697021540cbb53cda/element/7c1942a2-4938-470c-a626-872f61c52b7f/click'
21:10:06.137 [Forwarding clickElement on session 9684283d8bea45a697021540cbb53cda to remote] DEBUG org.asynchttpclient.netty.request.NettyRequestSender - Using open Channel [id: 0xa703a89a, L:/127.0.0.1:61378 - R:localhost/127.0.0.1:55745] for POST '/session/9684283d8bea45a697021540cbb53cda/element/7c1942a2-4938-470c-a626-872f61c52b7f/click'
21:10:06.257 [AsyncHttpClient-1-2] DEBUG org.asynchttpclient.netty.handler.HttpHandler - 

Request DefaultHttpRequest(decodeResult: success, version: HTTP/1.1)
POST /session/9684283d8bea45a697021540cbb53cda/element/7c1942a2-4938-470c-a626-872f61c52b7f/click HTTP/1.1
User-Agent: selenium/4.1.2 (java windows)
Content-Length: 50
Content-Type: application/json; charset=utf-8
host: localhost:55745
accept: */*

Response DefaultHttpResponse(decodeResult: success, version: HTTP/1.1)
HTTP/1.1 200 OK
Content-Type: application/json; charset=utf-8
cache-control: no-cache
content-length: 14

21:10:06.258 [AsyncHttpClient-1-2] DEBUG org.asynchttpclient.netty.channel.ChannelManager - Adding key: http://localhost:55745 for channel [id: 0xa703a89a, L:/127.0.0.1:61378 - R:localhost/127.0.0.1:55745]
  &amp#27;[32mWhen &amp#27;[0m&amp#27;[32mI click buy buttonn&amp#27;[0m      &amp#27;[90m# starter.stepdefinitions.BeliStep.iClickBuyButtonn()&amp#27;[0m
21:10:06.271 [Forwarding screenshot on session 9684283d8bea45a697021540cbb53cda to remote] DEBUG org.asynchttpclient.netty.request.NettyRequestSender - Using pooled Channel '[id: 0xa703a89a, L:/127.0.0.1:61378 - R:localhost/127.0.0.1:55745]' for 'GET' to 'http://localhost:55745/session/9684283d8bea45a697021540cbb53cda/screenshot'
21:10:06.271 [Forwarding screenshot on session 9684283d8bea45a697021540cbb53cda to remote] DEBUG org.asynchttpclient.netty.request.NettyRequestSender - Using open Channel [id: 0xa703a89a, L:/127.0.0.1:61378 - R:localhost/127.0.0.1:55745] for GET '/session/9684283d8bea45a697021540cbb53cda/screenshot'
21:10:06.389 [AsyncHttpClient-1-2] DEBUG org.asynchttpclient.netty.handler.HttpHandler - 

Request DefaultFullHttpRequest(decodeResult: success, version: HTTP/1.1, content: EmptyByteBufBE)
GET /session/9684283d8bea45a697021540cbb53cda/screenshot HTTP/1.1
User-Agent: selenium/4.1.2 (java windows)
Cache-Control: no-cache
Content-Type: application/json; charset=utf-8
host: localhost:55745
accept: */*

Response DefaultHttpResponse(decodeResult: success, version: HTTP/1.1)
HTTP/1.1 200 OK
Content-Type: application/json; charset=utf-8
cache-control: no-cache
content-length: 50020

21:10:06.390 [AsyncHttpClient-1-2] DEBUG org.asynchttpclient.netty.channel.ChannelManager - Adding key: http://localhost:55745 for channel [id: 0xa703a89a, L:/127.0.0.1:61378 - R:localhost/127.0.0.1:55745]
21:10:06.398 [main] DEBUG net.serenitybdd.core.photography.Darkroom - Send negative for processing for target\site\serenity\1b12ec10006004bafc1fb44e81f1e47d6a6400195ab35a549cf0e33f3f78e5c0.png
21:10:06.398 [Darkroom Processing Line] DEBUG net.serenitybdd.core.photography.DarkroomProcessingLine - Processing screenshot image in /var/screenshots/screenshot-971809241987066309
21:10:06.398 [Darkroom Processing Line] DEBUG net.serenitybdd.core.photography.DarkroomProcessingLine - Saving screenshot to target\site\serenity\1b12ec10006004bafc1fb44e81f1e47d6a6400195ab35a549cf0e33f3f78e5c0.png
21:10:06.408 [Forwarding findElement on session 9684283d8bea45a697021540cbb53cda to remote] DEBUG org.asynchttpclient.netty.request.NettyRequestSender - Using pooled Channel '[id: 0xa703a89a, L:/127.0.0.1:61378 - R:localhost/127.0.0.1:55745]' for 'POST' to 'http://localhost:55745/session/9684283d8bea45a697021540cbb53cda/element'
21:10:06.408 [Forwarding findElement on session 9684283d8bea45a697021540cbb53cda to remote] DEBUG org.asynchttpclient.netty.request.NettyRequestSender - Using open Channel [id: 0xa703a89a, L:/127.0.0.1:61378 - R:localhost/127.0.0.1:55745] for POST '/session/9684283d8bea45a697021540cbb53cda/element'
21:10:06.426 [AsyncHttpClient-1-2] DEBUG org.asynchttpclient.netty.handler.HttpHandler - 

Request DefaultHttpRequest(decodeResult: success, version: HTTP/1.1)
POST /session/9684283d8bea45a697021540cbb53cda/element HTTP/1.1
User-Agent: selenium/4.1.2 (java windows)
Content-Length: 65
Content-Type: application/json; charset=utf-8
host: localhost:55745
accept: */*

Response DefaultHttpResponse(decodeResult: success, version: HTTP/1.1)
HTTP/1.1 200 OK
Content-Type: application/json; charset=utf-8
cache-control: no-cache
content-length: 88

21:10:06.427 [AsyncHttpClient-1-2] DEBUG org.asynchttpclient.netty.channel.ChannelManager - Adding key: http://localhost:55745 for channel [id: 0xa703a89a, L:/127.0.0.1:61378 - R:localhost/127.0.0.1:55745]
21:10:06.437 [Forwarding isElementDisplayed on session 9684283d8bea45a697021540cbb53cda to remote] DEBUG org.asynchttpclient.netty.request.NettyRequestSender - Using pooled Channel '[id: 0xa703a89a, L:/127.0.0.1:61378 - R:localhost/127.0.0.1:55745]' for 'POST' to 'http://localhost:55745/session/9684283d8bea45a697021540cbb53cda/execute/sync'
21:10:06.438 [Forwarding isElementDisplayed on session 9684283d8bea45a697021540cbb53cda to remote] DEBUG org.asynchttpclient.netty.request.NettyRequestSender - Using open Channel [id: 0xa703a89a, L:/127.0.0.1:61378 - R:localhost/127.0.0.1:55745] for POST '/session/9684283d8bea45a697021540cbb53cda/execute/sync'
21:10:06.466 [AsyncHttpClient-1-2] DEBUG org.asynchttpclient.netty.handler.HttpHandler - 

Request DefaultHttpRequest(decodeResult: success, version: HTTP/1.1)
POST /session/9684283d8bea45a697021540cbb53cda/execute/sync HTTP/1.1
User-Agent: selenium/4.1.2 (java windows)
Content-Length: 48780
Content-Type: application/json; charset=utf-8
host: localhost:55745
accept: */*

Response DefaultHttpResponse(decodeResult: success, version: HTTP/1.1)
HTTP/1.1 200 OK
Content-Type: application/json; charset=utf-8
cache-control: no-cache
content-length: 14

21:10:06.466 [AsyncHttpClient-1-2] DEBUG org.asynchttpclient.netty.channel.ChannelManager - Adding key: http://localhost:55745 for channel [id: 0xa703a89a, L:/127.0.0.1:61378 - R:localhost/127.0.0.1:55745]
  &amp#27;[32mThen &amp#27;[0m&amp#27;[32mMy item added to my cart&amp#27;[0m &amp#27;[90m# starter.stepdefinitions.BeliStep.myItemAddedToMyCart()&amp#27;[0m
21:10:06.475 [Forwarding screenshot on session 9684283d8bea45a697021540cbb53cda to remote] DEBUG org.asynchttpclient.netty.request.NettyRequestSender - Using pooled Channel '[id: 0xa703a89a, L:/127.0.0.1:61378 - R:localhost/127.0.0.1:55745]' for 'GET' to 'http://localhost:55745/session/9684283d8bea45a697021540cbb53cda/screenshot'
21:10:06.475 [Forwarding screenshot on session 9684283d8bea45a697021540cbb53cda to remote] DEBUG org.asynchttpclient.netty.request.NettyRequestSender - Using open Channel [id: 0xa703a89a, L:/127.0.0.1:61378 - R:localhost/127.0.0.1:55745] for GET '/session/9684283d8bea45a697021540cbb53cda/screenshot'
21:10:06.570 [AsyncHttpClient-1-2] DEBUG org.asynchttpclient.netty.handler.HttpHandler - 

Request DefaultFullHttpRequest(decodeResult: success, version: HTTP/1.1, content: EmptyByteBufBE)
GET /session/9684283d8bea45a697021540cbb53cda/screenshot HTTP/1.1
User-Agent: selenium/4.1.2 (java windows)
Cache-Control: no-cache
Content-Type: application/json; charset=utf-8
host: localhost:55745
accept: */*

Response DefaultHttpResponse(decodeResult: success, version: HTTP/1.1)
HTTP/1.1 200 OK
Content-Type: application/json; charset=utf-8
cache-control: no-cache
content-length: 49548

21:10:06.572 [AsyncHttpClient-1-2] DEBUG org.asynchttpclient.netty.channel.ChannelManager - Adding key: http://localhost:55745 for channel [id: 0xa703a89a, L:/127.0.0.1:61378 - R:localhost/127.0.0.1:55745]
21:10:06.574 [main] DEBUG net.serenitybdd.core.photography.Darkroom - Send negative for processing for target\site\serenity\2260ab4b573afc8b203f7dcb90c3b478fc643013b245c0df59e4e51d0b509ed9.png
21:10:06.575 [Darkroom Processing Line] DEBUG net.serenitybdd.core.photography.DarkroomProcessingLine - Processing screenshot image in /var/screenshots/screenshot-14505289501163263569
21:10:06.575 [Darkroom Processing Line] DEBUG net.serenitybdd.core.photography.DarkroomProcessingLine - Saving screenshot to target\site\serenity\2260ab4b573afc8b203f7dcb90c3b478fc643013b245c0df59e4e51d0b509ed9.png
21:10:06.580 [main] INFO  - 
  _____   ___   ___   _____     ___     _     ___   ___   ___   ___  
 |_   _| | __| / __| |_   _|   | _ \   /_\   / __| / __| | __| |   \ 
   | |   | _|  \__ \   | |     |  _/  / _ \  \__ \ \__ \ | _|  | |) |
   |_|   |___| |___/   |_|     |_|   /_/ \_\ |___/ |___/ |___| |___/ 

User click buy button
----------------------------------------------------------------------
21:10:06.716 [Driver Command Executor] DEBUG org.asynchttpclient.netty.request.NettyRequestSender - Using pooled Channel '[id: 0xa703a89a, L:/127.0.0.1:61378 - R:localhost/127.0.0.1:55745]' for 'DELETE' to 'http://localhost:55745/session/9684283d8bea45a697021540cbb53cda'
21:10:06.716 [Driver Command Executor] DEBUG org.asynchttpclient.netty.request.NettyRequestSender - Using open Channel [id: 0xa703a89a, L:/127.0.0.1:61378 - R:localhost/127.0.0.1:55745] for DELETE '/session/9684283d8bea45a697021540cbb53cda'
21:10:06.717 [AsyncHttpClient-1-4] DEBUG org.asynchttpclient.netty.handler.WebSocketHandler - Channel Closed: [id: 0x085e8897, L:/127.0.0.1:61386 ! R:localhost/127.0.0.1:61379] with attribute NettyResponseFuture{currentRetry=5,
	isDone=1,
	isCancelled=0,
	asyncHandler=org.asynchttpclient.ws.WebSocketUpgradeHandler@4291e32b,
	nettyRequest=org.asynchttpclient.netty.request.NettyRequest@736a89b8,
	future=java.util.concurrent.CompletableFuture@4b97bad8[Completed normally],
	uri=ws://localhost:61379/devtools/browser/1fb74058-3993-4ec4-96be-67cb5f5dd1ab,
	keepAlive=true,
	redirectCount=0,
	timeoutsHolder=null,
	inAuth=0,
	touch=1667916599979}
21:10:06.718 [AsyncHttpClient-1-4] DEBUG org.asynchttpclient.netty.channel.ChannelManager - Closing Channel [id: 0x085e8897, L:/127.0.0.1:61386 ! R:localhost/127.0.0.1:61379] 
21:10:06.725 [AsyncHttpClient-1-1] DEBUG org.asynchttpclient.netty.channel.DefaultChannelPool - Entry count for : http://localhost:61379 : 1
21:10:06.821 [AsyncHttpClient-1-3] DEBUG org.asynchttpclient.netty.handler.HttpHandler - Unexpected I/O exception on channel [id: 0xfdbdfcc9, L:/127.0.0.1:61385 - R:localhost/127.0.0.1:61379]
java.io.IOException: An existing connection was forcibly closed by the remote host
	at java.base/sun.nio.ch.SocketDispatcher.read0(Native Method)
	at java.base/sun.nio.ch.SocketDispatcher.read(SocketDispatcher.java:43)
	at java.base/sun.nio.ch.IOUtil.readIntoNativeBuffer(IOUtil.java:276)
	at java.base/sun.nio.ch.IOUtil.read(IOUtil.java:233)
	at java.base/sun.nio.ch.IOUtil.read(IOUtil.java:223)
	at java.base/sun.nio.ch.SocketChannelImpl.read(SocketChannelImpl.java:358)
	at io.netty.buffer.PooledByteBuf.setBytes(PooledByteBuf.java:258)
	at io.netty.buffer.AbstractByteBuf.writeBytes(AbstractByteBuf.java:1132)
	at io.netty.channel.socket.nio.NioSocketChannel.doReadBytes(NioSocketChannel.java:350)
	at io.netty.channel.nio.AbstractNioByteChannel$NioByteUnsafe.read(AbstractNioByteChannel.java:151)
	at io.netty.channel.nio.NioEventLoop.processSelectedKey(NioEventLoop.java:722)
	at io.netty.channel.nio.NioEventLoop.processSelectedKeysOptimized(NioEventLoop.java:658)
	at io.netty.channel.nio.NioEventLoop.processSelectedKeys(NioEventLoop.java:584)
	at io.netty.channel.nio.NioEventLoop.run(NioEventLoop.java:496)
	at io.netty.util.concurrent.SingleThreadEventExecutor$4.run(SingleThreadEventExecutor.java:986)
	at io.netty.util.internal.ThreadExecutorMap$2.run(ThreadExecutorMap.java:74)
	at io.netty.util.concurrent.FastThreadLocalRunnable.run(FastThreadLocalRunnable.java:30)
	at java.base/java.lang.Thread.run(Thread.java:834)
21:10:06.822 [AsyncHttpClient-1-3] DEBUG org.asynchttpclient.netty.channel.ChannelManager - Closing Channel [id: 0xfdbdfcc9, L:/127.0.0.1:61385 - R:localhost/127.0.0.1:61379] 
21:10:06.825 [AsyncHttpClient-1-3] DEBUG org.asynchttpclient.netty.handler.HttpHandler - Channel Closed: [id: 0xfdbdfcc9, L:/127.0.0.1:61385 ! R:localhost/127.0.0.1:61379] with attribute DISCARD
21:10:06.844 [AsyncHttpClient-1-2] DEBUG org.asynchttpclient.netty.handler.HttpHandler - 

Request DefaultFullHttpRequest(decodeResult: success, version: HTTP/1.1, content: EmptyByteBufBE)
DELETE /session/9684283d8bea45a697021540cbb53cda HTTP/1.1
User-Agent: selenium/4.1.2 (java windows)
Content-Type: application/json; charset=utf-8
host: localhost:55745
accept: */*

Response DefaultHttpResponse(decodeResult: success, version: HTTP/1.1)
HTTP/1.1 200 OK
Content-Type: application/json; charset=utf-8
cache-control: no-cache
content-length: 14

21:10:06.846 [AsyncHttpClient-1-2] DEBUG org.asynchttpclient.netty.channel.ChannelManager - Adding key: http://localhost:55745 for channel [id: 0xa703a89a, L:/127.0.0.1:61378 - R:localhost/127.0.0.1:55745]
21:10:06.920 [AsyncHttpClient-1-2] DEBUG org.asynchttpclient.netty.handler.HttpHandler - Channel Closed: [id: 0xa703a89a, L:/127.0.0.1:61378 ! R:localhost/127.0.0.1:55745] with attribute DISCARD
]]></system-out>
    <system-err><![CDATA[Starting ChromeDriver 106.0.5249.61 (511755355844955cd3e264779baf0dd38212a4d0-refs/branch-heads/5249@{#569}) on port 55745
Only local connections are allowed.
Please see https://chromedriver.chromium.org/security-considerations for suggestions on keeping ChromeDriver safe.
ChromeDriver was started successfully.
[1667916599.815][WARNING]: This version of ChromeDriver has not been tested with Chrome version 107.
Nov 08, 2022 9:09:59 PM org.openqa.selenium.remote.ProtocolHandshake createSession
INFO: Detected dialect: W3C
Nov 08, 2022 9:09:59 PM org.openqa.selenium.devtools.CdpVersionFinder findNearestMatch
WARNING: Unable to find an exact match for CDP version 107, so returning the closest version found: a no-op implementation
Nov 08, 2022 9:09:59 PM org.openqa.selenium.devtools.CdpVersionFinder findNearestMatch
INFO: Unable to find CDP implementation matching 107.
Nov 08, 2022 9:09:59 PM org.openqa.selenium.chromium.ChromiumDriver lambda$new$3
WARNING: Unable to find version of CDP to use for . You may need to include a dependency on a specific version of the CDP using something similar to `org.seleniumhq.selenium:selenium-devtools-v86:4.1.2` where the version ("v86") matches the version of the chromium-based browser you're using and the version number of the artifact is the same as Selenium's.
]]></system-err>
  </testcase>
  <testcase name="Add item to cart" classname="Cart" time="8.811">
    <system-out><![CDATA[21:10:07.027 [main] INFO io.cucumber.core.plugin.SerenityReporter - Running feature from file:///D:/miniproject/webtesting/src/test/resources/features/cart.feature
21:10:07.032 [main] DEBUG net.thucydides.core.steps.StepEventBus - Test suite started for story net.thucydides.core.model.Story@d1cacf08
21:10:07.033 [main] INFO  - Test Suite Started: Cart

@Cart
Scenario: Add item to cart         &amp#27;[90m# src/test/resources/features/cart.feature:7&amp#27;[0m
21:10:07.055 [main] INFO io.cucumber.core.plugin.SerenityReporter - Running feature from file:///D:/miniproject/webtesting/src/test/resources/features/cart.feature
21:10:07.059 [main] INFO  - 
  _____   ___   ___   _____     ___   _____     _     ___   _____   ___   ___  
 |_   _| | __| / __| |_   _|   / __| |_   _|   /_\   | _ \ |_   _| | __| |   \ 
   | |   | _|  \__ \   | |     \__ \   | |    / _ \  |   /   | |   | _|  | |) |
   |_|   |___| |___/   |_|     |___/   |_|   /_/ \_\ |_|_\   |_|   |___| |___/ 

Add item to cart(cart;add-item-to-cart)
--------------------------------------------------------------------------------
21:10:07.291 [main] INFO net.serenitybdd.core.webdriver.driverproviders.ChromeDriverProvider - Using automatically driver download
21:10:07.520 [main] DEBUG io.github.bonigarcia.wdm.cache.ResolutionCache - Resolution chrome=107 in cache (valid until 22:09:52 08/11/2022 ICT)
21:10:07.531 [main] DEBUG io.github.bonigarcia.wdm.cache.ResolutionCache - Resolution chrome107=107.0.5304.62 in cache (valid until 21:09:52 09/11/2022 ICT)
21:10:07.536 [main] INFO io.github.bonigarcia.wdm.WebDriverManager - Using chromedriver 107.0.5304.62 (resolved driver for Chrome 107)
21:10:07.558 [main] DEBUG io.github.bonigarcia.wdm.WebDriverManager - Driver chromedriver 107.0.5304.62 found in cache
21:10:07.560 [main] INFO io.github.bonigarcia.wdm.WebDriverManager - Exporting webdriver.chrome.driver as C:\Users\Yusuf Efendi\.cache\selenium\chromedriver\win32\107.0.5304.62\chromedriver.exe
21:10:07.730 [main] DEBUG net.serenitybdd.core.webdriver.driverproviders.ProvideNewDriver - Instantiating driver
21:10:07.730 [main] DEBUG net.serenitybdd.core.webdriver.driverproviders.ProvideNewDriver - Driver capabilities: Capabilities {acceptInsecureCerts: false, base.url: https://alta-shop.vercel.app, browserName: chrome, chrome.driver: src/test/resources/webdrive..., driver: chrome, goog:chromeOptions: {args: [], extensions: []}, wait.for.timeout: 7000}
21:10:07.818 [AsyncHttpClient-1-1] DEBUG org.asynchttpclient.netty.channel.DefaultChannelPool - Entry count for : http://localhost:55745 : 1
21:10:07.818 [AsyncHttpClient-1-1] DEBUG org.asynchttpclient.netty.channel.DefaultChannelPool - Entry count for : http://localhost:61379 : 1
21:10:07.818 [AsyncHttpClient-1-1] DEBUG org.asynchttpclient.netty.channel.DefaultChannelPool - Adding Candidate expired Channel [id: 0xa703a89a, L:/127.0.0.1:61378 ! R:localhost/127.0.0.1:55745] isIdleTimeoutExpired=false isRemotelyClosed=true isTtlExpired=false
21:10:07.818 [AsyncHttpClient-1-1] DEBUG org.asynchttpclient.netty.channel.DefaultChannelPool - Closing Idle Channel [id: 0xa703a89a, L:/127.0.0.1:61378 ! R:localhost/127.0.0.1:55745]
21:10:07.818 [AsyncHttpClient-1-1] DEBUG org.asynchttpclient.netty.channel.DefaultChannelPool - Adding Candidate expired Channel [id: 0xfdbdfcc9, L:/127.0.0.1:61385 ! R:localhost/127.0.0.1:61379] isIdleTimeoutExpired=false isRemotelyClosed=true isTtlExpired=false
21:10:07.818 [AsyncHttpClient-1-1] DEBUG org.asynchttpclient.netty.channel.DefaultChannelPool - Closing Idle Channel [id: 0xfdbdfcc9, L:/127.0.0.1:61385 ! R:localhost/127.0.0.1:61379]
21:10:07.819 [AsyncHttpClient-1-1] DEBUG org.asynchttpclient.netty.channel.DefaultChannelPool - Closed 2 connections out of 2 in 1 ms
21:10:07.847 [AsyncHttpClient-1-5] DEBUG org.asynchttpclient.netty.channel.NettyConnectListener - Using new Channel '[id: 0xc33b66d7, L:/127.0.0.1:61403 - R:localhost/127.0.0.1:61817]' for 'POST' to '/session'
21:10:08.748 [AsyncHttpClient-1-5] DEBUG org.asynchttpclient.netty.handler.HttpHandler - 

Request DefaultHttpRequest(decodeResult: success, version: HTTP/1.1)
POST /session HTTP/1.1
User-Agent: selenium/4.1.2 (java windows)
Content-Length: 639
Content-Type: application/json; charset=utf-8
host: localhost:61817
accept: */*

Response DefaultHttpResponse(decodeResult: success, version: HTTP/1.1)
HTTP/1.1 200 OK
Content-Type: application/json; charset=utf-8
cache-control: no-cache
content-length: 793

21:10:08.748 [AsyncHttpClient-1-5] DEBUG org.asynchttpclient.netty.channel.ChannelManager - Adding key: http://localhost:61817 for channel [id: 0xc33b66d7, L:/127.0.0.1:61403 - R:localhost/127.0.0.1:61817]
21:10:08.769 [AsyncHttpClient-1-6] DEBUG org.asynchttpclient.netty.channel.NettyConnectListener - Using new Channel '[id: 0xc8f7bdef, L:/127.0.0.1:61411 - R:localhost/127.0.0.1:61404]' for 'GET' to '/json/version'
21:10:08.780 [AsyncHttpClient-1-6] DEBUG org.asynchttpclient.netty.handler.HttpHandler - 

Request DefaultFullHttpRequest(decodeResult: success, version: HTTP/1.1, content: EmptyByteBufBE)
GET /json/version HTTP/1.1
User-Agent: selenium/4.1.2 (java windows)
host: localhost:61404
accept: */*

Response DefaultHttpResponse(decodeResult: success, version: HTTP/1.1)
HTTP/1.1 200 OK
Content-Type: application/json; charset=UTF-8
content-length: 423

21:10:08.782 [AsyncHttpClient-1-6] DEBUG org.asynchttpclient.netty.channel.ChannelManager - Adding key: http://localhost:61404 for channel [id: 0xc8f7bdef, L:/127.0.0.1:61411 - R:localhost/127.0.0.1:61404]
21:10:08.803 [AsyncHttpClient-1-7] DEBUG org.asynchttpclient.netty.channel.NettyConnectListener - Using new Channel '[id: 0xd83f0651, L:/127.0.0.1:61412 - R:localhost/127.0.0.1:61404]' for 'GET' to '/devtools/browser/0a4ab6ef-6c0f-469b-8b82-393e66535964'
21:10:08.810 [AsyncHttpClient-1-7] DEBUG org.asynchttpclient.netty.handler.WebSocketHandler - 

Request DefaultFullHttpRequest(decodeResult: success, version: HTTP/1.1, content: EmptyByteBufBE)
GET /devtools/browser/0a4ab6ef-6c0f-469b-8b82-393e66535964 HTTP/1.1
upgrade: websocket
connection: upgrade
sec-websocket-key: UqAo1BgZ6+giPjhA2vPV/Q==
sec-websocket-version: 13
origin: http://localhost:61404
host: localhost:61404
accept: */*
user-agent: AHC/2.1

Response DefaultHttpResponse(decodeResult: success, version: HTTP/1.1)
HTTP/1.1 101 WebSocket Protocol Handshake
Upgrade: WebSocket
Connection: Upgrade
Sec-WebSocket-Accept: aJ6F8UBakAsT8YKdjSmeu/V2Ck8=

21:10:08.822 [Forwarding get on session 2ed90ea335db4990c911545e380e73fa to remote] DEBUG org.asynchttpclient.netty.request.NettyRequestSender - Using pooled Channel '[id: 0xc33b66d7, L:/127.0.0.1:61403 - R:localhost/127.0.0.1:61817]' for 'POST' to 'http://localhost:61817/session/2ed90ea335db4990c911545e380e73fa/url'
21:10:08.822 [Forwarding get on session 2ed90ea335db4990c911545e380e73fa to remote] DEBUG org.asynchttpclient.netty.request.NettyRequestSender - Using open Channel [id: 0xc33b66d7, L:/127.0.0.1:61403 - R:localhost/127.0.0.1:61817] for POST '/session/2ed90ea335db4990c911545e380e73fa/url'
21:10:08.923 [AsyncHttpClient-1-1] DEBUG org.asynchttpclient.netty.channel.DefaultChannelPool - Entry count for : http://localhost:61404 : 1
21:10:10.021 [AsyncHttpClient-1-1] DEBUG org.asynchttpclient.netty.channel.DefaultChannelPool - Entry count for : http://localhost:61404 : 1
21:10:10.654 [AsyncHttpClient-1-5] DEBUG org.asynchttpclient.netty.handler.HttpHandler - 

Request DefaultHttpRequest(decodeResult: success, version: HTTP/1.1)
POST /session/2ed90ea335db4990c911545e380e73fa/url HTTP/1.1
User-Agent: selenium/4.1.2 (java windows)
Content-Length: 59
Content-Type: application/json; charset=utf-8
host: localhost:61817
accept: */*

Response DefaultHttpResponse(decodeResult: success, version: HTTP/1.1)
HTTP/1.1 200 OK
Content-Type: application/json; charset=utf-8
cache-control: no-cache
content-length: 14

21:10:10.654 [AsyncHttpClient-1-5] DEBUG org.asynchttpclient.netty.channel.ChannelManager - Adding key: http://localhost:61817 for channel [id: 0xc33b66d7, L:/127.0.0.1:61403 - R:localhost/127.0.0.1:61817]
21:10:10.657 [Forwarding setTimeout on session 2ed90ea335db4990c911545e380e73fa to remote] DEBUG org.asynchttpclient.netty.request.NettyRequestSender - Using pooled Channel '[id: 0xc33b66d7, L:/127.0.0.1:61403 - R:localhost/127.0.0.1:61817]' for 'POST' to 'http://localhost:61817/session/2ed90ea335db4990c911545e380e73fa/timeouts'
21:10:10.658 [Forwarding setTimeout on session 2ed90ea335db4990c911545e380e73fa to remote] DEBUG org.asynchttpclient.netty.request.NettyRequestSender - Using open Channel [id: 0xc33b66d7, L:/127.0.0.1:61403 - R:localhost/127.0.0.1:61817] for POST '/session/2ed90ea335db4990c911545e380e73fa/timeouts'
21:10:10.660 [AsyncHttpClient-1-5] DEBUG org.asynchttpclient.netty.handler.HttpHandler - 

Request DefaultHttpRequest(decodeResult: success, version: HTTP/1.1)
POST /session/2ed90ea335db4990c911545e380e73fa/timeouts HTTP/1.1
User-Agent: selenium/4.1.2 (java windows)
Content-Length: 22
Content-Type: application/json; charset=utf-8
host: localhost:61817
accept: */*

Response DefaultHttpResponse(decodeResult: success, version: HTTP/1.1)
HTTP/1.1 200 OK
Content-Type: application/json; charset=utf-8
cache-control: no-cache
content-length: 14

21:10:10.660 [AsyncHttpClient-1-5] DEBUG org.asynchttpclient.netty.channel.ChannelManager - Adding key: http://localhost:61817 for channel [id: 0xc33b66d7, L:/127.0.0.1:61403 - R:localhost/127.0.0.1:61817]
21:10:10.668 [Forwarding getCurrentUrl on session 2ed90ea335db4990c911545e380e73fa to remote] DEBUG org.asynchttpclient.netty.request.NettyRequestSender - Using pooled Channel '[id: 0xc33b66d7, L:/127.0.0.1:61403 - R:localhost/127.0.0.1:61817]' for 'GET' to 'http://localhost:61817/session/2ed90ea335db4990c911545e380e73fa/url'
21:10:10.668 [Forwarding getCurrentUrl on session 2ed90ea335db4990c911545e380e73fa to remote] DEBUG org.asynchttpclient.netty.request.NettyRequestSender - Using open Channel [id: 0xc33b66d7, L:/127.0.0.1:61403 - R:localhost/127.0.0.1:61817] for GET '/session/2ed90ea335db4990c911545e380e73fa/url'
21:10:10.677 [AsyncHttpClient-1-5] DEBUG org.asynchttpclient.netty.handler.HttpHandler - 

Request DefaultFullHttpRequest(decodeResult: success, version: HTTP/1.1, content: EmptyByteBufBE)
GET /session/2ed90ea335db4990c911545e380e73fa/url HTTP/1.1
User-Agent: selenium/4.1.2 (java windows)
Cache-Control: no-cache
Content-Type: application/json; charset=utf-8
host: localhost:61817
accept: */*

Response DefaultHttpResponse(decodeResult: success, version: HTTP/1.1)
HTTP/1.1 200 OK
Content-Type: application/json; charset=utf-8
cache-control: no-cache
content-length: 41

21:10:10.677 [AsyncHttpClient-1-5] DEBUG org.asynchttpclient.netty.channel.ChannelManager - Adding key: http://localhost:61817 for channel [id: 0xc33b66d7, L:/127.0.0.1:61403 - R:localhost/127.0.0.1:61817]
  &amp#27;[32mGiven &amp#27;[0m&amp#27;[32mI am on the dashboard page&amp#27;[0m &amp#27;[90m# starter.stepdefinitions.CartStep.iAmOnTheDashboardPage()&amp#27;[0m
21:10:10.689 [main] DEBUG net.serenitybdd.core.photography.Darkroom - Opening darkroom
21:10:10.690 [Darkroom Processing Line] DEBUG net.serenitybdd.core.photography.DarkroomProcessingLine - Darkroom processing line starting up
21:10:10.690 [Forwarding screenshot on session 2ed90ea335db4990c911545e380e73fa to remote] DEBUG org.asynchttpclient.netty.request.NettyRequestSender - Using pooled Channel '[id: 0xc33b66d7, L:/127.0.0.1:61403 - R:localhost/127.0.0.1:61817]' for 'GET' to 'http://localhost:61817/session/2ed90ea335db4990c911545e380e73fa/screenshot'
21:10:10.692 [Forwarding screenshot on session 2ed90ea335db4990c911545e380e73fa to remote] DEBUG org.asynchttpclient.netty.request.NettyRequestSender - Using open Channel [id: 0xc33b66d7, L:/127.0.0.1:61403 - R:localhost/127.0.0.1:61817] for GET '/session/2ed90ea335db4990c911545e380e73fa/screenshot'
21:10:11.040 [AsyncHttpClient-1-5] DEBUG org.asynchttpclient.netty.handler.HttpHandler - 

Request DefaultFullHttpRequest(decodeResult: success, version: HTTP/1.1, content: EmptyByteBufBE)
GET /session/2ed90ea335db4990c911545e380e73fa/screenshot HTTP/1.1
User-Agent: selenium/4.1.2 (java windows)
Cache-Control: no-cache
Content-Type: application/json; charset=utf-8
host: localhost:61817
accept: */*

Response DefaultHttpResponse(decodeResult: success, version: HTTP/1.1)
HTTP/1.1 200 OK
Content-Type: application/json; charset=utf-8
cache-control: no-cache
content-length: 27032

21:10:11.043 [AsyncHttpClient-1-5] DEBUG org.asynchttpclient.netty.channel.ChannelManager - Adding key: http://localhost:61817 for channel [id: 0xc33b66d7, L:/127.0.0.1:61403 - R:localhost/127.0.0.1:61817]
21:10:11.045 [main] DEBUG net.serenitybdd.core.photography.Darkroom - Send negative for processing for target\site\serenity\87611f49e81bc8bb03edb7b0f3ec40b70bcff3afe661703c27e38bdd8c7551dc.png
21:10:11.047 [Darkroom Processing Line] DEBUG net.serenitybdd.core.photography.DarkroomProcessingLine - Processing screenshot image in /var/screenshots/screenshot-7562718289988640301
21:10:11.047 [Darkroom Processing Line] DEBUG net.serenitybdd.core.photography.DarkroomProcessingLine - Saving screenshot to target\site\serenity\87611f49e81bc8bb03edb7b0f3ec40b70bcff3afe661703c27e38bdd8c7551dc.png
21:10:11.062 [Forwarding findElement on session 2ed90ea335db4990c911545e380e73fa to remote] DEBUG org.asynchttpclient.netty.request.NettyRequestSender - Using pooled Channel '[id: 0xc33b66d7, L:/127.0.0.1:61403 - R:localhost/127.0.0.1:61817]' for 'POST' to 'http://localhost:61817/session/2ed90ea335db4990c911545e380e73fa/element'
21:10:11.062 [Forwarding findElement on session 2ed90ea335db4990c911545e380e73fa to remote] DEBUG org.asynchttpclient.netty.request.NettyRequestSender - Using open Channel [id: 0xc33b66d7, L:/127.0.0.1:61403 - R:localhost/127.0.0.1:61817] for POST '/session/2ed90ea335db4990c911545e380e73fa/element'
21:10:11.124 [AsyncHttpClient-1-1] DEBUG org.asynchttpclient.netty.channel.DefaultChannelPool - Entry count for : http://localhost:61404 : 1
21:10:12.225 [AsyncHttpClient-1-1] DEBUG org.asynchttpclient.netty.channel.DefaultChannelPool - Entry count for : http://localhost:61404 : 1
21:10:13.323 [AsyncHttpClient-1-1] DEBUG org.asynchttpclient.netty.channel.DefaultChannelPool - Entry count for : http://localhost:61404 : 1
21:10:14.418 [AsyncHttpClient-1-1] DEBUG org.asynchttpclient.netty.channel.DefaultChannelPool - Entry count for : http://localhost:61404 : 1
21:10:14.450 [AsyncHttpClient-1-5] DEBUG org.asynchttpclient.netty.handler.HttpHandler - 

Request DefaultHttpRequest(decodeResult: success, version: HTTP/1.1)
POST /session/2ed90ea335db4990c911545e380e73fa/element HTTP/1.1
User-Agent: selenium/4.1.2 (java windows)
Content-Length: 85
Content-Type: application/json; charset=utf-8
host: localhost:61817
accept: */*

Response DefaultHttpResponse(decodeResult: success, version: HTTP/1.1)
HTTP/1.1 200 OK
Content-Type: application/json; charset=utf-8
cache-control: no-cache
content-length: 88

21:10:14.452 [AsyncHttpClient-1-5] DEBUG org.asynchttpclient.netty.channel.ChannelManager - Adding key: http://localhost:61817 for channel [id: 0xc33b66d7, L:/127.0.0.1:61403 - R:localhost/127.0.0.1:61817]
21:10:14.453 [Forwarding getElementTagName on session 2ed90ea335db4990c911545e380e73fa to remote] DEBUG org.asynchttpclient.netty.request.NettyRequestSender - Using pooled Channel '[id: 0xc33b66d7, L:/127.0.0.1:61403 - R:localhost/127.0.0.1:61817]' for 'GET' to 'http://localhost:61817/session/2ed90ea335db4990c911545e380e73fa/element/756b0cd2-6b37-4651-b0c6-81b6b1b844e4/name'
21:10:14.453 [Forwarding getElementTagName on session 2ed90ea335db4990c911545e380e73fa to remote] DEBUG org.asynchttpclient.netty.request.NettyRequestSender - Using open Channel [id: 0xc33b66d7, L:/127.0.0.1:61403 - R:localhost/127.0.0.1:61817] for GET '/session/2ed90ea335db4990c911545e380e73fa/element/756b0cd2-6b37-4651-b0c6-81b6b1b844e4/name'
21:10:14.460 [AsyncHttpClient-1-5] DEBUG org.asynchttpclient.netty.handler.HttpHandler - 

Request DefaultFullHttpRequest(decodeResult: success, version: HTTP/1.1, content: EmptyByteBufBE)
GET /session/2ed90ea335db4990c911545e380e73fa/element/756b0cd2-6b37-4651-b0c6-81b6b1b844e4/name HTTP/1.1
User-Agent: selenium/4.1.2 (java windows)
Cache-Control: no-cache
Content-Type: application/json; charset=utf-8
host: localhost:61817
accept: */*

Response DefaultHttpResponse(decodeResult: success, version: HTTP/1.1)
HTTP/1.1 200 OK
Content-Type: application/json; charset=utf-8
cache-control: no-cache
content-length: 16

21:10:14.460 [AsyncHttpClient-1-5] DEBUG org.asynchttpclient.netty.channel.ChannelManager - Adding key: http://localhost:61817 for channel [id: 0xc33b66d7, L:/127.0.0.1:61403 - R:localhost/127.0.0.1:61817]
21:10:14.462 [Forwarding getElementTagName on session 2ed90ea335db4990c911545e380e73fa to remote] DEBUG org.asynchttpclient.netty.request.NettyRequestSender - Using pooled Channel '[id: 0xc33b66d7, L:/127.0.0.1:61403 - R:localhost/127.0.0.1:61817]' for 'GET' to 'http://localhost:61817/session/2ed90ea335db4990c911545e380e73fa/element/756b0cd2-6b37-4651-b0c6-81b6b1b844e4/name'
21:10:14.462 [Forwarding getElementTagName on session 2ed90ea335db4990c911545e380e73fa to remote] DEBUG org.asynchttpclient.netty.request.NettyRequestSender - Using open Channel [id: 0xc33b66d7, L:/127.0.0.1:61403 - R:localhost/127.0.0.1:61817] for GET '/session/2ed90ea335db4990c911545e380e73fa/element/756b0cd2-6b37-4651-b0c6-81b6b1b844e4/name'
21:10:14.466 [AsyncHttpClient-1-5] DEBUG org.asynchttpclient.netty.handler.HttpHandler - 

Request DefaultFullHttpRequest(decodeResult: success, version: HTTP/1.1, content: EmptyByteBufBE)
GET /session/2ed90ea335db4990c911545e380e73fa/element/756b0cd2-6b37-4651-b0c6-81b6b1b844e4/name HTTP/1.1
User-Agent: selenium/4.1.2 (java windows)
Cache-Control: no-cache
Content-Type: application/json; charset=utf-8
host: localhost:61817
accept: */*

Response DefaultHttpResponse(decodeResult: success, version: HTTP/1.1)
HTTP/1.1 200 OK
Content-Type: application/json; charset=utf-8
cache-control: no-cache
content-length: 16

21:10:14.466 [AsyncHttpClient-1-5] DEBUG org.asynchttpclient.netty.channel.ChannelManager - Adding key: http://localhost:61817 for channel [id: 0xc33b66d7, L:/127.0.0.1:61403 - R:localhost/127.0.0.1:61817]
21:10:14.469 [Forwarding findElement on session 2ed90ea335db4990c911545e380e73fa to remote] DEBUG org.asynchttpclient.netty.request.NettyRequestSender - Using pooled Channel '[id: 0xc33b66d7, L:/127.0.0.1:61403 - R:localhost/127.0.0.1:61817]' for 'POST' to 'http://localhost:61817/session/2ed90ea335db4990c911545e380e73fa/element'
21:10:14.469 [Forwarding findElement on session 2ed90ea335db4990c911545e380e73fa to remote] DEBUG org.asynchttpclient.netty.request.NettyRequestSender - Using open Channel [id: 0xc33b66d7, L:/127.0.0.1:61403 - R:localhost/127.0.0.1:61817] for POST '/session/2ed90ea335db4990c911545e380e73fa/element'
21:10:14.480 [AsyncHttpClient-1-5] DEBUG org.asynchttpclient.netty.handler.HttpHandler - 

Request DefaultHttpRequest(decodeResult: success, version: HTTP/1.1)
POST /session/2ed90ea335db4990c911545e380e73fa/element HTTP/1.1
User-Agent: selenium/4.1.2 (java windows)
Content-Length: 85
Content-Type: application/json; charset=utf-8
host: localhost:61817
accept: */*

Response DefaultHttpResponse(decodeResult: success, version: HTTP/1.1)
HTTP/1.1 200 OK
Content-Type: application/json; charset=utf-8
cache-control: no-cache
content-length: 88

21:10:14.480 [AsyncHttpClient-1-5] DEBUG org.asynchttpclient.netty.channel.ChannelManager - Adding key: http://localhost:61817 for channel [id: 0xc33b66d7, L:/127.0.0.1:61403 - R:localhost/127.0.0.1:61817]
21:10:14.482 [Forwarding clickElement on session 2ed90ea335db4990c911545e380e73fa to remote] DEBUG org.asynchttpclient.netty.request.NettyRequestSender - Using pooled Channel '[id: 0xc33b66d7, L:/127.0.0.1:61403 - R:localhost/127.0.0.1:61817]' for 'POST' to 'http://localhost:61817/session/2ed90ea335db4990c911545e380e73fa/element/756b0cd2-6b37-4651-b0c6-81b6b1b844e4/click'
21:10:14.482 [Forwarding clickElement on session 2ed90ea335db4990c911545e380e73fa to remote] DEBUG org.asynchttpclient.netty.request.NettyRequestSender - Using open Channel [id: 0xc33b66d7, L:/127.0.0.1:61403 - R:localhost/127.0.0.1:61817] for POST '/session/2ed90ea335db4990c911545e380e73fa/element/756b0cd2-6b37-4651-b0c6-81b6b1b844e4/click'
21:10:14.570 [AsyncHttpClient-1-5] DEBUG org.asynchttpclient.netty.handler.HttpHandler - 

Request DefaultHttpRequest(decodeResult: success, version: HTTP/1.1)
POST /session/2ed90ea335db4990c911545e380e73fa/element/756b0cd2-6b37-4651-b0c6-81b6b1b844e4/click HTTP/1.1
User-Agent: selenium/4.1.2 (java windows)
Content-Length: 50
Content-Type: application/json; charset=utf-8
host: localhost:61817
accept: */*

Response DefaultHttpResponse(decodeResult: success, version: HTTP/1.1)
HTTP/1.1 200 OK
Content-Type: application/json; charset=utf-8
cache-control: no-cache
content-length: 14

21:10:14.570 [AsyncHttpClient-1-5] DEBUG org.asynchttpclient.netty.channel.ChannelManager - Adding key: http://localhost:61817 for channel [id: 0xc33b66d7, L:/127.0.0.1:61403 - R:localhost/127.0.0.1:61817]
  &amp#27;[32mWhen &amp#27;[0m&amp#27;[32mI click buy button&amp#27;[0m          &amp#27;[90m# starter.stepdefinitions.CartStep.iClickBuyButton()&amp#27;[0m
21:10:14.582 [Forwarding screenshot on session 2ed90ea335db4990c911545e380e73fa to remote] DEBUG org.asynchttpclient.netty.request.NettyRequestSender - Using pooled Channel '[id: 0xc33b66d7, L:/127.0.0.1:61403 - R:localhost/127.0.0.1:61817]' for 'GET' to 'http://localhost:61817/session/2ed90ea335db4990c911545e380e73fa/screenshot'
21:10:14.582 [Forwarding screenshot on session 2ed90ea335db4990c911545e380e73fa to remote] DEBUG org.asynchttpclient.netty.request.NettyRequestSender - Using open Channel [id: 0xc33b66d7, L:/127.0.0.1:61403 - R:localhost/127.0.0.1:61817] for GET '/session/2ed90ea335db4990c911545e380e73fa/screenshot'
21:10:14.698 [AsyncHttpClient-1-5] DEBUG org.asynchttpclient.netty.handler.HttpHandler - 

Request DefaultFullHttpRequest(decodeResult: success, version: HTTP/1.1, content: EmptyByteBufBE)
GET /session/2ed90ea335db4990c911545e380e73fa/screenshot HTTP/1.1
User-Agent: selenium/4.1.2 (java windows)
Cache-Control: no-cache
Content-Type: application/json; charset=utf-8
host: localhost:61817
accept: */*

Response DefaultHttpResponse(decodeResult: success, version: HTTP/1.1)
HTTP/1.1 200 OK
Content-Type: application/json; charset=utf-8
cache-control: no-cache
content-length: 50040

21:10:14.699 [AsyncHttpClient-1-5] DEBUG org.asynchttpclient.netty.channel.ChannelManager - Adding key: http://localhost:61817 for channel [id: 0xc33b66d7, L:/127.0.0.1:61403 - R:localhost/127.0.0.1:61817]
21:10:14.702 [main] DEBUG net.serenitybdd.core.photography.Darkroom - Send negative for processing for target\site\serenity\0a7c27dc565ff91e58c4599b1c77de560719460086d772f7e535ba1d391376f6.png
21:10:14.702 [Darkroom Processing Line] DEBUG net.serenitybdd.core.photography.DarkroomProcessingLine - Processing screenshot image in /var/screenshots/screenshot-4554370277596972913
21:10:14.702 [Darkroom Processing Line] DEBUG net.serenitybdd.core.photography.DarkroomProcessingLine - Saving screenshot to target\site\serenity\0a7c27dc565ff91e58c4599b1c77de560719460086d772f7e535ba1d391376f6.png
21:10:14.712 [Forwarding findElement on session 2ed90ea335db4990c911545e380e73fa to remote] DEBUG org.asynchttpclient.netty.request.NettyRequestSender - Using pooled Channel '[id: 0xc33b66d7, L:/127.0.0.1:61403 - R:localhost/127.0.0.1:61817]' for 'POST' to 'http://localhost:61817/session/2ed90ea335db4990c911545e380e73fa/element'
21:10:14.713 [Forwarding findElement on session 2ed90ea335db4990c911545e380e73fa to remote] DEBUG org.asynchttpclient.netty.request.NettyRequestSender - Using open Channel [id: 0xc33b66d7, L:/127.0.0.1:61403 - R:localhost/127.0.0.1:61817] for POST '/session/2ed90ea335db4990c911545e380e73fa/element'
21:10:14.730 [AsyncHttpClient-1-5] DEBUG org.asynchttpclient.netty.handler.HttpHandler - 

Request DefaultHttpRequest(decodeResult: success, version: HTTP/1.1)
POST /session/2ed90ea335db4990c911545e380e73fa/element HTTP/1.1
User-Agent: selenium/4.1.2 (java windows)
Content-Length: 63
Content-Type: application/json; charset=utf-8
host: localhost:61817
accept: */*

Response DefaultHttpResponse(decodeResult: success, version: HTTP/1.1)
HTTP/1.1 200 OK
Content-Type: application/json; charset=utf-8
cache-control: no-cache
content-length: 88

21:10:14.730 [AsyncHttpClient-1-5] DEBUG org.asynchttpclient.netty.channel.ChannelManager - Adding key: http://localhost:61817 for channel [id: 0xc33b66d7, L:/127.0.0.1:61403 - R:localhost/127.0.0.1:61817]
21:10:14.733 [Forwarding getElementTagName on session 2ed90ea335db4990c911545e380e73fa to remote] DEBUG org.asynchttpclient.netty.request.NettyRequestSender - Using pooled Channel '[id: 0xc33b66d7, L:/127.0.0.1:61403 - R:localhost/127.0.0.1:61817]' for 'GET' to 'http://localhost:61817/session/2ed90ea335db4990c911545e380e73fa/element/46af319a-9baa-4108-a607-dbaff9156a86/name'
21:10:14.733 [Forwarding getElementTagName on session 2ed90ea335db4990c911545e380e73fa to remote] DEBUG org.asynchttpclient.netty.request.NettyRequestSender - Using open Channel [id: 0xc33b66d7, L:/127.0.0.1:61403 - R:localhost/127.0.0.1:61817] for GET '/session/2ed90ea335db4990c911545e380e73fa/element/46af319a-9baa-4108-a607-dbaff9156a86/name'
21:10:14.741 [AsyncHttpClient-1-5] DEBUG org.asynchttpclient.netty.handler.HttpHandler - 

Request DefaultFullHttpRequest(decodeResult: success, version: HTTP/1.1, content: EmptyByteBufBE)
GET /session/2ed90ea335db4990c911545e380e73fa/element/46af319a-9baa-4108-a607-dbaff9156a86/name HTTP/1.1
User-Agent: selenium/4.1.2 (java windows)
Cache-Control: no-cache
Content-Type: application/json; charset=utf-8
host: localhost:61817
accept: */*

Response DefaultHttpResponse(decodeResult: success, version: HTTP/1.1)
HTTP/1.1 200 OK
Content-Type: application/json; charset=utf-8
cache-control: no-cache
content-length: 13

21:10:14.742 [AsyncHttpClient-1-5] DEBUG org.asynchttpclient.netty.channel.ChannelManager - Adding key: http://localhost:61817 for channel [id: 0xc33b66d7, L:/127.0.0.1:61403 - R:localhost/127.0.0.1:61817]
21:10:14.744 [Forwarding getElementTagName on session 2ed90ea335db4990c911545e380e73fa to remote] DEBUG org.asynchttpclient.netty.request.NettyRequestSender - Using pooled Channel '[id: 0xc33b66d7, L:/127.0.0.1:61403 - R:localhost/127.0.0.1:61817]' for 'GET' to 'http://localhost:61817/session/2ed90ea335db4990c911545e380e73fa/element/46af319a-9baa-4108-a607-dbaff9156a86/name'
21:10:14.744 [Forwarding getElementTagName on session 2ed90ea335db4990c911545e380e73fa to remote] DEBUG org.asynchttpclient.netty.request.NettyRequestSender - Using open Channel [id: 0xc33b66d7, L:/127.0.0.1:61403 - R:localhost/127.0.0.1:61817] for GET '/session/2ed90ea335db4990c911545e380e73fa/element/46af319a-9baa-4108-a607-dbaff9156a86/name'
21:10:14.750 [AsyncHttpClient-1-5] DEBUG org.asynchttpclient.netty.handler.HttpHandler - 

Request DefaultFullHttpRequest(decodeResult: success, version: HTTP/1.1, content: EmptyByteBufBE)
GET /session/2ed90ea335db4990c911545e380e73fa/element/46af319a-9baa-4108-a607-dbaff9156a86/name HTTP/1.1
User-Agent: selenium/4.1.2 (java windows)
Cache-Control: no-cache
Content-Type: application/json; charset=utf-8
host: localhost:61817
accept: */*

Response DefaultHttpResponse(decodeResult: success, version: HTTP/1.1)
HTTP/1.1 200 OK
Content-Type: application/json; charset=utf-8
cache-control: no-cache
content-length: 13

21:10:14.750 [AsyncHttpClient-1-5] DEBUG org.asynchttpclient.netty.channel.ChannelManager - Adding key: http://localhost:61817 for channel [id: 0xc33b66d7, L:/127.0.0.1:61403 - R:localhost/127.0.0.1:61817]
21:10:14.754 [Forwarding findElement on session 2ed90ea335db4990c911545e380e73fa to remote] DEBUG org.asynchttpclient.netty.request.NettyRequestSender - Using pooled Channel '[id: 0xc33b66d7, L:/127.0.0.1:61403 - R:localhost/127.0.0.1:61817]' for 'POST' to 'http://localhost:61817/session/2ed90ea335db4990c911545e380e73fa/element'
21:10:14.754 [Forwarding findElement on session 2ed90ea335db4990c911545e380e73fa to remote] DEBUG org.asynchttpclient.netty.request.NettyRequestSender - Using open Channel [id: 0xc33b66d7, L:/127.0.0.1:61403 - R:localhost/127.0.0.1:61817] for POST '/session/2ed90ea335db4990c911545e380e73fa/element'
21:10:14.768 [AsyncHttpClient-1-5] DEBUG org.asynchttpclient.netty.handler.HttpHandler - 

Request DefaultHttpRequest(decodeResult: success, version: HTTP/1.1)
POST /session/2ed90ea335db4990c911545e380e73fa/element HTTP/1.1
User-Agent: selenium/4.1.2 (java windows)
Content-Length: 63
Content-Type: application/json; charset=utf-8
host: localhost:61817
accept: */*

Response DefaultHttpResponse(decodeResult: success, version: HTTP/1.1)
HTTP/1.1 200 OK
Content-Type: application/json; charset=utf-8
cache-control: no-cache
content-length: 88

21:10:14.768 [AsyncHttpClient-1-5] DEBUG org.asynchttpclient.netty.channel.ChannelManager - Adding key: http://localhost:61817 for channel [id: 0xc33b66d7, L:/127.0.0.1:61403 - R:localhost/127.0.0.1:61817]
21:10:14.772 [Forwarding clickElement on session 2ed90ea335db4990c911545e380e73fa to remote] DEBUG org.asynchttpclient.netty.request.NettyRequestSender - Using pooled Channel '[id: 0xc33b66d7, L:/127.0.0.1:61403 - R:localhost/127.0.0.1:61817]' for 'POST' to 'http://localhost:61817/session/2ed90ea335db4990c911545e380e73fa/element/46af319a-9baa-4108-a607-dbaff9156a86/click'
21:10:14.772 [Forwarding clickElement on session 2ed90ea335db4990c911545e380e73fa to remote] DEBUG org.asynchttpclient.netty.request.NettyRequestSender - Using open Channel [id: 0xc33b66d7, L:/127.0.0.1:61403 - R:localhost/127.0.0.1:61817] for POST '/session/2ed90ea335db4990c911545e380e73fa/element/46af319a-9baa-4108-a607-dbaff9156a86/click'
21:10:14.889 [AsyncHttpClient-1-5] DEBUG org.asynchttpclient.netty.handler.HttpHandler - 

Request DefaultHttpRequest(decodeResult: success, version: HTTP/1.1)
POST /session/2ed90ea335db4990c911545e380e73fa/element/46af319a-9baa-4108-a607-dbaff9156a86/click HTTP/1.1
User-Agent: selenium/4.1.2 (java windows)
Content-Length: 50
Content-Type: application/json; charset=utf-8
host: localhost:61817
accept: */*

Response DefaultHttpResponse(decodeResult: success, version: HTTP/1.1)
HTTP/1.1 200 OK
Content-Type: application/json; charset=utf-8
cache-control: no-cache
content-length: 14

21:10:14.890 [AsyncHttpClient-1-5] DEBUG org.asynchttpclient.netty.channel.ChannelManager - Adding key: http://localhost:61817 for channel [id: 0xc33b66d7, L:/127.0.0.1:61403 - R:localhost/127.0.0.1:61817]
  &amp#27;[32mAnd &amp#27;[0m&amp#27;[32mI click cart button&amp#27;[0m          &amp#27;[90m# starter.stepdefinitions.CartStep.iClickCartButton()&amp#27;[0m
21:10:14.906 [Forwarding screenshot on session 2ed90ea335db4990c911545e380e73fa to remote] DEBUG org.asynchttpclient.netty.request.NettyRequestSender - Using pooled Channel '[id: 0xc33b66d7, L:/127.0.0.1:61403 - R:localhost/127.0.0.1:61817]' for 'GET' to 'http://localhost:61817/session/2ed90ea335db4990c911545e380e73fa/screenshot'
21:10:14.906 [Forwarding screenshot on session 2ed90ea335db4990c911545e380e73fa to remote] DEBUG org.asynchttpclient.netty.request.NettyRequestSender - Using open Channel [id: 0xc33b66d7, L:/127.0.0.1:61403 - R:localhost/127.0.0.1:61817] for GET '/session/2ed90ea335db4990c911545e380e73fa/screenshot'
21:10:15.299 [AsyncHttpClient-1-5] DEBUG org.asynchttpclient.netty.handler.HttpHandler - 

Request DefaultFullHttpRequest(decodeResult: success, version: HTTP/1.1, content: EmptyByteBufBE)
GET /session/2ed90ea335db4990c911545e380e73fa/screenshot HTTP/1.1
User-Agent: selenium/4.1.2 (java windows)
Cache-Control: no-cache
Content-Type: application/json; charset=utf-8
host: localhost:61817
accept: */*

Response DefaultHttpResponse(decodeResult: success, version: HTTP/1.1)
HTTP/1.1 200 OK
Content-Type: application/json; charset=utf-8
cache-control: no-cache
content-length: 27928

21:10:15.300 [AsyncHttpClient-1-5] DEBUG org.asynchttpclient.netty.channel.ChannelManager - Adding key: http://localhost:61817 for channel [id: 0xc33b66d7, L:/127.0.0.1:61403 - R:localhost/127.0.0.1:61817]
21:10:15.302 [main] DEBUG net.serenitybdd.core.photography.Darkroom - Send negative for processing for target\site\serenity\eef810931a2654065ca862e66510e6addb5ae8220dd1d038bcaaf3c998dbc223.png
21:10:15.303 [Darkroom Processing Line] DEBUG net.serenitybdd.core.photography.DarkroomProcessingLine - Processing screenshot image in /var/screenshots/screenshot-18183721501773564723
21:10:15.303 [Darkroom Processing Line] DEBUG net.serenitybdd.core.photography.DarkroomProcessingLine - Saving screenshot to target\site\serenity\eef810931a2654065ca862e66510e6addb5ae8220dd1d038bcaaf3c998dbc223.png
21:10:15.310 [Forwarding findElement on session 2ed90ea335db4990c911545e380e73fa to remote] DEBUG org.asynchttpclient.netty.request.NettyRequestSender - Using pooled Channel '[id: 0xc33b66d7, L:/127.0.0.1:61403 - R:localhost/127.0.0.1:61817]' for 'POST' to 'http://localhost:61817/session/2ed90ea335db4990c911545e380e73fa/element'
21:10:15.311 [Forwarding findElement on session 2ed90ea335db4990c911545e380e73fa to remote] DEBUG org.asynchttpclient.netty.request.NettyRequestSender - Using open Channel [id: 0xc33b66d7, L:/127.0.0.1:61403 - R:localhost/127.0.0.1:61817] for POST '/session/2ed90ea335db4990c911545e380e73fa/element'
21:10:15.323 [AsyncHttpClient-1-5] DEBUG org.asynchttpclient.netty.handler.HttpHandler - 

Request DefaultHttpRequest(decodeResult: success, version: HTTP/1.1)
POST /session/2ed90ea335db4990c911545e380e73fa/element HTTP/1.1
User-Agent: selenium/4.1.2 (java windows)
Content-Length: 79
Content-Type: application/json; charset=utf-8
host: localhost:61817
accept: */*

Response DefaultHttpResponse(decodeResult: success, version: HTTP/1.1)
HTTP/1.1 200 OK
Content-Type: application/json; charset=utf-8
cache-control: no-cache
content-length: 88

21:10:15.323 [AsyncHttpClient-1-5] DEBUG org.asynchttpclient.netty.channel.ChannelManager - Adding key: http://localhost:61817 for channel [id: 0xc33b66d7, L:/127.0.0.1:61403 - R:localhost/127.0.0.1:61817]
21:10:15.325 [Forwarding getElementTagName on session 2ed90ea335db4990c911545e380e73fa to remote] DEBUG org.asynchttpclient.netty.request.NettyRequestSender - Using pooled Channel '[id: 0xc33b66d7, L:/127.0.0.1:61403 - R:localhost/127.0.0.1:61817]' for 'GET' to 'http://localhost:61817/session/2ed90ea335db4990c911545e380e73fa/element/0008b40a-d740-41ff-ae3e-23229a2666ea/name'
21:10:15.325 [Forwarding getElementTagName on session 2ed90ea335db4990c911545e380e73fa to remote] DEBUG org.asynchttpclient.netty.request.NettyRequestSender - Using open Channel [id: 0xc33b66d7, L:/127.0.0.1:61403 - R:localhost/127.0.0.1:61817] for GET '/session/2ed90ea335db4990c911545e380e73fa/element/0008b40a-d740-41ff-ae3e-23229a2666ea/name'
21:10:15.331 [AsyncHttpClient-1-5] DEBUG org.asynchttpclient.netty.handler.HttpHandler - 

Request DefaultFullHttpRequest(decodeResult: success, version: HTTP/1.1, content: EmptyByteBufBE)
GET /session/2ed90ea335db4990c911545e380e73fa/element/0008b40a-d740-41ff-ae3e-23229a2666ea/name HTTP/1.1
User-Agent: selenium/4.1.2 (java windows)
Cache-Control: no-cache
Content-Type: application/json; charset=utf-8
host: localhost:61817
accept: */*

Response DefaultHttpResponse(decodeResult: success, version: HTTP/1.1)
HTTP/1.1 200 OK
Content-Type: application/json; charset=utf-8
cache-control: no-cache
content-length: 16

21:10:15.332 [AsyncHttpClient-1-5] DEBUG org.asynchttpclient.netty.channel.ChannelManager - Adding key: http://localhost:61817 for channel [id: 0xc33b66d7, L:/127.0.0.1:61403 - R:localhost/127.0.0.1:61817]
21:10:15.334 [Forwarding getElementTagName on session 2ed90ea335db4990c911545e380e73fa to remote] DEBUG org.asynchttpclient.netty.request.NettyRequestSender - Using pooled Channel '[id: 0xc33b66d7, L:/127.0.0.1:61403 - R:localhost/127.0.0.1:61817]' for 'GET' to 'http://localhost:61817/session/2ed90ea335db4990c911545e380e73fa/element/0008b40a-d740-41ff-ae3e-23229a2666ea/name'
21:10:15.334 [Forwarding getElementTagName on session 2ed90ea335db4990c911545e380e73fa to remote] DEBUG org.asynchttpclient.netty.request.NettyRequestSender - Using open Channel [id: 0xc33b66d7, L:/127.0.0.1:61403 - R:localhost/127.0.0.1:61817] for GET '/session/2ed90ea335db4990c911545e380e73fa/element/0008b40a-d740-41ff-ae3e-23229a2666ea/name'
21:10:15.337 [AsyncHttpClient-1-5] DEBUG org.asynchttpclient.netty.handler.HttpHandler - 

Request DefaultFullHttpRequest(decodeResult: success, version: HTTP/1.1, content: EmptyByteBufBE)
GET /session/2ed90ea335db4990c911545e380e73fa/element/0008b40a-d740-41ff-ae3e-23229a2666ea/name HTTP/1.1
User-Agent: selenium/4.1.2 (java windows)
Cache-Control: no-cache
Content-Type: application/json; charset=utf-8
host: localhost:61817
accept: */*

Response DefaultHttpResponse(decodeResult: success, version: HTTP/1.1)
HTTP/1.1 200 OK
Content-Type: application/json; charset=utf-8
cache-control: no-cache
content-length: 16

21:10:15.338 [AsyncHttpClient-1-5] DEBUG org.asynchttpclient.netty.channel.ChannelManager - Adding key: http://localhost:61817 for channel [id: 0xc33b66d7, L:/127.0.0.1:61403 - R:localhost/127.0.0.1:61817]
21:10:15.340 [Forwarding findElement on session 2ed90ea335db4990c911545e380e73fa to remote] DEBUG org.asynchttpclient.netty.request.NettyRequestSender - Using pooled Channel '[id: 0xc33b66d7, L:/127.0.0.1:61403 - R:localhost/127.0.0.1:61817]' for 'POST' to 'http://localhost:61817/session/2ed90ea335db4990c911545e380e73fa/element'
21:10:15.340 [Forwarding findElement on session 2ed90ea335db4990c911545e380e73fa to remote] DEBUG org.asynchttpclient.netty.request.NettyRequestSender - Using open Channel [id: 0xc33b66d7, L:/127.0.0.1:61403 - R:localhost/127.0.0.1:61817] for POST '/session/2ed90ea335db4990c911545e380e73fa/element'
21:10:15.349 [AsyncHttpClient-1-5] DEBUG org.asynchttpclient.netty.handler.HttpHandler - 

Request DefaultHttpRequest(decodeResult: success, version: HTTP/1.1)
POST /session/2ed90ea335db4990c911545e380e73fa/element HTTP/1.1
User-Agent: selenium/4.1.2 (java windows)
Content-Length: 79
Content-Type: application/json; charset=utf-8
host: localhost:61817
accept: */*

Response DefaultHttpResponse(decodeResult: success, version: HTTP/1.1)
HTTP/1.1 200 OK
Content-Type: application/json; charset=utf-8
cache-control: no-cache
content-length: 88

21:10:15.349 [AsyncHttpClient-1-5] DEBUG org.asynchttpclient.netty.channel.ChannelManager - Adding key: http://localhost:61817 for channel [id: 0xc33b66d7, L:/127.0.0.1:61403 - R:localhost/127.0.0.1:61817]
21:10:15.350 [Forwarding clickElement on session 2ed90ea335db4990c911545e380e73fa to remote] DEBUG org.asynchttpclient.netty.request.NettyRequestSender - Using pooled Channel '[id: 0xc33b66d7, L:/127.0.0.1:61403 - R:localhost/127.0.0.1:61817]' for 'POST' to 'http://localhost:61817/session/2ed90ea335db4990c911545e380e73fa/element/0008b40a-d740-41ff-ae3e-23229a2666ea/click'
21:10:15.350 [Forwarding clickElement on session 2ed90ea335db4990c911545e380e73fa to remote] DEBUG org.asynchttpclient.netty.request.NettyRequestSender - Using open Channel [id: 0xc33b66d7, L:/127.0.0.1:61403 - R:localhost/127.0.0.1:61817] for POST '/session/2ed90ea335db4990c911545e380e73fa/element/0008b40a-d740-41ff-ae3e-23229a2666ea/click'
21:10:15.393 [AsyncHttpClient-1-5] DEBUG org.asynchttpclient.netty.handler.HttpHandler - 

Request DefaultHttpRequest(decodeResult: success, version: HTTP/1.1)
POST /session/2ed90ea335db4990c911545e380e73fa/element/0008b40a-d740-41ff-ae3e-23229a2666ea/click HTTP/1.1
User-Agent: selenium/4.1.2 (java windows)
Content-Length: 50
Content-Type: application/json; charset=utf-8
host: localhost:61817
accept: */*

Response DefaultHttpResponse(decodeResult: success, version: HTTP/1.1)
HTTP/1.1 200 OK
Content-Type: application/json; charset=utf-8
cache-control: no-cache
content-length: 14

21:10:15.394 [AsyncHttpClient-1-5] DEBUG org.asynchttpclient.netty.channel.ChannelManager - Adding key: http://localhost:61817 for channel [id: 0xc33b66d7, L:/127.0.0.1:61403 - R:localhost/127.0.0.1:61817]
  &amp#27;[32mAnd &amp#27;[0m&amp#27;[32mI click add button&amp#27;[0m           &amp#27;[90m# starter.stepdefinitions.CartStep.iClickAddButton()&amp#27;[0m
21:10:15.400 [Forwarding screenshot on session 2ed90ea335db4990c911545e380e73fa to remote] DEBUG org.asynchttpclient.netty.request.NettyRequestSender - Using pooled Channel '[id: 0xc33b66d7, L:/127.0.0.1:61403 - R:localhost/127.0.0.1:61817]' for 'GET' to 'http://localhost:61817/session/2ed90ea335db4990c911545e380e73fa/screenshot'
21:10:15.400 [Forwarding screenshot on session 2ed90ea335db4990c911545e380e73fa to remote] DEBUG org.asynchttpclient.netty.request.NettyRequestSender - Using open Channel [id: 0xc33b66d7, L:/127.0.0.1:61403 - R:localhost/127.0.0.1:61817] for GET '/session/2ed90ea335db4990c911545e380e73fa/screenshot'
21:10:15.518 [AsyncHttpClient-1-1] DEBUG org.asynchttpclient.netty.channel.DefaultChannelPool - Entry count for : http://localhost:61404 : 1
21:10:15.562 [AsyncHttpClient-1-5] DEBUG org.asynchttpclient.netty.handler.HttpHandler - 

Request DefaultFullHttpRequest(decodeResult: success, version: HTTP/1.1, content: EmptyByteBufBE)
GET /session/2ed90ea335db4990c911545e380e73fa/screenshot HTTP/1.1
User-Agent: selenium/4.1.2 (java windows)
Cache-Control: no-cache
Content-Type: application/json; charset=utf-8
host: localhost:61817
accept: */*

Response DefaultHttpResponse(decodeResult: success, version: HTTP/1.1)
HTTP/1.1 200 OK
Content-Type: application/json; charset=utf-8
cache-control: no-cache
content-length: 31268

21:10:15.563 [AsyncHttpClient-1-5] DEBUG org.asynchttpclient.netty.channel.ChannelManager - Adding key: http://localhost:61817 for channel [id: 0xc33b66d7, L:/127.0.0.1:61403 - R:localhost/127.0.0.1:61817]
21:10:15.564 [main] DEBUG net.serenitybdd.core.photography.Darkroom - Send negative for processing for target\site\serenity\7d460c2d56d9221203d7846ad05abab45f836fff035bd441b9d024ddd94ca76d.png
21:10:15.565 [Darkroom Processing Line] DEBUG net.serenitybdd.core.photography.DarkroomProcessingLine - Processing screenshot image in /var/screenshots/screenshot-13667057842665476083
21:10:15.565 [Darkroom Processing Line] DEBUG net.serenitybdd.core.photography.DarkroomProcessingLine - Saving screenshot to target\site\serenity\7d460c2d56d9221203d7846ad05abab45f836fff035bd441b9d024ddd94ca76d.png
  &amp#27;[32mThen &amp#27;[0m&amp#27;[32mI success add my item&amp#27;[0m       &amp#27;[90m# starter.stepdefinitions.CartStep.iSuccessAddMyItem()&amp#27;[0m
21:10:15.582 [main] INFO  - 
  _____   ___   ___   _____     ___     _     ___   ___   ___   ___  
 |_   _| | __| / __| |_   _|   | _ \   /_\   / __| / __| | __| |   \ 
   | |   | _|  \__ \   | |     |  _/  / _ \  \__ \ \__ \ | _|  | |) |
   |_|   |___| |___/   |_|     |_|   /_/ \_\ |___/ |___/ |___| |___/ 

Add item to cart
----------------------------------------------------------------------
21:10:15.584 [AsyncHttpClient-1-7] DEBUG org.asynchttpclient.netty.handler.WebSocketHandler - Channel Closed: [id: 0xd83f0651, L:/127.0.0.1:61412 ! R:localhost/127.0.0.1:61404] with attribute NettyResponseFuture{currentRetry=5,
	isDone=1,
	isCancelled=0,
	asyncHandler=org.asynchttpclient.ws.WebSocketUpgradeHandler@305eeab7,
	nettyRequest=org.asynchttpclient.netty.request.NettyRequest@755c72d8,
	future=java.util.concurrent.CompletableFuture@7bfa7d0d[Completed normally],
	uri=ws://localhost:61404/devtools/browser/0a4ab6ef-6c0f-469b-8b82-393e66535964,
	keepAlive=true,
	redirectCount=0,
	timeoutsHolder=null,
	inAuth=0,
	touch=1667916608812}
21:10:15.584 [AsyncHttpClient-1-7] DEBUG org.asynchttpclient.netty.channel.ChannelManager - Closing Channel [id: 0xd83f0651, L:/127.0.0.1:61412 ! R:localhost/127.0.0.1:61404] 
21:10:15.588 [Driver Command Executor] DEBUG org.asynchttpclient.netty.request.NettyRequestSender - Using pooled Channel '[id: 0xc33b66d7, L:/127.0.0.1:61403 - R:localhost/127.0.0.1:61817]' for 'DELETE' to 'http://localhost:61817/session/2ed90ea335db4990c911545e380e73fa'
21:10:15.588 [Driver Command Executor] DEBUG org.asynchttpclient.netty.request.NettyRequestSender - Using open Channel [id: 0xc33b66d7, L:/127.0.0.1:61403 - R:localhost/127.0.0.1:61817] for DELETE '/session/2ed90ea335db4990c911545e380e73fa'
21:10:15.631 [AsyncHttpClient-1-6] DEBUG org.asynchttpclient.netty.handler.HttpHandler - Unexpected I/O exception on channel [id: 0xc8f7bdef, L:/127.0.0.1:61411 - R:localhost/127.0.0.1:61404]
java.io.IOException: An existing connection was forcibly closed by the remote host
	at java.base/sun.nio.ch.SocketDispatcher.read0(Native Method)
	at java.base/sun.nio.ch.SocketDispatcher.read(SocketDispatcher.java:43)
	at java.base/sun.nio.ch.IOUtil.readIntoNativeBuffer(IOUtil.java:276)
	at java.base/sun.nio.ch.IOUtil.read(IOUtil.java:233)
	at java.base/sun.nio.ch.IOUtil.read(IOUtil.java:223)
	at java.base/sun.nio.ch.SocketChannelImpl.read(SocketChannelImpl.java:358)
	at io.netty.buffer.PooledByteBuf.setBytes(PooledByteBuf.java:258)
	at io.netty.buffer.AbstractByteBuf.writeBytes(AbstractByteBuf.java:1132)
	at io.netty.channel.socket.nio.NioSocketChannel.doReadBytes(NioSocketChannel.java:350)
	at io.netty.channel.nio.AbstractNioByteChannel$NioByteUnsafe.read(AbstractNioByteChannel.java:151)
	at io.netty.channel.nio.NioEventLoop.processSelectedKey(NioEventLoop.java:722)
	at io.netty.channel.nio.NioEventLoop.processSelectedKeysOptimized(NioEventLoop.java:658)
	at io.netty.channel.nio.NioEventLoop.processSelectedKeys(NioEventLoop.java:584)
	at io.netty.channel.nio.NioEventLoop.run(NioEventLoop.java:496)
	at io.netty.util.concurrent.SingleThreadEventExecutor$4.run(SingleThreadEventExecutor.java:986)
	at io.netty.util.internal.ThreadExecutorMap$2.run(ThreadExecutorMap.java:74)
	at io.netty.util.concurrent.FastThreadLocalRunnable.run(FastThreadLocalRunnable.java:30)
	at java.base/java.lang.Thread.run(Thread.java:834)
21:10:15.631 [AsyncHttpClient-1-6] DEBUG org.asynchttpclient.netty.channel.ChannelManager - Closing Channel [id: 0xc8f7bdef, L:/127.0.0.1:61411 - R:localhost/127.0.0.1:61404] 
21:10:15.631 [AsyncHttpClient-1-6] DEBUG org.asynchttpclient.netty.handler.HttpHandler - Channel Closed: [id: 0xc8f7bdef, L:/127.0.0.1:61411 ! R:localhost/127.0.0.1:61404] with attribute DISCARD
21:10:15.650 [AsyncHttpClient-1-5] DEBUG org.asynchttpclient.netty.handler.HttpHandler - 

Request DefaultFullHttpRequest(decodeResult: success, version: HTTP/1.1, content: EmptyByteBufBE)
DELETE /session/2ed90ea335db4990c911545e380e73fa HTTP/1.1
User-Agent: selenium/4.1.2 (java windows)
Content-Type: application/json; charset=utf-8
host: localhost:61817
accept: */*

Response DefaultHttpResponse(decodeResult: success, version: HTTP/1.1)
HTTP/1.1 200 OK
Content-Type: application/json; charset=utf-8
cache-control: no-cache
content-length: 14

21:10:15.650 [AsyncHttpClient-1-5] DEBUG org.asynchttpclient.netty.channel.ChannelManager - Adding key: http://localhost:61817 for channel [id: 0xc33b66d7, L:/127.0.0.1:61403 - R:localhost/127.0.0.1:61817]
21:10:15.767 [AsyncHttpClient-1-5] DEBUG org.asynchttpclient.netty.handler.HttpHandler - Channel Closed: [id: 0xc33b66d7, L:/127.0.0.1:61403 ! R:localhost/127.0.0.1:61817] with attribute DISCARD
]]></system-out>
    <system-err><![CDATA[Starting ChromeDriver 106.0.5249.61 (511755355844955cd3e264779baf0dd38212a4d0-refs/branch-heads/5249@{#569}) on port 61817
Only local connections are allowed.
Please see https://chromedriver.chromium.org/security-considerations for suggestions on keeping ChromeDriver safe.
ChromeDriver was started successfully.
[1667916608.682][WARNING]: This version of ChromeDriver has not been tested with Chrome version 107.
Nov 08, 2022 9:10:08 PM org.openqa.selenium.remote.ProtocolHandshake createSession
INFO: Detected dialect: W3C
Nov 08, 2022 9:10:08 PM org.openqa.selenium.devtools.CdpVersionFinder findNearestMatch
WARNING: Unable to find an exact match for CDP version 107, so returning the closest version found: a no-op implementation
Nov 08, 2022 9:10:08 PM org.openqa.selenium.devtools.CdpVersionFinder findNearestMatch
INFO: Unable to find CDP implementation matching 107.
Nov 08, 2022 9:10:08 PM org.openqa.selenium.chromium.ChromiumDriver lambda$new$3
WARNING: Unable to find version of CDP to use for . You may need to include a dependency on a specific version of the CDP using something similar to `org.seleniumhq.selenium:selenium-devtools-v86:4.1.2` where the version ("v86") matches the version of the chromium-based browser you're using and the version number of the artifact is the same as Selenium's.
]]></system-err>
  </testcase>
  <testcase name="Reduce item to cart" classname="Cart" time="8.439">
    <system-out><![CDATA[
@Cart
Scenario: Reduce item to cart      &amp#27;[90m# src/test/resources/features/cart.feature:14&amp#27;[0m
21:10:15.861 [main] INFO io.cucumber.core.plugin.SerenityReporter - Running feature from file:///D:/miniproject/webtesting/src/test/resources/features/cart.feature
21:10:15.864 [main] INFO  - 
  _____   ___   ___   _____     ___   _____     _     ___   _____   ___   ___  
 |_   _| | __| / __| |_   _|   / __| |_   _|   /_\   | _ \ |_   _| | __| |   \ 
   | |   | _|  \__ \   | |     \__ \   | |    / _ \  |   /   | |   | _|  | |) |
   |_|   |___| |___/   |_|     |___/   |_|   /_/ \_\ |_|_\   |_|   |___| |___/ 

Reduce item to cart(cart;reduce-item-to-cart)
--------------------------------------------------------------------------------
21:10:15.906 [main] INFO net.serenitybdd.core.webdriver.driverproviders.ChromeDriverProvider - Using automatically driver download
21:10:16.173 [main] DEBUG io.github.bonigarcia.wdm.cache.ResolutionCache - Resolution chrome=107 in cache (valid until 22:09:52 08/11/2022 ICT)
21:10:16.180 [main] DEBUG io.github.bonigarcia.wdm.cache.ResolutionCache - Resolution chrome107=107.0.5304.62 in cache (valid until 21:09:52 09/11/2022 ICT)
21:10:16.183 [main] INFO io.github.bonigarcia.wdm.WebDriverManager - Using chromedriver 107.0.5304.62 (resolved driver for Chrome 107)
21:10:16.205 [main] DEBUG io.github.bonigarcia.wdm.WebDriverManager - Driver chromedriver 107.0.5304.62 found in cache
21:10:16.206 [main] INFO io.github.bonigarcia.wdm.WebDriverManager - Exporting webdriver.chrome.driver as C:\Users\Yusuf Efendi\.cache\selenium\chromedriver\win32\107.0.5304.62\chromedriver.exe
21:10:16.386 [main] DEBUG net.serenitybdd.core.webdriver.driverproviders.ProvideNewDriver - Instantiating driver
21:10:16.386 [main] DEBUG net.serenitybdd.core.webdriver.driverproviders.ProvideNewDriver - Driver capabilities: Capabilities {acceptInsecureCerts: false, base.url: https://alta-shop.vercel.app, browserName: chrome, chrome.driver: src/test/resources/webdrive..., driver: chrome, goog:chromeOptions: {args: [], extensions: []}, wait.for.timeout: 7000}
21:10:16.624 [AsyncHttpClient-1-8] DEBUG org.asynchttpclient.netty.channel.NettyConnectListener - Using new Channel '[id: 0xbdab38da, L:/127.0.0.1:61441 - R:localhost/127.0.0.1:60315]' for 'POST' to '/session'
21:10:16.625 [AsyncHttpClient-1-1] DEBUG org.asynchttpclient.netty.channel.DefaultChannelPool - Entry count for : http://localhost:61817 : 1
21:10:16.625 [AsyncHttpClient-1-1] DEBUG org.asynchttpclient.netty.channel.DefaultChannelPool - Entry count for : http://localhost:61404 : 1
21:10:16.625 [AsyncHttpClient-1-1] DEBUG org.asynchttpclient.netty.channel.DefaultChannelPool - Adding Candidate expired Channel [id: 0xc33b66d7, L:/127.0.0.1:61403 ! R:localhost/127.0.0.1:61817] isIdleTimeoutExpired=false isRemotelyClosed=true isTtlExpired=false
21:10:16.625 [AsyncHttpClient-1-1] DEBUG org.asynchttpclient.netty.channel.DefaultChannelPool - Closing Idle Channel [id: 0xc33b66d7, L:/127.0.0.1:61403 ! R:localhost/127.0.0.1:61817]
21:10:16.625 [AsyncHttpClient-1-1] DEBUG org.asynchttpclient.netty.channel.DefaultChannelPool - Adding Candidate expired Channel [id: 0xc8f7bdef, L:/127.0.0.1:61411 ! R:localhost/127.0.0.1:61404] isIdleTimeoutExpired=false isRemotelyClosed=true isTtlExpired=false
21:10:16.625 [AsyncHttpClient-1-1] DEBUG org.asynchttpclient.netty.channel.DefaultChannelPool - Closing Idle Channel [id: 0xc8f7bdef, L:/127.0.0.1:61411 ! R:localhost/127.0.0.1:61404]
21:10:16.625 [AsyncHttpClient-1-1] DEBUG org.asynchttpclient.netty.channel.DefaultChannelPool - Closed 2 connections out of 2 in 0 ms
21:10:17.419 [AsyncHttpClient-1-8] DEBUG org.asynchttpclient.netty.handler.HttpHandler - 

Request DefaultHttpRequest(decodeResult: success, version: HTTP/1.1)
POST /session HTTP/1.1
User-Agent: selenium/4.1.2 (java windows)
Content-Length: 639
Content-Type: application/json; charset=utf-8
host: localhost:60315
accept: */*

Response DefaultHttpResponse(decodeResult: success, version: HTTP/1.1)
HTTP/1.1 200 OK
Content-Type: application/json; charset=utf-8
cache-control: no-cache
content-length: 793

21:10:17.420 [AsyncHttpClient-1-8] DEBUG org.asynchttpclient.netty.channel.ChannelManager - Adding key: http://localhost:60315 for channel [id: 0xbdab38da, L:/127.0.0.1:61441 - R:localhost/127.0.0.1:60315]
21:10:17.440 [AsyncHttpClient-1-9] DEBUG org.asynchttpclient.netty.channel.NettyConnectListener - Using new Channel '[id: 0xcae8c014, L:/127.0.0.1:61448 - R:localhost/127.0.0.1:61442]' for 'GET' to '/json/version'
21:10:17.448 [AsyncHttpClient-1-9] DEBUG org.asynchttpclient.netty.handler.HttpHandler - 

Request DefaultFullHttpRequest(decodeResult: success, version: HTTP/1.1, content: EmptyByteBufBE)
GET /json/version HTTP/1.1
User-Agent: selenium/4.1.2 (java windows)
host: localhost:61442
accept: */*

Response DefaultHttpResponse(decodeResult: success, version: HTTP/1.1)
HTTP/1.1 200 OK
Content-Type: application/json; charset=UTF-8
content-length: 423

21:10:17.448 [AsyncHttpClient-1-9] DEBUG org.asynchttpclient.netty.channel.ChannelManager - Adding key: http://localhost:61442 for channel [id: 0xcae8c014, L:/127.0.0.1:61448 - R:localhost/127.0.0.1:61442]
21:10:17.457 [AsyncHttpClient-1-10] DEBUG org.asynchttpclient.netty.channel.NettyConnectListener - Using new Channel '[id: 0x75dcc9eb, L:/127.0.0.1:61449 - R:localhost/127.0.0.1:61442]' for 'GET' to '/devtools/browser/3fed79a1-fa21-4970-ba28-6f1b50fd80b6'
21:10:17.471 [AsyncHttpClient-1-10] DEBUG org.asynchttpclient.netty.handler.WebSocketHandler - 

Request DefaultFullHttpRequest(decodeResult: success, version: HTTP/1.1, content: EmptyByteBufBE)
GET /devtools/browser/3fed79a1-fa21-4970-ba28-6f1b50fd80b6 HTTP/1.1
upgrade: websocket
connection: upgrade
sec-websocket-key: 7hMBhGVNgASqQpDCQ/WpUQ==
sec-websocket-version: 13
origin: http://localhost:61442
host: localhost:61442
accept: */*
user-agent: AHC/2.1

Response DefaultHttpResponse(decodeResult: success, version: HTTP/1.1)
HTTP/1.1 101 WebSocket Protocol Handshake
Upgrade: WebSocket
Connection: Upgrade
Sec-WebSocket-Accept: bk3RtwgjxzkWJpaweseyoyIEHSY=

21:10:17.482 [Forwarding get on session d1a5e78e5894cbb866d37fbaa360eddd to remote] DEBUG org.asynchttpclient.netty.request.NettyRequestSender - Using pooled Channel '[id: 0xbdab38da, L:/127.0.0.1:61441 - R:localhost/127.0.0.1:60315]' for 'POST' to 'http://localhost:60315/session/d1a5e78e5894cbb866d37fbaa360eddd/url'
21:10:17.482 [Forwarding get on session d1a5e78e5894cbb866d37fbaa360eddd to remote] DEBUG org.asynchttpclient.netty.request.NettyRequestSender - Using open Channel [id: 0xbdab38da, L:/127.0.0.1:61441 - R:localhost/127.0.0.1:60315] for POST '/session/d1a5e78e5894cbb866d37fbaa360eddd/url'
21:10:17.723 [AsyncHttpClient-1-1] DEBUG org.asynchttpclient.netty.channel.DefaultChannelPool - Entry count for : http://localhost:61442 : 1
21:10:18.352 [AsyncHttpClient-1-8] DEBUG org.asynchttpclient.netty.handler.HttpHandler - 

Request DefaultHttpRequest(decodeResult: success, version: HTTP/1.1)
POST /session/d1a5e78e5894cbb866d37fbaa360eddd/url HTTP/1.1
User-Agent: selenium/4.1.2 (java windows)
Content-Length: 59
Content-Type: application/json; charset=utf-8
host: localhost:60315
accept: */*

Response DefaultHttpResponse(decodeResult: success, version: HTTP/1.1)
HTTP/1.1 200 OK
Content-Type: application/json; charset=utf-8
cache-control: no-cache
content-length: 14

21:10:18.353 [AsyncHttpClient-1-8] DEBUG org.asynchttpclient.netty.channel.ChannelManager - Adding key: http://localhost:60315 for channel [id: 0xbdab38da, L:/127.0.0.1:61441 - R:localhost/127.0.0.1:60315]
21:10:18.355 [Forwarding setTimeout on session d1a5e78e5894cbb866d37fbaa360eddd to remote] DEBUG org.asynchttpclient.netty.request.NettyRequestSender - Using pooled Channel '[id: 0xbdab38da, L:/127.0.0.1:61441 - R:localhost/127.0.0.1:60315]' for 'POST' to 'http://localhost:60315/session/d1a5e78e5894cbb866d37fbaa360eddd/timeouts'
21:10:18.355 [Forwarding setTimeout on session d1a5e78e5894cbb866d37fbaa360eddd to remote] DEBUG org.asynchttpclient.netty.request.NettyRequestSender - Using open Channel [id: 0xbdab38da, L:/127.0.0.1:61441 - R:localhost/127.0.0.1:60315] for POST '/session/d1a5e78e5894cbb866d37fbaa360eddd/timeouts'
21:10:18.357 [AsyncHttpClient-1-8] DEBUG org.asynchttpclient.netty.handler.HttpHandler - 

Request DefaultHttpRequest(decodeResult: success, version: HTTP/1.1)
POST /session/d1a5e78e5894cbb866d37fbaa360eddd/timeouts HTTP/1.1
User-Agent: selenium/4.1.2 (java windows)
Content-Length: 22
Content-Type: application/json; charset=utf-8
host: localhost:60315
accept: */*

Response DefaultHttpResponse(decodeResult: success, version: HTTP/1.1)
HTTP/1.1 200 OK
Content-Type: application/json; charset=utf-8
cache-control: no-cache
content-length: 14

21:10:18.357 [AsyncHttpClient-1-8] DEBUG org.asynchttpclient.netty.channel.ChannelManager - Adding key: http://localhost:60315 for channel [id: 0xbdab38da, L:/127.0.0.1:61441 - R:localhost/127.0.0.1:60315]
21:10:18.362 [Forwarding getCurrentUrl on session d1a5e78e5894cbb866d37fbaa360eddd to remote] DEBUG org.asynchttpclient.netty.request.NettyRequestSender - Using pooled Channel '[id: 0xbdab38da, L:/127.0.0.1:61441 - R:localhost/127.0.0.1:60315]' for 'GET' to 'http://localhost:60315/session/d1a5e78e5894cbb866d37fbaa360eddd/url'
21:10:18.363 [Forwarding getCurrentUrl on session d1a5e78e5894cbb866d37fbaa360eddd to remote] DEBUG org.asynchttpclient.netty.request.NettyRequestSender - Using open Channel [id: 0xbdab38da, L:/127.0.0.1:61441 - R:localhost/127.0.0.1:60315] for GET '/session/d1a5e78e5894cbb866d37fbaa360eddd/url'
21:10:18.370 [AsyncHttpClient-1-8] DEBUG org.asynchttpclient.netty.handler.HttpHandler - 

Request DefaultFullHttpRequest(decodeResult: success, version: HTTP/1.1, content: EmptyByteBufBE)
GET /session/d1a5e78e5894cbb866d37fbaa360eddd/url HTTP/1.1
User-Agent: selenium/4.1.2 (java windows)
Cache-Control: no-cache
Content-Type: application/json; charset=utf-8
host: localhost:60315
accept: */*

Response DefaultHttpResponse(decodeResult: success, version: HTTP/1.1)
HTTP/1.1 200 OK
Content-Type: application/json; charset=utf-8
cache-control: no-cache
content-length: 41

21:10:18.370 [AsyncHttpClient-1-8] DEBUG org.asynchttpclient.netty.channel.ChannelManager - Adding key: http://localhost:60315 for channel [id: 0xbdab38da, L:/127.0.0.1:61441 - R:localhost/127.0.0.1:60315]
  &amp#27;[32mGiven &amp#27;[0m&amp#27;[32mI am on the dashboard page&amp#27;[0m &amp#27;[90m# starter.stepdefinitions.CartStep.iAmOnTheDashboardPage()&amp#27;[0m
21:10:18.380 [Forwarding screenshot on session d1a5e78e5894cbb866d37fbaa360eddd to remote] DEBUG org.asynchttpclient.netty.request.NettyRequestSender - Using pooled Channel '[id: 0xbdab38da, L:/127.0.0.1:61441 - R:localhost/127.0.0.1:60315]' for 'GET' to 'http://localhost:60315/session/d1a5e78e5894cbb866d37fbaa360eddd/screenshot'
21:10:18.380 [Forwarding screenshot on session d1a5e78e5894cbb866d37fbaa360eddd to remote] DEBUG org.asynchttpclient.netty.request.NettyRequestSender - Using open Channel [id: 0xbdab38da, L:/127.0.0.1:61441 - R:localhost/127.0.0.1:60315] for GET '/session/d1a5e78e5894cbb866d37fbaa360eddd/screenshot'
21:10:18.709 [AsyncHttpClient-1-8] DEBUG org.asynchttpclient.netty.handler.HttpHandler - 

Request DefaultFullHttpRequest(decodeResult: success, version: HTTP/1.1, content: EmptyByteBufBE)
GET /session/d1a5e78e5894cbb866d37fbaa360eddd/screenshot HTTP/1.1
User-Agent: selenium/4.1.2 (java windows)
Cache-Control: no-cache
Content-Type: application/json; charset=utf-8
host: localhost:60315
accept: */*

Response DefaultHttpResponse(decodeResult: success, version: HTTP/1.1)
HTTP/1.1 200 OK
Content-Type: application/json; charset=utf-8
cache-control: no-cache
content-length: 28152

21:10:18.710 [AsyncHttpClient-1-8] DEBUG org.asynchttpclient.netty.channel.ChannelManager - Adding key: http://localhost:60315 for channel [id: 0xbdab38da, L:/127.0.0.1:61441 - R:localhost/127.0.0.1:60315]
21:10:18.712 [main] DEBUG net.serenitybdd.core.photography.Darkroom - Send negative for processing for target\site\serenity\bfd838ed0cbaae6a581a355a9026cc3eb532450e6753fe534c308b210c8330ae.png
21:10:18.713 [Darkroom Processing Line] DEBUG net.serenitybdd.core.photography.DarkroomProcessingLine - Processing screenshot image in /var/screenshots/screenshot-14291351256737360741
21:10:18.713 [Darkroom Processing Line] DEBUG net.serenitybdd.core.photography.DarkroomProcessingLine - Saving screenshot to target\site\serenity\bfd838ed0cbaae6a581a355a9026cc3eb532450e6753fe534c308b210c8330ae.png
21:10:18.726 [Forwarding findElement on session d1a5e78e5894cbb866d37fbaa360eddd to remote] DEBUG org.asynchttpclient.netty.request.NettyRequestSender - Using pooled Channel '[id: 0xbdab38da, L:/127.0.0.1:61441 - R:localhost/127.0.0.1:60315]' for 'POST' to 'http://localhost:60315/session/d1a5e78e5894cbb866d37fbaa360eddd/element'
21:10:18.726 [Forwarding findElement on session d1a5e78e5894cbb866d37fbaa360eddd to remote] DEBUG org.asynchttpclient.netty.request.NettyRequestSender - Using open Channel [id: 0xbdab38da, L:/127.0.0.1:61441 - R:localhost/127.0.0.1:60315] for POST '/session/d1a5e78e5894cbb866d37fbaa360eddd/element'
21:10:18.824 [AsyncHttpClient-1-1] DEBUG org.asynchttpclient.netty.channel.DefaultChannelPool - Entry count for : http://localhost:61442 : 1
21:10:19.923 [AsyncHttpClient-1-1] DEBUG org.asynchttpclient.netty.channel.DefaultChannelPool - Entry count for : http://localhost:61442 : 1
21:10:20.786 [AsyncHttpClient-1-8] DEBUG org.asynchttpclient.netty.handler.HttpHandler - 

Request DefaultHttpRequest(decodeResult: success, version: HTTP/1.1)
POST /session/d1a5e78e5894cbb866d37fbaa360eddd/element HTTP/1.1
User-Agent: selenium/4.1.2 (java windows)
Content-Length: 85
Content-Type: application/json; charset=utf-8
host: localhost:60315
accept: */*

Response DefaultHttpResponse(decodeResult: success, version: HTTP/1.1)
HTTP/1.1 404 Not Found
Content-Type: application/json; charset=utf-8
cache-control: no-cache
content-length: 1012

21:10:20.786 [AsyncHttpClient-1-8] DEBUG org.asynchttpclient.netty.channel.ChannelManager - Adding key: http://localhost:60315 for channel [id: 0xbdab38da, L:/127.0.0.1:61441 - R:localhost/127.0.0.1:60315]
21:10:20.903 [Forwarding findElement on session d1a5e78e5894cbb866d37fbaa360eddd to remote] DEBUG org.asynchttpclient.netty.request.NettyRequestSender - Using pooled Channel '[id: 0xbdab38da, L:/127.0.0.1:61441 - R:localhost/127.0.0.1:60315]' for 'POST' to 'http://localhost:60315/session/d1a5e78e5894cbb866d37fbaa360eddd/element'
21:10:20.904 [Forwarding findElement on session d1a5e78e5894cbb866d37fbaa360eddd to remote] DEBUG org.asynchttpclient.netty.request.NettyRequestSender - Using open Channel [id: 0xbdab38da, L:/127.0.0.1:61441 - R:localhost/127.0.0.1:60315] for POST '/session/d1a5e78e5894cbb866d37fbaa360eddd/element'
21:10:21.025 [AsyncHttpClient-1-1] DEBUG org.asynchttpclient.netty.channel.DefaultChannelPool - Entry count for : http://localhost:61442 : 1
21:10:22.118 [AsyncHttpClient-1-1] DEBUG org.asynchttpclient.netty.channel.DefaultChannelPool - Entry count for : http://localhost:61442 : 1
21:10:22.858 [AsyncHttpClient-1-8] DEBUG org.asynchttpclient.netty.handler.HttpHandler - 

Request DefaultHttpRequest(decodeResult: success, version: HTTP/1.1)
POST /session/d1a5e78e5894cbb866d37fbaa360eddd/element HTTP/1.1
User-Agent: selenium/4.1.2 (java windows)
Content-Length: 85
Content-Type: application/json; charset=utf-8
host: localhost:60315
accept: */*

Response DefaultHttpResponse(decodeResult: success, version: HTTP/1.1)
HTTP/1.1 200 OK
Content-Type: application/json; charset=utf-8
cache-control: no-cache
content-length: 88

21:10:22.859 [AsyncHttpClient-1-8] DEBUG org.asynchttpclient.netty.channel.ChannelManager - Adding key: http://localhost:60315 for channel [id: 0xbdab38da, L:/127.0.0.1:61441 - R:localhost/127.0.0.1:60315]
21:10:22.860 [Forwarding getElementTagName on session d1a5e78e5894cbb866d37fbaa360eddd to remote] DEBUG org.asynchttpclient.netty.request.NettyRequestSender - Using pooled Channel '[id: 0xbdab38da, L:/127.0.0.1:61441 - R:localhost/127.0.0.1:60315]' for 'GET' to 'http://localhost:60315/session/d1a5e78e5894cbb866d37fbaa360eddd/element/c650bdeb-2ec8-41a2-85df-8e850d45ede1/name'
21:10:22.862 [Forwarding getElementTagName on session d1a5e78e5894cbb866d37fbaa360eddd to remote] DEBUG org.asynchttpclient.netty.request.NettyRequestSender - Using open Channel [id: 0xbdab38da, L:/127.0.0.1:61441 - R:localhost/127.0.0.1:60315] for GET '/session/d1a5e78e5894cbb866d37fbaa360eddd/element/c650bdeb-2ec8-41a2-85df-8e850d45ede1/name'
21:10:22.866 [AsyncHttpClient-1-8] DEBUG org.asynchttpclient.netty.handler.HttpHandler - 

Request DefaultFullHttpRequest(decodeResult: success, version: HTTP/1.1, content: EmptyByteBufBE)
GET /session/d1a5e78e5894cbb866d37fbaa360eddd/element/c650bdeb-2ec8-41a2-85df-8e850d45ede1/name HTTP/1.1
User-Agent: selenium/4.1.2 (java windows)
Cache-Control: no-cache
Content-Type: application/json; charset=utf-8
host: localhost:60315
accept: */*

Response DefaultHttpResponse(decodeResult: success, version: HTTP/1.1)
HTTP/1.1 200 OK
Content-Type: application/json; charset=utf-8
cache-control: no-cache
content-length: 16

21:10:22.866 [AsyncHttpClient-1-8] DEBUG org.asynchttpclient.netty.channel.ChannelManager - Adding key: http://localhost:60315 for channel [id: 0xbdab38da, L:/127.0.0.1:61441 - R:localhost/127.0.0.1:60315]
21:10:22.868 [Forwarding getElementTagName on session d1a5e78e5894cbb866d37fbaa360eddd to remote] DEBUG org.asynchttpclient.netty.request.NettyRequestSender - Using pooled Channel '[id: 0xbdab38da, L:/127.0.0.1:61441 - R:localhost/127.0.0.1:60315]' for 'GET' to 'http://localhost:60315/session/d1a5e78e5894cbb866d37fbaa360eddd/element/c650bdeb-2ec8-41a2-85df-8e850d45ede1/name'
21:10:22.868 [Forwarding getElementTagName on session d1a5e78e5894cbb866d37fbaa360eddd to remote] DEBUG org.asynchttpclient.netty.request.NettyRequestSender - Using open Channel [id: 0xbdab38da, L:/127.0.0.1:61441 - R:localhost/127.0.0.1:60315] for GET '/session/d1a5e78e5894cbb866d37fbaa360eddd/element/c650bdeb-2ec8-41a2-85df-8e850d45ede1/name'
21:10:22.873 [AsyncHttpClient-1-8] DEBUG org.asynchttpclient.netty.handler.HttpHandler - 

Request DefaultFullHttpRequest(decodeResult: success, version: HTTP/1.1, content: EmptyByteBufBE)
GET /session/d1a5e78e5894cbb866d37fbaa360eddd/element/c650bdeb-2ec8-41a2-85df-8e850d45ede1/name HTTP/1.1
User-Agent: selenium/4.1.2 (java windows)
Cache-Control: no-cache
Content-Type: application/json; charset=utf-8
host: localhost:60315
accept: */*

Response DefaultHttpResponse(decodeResult: success, version: HTTP/1.1)
HTTP/1.1 200 OK
Content-Type: application/json; charset=utf-8
cache-control: no-cache
content-length: 16

21:10:22.873 [AsyncHttpClient-1-8] DEBUG org.asynchttpclient.netty.channel.ChannelManager - Adding key: http://localhost:60315 for channel [id: 0xbdab38da, L:/127.0.0.1:61441 - R:localhost/127.0.0.1:60315]
21:10:22.875 [Forwarding findElement on session d1a5e78e5894cbb866d37fbaa360eddd to remote] DEBUG org.asynchttpclient.netty.request.NettyRequestSender - Using pooled Channel '[id: 0xbdab38da, L:/127.0.0.1:61441 - R:localhost/127.0.0.1:60315]' for 'POST' to 'http://localhost:60315/session/d1a5e78e5894cbb866d37fbaa360eddd/element'
21:10:22.875 [Forwarding findElement on session d1a5e78e5894cbb866d37fbaa360eddd to remote] DEBUG org.asynchttpclient.netty.request.NettyRequestSender - Using open Channel [id: 0xbdab38da, L:/127.0.0.1:61441 - R:localhost/127.0.0.1:60315] for POST '/session/d1a5e78e5894cbb866d37fbaa360eddd/element'
21:10:22.886 [AsyncHttpClient-1-8] DEBUG org.asynchttpclient.netty.handler.HttpHandler - 

Request DefaultHttpRequest(decodeResult: success, version: HTTP/1.1)
POST /session/d1a5e78e5894cbb866d37fbaa360eddd/element HTTP/1.1
User-Agent: selenium/4.1.2 (java windows)
Content-Length: 85
Content-Type: application/json; charset=utf-8
host: localhost:60315
accept: */*

Response DefaultHttpResponse(decodeResult: success, version: HTTP/1.1)
HTTP/1.1 200 OK
Content-Type: application/json; charset=utf-8
cache-control: no-cache
content-length: 88

21:10:22.886 [AsyncHttpClient-1-8] DEBUG org.asynchttpclient.netty.channel.ChannelManager - Adding key: http://localhost:60315 for channel [id: 0xbdab38da, L:/127.0.0.1:61441 - R:localhost/127.0.0.1:60315]
21:10:22.888 [Forwarding clickElement on session d1a5e78e5894cbb866d37fbaa360eddd to remote] DEBUG org.asynchttpclient.netty.request.NettyRequestSender - Using pooled Channel '[id: 0xbdab38da, L:/127.0.0.1:61441 - R:localhost/127.0.0.1:60315]' for 'POST' to 'http://localhost:60315/session/d1a5e78e5894cbb866d37fbaa360eddd/element/c650bdeb-2ec8-41a2-85df-8e850d45ede1/click'
21:10:22.888 [Forwarding clickElement on session d1a5e78e5894cbb866d37fbaa360eddd to remote] DEBUG org.asynchttpclient.netty.request.NettyRequestSender - Using open Channel [id: 0xbdab38da, L:/127.0.0.1:61441 - R:localhost/127.0.0.1:60315] for POST '/session/d1a5e78e5894cbb866d37fbaa360eddd/element/c650bdeb-2ec8-41a2-85df-8e850d45ede1/click'
21:10:22.982 [AsyncHttpClient-1-8] DEBUG org.asynchttpclient.netty.handler.HttpHandler - 

Request DefaultHttpRequest(decodeResult: success, version: HTTP/1.1)
POST /session/d1a5e78e5894cbb866d37fbaa360eddd/element/c650bdeb-2ec8-41a2-85df-8e850d45ede1/click HTTP/1.1
User-Agent: selenium/4.1.2 (java windows)
Content-Length: 50
Content-Type: application/json; charset=utf-8
host: localhost:60315
accept: */*

Response DefaultHttpResponse(decodeResult: success, version: HTTP/1.1)
HTTP/1.1 200 OK
Content-Type: application/json; charset=utf-8
cache-control: no-cache
content-length: 14

21:10:22.983 [AsyncHttpClient-1-8] DEBUG org.asynchttpclient.netty.channel.ChannelManager - Adding key: http://localhost:60315 for channel [id: 0xbdab38da, L:/127.0.0.1:61441 - R:localhost/127.0.0.1:60315]
  &amp#27;[32mWhen &amp#27;[0m&amp#27;[32mI click buy button&amp#27;[0m          &amp#27;[90m# starter.stepdefinitions.CartStep.iClickBuyButton()&amp#27;[0m
21:10:22.991 [Forwarding screenshot on session d1a5e78e5894cbb866d37fbaa360eddd to remote] DEBUG org.asynchttpclient.netty.request.NettyRequestSender - Using pooled Channel '[id: 0xbdab38da, L:/127.0.0.1:61441 - R:localhost/127.0.0.1:60315]' for 'GET' to 'http://localhost:60315/session/d1a5e78e5894cbb866d37fbaa360eddd/screenshot'
21:10:22.991 [Forwarding screenshot on session d1a5e78e5894cbb866d37fbaa360eddd to remote] DEBUG org.asynchttpclient.netty.request.NettyRequestSender - Using open Channel [id: 0xbdab38da, L:/127.0.0.1:61441 - R:localhost/127.0.0.1:60315] for GET '/session/d1a5e78e5894cbb866d37fbaa360eddd/screenshot'
21:10:23.118 [AsyncHttpClient-1-8] DEBUG org.asynchttpclient.netty.handler.HttpHandler - 

Request DefaultFullHttpRequest(decodeResult: success, version: HTTP/1.1, content: EmptyByteBufBE)
GET /session/d1a5e78e5894cbb866d37fbaa360eddd/screenshot HTTP/1.1
User-Agent: selenium/4.1.2 (java windows)
Cache-Control: no-cache
Content-Type: application/json; charset=utf-8
host: localhost:60315
accept: */*

Response DefaultHttpResponse(decodeResult: success, version: HTTP/1.1)
HTTP/1.1 200 OK
Content-Type: application/json; charset=utf-8
cache-control: no-cache
content-length: 50136

21:10:23.119 [AsyncHttpClient-1-8] DEBUG org.asynchttpclient.netty.channel.ChannelManager - Adding key: http://localhost:60315 for channel [id: 0xbdab38da, L:/127.0.0.1:61441 - R:localhost/127.0.0.1:60315]
21:10:23.122 [main] DEBUG net.serenitybdd.core.photography.Darkroom - Send negative for processing for target\site\serenity\0e1249022b8e11cb9058652cd88ca8e3b9b7ca1057859d4da6deccb20c7858b1.png
21:10:23.122 [Darkroom Processing Line] DEBUG net.serenitybdd.core.photography.DarkroomProcessingLine - Processing screenshot image in /var/screenshots/screenshot-4539419813982941270
21:10:23.122 [Darkroom Processing Line] DEBUG net.serenitybdd.core.photography.DarkroomProcessingLine - Saving screenshot to target\site\serenity\0e1249022b8e11cb9058652cd88ca8e3b9b7ca1057859d4da6deccb20c7858b1.png
21:10:23.132 [Forwarding findElement on session d1a5e78e5894cbb866d37fbaa360eddd to remote] DEBUG org.asynchttpclient.netty.request.NettyRequestSender - Using pooled Channel '[id: 0xbdab38da, L:/127.0.0.1:61441 - R:localhost/127.0.0.1:60315]' for 'POST' to 'http://localhost:60315/session/d1a5e78e5894cbb866d37fbaa360eddd/element'
21:10:23.132 [Forwarding findElement on session d1a5e78e5894cbb866d37fbaa360eddd to remote] DEBUG org.asynchttpclient.netty.request.NettyRequestSender - Using open Channel [id: 0xbdab38da, L:/127.0.0.1:61441 - R:localhost/127.0.0.1:60315] for POST '/session/d1a5e78e5894cbb866d37fbaa360eddd/element'
21:10:23.149 [AsyncHttpClient-1-8] DEBUG org.asynchttpclient.netty.handler.HttpHandler - 

Request DefaultHttpRequest(decodeResult: success, version: HTTP/1.1)
POST /session/d1a5e78e5894cbb866d37fbaa360eddd/element HTTP/1.1
User-Agent: selenium/4.1.2 (java windows)
Content-Length: 63
Content-Type: application/json; charset=utf-8
host: localhost:60315
accept: */*

Response DefaultHttpResponse(decodeResult: success, version: HTTP/1.1)
HTTP/1.1 200 OK
Content-Type: application/json; charset=utf-8
cache-control: no-cache
content-length: 88

21:10:23.149 [AsyncHttpClient-1-8] DEBUG org.asynchttpclient.netty.channel.ChannelManager - Adding key: http://localhost:60315 for channel [id: 0xbdab38da, L:/127.0.0.1:61441 - R:localhost/127.0.0.1:60315]
21:10:23.154 [Forwarding getElementTagName on session d1a5e78e5894cbb866d37fbaa360eddd to remote] DEBUG org.asynchttpclient.netty.request.NettyRequestSender - Using pooled Channel '[id: 0xbdab38da, L:/127.0.0.1:61441 - R:localhost/127.0.0.1:60315]' for 'GET' to 'http://localhost:60315/session/d1a5e78e5894cbb866d37fbaa360eddd/element/be2a3094-f24c-4dd8-baff-9ae7c5a850ec/name'
21:10:23.154 [Forwarding getElementTagName on session d1a5e78e5894cbb866d37fbaa360eddd to remote] DEBUG org.asynchttpclient.netty.request.NettyRequestSender - Using open Channel [id: 0xbdab38da, L:/127.0.0.1:61441 - R:localhost/127.0.0.1:60315] for GET '/session/d1a5e78e5894cbb866d37fbaa360eddd/element/be2a3094-f24c-4dd8-baff-9ae7c5a850ec/name'
21:10:23.163 [AsyncHttpClient-1-8] DEBUG org.asynchttpclient.netty.handler.HttpHandler - 

Request DefaultFullHttpRequest(decodeResult: success, version: HTTP/1.1, content: EmptyByteBufBE)
GET /session/d1a5e78e5894cbb866d37fbaa360eddd/element/be2a3094-f24c-4dd8-baff-9ae7c5a850ec/name HTTP/1.1
User-Agent: selenium/4.1.2 (java windows)
Cache-Control: no-cache
Content-Type: application/json; charset=utf-8
host: localhost:60315
accept: */*

Response DefaultHttpResponse(decodeResult: success, version: HTTP/1.1)
HTTP/1.1 200 OK
Content-Type: application/json; charset=utf-8
cache-control: no-cache
content-length: 13

21:10:23.163 [AsyncHttpClient-1-8] DEBUG org.asynchttpclient.netty.channel.ChannelManager - Adding key: http://localhost:60315 for channel [id: 0xbdab38da, L:/127.0.0.1:61441 - R:localhost/127.0.0.1:60315]
21:10:23.166 [Forwarding getElementTagName on session d1a5e78e5894cbb866d37fbaa360eddd to remote] DEBUG org.asynchttpclient.netty.request.NettyRequestSender - Using pooled Channel '[id: 0xbdab38da, L:/127.0.0.1:61441 - R:localhost/127.0.0.1:60315]' for 'GET' to 'http://localhost:60315/session/d1a5e78e5894cbb866d37fbaa360eddd/element/be2a3094-f24c-4dd8-baff-9ae7c5a850ec/name'
21:10:23.167 [Forwarding getElementTagName on session d1a5e78e5894cbb866d37fbaa360eddd to remote] DEBUG org.asynchttpclient.netty.request.NettyRequestSender - Using open Channel [id: 0xbdab38da, L:/127.0.0.1:61441 - R:localhost/127.0.0.1:60315] for GET '/session/d1a5e78e5894cbb866d37fbaa360eddd/element/be2a3094-f24c-4dd8-baff-9ae7c5a850ec/name'
21:10:23.195 [AsyncHttpClient-1-8] DEBUG org.asynchttpclient.netty.handler.HttpHandler - 

Request DefaultFullHttpRequest(decodeResult: success, version: HTTP/1.1, content: EmptyByteBufBE)
GET /session/d1a5e78e5894cbb866d37fbaa360eddd/element/be2a3094-f24c-4dd8-baff-9ae7c5a850ec/name HTTP/1.1
User-Agent: selenium/4.1.2 (java windows)
Cache-Control: no-cache
Content-Type: application/json; charset=utf-8
host: localhost:60315
accept: */*

Response DefaultHttpResponse(decodeResult: success, version: HTTP/1.1)
HTTP/1.1 200 OK
Content-Type: application/json; charset=utf-8
cache-control: no-cache
content-length: 13

21:10:23.195 [AsyncHttpClient-1-8] DEBUG org.asynchttpclient.netty.channel.ChannelManager - Adding key: http://localhost:60315 for channel [id: 0xbdab38da, L:/127.0.0.1:61441 - R:localhost/127.0.0.1:60315]
21:10:23.197 [Forwarding findElement on session d1a5e78e5894cbb866d37fbaa360eddd to remote] DEBUG org.asynchttpclient.netty.request.NettyRequestSender - Using pooled Channel '[id: 0xbdab38da, L:/127.0.0.1:61441 - R:localhost/127.0.0.1:60315]' for 'POST' to 'http://localhost:60315/session/d1a5e78e5894cbb866d37fbaa360eddd/element'
21:10:23.197 [Forwarding findElement on session d1a5e78e5894cbb866d37fbaa360eddd to remote] DEBUG org.asynchttpclient.netty.request.NettyRequestSender - Using open Channel [id: 0xbdab38da, L:/127.0.0.1:61441 - R:localhost/127.0.0.1:60315] for POST '/session/d1a5e78e5894cbb866d37fbaa360eddd/element'
21:10:23.210 [AsyncHttpClient-1-8] DEBUG org.asynchttpclient.netty.handler.HttpHandler - 

Request DefaultHttpRequest(decodeResult: success, version: HTTP/1.1)
POST /session/d1a5e78e5894cbb866d37fbaa360eddd/element HTTP/1.1
User-Agent: selenium/4.1.2 (java windows)
Content-Length: 63
Content-Type: application/json; charset=utf-8
host: localhost:60315
accept: */*

Response DefaultHttpResponse(decodeResult: success, version: HTTP/1.1)
HTTP/1.1 200 OK
Content-Type: application/json; charset=utf-8
cache-control: no-cache
content-length: 88

21:10:23.210 [AsyncHttpClient-1-8] DEBUG org.asynchttpclient.netty.channel.ChannelManager - Adding key: http://localhost:60315 for channel [id: 0xbdab38da, L:/127.0.0.1:61441 - R:localhost/127.0.0.1:60315]
21:10:23.213 [Forwarding clickElement on session d1a5e78e5894cbb866d37fbaa360eddd to remote] DEBUG org.asynchttpclient.netty.request.NettyRequestSender - Using pooled Channel '[id: 0xbdab38da, L:/127.0.0.1:61441 - R:localhost/127.0.0.1:60315]' for 'POST' to 'http://localhost:60315/session/d1a5e78e5894cbb866d37fbaa360eddd/element/be2a3094-f24c-4dd8-baff-9ae7c5a850ec/click'
21:10:23.213 [Forwarding clickElement on session d1a5e78e5894cbb866d37fbaa360eddd to remote] DEBUG org.asynchttpclient.netty.request.NettyRequestSender - Using open Channel [id: 0xbdab38da, L:/127.0.0.1:61441 - R:localhost/127.0.0.1:60315] for POST '/session/d1a5e78e5894cbb866d37fbaa360eddd/element/be2a3094-f24c-4dd8-baff-9ae7c5a850ec/click'
21:10:23.224 [AsyncHttpClient-1-1] DEBUG org.asynchttpclient.netty.channel.DefaultChannelPool - Entry count for : http://localhost:61442 : 1
21:10:23.285 [AsyncHttpClient-1-8] DEBUG org.asynchttpclient.netty.handler.HttpHandler - 

Request DefaultHttpRequest(decodeResult: success, version: HTTP/1.1)
POST /session/d1a5e78e5894cbb866d37fbaa360eddd/element/be2a3094-f24c-4dd8-baff-9ae7c5a850ec/click HTTP/1.1
User-Agent: selenium/4.1.2 (java windows)
Content-Length: 50
Content-Type: application/json; charset=utf-8
host: localhost:60315
accept: */*

Response DefaultHttpResponse(decodeResult: success, version: HTTP/1.1)
HTTP/1.1 200 OK
Content-Type: application/json; charset=utf-8
cache-control: no-cache
content-length: 14

21:10:23.285 [AsyncHttpClient-1-8] DEBUG org.asynchttpclient.netty.channel.ChannelManager - Adding key: http://localhost:60315 for channel [id: 0xbdab38da, L:/127.0.0.1:61441 - R:localhost/127.0.0.1:60315]
  &amp#27;[32mAnd &amp#27;[0m&amp#27;[32mI click cart button&amp#27;[0m          &amp#27;[90m# starter.stepdefinitions.CartStep.iClickCartButton()&amp#27;[0m
21:10:23.297 [Forwarding screenshot on session d1a5e78e5894cbb866d37fbaa360eddd to remote] DEBUG org.asynchttpclient.netty.request.NettyRequestSender - Using pooled Channel '[id: 0xbdab38da, L:/127.0.0.1:61441 - R:localhost/127.0.0.1:60315]' for 'GET' to 'http://localhost:60315/session/d1a5e78e5894cbb866d37fbaa360eddd/screenshot'
21:10:23.297 [Forwarding screenshot on session d1a5e78e5894cbb866d37fbaa360eddd to remote] DEBUG org.asynchttpclient.netty.request.NettyRequestSender - Using open Channel [id: 0xbdab38da, L:/127.0.0.1:61441 - R:localhost/127.0.0.1:60315] for GET '/session/d1a5e78e5894cbb866d37fbaa360eddd/screenshot'
21:10:23.691 [AsyncHttpClient-1-8] DEBUG org.asynchttpclient.netty.handler.HttpHandler - 

Request DefaultFullHttpRequest(decodeResult: success, version: HTTP/1.1, content: EmptyByteBufBE)
GET /session/d1a5e78e5894cbb866d37fbaa360eddd/screenshot HTTP/1.1
User-Agent: selenium/4.1.2 (java windows)
Cache-Control: no-cache
Content-Type: application/json; charset=utf-8
host: localhost:60315
accept: */*

Response DefaultHttpResponse(decodeResult: success, version: HTTP/1.1)
HTTP/1.1 200 OK
Content-Type: application/json; charset=utf-8
cache-control: no-cache
content-length: 27956

21:10:23.691 [AsyncHttpClient-1-8] DEBUG org.asynchttpclient.netty.channel.ChannelManager - Adding key: http://localhost:60315 for channel [id: 0xbdab38da, L:/127.0.0.1:61441 - R:localhost/127.0.0.1:60315]
21:10:23.693 [main] DEBUG net.serenitybdd.core.photography.Darkroom - Send negative for processing for target\site\serenity\f721e994830fd8e1c6e18e5becd96873cf45da4ee999cddcbe1ac6bcd1660e5b.png
21:10:23.694 [Darkroom Processing Line] DEBUG net.serenitybdd.core.photography.DarkroomProcessingLine - Processing screenshot image in /var/screenshots/screenshot-7339639372879100160
21:10:23.694 [Darkroom Processing Line] DEBUG net.serenitybdd.core.photography.DarkroomProcessingLine - Saving screenshot to target\site\serenity\f721e994830fd8e1c6e18e5becd96873cf45da4ee999cddcbe1ac6bcd1660e5b.png
21:10:23.703 [Forwarding findElement on session d1a5e78e5894cbb866d37fbaa360eddd to remote] DEBUG org.asynchttpclient.netty.request.NettyRequestSender - Using pooled Channel '[id: 0xbdab38da, L:/127.0.0.1:61441 - R:localhost/127.0.0.1:60315]' for 'POST' to 'http://localhost:60315/session/d1a5e78e5894cbb866d37fbaa360eddd/element'
21:10:23.703 [Forwarding findElement on session d1a5e78e5894cbb866d37fbaa360eddd to remote] DEBUG org.asynchttpclient.netty.request.NettyRequestSender - Using open Channel [id: 0xbdab38da, L:/127.0.0.1:61441 - R:localhost/127.0.0.1:60315] for POST '/session/d1a5e78e5894cbb866d37fbaa360eddd/element'
21:10:23.715 [AsyncHttpClient-1-8] DEBUG org.asynchttpclient.netty.handler.HttpHandler - 

Request DefaultHttpRequest(decodeResult: success, version: HTTP/1.1)
POST /session/d1a5e78e5894cbb866d37fbaa360eddd/element HTTP/1.1
User-Agent: selenium/4.1.2 (java windows)
Content-Length: 79
Content-Type: application/json; charset=utf-8
host: localhost:60315
accept: */*

Response DefaultHttpResponse(decodeResult: success, version: HTTP/1.1)
HTTP/1.1 200 OK
Content-Type: application/json; charset=utf-8
cache-control: no-cache
content-length: 88

21:10:23.716 [AsyncHttpClient-1-8] DEBUG org.asynchttpclient.netty.channel.ChannelManager - Adding key: http://localhost:60315 for channel [id: 0xbdab38da, L:/127.0.0.1:61441 - R:localhost/127.0.0.1:60315]
21:10:23.719 [Forwarding getElementTagName on session d1a5e78e5894cbb866d37fbaa360eddd to remote] DEBUG org.asynchttpclient.netty.request.NettyRequestSender - Using pooled Channel '[id: 0xbdab38da, L:/127.0.0.1:61441 - R:localhost/127.0.0.1:60315]' for 'GET' to 'http://localhost:60315/session/d1a5e78e5894cbb866d37fbaa360eddd/element/6e9ef02e-7bd8-45ea-9bcf-9ed36213b316/name'
21:10:23.719 [Forwarding getElementTagName on session d1a5e78e5894cbb866d37fbaa360eddd to remote] DEBUG org.asynchttpclient.netty.request.NettyRequestSender - Using open Channel [id: 0xbdab38da, L:/127.0.0.1:61441 - R:localhost/127.0.0.1:60315] for GET '/session/d1a5e78e5894cbb866d37fbaa360eddd/element/6e9ef02e-7bd8-45ea-9bcf-9ed36213b316/name'
21:10:23.724 [AsyncHttpClient-1-8] DEBUG org.asynchttpclient.netty.handler.HttpHandler - 

Request DefaultFullHttpRequest(decodeResult: success, version: HTTP/1.1, content: EmptyByteBufBE)
GET /session/d1a5e78e5894cbb866d37fbaa360eddd/element/6e9ef02e-7bd8-45ea-9bcf-9ed36213b316/name HTTP/1.1
User-Agent: selenium/4.1.2 (java windows)
Cache-Control: no-cache
Content-Type: application/json; charset=utf-8
host: localhost:60315
accept: */*

Response DefaultHttpResponse(decodeResult: success, version: HTTP/1.1)
HTTP/1.1 200 OK
Content-Type: application/json; charset=utf-8
cache-control: no-cache
content-length: 16

21:10:23.724 [AsyncHttpClient-1-8] DEBUG org.asynchttpclient.netty.channel.ChannelManager - Adding key: http://localhost:60315 for channel [id: 0xbdab38da, L:/127.0.0.1:61441 - R:localhost/127.0.0.1:60315]
21:10:23.726 [Forwarding getElementTagName on session d1a5e78e5894cbb866d37fbaa360eddd to remote] DEBUG org.asynchttpclient.netty.request.NettyRequestSender - Using pooled Channel '[id: 0xbdab38da, L:/127.0.0.1:61441 - R:localhost/127.0.0.1:60315]' for 'GET' to 'http://localhost:60315/session/d1a5e78e5894cbb866d37fbaa360eddd/element/6e9ef02e-7bd8-45ea-9bcf-9ed36213b316/name'
21:10:23.726 [Forwarding getElementTagName on session d1a5e78e5894cbb866d37fbaa360eddd to remote] DEBUG org.asynchttpclient.netty.request.NettyRequestSender - Using open Channel [id: 0xbdab38da, L:/127.0.0.1:61441 - R:localhost/127.0.0.1:60315] for GET '/session/d1a5e78e5894cbb866d37fbaa360eddd/element/6e9ef02e-7bd8-45ea-9bcf-9ed36213b316/name'
21:10:23.730 [AsyncHttpClient-1-8] DEBUG org.asynchttpclient.netty.handler.HttpHandler - 

Request DefaultFullHttpRequest(decodeResult: success, version: HTTP/1.1, content: EmptyByteBufBE)
GET /session/d1a5e78e5894cbb866d37fbaa360eddd/element/6e9ef02e-7bd8-45ea-9bcf-9ed36213b316/name HTTP/1.1
User-Agent: selenium/4.1.2 (java windows)
Cache-Control: no-cache
Content-Type: application/json; charset=utf-8
host: localhost:60315
accept: */*

Response DefaultHttpResponse(decodeResult: success, version: HTTP/1.1)
HTTP/1.1 200 OK
Content-Type: application/json; charset=utf-8
cache-control: no-cache
content-length: 16

21:10:23.730 [AsyncHttpClient-1-8] DEBUG org.asynchttpclient.netty.channel.ChannelManager - Adding key: http://localhost:60315 for channel [id: 0xbdab38da, L:/127.0.0.1:61441 - R:localhost/127.0.0.1:60315]
21:10:23.733 [Forwarding findElement on session d1a5e78e5894cbb866d37fbaa360eddd to remote] DEBUG org.asynchttpclient.netty.request.NettyRequestSender - Using pooled Channel '[id: 0xbdab38da, L:/127.0.0.1:61441 - R:localhost/127.0.0.1:60315]' for 'POST' to 'http://localhost:60315/session/d1a5e78e5894cbb866d37fbaa360eddd/element'
21:10:23.733 [Forwarding findElement on session d1a5e78e5894cbb866d37fbaa360eddd to remote] DEBUG org.asynchttpclient.netty.request.NettyRequestSender - Using open Channel [id: 0xbdab38da, L:/127.0.0.1:61441 - R:localhost/127.0.0.1:60315] for POST '/session/d1a5e78e5894cbb866d37fbaa360eddd/element'
21:10:23.742 [AsyncHttpClient-1-8] DEBUG org.asynchttpclient.netty.handler.HttpHandler - 

Request DefaultHttpRequest(decodeResult: success, version: HTTP/1.1)
POST /session/d1a5e78e5894cbb866d37fbaa360eddd/element HTTP/1.1
User-Agent: selenium/4.1.2 (java windows)
Content-Length: 79
Content-Type: application/json; charset=utf-8
host: localhost:60315
accept: */*

Response DefaultHttpResponse(decodeResult: success, version: HTTP/1.1)
HTTP/1.1 200 OK
Content-Type: application/json; charset=utf-8
cache-control: no-cache
content-length: 88

21:10:23.742 [AsyncHttpClient-1-8] DEBUG org.asynchttpclient.netty.channel.ChannelManager - Adding key: http://localhost:60315 for channel [id: 0xbdab38da, L:/127.0.0.1:61441 - R:localhost/127.0.0.1:60315]
21:10:23.743 [Forwarding clickElement on session d1a5e78e5894cbb866d37fbaa360eddd to remote] DEBUG org.asynchttpclient.netty.request.NettyRequestSender - Using pooled Channel '[id: 0xbdab38da, L:/127.0.0.1:61441 - R:localhost/127.0.0.1:60315]' for 'POST' to 'http://localhost:60315/session/d1a5e78e5894cbb866d37fbaa360eddd/element/6e9ef02e-7bd8-45ea-9bcf-9ed36213b316/click'
21:10:23.743 [Forwarding clickElement on session d1a5e78e5894cbb866d37fbaa360eddd to remote] DEBUG org.asynchttpclient.netty.request.NettyRequestSender - Using open Channel [id: 0xbdab38da, L:/127.0.0.1:61441 - R:localhost/127.0.0.1:60315] for POST '/session/d1a5e78e5894cbb866d37fbaa360eddd/element/6e9ef02e-7bd8-45ea-9bcf-9ed36213b316/click'
21:10:23.782 [AsyncHttpClient-1-8] DEBUG org.asynchttpclient.netty.handler.HttpHandler - 

Request DefaultHttpRequest(decodeResult: success, version: HTTP/1.1)
POST /session/d1a5e78e5894cbb866d37fbaa360eddd/element/6e9ef02e-7bd8-45ea-9bcf-9ed36213b316/click HTTP/1.1
User-Agent: selenium/4.1.2 (java windows)
Content-Length: 50
Content-Type: application/json; charset=utf-8
host: localhost:60315
accept: */*

Response DefaultHttpResponse(decodeResult: success, version: HTTP/1.1)
HTTP/1.1 200 OK
Content-Type: application/json; charset=utf-8
cache-control: no-cache
content-length: 14

21:10:23.783 [AsyncHttpClient-1-8] DEBUG org.asynchttpclient.netty.channel.ChannelManager - Adding key: http://localhost:60315 for channel [id: 0xbdab38da, L:/127.0.0.1:61441 - R:localhost/127.0.0.1:60315]
  &amp#27;[32mAnd &amp#27;[0m&amp#27;[32mI click reduce button&amp#27;[0m        &amp#27;[90m# starter.stepdefinitions.CartStep.iClickReduceButton()&amp#27;[0m
21:10:23.790 [Forwarding screenshot on session d1a5e78e5894cbb866d37fbaa360eddd to remote] DEBUG org.asynchttpclient.netty.request.NettyRequestSender - Using pooled Channel '[id: 0xbdab38da, L:/127.0.0.1:61441 - R:localhost/127.0.0.1:60315]' for 'GET' to 'http://localhost:60315/session/d1a5e78e5894cbb866d37fbaa360eddd/screenshot'
21:10:23.790 [Forwarding screenshot on session d1a5e78e5894cbb866d37fbaa360eddd to remote] DEBUG org.asynchttpclient.netty.request.NettyRequestSender - Using open Channel [id: 0xbdab38da, L:/127.0.0.1:61441 - R:localhost/127.0.0.1:60315] for GET '/session/d1a5e78e5894cbb866d37fbaa360eddd/screenshot'
21:10:23.911 [AsyncHttpClient-1-8] DEBUG org.asynchttpclient.netty.handler.HttpHandler - 

Request DefaultFullHttpRequest(decodeResult: success, version: HTTP/1.1, content: EmptyByteBufBE)
GET /session/d1a5e78e5894cbb866d37fbaa360eddd/screenshot HTTP/1.1
User-Agent: selenium/4.1.2 (java windows)
Cache-Control: no-cache
Content-Type: application/json; charset=utf-8
host: localhost:60315
accept: */*

Response DefaultHttpResponse(decodeResult: success, version: HTTP/1.1)
HTTP/1.1 200 OK
Content-Type: application/json; charset=utf-8
cache-control: no-cache
content-length: 16944

21:10:23.911 [AsyncHttpClient-1-8] DEBUG org.asynchttpclient.netty.channel.ChannelManager - Adding key: http://localhost:60315 for channel [id: 0xbdab38da, L:/127.0.0.1:61441 - R:localhost/127.0.0.1:60315]
21:10:23.913 [main] DEBUG net.serenitybdd.core.photography.Darkroom - Send negative for processing for target\site\serenity\9b831a7f397b6a93d9221906ddff27e26a9dbca4e2342b811ea61c12157b6a04.png
21:10:23.913 [Darkroom Processing Line] DEBUG net.serenitybdd.core.photography.DarkroomProcessingLine - Processing screenshot image in /var/screenshots/screenshot-16108736148836305954
21:10:23.913 [Darkroom Processing Line] DEBUG net.serenitybdd.core.photography.DarkroomProcessingLine - Saving screenshot to target\site\serenity\9b831a7f397b6a93d9221906ddff27e26a9dbca4e2342b811ea61c12157b6a04.png
  &amp#27;[32mThen &amp#27;[0m&amp#27;[32mI succes reduce my item&amp#27;[0m     &amp#27;[90m# starter.stepdefinitions.CartStep.iSuccesReduceMyItem()&amp#27;[0m
21:10:23.923 [main] INFO  - 
  _____   ___   ___   _____     ___     _     ___   ___   ___   ___  
 |_   _| | __| / __| |_   _|   | _ \   /_\   / __| / __| | __| |   \ 
   | |   | _|  \__ \   | |     |  _/  / _ \  \__ \ \__ \ | _|  | |) |
   |_|   |___| |___/   |_|     |_|   /_/ \_\ |___/ |___/ |___| |___/ 

Reduce item to cart
----------------------------------------------------------------------
21:10:23.936 [AsyncHttpClient-1-10] DEBUG org.asynchttpclient.netty.handler.WebSocketHandler - Channel Closed: [id: 0x75dcc9eb, L:/127.0.0.1:61449 ! R:localhost/127.0.0.1:61442] with attribute NettyResponseFuture{currentRetry=5,
	isDone=1,
	isCancelled=0,
	asyncHandler=org.asynchttpclient.ws.WebSocketUpgradeHandler@2d6bbf8a,
	nettyRequest=org.asynchttpclient.netty.request.NettyRequest@3bb621eb,
	future=java.util.concurrent.CompletableFuture@55416af5[Completed normally],
	uri=ws://localhost:61442/devtools/browser/3fed79a1-fa21-4970-ba28-6f1b50fd80b6,
	keepAlive=true,
	redirectCount=0,
	timeoutsHolder=null,
	inAuth=0,
	touch=1667916617472}
21:10:23.936 [AsyncHttpClient-1-10] DEBUG org.asynchttpclient.netty.channel.ChannelManager - Closing Channel [id: 0x75dcc9eb, L:/127.0.0.1:61449 ! R:localhost/127.0.0.1:61442] 
21:10:23.936 [Driver Command Executor] DEBUG org.asynchttpclient.netty.request.NettyRequestSender - Using pooled Channel '[id: 0xbdab38da, L:/127.0.0.1:61441 - R:localhost/127.0.0.1:60315]' for 'DELETE' to 'http://localhost:60315/session/d1a5e78e5894cbb866d37fbaa360eddd'
21:10:23.936 [Driver Command Executor] DEBUG org.asynchttpclient.netty.request.NettyRequestSender - Using open Channel [id: 0xbdab38da, L:/127.0.0.1:61441 - R:localhost/127.0.0.1:60315] for DELETE '/session/d1a5e78e5894cbb866d37fbaa360eddd'
21:10:23.998 [AsyncHttpClient-1-9] DEBUG org.asynchttpclient.netty.handler.HttpHandler - Unexpected I/O exception on channel [id: 0xcae8c014, L:/127.0.0.1:61448 - R:localhost/127.0.0.1:61442]
java.io.IOException: An existing connection was forcibly closed by the remote host
	at java.base/sun.nio.ch.SocketDispatcher.read0(Native Method)
	at java.base/sun.nio.ch.SocketDispatcher.read(SocketDispatcher.java:43)
	at java.base/sun.nio.ch.IOUtil.readIntoNativeBuffer(IOUtil.java:276)
	at java.base/sun.nio.ch.IOUtil.read(IOUtil.java:233)
	at java.base/sun.nio.ch.IOUtil.read(IOUtil.java:223)
	at java.base/sun.nio.ch.SocketChannelImpl.read(SocketChannelImpl.java:358)
	at io.netty.buffer.PooledByteBuf.setBytes(PooledByteBuf.java:258)
	at io.netty.buffer.AbstractByteBuf.writeBytes(AbstractByteBuf.java:1132)
	at io.netty.channel.socket.nio.NioSocketChannel.doReadBytes(NioSocketChannel.java:350)
	at io.netty.channel.nio.AbstractNioByteChannel$NioByteUnsafe.read(AbstractNioByteChannel.java:151)
	at io.netty.channel.nio.NioEventLoop.processSelectedKey(NioEventLoop.java:722)
	at io.netty.channel.nio.NioEventLoop.processSelectedKeysOptimized(NioEventLoop.java:658)
	at io.netty.channel.nio.NioEventLoop.processSelectedKeys(NioEventLoop.java:584)
	at io.netty.channel.nio.NioEventLoop.run(NioEventLoop.java:496)
	at io.netty.util.concurrent.SingleThreadEventExecutor$4.run(SingleThreadEventExecutor.java:986)
	at io.netty.util.internal.ThreadExecutorMap$2.run(ThreadExecutorMap.java:74)
	at io.netty.util.concurrent.FastThreadLocalRunnable.run(FastThreadLocalRunnable.java:30)
	at java.base/java.lang.Thread.run(Thread.java:834)
21:10:23.998 [AsyncHttpClient-1-9] DEBUG org.asynchttpclient.netty.channel.ChannelManager - Closing Channel [id: 0xcae8c014, L:/127.0.0.1:61448 - R:localhost/127.0.0.1:61442] 
21:10:23.998 [AsyncHttpClient-1-9] DEBUG org.asynchttpclient.netty.handler.HttpHandler - Channel Closed: [id: 0xcae8c014, L:/127.0.0.1:61448 ! R:localhost/127.0.0.1:61442] with attribute DISCARD
21:10:24.187 [AsyncHttpClient-1-8] DEBUG org.asynchttpclient.netty.handler.HttpHandler - 

Request DefaultFullHttpRequest(decodeResult: success, version: HTTP/1.1, content: EmptyByteBufBE)
DELETE /session/d1a5e78e5894cbb866d37fbaa360eddd HTTP/1.1
User-Agent: selenium/4.1.2 (java windows)
Content-Type: application/json; charset=utf-8
host: localhost:60315
accept: */*

Response DefaultHttpResponse(decodeResult: success, version: HTTP/1.1)
HTTP/1.1 200 OK
Content-Type: application/json; charset=utf-8
cache-control: no-cache
content-length: 14

21:10:24.187 [AsyncHttpClient-1-8] DEBUG org.asynchttpclient.netty.channel.ChannelManager - Adding key: http://localhost:60315 for channel [id: 0xbdab38da, L:/127.0.0.1:61441 - R:localhost/127.0.0.1:60315]
21:10:24.228 [AsyncHttpClient-1-8] DEBUG org.asynchttpclient.netty.handler.HttpHandler - Channel Closed: [id: 0xbdab38da, L:/127.0.0.1:61441 ! R:localhost/127.0.0.1:60315] with attribute DISCARD
]]></system-out>
    <system-err><![CDATA[Starting ChromeDriver 106.0.5249.61 (511755355844955cd3e264779baf0dd38212a4d0-refs/branch-heads/5249@{#569}) on port 60315
Only local connections are allowed.
Please see https://chromedriver.chromium.org/security-considerations for suggestions on keeping ChromeDriver safe.
ChromeDriver was started successfully.
[1667916617.379][WARNING]: This version of ChromeDriver has not been tested with Chrome version 107.
Nov 08, 2022 9:10:17 PM org.openqa.selenium.remote.ProtocolHandshake createSession
INFO: Detected dialect: W3C
Nov 08, 2022 9:10:17 PM org.openqa.selenium.devtools.CdpVersionFinder findNearestMatch
WARNING: Unable to find an exact match for CDP version 107, so returning the closest version found: a no-op implementation
Nov 08, 2022 9:10:17 PM org.openqa.selenium.devtools.CdpVersionFinder findNearestMatch
INFO: Unable to find CDP implementation matching 107.
Nov 08, 2022 9:10:17 PM org.openqa.selenium.chromium.ChromiumDriver lambda$new$3
WARNING: Unable to find version of CDP to use for . You may need to include a dependency on a specific version of the CDP using something similar to `org.seleniumhq.selenium:selenium-devtools-v86:4.1.2` where the version ("v86") matches the version of the chromium-based browser you're using and the version number of the artifact is the same as Selenium's.
]]></system-err>
  </testcase>
  <testcase name="Login with null email and password" classname="Login" time="5.227">
    <system-out><![CDATA[21:10:24.287 [main] INFO io.cucumber.core.plugin.SerenityReporter - Running feature from file:///D:/miniproject/webtesting/src/test/resources/features/login.feature
21:10:24.291 [main] DEBUG net.thucydides.core.steps.StepEventBus - Test suite started for story net.thucydides.core.model.Story@f388ff28
21:10:24.292 [main] INFO  - Test Suite Started: Login

@Login
Scenario: Login with null email and password &amp#27;[90m# src/test/resources/features/login.feature:7&amp#27;[0m
21:10:24.299 [main] INFO io.cucumber.core.plugin.SerenityReporter - Running feature from file:///D:/miniproject/webtesting/src/test/resources/features/login.feature
21:10:24.301 [main] INFO  - 
  _____   ___   ___   _____     ___   _____     _     ___   _____   ___   ___  
 |_   _| | __| / __| |_   _|   / __| |_   _|   /_\   | _ \ |_   _| | __| |   \ 
   | |   | _|  \__ \   | |     \__ \   | |    / _ \  |   /   | |   | _|  | |) |
   |_|   |___| |___/   |_|     |___/   |_|   /_/ \_\ |_|_\   |_|   |___| |___/ 

Login with null email and password(login;login-with-null-email-and-password)
--------------------------------------------------------------------------------
21:10:24.323 [AsyncHttpClient-1-1] DEBUG org.asynchttpclient.netty.channel.DefaultChannelPool - Entry count for : http://localhost:61442 : 1
21:10:24.323 [AsyncHttpClient-1-1] DEBUG org.asynchttpclient.netty.channel.DefaultChannelPool - Entry count for : http://localhost:60315 : 1
21:10:24.323 [AsyncHttpClient-1-1] DEBUG org.asynchttpclient.netty.channel.DefaultChannelPool - Adding Candidate expired Channel [id: 0xcae8c014, L:/127.0.0.1:61448 ! R:localhost/127.0.0.1:61442] isIdleTimeoutExpired=false isRemotelyClosed=true isTtlExpired=false
21:10:24.323 [AsyncHttpClient-1-1] DEBUG org.asynchttpclient.netty.channel.DefaultChannelPool - Closing Idle Channel [id: 0xcae8c014, L:/127.0.0.1:61448 ! R:localhost/127.0.0.1:61442]
21:10:24.323 [AsyncHttpClient-1-1] DEBUG org.asynchttpclient.netty.channel.DefaultChannelPool - Adding Candidate expired Channel [id: 0xbdab38da, L:/127.0.0.1:61441 ! R:localhost/127.0.0.1:60315] isIdleTimeoutExpired=false isRemotelyClosed=true isTtlExpired=false
21:10:24.323 [AsyncHttpClient-1-1] DEBUG org.asynchttpclient.netty.channel.DefaultChannelPool - Closing Idle Channel [id: 0xbdab38da, L:/127.0.0.1:61441 ! R:localhost/127.0.0.1:60315]
21:10:24.323 [AsyncHttpClient-1-1] DEBUG org.asynchttpclient.netty.channel.DefaultChannelPool - Closed 2 connections out of 2 in 0 ms
21:10:24.459 [main] INFO net.serenitybdd.core.webdriver.driverproviders.ChromeDriverProvider - Using automatically driver download
21:10:24.648 [main] DEBUG io.github.bonigarcia.wdm.cache.ResolutionCache - Resolution chrome=107 in cache (valid until 22:09:52 08/11/2022 ICT)
21:10:24.655 [main] DEBUG io.github.bonigarcia.wdm.cache.ResolutionCache - Resolution chrome107=107.0.5304.62 in cache (valid until 21:09:52 09/11/2022 ICT)
21:10:24.657 [main] INFO io.github.bonigarcia.wdm.WebDriverManager - Using chromedriver 107.0.5304.62 (resolved driver for Chrome 107)
21:10:24.675 [main] DEBUG io.github.bonigarcia.wdm.WebDriverManager - Driver chromedriver 107.0.5304.62 found in cache
21:10:24.676 [main] INFO io.github.bonigarcia.wdm.WebDriverManager - Exporting webdriver.chrome.driver as C:\Users\Yusuf Efendi\.cache\selenium\chromedriver\win32\107.0.5304.62\chromedriver.exe
21:10:24.833 [main] DEBUG net.serenitybdd.core.webdriver.driverproviders.ProvideNewDriver - Instantiating driver
21:10:24.833 [main] DEBUG net.serenitybdd.core.webdriver.driverproviders.ProvideNewDriver - Driver capabilities: Capabilities {acceptInsecureCerts: false, base.url: https://alta-shop.vercel.app, browserName: chrome, chrome.driver: src/test/resources/webdrive..., driver: chrome, goog:chromeOptions: {args: [], extensions: []}, wait.for.timeout: 7000}
21:10:25.062 [AsyncHttpClient-1-11] DEBUG org.asynchttpclient.netty.channel.NettyConnectListener - Using new Channel '[id: 0x53e5a95b, L:/127.0.0.1:61479 - R:localhost/127.0.0.1:60381]' for 'POST' to '/session'
21:10:25.759 [AsyncHttpClient-1-11] DEBUG org.asynchttpclient.netty.handler.HttpHandler - 

Request DefaultHttpRequest(decodeResult: success, version: HTTP/1.1)
POST /session HTTP/1.1
User-Agent: selenium/4.1.2 (java windows)
Content-Length: 639
Content-Type: application/json; charset=utf-8
host: localhost:60381
accept: */*

Response DefaultHttpResponse(decodeResult: success, version: HTTP/1.1)
HTTP/1.1 200 OK
Content-Type: application/json; charset=utf-8
cache-control: no-cache
content-length: 791

21:10:25.759 [AsyncHttpClient-1-11] DEBUG org.asynchttpclient.netty.channel.ChannelManager - Adding key: http://localhost:60381 for channel [id: 0x53e5a95b, L:/127.0.0.1:61479 - R:localhost/127.0.0.1:60381]
21:10:25.778 [AsyncHttpClient-1-12] DEBUG org.asynchttpclient.netty.channel.NettyConnectListener - Using new Channel '[id: 0x2776c5b5, L:/127.0.0.1:61486 - R:localhost/127.0.0.1:61480]' for 'GET' to '/json/version'
21:10:25.789 [AsyncHttpClient-1-12] DEBUG org.asynchttpclient.netty.handler.HttpHandler - 

Request DefaultFullHttpRequest(decodeResult: success, version: HTTP/1.1, content: EmptyByteBufBE)
GET /json/version HTTP/1.1
User-Agent: selenium/4.1.2 (java windows)
host: localhost:61480
accept: */*

Response DefaultHttpResponse(decodeResult: success, version: HTTP/1.1)
HTTP/1.1 200 OK
Content-Type: application/json; charset=UTF-8
content-length: 423

21:10:25.789 [AsyncHttpClient-1-12] DEBUG org.asynchttpclient.netty.channel.ChannelManager - Adding key: http://localhost:61480 for channel [id: 0x2776c5b5, L:/127.0.0.1:61486 - R:localhost/127.0.0.1:61480]
21:10:25.794 [AsyncHttpClient-1-13] DEBUG org.asynchttpclient.netty.channel.NettyConnectListener - Using new Channel '[id: 0x356dc263, L:/127.0.0.1:61487 - R:localhost/127.0.0.1:61480]' for 'GET' to '/devtools/browser/7e78072f-1e37-477d-8b93-f9801536b2f6'
21:10:25.802 [AsyncHttpClient-1-13] DEBUG org.asynchttpclient.netty.handler.WebSocketHandler - 

Request DefaultFullHttpRequest(decodeResult: success, version: HTTP/1.1, content: EmptyByteBufBE)
GET /devtools/browser/7e78072f-1e37-477d-8b93-f9801536b2f6 HTTP/1.1
upgrade: websocket
connection: upgrade
sec-websocket-key: JvMxiQSo0iMLRvpqKs+JRw==
sec-websocket-version: 13
origin: http://localhost:61480
host: localhost:61480
accept: */*
user-agent: AHC/2.1

Response DefaultHttpResponse(decodeResult: success, version: HTTP/1.1)
HTTP/1.1 101 WebSocket Protocol Handshake
Upgrade: WebSocket
Connection: Upgrade
Sec-WebSocket-Accept: rUdNsuheh0Z4nNNd4wJuGxCZrqU=

21:10:25.809 [Forwarding get on session 9322485eb720438e45a1ba46031258f9 to remote] DEBUG org.asynchttpclient.netty.request.NettyRequestSender - Using pooled Channel '[id: 0x53e5a95b, L:/127.0.0.1:61479 - R:localhost/127.0.0.1:60381]' for 'POST' to 'http://localhost:60381/session/9322485eb720438e45a1ba46031258f9/url'
21:10:25.809 [Forwarding get on session 9322485eb720438e45a1ba46031258f9 to remote] DEBUG org.asynchttpclient.netty.request.NettyRequestSender - Using open Channel [id: 0x53e5a95b, L:/127.0.0.1:61479 - R:localhost/127.0.0.1:60381] for POST '/session/9322485eb720438e45a1ba46031258f9/url'
21:10:26.523 [AsyncHttpClient-1-1] DEBUG org.asynchttpclient.netty.channel.DefaultChannelPool - Entry count for : http://localhost:61480 : 1
21:10:26.654 [AsyncHttpClient-1-11] DEBUG org.asynchttpclient.netty.handler.HttpHandler - 

Request DefaultHttpRequest(decodeResult: success, version: HTTP/1.1)
POST /session/9322485eb720438e45a1ba46031258f9/url HTTP/1.1
User-Agent: selenium/4.1.2 (java windows)
Content-Length: 74
Content-Type: application/json; charset=utf-8
host: localhost:60381
accept: */*

Response DefaultHttpResponse(decodeResult: success, version: HTTP/1.1)
HTTP/1.1 200 OK
Content-Type: application/json; charset=utf-8
cache-control: no-cache
content-length: 14

21:10:26.654 [AsyncHttpClient-1-11] DEBUG org.asynchttpclient.netty.channel.ChannelManager - Adding key: http://localhost:60381 for channel [id: 0x53e5a95b, L:/127.0.0.1:61479 - R:localhost/127.0.0.1:60381]
21:10:26.656 [Forwarding setTimeout on session 9322485eb720438e45a1ba46031258f9 to remote] DEBUG org.asynchttpclient.netty.request.NettyRequestSender - Using pooled Channel '[id: 0x53e5a95b, L:/127.0.0.1:61479 - R:localhost/127.0.0.1:60381]' for 'POST' to 'http://localhost:60381/session/9322485eb720438e45a1ba46031258f9/timeouts'
21:10:26.656 [Forwarding setTimeout on session 9322485eb720438e45a1ba46031258f9 to remote] DEBUG org.asynchttpclient.netty.request.NettyRequestSender - Using open Channel [id: 0x53e5a95b, L:/127.0.0.1:61479 - R:localhost/127.0.0.1:60381] for POST '/session/9322485eb720438e45a1ba46031258f9/timeouts'
21:10:26.659 [AsyncHttpClient-1-11] DEBUG org.asynchttpclient.netty.handler.HttpHandler - 

Request DefaultHttpRequest(decodeResult: success, version: HTTP/1.1)
POST /session/9322485eb720438e45a1ba46031258f9/timeouts HTTP/1.1
User-Agent: selenium/4.1.2 (java windows)
Content-Length: 22
Content-Type: application/json; charset=utf-8
host: localhost:60381
accept: */*

Response DefaultHttpResponse(decodeResult: success, version: HTTP/1.1)
HTTP/1.1 200 OK
Content-Type: application/json; charset=utf-8
cache-control: no-cache
content-length: 14

21:10:26.660 [AsyncHttpClient-1-11] DEBUG org.asynchttpclient.netty.channel.ChannelManager - Adding key: http://localhost:60381 for channel [id: 0x53e5a95b, L:/127.0.0.1:61479 - R:localhost/127.0.0.1:60381]
21:10:26.665 [Forwarding getCurrentUrl on session 9322485eb720438e45a1ba46031258f9 to remote] DEBUG org.asynchttpclient.netty.request.NettyRequestSender - Using pooled Channel '[id: 0x53e5a95b, L:/127.0.0.1:61479 - R:localhost/127.0.0.1:60381]' for 'GET' to 'http://localhost:60381/session/9322485eb720438e45a1ba46031258f9/url'
21:10:26.665 [Forwarding getCurrentUrl on session 9322485eb720438e45a1ba46031258f9 to remote] DEBUG org.asynchttpclient.netty.request.NettyRequestSender - Using open Channel [id: 0x53e5a95b, L:/127.0.0.1:61479 - R:localhost/127.0.0.1:60381] for GET '/session/9322485eb720438e45a1ba46031258f9/url'
21:10:26.672 [AsyncHttpClient-1-11] DEBUG org.asynchttpclient.netty.handler.HttpHandler - 

Request DefaultFullHttpRequest(decodeResult: success, version: HTTP/1.1, content: EmptyByteBufBE)
GET /session/9322485eb720438e45a1ba46031258f9/url HTTP/1.1
User-Agent: selenium/4.1.2 (java windows)
Cache-Control: no-cache
Content-Type: application/json; charset=utf-8
host: localhost:60381
accept: */*

Response DefaultHttpResponse(decodeResult: success, version: HTTP/1.1)
HTTP/1.1 200 OK
Content-Type: application/json; charset=utf-8
cache-control: no-cache
content-length: 51

21:10:26.672 [AsyncHttpClient-1-11] DEBUG org.asynchttpclient.netty.channel.ChannelManager - Adding key: http://localhost:60381 for channel [id: 0x53e5a95b, L:/127.0.0.1:61479 - R:localhost/127.0.0.1:60381]
  &amp#27;[32mGiven &amp#27;[0m&amp#27;[32mI am on the login page&amp#27;[0m               &amp#27;[90m# starter.stepdefinitions.LoginStep.iAmOnTheLoginPage()&amp#27;[0m
21:10:26.680 [main] DEBUG net.serenitybdd.core.photography.Darkroom - Opening darkroom
21:10:26.680 [Darkroom Processing Line] DEBUG net.serenitybdd.core.photography.DarkroomProcessingLine - Darkroom processing line starting up
21:10:26.680 [Forwarding screenshot on session 9322485eb720438e45a1ba46031258f9 to remote] DEBUG org.asynchttpclient.netty.request.NettyRequestSender - Using pooled Channel '[id: 0x53e5a95b, L:/127.0.0.1:61479 - R:localhost/127.0.0.1:60381]' for 'GET' to 'http://localhost:60381/session/9322485eb720438e45a1ba46031258f9/screenshot'
21:10:26.680 [Forwarding screenshot on session 9322485eb720438e45a1ba46031258f9 to remote] DEBUG org.asynchttpclient.netty.request.NettyRequestSender - Using open Channel [id: 0x53e5a95b, L:/127.0.0.1:61479 - R:localhost/127.0.0.1:60381] for GET '/session/9322485eb720438e45a1ba46031258f9/screenshot'
21:10:26.940 [AsyncHttpClient-1-11] DEBUG org.asynchttpclient.netty.handler.HttpHandler - 

Request DefaultFullHttpRequest(decodeResult: success, version: HTTP/1.1, content: EmptyByteBufBE)
GET /session/9322485eb720438e45a1ba46031258f9/screenshot HTTP/1.1
User-Agent: selenium/4.1.2 (java windows)
Cache-Control: no-cache
Content-Type: application/json; charset=utf-8
host: localhost:60381
accept: */*

Response DefaultHttpResponse(decodeResult: success, version: HTTP/1.1)
HTTP/1.1 200 OK
Content-Type: application/json; charset=utf-8
cache-control: no-cache
content-length: 22956

21:10:26.941 [AsyncHttpClient-1-11] DEBUG org.asynchttpclient.netty.channel.ChannelManager - Adding key: http://localhost:60381 for channel [id: 0x53e5a95b, L:/127.0.0.1:61479 - R:localhost/127.0.0.1:60381]
21:10:26.944 [main] DEBUG net.serenitybdd.core.photography.Darkroom - Send negative for processing for target\site\serenity\aee116daef9f70687dbaee6bc527f5648618468770bbd8309c15c6b66fad3d98.png
21:10:26.945 [Darkroom Processing Line] DEBUG net.serenitybdd.core.photography.DarkroomProcessingLine - Processing screenshot image in /var/screenshots/screenshot-4061199049194997480
21:10:26.945 [Darkroom Processing Line] DEBUG net.serenitybdd.core.photography.DarkroomProcessingLine - Saving screenshot to target\site\serenity\aee116daef9f70687dbaee6bc527f5648618468770bbd8309c15c6b66fad3d98.png
21:10:26.952 [Forwarding findElement on session 9322485eb720438e45a1ba46031258f9 to remote] DEBUG org.asynchttpclient.netty.request.NettyRequestSender - Using pooled Channel '[id: 0x53e5a95b, L:/127.0.0.1:61479 - R:localhost/127.0.0.1:60381]' for 'POST' to 'http://localhost:60381/session/9322485eb720438e45a1ba46031258f9/element'
21:10:26.952 [Forwarding findElement on session 9322485eb720438e45a1ba46031258f9 to remote] DEBUG org.asynchttpclient.netty.request.NettyRequestSender - Using open Channel [id: 0x53e5a95b, L:/127.0.0.1:61479 - R:localhost/127.0.0.1:60381] for POST '/session/9322485eb720438e45a1ba46031258f9/element'
21:10:26.966 [AsyncHttpClient-1-11] DEBUG org.asynchttpclient.netty.handler.HttpHandler - 

Request DefaultHttpRequest(decodeResult: success, version: HTTP/1.1)
POST /session/9322485eb720438e45a1ba46031258f9/element HTTP/1.1
User-Agent: selenium/4.1.2 (java windows)
Content-Length: 86
Content-Type: application/json; charset=utf-8
host: localhost:60381
accept: */*

Response DefaultHttpResponse(decodeResult: success, version: HTTP/1.1)
HTTP/1.1 200 OK
Content-Type: application/json; charset=utf-8
cache-control: no-cache
content-length: 88

21:10:26.966 [AsyncHttpClient-1-11] DEBUG org.asynchttpclient.netty.channel.ChannelManager - Adding key: http://localhost:60381 for channel [id: 0x53e5a95b, L:/127.0.0.1:61479 - R:localhost/127.0.0.1:60381]
21:10:26.968 [Forwarding clearElement on session 9322485eb720438e45a1ba46031258f9 to remote] DEBUG org.asynchttpclient.netty.request.NettyRequestSender - Using pooled Channel '[id: 0x53e5a95b, L:/127.0.0.1:61479 - R:localhost/127.0.0.1:60381]' for 'POST' to 'http://localhost:60381/session/9322485eb720438e45a1ba46031258f9/element/ff3b571a-cff0-4ee2-983e-caf725f4574f/clear'
21:10:26.968 [Forwarding clearElement on session 9322485eb720438e45a1ba46031258f9 to remote] DEBUG org.asynchttpclient.netty.request.NettyRequestSender - Using open Channel [id: 0x53e5a95b, L:/127.0.0.1:61479 - R:localhost/127.0.0.1:60381] for POST '/session/9322485eb720438e45a1ba46031258f9/element/ff3b571a-cff0-4ee2-983e-caf725f4574f/clear'
21:10:27.004 [AsyncHttpClient-1-11] DEBUG org.asynchttpclient.netty.handler.HttpHandler - 

Request DefaultHttpRequest(decodeResult: success, version: HTTP/1.1)
POST /session/9322485eb720438e45a1ba46031258f9/element/ff3b571a-cff0-4ee2-983e-caf725f4574f/clear HTTP/1.1
User-Agent: selenium/4.1.2 (java windows)
Content-Length: 50
Content-Type: application/json; charset=utf-8
host: localhost:60381
accept: */*

Response DefaultHttpResponse(decodeResult: success, version: HTTP/1.1)
HTTP/1.1 200 OK
Content-Type: application/json; charset=utf-8
cache-control: no-cache
content-length: 14

21:10:27.004 [AsyncHttpClient-1-11] DEBUG org.asynchttpclient.netty.channel.ChannelManager - Adding key: http://localhost:60381 for channel [id: 0x53e5a95b, L:/127.0.0.1:61479 - R:localhost/127.0.0.1:60381]
21:10:27.008 [Forwarding sendKeysToElement on session 9322485eb720438e45a1ba46031258f9 to remote] DEBUG org.asynchttpclient.netty.request.NettyRequestSender - Using pooled Channel '[id: 0x53e5a95b, L:/127.0.0.1:61479 - R:localhost/127.0.0.1:60381]' for 'POST' to 'http://localhost:60381/session/9322485eb720438e45a1ba46031258f9/element/ff3b571a-cff0-4ee2-983e-caf725f4574f/value'
21:10:27.008 [Forwarding sendKeysToElement on session 9322485eb720438e45a1ba46031258f9 to remote] DEBUG org.asynchttpclient.netty.request.NettyRequestSender - Using open Channel [id: 0x53e5a95b, L:/127.0.0.1:61479 - R:localhost/127.0.0.1:60381] for POST '/session/9322485eb720438e45a1ba46031258f9/element/ff3b571a-cff0-4ee2-983e-caf725f4574f/value'
21:10:27.056 [AsyncHttpClient-1-11] DEBUG org.asynchttpclient.netty.handler.HttpHandler - 

Request DefaultHttpRequest(decodeResult: success, version: HTTP/1.1)
POST /session/9322485eb720438e45a1ba46031258f9/element/ff3b571a-cff0-4ee2-983e-caf725f4574f/value HTTP/1.1
User-Agent: selenium/4.1.2 (java windows)
Content-Length: 82
Content-Type: application/json; charset=utf-8
host: localhost:60381
accept: */*

Response DefaultHttpResponse(decodeResult: success, version: HTTP/1.1)
HTTP/1.1 200 OK
Content-Type: application/json; charset=utf-8
cache-control: no-cache
content-length: 14

21:10:27.056 [AsyncHttpClient-1-11] DEBUG org.asynchttpclient.netty.channel.ChannelManager - Adding key: http://localhost:60381 for channel [id: 0x53e5a95b, L:/127.0.0.1:61479 - R:localhost/127.0.0.1:60381]
  &amp#27;[32mWhen &amp#27;[0m&amp#27;[32mI input null email&amp#27;[0m                    &amp#27;[90m# starter.stepdefinitions.LoginStep.iInputNullEmail()&amp#27;[0m
21:10:27.065 [Forwarding screenshot on session 9322485eb720438e45a1ba46031258f9 to remote] DEBUG org.asynchttpclient.netty.request.NettyRequestSender - Using pooled Channel '[id: 0x53e5a95b, L:/127.0.0.1:61479 - R:localhost/127.0.0.1:60381]' for 'GET' to 'http://localhost:60381/session/9322485eb720438e45a1ba46031258f9/screenshot'
21:10:27.065 [Forwarding screenshot on session 9322485eb720438e45a1ba46031258f9 to remote] DEBUG org.asynchttpclient.netty.request.NettyRequestSender - Using open Channel [id: 0x53e5a95b, L:/127.0.0.1:61479 - R:localhost/127.0.0.1:60381] for GET '/session/9322485eb720438e45a1ba46031258f9/screenshot'
21:10:27.165 [AsyncHttpClient-1-11] DEBUG org.asynchttpclient.netty.handler.HttpHandler - 

Request DefaultFullHttpRequest(decodeResult: success, version: HTTP/1.1, content: EmptyByteBufBE)
GET /session/9322485eb720438e45a1ba46031258f9/screenshot HTTP/1.1
User-Agent: selenium/4.1.2 (java windows)
Cache-Control: no-cache
Content-Type: application/json; charset=utf-8
host: localhost:60381
accept: */*

Response DefaultHttpResponse(decodeResult: success, version: HTTP/1.1)
HTTP/1.1 200 OK
Content-Type: application/json; charset=utf-8
cache-control: no-cache
content-length: 23164

21:10:27.166 [AsyncHttpClient-1-11] DEBUG org.asynchttpclient.netty.channel.ChannelManager - Adding key: http://localhost:60381 for channel [id: 0x53e5a95b, L:/127.0.0.1:61479 - R:localhost/127.0.0.1:60381]
21:10:27.167 [main] DEBUG net.serenitybdd.core.photography.Darkroom - Send negative for processing for target\site\serenity\b7c7e7e82c8d9978835140a9ad95fb5fa3498f6770f2737789c5b42042b23523.png
21:10:27.168 [Darkroom Processing Line] DEBUG net.serenitybdd.core.photography.DarkroomProcessingLine - Processing screenshot image in /var/screenshots/screenshot-11778225462649648145
21:10:27.168 [Darkroom Processing Line] DEBUG net.serenitybdd.core.photography.DarkroomProcessingLine - Saving screenshot to target\site\serenity\b7c7e7e82c8d9978835140a9ad95fb5fa3498f6770f2737789c5b42042b23523.png
21:10:27.175 [Forwarding findElement on session 9322485eb720438e45a1ba46031258f9 to remote] DEBUG org.asynchttpclient.netty.request.NettyRequestSender - Using pooled Channel '[id: 0x53e5a95b, L:/127.0.0.1:61479 - R:localhost/127.0.0.1:60381]' for 'POST' to 'http://localhost:60381/session/9322485eb720438e45a1ba46031258f9/element'
21:10:27.175 [Forwarding findElement on session 9322485eb720438e45a1ba46031258f9 to remote] DEBUG org.asynchttpclient.netty.request.NettyRequestSender - Using open Channel [id: 0x53e5a95b, L:/127.0.0.1:61479 - R:localhost/127.0.0.1:60381] for POST '/session/9322485eb720438e45a1ba46031258f9/element'
21:10:27.187 [AsyncHttpClient-1-11] DEBUG org.asynchttpclient.netty.handler.HttpHandler - 

Request DefaultHttpRequest(decodeResult: success, version: HTTP/1.1)
POST /session/9322485eb720438e45a1ba46031258f9/element HTTP/1.1
User-Agent: selenium/4.1.2 (java windows)
Content-Length: 89
Content-Type: application/json; charset=utf-8
host: localhost:60381
accept: */*

Response DefaultHttpResponse(decodeResult: success, version: HTTP/1.1)
HTTP/1.1 200 OK
Content-Type: application/json; charset=utf-8
cache-control: no-cache
content-length: 88

21:10:27.187 [AsyncHttpClient-1-11] DEBUG org.asynchttpclient.netty.channel.ChannelManager - Adding key: http://localhost:60381 for channel [id: 0x53e5a95b, L:/127.0.0.1:61479 - R:localhost/127.0.0.1:60381]
21:10:27.189 [Forwarding clearElement on session 9322485eb720438e45a1ba46031258f9 to remote] DEBUG org.asynchttpclient.netty.request.NettyRequestSender - Using pooled Channel '[id: 0x53e5a95b, L:/127.0.0.1:61479 - R:localhost/127.0.0.1:60381]' for 'POST' to 'http://localhost:60381/session/9322485eb720438e45a1ba46031258f9/element/e850d924-f277-4807-88be-60782cd0c0e1/clear'
21:10:27.189 [Forwarding clearElement on session 9322485eb720438e45a1ba46031258f9 to remote] DEBUG org.asynchttpclient.netty.request.NettyRequestSender - Using open Channel [id: 0x53e5a95b, L:/127.0.0.1:61479 - R:localhost/127.0.0.1:60381] for POST '/session/9322485eb720438e45a1ba46031258f9/element/e850d924-f277-4807-88be-60782cd0c0e1/clear'
21:10:27.220 [AsyncHttpClient-1-11] DEBUG org.asynchttpclient.netty.handler.HttpHandler - 

Request DefaultHttpRequest(decodeResult: success, version: HTTP/1.1)
POST /session/9322485eb720438e45a1ba46031258f9/element/e850d924-f277-4807-88be-60782cd0c0e1/clear HTTP/1.1
User-Agent: selenium/4.1.2 (java windows)
Content-Length: 50
Content-Type: application/json; charset=utf-8
host: localhost:60381
accept: */*

Response DefaultHttpResponse(decodeResult: success, version: HTTP/1.1)
HTTP/1.1 200 OK
Content-Type: application/json; charset=utf-8
cache-control: no-cache
content-length: 14

21:10:27.220 [AsyncHttpClient-1-11] DEBUG org.asynchttpclient.netty.channel.ChannelManager - Adding key: http://localhost:60381 for channel [id: 0x53e5a95b, L:/127.0.0.1:61479 - R:localhost/127.0.0.1:60381]
21:10:27.222 [Forwarding sendKeysToElement on session 9322485eb720438e45a1ba46031258f9 to remote] DEBUG org.asynchttpclient.netty.request.NettyRequestSender - Using pooled Channel '[id: 0x53e5a95b, L:/127.0.0.1:61479 - R:localhost/127.0.0.1:60381]' for 'POST' to 'http://localhost:60381/session/9322485eb720438e45a1ba46031258f9/element/e850d924-f277-4807-88be-60782cd0c0e1/value'
21:10:27.222 [Forwarding sendKeysToElement on session 9322485eb720438e45a1ba46031258f9 to remote] DEBUG org.asynchttpclient.netty.request.NettyRequestSender - Using open Channel [id: 0x53e5a95b, L:/127.0.0.1:61479 - R:localhost/127.0.0.1:60381] for POST '/session/9322485eb720438e45a1ba46031258f9/element/e850d924-f277-4807-88be-60782cd0c0e1/value'
21:10:27.259 [AsyncHttpClient-1-11] DEBUG org.asynchttpclient.netty.handler.HttpHandler - 

Request DefaultHttpRequest(decodeResult: success, version: HTTP/1.1)
POST /session/9322485eb720438e45a1ba46031258f9/element/e850d924-f277-4807-88be-60782cd0c0e1/value HTTP/1.1
User-Agent: selenium/4.1.2 (java windows)
Content-Length: 82
Content-Type: application/json; charset=utf-8
host: localhost:60381
accept: */*

Response DefaultHttpResponse(decodeResult: success, version: HTTP/1.1)
HTTP/1.1 200 OK
Content-Type: application/json; charset=utf-8
cache-control: no-cache
content-length: 14

21:10:27.260 [AsyncHttpClient-1-11] DEBUG org.asynchttpclient.netty.channel.ChannelManager - Adding key: http://localhost:60381 for channel [id: 0x53e5a95b, L:/127.0.0.1:61479 - R:localhost/127.0.0.1:60381]
  &amp#27;[32mAnd &amp#27;[0m&amp#27;[32mI input null password&amp#27;[0m                  &amp#27;[90m# starter.stepdefinitions.LoginStep.iInputNullPassword()&amp#27;[0m
21:10:27.279 [Forwarding screenshot on session 9322485eb720438e45a1ba46031258f9 to remote] DEBUG org.asynchttpclient.netty.request.NettyRequestSender - Using pooled Channel '[id: 0x53e5a95b, L:/127.0.0.1:61479 - R:localhost/127.0.0.1:60381]' for 'GET' to 'http://localhost:60381/session/9322485eb720438e45a1ba46031258f9/screenshot'
21:10:27.279 [Forwarding screenshot on session 9322485eb720438e45a1ba46031258f9 to remote] DEBUG org.asynchttpclient.netty.request.NettyRequestSender - Using open Channel [id: 0x53e5a95b, L:/127.0.0.1:61479 - R:localhost/127.0.0.1:60381] for GET '/session/9322485eb720438e45a1ba46031258f9/screenshot'
21:10:27.364 [AsyncHttpClient-1-11] DEBUG org.asynchttpclient.netty.handler.HttpHandler - 

Request DefaultFullHttpRequest(decodeResult: success, version: HTTP/1.1, content: EmptyByteBufBE)
GET /session/9322485eb720438e45a1ba46031258f9/screenshot HTTP/1.1
User-Agent: selenium/4.1.2 (java windows)
Cache-Control: no-cache
Content-Type: application/json; charset=utf-8
host: localhost:60381
accept: */*

Response DefaultHttpResponse(decodeResult: success, version: HTTP/1.1)
HTTP/1.1 200 OK
Content-Type: application/json; charset=utf-8
cache-control: no-cache
content-length: 23588

21:10:27.364 [AsyncHttpClient-1-11] DEBUG org.asynchttpclient.netty.channel.ChannelManager - Adding key: http://localhost:60381 for channel [id: 0x53e5a95b, L:/127.0.0.1:61479 - R:localhost/127.0.0.1:60381]
21:10:27.367 [main] DEBUG net.serenitybdd.core.photography.Darkroom - Send negative for processing for target\site\serenity\e1617e6cd49b1067db08dbe03db8bbcad4352ab247210c2891ba0594ad026795.png
21:10:27.368 [Darkroom Processing Line] DEBUG net.serenitybdd.core.photography.DarkroomProcessingLine - Processing screenshot image in /var/screenshots/screenshot-3395639066339796517
21:10:27.368 [Darkroom Processing Line] DEBUG net.serenitybdd.core.photography.DarkroomProcessingLine - Saving screenshot to target\site\serenity\e1617e6cd49b1067db08dbe03db8bbcad4352ab247210c2891ba0594ad026795.png
21:10:27.380 [Forwarding findElement on session 9322485eb720438e45a1ba46031258f9 to remote] DEBUG org.asynchttpclient.netty.request.NettyRequestSender - Using pooled Channel '[id: 0x53e5a95b, L:/127.0.0.1:61479 - R:localhost/127.0.0.1:60381]' for 'POST' to 'http://localhost:60381/session/9322485eb720438e45a1ba46031258f9/element'
21:10:27.380 [Forwarding findElement on session 9322485eb720438e45a1ba46031258f9 to remote] DEBUG org.asynchttpclient.netty.request.NettyRequestSender - Using open Channel [id: 0x53e5a95b, L:/127.0.0.1:61479 - R:localhost/127.0.0.1:60381] for POST '/session/9322485eb720438e45a1ba46031258f9/element'
21:10:27.395 [AsyncHttpClient-1-11] DEBUG org.asynchttpclient.netty.handler.HttpHandler - 

Request DefaultHttpRequest(decodeResult: success, version: HTTP/1.1)
POST /session/9322485eb720438e45a1ba46031258f9/element HTTP/1.1
User-Agent: selenium/4.1.2 (java windows)
Content-Length: 83
Content-Type: application/json; charset=utf-8
host: localhost:60381
accept: */*

Response DefaultHttpResponse(decodeResult: success, version: HTTP/1.1)
HTTP/1.1 200 OK
Content-Type: application/json; charset=utf-8
cache-control: no-cache
content-length: 88

21:10:27.396 [AsyncHttpClient-1-11] DEBUG org.asynchttpclient.netty.channel.ChannelManager - Adding key: http://localhost:60381 for channel [id: 0x53e5a95b, L:/127.0.0.1:61479 - R:localhost/127.0.0.1:60381]
21:10:27.398 [Forwarding getElementTagName on session 9322485eb720438e45a1ba46031258f9 to remote] DEBUG org.asynchttpclient.netty.request.NettyRequestSender - Using pooled Channel '[id: 0x53e5a95b, L:/127.0.0.1:61479 - R:localhost/127.0.0.1:60381]' for 'GET' to 'http://localhost:60381/session/9322485eb720438e45a1ba46031258f9/element/39679ec9-31f8-47a0-ad5a-b8ceecf97875/name'
21:10:27.398 [Forwarding getElementTagName on session 9322485eb720438e45a1ba46031258f9 to remote] DEBUG org.asynchttpclient.netty.request.NettyRequestSender - Using open Channel [id: 0x53e5a95b, L:/127.0.0.1:61479 - R:localhost/127.0.0.1:60381] for GET '/session/9322485eb720438e45a1ba46031258f9/element/39679ec9-31f8-47a0-ad5a-b8ceecf97875/name'
21:10:27.406 [AsyncHttpClient-1-11] DEBUG org.asynchttpclient.netty.handler.HttpHandler - 

Request DefaultFullHttpRequest(decodeResult: success, version: HTTP/1.1, content: EmptyByteBufBE)
GET /session/9322485eb720438e45a1ba46031258f9/element/39679ec9-31f8-47a0-ad5a-b8ceecf97875/name HTTP/1.1
User-Agent: selenium/4.1.2 (java windows)
Cache-Control: no-cache
Content-Type: application/json; charset=utf-8
host: localhost:60381
accept: */*

Response DefaultHttpResponse(decodeResult: success, version: HTTP/1.1)
HTTP/1.1 200 OK
Content-Type: application/json; charset=utf-8
cache-control: no-cache
content-length: 16

21:10:27.406 [AsyncHttpClient-1-11] DEBUG org.asynchttpclient.netty.channel.ChannelManager - Adding key: http://localhost:60381 for channel [id: 0x53e5a95b, L:/127.0.0.1:61479 - R:localhost/127.0.0.1:60381]
21:10:27.408 [Forwarding getElementTagName on session 9322485eb720438e45a1ba46031258f9 to remote] DEBUG org.asynchttpclient.netty.request.NettyRequestSender - Using pooled Channel '[id: 0x53e5a95b, L:/127.0.0.1:61479 - R:localhost/127.0.0.1:60381]' for 'GET' to 'http://localhost:60381/session/9322485eb720438e45a1ba46031258f9/element/39679ec9-31f8-47a0-ad5a-b8ceecf97875/name'
21:10:27.408 [Forwarding getElementTagName on session 9322485eb720438e45a1ba46031258f9 to remote] DEBUG org.asynchttpclient.netty.request.NettyRequestSender - Using open Channel [id: 0x53e5a95b, L:/127.0.0.1:61479 - R:localhost/127.0.0.1:60381] for GET '/session/9322485eb720438e45a1ba46031258f9/element/39679ec9-31f8-47a0-ad5a-b8ceecf97875/name'
21:10:27.414 [AsyncHttpClient-1-11] DEBUG org.asynchttpclient.netty.handler.HttpHandler - 

Request DefaultFullHttpRequest(decodeResult: success, version: HTTP/1.1, content: EmptyByteBufBE)
GET /session/9322485eb720438e45a1ba46031258f9/element/39679ec9-31f8-47a0-ad5a-b8ceecf97875/name HTTP/1.1
User-Agent: selenium/4.1.2 (java windows)
Cache-Control: no-cache
Content-Type: application/json; charset=utf-8
host: localhost:60381
accept: */*

Response DefaultHttpResponse(decodeResult: success, version: HTTP/1.1)
HTTP/1.1 200 OK
Content-Type: application/json; charset=utf-8
cache-control: no-cache
content-length: 16

21:10:27.414 [AsyncHttpClient-1-11] DEBUG org.asynchttpclient.netty.channel.ChannelManager - Adding key: http://localhost:60381 for channel [id: 0x53e5a95b, L:/127.0.0.1:61479 - R:localhost/127.0.0.1:60381]
21:10:27.417 [Forwarding findElement on session 9322485eb720438e45a1ba46031258f9 to remote] DEBUG org.asynchttpclient.netty.request.NettyRequestSender - Using pooled Channel '[id: 0x53e5a95b, L:/127.0.0.1:61479 - R:localhost/127.0.0.1:60381]' for 'POST' to 'http://localhost:60381/session/9322485eb720438e45a1ba46031258f9/element'
21:10:27.417 [Forwarding findElement on session 9322485eb720438e45a1ba46031258f9 to remote] DEBUG org.asynchttpclient.netty.request.NettyRequestSender - Using open Channel [id: 0x53e5a95b, L:/127.0.0.1:61479 - R:localhost/127.0.0.1:60381] for POST '/session/9322485eb720438e45a1ba46031258f9/element'
21:10:27.426 [AsyncHttpClient-1-11] DEBUG org.asynchttpclient.netty.handler.HttpHandler - 

Request DefaultHttpRequest(decodeResult: success, version: HTTP/1.1)
POST /session/9322485eb720438e45a1ba46031258f9/element HTTP/1.1
User-Agent: selenium/4.1.2 (java windows)
Content-Length: 83
Content-Type: application/json; charset=utf-8
host: localhost:60381
accept: */*

Response DefaultHttpResponse(decodeResult: success, version: HTTP/1.1)
HTTP/1.1 200 OK
Content-Type: application/json; charset=utf-8
cache-control: no-cache
content-length: 88

21:10:27.426 [AsyncHttpClient-1-11] DEBUG org.asynchttpclient.netty.channel.ChannelManager - Adding key: http://localhost:60381 for channel [id: 0x53e5a95b, L:/127.0.0.1:61479 - R:localhost/127.0.0.1:60381]
21:10:27.428 [Forwarding clickElement on session 9322485eb720438e45a1ba46031258f9 to remote] DEBUG org.asynchttpclient.netty.request.NettyRequestSender - Using pooled Channel '[id: 0x53e5a95b, L:/127.0.0.1:61479 - R:localhost/127.0.0.1:60381]' for 'POST' to 'http://localhost:60381/session/9322485eb720438e45a1ba46031258f9/element/39679ec9-31f8-47a0-ad5a-b8ceecf97875/click'
21:10:27.428 [Forwarding clickElement on session 9322485eb720438e45a1ba46031258f9 to remote] DEBUG org.asynchttpclient.netty.request.NettyRequestSender - Using open Channel [id: 0x53e5a95b, L:/127.0.0.1:61479 - R:localhost/127.0.0.1:60381] for POST '/session/9322485eb720438e45a1ba46031258f9/element/39679ec9-31f8-47a0-ad5a-b8ceecf97875/click'
21:10:27.474 [AsyncHttpClient-1-11] DEBUG org.asynchttpclient.netty.handler.HttpHandler - 

Request DefaultHttpRequest(decodeResult: success, version: HTTP/1.1)
POST /session/9322485eb720438e45a1ba46031258f9/element/39679ec9-31f8-47a0-ad5a-b8ceecf97875/click HTTP/1.1
User-Agent: selenium/4.1.2 (java windows)
Content-Length: 50
Content-Type: application/json; charset=utf-8
host: localhost:60381
accept: */*

Response DefaultHttpResponse(decodeResult: success, version: HTTP/1.1)
HTTP/1.1 200 OK
Content-Type: application/json; charset=utf-8
cache-control: no-cache
content-length: 14

21:10:27.474 [AsyncHttpClient-1-11] DEBUG org.asynchttpclient.netty.channel.ChannelManager - Adding key: http://localhost:60381 for channel [id: 0x53e5a95b, L:/127.0.0.1:61479 - R:localhost/127.0.0.1:60381]
  &amp#27;[32mAnd &amp#27;[0m&amp#27;[32mI click login button&amp#27;[0m                   &amp#27;[90m# starter.stepdefinitions.LoginStep.iClickLoginButton()&amp#27;[0m
21:10:27.479 [Forwarding screenshot on session 9322485eb720438e45a1ba46031258f9 to remote] DEBUG org.asynchttpclient.netty.request.NettyRequestSender - Using pooled Channel '[id: 0x53e5a95b, L:/127.0.0.1:61479 - R:localhost/127.0.0.1:60381]' for 'GET' to 'http://localhost:60381/session/9322485eb720438e45a1ba46031258f9/screenshot'
21:10:27.479 [Forwarding screenshot on session 9322485eb720438e45a1ba46031258f9 to remote] DEBUG org.asynchttpclient.netty.request.NettyRequestSender - Using open Channel [id: 0x53e5a95b, L:/127.0.0.1:61479 - R:localhost/127.0.0.1:60381] for GET '/session/9322485eb720438e45a1ba46031258f9/screenshot'
21:10:27.568 [AsyncHttpClient-1-11] DEBUG org.asynchttpclient.netty.handler.HttpHandler - 

Request DefaultFullHttpRequest(decodeResult: success, version: HTTP/1.1, content: EmptyByteBufBE)
GET /session/9322485eb720438e45a1ba46031258f9/screenshot HTTP/1.1
User-Agent: selenium/4.1.2 (java windows)
Cache-Control: no-cache
Content-Type: application/json; charset=utf-8
host: localhost:60381
accept: */*

Response DefaultHttpResponse(decodeResult: success, version: HTTP/1.1)
HTTP/1.1 200 OK
Content-Type: application/json; charset=utf-8
cache-control: no-cache
content-length: 23868

21:10:27.568 [AsyncHttpClient-1-11] DEBUG org.asynchttpclient.netty.channel.ChannelManager - Adding key: http://localhost:60381 for channel [id: 0x53e5a95b, L:/127.0.0.1:61479 - R:localhost/127.0.0.1:60381]
21:10:27.570 [main] DEBUG net.serenitybdd.core.photography.Darkroom - Send negative for processing for target\site\serenity\98fb8d5bb33dd947e586aa354de6fe3cbb26c85248d094112015bc4f829c5ed9.png
21:10:27.570 [Darkroom Processing Line] DEBUG net.serenitybdd.core.photography.DarkroomProcessingLine - Processing screenshot image in /var/screenshots/screenshot-2781045861772815735
21:10:27.570 [Darkroom Processing Line] DEBUG net.serenitybdd.core.photography.DarkroomProcessingLine - Saving screenshot to target\site\serenity\98fb8d5bb33dd947e586aa354de6fe3cbb26c85248d094112015bc4f829c5ed9.png
21:10:27.576 [Forwarding findElement on session 9322485eb720438e45a1ba46031258f9 to remote] DEBUG org.asynchttpclient.netty.request.NettyRequestSender - Using pooled Channel '[id: 0x53e5a95b, L:/127.0.0.1:61479 - R:localhost/127.0.0.1:60381]' for 'POST' to 'http://localhost:60381/session/9322485eb720438e45a1ba46031258f9/element'
21:10:27.576 [Forwarding findElement on session 9322485eb720438e45a1ba46031258f9 to remote] DEBUG org.asynchttpclient.netty.request.NettyRequestSender - Using open Channel [id: 0x53e5a95b, L:/127.0.0.1:61479 - R:localhost/127.0.0.1:60381] for POST '/session/9322485eb720438e45a1ba46031258f9/element'
21:10:27.625 [AsyncHttpClient-1-1] DEBUG org.asynchttpclient.netty.channel.DefaultChannelPool - Entry count for : http://localhost:61480 : 1
21:10:28.723 [AsyncHttpClient-1-1] DEBUG org.asynchttpclient.netty.channel.DefaultChannelPool - Entry count for : http://localhost:61480 : 1
21:10:28.870 [AsyncHttpClient-1-11] DEBUG org.asynchttpclient.netty.handler.HttpHandler - 

Request DefaultHttpRequest(decodeResult: success, version: HTTP/1.1)
POST /session/9322485eb720438e45a1ba46031258f9/element HTTP/1.1
User-Agent: selenium/4.1.2 (java windows)
Content-Length: 84
Content-Type: application/json; charset=utf-8
host: localhost:60381
accept: */*

Response DefaultHttpResponse(decodeResult: success, version: HTTP/1.1)
HTTP/1.1 200 OK
Content-Type: application/json; charset=utf-8
cache-control: no-cache
content-length: 88

21:10:28.870 [AsyncHttpClient-1-11] DEBUG org.asynchttpclient.netty.channel.ChannelManager - Adding key: http://localhost:60381 for channel [id: 0x53e5a95b, L:/127.0.0.1:61479 - R:localhost/127.0.0.1:60381]
21:10:28.874 [Forwarding isElementDisplayed on session 9322485eb720438e45a1ba46031258f9 to remote] DEBUG org.asynchttpclient.netty.request.NettyRequestSender - Using pooled Channel '[id: 0x53e5a95b, L:/127.0.0.1:61479 - R:localhost/127.0.0.1:60381]' for 'POST' to 'http://localhost:60381/session/9322485eb720438e45a1ba46031258f9/execute/sync'
21:10:28.874 [Forwarding isElementDisplayed on session 9322485eb720438e45a1ba46031258f9 to remote] DEBUG org.asynchttpclient.netty.request.NettyRequestSender - Using open Channel [id: 0x53e5a95b, L:/127.0.0.1:61479 - R:localhost/127.0.0.1:60381] for POST '/session/9322485eb720438e45a1ba46031258f9/execute/sync'
21:10:28.888 [AsyncHttpClient-1-11] DEBUG org.asynchttpclient.netty.handler.HttpHandler - 

Request DefaultHttpRequest(decodeResult: success, version: HTTP/1.1)
POST /session/9322485eb720438e45a1ba46031258f9/execute/sync HTTP/1.1
User-Agent: selenium/4.1.2 (java windows)
Content-Length: 48780
Content-Type: application/json; charset=utf-8
host: localhost:60381
accept: */*

Response DefaultHttpResponse(decodeResult: success, version: HTTP/1.1)
HTTP/1.1 200 OK
Content-Type: application/json; charset=utf-8
cache-control: no-cache
content-length: 14

21:10:28.888 [AsyncHttpClient-1-11] DEBUG org.asynchttpclient.netty.channel.ChannelManager - Adding key: http://localhost:60381 for channel [id: 0x53e5a95b, L:/127.0.0.1:61479 - R:localhost/127.0.0.1:60381]
  &amp#27;[32mThen &amp#27;[0m&amp#27;[32mI will get error message&amp#27;[0m              &amp#27;[90m# starter.stepdefinitions.LoginStep.iWillGetErrorMessage()&amp#27;[0m
21:10:28.892 [Forwarding screenshot on session 9322485eb720438e45a1ba46031258f9 to remote] DEBUG org.asynchttpclient.netty.request.NettyRequestSender - Using pooled Channel '[id: 0x53e5a95b, L:/127.0.0.1:61479 - R:localhost/127.0.0.1:60381]' for 'GET' to 'http://localhost:60381/session/9322485eb720438e45a1ba46031258f9/screenshot'
21:10:28.892 [Forwarding screenshot on session 9322485eb720438e45a1ba46031258f9 to remote] DEBUG org.asynchttpclient.netty.request.NettyRequestSender - Using open Channel [id: 0x53e5a95b, L:/127.0.0.1:61479 - R:localhost/127.0.0.1:60381] for GET '/session/9322485eb720438e45a1ba46031258f9/screenshot'
21:10:29.028 [AsyncHttpClient-1-11] DEBUG org.asynchttpclient.netty.handler.HttpHandler - 

Request DefaultFullHttpRequest(decodeResult: success, version: HTTP/1.1, content: EmptyByteBufBE)
GET /session/9322485eb720438e45a1ba46031258f9/screenshot HTTP/1.1
User-Agent: selenium/4.1.2 (java windows)
Cache-Control: no-cache
Content-Type: application/json; charset=utf-8
host: localhost:60381
accept: */*

Response DefaultHttpResponse(decodeResult: success, version: HTTP/1.1)
HTTP/1.1 200 OK
Content-Type: application/json; charset=utf-8
cache-control: no-cache
content-length: 27304

21:10:29.028 [AsyncHttpClient-1-11] DEBUG org.asynchttpclient.netty.channel.ChannelManager - Adding key: http://localhost:60381 for channel [id: 0x53e5a95b, L:/127.0.0.1:61479 - R:localhost/127.0.0.1:60381]
21:10:29.029 [main] DEBUG net.serenitybdd.core.photography.Darkroom - Send negative for processing for target\site\serenity\0328d45de955a04ae4253509521c40c7811992fa9bd64531b4257caf3d18872b.png
21:10:29.029 [Darkroom Processing Line] DEBUG net.serenitybdd.core.photography.DarkroomProcessingLine - Processing screenshot image in /var/screenshots/screenshot-2003817210151373480
21:10:29.029 [Darkroom Processing Line] DEBUG net.serenitybdd.core.photography.DarkroomProcessingLine - Saving screenshot to target\site\serenity\0328d45de955a04ae4253509521c40c7811992fa9bd64531b4257caf3d18872b.png
21:10:29.030 [main] INFO  - 
  _____   ___   ___   _____     ___     _     ___   ___   ___   ___  
 |_   _| | __| / __| |_   _|   | _ \   /_\   / __| / __| | __| |   \ 
   | |   | _|  \__ \   | |     |  _/  / _ \  \__ \ \__ \ | _|  | |) |
   |_|   |___| |___/   |_|     |_|   /_/ \_\ |___/ |___/ |___| |___/ 

Login with null email and password
----------------------------------------------------------------------
21:10:29.031 [AsyncHttpClient-1-13] DEBUG org.asynchttpclient.netty.handler.WebSocketHandler - Channel Closed: [id: 0x356dc263, L:/127.0.0.1:61487 ! R:localhost/127.0.0.1:61480] with attribute NettyResponseFuture{currentRetry=5,
	isDone=1,
	isCancelled=0,
	asyncHandler=org.asynchttpclient.ws.WebSocketUpgradeHandler@1d2a6d32,
	nettyRequest=org.asynchttpclient.netty.request.NettyRequest@5828f0f3,
	future=java.util.concurrent.CompletableFuture@5f4f1da2[Completed normally],
	uri=ws://localhost:61480/devtools/browser/7e78072f-1e37-477d-8b93-f9801536b2f6,
	keepAlive=true,
	redirectCount=0,
	timeoutsHolder=null,
	inAuth=0,
	touch=1667916625803}
21:10:29.031 [Driver Command Executor] DEBUG org.asynchttpclient.netty.request.NettyRequestSender - Using pooled Channel '[id: 0x53e5a95b, L:/127.0.0.1:61479 - R:localhost/127.0.0.1:60381]' for 'DELETE' to 'http://localhost:60381/session/9322485eb720438e45a1ba46031258f9'
21:10:29.031 [AsyncHttpClient-1-13] DEBUG org.asynchttpclient.netty.channel.ChannelManager - Closing Channel [id: 0x356dc263, L:/127.0.0.1:61487 ! R:localhost/127.0.0.1:61480] 
21:10:29.031 [Driver Command Executor] DEBUG org.asynchttpclient.netty.request.NettyRequestSender - Using open Channel [id: 0x53e5a95b, L:/127.0.0.1:61479 - R:localhost/127.0.0.1:60381] for DELETE '/session/9322485eb720438e45a1ba46031258f9'
21:10:29.271 [AsyncHttpClient-1-12] DEBUG org.asynchttpclient.netty.handler.HttpHandler - Unexpected I/O exception on channel [id: 0x2776c5b5, L:/127.0.0.1:61486 - R:localhost/127.0.0.1:61480]
java.io.IOException: An existing connection was forcibly closed by the remote host
	at java.base/sun.nio.ch.SocketDispatcher.read0(Native Method)
	at java.base/sun.nio.ch.SocketDispatcher.read(SocketDispatcher.java:43)
	at java.base/sun.nio.ch.IOUtil.readIntoNativeBuffer(IOUtil.java:276)
	at java.base/sun.nio.ch.IOUtil.read(IOUtil.java:233)
	at java.base/sun.nio.ch.IOUtil.read(IOUtil.java:223)
	at java.base/sun.nio.ch.SocketChannelImpl.read(SocketChannelImpl.java:358)
	at io.netty.buffer.PooledByteBuf.setBytes(PooledByteBuf.java:258)
	at io.netty.buffer.AbstractByteBuf.writeBytes(AbstractByteBuf.java:1132)
	at io.netty.channel.socket.nio.NioSocketChannel.doReadBytes(NioSocketChannel.java:350)
	at io.netty.channel.nio.AbstractNioByteChannel$NioByteUnsafe.read(AbstractNioByteChannel.java:151)
	at io.netty.channel.nio.NioEventLoop.processSelectedKey(NioEventLoop.java:722)
	at io.netty.channel.nio.NioEventLoop.processSelectedKeysOptimized(NioEventLoop.java:658)
	at io.netty.channel.nio.NioEventLoop.processSelectedKeys(NioEventLoop.java:584)
	at io.netty.channel.nio.NioEventLoop.run(NioEventLoop.java:496)
	at io.netty.util.concurrent.SingleThreadEventExecutor$4.run(SingleThreadEventExecutor.java:986)
	at io.netty.util.internal.ThreadExecutorMap$2.run(ThreadExecutorMap.java:74)
	at io.netty.util.concurrent.FastThreadLocalRunnable.run(FastThreadLocalRunnable.java:30)
	at java.base/java.lang.Thread.run(Thread.java:834)
21:10:29.271 [AsyncHttpClient-1-12] DEBUG org.asynchttpclient.netty.channel.ChannelManager - Closing Channel [id: 0x2776c5b5, L:/127.0.0.1:61486 - R:localhost/127.0.0.1:61480] 
21:10:29.271 [AsyncHttpClient-1-12] DEBUG org.asynchttpclient.netty.handler.HttpHandler - Channel Closed: [id: 0x2776c5b5, L:/127.0.0.1:61486 ! R:localhost/127.0.0.1:61480] with attribute DISCARD
21:10:29.420 [AsyncHttpClient-1-11] DEBUG org.asynchttpclient.netty.handler.HttpHandler - 

Request DefaultFullHttpRequest(decodeResult: success, version: HTTP/1.1, content: EmptyByteBufBE)
DELETE /session/9322485eb720438e45a1ba46031258f9 HTTP/1.1
User-Agent: selenium/4.1.2 (java windows)
Content-Type: application/json; charset=utf-8
host: localhost:60381
accept: */*

Response DefaultHttpResponse(decodeResult: success, version: HTTP/1.1)
HTTP/1.1 200 OK
Content-Type: application/json; charset=utf-8
cache-control: no-cache
content-length: 14

21:10:29.420 [AsyncHttpClient-1-11] DEBUG org.asynchttpclient.netty.channel.ChannelManager - Adding key: http://localhost:60381 for channel [id: 0x53e5a95b, L:/127.0.0.1:61479 - R:localhost/127.0.0.1:60381]
21:10:29.456 [AsyncHttpClient-1-11] DEBUG org.asynchttpclient.netty.handler.HttpHandler - Channel Closed: [id: 0x53e5a95b, L:/127.0.0.1:61479 ! R:localhost/127.0.0.1:60381] with attribute DISCARD
]]></system-out>
    <system-err><![CDATA[Starting ChromeDriver 106.0.5249.61 (511755355844955cd3e264779baf0dd38212a4d0-refs/branch-heads/5249@{#569}) on port 60381
Only local connections are allowed.
Please see https://chromedriver.chromium.org/security-considerations for suggestions on keeping ChromeDriver safe.
ChromeDriver was started successfully.
[1667916625.716][WARNING]: This version of ChromeDriver has not been tested with Chrome version 107.
Nov 08, 2022 9:10:25 PM org.openqa.selenium.remote.ProtocolHandshake createSession
INFO: Detected dialect: W3C
Nov 08, 2022 9:10:25 PM org.openqa.selenium.devtools.CdpVersionFinder findNearestMatch
WARNING: Unable to find an exact match for CDP version 107, so returning the closest version found: a no-op implementation
Nov 08, 2022 9:10:25 PM org.openqa.selenium.devtools.CdpVersionFinder findNearestMatch
INFO: Unable to find CDP implementation matching 107.
Nov 08, 2022 9:10:25 PM org.openqa.selenium.chromium.ChromiumDriver lambda$new$3
WARNING: Unable to find version of CDP to use for . You may need to include a dependency on a specific version of the CDP using something similar to `org.seleniumhq.selenium:selenium-devtools-v86:4.1.2` where the version ("v86") matches the version of the chromium-based browser you're using and the version number of the artifact is the same as Selenium's.
]]></system-err>
  </testcase>
  <testcase name="Login with valid email and password" classname="Login" time="3.487">
    <system-out><![CDATA[
@Login
Scenario: Login with valid email and password &amp#27;[90m# src/test/resources/features/login.feature:14&amp#27;[0m
21:10:29.529 [main] INFO io.cucumber.core.plugin.SerenityReporter - Running feature from file:///D:/miniproject/webtesting/src/test/resources/features/login.feature
21:10:29.532 [main] INFO  - 
  _____   ___   ___   _____     ___   _____     _     ___   _____   ___   ___  
 |_   _| | __| / __| |_   _|   / __| |_   _|   /_\   | _ \ |_   _| | __| |   \ 
   | |   | _|  \__ \   | |     \__ \   | |    / _ \  |   /   | |   | _|  | |) |
   |_|   |___| |___/   |_|     |___/   |_|   /_/ \_\ |_|_\   |_|   |___| |___/ 

Login with valid email and password(login;login-with-valid-email-and-password)
--------------------------------------------------------------------------------
21:10:29.557 [main] INFO net.serenitybdd.core.webdriver.driverproviders.ChromeDriverProvider - Using automatically driver download
21:10:29.673 [main] DEBUG io.github.bonigarcia.wdm.cache.ResolutionCache - Resolution chrome=107 in cache (valid until 22:09:52 08/11/2022 ICT)
21:10:29.678 [main] DEBUG io.github.bonigarcia.wdm.cache.ResolutionCache - Resolution chrome107=107.0.5304.62 in cache (valid until 21:09:52 09/11/2022 ICT)
21:10:29.680 [main] INFO io.github.bonigarcia.wdm.WebDriverManager - Using chromedriver 107.0.5304.62 (resolved driver for Chrome 107)
21:10:29.696 [main] DEBUG io.github.bonigarcia.wdm.WebDriverManager - Driver chromedriver 107.0.5304.62 found in cache
21:10:29.696 [main] INFO io.github.bonigarcia.wdm.WebDriverManager - Exporting webdriver.chrome.driver as C:\Users\Yusuf Efendi\.cache\selenium\chromedriver\win32\107.0.5304.62\chromedriver.exe
21:10:29.804 [main] DEBUG net.serenitybdd.core.webdriver.driverproviders.ProvideNewDriver - Instantiating driver
21:10:29.804 [main] DEBUG net.serenitybdd.core.webdriver.driverproviders.ProvideNewDriver - Driver capabilities: Capabilities {acceptInsecureCerts: false, base.url: https://alta-shop.vercel.app, browserName: chrome, chrome.driver: src/test/resources/webdrive..., driver: chrome, goog:chromeOptions: {args: [], extensions: []}, wait.for.timeout: 7000}
21:10:29.825 [AsyncHttpClient-1-1] DEBUG org.asynchttpclient.netty.channel.DefaultChannelPool - Entry count for : http://localhost:61480 : 1
21:10:29.825 [AsyncHttpClient-1-1] DEBUG org.asynchttpclient.netty.channel.DefaultChannelPool - Entry count for : http://localhost:60381 : 1
21:10:29.825 [AsyncHttpClient-1-1] DEBUG org.asynchttpclient.netty.channel.DefaultChannelPool - Adding Candidate expired Channel [id: 0x2776c5b5, L:/127.0.0.1:61486 ! R:localhost/127.0.0.1:61480] isIdleTimeoutExpired=false isRemotelyClosed=true isTtlExpired=false
21:10:29.825 [AsyncHttpClient-1-1] DEBUG org.asynchttpclient.netty.channel.DefaultChannelPool - Closing Idle Channel [id: 0x2776c5b5, L:/127.0.0.1:61486 ! R:localhost/127.0.0.1:61480]
21:10:29.825 [AsyncHttpClient-1-1] DEBUG org.asynchttpclient.netty.channel.DefaultChannelPool - Adding Candidate expired Channel [id: 0x53e5a95b, L:/127.0.0.1:61479 ! R:localhost/127.0.0.1:60381] isIdleTimeoutExpired=false isRemotelyClosed=true isTtlExpired=false
21:10:29.825 [AsyncHttpClient-1-1] DEBUG org.asynchttpclient.netty.channel.DefaultChannelPool - Closing Idle Channel [id: 0x53e5a95b, L:/127.0.0.1:61479 ! R:localhost/127.0.0.1:60381]
21:10:29.825 [AsyncHttpClient-1-1] DEBUG org.asynchttpclient.netty.channel.DefaultChannelPool - Closed 2 connections out of 2 in 0 ms
21:10:29.930 [AsyncHttpClient-1-14] DEBUG org.asynchttpclient.netty.channel.NettyConnectListener - Using new Channel '[id: 0x3d09363e, L:/127.0.0.1:61512 - R:localhost/127.0.0.1:61365]' for 'POST' to '/session'
21:10:30.719 [AsyncHttpClient-1-14] DEBUG org.asynchttpclient.netty.handler.HttpHandler - 

Request DefaultHttpRequest(decodeResult: success, version: HTTP/1.1)
POST /session HTTP/1.1
User-Agent: selenium/4.1.2 (java windows)
Content-Length: 639
Content-Type: application/json; charset=utf-8
host: localhost:61365
accept: */*

Response DefaultHttpResponse(decodeResult: success, version: HTTP/1.1)
HTTP/1.1 200 OK
Content-Type: application/json; charset=utf-8
cache-control: no-cache
content-length: 792

21:10:30.720 [AsyncHttpClient-1-14] DEBUG org.asynchttpclient.netty.channel.ChannelManager - Adding key: http://localhost:61365 for channel [id: 0x3d09363e, L:/127.0.0.1:61512 - R:localhost/127.0.0.1:61365]
21:10:30.732 [AsyncHttpClient-1-15] DEBUG org.asynchttpclient.netty.channel.NettyConnectListener - Using new Channel '[id: 0x60282d56, L:/127.0.0.1:61520 - R:localhost/127.0.0.1:61514]' for 'GET' to '/json/version'
21:10:30.744 [AsyncHttpClient-1-15] DEBUG org.asynchttpclient.netty.handler.HttpHandler - 

Request DefaultFullHttpRequest(decodeResult: success, version: HTTP/1.1, content: EmptyByteBufBE)
GET /json/version HTTP/1.1
User-Agent: selenium/4.1.2 (java windows)
host: localhost:61514
accept: */*

Response DefaultHttpResponse(decodeResult: success, version: HTTP/1.1)
HTTP/1.1 200 OK
Content-Type: application/json; charset=UTF-8
content-length: 423

21:10:30.745 [AsyncHttpClient-1-15] DEBUG org.asynchttpclient.netty.channel.ChannelManager - Adding key: http://localhost:61514 for channel [id: 0x60282d56, L:/127.0.0.1:61520 - R:localhost/127.0.0.1:61514]
21:10:30.750 [AsyncHttpClient-1-16] DEBUG org.asynchttpclient.netty.channel.NettyConnectListener - Using new Channel '[id: 0x60d93d9c, L:/127.0.0.1:61521 - R:localhost/127.0.0.1:61514]' for 'GET' to '/devtools/browser/1faf2e98-703d-44e8-ba91-a0385ea7feea'
21:10:30.759 [AsyncHttpClient-1-16] DEBUG org.asynchttpclient.netty.handler.WebSocketHandler - 

Request DefaultFullHttpRequest(decodeResult: success, version: HTTP/1.1, content: EmptyByteBufBE)
GET /devtools/browser/1faf2e98-703d-44e8-ba91-a0385ea7feea HTTP/1.1
upgrade: websocket
connection: upgrade
sec-websocket-key: ksg4o+YdtubIHWtm7PWjcA==
sec-websocket-version: 13
origin: http://localhost:61514
host: localhost:61514
accept: */*
user-agent: AHC/2.1

Response DefaultHttpResponse(decodeResult: success, version: HTTP/1.1)
HTTP/1.1 101 WebSocket Protocol Handshake
Upgrade: WebSocket
Connection: Upgrade
Sec-WebSocket-Accept: yarnRDC4N/fm1RtmQY1e9LGMMzw=

21:10:30.766 [Forwarding get on session 639540e6b500d524b69e5ce532f8c209 to remote] DEBUG org.asynchttpclient.netty.request.NettyRequestSender - Using pooled Channel '[id: 0x3d09363e, L:/127.0.0.1:61512 - R:localhost/127.0.0.1:61365]' for 'POST' to 'http://localhost:61365/session/639540e6b500d524b69e5ce532f8c209/url'
21:10:30.766 [Forwarding get on session 639540e6b500d524b69e5ce532f8c209 to remote] DEBUG org.asynchttpclient.netty.request.NettyRequestSender - Using open Channel [id: 0x3d09363e, L:/127.0.0.1:61512 - R:localhost/127.0.0.1:61365] for POST '/session/639540e6b500d524b69e5ce532f8c209/url'
21:10:30.918 [AsyncHttpClient-1-1] DEBUG org.asynchttpclient.netty.channel.DefaultChannelPool - Entry count for : http://localhost:61514 : 1
21:10:31.571 [AsyncHttpClient-1-14] DEBUG org.asynchttpclient.netty.handler.HttpHandler - 

Request DefaultHttpRequest(decodeResult: success, version: HTTP/1.1)
POST /session/639540e6b500d524b69e5ce532f8c209/url HTTP/1.1
User-Agent: selenium/4.1.2 (java windows)
Content-Length: 74
Content-Type: application/json; charset=utf-8
host: localhost:61365
accept: */*

Response DefaultHttpResponse(decodeResult: success, version: HTTP/1.1)
HTTP/1.1 200 OK
Content-Type: application/json; charset=utf-8
cache-control: no-cache
content-length: 14

21:10:31.572 [AsyncHttpClient-1-14] DEBUG org.asynchttpclient.netty.channel.ChannelManager - Adding key: http://localhost:61365 for channel [id: 0x3d09363e, L:/127.0.0.1:61512 - R:localhost/127.0.0.1:61365]
21:10:31.576 [Forwarding setTimeout on session 639540e6b500d524b69e5ce532f8c209 to remote] DEBUG org.asynchttpclient.netty.request.NettyRequestSender - Using pooled Channel '[id: 0x3d09363e, L:/127.0.0.1:61512 - R:localhost/127.0.0.1:61365]' for 'POST' to 'http://localhost:61365/session/639540e6b500d524b69e5ce532f8c209/timeouts'
21:10:31.577 [Forwarding setTimeout on session 639540e6b500d524b69e5ce532f8c209 to remote] DEBUG org.asynchttpclient.netty.request.NettyRequestSender - Using open Channel [id: 0x3d09363e, L:/127.0.0.1:61512 - R:localhost/127.0.0.1:61365] for POST '/session/639540e6b500d524b69e5ce532f8c209/timeouts'
21:10:31.578 [AsyncHttpClient-1-14] DEBUG org.asynchttpclient.netty.handler.HttpHandler - 

Request DefaultHttpRequest(decodeResult: success, version: HTTP/1.1)
POST /session/639540e6b500d524b69e5ce532f8c209/timeouts HTTP/1.1
User-Agent: selenium/4.1.2 (java windows)
Content-Length: 22
Content-Type: application/json; charset=utf-8
host: localhost:61365
accept: */*

Response DefaultHttpResponse(decodeResult: success, version: HTTP/1.1)
HTTP/1.1 200 OK
Content-Type: application/json; charset=utf-8
cache-control: no-cache
content-length: 14

21:10:31.579 [AsyncHttpClient-1-14] DEBUG org.asynchttpclient.netty.channel.ChannelManager - Adding key: http://localhost:61365 for channel [id: 0x3d09363e, L:/127.0.0.1:61512 - R:localhost/127.0.0.1:61365]
21:10:31.585 [Forwarding getCurrentUrl on session 639540e6b500d524b69e5ce532f8c209 to remote] DEBUG org.asynchttpclient.netty.request.NettyRequestSender - Using pooled Channel '[id: 0x3d09363e, L:/127.0.0.1:61512 - R:localhost/127.0.0.1:61365]' for 'GET' to 'http://localhost:61365/session/639540e6b500d524b69e5ce532f8c209/url'
21:10:31.585 [Forwarding getCurrentUrl on session 639540e6b500d524b69e5ce532f8c209 to remote] DEBUG org.asynchttpclient.netty.request.NettyRequestSender - Using open Channel [id: 0x3d09363e, L:/127.0.0.1:61512 - R:localhost/127.0.0.1:61365] for GET '/session/639540e6b500d524b69e5ce532f8c209/url'
21:10:31.593 [AsyncHttpClient-1-14] DEBUG org.asynchttpclient.netty.handler.HttpHandler - 

Request DefaultFullHttpRequest(decodeResult: success, version: HTTP/1.1, content: EmptyByteBufBE)
GET /session/639540e6b500d524b69e5ce532f8c209/url HTTP/1.1
User-Agent: selenium/4.1.2 (java windows)
Cache-Control: no-cache
Content-Type: application/json; charset=utf-8
host: localhost:61365
accept: */*

Response DefaultHttpResponse(decodeResult: success, version: HTTP/1.1)
HTTP/1.1 200 OK
Content-Type: application/json; charset=utf-8
cache-control: no-cache
content-length: 51

21:10:31.593 [AsyncHttpClient-1-14] DEBUG org.asynchttpclient.netty.channel.ChannelManager - Adding key: http://localhost:61365 for channel [id: 0x3d09363e, L:/127.0.0.1:61512 - R:localhost/127.0.0.1:61365]
  &amp#27;[32mGiven &amp#27;[0m&amp#27;[32mI am on the login page&amp#27;[0m                &amp#27;[90m# starter.stepdefinitions.LoginStep.iAmOnTheLoginPage()&amp#27;[0m
21:10:31.601 [Forwarding screenshot on session 639540e6b500d524b69e5ce532f8c209 to remote] DEBUG org.asynchttpclient.netty.request.NettyRequestSender - Using pooled Channel '[id: 0x3d09363e, L:/127.0.0.1:61512 - R:localhost/127.0.0.1:61365]' for 'GET' to 'http://localhost:61365/session/639540e6b500d524b69e5ce532f8c209/screenshot'
21:10:31.601 [Forwarding screenshot on session 639540e6b500d524b69e5ce532f8c209 to remote] DEBUG org.asynchttpclient.netty.request.NettyRequestSender - Using open Channel [id: 0x3d09363e, L:/127.0.0.1:61512 - R:localhost/127.0.0.1:61365] for GET '/session/639540e6b500d524b69e5ce532f8c209/screenshot'
21:10:31.861 [AsyncHttpClient-1-14] DEBUG org.asynchttpclient.netty.handler.HttpHandler - 

Request DefaultFullHttpRequest(decodeResult: success, version: HTTP/1.1, content: EmptyByteBufBE)
GET /session/639540e6b500d524b69e5ce532f8c209/screenshot HTTP/1.1
User-Agent: selenium/4.1.2 (java windows)
Cache-Control: no-cache
Content-Type: application/json; charset=utf-8
host: localhost:61365
accept: */*

Response DefaultHttpResponse(decodeResult: success, version: HTTP/1.1)
HTTP/1.1 200 OK
Content-Type: application/json; charset=utf-8
cache-control: no-cache
content-length: 22956

21:10:31.862 [AsyncHttpClient-1-14] DEBUG org.asynchttpclient.netty.channel.ChannelManager - Adding key: http://localhost:61365 for channel [id: 0x3d09363e, L:/127.0.0.1:61512 - R:localhost/127.0.0.1:61365]
21:10:31.864 [main] DEBUG net.serenitybdd.core.photography.Darkroom - Send negative for processing for target\site\serenity\aee116daef9f70687dbaee6bc527f5648618468770bbd8309c15c6b66fad3d98.png
21:10:31.872 [Forwarding findElement on session 639540e6b500d524b69e5ce532f8c209 to remote] DEBUG org.asynchttpclient.netty.request.NettyRequestSender - Using pooled Channel '[id: 0x3d09363e, L:/127.0.0.1:61512 - R:localhost/127.0.0.1:61365]' for 'POST' to 'http://localhost:61365/session/639540e6b500d524b69e5ce532f8c209/element'
21:10:31.872 [Forwarding findElement on session 639540e6b500d524b69e5ce532f8c209 to remote] DEBUG org.asynchttpclient.netty.request.NettyRequestSender - Using open Channel [id: 0x3d09363e, L:/127.0.0.1:61512 - R:localhost/127.0.0.1:61365] for POST '/session/639540e6b500d524b69e5ce532f8c209/element'
21:10:31.886 [AsyncHttpClient-1-14] DEBUG org.asynchttpclient.netty.handler.HttpHandler - 

Request DefaultHttpRequest(decodeResult: success, version: HTTP/1.1)
POST /session/639540e6b500d524b69e5ce532f8c209/element HTTP/1.1
User-Agent: selenium/4.1.2 (java windows)
Content-Length: 86
Content-Type: application/json; charset=utf-8
host: localhost:61365
accept: */*

Response DefaultHttpResponse(decodeResult: success, version: HTTP/1.1)
HTTP/1.1 200 OK
Content-Type: application/json; charset=utf-8
cache-control: no-cache
content-length: 88

21:10:31.886 [AsyncHttpClient-1-14] DEBUG org.asynchttpclient.netty.channel.ChannelManager - Adding key: http://localhost:61365 for channel [id: 0x3d09363e, L:/127.0.0.1:61512 - R:localhost/127.0.0.1:61365]
21:10:31.889 [Forwarding clearElement on session 639540e6b500d524b69e5ce532f8c209 to remote] DEBUG org.asynchttpclient.netty.request.NettyRequestSender - Using pooled Channel '[id: 0x3d09363e, L:/127.0.0.1:61512 - R:localhost/127.0.0.1:61365]' for 'POST' to 'http://localhost:61365/session/639540e6b500d524b69e5ce532f8c209/element/450f2c95-1176-4c5f-9497-e5875aff80c9/clear'
21:10:31.889 [Forwarding clearElement on session 639540e6b500d524b69e5ce532f8c209 to remote] DEBUG org.asynchttpclient.netty.request.NettyRequestSender - Using open Channel [id: 0x3d09363e, L:/127.0.0.1:61512 - R:localhost/127.0.0.1:61365] for POST '/session/639540e6b500d524b69e5ce532f8c209/element/450f2c95-1176-4c5f-9497-e5875aff80c9/clear'
21:10:31.927 [AsyncHttpClient-1-14] DEBUG org.asynchttpclient.netty.handler.HttpHandler - 

Request DefaultHttpRequest(decodeResult: success, version: HTTP/1.1)
POST /session/639540e6b500d524b69e5ce532f8c209/element/450f2c95-1176-4c5f-9497-e5875aff80c9/clear HTTP/1.1
User-Agent: selenium/4.1.2 (java windows)
Content-Length: 50
Content-Type: application/json; charset=utf-8
host: localhost:61365
accept: */*

Response DefaultHttpResponse(decodeResult: success, version: HTTP/1.1)
HTTP/1.1 200 OK
Content-Type: application/json; charset=utf-8
cache-control: no-cache
content-length: 14

21:10:31.927 [AsyncHttpClient-1-14] DEBUG org.asynchttpclient.netty.channel.ChannelManager - Adding key: http://localhost:61365 for channel [id: 0x3d09363e, L:/127.0.0.1:61512 - R:localhost/127.0.0.1:61365]
21:10:31.928 [Forwarding sendKeysToElement on session 639540e6b500d524b69e5ce532f8c209 to remote] DEBUG org.asynchttpclient.netty.request.NettyRequestSender - Using pooled Channel '[id: 0x3d09363e, L:/127.0.0.1:61512 - R:localhost/127.0.0.1:61365]' for 'POST' to 'http://localhost:61365/session/639540e6b500d524b69e5ce532f8c209/element/450f2c95-1176-4c5f-9497-e5875aff80c9/value'
21:10:31.929 [Forwarding sendKeysToElement on session 639540e6b500d524b69e5ce532f8c209 to remote] DEBUG org.asynchttpclient.netty.request.NettyRequestSender - Using open Channel [id: 0x3d09363e, L:/127.0.0.1:61512 - R:localhost/127.0.0.1:61365] for POST '/session/639540e6b500d524b69e5ce532f8c209/element/450f2c95-1176-4c5f-9497-e5875aff80c9/value'
21:10:32.025 [AsyncHttpClient-1-1] DEBUG org.asynchttpclient.netty.channel.DefaultChannelPool - Entry count for : http://localhost:61514 : 1
21:10:32.109 [AsyncHttpClient-1-14] DEBUG org.asynchttpclient.netty.handler.HttpHandler - 

Request DefaultHttpRequest(decodeResult: success, version: HTTP/1.1)
POST /session/639540e6b500d524b69e5ce532f8c209/element/450f2c95-1176-4c5f-9497-e5875aff80c9/value HTTP/1.1
User-Agent: selenium/4.1.2 (java windows)
Content-Length: 271
Content-Type: application/json; charset=utf-8
host: localhost:61365
accept: */*

Response DefaultHttpResponse(decodeResult: success, version: HTTP/1.1)
HTTP/1.1 200 OK
Content-Type: application/json; charset=utf-8
cache-control: no-cache
content-length: 14

21:10:32.109 [AsyncHttpClient-1-14] DEBUG org.asynchttpclient.netty.channel.ChannelManager - Adding key: http://localhost:61365 for channel [id: 0x3d09363e, L:/127.0.0.1:61512 - R:localhost/127.0.0.1:61365]
  &amp#27;[32mWhen &amp#27;[0m&amp#27;[32mI input valid email&amp#27;[0m                    &amp#27;[90m# starter.stepdefinitions.LoginStep.iInputValidEmail()&amp#27;[0m
21:10:32.120 [Forwarding screenshot on session 639540e6b500d524b69e5ce532f8c209 to remote] DEBUG org.asynchttpclient.netty.request.NettyRequestSender - Using pooled Channel '[id: 0x3d09363e, L:/127.0.0.1:61512 - R:localhost/127.0.0.1:61365]' for 'GET' to 'http://localhost:61365/session/639540e6b500d524b69e5ce532f8c209/screenshot'
21:10:32.120 [Forwarding screenshot on session 639540e6b500d524b69e5ce532f8c209 to remote] DEBUG org.asynchttpclient.netty.request.NettyRequestSender - Using open Channel [id: 0x3d09363e, L:/127.0.0.1:61512 - R:localhost/127.0.0.1:61365] for GET '/session/639540e6b500d524b69e5ce532f8c209/screenshot'
21:10:32.263 [AsyncHttpClient-1-14] DEBUG org.asynchttpclient.netty.handler.HttpHandler - 

Request DefaultFullHttpRequest(decodeResult: success, version: HTTP/1.1, content: EmptyByteBufBE)
GET /session/639540e6b500d524b69e5ce532f8c209/screenshot HTTP/1.1
User-Agent: selenium/4.1.2 (java windows)
Cache-Control: no-cache
Content-Type: application/json; charset=utf-8
host: localhost:61365
accept: */*

Response DefaultHttpResponse(decodeResult: success, version: HTTP/1.1)
HTTP/1.1 200 OK
Content-Type: application/json; charset=utf-8
cache-control: no-cache
content-length: 28188

21:10:32.263 [AsyncHttpClient-1-14] DEBUG org.asynchttpclient.netty.channel.ChannelManager - Adding key: http://localhost:61365 for channel [id: 0x3d09363e, L:/127.0.0.1:61512 - R:localhost/127.0.0.1:61365]
21:10:32.265 [main] DEBUG net.serenitybdd.core.photography.Darkroom - Send negative for processing for target\site\serenity\a746a015146548a094eb110e4d52035ba0daa3d4f12ea73502dc904371a03370.png
21:10:32.265 [Darkroom Processing Line] DEBUG net.serenitybdd.core.photography.DarkroomProcessingLine - Processing screenshot image in /var/screenshots/screenshot-9858553199527520993
21:10:32.265 [Darkroom Processing Line] DEBUG net.serenitybdd.core.photography.DarkroomProcessingLine - Saving screenshot to target\site\serenity\a746a015146548a094eb110e4d52035ba0daa3d4f12ea73502dc904371a03370.png
21:10:32.274 [Forwarding findElement on session 639540e6b500d524b69e5ce532f8c209 to remote] DEBUG org.asynchttpclient.netty.request.NettyRequestSender - Using pooled Channel '[id: 0x3d09363e, L:/127.0.0.1:61512 - R:localhost/127.0.0.1:61365]' for 'POST' to 'http://localhost:61365/session/639540e6b500d524b69e5ce532f8c209/element'
21:10:32.274 [Forwarding findElement on session 639540e6b500d524b69e5ce532f8c209 to remote] DEBUG org.asynchttpclient.netty.request.NettyRequestSender - Using open Channel [id: 0x3d09363e, L:/127.0.0.1:61512 - R:localhost/127.0.0.1:61365] for POST '/session/639540e6b500d524b69e5ce532f8c209/element'
21:10:32.289 [AsyncHttpClient-1-14] DEBUG org.asynchttpclient.netty.handler.HttpHandler - 

Request DefaultHttpRequest(decodeResult: success, version: HTTP/1.1)
POST /session/639540e6b500d524b69e5ce532f8c209/element HTTP/1.1
User-Agent: selenium/4.1.2 (java windows)
Content-Length: 89
Content-Type: application/json; charset=utf-8
host: localhost:61365
accept: */*

Response DefaultHttpResponse(decodeResult: success, version: HTTP/1.1)
HTTP/1.1 200 OK
Content-Type: application/json; charset=utf-8
cache-control: no-cache
content-length: 88

21:10:32.289 [AsyncHttpClient-1-14] DEBUG org.asynchttpclient.netty.channel.ChannelManager - Adding key: http://localhost:61365 for channel [id: 0x3d09363e, L:/127.0.0.1:61512 - R:localhost/127.0.0.1:61365]
21:10:32.291 [Forwarding clearElement on session 639540e6b500d524b69e5ce532f8c209 to remote] DEBUG org.asynchttpclient.netty.request.NettyRequestSender - Using pooled Channel '[id: 0x3d09363e, L:/127.0.0.1:61512 - R:localhost/127.0.0.1:61365]' for 'POST' to 'http://localhost:61365/session/639540e6b500d524b69e5ce532f8c209/element/f44ccab5-ef46-4b9c-b815-2427fcf2fe0d/clear'
21:10:32.291 [Forwarding clearElement on session 639540e6b500d524b69e5ce532f8c209 to remote] DEBUG org.asynchttpclient.netty.request.NettyRequestSender - Using open Channel [id: 0x3d09363e, L:/127.0.0.1:61512 - R:localhost/127.0.0.1:61365] for POST '/session/639540e6b500d524b69e5ce532f8c209/element/f44ccab5-ef46-4b9c-b815-2427fcf2fe0d/clear'
21:10:32.336 [AsyncHttpClient-1-14] DEBUG org.asynchttpclient.netty.handler.HttpHandler - 

Request DefaultHttpRequest(decodeResult: success, version: HTTP/1.1)
POST /session/639540e6b500d524b69e5ce532f8c209/element/f44ccab5-ef46-4b9c-b815-2427fcf2fe0d/clear HTTP/1.1
User-Agent: selenium/4.1.2 (java windows)
Content-Length: 50
Content-Type: application/json; charset=utf-8
host: localhost:61365
accept: */*

Response DefaultHttpResponse(decodeResult: success, version: HTTP/1.1)
HTTP/1.1 200 OK
Content-Type: application/json; charset=utf-8
cache-control: no-cache
content-length: 14

21:10:32.336 [AsyncHttpClient-1-14] DEBUG org.asynchttpclient.netty.channel.ChannelManager - Adding key: http://localhost:61365 for channel [id: 0x3d09363e, L:/127.0.0.1:61512 - R:localhost/127.0.0.1:61365]
21:10:32.338 [Forwarding sendKeysToElement on session 639540e6b500d524b69e5ce532f8c209 to remote] DEBUG org.asynchttpclient.netty.request.NettyRequestSender - Using pooled Channel '[id: 0x3d09363e, L:/127.0.0.1:61512 - R:localhost/127.0.0.1:61365]' for 'POST' to 'http://localhost:61365/session/639540e6b500d524b69e5ce532f8c209/element/f44ccab5-ef46-4b9c-b815-2427fcf2fe0d/value'
21:10:32.339 [Forwarding sendKeysToElement on session 639540e6b500d524b69e5ce532f8c209 to remote] DEBUG org.asynchttpclient.netty.request.NettyRequestSender - Using open Channel [id: 0x3d09363e, L:/127.0.0.1:61512 - R:localhost/127.0.0.1:61365] for POST '/session/639540e6b500d524b69e5ce532f8c209/element/f44ccab5-ef46-4b9c-b815-2427fcf2fe0d/value'
21:10:32.457 [AsyncHttpClient-1-14] DEBUG org.asynchttpclient.netty.handler.HttpHandler - 

Request DefaultHttpRequest(decodeResult: success, version: HTTP/1.1)
POST /session/639540e6b500d524b69e5ce532f8c209/element/f44ccab5-ef46-4b9c-b815-2427fcf2fe0d/value HTTP/1.1
User-Agent: selenium/4.1.2 (java windows)
Content-Length: 181
Content-Type: application/json; charset=utf-8
host: localhost:61365
accept: */*

Response DefaultHttpResponse(decodeResult: success, version: HTTP/1.1)
HTTP/1.1 200 OK
Content-Type: application/json; charset=utf-8
cache-control: no-cache
content-length: 14

21:10:32.457 [AsyncHttpClient-1-14] DEBUG org.asynchttpclient.netty.channel.ChannelManager - Adding key: http://localhost:61365 for channel [id: 0x3d09363e, L:/127.0.0.1:61512 - R:localhost/127.0.0.1:61365]
  &amp#27;[32mAnd &amp#27;[0m&amp#27;[32mI input valid password&amp#27;[0m                  &amp#27;[90m# starter.stepdefinitions.LoginStep.iInputValidPassword()&amp#27;[0m
21:10:32.469 [Forwarding screenshot on session 639540e6b500d524b69e5ce532f8c209 to remote] DEBUG org.asynchttpclient.netty.request.NettyRequestSender - Using pooled Channel '[id: 0x3d09363e, L:/127.0.0.1:61512 - R:localhost/127.0.0.1:61365]' for 'GET' to 'http://localhost:61365/session/639540e6b500d524b69e5ce532f8c209/screenshot'
21:10:32.469 [Forwarding screenshot on session 639540e6b500d524b69e5ce532f8c209 to remote] DEBUG org.asynchttpclient.netty.request.NettyRequestSender - Using open Channel [id: 0x3d09363e, L:/127.0.0.1:61512 - R:localhost/127.0.0.1:61365] for GET '/session/639540e6b500d524b69e5ce532f8c209/screenshot'
21:10:32.616 [AsyncHttpClient-1-14] DEBUG org.asynchttpclient.netty.handler.HttpHandler - 

Request DefaultFullHttpRequest(decodeResult: success, version: HTTP/1.1, content: EmptyByteBufBE)
GET /session/639540e6b500d524b69e5ce532f8c209/screenshot HTTP/1.1
User-Agent: selenium/4.1.2 (java windows)
Cache-Control: no-cache
Content-Type: application/json; charset=utf-8
host: localhost:61365
accept: */*

Response DefaultHttpResponse(decodeResult: success, version: HTTP/1.1)
HTTP/1.1 200 OK
Content-Type: application/json; charset=utf-8
cache-control: no-cache
content-length: 30392

21:10:32.616 [AsyncHttpClient-1-14] DEBUG org.asynchttpclient.netty.channel.ChannelManager - Adding key: http://localhost:61365 for channel [id: 0x3d09363e, L:/127.0.0.1:61512 - R:localhost/127.0.0.1:61365]
21:10:32.619 [main] DEBUG net.serenitybdd.core.photography.Darkroom - Send negative for processing for target\site\serenity\7b62e10cf25abfc07293d84f0e13c3629970485cbf7925f30f97d67039667ed2.png
21:10:32.619 [Darkroom Processing Line] DEBUG net.serenitybdd.core.photography.DarkroomProcessingLine - Processing screenshot image in /var/screenshots/screenshot-401316896545241016
21:10:32.620 [Darkroom Processing Line] DEBUG net.serenitybdd.core.photography.DarkroomProcessingLine - Saving screenshot to target\site\serenity\7b62e10cf25abfc07293d84f0e13c3629970485cbf7925f30f97d67039667ed2.png
21:10:32.628 [Forwarding findElement on session 639540e6b500d524b69e5ce532f8c209 to remote] DEBUG org.asynchttpclient.netty.request.NettyRequestSender - Using pooled Channel '[id: 0x3d09363e, L:/127.0.0.1:61512 - R:localhost/127.0.0.1:61365]' for 'POST' to 'http://localhost:61365/session/639540e6b500d524b69e5ce532f8c209/element'
21:10:32.628 [Forwarding findElement on session 639540e6b500d524b69e5ce532f8c209 to remote] DEBUG org.asynchttpclient.netty.request.NettyRequestSender - Using open Channel [id: 0x3d09363e, L:/127.0.0.1:61512 - R:localhost/127.0.0.1:61365] for POST '/session/639540e6b500d524b69e5ce532f8c209/element'
21:10:32.643 [AsyncHttpClient-1-14] DEBUG org.asynchttpclient.netty.handler.HttpHandler - 

Request DefaultHttpRequest(decodeResult: success, version: HTTP/1.1)
POST /session/639540e6b500d524b69e5ce532f8c209/element HTTP/1.1
User-Agent: selenium/4.1.2 (java windows)
Content-Length: 83
Content-Type: application/json; charset=utf-8
host: localhost:61365
accept: */*

Response DefaultHttpResponse(decodeResult: success, version: HTTP/1.1)
HTTP/1.1 200 OK
Content-Type: application/json; charset=utf-8
cache-control: no-cache
content-length: 88

21:10:32.644 [AsyncHttpClient-1-14] DEBUG org.asynchttpclient.netty.channel.ChannelManager - Adding key: http://localhost:61365 for channel [id: 0x3d09363e, L:/127.0.0.1:61512 - R:localhost/127.0.0.1:61365]
21:10:32.645 [Forwarding getElementTagName on session 639540e6b500d524b69e5ce532f8c209 to remote] DEBUG org.asynchttpclient.netty.request.NettyRequestSender - Using pooled Channel '[id: 0x3d09363e, L:/127.0.0.1:61512 - R:localhost/127.0.0.1:61365]' for 'GET' to 'http://localhost:61365/session/639540e6b500d524b69e5ce532f8c209/element/9fca4350-1f0b-45a0-8c4f-8eba2dfa967e/name'
21:10:32.645 [Forwarding getElementTagName on session 639540e6b500d524b69e5ce532f8c209 to remote] DEBUG org.asynchttpclient.netty.request.NettyRequestSender - Using open Channel [id: 0x3d09363e, L:/127.0.0.1:61512 - R:localhost/127.0.0.1:61365] for GET '/session/639540e6b500d524b69e5ce532f8c209/element/9fca4350-1f0b-45a0-8c4f-8eba2dfa967e/name'
21:10:32.649 [AsyncHttpClient-1-14] DEBUG org.asynchttpclient.netty.handler.HttpHandler - 

Request DefaultFullHttpRequest(decodeResult: success, version: HTTP/1.1, content: EmptyByteBufBE)
GET /session/639540e6b500d524b69e5ce532f8c209/element/9fca4350-1f0b-45a0-8c4f-8eba2dfa967e/name HTTP/1.1
User-Agent: selenium/4.1.2 (java windows)
Cache-Control: no-cache
Content-Type: application/json; charset=utf-8
host: localhost:61365
accept: */*

Response DefaultHttpResponse(decodeResult: success, version: HTTP/1.1)
HTTP/1.1 200 OK
Content-Type: application/json; charset=utf-8
cache-control: no-cache
content-length: 16

21:10:32.651 [AsyncHttpClient-1-14] DEBUG org.asynchttpclient.netty.channel.ChannelManager - Adding key: http://localhost:61365 for channel [id: 0x3d09363e, L:/127.0.0.1:61512 - R:localhost/127.0.0.1:61365]
21:10:32.653 [Forwarding getElementTagName on session 639540e6b500d524b69e5ce532f8c209 to remote] DEBUG org.asynchttpclient.netty.request.NettyRequestSender - Using pooled Channel '[id: 0x3d09363e, L:/127.0.0.1:61512 - R:localhost/127.0.0.1:61365]' for 'GET' to 'http://localhost:61365/session/639540e6b500d524b69e5ce532f8c209/element/9fca4350-1f0b-45a0-8c4f-8eba2dfa967e/name'
21:10:32.653 [Forwarding getElementTagName on session 639540e6b500d524b69e5ce532f8c209 to remote] DEBUG org.asynchttpclient.netty.request.NettyRequestSender - Using open Channel [id: 0x3d09363e, L:/127.0.0.1:61512 - R:localhost/127.0.0.1:61365] for GET '/session/639540e6b500d524b69e5ce532f8c209/element/9fca4350-1f0b-45a0-8c4f-8eba2dfa967e/name'
21:10:32.657 [AsyncHttpClient-1-14] DEBUG org.asynchttpclient.netty.handler.HttpHandler - 

Request DefaultFullHttpRequest(decodeResult: success, version: HTTP/1.1, content: EmptyByteBufBE)
GET /session/639540e6b500d524b69e5ce532f8c209/element/9fca4350-1f0b-45a0-8c4f-8eba2dfa967e/name HTTP/1.1
User-Agent: selenium/4.1.2 (java windows)
Cache-Control: no-cache
Content-Type: application/json; charset=utf-8
host: localhost:61365
accept: */*

Response DefaultHttpResponse(decodeResult: success, version: HTTP/1.1)
HTTP/1.1 200 OK
Content-Type: application/json; charset=utf-8
cache-control: no-cache
content-length: 16

21:10:32.657 [AsyncHttpClient-1-14] DEBUG org.asynchttpclient.netty.channel.ChannelManager - Adding key: http://localhost:61365 for channel [id: 0x3d09363e, L:/127.0.0.1:61512 - R:localhost/127.0.0.1:61365]
21:10:32.658 [Forwarding findElement on session 639540e6b500d524b69e5ce532f8c209 to remote] DEBUG org.asynchttpclient.netty.request.NettyRequestSender - Using pooled Channel '[id: 0x3d09363e, L:/127.0.0.1:61512 - R:localhost/127.0.0.1:61365]' for 'POST' to 'http://localhost:61365/session/639540e6b500d524b69e5ce532f8c209/element'
21:10:32.658 [Forwarding findElement on session 639540e6b500d524b69e5ce532f8c209 to remote] DEBUG org.asynchttpclient.netty.request.NettyRequestSender - Using open Channel [id: 0x3d09363e, L:/127.0.0.1:61512 - R:localhost/127.0.0.1:61365] for POST '/session/639540e6b500d524b69e5ce532f8c209/element'
21:10:32.670 [AsyncHttpClient-1-14] DEBUG org.asynchttpclient.netty.handler.HttpHandler - 

Request DefaultHttpRequest(decodeResult: success, version: HTTP/1.1)
POST /session/639540e6b500d524b69e5ce532f8c209/element HTTP/1.1
User-Agent: selenium/4.1.2 (java windows)
Content-Length: 83
Content-Type: application/json; charset=utf-8
host: localhost:61365
accept: */*

Response DefaultHttpResponse(decodeResult: success, version: HTTP/1.1)
HTTP/1.1 200 OK
Content-Type: application/json; charset=utf-8
cache-control: no-cache
content-length: 88

21:10:32.671 [AsyncHttpClient-1-14] DEBUG org.asynchttpclient.netty.channel.ChannelManager - Adding key: http://localhost:61365 for channel [id: 0x3d09363e, L:/127.0.0.1:61512 - R:localhost/127.0.0.1:61365]
21:10:32.672 [Forwarding clickElement on session 639540e6b500d524b69e5ce532f8c209 to remote] DEBUG org.asynchttpclient.netty.request.NettyRequestSender - Using pooled Channel '[id: 0x3d09363e, L:/127.0.0.1:61512 - R:localhost/127.0.0.1:61365]' for 'POST' to 'http://localhost:61365/session/639540e6b500d524b69e5ce532f8c209/element/9fca4350-1f0b-45a0-8c4f-8eba2dfa967e/click'
21:10:32.672 [Forwarding clickElement on session 639540e6b500d524b69e5ce532f8c209 to remote] DEBUG org.asynchttpclient.netty.request.NettyRequestSender - Using open Channel [id: 0x3d09363e, L:/127.0.0.1:61512 - R:localhost/127.0.0.1:61365] for POST '/session/639540e6b500d524b69e5ce532f8c209/element/9fca4350-1f0b-45a0-8c4f-8eba2dfa967e/click'
21:10:32.720 [AsyncHttpClient-1-14] DEBUG org.asynchttpclient.netty.handler.HttpHandler - 

Request DefaultHttpRequest(decodeResult: success, version: HTTP/1.1)
POST /session/639540e6b500d524b69e5ce532f8c209/element/9fca4350-1f0b-45a0-8c4f-8eba2dfa967e/click HTTP/1.1
User-Agent: selenium/4.1.2 (java windows)
Content-Length: 50
Content-Type: application/json; charset=utf-8
host: localhost:61365
accept: */*

Response DefaultHttpResponse(decodeResult: success, version: HTTP/1.1)
HTTP/1.1 200 OK
Content-Type: application/json; charset=utf-8
cache-control: no-cache
content-length: 14

21:10:32.720 [AsyncHttpClient-1-14] DEBUG org.asynchttpclient.netty.channel.ChannelManager - Adding key: http://localhost:61365 for channel [id: 0x3d09363e, L:/127.0.0.1:61512 - R:localhost/127.0.0.1:61365]
  &amp#27;[32mAnd &amp#27;[0m&amp#27;[32mI click login button&amp#27;[0m                    &amp#27;[90m# starter.stepdefinitions.LoginStep.iClickLoginButton()&amp#27;[0m
21:10:32.729 [Forwarding screenshot on session 639540e6b500d524b69e5ce532f8c209 to remote] DEBUG org.asynchttpclient.netty.request.NettyRequestSender - Using pooled Channel '[id: 0x3d09363e, L:/127.0.0.1:61512 - R:localhost/127.0.0.1:61365]' for 'GET' to 'http://localhost:61365/session/639540e6b500d524b69e5ce532f8c209/screenshot'
21:10:32.729 [Forwarding screenshot on session 639540e6b500d524b69e5ce532f8c209 to remote] DEBUG org.asynchttpclient.netty.request.NettyRequestSender - Using open Channel [id: 0x3d09363e, L:/127.0.0.1:61512 - R:localhost/127.0.0.1:61365] for GET '/session/639540e6b500d524b69e5ce532f8c209/screenshot'
21:10:32.856 [AsyncHttpClient-1-14] DEBUG org.asynchttpclient.netty.handler.HttpHandler - 

Request DefaultFullHttpRequest(decodeResult: success, version: HTTP/1.1, content: EmptyByteBufBE)
GET /session/639540e6b500d524b69e5ce532f8c209/screenshot HTTP/1.1
User-Agent: selenium/4.1.2 (java windows)
Cache-Control: no-cache
Content-Type: application/json; charset=utf-8
host: localhost:61365
accept: */*

Response DefaultHttpResponse(decodeResult: success, version: HTTP/1.1)
HTTP/1.1 200 OK
Content-Type: application/json; charset=utf-8
cache-control: no-cache
content-length: 30252

21:10:32.857 [AsyncHttpClient-1-14] DEBUG org.asynchttpclient.netty.channel.ChannelManager - Adding key: http://localhost:61365 for channel [id: 0x3d09363e, L:/127.0.0.1:61512 - R:localhost/127.0.0.1:61365]
21:10:32.858 [main] DEBUG net.serenitybdd.core.photography.Darkroom - Send negative for processing for target\site\serenity\e30945b9975e471bb2c3a43691b99b01e3527b0d7059314339b505e1ce9c56cd.png
21:10:32.859 [Darkroom Processing Line] DEBUG net.serenitybdd.core.photography.DarkroomProcessingLine - Processing screenshot image in /var/screenshots/screenshot-11099548311456472153
21:10:32.859 [Darkroom Processing Line] DEBUG net.serenitybdd.core.photography.DarkroomProcessingLine - Saving screenshot to target\site\serenity\e30945b9975e471bb2c3a43691b99b01e3527b0d7059314339b505e1ce9c56cd.png
  &amp#27;[32mThen &amp#27;[0m&amp#27;[32mI success login&amp#27;[0m                        &amp#27;[90m# starter.stepdefinitions.LoginStep.iSuccessLogin()&amp#27;[0m
21:10:32.868 [main] INFO  - 
  _____   ___   ___   _____     ___     _     ___   ___   ___   ___  
 |_   _| | __| / __| |_   _|   | _ \   /_\   / __| / __| | __| |   \ 
   | |   | _|  \__ \   | |     |  _/  / _ \  \__ \ \__ \ | _|  | |) |
   |_|   |___| |___/   |_|     |_|   /_/ \_\ |___/ |___/ |___| |___/ 

Login with valid email and password
----------------------------------------------------------------------
21:10:32.869 [AsyncHttpClient-1-16] DEBUG org.asynchttpclient.netty.handler.WebSocketHandler - Channel Closed: [id: 0x60d93d9c, L:/127.0.0.1:61521 ! R:localhost/127.0.0.1:61514] with attribute NettyResponseFuture{currentRetry=5,
	isDone=1,
	isCancelled=0,
	asyncHandler=org.asynchttpclient.ws.WebSocketUpgradeHandler@28a5a9b3,
	nettyRequest=org.asynchttpclient.netty.request.NettyRequest@6da732c3,
	future=java.util.concurrent.CompletableFuture@2120be6e[Completed normally],
	uri=ws://localhost:61514/devtools/browser/1faf2e98-703d-44e8-ba91-a0385ea7feea,
	keepAlive=true,
	redirectCount=0,
	timeoutsHolder=null,
	inAuth=0,
	touch=1667916630760}
21:10:32.869 [AsyncHttpClient-1-16] DEBUG org.asynchttpclient.netty.channel.ChannelManager - Closing Channel [id: 0x60d93d9c, L:/127.0.0.1:61521 ! R:localhost/127.0.0.1:61514] 
21:10:32.869 [Driver Command Executor] DEBUG org.asynchttpclient.netty.request.NettyRequestSender - Using pooled Channel '[id: 0x3d09363e, L:/127.0.0.1:61512 - R:localhost/127.0.0.1:61365]' for 'DELETE' to 'http://localhost:61365/session/639540e6b500d524b69e5ce532f8c209'
21:10:32.869 [Driver Command Executor] DEBUG org.asynchttpclient.netty.request.NettyRequestSender - Using open Channel [id: 0x3d09363e, L:/127.0.0.1:61512 - R:localhost/127.0.0.1:61365] for DELETE '/session/639540e6b500d524b69e5ce532f8c209'
21:10:32.895 [AsyncHttpClient-1-15] DEBUG org.asynchttpclient.netty.handler.HttpHandler - Unexpected I/O exception on channel [id: 0x60282d56, L:/127.0.0.1:61520 - R:localhost/127.0.0.1:61514]
java.io.IOException: An existing connection was forcibly closed by the remote host
	at java.base/sun.nio.ch.SocketDispatcher.read0(Native Method)
	at java.base/sun.nio.ch.SocketDispatcher.read(SocketDispatcher.java:43)
	at java.base/sun.nio.ch.IOUtil.readIntoNativeBuffer(IOUtil.java:276)
	at java.base/sun.nio.ch.IOUtil.read(IOUtil.java:233)
	at java.base/sun.nio.ch.IOUtil.read(IOUtil.java:223)
	at java.base/sun.nio.ch.SocketChannelImpl.read(SocketChannelImpl.java:358)
	at io.netty.buffer.PooledByteBuf.setBytes(PooledByteBuf.java:258)
	at io.netty.buffer.AbstractByteBuf.writeBytes(AbstractByteBuf.java:1132)
	at io.netty.channel.socket.nio.NioSocketChannel.doReadBytes(NioSocketChannel.java:350)
	at io.netty.channel.nio.AbstractNioByteChannel$NioByteUnsafe.read(AbstractNioByteChannel.java:151)
	at io.netty.channel.nio.NioEventLoop.processSelectedKey(NioEventLoop.java:722)
	at io.netty.channel.nio.NioEventLoop.processSelectedKeysOptimized(NioEventLoop.java:658)
	at io.netty.channel.nio.NioEventLoop.processSelectedKeys(NioEventLoop.java:584)
	at io.netty.channel.nio.NioEventLoop.run(NioEventLoop.java:496)
	at io.netty.util.concurrent.SingleThreadEventExecutor$4.run(SingleThreadEventExecutor.java:986)
	at io.netty.util.internal.ThreadExecutorMap$2.run(ThreadExecutorMap.java:74)
	at io.netty.util.concurrent.FastThreadLocalRunnable.run(FastThreadLocalRunnable.java:30)
	at java.base/java.lang.Thread.run(Thread.java:834)
21:10:32.895 [AsyncHttpClient-1-15] DEBUG org.asynchttpclient.netty.channel.ChannelManager - Closing Channel [id: 0x60282d56, L:/127.0.0.1:61520 - R:localhost/127.0.0.1:61514] 
21:10:32.895 [AsyncHttpClient-1-15] DEBUG org.asynchttpclient.netty.handler.HttpHandler - Channel Closed: [id: 0x60282d56, L:/127.0.0.1:61520 ! R:localhost/127.0.0.1:61514] with attribute DISCARD
21:10:32.909 [AsyncHttpClient-1-14] DEBUG org.asynchttpclient.netty.handler.HttpHandler - 

Request DefaultFullHttpRequest(decodeResult: success, version: HTTP/1.1, content: EmptyByteBufBE)
DELETE /session/639540e6b500d524b69e5ce532f8c209 HTTP/1.1
User-Agent: selenium/4.1.2 (java windows)
Content-Type: application/json; charset=utf-8
host: localhost:61365
accept: */*

Response DefaultHttpResponse(decodeResult: success, version: HTTP/1.1)
HTTP/1.1 200 OK
Content-Type: application/json; charset=utf-8
cache-control: no-cache
content-length: 14

21:10:32.909 [AsyncHttpClient-1-14] DEBUG org.asynchttpclient.netty.channel.ChannelManager - Adding key: http://localhost:61365 for channel [id: 0x3d09363e, L:/127.0.0.1:61512 - R:localhost/127.0.0.1:61365]
21:10:32.966 [AsyncHttpClient-1-14] DEBUG org.asynchttpclient.netty.handler.HttpHandler - Channel Closed: [id: 0x3d09363e, L:/127.0.0.1:61512 ! R:localhost/127.0.0.1:61365] with attribute DISCARD
]]></system-out>
    <system-err><![CDATA[Starting ChromeDriver 106.0.5249.61 (511755355844955cd3e264779baf0dd38212a4d0-refs/branch-heads/5249@{#569}) on port 61365
Only local connections are allowed.
Please see https://chromedriver.chromium.org/security-considerations for suggestions on keeping ChromeDriver safe.
ChromeDriver was started successfully.
[1667916630.691][WARNING]: This version of ChromeDriver has not been tested with Chrome version 107.
Nov 08, 2022 9:10:30 PM org.openqa.selenium.remote.ProtocolHandshake createSession
INFO: Detected dialect: W3C
Nov 08, 2022 9:10:30 PM org.openqa.selenium.devtools.CdpVersionFinder findNearestMatch
WARNING: Unable to find an exact match for CDP version 107, so returning the closest version found: a no-op implementation
Nov 08, 2022 9:10:30 PM org.openqa.selenium.devtools.CdpVersionFinder findNearestMatch
INFO: Unable to find CDP implementation matching 107.
Nov 08, 2022 9:10:30 PM org.openqa.selenium.chromium.ChromiumDriver lambda$new$3
WARNING: Unable to find version of CDP to use for . You may need to include a dependency on a specific version of the CDP using something similar to `org.seleniumhq.selenium:selenium-devtools-v86:4.1.2` where the version ("v86") matches the version of the chromium-based browser you're using and the version number of the artifact is the same as Selenium's.
]]></system-err>
  </testcase>
  <testcase name="Login with invalid email and password" classname="Login" time="4.709">
    <system-out><![CDATA[
@Login
Scenario: Login with invalid email and password &amp#27;[90m# src/test/resources/features/login.feature:21&amp#27;[0m
21:10:33.016 [main] INFO io.cucumber.core.plugin.SerenityReporter - Running feature from file:///D:/miniproject/webtesting/src/test/resources/features/login.feature
21:10:33.020 [main] INFO  - 
  _____   ___   ___   _____     ___   _____     _     ___   _____   ___   ___  
 |_   _| | __| / __| |_   _|   / __| |_   _|   /_\   | _ \ |_   _| | __| |   \ 
   | |   | _|  \__ \   | |     \__ \   | |    / _ \  |   /   | |   | _|  | |) |
   |_|   |___| |___/   |_|     |___/   |_|   /_/ \_\ |_|_\   |_|   |___| |___/ 

Login with invalid email and password(login;login-with-invalid-email-and-password)
--------------------------------------------------------------------------------
21:10:33.042 [main] INFO net.serenitybdd.core.webdriver.driverproviders.ChromeDriverProvider - Using automatically driver download
21:10:33.117 [AsyncHttpClient-1-1] DEBUG org.asynchttpclient.netty.channel.DefaultChannelPool - Entry count for : http://localhost:61365 : 1
21:10:33.117 [AsyncHttpClient-1-1] DEBUG org.asynchttpclient.netty.channel.DefaultChannelPool - Entry count for : http://localhost:61514 : 1
21:10:33.117 [AsyncHttpClient-1-1] DEBUG org.asynchttpclient.netty.channel.DefaultChannelPool - Adding Candidate expired Channel [id: 0x3d09363e, L:/127.0.0.1:61512 ! R:localhost/127.0.0.1:61365] isIdleTimeoutExpired=false isRemotelyClosed=true isTtlExpired=false
21:10:33.117 [AsyncHttpClient-1-1] DEBUG org.asynchttpclient.netty.channel.DefaultChannelPool - Closing Idle Channel [id: 0x3d09363e, L:/127.0.0.1:61512 ! R:localhost/127.0.0.1:61365]
21:10:33.117 [AsyncHttpClient-1-1] DEBUG org.asynchttpclient.netty.channel.DefaultChannelPool - Adding Candidate expired Channel [id: 0x60282d56, L:/127.0.0.1:61520 ! R:localhost/127.0.0.1:61514] isIdleTimeoutExpired=false isRemotelyClosed=true isTtlExpired=false
21:10:33.117 [AsyncHttpClient-1-1] DEBUG org.asynchttpclient.netty.channel.DefaultChannelPool - Closing Idle Channel [id: 0x60282d56, L:/127.0.0.1:61520 ! R:localhost/127.0.0.1:61514]
21:10:33.117 [AsyncHttpClient-1-1] DEBUG org.asynchttpclient.netty.channel.DefaultChannelPool - Closed 2 connections out of 2 in 0 ms
21:10:33.184 [main] DEBUG io.github.bonigarcia.wdm.cache.ResolutionCache - Resolution chrome=107 in cache (valid until 22:09:52 08/11/2022 ICT)
21:10:33.192 [main] DEBUG io.github.bonigarcia.wdm.cache.ResolutionCache - Resolution chrome107=107.0.5304.62 in cache (valid until 21:09:52 09/11/2022 ICT)
21:10:33.196 [main] INFO io.github.bonigarcia.wdm.WebDriverManager - Using chromedriver 107.0.5304.62 (resolved driver for Chrome 107)
21:10:33.210 [main] DEBUG io.github.bonigarcia.wdm.WebDriverManager - Driver chromedriver 107.0.5304.62 found in cache
21:10:33.212 [main] INFO io.github.bonigarcia.wdm.WebDriverManager - Exporting webdriver.chrome.driver as C:\Users\Yusuf Efendi\.cache\selenium\chromedriver\win32\107.0.5304.62\chromedriver.exe
21:10:33.331 [main] DEBUG net.serenitybdd.core.webdriver.driverproviders.ProvideNewDriver - Instantiating driver
21:10:33.331 [main] DEBUG net.serenitybdd.core.webdriver.driverproviders.ProvideNewDriver - Driver capabilities: Capabilities {acceptInsecureCerts: false, base.url: https://alta-shop.vercel.app, browserName: chrome, chrome.driver: src/test/resources/webdrive..., driver: chrome, goog:chromeOptions: {args: [], extensions: []}, wait.for.timeout: 7000}
21:10:33.431 [AsyncHttpClient-1-17] DEBUG org.asynchttpclient.netty.channel.NettyConnectListener - Using new Channel '[id: 0x433a24e8, L:/127.0.0.1:61537 - R:localhost/127.0.0.1:50339]' for 'POST' to '/session'
21:10:34.188 [AsyncHttpClient-1-17] DEBUG org.asynchttpclient.netty.handler.HttpHandler - 

Request DefaultHttpRequest(decodeResult: success, version: HTTP/1.1)
POST /session HTTP/1.1
User-Agent: selenium/4.1.2 (java windows)
Content-Length: 639
Content-Type: application/json; charset=utf-8
host: localhost:50339
accept: */*

Response DefaultHttpResponse(decodeResult: success, version: HTTP/1.1)
HTTP/1.1 200 OK
Content-Type: application/json; charset=utf-8
cache-control: no-cache
content-length: 792

21:10:34.188 [AsyncHttpClient-1-17] DEBUG org.asynchttpclient.netty.channel.ChannelManager - Adding key: http://localhost:50339 for channel [id: 0x433a24e8, L:/127.0.0.1:61537 - R:localhost/127.0.0.1:50339]
21:10:34.203 [AsyncHttpClient-1-2] DEBUG org.asynchttpclient.netty.channel.NettyConnectListener - Using new Channel '[id: 0xc4c691a7, L:/127.0.0.1:61544 - R:localhost/127.0.0.1:61538]' for 'GET' to '/json/version'
21:10:34.205 [AsyncHttpClient-1-2] DEBUG org.asynchttpclient.netty.handler.HttpHandler - 

Request DefaultFullHttpRequest(decodeResult: success, version: HTTP/1.1, content: EmptyByteBufBE)
GET /json/version HTTP/1.1
User-Agent: selenium/4.1.2 (java windows)
host: localhost:61538
accept: */*

Response DefaultHttpResponse(decodeResult: success, version: HTTP/1.1)
HTTP/1.1 200 OK
Content-Type: application/json; charset=UTF-8
content-length: 423

21:10:34.206 [AsyncHttpClient-1-2] DEBUG org.asynchttpclient.netty.channel.ChannelManager - Adding key: http://localhost:61538 for channel [id: 0xc4c691a7, L:/127.0.0.1:61544 - R:localhost/127.0.0.1:61538]
21:10:34.210 [AsyncHttpClient-1-3] DEBUG org.asynchttpclient.netty.channel.NettyConnectListener - Using new Channel '[id: 0xf12b2501, L:/127.0.0.1:61545 - R:localhost/127.0.0.1:61538]' for 'GET' to '/devtools/browser/3d713846-2604-4853-8673-55c7d247152d'
21:10:34.211 [AsyncHttpClient-1-3] DEBUG org.asynchttpclient.netty.handler.WebSocketHandler - 

Request DefaultFullHttpRequest(decodeResult: success, version: HTTP/1.1, content: EmptyByteBufBE)
GET /devtools/browser/3d713846-2604-4853-8673-55c7d247152d HTTP/1.1
upgrade: websocket
connection: upgrade
sec-websocket-key: jIWxzU5IHWqCVWb2J2Toag==
sec-websocket-version: 13
origin: http://localhost:61538
host: localhost:61538
accept: */*
user-agent: AHC/2.1

Response DefaultHttpResponse(decodeResult: success, version: HTTP/1.1)
HTTP/1.1 101 WebSocket Protocol Handshake
Upgrade: WebSocket
Connection: Upgrade
Sec-WebSocket-Accept: iBhfJsVlD533ckNok/U6CyEoIMI=

21:10:34.222 [Forwarding get on session 0cb0547d4866e7b1b2e6d12768e64d9e to remote] DEBUG org.asynchttpclient.netty.request.NettyRequestSender - Using pooled Channel '[id: 0x433a24e8, L:/127.0.0.1:61537 - R:localhost/127.0.0.1:50339]' for 'POST' to 'http://localhost:50339/session/0cb0547d4866e7b1b2e6d12768e64d9e/url'
21:10:34.222 [Forwarding get on session 0cb0547d4866e7b1b2e6d12768e64d9e to remote] DEBUG org.asynchttpclient.netty.request.NettyRequestSender - Using open Channel [id: 0x433a24e8, L:/127.0.0.1:61537 - R:localhost/127.0.0.1:50339] for POST '/session/0cb0547d4866e7b1b2e6d12768e64d9e/url'
21:10:34.222 [AsyncHttpClient-1-1] DEBUG org.asynchttpclient.netty.channel.DefaultChannelPool - Entry count for : http://localhost:61538 : 1
21:10:35.222 [AsyncHttpClient-1-17] DEBUG org.asynchttpclient.netty.handler.HttpHandler - 

Request DefaultHttpRequest(decodeResult: success, version: HTTP/1.1)
POST /session/0cb0547d4866e7b1b2e6d12768e64d9e/url HTTP/1.1
User-Agent: selenium/4.1.2 (java windows)
Content-Length: 74
Content-Type: application/json; charset=utf-8
host: localhost:50339
accept: */*

Response DefaultHttpResponse(decodeResult: success, version: HTTP/1.1)
HTTP/1.1 200 OK
Content-Type: application/json; charset=utf-8
cache-control: no-cache
content-length: 14

21:10:35.222 [AsyncHttpClient-1-17] DEBUG org.asynchttpclient.netty.channel.ChannelManager - Adding key: http://localhost:50339 for channel [id: 0x433a24e8, L:/127.0.0.1:61537 - R:localhost/127.0.0.1:50339]
21:10:35.224 [Forwarding setTimeout on session 0cb0547d4866e7b1b2e6d12768e64d9e to remote] DEBUG org.asynchttpclient.netty.request.NettyRequestSender - Using pooled Channel '[id: 0x433a24e8, L:/127.0.0.1:61537 - R:localhost/127.0.0.1:50339]' for 'POST' to 'http://localhost:50339/session/0cb0547d4866e7b1b2e6d12768e64d9e/timeouts'
21:10:35.224 [Forwarding setTimeout on session 0cb0547d4866e7b1b2e6d12768e64d9e to remote] DEBUG org.asynchttpclient.netty.request.NettyRequestSender - Using open Channel [id: 0x433a24e8, L:/127.0.0.1:61537 - R:localhost/127.0.0.1:50339] for POST '/session/0cb0547d4866e7b1b2e6d12768e64d9e/timeouts'
21:10:35.225 [AsyncHttpClient-1-17] DEBUG org.asynchttpclient.netty.handler.HttpHandler - 

Request DefaultHttpRequest(decodeResult: success, version: HTTP/1.1)
POST /session/0cb0547d4866e7b1b2e6d12768e64d9e/timeouts HTTP/1.1
User-Agent: selenium/4.1.2 (java windows)
Content-Length: 22
Content-Type: application/json; charset=utf-8
host: localhost:50339
accept: */*

Response DefaultHttpResponse(decodeResult: success, version: HTTP/1.1)
HTTP/1.1 200 OK
Content-Type: application/json; charset=utf-8
cache-control: no-cache
content-length: 14

21:10:35.225 [AsyncHttpClient-1-17] DEBUG org.asynchttpclient.netty.channel.ChannelManager - Adding key: http://localhost:50339 for channel [id: 0x433a24e8, L:/127.0.0.1:61537 - R:localhost/127.0.0.1:50339]
21:10:35.227 [Forwarding getCurrentUrl on session 0cb0547d4866e7b1b2e6d12768e64d9e to remote] DEBUG org.asynchttpclient.netty.request.NettyRequestSender - Using pooled Channel '[id: 0x433a24e8, L:/127.0.0.1:61537 - R:localhost/127.0.0.1:50339]' for 'GET' to 'http://localhost:50339/session/0cb0547d4866e7b1b2e6d12768e64d9e/url'
21:10:35.227 [Forwarding getCurrentUrl on session 0cb0547d4866e7b1b2e6d12768e64d9e to remote] DEBUG org.asynchttpclient.netty.request.NettyRequestSender - Using open Channel [id: 0x433a24e8, L:/127.0.0.1:61537 - R:localhost/127.0.0.1:50339] for GET '/session/0cb0547d4866e7b1b2e6d12768e64d9e/url'
21:10:35.235 [AsyncHttpClient-1-17] DEBUG org.asynchttpclient.netty.handler.HttpHandler - 

Request DefaultFullHttpRequest(decodeResult: success, version: HTTP/1.1, content: EmptyByteBufBE)
GET /session/0cb0547d4866e7b1b2e6d12768e64d9e/url HTTP/1.1
User-Agent: selenium/4.1.2 (java windows)
Cache-Control: no-cache
Content-Type: application/json; charset=utf-8
host: localhost:50339
accept: */*

Response DefaultHttpResponse(decodeResult: success, version: HTTP/1.1)
HTTP/1.1 200 OK
Content-Type: application/json; charset=utf-8
cache-control: no-cache
content-length: 51

21:10:35.235 [AsyncHttpClient-1-17] DEBUG org.asynchttpclient.netty.channel.ChannelManager - Adding key: http://localhost:50339 for channel [id: 0x433a24e8, L:/127.0.0.1:61537 - R:localhost/127.0.0.1:50339]
  &amp#27;[32mGiven &amp#27;[0m&amp#27;[32mI am on the login page&amp#27;[0m                  &amp#27;[90m# starter.stepdefinitions.LoginStep.iAmOnTheLoginPage()&amp#27;[0m
21:10:35.242 [Forwarding screenshot on session 0cb0547d4866e7b1b2e6d12768e64d9e to remote] DEBUG org.asynchttpclient.netty.request.NettyRequestSender - Using pooled Channel '[id: 0x433a24e8, L:/127.0.0.1:61537 - R:localhost/127.0.0.1:50339]' for 'GET' to 'http://localhost:50339/session/0cb0547d4866e7b1b2e6d12768e64d9e/screenshot'
21:10:35.242 [Forwarding screenshot on session 0cb0547d4866e7b1b2e6d12768e64d9e to remote] DEBUG org.asynchttpclient.netty.request.NettyRequestSender - Using open Channel [id: 0x433a24e8, L:/127.0.0.1:61537 - R:localhost/127.0.0.1:50339] for GET '/session/0cb0547d4866e7b1b2e6d12768e64d9e/screenshot'
21:10:35.318 [AsyncHttpClient-1-1] DEBUG org.asynchttpclient.netty.channel.DefaultChannelPool - Entry count for : http://localhost:61538 : 1
21:10:35.406 [AsyncHttpClient-1-17] DEBUG org.asynchttpclient.netty.handler.HttpHandler - 

Request DefaultFullHttpRequest(decodeResult: success, version: HTTP/1.1, content: EmptyByteBufBE)
GET /session/0cb0547d4866e7b1b2e6d12768e64d9e/screenshot HTTP/1.1
User-Agent: selenium/4.1.2 (java windows)
Cache-Control: no-cache
Content-Type: application/json; charset=utf-8
host: localhost:50339
accept: */*

Response DefaultHttpResponse(decodeResult: success, version: HTTP/1.1)
HTTP/1.1 200 OK
Content-Type: application/json; charset=utf-8
cache-control: no-cache
content-length: 22956

21:10:35.407 [AsyncHttpClient-1-17] DEBUG org.asynchttpclient.netty.channel.ChannelManager - Adding key: http://localhost:50339 for channel [id: 0x433a24e8, L:/127.0.0.1:61537 - R:localhost/127.0.0.1:50339]
21:10:35.408 [main] DEBUG net.serenitybdd.core.photography.Darkroom - Send negative for processing for target\site\serenity\aee116daef9f70687dbaee6bc527f5648618468770bbd8309c15c6b66fad3d98.png
21:10:35.415 [Forwarding findElement on session 0cb0547d4866e7b1b2e6d12768e64d9e to remote] DEBUG org.asynchttpclient.netty.request.NettyRequestSender - Using pooled Channel '[id: 0x433a24e8, L:/127.0.0.1:61537 - R:localhost/127.0.0.1:50339]' for 'POST' to 'http://localhost:50339/session/0cb0547d4866e7b1b2e6d12768e64d9e/element'
21:10:35.415 [Forwarding findElement on session 0cb0547d4866e7b1b2e6d12768e64d9e to remote] DEBUG org.asynchttpclient.netty.request.NettyRequestSender - Using open Channel [id: 0x433a24e8, L:/127.0.0.1:61537 - R:localhost/127.0.0.1:50339] for POST '/session/0cb0547d4866e7b1b2e6d12768e64d9e/element'
21:10:35.428 [AsyncHttpClient-1-17] DEBUG org.asynchttpclient.netty.handler.HttpHandler - 

Request DefaultHttpRequest(decodeResult: success, version: HTTP/1.1)
POST /session/0cb0547d4866e7b1b2e6d12768e64d9e/element HTTP/1.1
User-Agent: selenium/4.1.2 (java windows)
Content-Length: 86
Content-Type: application/json; charset=utf-8
host: localhost:50339
accept: */*

Response DefaultHttpResponse(decodeResult: success, version: HTTP/1.1)
HTTP/1.1 200 OK
Content-Type: application/json; charset=utf-8
cache-control: no-cache
content-length: 88

21:10:35.428 [AsyncHttpClient-1-17] DEBUG org.asynchttpclient.netty.channel.ChannelManager - Adding key: http://localhost:50339 for channel [id: 0x433a24e8, L:/127.0.0.1:61537 - R:localhost/127.0.0.1:50339]
21:10:35.429 [Forwarding clearElement on session 0cb0547d4866e7b1b2e6d12768e64d9e to remote] DEBUG org.asynchttpclient.netty.request.NettyRequestSender - Using pooled Channel '[id: 0x433a24e8, L:/127.0.0.1:61537 - R:localhost/127.0.0.1:50339]' for 'POST' to 'http://localhost:50339/session/0cb0547d4866e7b1b2e6d12768e64d9e/element/7d82084a-0cad-4ca5-9978-59a0720cdb96/clear'
21:10:35.429 [Forwarding clearElement on session 0cb0547d4866e7b1b2e6d12768e64d9e to remote] DEBUG org.asynchttpclient.netty.request.NettyRequestSender - Using open Channel [id: 0x433a24e8, L:/127.0.0.1:61537 - R:localhost/127.0.0.1:50339] for POST '/session/0cb0547d4866e7b1b2e6d12768e64d9e/element/7d82084a-0cad-4ca5-9978-59a0720cdb96/clear'
21:10:35.462 [AsyncHttpClient-1-17] DEBUG org.asynchttpclient.netty.handler.HttpHandler - 

Request DefaultHttpRequest(decodeResult: success, version: HTTP/1.1)
POST /session/0cb0547d4866e7b1b2e6d12768e64d9e/element/7d82084a-0cad-4ca5-9978-59a0720cdb96/clear HTTP/1.1
User-Agent: selenium/4.1.2 (java windows)
Content-Length: 50
Content-Type: application/json; charset=utf-8
host: localhost:50339
accept: */*

Response DefaultHttpResponse(decodeResult: success, version: HTTP/1.1)
HTTP/1.1 200 OK
Content-Type: application/json; charset=utf-8
cache-control: no-cache
content-length: 14

21:10:35.463 [AsyncHttpClient-1-17] DEBUG org.asynchttpclient.netty.channel.ChannelManager - Adding key: http://localhost:50339 for channel [id: 0x433a24e8, L:/127.0.0.1:61537 - R:localhost/127.0.0.1:50339]
21:10:35.465 [Forwarding sendKeysToElement on session 0cb0547d4866e7b1b2e6d12768e64d9e to remote] DEBUG org.asynchttpclient.netty.request.NettyRequestSender - Using pooled Channel '[id: 0x433a24e8, L:/127.0.0.1:61537 - R:localhost/127.0.0.1:50339]' for 'POST' to 'http://localhost:50339/session/0cb0547d4866e7b1b2e6d12768e64d9e/element/7d82084a-0cad-4ca5-9978-59a0720cdb96/value'
21:10:35.465 [Forwarding sendKeysToElement on session 0cb0547d4866e7b1b2e6d12768e64d9e to remote] DEBUG org.asynchttpclient.netty.request.NettyRequestSender - Using open Channel [id: 0x433a24e8, L:/127.0.0.1:61537 - R:localhost/127.0.0.1:50339] for POST '/session/0cb0547d4866e7b1b2e6d12768e64d9e/element/7d82084a-0cad-4ca5-9978-59a0720cdb96/value'
21:10:35.575 [AsyncHttpClient-1-17] DEBUG org.asynchttpclient.netty.handler.HttpHandler - 

Request DefaultHttpRequest(decodeResult: success, version: HTTP/1.1)
POST /session/0cb0547d4866e7b1b2e6d12768e64d9e/element/7d82084a-0cad-4ca5-9978-59a0720cdb96/value HTTP/1.1
User-Agent: selenium/4.1.2 (java windows)
Content-Length: 261
Content-Type: application/json; charset=utf-8
host: localhost:50339
accept: */*

Response DefaultHttpResponse(decodeResult: success, version: HTTP/1.1)
HTTP/1.1 200 OK
Content-Type: application/json; charset=utf-8
cache-control: no-cache
content-length: 14

21:10:35.575 [AsyncHttpClient-1-17] DEBUG org.asynchttpclient.netty.channel.ChannelManager - Adding key: http://localhost:50339 for channel [id: 0x433a24e8, L:/127.0.0.1:61537 - R:localhost/127.0.0.1:50339]
  &amp#27;[32mWhen &amp#27;[0m&amp#27;[32mI input invalid email&amp#27;[0m                    &amp#27;[90m# starter.stepdefinitions.LoginStep.iInputInvalidEmail()&amp#27;[0m
21:10:35.580 [Forwarding screenshot on session 0cb0547d4866e7b1b2e6d12768e64d9e to remote] DEBUG org.asynchttpclient.netty.request.NettyRequestSender - Using pooled Channel '[id: 0x433a24e8, L:/127.0.0.1:61537 - R:localhost/127.0.0.1:50339]' for 'GET' to 'http://localhost:50339/session/0cb0547d4866e7b1b2e6d12768e64d9e/screenshot'
21:10:35.580 [Forwarding screenshot on session 0cb0547d4866e7b1b2e6d12768e64d9e to remote] DEBUG org.asynchttpclient.netty.request.NettyRequestSender - Using open Channel [id: 0x433a24e8, L:/127.0.0.1:61537 - R:localhost/127.0.0.1:50339] for GET '/session/0cb0547d4866e7b1b2e6d12768e64d9e/screenshot'
21:10:35.668 [AsyncHttpClient-1-17] DEBUG org.asynchttpclient.netty.handler.HttpHandler - 

Request DefaultFullHttpRequest(decodeResult: success, version: HTTP/1.1, content: EmptyByteBufBE)
GET /session/0cb0547d4866e7b1b2e6d12768e64d9e/screenshot HTTP/1.1
User-Agent: selenium/4.1.2 (java windows)
Cache-Control: no-cache
Content-Type: application/json; charset=utf-8
host: localhost:50339
accept: */*

Response DefaultHttpResponse(decodeResult: success, version: HTTP/1.1)
HTTP/1.1 200 OK
Content-Type: application/json; charset=utf-8
cache-control: no-cache
content-length: 28052

21:10:35.669 [AsyncHttpClient-1-17] DEBUG org.asynchttpclient.netty.channel.ChannelManager - Adding key: http://localhost:50339 for channel [id: 0x433a24e8, L:/127.0.0.1:61537 - R:localhost/127.0.0.1:50339]
21:10:35.671 [main] DEBUG net.serenitybdd.core.photography.Darkroom - Send negative for processing for target\site\serenity\a91ac50d6c91778e9391e23dd85aace6b00522582f755f0bbed9cd2f94d4260e.png
21:10:35.671 [Darkroom Processing Line] DEBUG net.serenitybdd.core.photography.DarkroomProcessingLine - Processing screenshot image in /var/screenshots/screenshot-14186142444146694027
21:10:35.671 [Darkroom Processing Line] DEBUG net.serenitybdd.core.photography.DarkroomProcessingLine - Saving screenshot to target\site\serenity\a91ac50d6c91778e9391e23dd85aace6b00522582f755f0bbed9cd2f94d4260e.png
21:10:35.677 [Forwarding findElement on session 0cb0547d4866e7b1b2e6d12768e64d9e to remote] DEBUG org.asynchttpclient.netty.request.NettyRequestSender - Using pooled Channel '[id: 0x433a24e8, L:/127.0.0.1:61537 - R:localhost/127.0.0.1:50339]' for 'POST' to 'http://localhost:50339/session/0cb0547d4866e7b1b2e6d12768e64d9e/element'
21:10:35.677 [Forwarding findElement on session 0cb0547d4866e7b1b2e6d12768e64d9e to remote] DEBUG org.asynchttpclient.netty.request.NettyRequestSender - Using open Channel [id: 0x433a24e8, L:/127.0.0.1:61537 - R:localhost/127.0.0.1:50339] for POST '/session/0cb0547d4866e7b1b2e6d12768e64d9e/element'
21:10:35.688 [AsyncHttpClient-1-17] DEBUG org.asynchttpclient.netty.handler.HttpHandler - 

Request DefaultHttpRequest(decodeResult: success, version: HTTP/1.1)
POST /session/0cb0547d4866e7b1b2e6d12768e64d9e/element HTTP/1.1
User-Agent: selenium/4.1.2 (java windows)
Content-Length: 89
Content-Type: application/json; charset=utf-8
host: localhost:50339
accept: */*

Response DefaultHttpResponse(decodeResult: success, version: HTTP/1.1)
HTTP/1.1 200 OK
Content-Type: application/json; charset=utf-8
cache-control: no-cache
content-length: 88

21:10:35.688 [AsyncHttpClient-1-17] DEBUG org.asynchttpclient.netty.channel.ChannelManager - Adding key: http://localhost:50339 for channel [id: 0x433a24e8, L:/127.0.0.1:61537 - R:localhost/127.0.0.1:50339]
21:10:35.689 [Forwarding clearElement on session 0cb0547d4866e7b1b2e6d12768e64d9e to remote] DEBUG org.asynchttpclient.netty.request.NettyRequestSender - Using pooled Channel '[id: 0x433a24e8, L:/127.0.0.1:61537 - R:localhost/127.0.0.1:50339]' for 'POST' to 'http://localhost:50339/session/0cb0547d4866e7b1b2e6d12768e64d9e/element/48b5bf31-d11e-4d26-a12c-9961feb1234d/clear'
21:10:35.689 [Forwarding clearElement on session 0cb0547d4866e7b1b2e6d12768e64d9e to remote] DEBUG org.asynchttpclient.netty.request.NettyRequestSender - Using open Channel [id: 0x433a24e8, L:/127.0.0.1:61537 - R:localhost/127.0.0.1:50339] for POST '/session/0cb0547d4866e7b1b2e6d12768e64d9e/element/48b5bf31-d11e-4d26-a12c-9961feb1234d/clear'
21:10:35.719 [AsyncHttpClient-1-17] DEBUG org.asynchttpclient.netty.handler.HttpHandler - 

Request DefaultHttpRequest(decodeResult: success, version: HTTP/1.1)
POST /session/0cb0547d4866e7b1b2e6d12768e64d9e/element/48b5bf31-d11e-4d26-a12c-9961feb1234d/clear HTTP/1.1
User-Agent: selenium/4.1.2 (java windows)
Content-Length: 50
Content-Type: application/json; charset=utf-8
host: localhost:50339
accept: */*

Response DefaultHttpResponse(decodeResult: success, version: HTTP/1.1)
HTTP/1.1 200 OK
Content-Type: application/json; charset=utf-8
cache-control: no-cache
content-length: 14

21:10:35.721 [AsyncHttpClient-1-17] DEBUG org.asynchttpclient.netty.channel.ChannelManager - Adding key: http://localhost:50339 for channel [id: 0x433a24e8, L:/127.0.0.1:61537 - R:localhost/127.0.0.1:50339]
21:10:35.722 [Forwarding sendKeysToElement on session 0cb0547d4866e7b1b2e6d12768e64d9e to remote] DEBUG org.asynchttpclient.netty.request.NettyRequestSender - Using pooled Channel '[id: 0x433a24e8, L:/127.0.0.1:61537 - R:localhost/127.0.0.1:50339]' for 'POST' to 'http://localhost:50339/session/0cb0547d4866e7b1b2e6d12768e64d9e/element/48b5bf31-d11e-4d26-a12c-9961feb1234d/value'
21:10:35.722 [Forwarding sendKeysToElement on session 0cb0547d4866e7b1b2e6d12768e64d9e to remote] DEBUG org.asynchttpclient.netty.request.NettyRequestSender - Using open Channel [id: 0x433a24e8, L:/127.0.0.1:61537 - R:localhost/127.0.0.1:50339] for POST '/session/0cb0547d4866e7b1b2e6d12768e64d9e/element/48b5bf31-d11e-4d26-a12c-9961feb1234d/value'
21:10:35.799 [AsyncHttpClient-1-17] DEBUG org.asynchttpclient.netty.handler.HttpHandler - 

Request DefaultHttpRequest(decodeResult: success, version: HTTP/1.1)
POST /session/0cb0547d4866e7b1b2e6d12768e64d9e/element/48b5bf31-d11e-4d26-a12c-9961feb1234d/value HTTP/1.1
User-Agent: selenium/4.1.2 (java windows)
Content-Length: 181
Content-Type: application/json; charset=utf-8
host: localhost:50339
accept: */*

Response DefaultHttpResponse(decodeResult: success, version: HTTP/1.1)
HTTP/1.1 200 OK
Content-Type: application/json; charset=utf-8
cache-control: no-cache
content-length: 14

21:10:35.799 [AsyncHttpClient-1-17] DEBUG org.asynchttpclient.netty.channel.ChannelManager - Adding key: http://localhost:50339 for channel [id: 0x433a24e8, L:/127.0.0.1:61537 - R:localhost/127.0.0.1:50339]
  &amp#27;[32mAnd &amp#27;[0m&amp#27;[32mI input invalid password&amp#27;[0m                  &amp#27;[90m# starter.stepdefinitions.LoginStep.iInputInvalidPassword()&amp#27;[0m
21:10:35.809 [Forwarding screenshot on session 0cb0547d4866e7b1b2e6d12768e64d9e to remote] DEBUG org.asynchttpclient.netty.request.NettyRequestSender - Using pooled Channel '[id: 0x433a24e8, L:/127.0.0.1:61537 - R:localhost/127.0.0.1:50339]' for 'GET' to 'http://localhost:50339/session/0cb0547d4866e7b1b2e6d12768e64d9e/screenshot'
21:10:35.809 [Forwarding screenshot on session 0cb0547d4866e7b1b2e6d12768e64d9e to remote] DEBUG org.asynchttpclient.netty.request.NettyRequestSender - Using open Channel [id: 0x433a24e8, L:/127.0.0.1:61537 - R:localhost/127.0.0.1:50339] for GET '/session/0cb0547d4866e7b1b2e6d12768e64d9e/screenshot'
21:10:35.912 [AsyncHttpClient-1-17] DEBUG org.asynchttpclient.netty.handler.HttpHandler - 

Request DefaultFullHttpRequest(decodeResult: success, version: HTTP/1.1, content: EmptyByteBufBE)
GET /session/0cb0547d4866e7b1b2e6d12768e64d9e/screenshot HTTP/1.1
User-Agent: selenium/4.1.2 (java windows)
Cache-Control: no-cache
Content-Type: application/json; charset=utf-8
host: localhost:50339
accept: */*

Response DefaultHttpResponse(decodeResult: success, version: HTTP/1.1)
HTTP/1.1 200 OK
Content-Type: application/json; charset=utf-8
cache-control: no-cache
content-length: 28856

21:10:35.913 [AsyncHttpClient-1-17] DEBUG org.asynchttpclient.netty.channel.ChannelManager - Adding key: http://localhost:50339 for channel [id: 0x433a24e8, L:/127.0.0.1:61537 - R:localhost/127.0.0.1:50339]
21:10:35.914 [main] DEBUG net.serenitybdd.core.photography.Darkroom - Send negative for processing for target\site\serenity\6cc4d3be71023607d69adc3ebd9cee8c57a9a6e19cfb4eea581febd9c7a42728.png
21:10:35.915 [Darkroom Processing Line] DEBUG net.serenitybdd.core.photography.DarkroomProcessingLine - Processing screenshot image in /var/screenshots/screenshot-5670177323592444919
21:10:35.915 [Darkroom Processing Line] DEBUG net.serenitybdd.core.photography.DarkroomProcessingLine - Saving screenshot to target\site\serenity\6cc4d3be71023607d69adc3ebd9cee8c57a9a6e19cfb4eea581febd9c7a42728.png
21:10:35.929 [Forwarding findElement on session 0cb0547d4866e7b1b2e6d12768e64d9e to remote] DEBUG org.asynchttpclient.netty.request.NettyRequestSender - Using pooled Channel '[id: 0x433a24e8, L:/127.0.0.1:61537 - R:localhost/127.0.0.1:50339]' for 'POST' to 'http://localhost:50339/session/0cb0547d4866e7b1b2e6d12768e64d9e/element'
21:10:35.929 [Forwarding findElement on session 0cb0547d4866e7b1b2e6d12768e64d9e to remote] DEBUG org.asynchttpclient.netty.request.NettyRequestSender - Using open Channel [id: 0x433a24e8, L:/127.0.0.1:61537 - R:localhost/127.0.0.1:50339] for POST '/session/0cb0547d4866e7b1b2e6d12768e64d9e/element'
21:10:35.942 [AsyncHttpClient-1-17] DEBUG org.asynchttpclient.netty.handler.HttpHandler - 

Request DefaultHttpRequest(decodeResult: success, version: HTTP/1.1)
POST /session/0cb0547d4866e7b1b2e6d12768e64d9e/element HTTP/1.1
User-Agent: selenium/4.1.2 (java windows)
Content-Length: 83
Content-Type: application/json; charset=utf-8
host: localhost:50339
accept: */*

Response DefaultHttpResponse(decodeResult: success, version: HTTP/1.1)
HTTP/1.1 200 OK
Content-Type: application/json; charset=utf-8
cache-control: no-cache
content-length: 88

21:10:35.944 [AsyncHttpClient-1-17] DEBUG org.asynchttpclient.netty.channel.ChannelManager - Adding key: http://localhost:50339 for channel [id: 0x433a24e8, L:/127.0.0.1:61537 - R:localhost/127.0.0.1:50339]
21:10:35.946 [Forwarding getElementTagName on session 0cb0547d4866e7b1b2e6d12768e64d9e to remote] DEBUG org.asynchttpclient.netty.request.NettyRequestSender - Using pooled Channel '[id: 0x433a24e8, L:/127.0.0.1:61537 - R:localhost/127.0.0.1:50339]' for 'GET' to 'http://localhost:50339/session/0cb0547d4866e7b1b2e6d12768e64d9e/element/fec5d416-36f4-42d6-a120-05d64b8ec3f8/name'
21:10:35.946 [Forwarding getElementTagName on session 0cb0547d4866e7b1b2e6d12768e64d9e to remote] DEBUG org.asynchttpclient.netty.request.NettyRequestSender - Using open Channel [id: 0x433a24e8, L:/127.0.0.1:61537 - R:localhost/127.0.0.1:50339] for GET '/session/0cb0547d4866e7b1b2e6d12768e64d9e/element/fec5d416-36f4-42d6-a120-05d64b8ec3f8/name'
21:10:35.954 [AsyncHttpClient-1-17] DEBUG org.asynchttpclient.netty.handler.HttpHandler - 

Request DefaultFullHttpRequest(decodeResult: success, version: HTTP/1.1, content: EmptyByteBufBE)
GET /session/0cb0547d4866e7b1b2e6d12768e64d9e/element/fec5d416-36f4-42d6-a120-05d64b8ec3f8/name HTTP/1.1
User-Agent: selenium/4.1.2 (java windows)
Cache-Control: no-cache
Content-Type: application/json; charset=utf-8
host: localhost:50339
accept: */*

Response DefaultHttpResponse(decodeResult: success, version: HTTP/1.1)
HTTP/1.1 200 OK
Content-Type: application/json; charset=utf-8
cache-control: no-cache
content-length: 16

21:10:35.954 [AsyncHttpClient-1-17] DEBUG org.asynchttpclient.netty.channel.ChannelManager - Adding key: http://localhost:50339 for channel [id: 0x433a24e8, L:/127.0.0.1:61537 - R:localhost/127.0.0.1:50339]
21:10:35.956 [Forwarding getElementTagName on session 0cb0547d4866e7b1b2e6d12768e64d9e to remote] DEBUG org.asynchttpclient.netty.request.NettyRequestSender - Using pooled Channel '[id: 0x433a24e8, L:/127.0.0.1:61537 - R:localhost/127.0.0.1:50339]' for 'GET' to 'http://localhost:50339/session/0cb0547d4866e7b1b2e6d12768e64d9e/element/fec5d416-36f4-42d6-a120-05d64b8ec3f8/name'
21:10:35.956 [Forwarding getElementTagName on session 0cb0547d4866e7b1b2e6d12768e64d9e to remote] DEBUG org.asynchttpclient.netty.request.NettyRequestSender - Using open Channel [id: 0x433a24e8, L:/127.0.0.1:61537 - R:localhost/127.0.0.1:50339] for GET '/session/0cb0547d4866e7b1b2e6d12768e64d9e/element/fec5d416-36f4-42d6-a120-05d64b8ec3f8/name'
21:10:35.961 [AsyncHttpClient-1-17] DEBUG org.asynchttpclient.netty.handler.HttpHandler - 

Request DefaultFullHttpRequest(decodeResult: success, version: HTTP/1.1, content: EmptyByteBufBE)
GET /session/0cb0547d4866e7b1b2e6d12768e64d9e/element/fec5d416-36f4-42d6-a120-05d64b8ec3f8/name HTTP/1.1
User-Agent: selenium/4.1.2 (java windows)
Cache-Control: no-cache
Content-Type: application/json; charset=utf-8
host: localhost:50339
accept: */*

Response DefaultHttpResponse(decodeResult: success, version: HTTP/1.1)
HTTP/1.1 200 OK
Content-Type: application/json; charset=utf-8
cache-control: no-cache
content-length: 16

21:10:35.961 [AsyncHttpClient-1-17] DEBUG org.asynchttpclient.netty.channel.ChannelManager - Adding key: http://localhost:50339 for channel [id: 0x433a24e8, L:/127.0.0.1:61537 - R:localhost/127.0.0.1:50339]
21:10:35.964 [Forwarding findElement on session 0cb0547d4866e7b1b2e6d12768e64d9e to remote] DEBUG org.asynchttpclient.netty.request.NettyRequestSender - Using pooled Channel '[id: 0x433a24e8, L:/127.0.0.1:61537 - R:localhost/127.0.0.1:50339]' for 'POST' to 'http://localhost:50339/session/0cb0547d4866e7b1b2e6d12768e64d9e/element'
21:10:35.964 [Forwarding findElement on session 0cb0547d4866e7b1b2e6d12768e64d9e to remote] DEBUG org.asynchttpclient.netty.request.NettyRequestSender - Using open Channel [id: 0x433a24e8, L:/127.0.0.1:61537 - R:localhost/127.0.0.1:50339] for POST '/session/0cb0547d4866e7b1b2e6d12768e64d9e/element'
21:10:35.973 [AsyncHttpClient-1-17] DEBUG org.asynchttpclient.netty.handler.HttpHandler - 

Request DefaultHttpRequest(decodeResult: success, version: HTTP/1.1)
POST /session/0cb0547d4866e7b1b2e6d12768e64d9e/element HTTP/1.1
User-Agent: selenium/4.1.2 (java windows)
Content-Length: 83
Content-Type: application/json; charset=utf-8
host: localhost:50339
accept: */*

Response DefaultHttpResponse(decodeResult: success, version: HTTP/1.1)
HTTP/1.1 200 OK
Content-Type: application/json; charset=utf-8
cache-control: no-cache
content-length: 88

21:10:35.973 [AsyncHttpClient-1-17] DEBUG org.asynchttpclient.netty.channel.ChannelManager - Adding key: http://localhost:50339 for channel [id: 0x433a24e8, L:/127.0.0.1:61537 - R:localhost/127.0.0.1:50339]
21:10:35.974 [Forwarding clickElement on session 0cb0547d4866e7b1b2e6d12768e64d9e to remote] DEBUG org.asynchttpclient.netty.request.NettyRequestSender - Using pooled Channel '[id: 0x433a24e8, L:/127.0.0.1:61537 - R:localhost/127.0.0.1:50339]' for 'POST' to 'http://localhost:50339/session/0cb0547d4866e7b1b2e6d12768e64d9e/element/fec5d416-36f4-42d6-a120-05d64b8ec3f8/click'
21:10:35.974 [Forwarding clickElement on session 0cb0547d4866e7b1b2e6d12768e64d9e to remote] DEBUG org.asynchttpclient.netty.request.NettyRequestSender - Using open Channel [id: 0x433a24e8, L:/127.0.0.1:61537 - R:localhost/127.0.0.1:50339] for POST '/session/0cb0547d4866e7b1b2e6d12768e64d9e/element/fec5d416-36f4-42d6-a120-05d64b8ec3f8/click'
21:10:36.024 [AsyncHttpClient-1-17] DEBUG org.asynchttpclient.netty.handler.HttpHandler - 

Request DefaultHttpRequest(decodeResult: success, version: HTTP/1.1)
POST /session/0cb0547d4866e7b1b2e6d12768e64d9e/element/fec5d416-36f4-42d6-a120-05d64b8ec3f8/click HTTP/1.1
User-Agent: selenium/4.1.2 (java windows)
Content-Length: 50
Content-Type: application/json; charset=utf-8
host: localhost:50339
accept: */*

Response DefaultHttpResponse(decodeResult: success, version: HTTP/1.1)
HTTP/1.1 200 OK
Content-Type: application/json; charset=utf-8
cache-control: no-cache
content-length: 14

21:10:36.024 [AsyncHttpClient-1-17] DEBUG org.asynchttpclient.netty.channel.ChannelManager - Adding key: http://localhost:50339 for channel [id: 0x433a24e8, L:/127.0.0.1:61537 - R:localhost/127.0.0.1:50339]
  &amp#27;[32mAnd &amp#27;[0m&amp#27;[32mI click login button&amp#27;[0m                      &amp#27;[90m# starter.stepdefinitions.LoginStep.iClickLoginButton()&amp#27;[0m
21:10:36.030 [Forwarding screenshot on session 0cb0547d4866e7b1b2e6d12768e64d9e to remote] DEBUG org.asynchttpclient.netty.request.NettyRequestSender - Using pooled Channel '[id: 0x433a24e8, L:/127.0.0.1:61537 - R:localhost/127.0.0.1:50339]' for 'GET' to 'http://localhost:50339/session/0cb0547d4866e7b1b2e6d12768e64d9e/screenshot'
21:10:36.030 [Forwarding screenshot on session 0cb0547d4866e7b1b2e6d12768e64d9e to remote] DEBUG org.asynchttpclient.netty.request.NettyRequestSender - Using open Channel [id: 0x433a24e8, L:/127.0.0.1:61537 - R:localhost/127.0.0.1:50339] for GET '/session/0cb0547d4866e7b1b2e6d12768e64d9e/screenshot'
21:10:36.148 [AsyncHttpClient-1-17] DEBUG org.asynchttpclient.netty.handler.HttpHandler - 

Request DefaultFullHttpRequest(decodeResult: success, version: HTTP/1.1, content: EmptyByteBufBE)
GET /session/0cb0547d4866e7b1b2e6d12768e64d9e/screenshot HTTP/1.1
User-Agent: selenium/4.1.2 (java windows)
Cache-Control: no-cache
Content-Type: application/json; charset=utf-8
host: localhost:50339
accept: */*

Response DefaultHttpResponse(decodeResult: success, version: HTTP/1.1)
HTTP/1.1 200 OK
Content-Type: application/json; charset=utf-8
cache-control: no-cache
content-length: 28736

21:10:36.148 [AsyncHttpClient-1-17] DEBUG org.asynchttpclient.netty.channel.ChannelManager - Adding key: http://localhost:50339 for channel [id: 0x433a24e8, L:/127.0.0.1:61537 - R:localhost/127.0.0.1:50339]
21:10:36.150 [main] DEBUG net.serenitybdd.core.photography.Darkroom - Send negative for processing for target\site\serenity\9d0603f9769db4c0a263c7b49b36a6b5bc7b53ff00ee39d045eb80344642c8b6.png
21:10:36.150 [Darkroom Processing Line] DEBUG net.serenitybdd.core.photography.DarkroomProcessingLine - Processing screenshot image in /var/screenshots/screenshot-7305627771775396144
21:10:36.150 [Darkroom Processing Line] DEBUG net.serenitybdd.core.photography.DarkroomProcessingLine - Saving screenshot to target\site\serenity\9d0603f9769db4c0a263c7b49b36a6b5bc7b53ff00ee39d045eb80344642c8b6.png
21:10:36.157 [Forwarding findElement on session 0cb0547d4866e7b1b2e6d12768e64d9e to remote] DEBUG org.asynchttpclient.netty.request.NettyRequestSender - Using pooled Channel '[id: 0x433a24e8, L:/127.0.0.1:61537 - R:localhost/127.0.0.1:50339]' for 'POST' to 'http://localhost:50339/session/0cb0547d4866e7b1b2e6d12768e64d9e/element'
21:10:36.157 [Forwarding findElement on session 0cb0547d4866e7b1b2e6d12768e64d9e to remote] DEBUG org.asynchttpclient.netty.request.NettyRequestSender - Using open Channel [id: 0x433a24e8, L:/127.0.0.1:61537 - R:localhost/127.0.0.1:50339] for POST '/session/0cb0547d4866e7b1b2e6d12768e64d9e/element'
21:10:36.426 [AsyncHttpClient-1-1] DEBUG org.asynchttpclient.netty.channel.DefaultChannelPool - Entry count for : http://localhost:61538 : 1
21:10:37.364 [AsyncHttpClient-1-17] DEBUG org.asynchttpclient.netty.handler.HttpHandler - 

Request DefaultHttpRequest(decodeResult: success, version: HTTP/1.1)
POST /session/0cb0547d4866e7b1b2e6d12768e64d9e/element HTTP/1.1
User-Agent: selenium/4.1.2 (java windows)
Content-Length: 83
Content-Type: application/json; charset=utf-8
host: localhost:50339
accept: */*

Response DefaultHttpResponse(decodeResult: success, version: HTTP/1.1)
HTTP/1.1 200 OK
Content-Type: application/json; charset=utf-8
cache-control: no-cache
content-length: 88

21:10:37.364 [AsyncHttpClient-1-17] DEBUG org.asynchttpclient.netty.channel.ChannelManager - Adding key: http://localhost:50339 for channel [id: 0x433a24e8, L:/127.0.0.1:61537 - R:localhost/127.0.0.1:50339]
21:10:37.367 [Forwarding isElementDisplayed on session 0cb0547d4866e7b1b2e6d12768e64d9e to remote] DEBUG org.asynchttpclient.netty.request.NettyRequestSender - Using pooled Channel '[id: 0x433a24e8, L:/127.0.0.1:61537 - R:localhost/127.0.0.1:50339]' for 'POST' to 'http://localhost:50339/session/0cb0547d4866e7b1b2e6d12768e64d9e/execute/sync'
21:10:37.368 [Forwarding isElementDisplayed on session 0cb0547d4866e7b1b2e6d12768e64d9e to remote] DEBUG org.asynchttpclient.netty.request.NettyRequestSender - Using open Channel [id: 0x433a24e8, L:/127.0.0.1:61537 - R:localhost/127.0.0.1:50339] for POST '/session/0cb0547d4866e7b1b2e6d12768e64d9e/execute/sync'
21:10:37.380 [AsyncHttpClient-1-17] DEBUG org.asynchttpclient.netty.handler.HttpHandler - 

Request DefaultHttpRequest(decodeResult: success, version: HTTP/1.1)
POST /session/0cb0547d4866e7b1b2e6d12768e64d9e/execute/sync HTTP/1.1
User-Agent: selenium/4.1.2 (java windows)
Content-Length: 48780
Content-Type: application/json; charset=utf-8
host: localhost:50339
accept: */*

Response DefaultHttpResponse(decodeResult: success, version: HTTP/1.1)
HTTP/1.1 200 OK
Content-Type: application/json; charset=utf-8
cache-control: no-cache
content-length: 14

21:10:37.381 [AsyncHttpClient-1-17] DEBUG org.asynchttpclient.netty.channel.ChannelManager - Adding key: http://localhost:50339 for channel [id: 0x433a24e8, L:/127.0.0.1:61537 - R:localhost/127.0.0.1:50339]
  &amp#27;[32mThen &amp#27;[0m&amp#27;[32mI will get record not found message&amp#27;[0m      &amp#27;[90m# starter.stepdefinitions.LoginStep.iWillGetRecordNotFoundMessage()&amp#27;[0m
21:10:37.385 [Forwarding screenshot on session 0cb0547d4866e7b1b2e6d12768e64d9e to remote] DEBUG org.asynchttpclient.netty.request.NettyRequestSender - Using pooled Channel '[id: 0x433a24e8, L:/127.0.0.1:61537 - R:localhost/127.0.0.1:50339]' for 'GET' to 'http://localhost:50339/session/0cb0547d4866e7b1b2e6d12768e64d9e/screenshot'
21:10:37.385 [Forwarding screenshot on session 0cb0547d4866e7b1b2e6d12768e64d9e to remote] DEBUG org.asynchttpclient.netty.request.NettyRequestSender - Using open Channel [id: 0x433a24e8, L:/127.0.0.1:61537 - R:localhost/127.0.0.1:50339] for GET '/session/0cb0547d4866e7b1b2e6d12768e64d9e/screenshot'
21:10:37.518 [AsyncHttpClient-1-1] DEBUG org.asynchttpclient.netty.channel.DefaultChannelPool - Entry count for : http://localhost:61538 : 1
21:10:37.547 [AsyncHttpClient-1-17] DEBUG org.asynchttpclient.netty.handler.HttpHandler - 

Request DefaultFullHttpRequest(decodeResult: success, version: HTTP/1.1, content: EmptyByteBufBE)
GET /session/0cb0547d4866e7b1b2e6d12768e64d9e/screenshot HTTP/1.1
User-Agent: selenium/4.1.2 (java windows)
Cache-Control: no-cache
Content-Type: application/json; charset=utf-8
host: localhost:50339
accept: */*

Response DefaultHttpResponse(decodeResult: success, version: HTTP/1.1)
HTTP/1.1 200 OK
Content-Type: application/json; charset=utf-8
cache-control: no-cache
content-length: 32356

21:10:37.548 [AsyncHttpClient-1-17] DEBUG org.asynchttpclient.netty.channel.ChannelManager - Adding key: http://localhost:50339 for channel [id: 0x433a24e8, L:/127.0.0.1:61537 - R:localhost/127.0.0.1:50339]
21:10:37.549 [main] DEBUG net.serenitybdd.core.photography.Darkroom - Send negative for processing for target\site\serenity\d176213dfb7c834ee3f0b2c264bb3de346e355c0ce3a715c36f9f2e25ce3e1d3.png
21:10:37.549 [Darkroom Processing Line] DEBUG net.serenitybdd.core.photography.DarkroomProcessingLine - Processing screenshot image in /var/screenshots/screenshot-12032665551533484438
21:10:37.550 [Darkroom Processing Line] DEBUG net.serenitybdd.core.photography.DarkroomProcessingLine - Saving screenshot to target\site\serenity\d176213dfb7c834ee3f0b2c264bb3de346e355c0ce3a715c36f9f2e25ce3e1d3.png
21:10:37.551 [main] INFO  - 
  _____   ___   ___   _____     ___     _     ___   ___   ___   ___  
 |_   _| | __| / __| |_   _|   | _ \   /_\   / __| / __| | __| |   \ 
   | |   | _|  \__ \   | |     |  _/  / _ \  \__ \ \__ \ | _|  | |) |
   |_|   |___| |___/   |_|     |_|   /_/ \_\ |___/ |___/ |___| |___/ 

Login with invalid email and password
----------------------------------------------------------------------
21:10:37.552 [AsyncHttpClient-1-3] DEBUG org.asynchttpclient.netty.handler.WebSocketHandler - Channel Closed: [id: 0xf12b2501, L:/127.0.0.1:61545 ! R:localhost/127.0.0.1:61538] with attribute NettyResponseFuture{currentRetry=5,
	isDone=1,
	isCancelled=0,
	asyncHandler=org.asynchttpclient.ws.WebSocketUpgradeHandler@7de9a430,
	nettyRequest=org.asynchttpclient.netty.request.NettyRequest@19554f6c,
	future=java.util.concurrent.CompletableFuture@419d8464[Completed normally],
	uri=ws://localhost:61538/devtools/browser/3d713846-2604-4853-8673-55c7d247152d,
	keepAlive=true,
	redirectCount=0,
	timeoutsHolder=null,
	inAuth=0,
	touch=1667916634212}
21:10:37.552 [AsyncHttpClient-1-3] DEBUG org.asynchttpclient.netty.channel.ChannelManager - Closing Channel [id: 0xf12b2501, L:/127.0.0.1:61545 ! R:localhost/127.0.0.1:61538] 
21:10:37.552 [Driver Command Executor] DEBUG org.asynchttpclient.netty.request.NettyRequestSender - Using pooled Channel '[id: 0x433a24e8, L:/127.0.0.1:61537 - R:localhost/127.0.0.1:50339]' for 'DELETE' to 'http://localhost:50339/session/0cb0547d4866e7b1b2e6d12768e64d9e'
21:10:37.552 [Driver Command Executor] DEBUG org.asynchttpclient.netty.request.NettyRequestSender - Using open Channel [id: 0x433a24e8, L:/127.0.0.1:61537 - R:localhost/127.0.0.1:50339] for DELETE '/session/0cb0547d4866e7b1b2e6d12768e64d9e'
21:10:37.597 [AsyncHttpClient-1-2] DEBUG org.asynchttpclient.netty.handler.HttpHandler - Unexpected I/O exception on channel [id: 0xc4c691a7, L:/127.0.0.1:61544 - R:localhost/127.0.0.1:61538]
java.io.IOException: An existing connection was forcibly closed by the remote host
	at java.base/sun.nio.ch.SocketDispatcher.read0(Native Method)
	at java.base/sun.nio.ch.SocketDispatcher.read(SocketDispatcher.java:43)
	at java.base/sun.nio.ch.IOUtil.readIntoNativeBuffer(IOUtil.java:276)
	at java.base/sun.nio.ch.IOUtil.read(IOUtil.java:233)
	at java.base/sun.nio.ch.IOUtil.read(IOUtil.java:223)
	at java.base/sun.nio.ch.SocketChannelImpl.read(SocketChannelImpl.java:358)
	at io.netty.buffer.PooledByteBuf.setBytes(PooledByteBuf.java:258)
	at io.netty.buffer.AbstractByteBuf.writeBytes(AbstractByteBuf.java:1132)
	at io.netty.channel.socket.nio.NioSocketChannel.doReadBytes(NioSocketChannel.java:350)
	at io.netty.channel.nio.AbstractNioByteChannel$NioByteUnsafe.read(AbstractNioByteChannel.java:151)
	at io.netty.channel.nio.NioEventLoop.processSelectedKey(NioEventLoop.java:722)
	at io.netty.channel.nio.NioEventLoop.processSelectedKeysOptimized(NioEventLoop.java:658)
	at io.netty.channel.nio.NioEventLoop.processSelectedKeys(NioEventLoop.java:584)
	at io.netty.channel.nio.NioEventLoop.run(NioEventLoop.java:496)
	at io.netty.util.concurrent.SingleThreadEventExecutor$4.run(SingleThreadEventExecutor.java:986)
	at io.netty.util.internal.ThreadExecutorMap$2.run(ThreadExecutorMap.java:74)
	at io.netty.util.concurrent.FastThreadLocalRunnable.run(FastThreadLocalRunnable.java:30)
	at java.base/java.lang.Thread.run(Thread.java:834)
21:10:37.597 [AsyncHttpClient-1-2] DEBUG org.asynchttpclient.netty.channel.ChannelManager - Closing Channel [id: 0xc4c691a7, L:/127.0.0.1:61544 - R:localhost/127.0.0.1:61538] 
21:10:37.597 [AsyncHttpClient-1-2] DEBUG org.asynchttpclient.netty.handler.HttpHandler - Channel Closed: [id: 0xc4c691a7, L:/127.0.0.1:61544 ! R:localhost/127.0.0.1:61538] with attribute DISCARD
21:10:37.610 [AsyncHttpClient-1-17] DEBUG org.asynchttpclient.netty.handler.HttpHandler - 

Request DefaultFullHttpRequest(decodeResult: success, version: HTTP/1.1, content: EmptyByteBufBE)
DELETE /session/0cb0547d4866e7b1b2e6d12768e64d9e HTTP/1.1
User-Agent: selenium/4.1.2 (java windows)
Content-Type: application/json; charset=utf-8
host: localhost:50339
accept: */*

Response DefaultHttpResponse(decodeResult: success, version: HTTP/1.1)
HTTP/1.1 200 OK
Content-Type: application/json; charset=utf-8
cache-control: no-cache
content-length: 14

21:10:37.610 [AsyncHttpClient-1-17] DEBUG org.asynchttpclient.netty.channel.ChannelManager - Adding key: http://localhost:50339 for channel [id: 0x433a24e8, L:/127.0.0.1:61537 - R:localhost/127.0.0.1:50339]
21:10:37.655 [AsyncHttpClient-1-17] DEBUG org.asynchttpclient.netty.handler.HttpHandler - Channel Closed: [id: 0x433a24e8, L:/127.0.0.1:61537 ! R:localhost/127.0.0.1:50339] with attribute DISCARD
]]></system-out>
    <system-err><![CDATA[Starting ChromeDriver 106.0.5249.61 (511755355844955cd3e264779baf0dd38212a4d0-refs/branch-heads/5249@{#569}) on port 50339
Only local connections are allowed.
Please see https://chromedriver.chromium.org/security-considerations for suggestions on keeping ChromeDriver safe.
ChromeDriver was started successfully.
[1667916634.138][WARNING]: This version of ChromeDriver has not been tested with Chrome version 107.
Nov 08, 2022 9:10:34 PM org.openqa.selenium.remote.ProtocolHandshake createSession
INFO: Detected dialect: W3C
Nov 08, 2022 9:10:34 PM org.openqa.selenium.devtools.CdpVersionFinder findNearestMatch
WARNING: Unable to find an exact match for CDP version 107, so returning the closest version found: a no-op implementation
Nov 08, 2022 9:10:34 PM org.openqa.selenium.devtools.CdpVersionFinder findNearestMatch
INFO: Unable to find CDP implementation matching 107.
Nov 08, 2022 9:10:34 PM org.openqa.selenium.chromium.ChromiumDriver lambda$new$3
WARNING: Unable to find version of CDP to use for . You may need to include a dependency on a specific version of the CDP using something similar to `org.seleniumhq.selenium:selenium-devtools-v86:4.1.2` where the version ("v86") matches the version of the chromium-based browser you're using and the version number of the artifact is the same as Selenium's.
]]></system-err>
  </testcase>
  <testcase name="Login with valid email and invalid password" classname="Login" time="4.334">
    <system-out><![CDATA[
@Login
Scenario: Login with valid email and invalid password &amp#27;[90m# src/test/resources/features/login.feature:28&amp#27;[0m
21:10:37.734 [main] INFO io.cucumber.core.plugin.SerenityReporter - Running feature from file:///D:/miniproject/webtesting/src/test/resources/features/login.feature
21:10:37.737 [main] INFO  - 
  _____   ___   ___   _____     ___   _____     _     ___   _____   ___   ___  
 |_   _| | __| / __| |_   _|   / __| |_   _|   /_\   | _ \ |_   _| | __| |   \ 
   | |   | _|  \__ \   | |     \__ \   | |    / _ \  |   /   | |   | _|  | |) |
   |_|   |___| |___/   |_|     |___/   |_|   /_/ \_\ |_|_\   |_|   |___| |___/ 

Login with valid email and invalid password(login;login-with-valid-email-and-invalid-password)
--------------------------------------------------------------------------------
21:10:37.754 [main] INFO net.serenitybdd.core.webdriver.driverproviders.ChromeDriverProvider - Using automatically driver download
21:10:37.856 [main] DEBUG io.github.bonigarcia.wdm.cache.ResolutionCache - Resolution chrome=107 in cache (valid until 22:09:52 08/11/2022 ICT)
21:10:37.860 [main] DEBUG io.github.bonigarcia.wdm.cache.ResolutionCache - Resolution chrome107=107.0.5304.62 in cache (valid until 21:09:52 09/11/2022 ICT)
21:10:37.861 [main] INFO io.github.bonigarcia.wdm.WebDriverManager - Using chromedriver 107.0.5304.62 (resolved driver for Chrome 107)
21:10:37.872 [main] DEBUG io.github.bonigarcia.wdm.WebDriverManager - Driver chromedriver 107.0.5304.62 found in cache
21:10:37.872 [main] INFO io.github.bonigarcia.wdm.WebDriverManager - Exporting webdriver.chrome.driver as C:\Users\Yusuf Efendi\.cache\selenium\chromedriver\win32\107.0.5304.62\chromedriver.exe
21:10:37.962 [main] DEBUG net.serenitybdd.core.webdriver.driverproviders.ProvideNewDriver - Instantiating driver
21:10:37.962 [main] DEBUG net.serenitybdd.core.webdriver.driverproviders.ProvideNewDriver - Driver capabilities: Capabilities {acceptInsecureCerts: false, base.url: https://alta-shop.vercel.app, browserName: chrome, chrome.driver: src/test/resources/webdrive..., driver: chrome, goog:chromeOptions: {args: [], extensions: []}, wait.for.timeout: 7000}
21:10:38.062 [AsyncHttpClient-1-4] DEBUG org.asynchttpclient.netty.channel.NettyConnectListener - Using new Channel '[id: 0xd037f62a, L:/127.0.0.1:61561 - R:localhost/127.0.0.1:65411]' for 'POST' to '/session'
21:10:38.618 [AsyncHttpClient-1-1] DEBUG org.asynchttpclient.netty.channel.DefaultChannelPool - Entry count for : http://localhost:50339 : 1
21:10:38.618 [AsyncHttpClient-1-1] DEBUG org.asynchttpclient.netty.channel.DefaultChannelPool - Entry count for : http://localhost:61538 : 1
21:10:38.618 [AsyncHttpClient-1-1] DEBUG org.asynchttpclient.netty.channel.DefaultChannelPool - Adding Candidate expired Channel [id: 0x433a24e8, L:/127.0.0.1:61537 ! R:localhost/127.0.0.1:50339] isIdleTimeoutExpired=false isRemotelyClosed=true isTtlExpired=false
21:10:38.618 [AsyncHttpClient-1-1] DEBUG org.asynchttpclient.netty.channel.DefaultChannelPool - Closing Idle Channel [id: 0x433a24e8, L:/127.0.0.1:61537 ! R:localhost/127.0.0.1:50339]
21:10:38.619 [AsyncHttpClient-1-1] DEBUG org.asynchttpclient.netty.channel.DefaultChannelPool - Adding Candidate expired Channel [id: 0xc4c691a7, L:/127.0.0.1:61544 ! R:localhost/127.0.0.1:61538] isIdleTimeoutExpired=false isRemotelyClosed=true isTtlExpired=false
21:10:38.619 [AsyncHttpClient-1-1] DEBUG org.asynchttpclient.netty.channel.DefaultChannelPool - Closing Idle Channel [id: 0xc4c691a7, L:/127.0.0.1:61544 ! R:localhost/127.0.0.1:61538]
21:10:38.619 [AsyncHttpClient-1-1] DEBUG org.asynchttpclient.netty.channel.DefaultChannelPool - Closed 2 connections out of 2 in 1 ms
21:10:38.682 [AsyncHttpClient-1-4] DEBUG org.asynchttpclient.netty.handler.HttpHandler - 

Request DefaultHttpRequest(decodeResult: success, version: HTTP/1.1)
POST /session HTTP/1.1
User-Agent: selenium/4.1.2 (java windows)
Content-Length: 639
Content-Type: application/json; charset=utf-8
host: localhost:65411
accept: */*

Response DefaultHttpResponse(decodeResult: success, version: HTTP/1.1)
HTTP/1.1 200 OK
Content-Type: application/json; charset=utf-8
cache-control: no-cache
content-length: 793

21:10:38.684 [AsyncHttpClient-1-4] DEBUG org.asynchttpclient.netty.channel.ChannelManager - Adding key: http://localhost:65411 for channel [id: 0xd037f62a, L:/127.0.0.1:61561 - R:localhost/127.0.0.1:65411]
21:10:38.695 [AsyncHttpClient-1-5] DEBUG org.asynchttpclient.netty.channel.NettyConnectListener - Using new Channel '[id: 0x014fdfcc, L:/127.0.0.1:61568 - R:localhost/127.0.0.1:61562]' for 'GET' to '/json/version'
21:10:38.696 [AsyncHttpClient-1-5] DEBUG org.asynchttpclient.netty.handler.HttpHandler - 

Request DefaultFullHttpRequest(decodeResult: success, version: HTTP/1.1, content: EmptyByteBufBE)
GET /json/version HTTP/1.1
User-Agent: selenium/4.1.2 (java windows)
host: localhost:61562
accept: */*

Response DefaultHttpResponse(decodeResult: success, version: HTTP/1.1)
HTTP/1.1 200 OK
Content-Type: application/json; charset=UTF-8
content-length: 423

21:10:38.696 [AsyncHttpClient-1-5] DEBUG org.asynchttpclient.netty.channel.ChannelManager - Adding key: http://localhost:61562 for channel [id: 0x014fdfcc, L:/127.0.0.1:61568 - R:localhost/127.0.0.1:61562]
21:10:38.701 [AsyncHttpClient-1-6] DEBUG org.asynchttpclient.netty.channel.NettyConnectListener - Using new Channel '[id: 0xe3bb62ad, L:/127.0.0.1:61569 - R:localhost/127.0.0.1:61562]' for 'GET' to '/devtools/browser/55cd06ec-1442-4979-89db-8e6571364a81'
21:10:38.702 [AsyncHttpClient-1-6] DEBUG org.asynchttpclient.netty.handler.WebSocketHandler - 

Request DefaultFullHttpRequest(decodeResult: success, version: HTTP/1.1, content: EmptyByteBufBE)
GET /devtools/browser/55cd06ec-1442-4979-89db-8e6571364a81 HTTP/1.1
upgrade: websocket
connection: upgrade
sec-websocket-key: PzRIUFN0s2Dw2K3VMvf3ww==
sec-websocket-version: 13
origin: http://localhost:61562
host: localhost:61562
accept: */*
user-agent: AHC/2.1

Response DefaultHttpResponse(decodeResult: success, version: HTTP/1.1)
HTTP/1.1 101 WebSocket Protocol Handshake
Upgrade: WebSocket
Connection: Upgrade
Sec-WebSocket-Accept: JIaGP/jH25CNJJWozDOJtMWMprY=

21:10:38.707 [Forwarding get on session fa630d6e77293880606da6d301149516 to remote] DEBUG org.asynchttpclient.netty.request.NettyRequestSender - Using pooled Channel '[id: 0xd037f62a, L:/127.0.0.1:61561 - R:localhost/127.0.0.1:65411]' for 'POST' to 'http://localhost:65411/session/fa630d6e77293880606da6d301149516/url'
21:10:38.707 [Forwarding get on session fa630d6e77293880606da6d301149516 to remote] DEBUG org.asynchttpclient.netty.request.NettyRequestSender - Using open Channel [id: 0xd037f62a, L:/127.0.0.1:61561 - R:localhost/127.0.0.1:65411] for POST '/session/fa630d6e77293880606da6d301149516/url'
21:10:39.428 [AsyncHttpClient-1-4] DEBUG org.asynchttpclient.netty.handler.HttpHandler - 

Request DefaultHttpRequest(decodeResult: success, version: HTTP/1.1)
POST /session/fa630d6e77293880606da6d301149516/url HTTP/1.1
User-Agent: selenium/4.1.2 (java windows)
Content-Length: 74
Content-Type: application/json; charset=utf-8
host: localhost:65411
accept: */*

Response DefaultHttpResponse(decodeResult: success, version: HTTP/1.1)
HTTP/1.1 200 OK
Content-Type: application/json; charset=utf-8
cache-control: no-cache
content-length: 14

21:10:39.428 [AsyncHttpClient-1-4] DEBUG org.asynchttpclient.netty.channel.ChannelManager - Adding key: http://localhost:65411 for channel [id: 0xd037f62a, L:/127.0.0.1:61561 - R:localhost/127.0.0.1:65411]
21:10:39.430 [Forwarding setTimeout on session fa630d6e77293880606da6d301149516 to remote] DEBUG org.asynchttpclient.netty.request.NettyRequestSender - Using pooled Channel '[id: 0xd037f62a, L:/127.0.0.1:61561 - R:localhost/127.0.0.1:65411]' for 'POST' to 'http://localhost:65411/session/fa630d6e77293880606da6d301149516/timeouts'
21:10:39.430 [Forwarding setTimeout on session fa630d6e77293880606da6d301149516 to remote] DEBUG org.asynchttpclient.netty.request.NettyRequestSender - Using open Channel [id: 0xd037f62a, L:/127.0.0.1:61561 - R:localhost/127.0.0.1:65411] for POST '/session/fa630d6e77293880606da6d301149516/timeouts'
21:10:39.431 [AsyncHttpClient-1-4] DEBUG org.asynchttpclient.netty.handler.HttpHandler - 

Request DefaultHttpRequest(decodeResult: success, version: HTTP/1.1)
POST /session/fa630d6e77293880606da6d301149516/timeouts HTTP/1.1
User-Agent: selenium/4.1.2 (java windows)
Content-Length: 22
Content-Type: application/json; charset=utf-8
host: localhost:65411
accept: */*

Response DefaultHttpResponse(decodeResult: success, version: HTTP/1.1)
HTTP/1.1 200 OK
Content-Type: application/json; charset=utf-8
cache-control: no-cache
content-length: 14

21:10:39.431 [AsyncHttpClient-1-4] DEBUG org.asynchttpclient.netty.channel.ChannelManager - Adding key: http://localhost:65411 for channel [id: 0xd037f62a, L:/127.0.0.1:61561 - R:localhost/127.0.0.1:65411]
21:10:39.436 [Forwarding getCurrentUrl on session fa630d6e77293880606da6d301149516 to remote] DEBUG org.asynchttpclient.netty.request.NettyRequestSender - Using pooled Channel '[id: 0xd037f62a, L:/127.0.0.1:61561 - R:localhost/127.0.0.1:65411]' for 'GET' to 'http://localhost:65411/session/fa630d6e77293880606da6d301149516/url'
21:10:39.436 [Forwarding getCurrentUrl on session fa630d6e77293880606da6d301149516 to remote] DEBUG org.asynchttpclient.netty.request.NettyRequestSender - Using open Channel [id: 0xd037f62a, L:/127.0.0.1:61561 - R:localhost/127.0.0.1:65411] for GET '/session/fa630d6e77293880606da6d301149516/url'
21:10:39.442 [AsyncHttpClient-1-4] DEBUG org.asynchttpclient.netty.handler.HttpHandler - 

Request DefaultFullHttpRequest(decodeResult: success, version: HTTP/1.1, content: EmptyByteBufBE)
GET /session/fa630d6e77293880606da6d301149516/url HTTP/1.1
User-Agent: selenium/4.1.2 (java windows)
Cache-Control: no-cache
Content-Type: application/json; charset=utf-8
host: localhost:65411
accept: */*

Response DefaultHttpResponse(decodeResult: success, version: HTTP/1.1)
HTTP/1.1 200 OK
Content-Type: application/json; charset=utf-8
cache-control: no-cache
content-length: 51

21:10:39.442 [AsyncHttpClient-1-4] DEBUG org.asynchttpclient.netty.channel.ChannelManager - Adding key: http://localhost:65411 for channel [id: 0xd037f62a, L:/127.0.0.1:61561 - R:localhost/127.0.0.1:65411]
  &amp#27;[32mGiven &amp#27;[0m&amp#27;[32mI am on the login page&amp#27;[0m                        &amp#27;[90m# starter.stepdefinitions.LoginStep.iAmOnTheLoginPage()&amp#27;[0m
21:10:39.451 [Forwarding screenshot on session fa630d6e77293880606da6d301149516 to remote] DEBUG org.asynchttpclient.netty.request.NettyRequestSender - Using pooled Channel '[id: 0xd037f62a, L:/127.0.0.1:61561 - R:localhost/127.0.0.1:65411]' for 'GET' to 'http://localhost:65411/session/fa630d6e77293880606da6d301149516/screenshot'
21:10:39.452 [Forwarding screenshot on session fa630d6e77293880606da6d301149516 to remote] DEBUG org.asynchttpclient.netty.request.NettyRequestSender - Using open Channel [id: 0xd037f62a, L:/127.0.0.1:61561 - R:localhost/127.0.0.1:65411] for GET '/session/fa630d6e77293880606da6d301149516/screenshot'
21:10:39.707 [AsyncHttpClient-1-4] DEBUG org.asynchttpclient.netty.handler.HttpHandler - 

Request DefaultFullHttpRequest(decodeResult: success, version: HTTP/1.1, content: EmptyByteBufBE)
GET /session/fa630d6e77293880606da6d301149516/screenshot HTTP/1.1
User-Agent: selenium/4.1.2 (java windows)
Cache-Control: no-cache
Content-Type: application/json; charset=utf-8
host: localhost:65411
accept: */*

Response DefaultHttpResponse(decodeResult: success, version: HTTP/1.1)
HTTP/1.1 200 OK
Content-Type: application/json; charset=utf-8
cache-control: no-cache
content-length: 22956

21:10:39.707 [AsyncHttpClient-1-4] DEBUG org.asynchttpclient.netty.channel.ChannelManager - Adding key: http://localhost:65411 for channel [id: 0xd037f62a, L:/127.0.0.1:61561 - R:localhost/127.0.0.1:65411]
21:10:39.709 [main] DEBUG net.serenitybdd.core.photography.Darkroom - Send negative for processing for target\site\serenity\aee116daef9f70687dbaee6bc527f5648618468770bbd8309c15c6b66fad3d98.png
21:10:39.715 [Forwarding findElement on session fa630d6e77293880606da6d301149516 to remote] DEBUG org.asynchttpclient.netty.request.NettyRequestSender - Using pooled Channel '[id: 0xd037f62a, L:/127.0.0.1:61561 - R:localhost/127.0.0.1:65411]' for 'POST' to 'http://localhost:65411/session/fa630d6e77293880606da6d301149516/element'
21:10:39.715 [Forwarding findElement on session fa630d6e77293880606da6d301149516 to remote] DEBUG org.asynchttpclient.netty.request.NettyRequestSender - Using open Channel [id: 0xd037f62a, L:/127.0.0.1:61561 - R:localhost/127.0.0.1:65411] for POST '/session/fa630d6e77293880606da6d301149516/element'
21:10:39.718 [AsyncHttpClient-1-1] DEBUG org.asynchttpclient.netty.channel.DefaultChannelPool - Entry count for : http://localhost:61562 : 1
21:10:39.728 [AsyncHttpClient-1-4] DEBUG org.asynchttpclient.netty.handler.HttpHandler - 

Request DefaultHttpRequest(decodeResult: success, version: HTTP/1.1)
POST /session/fa630d6e77293880606da6d301149516/element HTTP/1.1
User-Agent: selenium/4.1.2 (java windows)
Content-Length: 86
Content-Type: application/json; charset=utf-8
host: localhost:65411
accept: */*

Response DefaultHttpResponse(decodeResult: success, version: HTTP/1.1)
HTTP/1.1 200 OK
Content-Type: application/json; charset=utf-8
cache-control: no-cache
content-length: 88

21:10:39.728 [AsyncHttpClient-1-4] DEBUG org.asynchttpclient.netty.channel.ChannelManager - Adding key: http://localhost:65411 for channel [id: 0xd037f62a, L:/127.0.0.1:61561 - R:localhost/127.0.0.1:65411]
21:10:39.730 [Forwarding clearElement on session fa630d6e77293880606da6d301149516 to remote] DEBUG org.asynchttpclient.netty.request.NettyRequestSender - Using pooled Channel '[id: 0xd037f62a, L:/127.0.0.1:61561 - R:localhost/127.0.0.1:65411]' for 'POST' to 'http://localhost:65411/session/fa630d6e77293880606da6d301149516/element/7858a20d-5c9d-4aed-b514-1be63bb7533a/clear'
21:10:39.730 [Forwarding clearElement on session fa630d6e77293880606da6d301149516 to remote] DEBUG org.asynchttpclient.netty.request.NettyRequestSender - Using open Channel [id: 0xd037f62a, L:/127.0.0.1:61561 - R:localhost/127.0.0.1:65411] for POST '/session/fa630d6e77293880606da6d301149516/element/7858a20d-5c9d-4aed-b514-1be63bb7533a/clear'
21:10:39.766 [AsyncHttpClient-1-4] DEBUG org.asynchttpclient.netty.handler.HttpHandler - 

Request DefaultHttpRequest(decodeResult: success, version: HTTP/1.1)
POST /session/fa630d6e77293880606da6d301149516/element/7858a20d-5c9d-4aed-b514-1be63bb7533a/clear HTTP/1.1
User-Agent: selenium/4.1.2 (java windows)
Content-Length: 50
Content-Type: application/json; charset=utf-8
host: localhost:65411
accept: */*

Response DefaultHttpResponse(decodeResult: success, version: HTTP/1.1)
HTTP/1.1 200 OK
Content-Type: application/json; charset=utf-8
cache-control: no-cache
content-length: 14

21:10:39.766 [AsyncHttpClient-1-4] DEBUG org.asynchttpclient.netty.channel.ChannelManager - Adding key: http://localhost:65411 for channel [id: 0xd037f62a, L:/127.0.0.1:61561 - R:localhost/127.0.0.1:65411]
21:10:39.767 [Forwarding sendKeysToElement on session fa630d6e77293880606da6d301149516 to remote] DEBUG org.asynchttpclient.netty.request.NettyRequestSender - Using pooled Channel '[id: 0xd037f62a, L:/127.0.0.1:61561 - R:localhost/127.0.0.1:65411]' for 'POST' to 'http://localhost:65411/session/fa630d6e77293880606da6d301149516/element/7858a20d-5c9d-4aed-b514-1be63bb7533a/value'
21:10:39.767 [Forwarding sendKeysToElement on session fa630d6e77293880606da6d301149516 to remote] DEBUG org.asynchttpclient.netty.request.NettyRequestSender - Using open Channel [id: 0xd037f62a, L:/127.0.0.1:61561 - R:localhost/127.0.0.1:65411] for POST '/session/fa630d6e77293880606da6d301149516/element/7858a20d-5c9d-4aed-b514-1be63bb7533a/value'
21:10:39.898 [AsyncHttpClient-1-4] DEBUG org.asynchttpclient.netty.handler.HttpHandler - 

Request DefaultHttpRequest(decodeResult: success, version: HTTP/1.1)
POST /session/fa630d6e77293880606da6d301149516/element/7858a20d-5c9d-4aed-b514-1be63bb7533a/value HTTP/1.1
User-Agent: selenium/4.1.2 (java windows)
Content-Length: 271
Content-Type: application/json; charset=utf-8
host: localhost:65411
accept: */*

Response DefaultHttpResponse(decodeResult: success, version: HTTP/1.1)
HTTP/1.1 200 OK
Content-Type: application/json; charset=utf-8
cache-control: no-cache
content-length: 14

21:10:39.898 [AsyncHttpClient-1-4] DEBUG org.asynchttpclient.netty.channel.ChannelManager - Adding key: http://localhost:65411 for channel [id: 0xd037f62a, L:/127.0.0.1:61561 - R:localhost/127.0.0.1:65411]
  &amp#27;[32mWhen &amp#27;[0m&amp#27;[32mI input valid email&amp#27;[0m                            &amp#27;[90m# starter.stepdefinitions.LoginStep.iInputValidEmail()&amp#27;[0m
21:10:39.905 [Forwarding screenshot on session fa630d6e77293880606da6d301149516 to remote] DEBUG org.asynchttpclient.netty.request.NettyRequestSender - Using pooled Channel '[id: 0xd037f62a, L:/127.0.0.1:61561 - R:localhost/127.0.0.1:65411]' for 'GET' to 'http://localhost:65411/session/fa630d6e77293880606da6d301149516/screenshot'
21:10:39.905 [Forwarding screenshot on session fa630d6e77293880606da6d301149516 to remote] DEBUG org.asynchttpclient.netty.request.NettyRequestSender - Using open Channel [id: 0xd037f62a, L:/127.0.0.1:61561 - R:localhost/127.0.0.1:65411] for GET '/session/fa630d6e77293880606da6d301149516/screenshot'
21:10:40.058 [AsyncHttpClient-1-4] DEBUG org.asynchttpclient.netty.handler.HttpHandler - 

Request DefaultFullHttpRequest(decodeResult: success, version: HTTP/1.1, content: EmptyByteBufBE)
GET /session/fa630d6e77293880606da6d301149516/screenshot HTTP/1.1
User-Agent: selenium/4.1.2 (java windows)
Cache-Control: no-cache
Content-Type: application/json; charset=utf-8
host: localhost:65411
accept: */*

Response DefaultHttpResponse(decodeResult: success, version: HTTP/1.1)
HTTP/1.1 200 OK
Content-Type: application/json; charset=utf-8
cache-control: no-cache
content-length: 28340

21:10:40.058 [AsyncHttpClient-1-4] DEBUG org.asynchttpclient.netty.channel.ChannelManager - Adding key: http://localhost:65411 for channel [id: 0xd037f62a, L:/127.0.0.1:61561 - R:localhost/127.0.0.1:65411]
21:10:40.060 [main] DEBUG net.serenitybdd.core.photography.Darkroom - Send negative for processing for target\site\serenity\0b3984f52ca02a54fd73e97defac46c0b0dd5a23a6687058bd87dd74b636e491.png
21:10:40.060 [Darkroom Processing Line] DEBUG net.serenitybdd.core.photography.DarkroomProcessingLine - Processing screenshot image in /var/screenshots/screenshot-9865750392014295264
21:10:40.060 [Darkroom Processing Line] DEBUG net.serenitybdd.core.photography.DarkroomProcessingLine - Saving screenshot to target\site\serenity\0b3984f52ca02a54fd73e97defac46c0b0dd5a23a6687058bd87dd74b636e491.png
21:10:40.067 [Forwarding findElement on session fa630d6e77293880606da6d301149516 to remote] DEBUG org.asynchttpclient.netty.request.NettyRequestSender - Using pooled Channel '[id: 0xd037f62a, L:/127.0.0.1:61561 - R:localhost/127.0.0.1:65411]' for 'POST' to 'http://localhost:65411/session/fa630d6e77293880606da6d301149516/element'
21:10:40.067 [Forwarding findElement on session fa630d6e77293880606da6d301149516 to remote] DEBUG org.asynchttpclient.netty.request.NettyRequestSender - Using open Channel [id: 0xd037f62a, L:/127.0.0.1:61561 - R:localhost/127.0.0.1:65411] for POST '/session/fa630d6e77293880606da6d301149516/element'
21:10:40.078 [AsyncHttpClient-1-4] DEBUG org.asynchttpclient.netty.handler.HttpHandler - 

Request DefaultHttpRequest(decodeResult: success, version: HTTP/1.1)
POST /session/fa630d6e77293880606da6d301149516/element HTTP/1.1
User-Agent: selenium/4.1.2 (java windows)
Content-Length: 89
Content-Type: application/json; charset=utf-8
host: localhost:65411
accept: */*

Response DefaultHttpResponse(decodeResult: success, version: HTTP/1.1)
HTTP/1.1 200 OK
Content-Type: application/json; charset=utf-8
cache-control: no-cache
content-length: 88

21:10:40.078 [AsyncHttpClient-1-4] DEBUG org.asynchttpclient.netty.channel.ChannelManager - Adding key: http://localhost:65411 for channel [id: 0xd037f62a, L:/127.0.0.1:61561 - R:localhost/127.0.0.1:65411]
21:10:40.079 [Forwarding clearElement on session fa630d6e77293880606da6d301149516 to remote] DEBUG org.asynchttpclient.netty.request.NettyRequestSender - Using pooled Channel '[id: 0xd037f62a, L:/127.0.0.1:61561 - R:localhost/127.0.0.1:65411]' for 'POST' to 'http://localhost:65411/session/fa630d6e77293880606da6d301149516/element/4789ef6b-2a72-41a1-ad34-13293b7b2780/clear'
21:10:40.079 [Forwarding clearElement on session fa630d6e77293880606da6d301149516 to remote] DEBUG org.asynchttpclient.netty.request.NettyRequestSender - Using open Channel [id: 0xd037f62a, L:/127.0.0.1:61561 - R:localhost/127.0.0.1:65411] for POST '/session/fa630d6e77293880606da6d301149516/element/4789ef6b-2a72-41a1-ad34-13293b7b2780/clear'
21:10:40.108 [AsyncHttpClient-1-4] DEBUG org.asynchttpclient.netty.handler.HttpHandler - 

Request DefaultHttpRequest(decodeResult: success, version: HTTP/1.1)
POST /session/fa630d6e77293880606da6d301149516/element/4789ef6b-2a72-41a1-ad34-13293b7b2780/clear HTTP/1.1
User-Agent: selenium/4.1.2 (java windows)
Content-Length: 50
Content-Type: application/json; charset=utf-8
host: localhost:65411
accept: */*

Response DefaultHttpResponse(decodeResult: success, version: HTTP/1.1)
HTTP/1.1 200 OK
Content-Type: application/json; charset=utf-8
cache-control: no-cache
content-length: 14

21:10:40.109 [AsyncHttpClient-1-4] DEBUG org.asynchttpclient.netty.channel.ChannelManager - Adding key: http://localhost:65411 for channel [id: 0xd037f62a, L:/127.0.0.1:61561 - R:localhost/127.0.0.1:65411]
21:10:40.110 [Forwarding sendKeysToElement on session fa630d6e77293880606da6d301149516 to remote] DEBUG org.asynchttpclient.netty.request.NettyRequestSender - Using pooled Channel '[id: 0xd037f62a, L:/127.0.0.1:61561 - R:localhost/127.0.0.1:65411]' for 'POST' to 'http://localhost:65411/session/fa630d6e77293880606da6d301149516/element/4789ef6b-2a72-41a1-ad34-13293b7b2780/value'
21:10:40.110 [Forwarding sendKeysToElement on session fa630d6e77293880606da6d301149516 to remote] DEBUG org.asynchttpclient.netty.request.NettyRequestSender - Using open Channel [id: 0xd037f62a, L:/127.0.0.1:61561 - R:localhost/127.0.0.1:65411] for POST '/session/fa630d6e77293880606da6d301149516/element/4789ef6b-2a72-41a1-ad34-13293b7b2780/value'
21:10:40.182 [AsyncHttpClient-1-4] DEBUG org.asynchttpclient.netty.handler.HttpHandler - 

Request DefaultHttpRequest(decodeResult: success, version: HTTP/1.1)
POST /session/fa630d6e77293880606da6d301149516/element/4789ef6b-2a72-41a1-ad34-13293b7b2780/value HTTP/1.1
User-Agent: selenium/4.1.2 (java windows)
Content-Length: 181
Content-Type: application/json; charset=utf-8
host: localhost:65411
accept: */*

Response DefaultHttpResponse(decodeResult: success, version: HTTP/1.1)
HTTP/1.1 200 OK
Content-Type: application/json; charset=utf-8
cache-control: no-cache
content-length: 14

21:10:40.182 [AsyncHttpClient-1-4] DEBUG org.asynchttpclient.netty.channel.ChannelManager - Adding key: http://localhost:65411 for channel [id: 0xd037f62a, L:/127.0.0.1:61561 - R:localhost/127.0.0.1:65411]
  &amp#27;[32mAnd &amp#27;[0m&amp#27;[32mI input invalid password&amp#27;[0m                        &amp#27;[90m# starter.stepdefinitions.LoginStep.iInputInvalidPassword()&amp#27;[0m
21:10:40.188 [Forwarding screenshot on session fa630d6e77293880606da6d301149516 to remote] DEBUG org.asynchttpclient.netty.request.NettyRequestSender - Using pooled Channel '[id: 0xd037f62a, L:/127.0.0.1:61561 - R:localhost/127.0.0.1:65411]' for 'GET' to 'http://localhost:65411/session/fa630d6e77293880606da6d301149516/screenshot'
21:10:40.190 [Forwarding screenshot on session fa630d6e77293880606da6d301149516 to remote] DEBUG org.asynchttpclient.netty.request.NettyRequestSender - Using open Channel [id: 0xd037f62a, L:/127.0.0.1:61561 - R:localhost/127.0.0.1:65411] for GET '/session/fa630d6e77293880606da6d301149516/screenshot'
21:10:40.292 [AsyncHttpClient-1-4] DEBUG org.asynchttpclient.netty.handler.HttpHandler - 

Request DefaultFullHttpRequest(decodeResult: success, version: HTTP/1.1, content: EmptyByteBufBE)
GET /session/fa630d6e77293880606da6d301149516/screenshot HTTP/1.1
User-Agent: selenium/4.1.2 (java windows)
Cache-Control: no-cache
Content-Type: application/json; charset=utf-8
host: localhost:65411
accept: */*

Response DefaultHttpResponse(decodeResult: success, version: HTTP/1.1)
HTTP/1.1 200 OK
Content-Type: application/json; charset=utf-8
cache-control: no-cache
content-length: 29088

21:10:40.292 [AsyncHttpClient-1-4] DEBUG org.asynchttpclient.netty.channel.ChannelManager - Adding key: http://localhost:65411 for channel [id: 0xd037f62a, L:/127.0.0.1:61561 - R:localhost/127.0.0.1:65411]
21:10:40.293 [main] DEBUG net.serenitybdd.core.photography.Darkroom - Send negative for processing for target\site\serenity\32106fee2b8c75364b255fa641e010930b3d4e542ed278d59414aa56317bc868.png
21:10:40.293 [Darkroom Processing Line] DEBUG net.serenitybdd.core.photography.DarkroomProcessingLine - Processing screenshot image in /var/screenshots/screenshot-11219491884184312894
21:10:40.294 [Darkroom Processing Line] DEBUG net.serenitybdd.core.photography.DarkroomProcessingLine - Saving screenshot to target\site\serenity\32106fee2b8c75364b255fa641e010930b3d4e542ed278d59414aa56317bc868.png
21:10:40.302 [Forwarding findElement on session fa630d6e77293880606da6d301149516 to remote] DEBUG org.asynchttpclient.netty.request.NettyRequestSender - Using pooled Channel '[id: 0xd037f62a, L:/127.0.0.1:61561 - R:localhost/127.0.0.1:65411]' for 'POST' to 'http://localhost:65411/session/fa630d6e77293880606da6d301149516/element'
21:10:40.302 [Forwarding findElement on session fa630d6e77293880606da6d301149516 to remote] DEBUG org.asynchttpclient.netty.request.NettyRequestSender - Using open Channel [id: 0xd037f62a, L:/127.0.0.1:61561 - R:localhost/127.0.0.1:65411] for POST '/session/fa630d6e77293880606da6d301149516/element'
21:10:40.312 [AsyncHttpClient-1-4] DEBUG org.asynchttpclient.netty.handler.HttpHandler - 

Request DefaultHttpRequest(decodeResult: success, version: HTTP/1.1)
POST /session/fa630d6e77293880606da6d301149516/element HTTP/1.1
User-Agent: selenium/4.1.2 (java windows)
Content-Length: 83
Content-Type: application/json; charset=utf-8
host: localhost:65411
accept: */*

Response DefaultHttpResponse(decodeResult: success, version: HTTP/1.1)
HTTP/1.1 200 OK
Content-Type: application/json; charset=utf-8
cache-control: no-cache
content-length: 88

21:10:40.312 [AsyncHttpClient-1-4] DEBUG org.asynchttpclient.netty.channel.ChannelManager - Adding key: http://localhost:65411 for channel [id: 0xd037f62a, L:/127.0.0.1:61561 - R:localhost/127.0.0.1:65411]
21:10:40.313 [Forwarding getElementTagName on session fa630d6e77293880606da6d301149516 to remote] DEBUG org.asynchttpclient.netty.request.NettyRequestSender - Using pooled Channel '[id: 0xd037f62a, L:/127.0.0.1:61561 - R:localhost/127.0.0.1:65411]' for 'GET' to 'http://localhost:65411/session/fa630d6e77293880606da6d301149516/element/3eec4e3c-6625-45d1-9c0b-eef534fe6f05/name'
21:10:40.313 [Forwarding getElementTagName on session fa630d6e77293880606da6d301149516 to remote] DEBUG org.asynchttpclient.netty.request.NettyRequestSender - Using open Channel [id: 0xd037f62a, L:/127.0.0.1:61561 - R:localhost/127.0.0.1:65411] for GET '/session/fa630d6e77293880606da6d301149516/element/3eec4e3c-6625-45d1-9c0b-eef534fe6f05/name'
21:10:40.322 [AsyncHttpClient-1-4] DEBUG org.asynchttpclient.netty.handler.HttpHandler - 

Request DefaultFullHttpRequest(decodeResult: success, version: HTTP/1.1, content: EmptyByteBufBE)
GET /session/fa630d6e77293880606da6d301149516/element/3eec4e3c-6625-45d1-9c0b-eef534fe6f05/name HTTP/1.1
User-Agent: selenium/4.1.2 (java windows)
Cache-Control: no-cache
Content-Type: application/json; charset=utf-8
host: localhost:65411
accept: */*

Response DefaultHttpResponse(decodeResult: success, version: HTTP/1.1)
HTTP/1.1 200 OK
Content-Type: application/json; charset=utf-8
cache-control: no-cache
content-length: 16

21:10:40.322 [AsyncHttpClient-1-4] DEBUG org.asynchttpclient.netty.channel.ChannelManager - Adding key: http://localhost:65411 for channel [id: 0xd037f62a, L:/127.0.0.1:61561 - R:localhost/127.0.0.1:65411]
21:10:40.324 [Forwarding getElementTagName on session fa630d6e77293880606da6d301149516 to remote] DEBUG org.asynchttpclient.netty.request.NettyRequestSender - Using pooled Channel '[id: 0xd037f62a, L:/127.0.0.1:61561 - R:localhost/127.0.0.1:65411]' for 'GET' to 'http://localhost:65411/session/fa630d6e77293880606da6d301149516/element/3eec4e3c-6625-45d1-9c0b-eef534fe6f05/name'
21:10:40.324 [Forwarding getElementTagName on session fa630d6e77293880606da6d301149516 to remote] DEBUG org.asynchttpclient.netty.request.NettyRequestSender - Using open Channel [id: 0xd037f62a, L:/127.0.0.1:61561 - R:localhost/127.0.0.1:65411] for GET '/session/fa630d6e77293880606da6d301149516/element/3eec4e3c-6625-45d1-9c0b-eef534fe6f05/name'
21:10:40.327 [AsyncHttpClient-1-4] DEBUG org.asynchttpclient.netty.handler.HttpHandler - 

Request DefaultFullHttpRequest(decodeResult: success, version: HTTP/1.1, content: EmptyByteBufBE)
GET /session/fa630d6e77293880606da6d301149516/element/3eec4e3c-6625-45d1-9c0b-eef534fe6f05/name HTTP/1.1
User-Agent: selenium/4.1.2 (java windows)
Cache-Control: no-cache
Content-Type: application/json; charset=utf-8
host: localhost:65411
accept: */*

Response DefaultHttpResponse(decodeResult: success, version: HTTP/1.1)
HTTP/1.1 200 OK
Content-Type: application/json; charset=utf-8
cache-control: no-cache
content-length: 16

21:10:40.327 [AsyncHttpClient-1-4] DEBUG org.asynchttpclient.netty.channel.ChannelManager - Adding key: http://localhost:65411 for channel [id: 0xd037f62a, L:/127.0.0.1:61561 - R:localhost/127.0.0.1:65411]
21:10:40.329 [Forwarding findElement on session fa630d6e77293880606da6d301149516 to remote] DEBUG org.asynchttpclient.netty.request.NettyRequestSender - Using pooled Channel '[id: 0xd037f62a, L:/127.0.0.1:61561 - R:localhost/127.0.0.1:65411]' for 'POST' to 'http://localhost:65411/session/fa630d6e77293880606da6d301149516/element'
21:10:40.329 [Forwarding findElement on session fa630d6e77293880606da6d301149516 to remote] DEBUG org.asynchttpclient.netty.request.NettyRequestSender - Using open Channel [id: 0xd037f62a, L:/127.0.0.1:61561 - R:localhost/127.0.0.1:65411] for POST '/session/fa630d6e77293880606da6d301149516/element'
21:10:40.338 [AsyncHttpClient-1-4] DEBUG org.asynchttpclient.netty.handler.HttpHandler - 

Request DefaultHttpRequest(decodeResult: success, version: HTTP/1.1)
POST /session/fa630d6e77293880606da6d301149516/element HTTP/1.1
User-Agent: selenium/4.1.2 (java windows)
Content-Length: 83
Content-Type: application/json; charset=utf-8
host: localhost:65411
accept: */*

Response DefaultHttpResponse(decodeResult: success, version: HTTP/1.1)
HTTP/1.1 200 OK
Content-Type: application/json; charset=utf-8
cache-control: no-cache
content-length: 88

21:10:40.339 [AsyncHttpClient-1-4] DEBUG org.asynchttpclient.netty.channel.ChannelManager - Adding key: http://localhost:65411 for channel [id: 0xd037f62a, L:/127.0.0.1:61561 - R:localhost/127.0.0.1:65411]
21:10:40.339 [Forwarding clickElement on session fa630d6e77293880606da6d301149516 to remote] DEBUG org.asynchttpclient.netty.request.NettyRequestSender - Using pooled Channel '[id: 0xd037f62a, L:/127.0.0.1:61561 - R:localhost/127.0.0.1:65411]' for 'POST' to 'http://localhost:65411/session/fa630d6e77293880606da6d301149516/element/3eec4e3c-6625-45d1-9c0b-eef534fe6f05/click'
21:10:40.339 [Forwarding clickElement on session fa630d6e77293880606da6d301149516 to remote] DEBUG org.asynchttpclient.netty.request.NettyRequestSender - Using open Channel [id: 0xd037f62a, L:/127.0.0.1:61561 - R:localhost/127.0.0.1:65411] for POST '/session/fa630d6e77293880606da6d301149516/element/3eec4e3c-6625-45d1-9c0b-eef534fe6f05/click'
21:10:40.383 [AsyncHttpClient-1-4] DEBUG org.asynchttpclient.netty.handler.HttpHandler - 

Request DefaultHttpRequest(decodeResult: success, version: HTTP/1.1)
POST /session/fa630d6e77293880606da6d301149516/element/3eec4e3c-6625-45d1-9c0b-eef534fe6f05/click HTTP/1.1
User-Agent: selenium/4.1.2 (java windows)
Content-Length: 50
Content-Type: application/json; charset=utf-8
host: localhost:65411
accept: */*

Response DefaultHttpResponse(decodeResult: success, version: HTTP/1.1)
HTTP/1.1 200 OK
Content-Type: application/json; charset=utf-8
cache-control: no-cache
content-length: 14

21:10:40.383 [AsyncHttpClient-1-4] DEBUG org.asynchttpclient.netty.channel.ChannelManager - Adding key: http://localhost:65411 for channel [id: 0xd037f62a, L:/127.0.0.1:61561 - R:localhost/127.0.0.1:65411]
  &amp#27;[32mAnd &amp#27;[0m&amp#27;[32mI click login button&amp#27;[0m                            &amp#27;[90m# starter.stepdefinitions.LoginStep.iClickLoginButton()&amp#27;[0m
21:10:40.390 [Forwarding screenshot on session fa630d6e77293880606da6d301149516 to remote] DEBUG org.asynchttpclient.netty.request.NettyRequestSender - Using pooled Channel '[id: 0xd037f62a, L:/127.0.0.1:61561 - R:localhost/127.0.0.1:65411]' for 'GET' to 'http://localhost:65411/session/fa630d6e77293880606da6d301149516/screenshot'
21:10:40.390 [Forwarding screenshot on session fa630d6e77293880606da6d301149516 to remote] DEBUG org.asynchttpclient.netty.request.NettyRequestSender - Using open Channel [id: 0xd037f62a, L:/127.0.0.1:61561 - R:localhost/127.0.0.1:65411] for GET '/session/fa630d6e77293880606da6d301149516/screenshot'
21:10:40.493 [AsyncHttpClient-1-4] DEBUG org.asynchttpclient.netty.handler.HttpHandler - 

Request DefaultFullHttpRequest(decodeResult: success, version: HTTP/1.1, content: EmptyByteBufBE)
GET /session/fa630d6e77293880606da6d301149516/screenshot HTTP/1.1
User-Agent: selenium/4.1.2 (java windows)
Cache-Control: no-cache
Content-Type: application/json; charset=utf-8
host: localhost:65411
accept: */*

Response DefaultHttpResponse(decodeResult: success, version: HTTP/1.1)
HTTP/1.1 200 OK
Content-Type: application/json; charset=utf-8
cache-control: no-cache
content-length: 29100

21:10:40.494 [AsyncHttpClient-1-4] DEBUG org.asynchttpclient.netty.channel.ChannelManager - Adding key: http://localhost:65411 for channel [id: 0xd037f62a, L:/127.0.0.1:61561 - R:localhost/127.0.0.1:65411]
21:10:40.495 [main] DEBUG net.serenitybdd.core.photography.Darkroom - Send negative for processing for target\site\serenity\4403e4c0d734521e2f148d6495d9969e564b90ba267dc45d60a21ea0e06d400a.png
21:10:40.495 [Darkroom Processing Line] DEBUG net.serenitybdd.core.photography.DarkroomProcessingLine - Processing screenshot image in /var/screenshots/screenshot-5495278006950397538
21:10:40.495 [Darkroom Processing Line] DEBUG net.serenitybdd.core.photography.DarkroomProcessingLine - Saving screenshot to target\site\serenity\4403e4c0d734521e2f148d6495d9969e564b90ba267dc45d60a21ea0e06d400a.png
21:10:40.502 [Forwarding findElement on session fa630d6e77293880606da6d301149516 to remote] DEBUG org.asynchttpclient.netty.request.NettyRequestSender - Using pooled Channel '[id: 0xd037f62a, L:/127.0.0.1:61561 - R:localhost/127.0.0.1:65411]' for 'POST' to 'http://localhost:65411/session/fa630d6e77293880606da6d301149516/element'
21:10:40.502 [Forwarding findElement on session fa630d6e77293880606da6d301149516 to remote] DEBUG org.asynchttpclient.netty.request.NettyRequestSender - Using open Channel [id: 0xd037f62a, L:/127.0.0.1:61561 - R:localhost/127.0.0.1:65411] for POST '/session/fa630d6e77293880606da6d301149516/element'
21:10:40.822 [AsyncHttpClient-1-1] DEBUG org.asynchttpclient.netty.channel.DefaultChannelPool - Entry count for : http://localhost:61562 : 1
21:10:41.755 [AsyncHttpClient-1-4] DEBUG org.asynchttpclient.netty.handler.HttpHandler - 

Request DefaultHttpRequest(decodeResult: success, version: HTTP/1.1)
POST /session/fa630d6e77293880606da6d301149516/element HTTP/1.1
User-Agent: selenium/4.1.2 (java windows)
Content-Length: 95
Content-Type: application/json; charset=utf-8
host: localhost:65411
accept: */*

Response DefaultHttpResponse(decodeResult: success, version: HTTP/1.1)
HTTP/1.1 200 OK
Content-Type: application/json; charset=utf-8
cache-control: no-cache
content-length: 88

21:10:41.755 [AsyncHttpClient-1-4] DEBUG org.asynchttpclient.netty.channel.ChannelManager - Adding key: http://localhost:65411 for channel [id: 0xd037f62a, L:/127.0.0.1:61561 - R:localhost/127.0.0.1:65411]
21:10:41.760 [Forwarding isElementDisplayed on session fa630d6e77293880606da6d301149516 to remote] DEBUG org.asynchttpclient.netty.request.NettyRequestSender - Using pooled Channel '[id: 0xd037f62a, L:/127.0.0.1:61561 - R:localhost/127.0.0.1:65411]' for 'POST' to 'http://localhost:65411/session/fa630d6e77293880606da6d301149516/execute/sync'
21:10:41.762 [Forwarding isElementDisplayed on session fa630d6e77293880606da6d301149516 to remote] DEBUG org.asynchttpclient.netty.request.NettyRequestSender - Using open Channel [id: 0xd037f62a, L:/127.0.0.1:61561 - R:localhost/127.0.0.1:65411] for POST '/session/fa630d6e77293880606da6d301149516/execute/sync'
21:10:41.778 [AsyncHttpClient-1-4] DEBUG org.asynchttpclient.netty.handler.HttpHandler - 

Request DefaultHttpRequest(decodeResult: success, version: HTTP/1.1)
POST /session/fa630d6e77293880606da6d301149516/execute/sync HTTP/1.1
User-Agent: selenium/4.1.2 (java windows)
Content-Length: 48780
Content-Type: application/json; charset=utf-8
host: localhost:65411
accept: */*

Response DefaultHttpResponse(decodeResult: success, version: HTTP/1.1)
HTTP/1.1 200 OK
Content-Type: application/json; charset=utf-8
cache-control: no-cache
content-length: 14

21:10:41.778 [AsyncHttpClient-1-4] DEBUG org.asynchttpclient.netty.channel.ChannelManager - Adding key: http://localhost:65411 for channel [id: 0xd037f62a, L:/127.0.0.1:61561 - R:localhost/127.0.0.1:65411]
  &amp#27;[32mThen &amp#27;[0m&amp#27;[32mI will get error message is invalid&amp#27;[0m            &amp#27;[90m# starter.stepdefinitions.LoginStep.iWillGetErrorMessageIsInvalid()&amp#27;[0m
21:10:41.782 [Forwarding screenshot on session fa630d6e77293880606da6d301149516 to remote] DEBUG org.asynchttpclient.netty.request.NettyRequestSender - Using pooled Channel '[id: 0xd037f62a, L:/127.0.0.1:61561 - R:localhost/127.0.0.1:65411]' for 'GET' to 'http://localhost:65411/session/fa630d6e77293880606da6d301149516/screenshot'
21:10:41.782 [Forwarding screenshot on session fa630d6e77293880606da6d301149516 to remote] DEBUG org.asynchttpclient.netty.request.NettyRequestSender - Using open Channel [id: 0xd037f62a, L:/127.0.0.1:61561 - R:localhost/127.0.0.1:65411] for GET '/session/fa630d6e77293880606da6d301149516/screenshot'
21:10:41.921 [AsyncHttpClient-1-4] DEBUG org.asynchttpclient.netty.handler.HttpHandler - 

Request DefaultFullHttpRequest(decodeResult: success, version: HTTP/1.1, content: EmptyByteBufBE)
GET /session/fa630d6e77293880606da6d301149516/screenshot HTTP/1.1
User-Agent: selenium/4.1.2 (java windows)
Cache-Control: no-cache
Content-Type: application/json; charset=utf-8
host: localhost:65411
accept: */*

Response DefaultHttpResponse(decodeResult: success, version: HTTP/1.1)
HTTP/1.1 200 OK
Content-Type: application/json; charset=utf-8
cache-control: no-cache
content-length: 34368

21:10:41.921 [AsyncHttpClient-1-4] DEBUG org.asynchttpclient.netty.channel.ChannelManager - Adding key: http://localhost:65411 for channel [id: 0xd037f62a, L:/127.0.0.1:61561 - R:localhost/127.0.0.1:65411]
21:10:41.923 [main] DEBUG net.serenitybdd.core.photography.Darkroom - Send negative for processing for target\site\serenity\157bf7b2e2728a96d3690a57680079c0eef4162e939e6c50a840913765d9693d.png
21:10:41.924 [Darkroom Processing Line] DEBUG net.serenitybdd.core.photography.DarkroomProcessingLine - Processing screenshot image in /var/screenshots/screenshot-7094191609453751267
21:10:41.924 [Darkroom Processing Line] DEBUG net.serenitybdd.core.photography.DarkroomProcessingLine - Saving screenshot to target\site\serenity\157bf7b2e2728a96d3690a57680079c0eef4162e939e6c50a840913765d9693d.png
21:10:41.924 [main] INFO  - 
  _____   ___   ___   _____     ___     _     ___   ___   ___   ___  
 |_   _| | __| / __| |_   _|   | _ \   /_\   / __| / __| | __| |   \ 
   | |   | _|  \__ \   | |     |  _/  / _ \  \__ \ \__ \ | _|  | |) |
   |_|   |___| |___/   |_|     |_|   /_/ \_\ |___/ |___/ |___| |___/ 

Login with valid email and invalid password
----------------------------------------------------------------------
21:10:41.925 [AsyncHttpClient-1-1] DEBUG org.asynchttpclient.netty.channel.DefaultChannelPool - Entry count for : http://localhost:61562 : 1
21:10:41.925 [AsyncHttpClient-1-1] DEBUG org.asynchttpclient.netty.channel.DefaultChannelPool - Entry count for : http://localhost:65411 : 1
21:10:41.925 [AsyncHttpClient-1-6] DEBUG org.asynchttpclient.netty.handler.WebSocketHandler - Channel Closed: [id: 0xe3bb62ad, L:/127.0.0.1:61569 ! R:localhost/127.0.0.1:61562] with attribute NettyResponseFuture{currentRetry=5,
	isDone=1,
	isCancelled=0,
	asyncHandler=org.asynchttpclient.ws.WebSocketUpgradeHandler@1039c718,
	nettyRequest=org.asynchttpclient.netty.request.NettyRequest@389b323,
	future=java.util.concurrent.CompletableFuture@68ab2d4d[Completed normally],
	uri=ws://localhost:61562/devtools/browser/55cd06ec-1442-4979-89db-8e6571364a81,
	keepAlive=true,
	redirectCount=0,
	timeoutsHolder=null,
	inAuth=0,
	touch=1667916638702}
21:10:41.926 [AsyncHttpClient-1-6] DEBUG org.asynchttpclient.netty.channel.ChannelManager - Closing Channel [id: 0xe3bb62ad, L:/127.0.0.1:61569 ! R:localhost/127.0.0.1:61562] 
21:10:41.926 [Driver Command Executor] DEBUG org.asynchttpclient.netty.request.NettyRequestSender - Using pooled Channel '[id: 0xd037f62a, L:/127.0.0.1:61561 - R:localhost/127.0.0.1:65411]' for 'DELETE' to 'http://localhost:65411/session/fa630d6e77293880606da6d301149516'
21:10:41.926 [Driver Command Executor] DEBUG org.asynchttpclient.netty.request.NettyRequestSender - Using open Channel [id: 0xd037f62a, L:/127.0.0.1:61561 - R:localhost/127.0.0.1:65411] for DELETE '/session/fa630d6e77293880606da6d301149516'
21:10:41.948 [AsyncHttpClient-1-5] DEBUG org.asynchttpclient.netty.handler.HttpHandler - Unexpected I/O exception on channel [id: 0x014fdfcc, L:/127.0.0.1:61568 - R:localhost/127.0.0.1:61562]
java.io.IOException: An existing connection was forcibly closed by the remote host
	at java.base/sun.nio.ch.SocketDispatcher.read0(Native Method)
	at java.base/sun.nio.ch.SocketDispatcher.read(SocketDispatcher.java:43)
	at java.base/sun.nio.ch.IOUtil.readIntoNativeBuffer(IOUtil.java:276)
	at java.base/sun.nio.ch.IOUtil.read(IOUtil.java:233)
	at java.base/sun.nio.ch.IOUtil.read(IOUtil.java:223)
	at java.base/sun.nio.ch.SocketChannelImpl.read(SocketChannelImpl.java:358)
	at io.netty.buffer.PooledByteBuf.setBytes(PooledByteBuf.java:258)
	at io.netty.buffer.AbstractByteBuf.writeBytes(AbstractByteBuf.java:1132)
	at io.netty.channel.socket.nio.NioSocketChannel.doReadBytes(NioSocketChannel.java:350)
	at io.netty.channel.nio.AbstractNioByteChannel$NioByteUnsafe.read(AbstractNioByteChannel.java:151)
	at io.netty.channel.nio.NioEventLoop.processSelectedKey(NioEventLoop.java:722)
	at io.netty.channel.nio.NioEventLoop.processSelectedKeysOptimized(NioEventLoop.java:658)
	at io.netty.channel.nio.NioEventLoop.processSelectedKeys(NioEventLoop.java:584)
	at io.netty.channel.nio.NioEventLoop.run(NioEventLoop.java:496)
	at io.netty.util.concurrent.SingleThreadEventExecutor$4.run(SingleThreadEventExecutor.java:986)
	at io.netty.util.internal.ThreadExecutorMap$2.run(ThreadExecutorMap.java:74)
	at io.netty.util.concurrent.FastThreadLocalRunnable.run(FastThreadLocalRunnable.java:30)
	at java.base/java.lang.Thread.run(Thread.java:834)
21:10:41.948 [AsyncHttpClient-1-5] DEBUG org.asynchttpclient.netty.channel.ChannelManager - Closing Channel [id: 0x014fdfcc, L:/127.0.0.1:61568 - R:localhost/127.0.0.1:61562] 
21:10:41.949 [AsyncHttpClient-1-5] DEBUG org.asynchttpclient.netty.handler.HttpHandler - Channel Closed: [id: 0x014fdfcc, L:/127.0.0.1:61568 ! R:localhost/127.0.0.1:61562] with attribute DISCARD
21:10:41.962 [AsyncHttpClient-1-4] DEBUG org.asynchttpclient.netty.handler.HttpHandler - 

Request DefaultFullHttpRequest(decodeResult: success, version: HTTP/1.1, content: EmptyByteBufBE)
DELETE /session/fa630d6e77293880606da6d301149516 HTTP/1.1
User-Agent: selenium/4.1.2 (java windows)
Content-Type: application/json; charset=utf-8
host: localhost:65411
accept: */*

Response DefaultHttpResponse(decodeResult: success, version: HTTP/1.1)
HTTP/1.1 200 OK
Content-Type: application/json; charset=utf-8
cache-control: no-cache
content-length: 14

21:10:41.962 [AsyncHttpClient-1-4] DEBUG org.asynchttpclient.netty.channel.ChannelManager - Adding key: http://localhost:65411 for channel [id: 0xd037f62a, L:/127.0.0.1:61561 - R:localhost/127.0.0.1:65411]
21:10:42.012 [AsyncHttpClient-1-4] DEBUG org.asynchttpclient.netty.handler.HttpHandler - Channel Closed: [id: 0xd037f62a, L:/127.0.0.1:61561 ! R:localhost/127.0.0.1:65411] with attribute DISCARD
]]></system-out>
    <system-err><![CDATA[Starting ChromeDriver 106.0.5249.61 (511755355844955cd3e264779baf0dd38212a4d0-refs/branch-heads/5249@{#569}) on port 65411
Only local connections are allowed.
Please see https://chromedriver.chromium.org/security-considerations for suggestions on keeping ChromeDriver safe.
ChromeDriver was started successfully.
[1667916638.650][WARNING]: This version of ChromeDriver has not been tested with Chrome version 107.
Nov 08, 2022 9:10:38 PM org.openqa.selenium.remote.ProtocolHandshake createSession
INFO: Detected dialect: W3C
Nov 08, 2022 9:10:38 PM org.openqa.selenium.devtools.CdpVersionFinder findNearestMatch
WARNING: Unable to find an exact match for CDP version 107, so returning the closest version found: a no-op implementation
Nov 08, 2022 9:10:38 PM org.openqa.selenium.devtools.CdpVersionFinder findNearestMatch
INFO: Unable to find CDP implementation matching 107.
Nov 08, 2022 9:10:38 PM org.openqa.selenium.chromium.ChromiumDriver lambda$new$3
WARNING: Unable to find version of CDP to use for . You may need to include a dependency on a specific version of the CDP using something similar to `org.seleniumhq.selenium:selenium-devtools-v86:4.1.2` where the version ("v86") matches the version of the chromium-based browser you're using and the version number of the artifact is the same as Selenium's.
]]></system-err>
  </testcase>
  <testcase name="Login with invalid email and valid password" classname="Login" time="4.313">
    <system-out><![CDATA[
@Login
Scenario: Login with invalid email and valid password &amp#27;[90m# src/test/resources/features/login.feature:35&amp#27;[0m
21:10:42.058 [main] INFO io.cucumber.core.plugin.SerenityReporter - Running feature from file:///D:/miniproject/webtesting/src/test/resources/features/login.feature
21:10:42.059 [main] INFO  - 
  _____   ___   ___   _____     ___   _____     _     ___   _____   ___   ___  
 |_   _| | __| / __| |_   _|   / __| |_   _|   /_\   | _ \ |_   _| | __| |   \ 
   | |   | _|  \__ \   | |     \__ \   | |    / _ \  |   /   | |   | _|  | |) |
   |_|   |___| |___/   |_|     |___/   |_|   /_/ \_\ |_|_\   |_|   |___| |___/ 

Login with invalid email and valid password(login;login-with-invalid-email-and-valid-password)
--------------------------------------------------------------------------------
21:10:42.073 [main] INFO net.serenitybdd.core.webdriver.driverproviders.ChromeDriverProvider - Using automatically driver download
21:10:42.168 [main] DEBUG io.github.bonigarcia.wdm.cache.ResolutionCache - Resolution chrome=107 in cache (valid until 22:09:52 08/11/2022 ICT)
21:10:42.171 [main] DEBUG io.github.bonigarcia.wdm.cache.ResolutionCache - Resolution chrome107=107.0.5304.62 in cache (valid until 21:09:52 09/11/2022 ICT)
21:10:42.172 [main] INFO io.github.bonigarcia.wdm.WebDriverManager - Using chromedriver 107.0.5304.62 (resolved driver for Chrome 107)
21:10:42.183 [main] DEBUG io.github.bonigarcia.wdm.WebDriverManager - Driver chromedriver 107.0.5304.62 found in cache
21:10:42.184 [main] INFO io.github.bonigarcia.wdm.WebDriverManager - Exporting webdriver.chrome.driver as C:\Users\Yusuf Efendi\.cache\selenium\chromedriver\win32\107.0.5304.62\chromedriver.exe
21:10:42.284 [main] DEBUG net.serenitybdd.core.webdriver.driverproviders.ProvideNewDriver - Instantiating driver
21:10:42.284 [main] DEBUG net.serenitybdd.core.webdriver.driverproviders.ProvideNewDriver - Driver capabilities: Capabilities {acceptInsecureCerts: false, base.url: https://alta-shop.vercel.app, browserName: chrome, chrome.driver: src/test/resources/webdrive..., driver: chrome, goog:chromeOptions: {args: [], extensions: []}, wait.for.timeout: 7000}
21:10:42.356 [AsyncHttpClient-1-7] DEBUG org.asynchttpclient.netty.channel.NettyConnectListener - Using new Channel '[id: 0x7878fe4b, L:/127.0.0.1:61584 - R:localhost/127.0.0.1:59832]' for 'POST' to '/session'
21:10:42.946 [AsyncHttpClient-1-7] DEBUG org.asynchttpclient.netty.handler.HttpHandler - 

Request DefaultHttpRequest(decodeResult: success, version: HTTP/1.1)
POST /session HTTP/1.1
User-Agent: selenium/4.1.2 (java windows)
Content-Length: 639
Content-Type: application/json; charset=utf-8
host: localhost:59832
accept: */*

Response DefaultHttpResponse(decodeResult: success, version: HTTP/1.1)
HTTP/1.1 200 OK
Content-Type: application/json; charset=utf-8
cache-control: no-cache
content-length: 791

21:10:42.946 [AsyncHttpClient-1-7] DEBUG org.asynchttpclient.netty.channel.ChannelManager - Adding key: http://localhost:59832 for channel [id: 0x7878fe4b, L:/127.0.0.1:61584 - R:localhost/127.0.0.1:59832]
21:10:42.954 [AsyncHttpClient-1-8] DEBUG org.asynchttpclient.netty.channel.NettyConnectListener - Using new Channel '[id: 0xe669af48, L:/127.0.0.1:61591 - R:localhost/127.0.0.1:61585]' for 'GET' to '/json/version'
21:10:42.954 [AsyncHttpClient-1-8] DEBUG org.asynchttpclient.netty.handler.HttpHandler - 

Request DefaultFullHttpRequest(decodeResult: success, version: HTTP/1.1, content: EmptyByteBufBE)
GET /json/version HTTP/1.1
User-Agent: selenium/4.1.2 (java windows)
host: localhost:61585
accept: */*

Response DefaultHttpResponse(decodeResult: success, version: HTTP/1.1)
HTTP/1.1 200 OK
Content-Type: application/json; charset=UTF-8
content-length: 423

21:10:42.955 [AsyncHttpClient-1-8] DEBUG org.asynchttpclient.netty.channel.ChannelManager - Adding key: http://localhost:61585 for channel [id: 0xe669af48, L:/127.0.0.1:61591 - R:localhost/127.0.0.1:61585]
21:10:42.957 [AsyncHttpClient-1-9] DEBUG org.asynchttpclient.netty.channel.NettyConnectListener - Using new Channel '[id: 0x713031db, L:/127.0.0.1:61592 - R:localhost/127.0.0.1:61585]' for 'GET' to '/devtools/browser/a136e961-aab9-464d-85f6-269b5e1bad89'
21:10:42.958 [AsyncHttpClient-1-9] DEBUG org.asynchttpclient.netty.handler.WebSocketHandler - 

Request DefaultFullHttpRequest(decodeResult: success, version: HTTP/1.1, content: EmptyByteBufBE)
GET /devtools/browser/a136e961-aab9-464d-85f6-269b5e1bad89 HTTP/1.1
upgrade: websocket
connection: upgrade
sec-websocket-key: hEoWR4gZVVI7PhxySw+3dg==
sec-websocket-version: 13
origin: http://localhost:61585
host: localhost:61585
accept: */*
user-agent: AHC/2.1

Response DefaultHttpResponse(decodeResult: success, version: HTTP/1.1)
HTTP/1.1 101 WebSocket Protocol Handshake
Upgrade: WebSocket
Connection: Upgrade
Sec-WebSocket-Accept: E9ctkos9cTldvOQY1vw2hDUFC0w=

21:10:42.964 [Forwarding get on session 5259a5e2bd9e2710319a4693ee96b4f0 to remote] DEBUG org.asynchttpclient.netty.request.NettyRequestSender - Using pooled Channel '[id: 0x7878fe4b, L:/127.0.0.1:61584 - R:localhost/127.0.0.1:59832]' for 'POST' to 'http://localhost:59832/session/5259a5e2bd9e2710319a4693ee96b4f0/url'
21:10:42.964 [Forwarding get on session 5259a5e2bd9e2710319a4693ee96b4f0 to remote] DEBUG org.asynchttpclient.netty.request.NettyRequestSender - Using open Channel [id: 0x7878fe4b, L:/127.0.0.1:61584 - R:localhost/127.0.0.1:59832] for POST '/session/5259a5e2bd9e2710319a4693ee96b4f0/url'
21:10:43.018 [AsyncHttpClient-1-1] DEBUG org.asynchttpclient.netty.channel.DefaultChannelPool - Entry count for : http://localhost:61585 : 1
21:10:43.018 [AsyncHttpClient-1-1] DEBUG org.asynchttpclient.netty.channel.DefaultChannelPool - Entry count for : http://localhost:61562 : 1
21:10:43.018 [AsyncHttpClient-1-1] DEBUG org.asynchttpclient.netty.channel.DefaultChannelPool - Entry count for : http://localhost:65411 : 1
21:10:43.018 [AsyncHttpClient-1-1] DEBUG org.asynchttpclient.netty.channel.DefaultChannelPool - Adding Candidate expired Channel [id: 0x014fdfcc, L:/127.0.0.1:61568 ! R:localhost/127.0.0.1:61562] isIdleTimeoutExpired=false isRemotelyClosed=true isTtlExpired=false
21:10:43.018 [AsyncHttpClient-1-1] DEBUG org.asynchttpclient.netty.channel.DefaultChannelPool - Closing Idle Channel [id: 0x014fdfcc, L:/127.0.0.1:61568 ! R:localhost/127.0.0.1:61562]
21:10:43.018 [AsyncHttpClient-1-1] DEBUG org.asynchttpclient.netty.channel.DefaultChannelPool - Adding Candidate expired Channel [id: 0xd037f62a, L:/127.0.0.1:61561 ! R:localhost/127.0.0.1:65411] isIdleTimeoutExpired=false isRemotelyClosed=true isTtlExpired=false
21:10:43.018 [AsyncHttpClient-1-1] DEBUG org.asynchttpclient.netty.channel.DefaultChannelPool - Closing Idle Channel [id: 0xd037f62a, L:/127.0.0.1:61561 ! R:localhost/127.0.0.1:65411]
21:10:43.018 [AsyncHttpClient-1-1] DEBUG org.asynchttpclient.netty.channel.DefaultChannelPool - Closed 2 connections out of 3 in 0 ms
21:10:43.725 [AsyncHttpClient-1-7] DEBUG org.asynchttpclient.netty.handler.HttpHandler - 

Request DefaultHttpRequest(decodeResult: success, version: HTTP/1.1)
POST /session/5259a5e2bd9e2710319a4693ee96b4f0/url HTTP/1.1
User-Agent: selenium/4.1.2 (java windows)
Content-Length: 74
Content-Type: application/json; charset=utf-8
host: localhost:59832
accept: */*

Response DefaultHttpResponse(decodeResult: success, version: HTTP/1.1)
HTTP/1.1 200 OK
Content-Type: application/json; charset=utf-8
cache-control: no-cache
content-length: 14

21:10:43.725 [AsyncHttpClient-1-7] DEBUG org.asynchttpclient.netty.channel.ChannelManager - Adding key: http://localhost:59832 for channel [id: 0x7878fe4b, L:/127.0.0.1:61584 - R:localhost/127.0.0.1:59832]
21:10:43.727 [Forwarding setTimeout on session 5259a5e2bd9e2710319a4693ee96b4f0 to remote] DEBUG org.asynchttpclient.netty.request.NettyRequestSender - Using pooled Channel '[id: 0x7878fe4b, L:/127.0.0.1:61584 - R:localhost/127.0.0.1:59832]' for 'POST' to 'http://localhost:59832/session/5259a5e2bd9e2710319a4693ee96b4f0/timeouts'
21:10:43.728 [Forwarding setTimeout on session 5259a5e2bd9e2710319a4693ee96b4f0 to remote] DEBUG org.asynchttpclient.netty.request.NettyRequestSender - Using open Channel [id: 0x7878fe4b, L:/127.0.0.1:61584 - R:localhost/127.0.0.1:59832] for POST '/session/5259a5e2bd9e2710319a4693ee96b4f0/timeouts'
21:10:43.729 [AsyncHttpClient-1-7] DEBUG org.asynchttpclient.netty.handler.HttpHandler - 

Request DefaultHttpRequest(decodeResult: success, version: HTTP/1.1)
POST /session/5259a5e2bd9e2710319a4693ee96b4f0/timeouts HTTP/1.1
User-Agent: selenium/4.1.2 (java windows)
Content-Length: 22
Content-Type: application/json; charset=utf-8
host: localhost:59832
accept: */*

Response DefaultHttpResponse(decodeResult: success, version: HTTP/1.1)
HTTP/1.1 200 OK
Content-Type: application/json; charset=utf-8
cache-control: no-cache
content-length: 14

21:10:43.729 [AsyncHttpClient-1-7] DEBUG org.asynchttpclient.netty.channel.ChannelManager - Adding key: http://localhost:59832 for channel [id: 0x7878fe4b, L:/127.0.0.1:61584 - R:localhost/127.0.0.1:59832]
21:10:43.733 [Forwarding getCurrentUrl on session 5259a5e2bd9e2710319a4693ee96b4f0 to remote] DEBUG org.asynchttpclient.netty.request.NettyRequestSender - Using pooled Channel '[id: 0x7878fe4b, L:/127.0.0.1:61584 - R:localhost/127.0.0.1:59832]' for 'GET' to 'http://localhost:59832/session/5259a5e2bd9e2710319a4693ee96b4f0/url'
21:10:43.733 [Forwarding getCurrentUrl on session 5259a5e2bd9e2710319a4693ee96b4f0 to remote] DEBUG org.asynchttpclient.netty.request.NettyRequestSender - Using open Channel [id: 0x7878fe4b, L:/127.0.0.1:61584 - R:localhost/127.0.0.1:59832] for GET '/session/5259a5e2bd9e2710319a4693ee96b4f0/url'
21:10:43.739 [AsyncHttpClient-1-7] DEBUG org.asynchttpclient.netty.handler.HttpHandler - 

Request DefaultFullHttpRequest(decodeResult: success, version: HTTP/1.1, content: EmptyByteBufBE)
GET /session/5259a5e2bd9e2710319a4693ee96b4f0/url HTTP/1.1
User-Agent: selenium/4.1.2 (java windows)
Cache-Control: no-cache
Content-Type: application/json; charset=utf-8
host: localhost:59832
accept: */*

Response DefaultHttpResponse(decodeResult: success, version: HTTP/1.1)
HTTP/1.1 200 OK
Content-Type: application/json; charset=utf-8
cache-control: no-cache
content-length: 51

21:10:43.739 [AsyncHttpClient-1-7] DEBUG org.asynchttpclient.netty.channel.ChannelManager - Adding key: http://localhost:59832 for channel [id: 0x7878fe4b, L:/127.0.0.1:61584 - R:localhost/127.0.0.1:59832]
  &amp#27;[32mGiven &amp#27;[0m&amp#27;[32mI am on the login page&amp#27;[0m                        &amp#27;[90m# starter.stepdefinitions.LoginStep.iAmOnTheLoginPage()&amp#27;[0m
21:10:43.747 [Forwarding screenshot on session 5259a5e2bd9e2710319a4693ee96b4f0 to remote] DEBUG org.asynchttpclient.netty.request.NettyRequestSender - Using pooled Channel '[id: 0x7878fe4b, L:/127.0.0.1:61584 - R:localhost/127.0.0.1:59832]' for 'GET' to 'http://localhost:59832/session/5259a5e2bd9e2710319a4693ee96b4f0/screenshot'
21:10:43.748 [Forwarding screenshot on session 5259a5e2bd9e2710319a4693ee96b4f0 to remote] DEBUG org.asynchttpclient.netty.request.NettyRequestSender - Using open Channel [id: 0x7878fe4b, L:/127.0.0.1:61584 - R:localhost/127.0.0.1:59832] for GET '/session/5259a5e2bd9e2710319a4693ee96b4f0/screenshot'
21:10:43.967 [AsyncHttpClient-1-7] DEBUG org.asynchttpclient.netty.handler.HttpHandler - 

Request DefaultFullHttpRequest(decodeResult: success, version: HTTP/1.1, content: EmptyByteBufBE)
GET /session/5259a5e2bd9e2710319a4693ee96b4f0/screenshot HTTP/1.1
User-Agent: selenium/4.1.2 (java windows)
Cache-Control: no-cache
Content-Type: application/json; charset=utf-8
host: localhost:59832
accept: */*

Response DefaultHttpResponse(decodeResult: success, version: HTTP/1.1)
HTTP/1.1 200 OK
Content-Type: application/json; charset=utf-8
cache-control: no-cache
content-length: 22956

21:10:43.968 [AsyncHttpClient-1-7] DEBUG org.asynchttpclient.netty.channel.ChannelManager - Adding key: http://localhost:59832 for channel [id: 0x7878fe4b, L:/127.0.0.1:61584 - R:localhost/127.0.0.1:59832]
21:10:43.969 [main] DEBUG net.serenitybdd.core.photography.Darkroom - Send negative for processing for target\site\serenity\aee116daef9f70687dbaee6bc527f5648618468770bbd8309c15c6b66fad3d98.png
21:10:43.977 [Forwarding findElement on session 5259a5e2bd9e2710319a4693ee96b4f0 to remote] DEBUG org.asynchttpclient.netty.request.NettyRequestSender - Using pooled Channel '[id: 0x7878fe4b, L:/127.0.0.1:61584 - R:localhost/127.0.0.1:59832]' for 'POST' to 'http://localhost:59832/session/5259a5e2bd9e2710319a4693ee96b4f0/element'
21:10:43.977 [Forwarding findElement on session 5259a5e2bd9e2710319a4693ee96b4f0 to remote] DEBUG org.asynchttpclient.netty.request.NettyRequestSender - Using open Channel [id: 0x7878fe4b, L:/127.0.0.1:61584 - R:localhost/127.0.0.1:59832] for POST '/session/5259a5e2bd9e2710319a4693ee96b4f0/element'
21:10:43.989 [AsyncHttpClient-1-7] DEBUG org.asynchttpclient.netty.handler.HttpHandler - 

Request DefaultHttpRequest(decodeResult: success, version: HTTP/1.1)
POST /session/5259a5e2bd9e2710319a4693ee96b4f0/element HTTP/1.1
User-Agent: selenium/4.1.2 (java windows)
Content-Length: 86
Content-Type: application/json; charset=utf-8
host: localhost:59832
accept: */*

Response DefaultHttpResponse(decodeResult: success, version: HTTP/1.1)
HTTP/1.1 200 OK
Content-Type: application/json; charset=utf-8
cache-control: no-cache
content-length: 88

21:10:43.989 [AsyncHttpClient-1-7] DEBUG org.asynchttpclient.netty.channel.ChannelManager - Adding key: http://localhost:59832 for channel [id: 0x7878fe4b, L:/127.0.0.1:61584 - R:localhost/127.0.0.1:59832]
21:10:43.990 [Forwarding clearElement on session 5259a5e2bd9e2710319a4693ee96b4f0 to remote] DEBUG org.asynchttpclient.netty.request.NettyRequestSender - Using pooled Channel '[id: 0x7878fe4b, L:/127.0.0.1:61584 - R:localhost/127.0.0.1:59832]' for 'POST' to 'http://localhost:59832/session/5259a5e2bd9e2710319a4693ee96b4f0/element/6023d530-8557-43f9-8f05-e7162bf9eaca/clear'
21:10:43.990 [Forwarding clearElement on session 5259a5e2bd9e2710319a4693ee96b4f0 to remote] DEBUG org.asynchttpclient.netty.request.NettyRequestSender - Using open Channel [id: 0x7878fe4b, L:/127.0.0.1:61584 - R:localhost/127.0.0.1:59832] for POST '/session/5259a5e2bd9e2710319a4693ee96b4f0/element/6023d530-8557-43f9-8f05-e7162bf9eaca/clear'
21:10:44.023 [AsyncHttpClient-1-7] DEBUG org.asynchttpclient.netty.handler.HttpHandler - 

Request DefaultHttpRequest(decodeResult: success, version: HTTP/1.1)
POST /session/5259a5e2bd9e2710319a4693ee96b4f0/element/6023d530-8557-43f9-8f05-e7162bf9eaca/clear HTTP/1.1
User-Agent: selenium/4.1.2 (java windows)
Content-Length: 50
Content-Type: application/json; charset=utf-8
host: localhost:59832
accept: */*

Response DefaultHttpResponse(decodeResult: success, version: HTTP/1.1)
HTTP/1.1 200 OK
Content-Type: application/json; charset=utf-8
cache-control: no-cache
content-length: 14

21:10:44.024 [AsyncHttpClient-1-7] DEBUG org.asynchttpclient.netty.channel.ChannelManager - Adding key: http://localhost:59832 for channel [id: 0x7878fe4b, L:/127.0.0.1:61584 - R:localhost/127.0.0.1:59832]
21:10:44.025 [Forwarding sendKeysToElement on session 5259a5e2bd9e2710319a4693ee96b4f0 to remote] DEBUG org.asynchttpclient.netty.request.NettyRequestSender - Using pooled Channel '[id: 0x7878fe4b, L:/127.0.0.1:61584 - R:localhost/127.0.0.1:59832]' for 'POST' to 'http://localhost:59832/session/5259a5e2bd9e2710319a4693ee96b4f0/element/6023d530-8557-43f9-8f05-e7162bf9eaca/value'
21:10:44.025 [Forwarding sendKeysToElement on session 5259a5e2bd9e2710319a4693ee96b4f0 to remote] DEBUG org.asynchttpclient.netty.request.NettyRequestSender - Using open Channel [id: 0x7878fe4b, L:/127.0.0.1:61584 - R:localhost/127.0.0.1:59832] for POST '/session/5259a5e2bd9e2710319a4693ee96b4f0/element/6023d530-8557-43f9-8f05-e7162bf9eaca/value'
21:10:44.118 [AsyncHttpClient-1-1] DEBUG org.asynchttpclient.netty.channel.DefaultChannelPool - Entry count for : http://localhost:61585 : 1
21:10:44.133 [AsyncHttpClient-1-7] DEBUG org.asynchttpclient.netty.handler.HttpHandler - 

Request DefaultHttpRequest(decodeResult: success, version: HTTP/1.1)
POST /session/5259a5e2bd9e2710319a4693ee96b4f0/element/6023d530-8557-43f9-8f05-e7162bf9eaca/value HTTP/1.1
User-Agent: selenium/4.1.2 (java windows)
Content-Length: 261
Content-Type: application/json; charset=utf-8
host: localhost:59832
accept: */*

Response DefaultHttpResponse(decodeResult: success, version: HTTP/1.1)
HTTP/1.1 200 OK
Content-Type: application/json; charset=utf-8
cache-control: no-cache
content-length: 14

21:10:44.134 [AsyncHttpClient-1-7] DEBUG org.asynchttpclient.netty.channel.ChannelManager - Adding key: http://localhost:59832 for channel [id: 0x7878fe4b, L:/127.0.0.1:61584 - R:localhost/127.0.0.1:59832]
  &amp#27;[32mWhen &amp#27;[0m&amp#27;[32mI input invalid email&amp#27;[0m                          &amp#27;[90m# starter.stepdefinitions.LoginStep.iInputInvalidEmail()&amp#27;[0m
21:10:44.139 [Forwarding screenshot on session 5259a5e2bd9e2710319a4693ee96b4f0 to remote] DEBUG org.asynchttpclient.netty.request.NettyRequestSender - Using pooled Channel '[id: 0x7878fe4b, L:/127.0.0.1:61584 - R:localhost/127.0.0.1:59832]' for 'GET' to 'http://localhost:59832/session/5259a5e2bd9e2710319a4693ee96b4f0/screenshot'
21:10:44.139 [Forwarding screenshot on session 5259a5e2bd9e2710319a4693ee96b4f0 to remote] DEBUG org.asynchttpclient.netty.request.NettyRequestSender - Using open Channel [id: 0x7878fe4b, L:/127.0.0.1:61584 - R:localhost/127.0.0.1:59832] for GET '/session/5259a5e2bd9e2710319a4693ee96b4f0/screenshot'
21:10:44.283 [AsyncHttpClient-1-7] DEBUG org.asynchttpclient.netty.handler.HttpHandler - 

Request DefaultFullHttpRequest(decodeResult: success, version: HTTP/1.1, content: EmptyByteBufBE)
GET /session/5259a5e2bd9e2710319a4693ee96b4f0/screenshot HTTP/1.1
User-Agent: selenium/4.1.2 (java windows)
Cache-Control: no-cache
Content-Type: application/json; charset=utf-8
host: localhost:59832
accept: */*

Response DefaultHttpResponse(decodeResult: success, version: HTTP/1.1)
HTTP/1.1 200 OK
Content-Type: application/json; charset=utf-8
cache-control: no-cache
content-length: 28144

21:10:44.284 [AsyncHttpClient-1-7] DEBUG org.asynchttpclient.netty.channel.ChannelManager - Adding key: http://localhost:59832 for channel [id: 0x7878fe4b, L:/127.0.0.1:61584 - R:localhost/127.0.0.1:59832]
21:10:44.286 [main] DEBUG net.serenitybdd.core.photography.Darkroom - Send negative for processing for target\site\serenity\e4e47f9880b615ef7438ee79d13599213818ee719089e2df81267223327666e7.png
21:10:44.287 [Darkroom Processing Line] DEBUG net.serenitybdd.core.photography.DarkroomProcessingLine - Processing screenshot image in /var/screenshots/screenshot-17924703613519495702
21:10:44.287 [Darkroom Processing Line] DEBUG net.serenitybdd.core.photography.DarkroomProcessingLine - Saving screenshot to target\site\serenity\e4e47f9880b615ef7438ee79d13599213818ee719089e2df81267223327666e7.png
21:10:44.293 [Forwarding findElement on session 5259a5e2bd9e2710319a4693ee96b4f0 to remote] DEBUG org.asynchttpclient.netty.request.NettyRequestSender - Using pooled Channel '[id: 0x7878fe4b, L:/127.0.0.1:61584 - R:localhost/127.0.0.1:59832]' for 'POST' to 'http://localhost:59832/session/5259a5e2bd9e2710319a4693ee96b4f0/element'
21:10:44.293 [Forwarding findElement on session 5259a5e2bd9e2710319a4693ee96b4f0 to remote] DEBUG org.asynchttpclient.netty.request.NettyRequestSender - Using open Channel [id: 0x7878fe4b, L:/127.0.0.1:61584 - R:localhost/127.0.0.1:59832] for POST '/session/5259a5e2bd9e2710319a4693ee96b4f0/element'
21:10:44.305 [AsyncHttpClient-1-7] DEBUG org.asynchttpclient.netty.handler.HttpHandler - 

Request DefaultHttpRequest(decodeResult: success, version: HTTP/1.1)
POST /session/5259a5e2bd9e2710319a4693ee96b4f0/element HTTP/1.1
User-Agent: selenium/4.1.2 (java windows)
Content-Length: 89
Content-Type: application/json; charset=utf-8
host: localhost:59832
accept: */*

Response DefaultHttpResponse(decodeResult: success, version: HTTP/1.1)
HTTP/1.1 200 OK
Content-Type: application/json; charset=utf-8
cache-control: no-cache
content-length: 88

21:10:44.305 [AsyncHttpClient-1-7] DEBUG org.asynchttpclient.netty.channel.ChannelManager - Adding key: http://localhost:59832 for channel [id: 0x7878fe4b, L:/127.0.0.1:61584 - R:localhost/127.0.0.1:59832]
21:10:44.305 [Forwarding clearElement on session 5259a5e2bd9e2710319a4693ee96b4f0 to remote] DEBUG org.asynchttpclient.netty.request.NettyRequestSender - Using pooled Channel '[id: 0x7878fe4b, L:/127.0.0.1:61584 - R:localhost/127.0.0.1:59832]' for 'POST' to 'http://localhost:59832/session/5259a5e2bd9e2710319a4693ee96b4f0/element/b8b73090-80a2-4013-87c4-60021a99ded1/clear'
21:10:44.305 [Forwarding clearElement on session 5259a5e2bd9e2710319a4693ee96b4f0 to remote] DEBUG org.asynchttpclient.netty.request.NettyRequestSender - Using open Channel [id: 0x7878fe4b, L:/127.0.0.1:61584 - R:localhost/127.0.0.1:59832] for POST '/session/5259a5e2bd9e2710319a4693ee96b4f0/element/b8b73090-80a2-4013-87c4-60021a99ded1/clear'
21:10:44.336 [AsyncHttpClient-1-7] DEBUG org.asynchttpclient.netty.handler.HttpHandler - 

Request DefaultHttpRequest(decodeResult: success, version: HTTP/1.1)
POST /session/5259a5e2bd9e2710319a4693ee96b4f0/element/b8b73090-80a2-4013-87c4-60021a99ded1/clear HTTP/1.1
User-Agent: selenium/4.1.2 (java windows)
Content-Length: 50
Content-Type: application/json; charset=utf-8
host: localhost:59832
accept: */*

Response DefaultHttpResponse(decodeResult: success, version: HTTP/1.1)
HTTP/1.1 200 OK
Content-Type: application/json; charset=utf-8
cache-control: no-cache
content-length: 14

21:10:44.336 [AsyncHttpClient-1-7] DEBUG org.asynchttpclient.netty.channel.ChannelManager - Adding key: http://localhost:59832 for channel [id: 0x7878fe4b, L:/127.0.0.1:61584 - R:localhost/127.0.0.1:59832]
21:10:44.337 [Forwarding sendKeysToElement on session 5259a5e2bd9e2710319a4693ee96b4f0 to remote] DEBUG org.asynchttpclient.netty.request.NettyRequestSender - Using pooled Channel '[id: 0x7878fe4b, L:/127.0.0.1:61584 - R:localhost/127.0.0.1:59832]' for 'POST' to 'http://localhost:59832/session/5259a5e2bd9e2710319a4693ee96b4f0/element/b8b73090-80a2-4013-87c4-60021a99ded1/value'
21:10:44.338 [Forwarding sendKeysToElement on session 5259a5e2bd9e2710319a4693ee96b4f0 to remote] DEBUG org.asynchttpclient.netty.request.NettyRequestSender - Using open Channel [id: 0x7878fe4b, L:/127.0.0.1:61584 - R:localhost/127.0.0.1:59832] for POST '/session/5259a5e2bd9e2710319a4693ee96b4f0/element/b8b73090-80a2-4013-87c4-60021a99ded1/value'
21:10:44.410 [AsyncHttpClient-1-7] DEBUG org.asynchttpclient.netty.handler.HttpHandler - 

Request DefaultHttpRequest(decodeResult: success, version: HTTP/1.1)
POST /session/5259a5e2bd9e2710319a4693ee96b4f0/element/b8b73090-80a2-4013-87c4-60021a99ded1/value HTTP/1.1
User-Agent: selenium/4.1.2 (java windows)
Content-Length: 181
Content-Type: application/json; charset=utf-8
host: localhost:59832
accept: */*

Response DefaultHttpResponse(decodeResult: success, version: HTTP/1.1)
HTTP/1.1 200 OK
Content-Type: application/json; charset=utf-8
cache-control: no-cache
content-length: 14

21:10:44.410 [AsyncHttpClient-1-7] DEBUG org.asynchttpclient.netty.channel.ChannelManager - Adding key: http://localhost:59832 for channel [id: 0x7878fe4b, L:/127.0.0.1:61584 - R:localhost/127.0.0.1:59832]
  &amp#27;[32mAnd &amp#27;[0m&amp#27;[32mI input valid password&amp#27;[0m                          &amp#27;[90m# starter.stepdefinitions.LoginStep.iInputValidPassword()&amp#27;[0m
21:10:44.415 [Forwarding screenshot on session 5259a5e2bd9e2710319a4693ee96b4f0 to remote] DEBUG org.asynchttpclient.netty.request.NettyRequestSender - Using pooled Channel '[id: 0x7878fe4b, L:/127.0.0.1:61584 - R:localhost/127.0.0.1:59832]' for 'GET' to 'http://localhost:59832/session/5259a5e2bd9e2710319a4693ee96b4f0/screenshot'
21:10:44.415 [Forwarding screenshot on session 5259a5e2bd9e2710319a4693ee96b4f0 to remote] DEBUG org.asynchttpclient.netty.request.NettyRequestSender - Using open Channel [id: 0x7878fe4b, L:/127.0.0.1:61584 - R:localhost/127.0.0.1:59832] for GET '/session/5259a5e2bd9e2710319a4693ee96b4f0/screenshot'
21:10:44.567 [AsyncHttpClient-1-7] DEBUG org.asynchttpclient.netty.handler.HttpHandler - 

Request DefaultFullHttpRequest(decodeResult: success, version: HTTP/1.1, content: EmptyByteBufBE)
GET /session/5259a5e2bd9e2710319a4693ee96b4f0/screenshot HTTP/1.1
User-Agent: selenium/4.1.2 (java windows)
Cache-Control: no-cache
Content-Type: application/json; charset=utf-8
host: localhost:59832
accept: */*

Response DefaultHttpResponse(decodeResult: success, version: HTTP/1.1)
HTTP/1.1 200 OK
Content-Type: application/json; charset=utf-8
cache-control: no-cache
content-length: 30420

21:10:44.568 [AsyncHttpClient-1-7] DEBUG org.asynchttpclient.netty.channel.ChannelManager - Adding key: http://localhost:59832 for channel [id: 0x7878fe4b, L:/127.0.0.1:61584 - R:localhost/127.0.0.1:59832]
21:10:44.571 [main] DEBUG net.serenitybdd.core.photography.Darkroom - Send negative for processing for target\site\serenity\818efe5f6175b67a03a987d8521565a0de672763a5fb4bb3d8e63b7b97a6af92.png
21:10:44.572 [Darkroom Processing Line] DEBUG net.serenitybdd.core.photography.DarkroomProcessingLine - Processing screenshot image in /var/screenshots/screenshot-2222543840019811073
21:10:44.572 [Darkroom Processing Line] DEBUG net.serenitybdd.core.photography.DarkroomProcessingLine - Saving screenshot to target\site\serenity\818efe5f6175b67a03a987d8521565a0de672763a5fb4bb3d8e63b7b97a6af92.png
21:10:44.577 [Forwarding findElement on session 5259a5e2bd9e2710319a4693ee96b4f0 to remote] DEBUG org.asynchttpclient.netty.request.NettyRequestSender - Using pooled Channel '[id: 0x7878fe4b, L:/127.0.0.1:61584 - R:localhost/127.0.0.1:59832]' for 'POST' to 'http://localhost:59832/session/5259a5e2bd9e2710319a4693ee96b4f0/element'
21:10:44.577 [Forwarding findElement on session 5259a5e2bd9e2710319a4693ee96b4f0 to remote] DEBUG org.asynchttpclient.netty.request.NettyRequestSender - Using open Channel [id: 0x7878fe4b, L:/127.0.0.1:61584 - R:localhost/127.0.0.1:59832] for POST '/session/5259a5e2bd9e2710319a4693ee96b4f0/element'
21:10:44.588 [AsyncHttpClient-1-7] DEBUG org.asynchttpclient.netty.handler.HttpHandler - 

Request DefaultHttpRequest(decodeResult: success, version: HTTP/1.1)
POST /session/5259a5e2bd9e2710319a4693ee96b4f0/element HTTP/1.1
User-Agent: selenium/4.1.2 (java windows)
Content-Length: 83
Content-Type: application/json; charset=utf-8
host: localhost:59832
accept: */*

Response DefaultHttpResponse(decodeResult: success, version: HTTP/1.1)
HTTP/1.1 200 OK
Content-Type: application/json; charset=utf-8
cache-control: no-cache
content-length: 88

21:10:44.588 [AsyncHttpClient-1-7] DEBUG org.asynchttpclient.netty.channel.ChannelManager - Adding key: http://localhost:59832 for channel [id: 0x7878fe4b, L:/127.0.0.1:61584 - R:localhost/127.0.0.1:59832]
21:10:44.590 [Forwarding getElementTagName on session 5259a5e2bd9e2710319a4693ee96b4f0 to remote] DEBUG org.asynchttpclient.netty.request.NettyRequestSender - Using pooled Channel '[id: 0x7878fe4b, L:/127.0.0.1:61584 - R:localhost/127.0.0.1:59832]' for 'GET' to 'http://localhost:59832/session/5259a5e2bd9e2710319a4693ee96b4f0/element/7271b48f-7f7e-4b0a-9d65-b5b3f5b15f9f/name'
21:10:44.590 [Forwarding getElementTagName on session 5259a5e2bd9e2710319a4693ee96b4f0 to remote] DEBUG org.asynchttpclient.netty.request.NettyRequestSender - Using open Channel [id: 0x7878fe4b, L:/127.0.0.1:61584 - R:localhost/127.0.0.1:59832] for GET '/session/5259a5e2bd9e2710319a4693ee96b4f0/element/7271b48f-7f7e-4b0a-9d65-b5b3f5b15f9f/name'
21:10:44.594 [AsyncHttpClient-1-7] DEBUG org.asynchttpclient.netty.handler.HttpHandler - 

Request DefaultFullHttpRequest(decodeResult: success, version: HTTP/1.1, content: EmptyByteBufBE)
GET /session/5259a5e2bd9e2710319a4693ee96b4f0/element/7271b48f-7f7e-4b0a-9d65-b5b3f5b15f9f/name HTTP/1.1
User-Agent: selenium/4.1.2 (java windows)
Cache-Control: no-cache
Content-Type: application/json; charset=utf-8
host: localhost:59832
accept: */*

Response DefaultHttpResponse(decodeResult: success, version: HTTP/1.1)
HTTP/1.1 200 OK
Content-Type: application/json; charset=utf-8
cache-control: no-cache
content-length: 16

21:10:44.595 [AsyncHttpClient-1-7] DEBUG org.asynchttpclient.netty.channel.ChannelManager - Adding key: http://localhost:59832 for channel [id: 0x7878fe4b, L:/127.0.0.1:61584 - R:localhost/127.0.0.1:59832]
21:10:44.596 [Forwarding getElementTagName on session 5259a5e2bd9e2710319a4693ee96b4f0 to remote] DEBUG org.asynchttpclient.netty.request.NettyRequestSender - Using pooled Channel '[id: 0x7878fe4b, L:/127.0.0.1:61584 - R:localhost/127.0.0.1:59832]' for 'GET' to 'http://localhost:59832/session/5259a5e2bd9e2710319a4693ee96b4f0/element/7271b48f-7f7e-4b0a-9d65-b5b3f5b15f9f/name'
21:10:44.596 [Forwarding getElementTagName on session 5259a5e2bd9e2710319a4693ee96b4f0 to remote] DEBUG org.asynchttpclient.netty.request.NettyRequestSender - Using open Channel [id: 0x7878fe4b, L:/127.0.0.1:61584 - R:localhost/127.0.0.1:59832] for GET '/session/5259a5e2bd9e2710319a4693ee96b4f0/element/7271b48f-7f7e-4b0a-9d65-b5b3f5b15f9f/name'
21:10:44.600 [AsyncHttpClient-1-7] DEBUG org.asynchttpclient.netty.handler.HttpHandler - 

Request DefaultFullHttpRequest(decodeResult: success, version: HTTP/1.1, content: EmptyByteBufBE)
GET /session/5259a5e2bd9e2710319a4693ee96b4f0/element/7271b48f-7f7e-4b0a-9d65-b5b3f5b15f9f/name HTTP/1.1
User-Agent: selenium/4.1.2 (java windows)
Cache-Control: no-cache
Content-Type: application/json; charset=utf-8
host: localhost:59832
accept: */*

Response DefaultHttpResponse(decodeResult: success, version: HTTP/1.1)
HTTP/1.1 200 OK
Content-Type: application/json; charset=utf-8
cache-control: no-cache
content-length: 16

21:10:44.600 [AsyncHttpClient-1-7] DEBUG org.asynchttpclient.netty.channel.ChannelManager - Adding key: http://localhost:59832 for channel [id: 0x7878fe4b, L:/127.0.0.1:61584 - R:localhost/127.0.0.1:59832]
21:10:44.602 [Forwarding findElement on session 5259a5e2bd9e2710319a4693ee96b4f0 to remote] DEBUG org.asynchttpclient.netty.request.NettyRequestSender - Using pooled Channel '[id: 0x7878fe4b, L:/127.0.0.1:61584 - R:localhost/127.0.0.1:59832]' for 'POST' to 'http://localhost:59832/session/5259a5e2bd9e2710319a4693ee96b4f0/element'
21:10:44.603 [Forwarding findElement on session 5259a5e2bd9e2710319a4693ee96b4f0 to remote] DEBUG org.asynchttpclient.netty.request.NettyRequestSender - Using open Channel [id: 0x7878fe4b, L:/127.0.0.1:61584 - R:localhost/127.0.0.1:59832] for POST '/session/5259a5e2bd9e2710319a4693ee96b4f0/element'
21:10:44.610 [AsyncHttpClient-1-7] DEBUG org.asynchttpclient.netty.handler.HttpHandler - 

Request DefaultHttpRequest(decodeResult: success, version: HTTP/1.1)
POST /session/5259a5e2bd9e2710319a4693ee96b4f0/element HTTP/1.1
User-Agent: selenium/4.1.2 (java windows)
Content-Length: 83
Content-Type: application/json; charset=utf-8
host: localhost:59832
accept: */*

Response DefaultHttpResponse(decodeResult: success, version: HTTP/1.1)
HTTP/1.1 200 OK
Content-Type: application/json; charset=utf-8
cache-control: no-cache
content-length: 88

21:10:44.611 [AsyncHttpClient-1-7] DEBUG org.asynchttpclient.netty.channel.ChannelManager - Adding key: http://localhost:59832 for channel [id: 0x7878fe4b, L:/127.0.0.1:61584 - R:localhost/127.0.0.1:59832]
21:10:44.613 [Forwarding clickElement on session 5259a5e2bd9e2710319a4693ee96b4f0 to remote] DEBUG org.asynchttpclient.netty.request.NettyRequestSender - Using pooled Channel '[id: 0x7878fe4b, L:/127.0.0.1:61584 - R:localhost/127.0.0.1:59832]' for 'POST' to 'http://localhost:59832/session/5259a5e2bd9e2710319a4693ee96b4f0/element/7271b48f-7f7e-4b0a-9d65-b5b3f5b15f9f/click'
21:10:44.613 [Forwarding clickElement on session 5259a5e2bd9e2710319a4693ee96b4f0 to remote] DEBUG org.asynchttpclient.netty.request.NettyRequestSender - Using open Channel [id: 0x7878fe4b, L:/127.0.0.1:61584 - R:localhost/127.0.0.1:59832] for POST '/session/5259a5e2bd9e2710319a4693ee96b4f0/element/7271b48f-7f7e-4b0a-9d65-b5b3f5b15f9f/click'
21:10:44.658 [AsyncHttpClient-1-7] DEBUG org.asynchttpclient.netty.handler.HttpHandler - 

Request DefaultHttpRequest(decodeResult: success, version: HTTP/1.1)
POST /session/5259a5e2bd9e2710319a4693ee96b4f0/element/7271b48f-7f7e-4b0a-9d65-b5b3f5b15f9f/click HTTP/1.1
User-Agent: selenium/4.1.2 (java windows)
Content-Length: 50
Content-Type: application/json; charset=utf-8
host: localhost:59832
accept: */*

Response DefaultHttpResponse(decodeResult: success, version: HTTP/1.1)
HTTP/1.1 200 OK
Content-Type: application/json; charset=utf-8
cache-control: no-cache
content-length: 14

21:10:44.659 [AsyncHttpClient-1-7] DEBUG org.asynchttpclient.netty.channel.ChannelManager - Adding key: http://localhost:59832 for channel [id: 0x7878fe4b, L:/127.0.0.1:61584 - R:localhost/127.0.0.1:59832]
  &amp#27;[32mAnd &amp#27;[0m&amp#27;[32mI click login button&amp#27;[0m                            &amp#27;[90m# starter.stepdefinitions.LoginStep.iClickLoginButton()&amp#27;[0m
21:10:44.664 [Forwarding screenshot on session 5259a5e2bd9e2710319a4693ee96b4f0 to remote] DEBUG org.asynchttpclient.netty.request.NettyRequestSender - Using pooled Channel '[id: 0x7878fe4b, L:/127.0.0.1:61584 - R:localhost/127.0.0.1:59832]' for 'GET' to 'http://localhost:59832/session/5259a5e2bd9e2710319a4693ee96b4f0/screenshot'
21:10:44.664 [Forwarding screenshot on session 5259a5e2bd9e2710319a4693ee96b4f0 to remote] DEBUG org.asynchttpclient.netty.request.NettyRequestSender - Using open Channel [id: 0x7878fe4b, L:/127.0.0.1:61584 - R:localhost/127.0.0.1:59832] for GET '/session/5259a5e2bd9e2710319a4693ee96b4f0/screenshot'
21:10:44.794 [AsyncHttpClient-1-7] DEBUG org.asynchttpclient.netty.handler.HttpHandler - 

Request DefaultFullHttpRequest(decodeResult: success, version: HTTP/1.1, content: EmptyByteBufBE)
GET /session/5259a5e2bd9e2710319a4693ee96b4f0/screenshot HTTP/1.1
User-Agent: selenium/4.1.2 (java windows)
Cache-Control: no-cache
Content-Type: application/json; charset=utf-8
host: localhost:59832
accept: */*

Response DefaultHttpResponse(decodeResult: success, version: HTTP/1.1)
HTTP/1.1 200 OK
Content-Type: application/json; charset=utf-8
cache-control: no-cache
content-length: 30156

21:10:44.794 [AsyncHttpClient-1-7] DEBUG org.asynchttpclient.netty.channel.ChannelManager - Adding key: http://localhost:59832 for channel [id: 0x7878fe4b, L:/127.0.0.1:61584 - R:localhost/127.0.0.1:59832]
21:10:44.795 [main] DEBUG net.serenitybdd.core.photography.Darkroom - Send negative for processing for target\site\serenity\09a8c9c7322898af7c2a5157ff1660b7dfd3a7f613a179d5bbd8ba1cbc0855ca.png
21:10:44.795 [Darkroom Processing Line] DEBUG net.serenitybdd.core.photography.DarkroomProcessingLine - Processing screenshot image in /var/screenshots/screenshot-6421293954216897354
21:10:44.795 [Darkroom Processing Line] DEBUG net.serenitybdd.core.photography.DarkroomProcessingLine - Saving screenshot to target\site\serenity\09a8c9c7322898af7c2a5157ff1660b7dfd3a7f613a179d5bbd8ba1cbc0855ca.png
21:10:44.801 [Forwarding findElement on session 5259a5e2bd9e2710319a4693ee96b4f0 to remote] DEBUG org.asynchttpclient.netty.request.NettyRequestSender - Using pooled Channel '[id: 0x7878fe4b, L:/127.0.0.1:61584 - R:localhost/127.0.0.1:59832]' for 'POST' to 'http://localhost:59832/session/5259a5e2bd9e2710319a4693ee96b4f0/element'
21:10:44.801 [Forwarding findElement on session 5259a5e2bd9e2710319a4693ee96b4f0 to remote] DEBUG org.asynchttpclient.netty.request.NettyRequestSender - Using open Channel [id: 0x7878fe4b, L:/127.0.0.1:61584 - R:localhost/127.0.0.1:59832] for POST '/session/5259a5e2bd9e2710319a4693ee96b4f0/element'
21:10:45.222 [AsyncHttpClient-1-1] DEBUG org.asynchttpclient.netty.channel.DefaultChannelPool - Entry count for : http://localhost:61585 : 1
21:10:46.063 [AsyncHttpClient-1-7] DEBUG org.asynchttpclient.netty.handler.HttpHandler - 

Request DefaultHttpRequest(decodeResult: success, version: HTTP/1.1)
POST /session/5259a5e2bd9e2710319a4693ee96b4f0/element HTTP/1.1
User-Agent: selenium/4.1.2 (java windows)
Content-Length: 83
Content-Type: application/json; charset=utf-8
host: localhost:59832
accept: */*

Response DefaultHttpResponse(decodeResult: success, version: HTTP/1.1)
HTTP/1.1 200 OK
Content-Type: application/json; charset=utf-8
cache-control: no-cache
content-length: 88

21:10:46.064 [AsyncHttpClient-1-7] DEBUG org.asynchttpclient.netty.channel.ChannelManager - Adding key: http://localhost:59832 for channel [id: 0x7878fe4b, L:/127.0.0.1:61584 - R:localhost/127.0.0.1:59832]
21:10:46.071 [Forwarding isElementDisplayed on session 5259a5e2bd9e2710319a4693ee96b4f0 to remote] DEBUG org.asynchttpclient.netty.request.NettyRequestSender - Using pooled Channel '[id: 0x7878fe4b, L:/127.0.0.1:61584 - R:localhost/127.0.0.1:59832]' for 'POST' to 'http://localhost:59832/session/5259a5e2bd9e2710319a4693ee96b4f0/execute/sync'
21:10:46.071 [Forwarding isElementDisplayed on session 5259a5e2bd9e2710319a4693ee96b4f0 to remote] DEBUG org.asynchttpclient.netty.request.NettyRequestSender - Using open Channel [id: 0x7878fe4b, L:/127.0.0.1:61584 - R:localhost/127.0.0.1:59832] for POST '/session/5259a5e2bd9e2710319a4693ee96b4f0/execute/sync'
21:10:46.088 [AsyncHttpClient-1-7] DEBUG org.asynchttpclient.netty.handler.HttpHandler - 

Request DefaultHttpRequest(decodeResult: success, version: HTTP/1.1)
POST /session/5259a5e2bd9e2710319a4693ee96b4f0/execute/sync HTTP/1.1
User-Agent: selenium/4.1.2 (java windows)
Content-Length: 48780
Content-Type: application/json; charset=utf-8
host: localhost:59832
accept: */*

Response DefaultHttpResponse(decodeResult: success, version: HTTP/1.1)
HTTP/1.1 200 OK
Content-Type: application/json; charset=utf-8
cache-control: no-cache
content-length: 14

21:10:46.088 [AsyncHttpClient-1-7] DEBUG org.asynchttpclient.netty.channel.ChannelManager - Adding key: http://localhost:59832 for channel [id: 0x7878fe4b, L:/127.0.0.1:61584 - R:localhost/127.0.0.1:59832]
  &amp#27;[32mThen &amp#27;[0m&amp#27;[32mI will get record not found message&amp#27;[0m            &amp#27;[90m# starter.stepdefinitions.LoginStep.iWillGetRecordNotFoundMessage()&amp#27;[0m
21:10:46.094 [Forwarding screenshot on session 5259a5e2bd9e2710319a4693ee96b4f0 to remote] DEBUG org.asynchttpclient.netty.request.NettyRequestSender - Using pooled Channel '[id: 0x7878fe4b, L:/127.0.0.1:61584 - R:localhost/127.0.0.1:59832]' for 'GET' to 'http://localhost:59832/session/5259a5e2bd9e2710319a4693ee96b4f0/screenshot'
21:10:46.094 [Forwarding screenshot on session 5259a5e2bd9e2710319a4693ee96b4f0 to remote] DEBUG org.asynchttpclient.netty.request.NettyRequestSender - Using open Channel [id: 0x7878fe4b, L:/127.0.0.1:61584 - R:localhost/127.0.0.1:59832] for GET '/session/5259a5e2bd9e2710319a4693ee96b4f0/screenshot'
21:10:46.214 [AsyncHttpClient-1-7] DEBUG org.asynchttpclient.netty.handler.HttpHandler - 

Request DefaultFullHttpRequest(decodeResult: success, version: HTTP/1.1, content: EmptyByteBufBE)
GET /session/5259a5e2bd9e2710319a4693ee96b4f0/screenshot HTTP/1.1
User-Agent: selenium/4.1.2 (java windows)
Cache-Control: no-cache
Content-Type: application/json; charset=utf-8
host: localhost:59832
accept: */*

Response DefaultHttpResponse(decodeResult: success, version: HTTP/1.1)
HTTP/1.1 200 OK
Content-Type: application/json; charset=utf-8
cache-control: no-cache
content-length: 34152

21:10:46.214 [AsyncHttpClient-1-7] DEBUG org.asynchttpclient.netty.channel.ChannelManager - Adding key: http://localhost:59832 for channel [id: 0x7878fe4b, L:/127.0.0.1:61584 - R:localhost/127.0.0.1:59832]
21:10:46.216 [main] DEBUG net.serenitybdd.core.photography.Darkroom - Send negative for processing for target\site\serenity\166caaab0f6255dd73c6206943f35c758fbe7956c75dca8f51044fe8cb6348d5.png
21:10:46.216 [Darkroom Processing Line] DEBUG net.serenitybdd.core.photography.DarkroomProcessingLine - Processing screenshot image in /var/screenshots/screenshot-9147945280147515059
21:10:46.216 [Darkroom Processing Line] DEBUG net.serenitybdd.core.photography.DarkroomProcessingLine - Saving screenshot to target\site\serenity\166caaab0f6255dd73c6206943f35c758fbe7956c75dca8f51044fe8cb6348d5.png
21:10:46.218 [main] INFO  - 
  _____   ___   ___   _____     ___     _     ___   ___   ___   ___  
 |_   _| | __| / __| |_   _|   | _ \   /_\   / __| / __| | __| |   \ 
   | |   | _|  \__ \   | |     |  _/  / _ \  \__ \ \__ \ | _|  | |) |
   |_|   |___| |___/   |_|     |_|   /_/ \_\ |___/ |___/ |___| |___/ 

Login with invalid email and valid password
----------------------------------------------------------------------
21:10:46.219 [AsyncHttpClient-1-9] DEBUG org.asynchttpclient.netty.handler.WebSocketHandler - Channel Closed: [id: 0x713031db, L:/127.0.0.1:61592 ! R:localhost/127.0.0.1:61585] with attribute NettyResponseFuture{currentRetry=5,
	isDone=1,
	isCancelled=0,
	asyncHandler=org.asynchttpclient.ws.WebSocketUpgradeHandler@7e8ff9da,
	nettyRequest=org.asynchttpclient.netty.request.NettyRequest@48ff1641,
	future=java.util.concurrent.CompletableFuture@6d67de1[Completed normally],
	uri=ws://localhost:61585/devtools/browser/a136e961-aab9-464d-85f6-269b5e1bad89,
	keepAlive=true,
	redirectCount=0,
	timeoutsHolder=null,
	inAuth=0,
	touch=1667916642959}
21:10:46.219 [AsyncHttpClient-1-9] DEBUG org.asynchttpclient.netty.channel.ChannelManager - Closing Channel [id: 0x713031db, L:/127.0.0.1:61592 ! R:localhost/127.0.0.1:61585] 
21:10:46.219 [Driver Command Executor] DEBUG org.asynchttpclient.netty.request.NettyRequestSender - Using pooled Channel '[id: 0x7878fe4b, L:/127.0.0.1:61584 - R:localhost/127.0.0.1:59832]' for 'DELETE' to 'http://localhost:59832/session/5259a5e2bd9e2710319a4693ee96b4f0'
21:10:46.219 [Driver Command Executor] DEBUG org.asynchttpclient.netty.request.NettyRequestSender - Using open Channel [id: 0x7878fe4b, L:/127.0.0.1:61584 - R:localhost/127.0.0.1:59832] for DELETE '/session/5259a5e2bd9e2710319a4693ee96b4f0'
21:10:46.249 [AsyncHttpClient-1-8] DEBUG org.asynchttpclient.netty.handler.HttpHandler - Unexpected I/O exception on channel [id: 0xe669af48, L:/127.0.0.1:61591 - R:localhost/127.0.0.1:61585]
java.io.IOException: An existing connection was forcibly closed by the remote host
	at java.base/sun.nio.ch.SocketDispatcher.read0(Native Method)
	at java.base/sun.nio.ch.SocketDispatcher.read(SocketDispatcher.java:43)
	at java.base/sun.nio.ch.IOUtil.readIntoNativeBuffer(IOUtil.java:276)
	at java.base/sun.nio.ch.IOUtil.read(IOUtil.java:233)
	at java.base/sun.nio.ch.IOUtil.read(IOUtil.java:223)
	at java.base/sun.nio.ch.SocketChannelImpl.read(SocketChannelImpl.java:358)
	at io.netty.buffer.PooledByteBuf.setBytes(PooledByteBuf.java:258)
	at io.netty.buffer.AbstractByteBuf.writeBytes(AbstractByteBuf.java:1132)
	at io.netty.channel.socket.nio.NioSocketChannel.doReadBytes(NioSocketChannel.java:350)
	at io.netty.channel.nio.AbstractNioByteChannel$NioByteUnsafe.read(AbstractNioByteChannel.java:151)
	at io.netty.channel.nio.NioEventLoop.processSelectedKey(NioEventLoop.java:722)
	at io.netty.channel.nio.NioEventLoop.processSelectedKeysOptimized(NioEventLoop.java:658)
	at io.netty.channel.nio.NioEventLoop.processSelectedKeys(NioEventLoop.java:584)
	at io.netty.channel.nio.NioEventLoop.run(NioEventLoop.java:496)
	at io.netty.util.concurrent.SingleThreadEventExecutor$4.run(SingleThreadEventExecutor.java:986)
	at io.netty.util.internal.ThreadExecutorMap$2.run(ThreadExecutorMap.java:74)
	at io.netty.util.concurrent.FastThreadLocalRunnable.run(FastThreadLocalRunnable.java:30)
	at java.base/java.lang.Thread.run(Thread.java:834)
21:10:46.249 [AsyncHttpClient-1-8] DEBUG org.asynchttpclient.netty.channel.ChannelManager - Closing Channel [id: 0xe669af48, L:/127.0.0.1:61591 - R:localhost/127.0.0.1:61585] 
21:10:46.249 [AsyncHttpClient-1-8] DEBUG org.asynchttpclient.netty.handler.HttpHandler - Channel Closed: [id: 0xe669af48, L:/127.0.0.1:61591 ! R:localhost/127.0.0.1:61585] with attribute DISCARD
21:10:46.260 [AsyncHttpClient-1-7] DEBUG org.asynchttpclient.netty.handler.HttpHandler - 

Request DefaultFullHttpRequest(decodeResult: success, version: HTTP/1.1, content: EmptyByteBufBE)
DELETE /session/5259a5e2bd9e2710319a4693ee96b4f0 HTTP/1.1
User-Agent: selenium/4.1.2 (java windows)
Content-Type: application/json; charset=utf-8
host: localhost:59832
accept: */*

Response DefaultHttpResponse(decodeResult: success, version: HTTP/1.1)
HTTP/1.1 200 OK
Content-Type: application/json; charset=utf-8
cache-control: no-cache
content-length: 14

21:10:46.261 [AsyncHttpClient-1-7] DEBUG org.asynchttpclient.netty.channel.ChannelManager - Adding key: http://localhost:59832 for channel [id: 0x7878fe4b, L:/127.0.0.1:61584 - R:localhost/127.0.0.1:59832]
21:10:46.312 [AsyncHttpClient-1-7] DEBUG org.asynchttpclient.netty.handler.HttpHandler - Channel Closed: [id: 0x7878fe4b, L:/127.0.0.1:61584 ! R:localhost/127.0.0.1:59832] with attribute DISCARD
21:10:46.318 [AsyncHttpClient-1-1] DEBUG org.asynchttpclient.netty.channel.DefaultChannelPool - Entry count for : http://localhost:61585 : 1
21:10:46.318 [AsyncHttpClient-1-1] DEBUG org.asynchttpclient.netty.channel.DefaultChannelPool - Entry count for : http://localhost:59832 : 1
21:10:46.318 [AsyncHttpClient-1-1] DEBUG org.asynchttpclient.netty.channel.DefaultChannelPool - Adding Candidate expired Channel [id: 0xe669af48, L:/127.0.0.1:61591 ! R:localhost/127.0.0.1:61585] isIdleTimeoutExpired=false isRemotelyClosed=true isTtlExpired=false
21:10:46.318 [AsyncHttpClient-1-1] DEBUG org.asynchttpclient.netty.channel.DefaultChannelPool - Closing Idle Channel [id: 0xe669af48, L:/127.0.0.1:61591 ! R:localhost/127.0.0.1:61585]
21:10:46.318 [AsyncHttpClient-1-1] DEBUG org.asynchttpclient.netty.channel.DefaultChannelPool - Adding Candidate expired Channel [id: 0x7878fe4b, L:/127.0.0.1:61584 ! R:localhost/127.0.0.1:59832] isIdleTimeoutExpired=false isRemotelyClosed=true isTtlExpired=false
21:10:46.318 [AsyncHttpClient-1-1] DEBUG org.asynchttpclient.netty.channel.DefaultChannelPool - Closing Idle Channel [id: 0x7878fe4b, L:/127.0.0.1:61584 ! R:localhost/127.0.0.1:59832]
21:10:46.318 [AsyncHttpClient-1-1] DEBUG org.asynchttpclient.netty.channel.DefaultChannelPool - Closed 2 connections out of 2 in 0 ms
]]></system-out>
    <system-err><![CDATA[Starting ChromeDriver 106.0.5249.61 (511755355844955cd3e264779baf0dd38212a4d0-refs/branch-heads/5249@{#569}) on port 59832
Only local connections are allowed.
Please see https://chromedriver.chromium.org/security-considerations for suggestions on keeping ChromeDriver safe.
ChromeDriver was started successfully.
[1667916642.922][WARNING]: This version of ChromeDriver has not been tested with Chrome version 107.
Nov 08, 2022 9:10:42 PM org.openqa.selenium.remote.ProtocolHandshake createSession
INFO: Detected dialect: W3C
Nov 08, 2022 9:10:42 PM org.openqa.selenium.devtools.CdpVersionFinder findNearestMatch
WARNING: Unable to find an exact match for CDP version 107, so returning the closest version found: a no-op implementation
Nov 08, 2022 9:10:42 PM org.openqa.selenium.devtools.CdpVersionFinder findNearestMatch
INFO: Unable to find CDP implementation matching 107.
Nov 08, 2022 9:10:42 PM org.openqa.selenium.chromium.ChromiumDriver lambda$new$3
WARNING: Unable to find version of CDP to use for . You may need to include a dependency on a specific version of the CDP using something similar to `org.seleniumhq.selenium:selenium-devtools-v86:4.1.2` where the version ("v86") matches the version of the chromium-based browser you're using and the version number of the artifact is the same as Selenium's.
]]></system-err>
  </testcase>
  <testcase name="Login with valid email and null password" classname="Login" time="4.281">
    <system-out><![CDATA[
@Login
Scenario: Login with valid email and null password   &amp#27;[90m# src/test/resources/features/login.feature:42&amp#27;[0m
21:10:46.391 [main] INFO io.cucumber.core.plugin.SerenityReporter - Running feature from file:///D:/miniproject/webtesting/src/test/resources/features/login.feature
21:10:46.394 [main] INFO  - 
  _____   ___   ___   _____     ___   _____     _     ___   _____   ___   ___  
 |_   _| | __| / __| |_   _|   / __| |_   _|   /_\   | _ \ |_   _| | __| |   \ 
   | |   | _|  \__ \   | |     \__ \   | |    / _ \  |   /   | |   | _|  | |) |
   |_|   |___| |___/   |_|     |___/   |_|   /_/ \_\ |_|_\   |_|   |___| |___/ 

Login with valid email and null password(login;login-with-valid-email-and-null-password)
--------------------------------------------------------------------------------
21:10:46.414 [main] INFO net.serenitybdd.core.webdriver.driverproviders.ChromeDriverProvider - Using automatically driver download
21:10:46.513 [main] DEBUG io.github.bonigarcia.wdm.cache.ResolutionCache - Resolution chrome=107 in cache (valid until 22:09:52 08/11/2022 ICT)
21:10:46.516 [main] DEBUG io.github.bonigarcia.wdm.cache.ResolutionCache - Resolution chrome107=107.0.5304.62 in cache (valid until 21:09:52 09/11/2022 ICT)
21:10:46.517 [main] INFO io.github.bonigarcia.wdm.WebDriverManager - Using chromedriver 107.0.5304.62 (resolved driver for Chrome 107)
21:10:46.528 [main] DEBUG io.github.bonigarcia.wdm.WebDriverManager - Driver chromedriver 107.0.5304.62 found in cache
21:10:46.528 [main] INFO io.github.bonigarcia.wdm.WebDriverManager - Exporting webdriver.chrome.driver as C:\Users\Yusuf Efendi\.cache\selenium\chromedriver\win32\107.0.5304.62\chromedriver.exe
21:10:46.630 [main] DEBUG net.serenitybdd.core.webdriver.driverproviders.ProvideNewDriver - Instantiating driver
21:10:46.630 [main] DEBUG net.serenitybdd.core.webdriver.driverproviders.ProvideNewDriver - Driver capabilities: Capabilities {acceptInsecureCerts: false, base.url: https://alta-shop.vercel.app, browserName: chrome, chrome.driver: src/test/resources/webdrive..., driver: chrome, goog:chromeOptions: {args: [], extensions: []}, wait.for.timeout: 7000}
21:10:46.725 [AsyncHttpClient-1-10] DEBUG org.asynchttpclient.netty.channel.NettyConnectListener - Using new Channel '[id: 0xfeac00f1, L:/127.0.0.1:61608 - R:localhost/127.0.0.1:65123]' for 'POST' to '/session'
21:10:47.300 [AsyncHttpClient-1-10] DEBUG org.asynchttpclient.netty.handler.HttpHandler - 

Request DefaultHttpRequest(decodeResult: success, version: HTTP/1.1)
POST /session HTTP/1.1
User-Agent: selenium/4.1.2 (java windows)
Content-Length: 639
Content-Type: application/json; charset=utf-8
host: localhost:65123
accept: */*

Response DefaultHttpResponse(decodeResult: success, version: HTTP/1.1)
HTTP/1.1 200 OK
Content-Type: application/json; charset=utf-8
cache-control: no-cache
content-length: 793

21:10:47.300 [AsyncHttpClient-1-10] DEBUG org.asynchttpclient.netty.channel.ChannelManager - Adding key: http://localhost:65123 for channel [id: 0xfeac00f1, L:/127.0.0.1:61608 - R:localhost/127.0.0.1:65123]
21:10:47.307 [AsyncHttpClient-1-11] DEBUG org.asynchttpclient.netty.channel.NettyConnectListener - Using new Channel '[id: 0x0ab75295, L:/127.0.0.1:61615 - R:localhost/127.0.0.1:61609]' for 'GET' to '/json/version'
21:10:47.307 [AsyncHttpClient-1-11] DEBUG org.asynchttpclient.netty.handler.HttpHandler - 

Request DefaultFullHttpRequest(decodeResult: success, version: HTTP/1.1, content: EmptyByteBufBE)
GET /json/version HTTP/1.1
User-Agent: selenium/4.1.2 (java windows)
host: localhost:61609
accept: */*

Response DefaultHttpResponse(decodeResult: success, version: HTTP/1.1)
HTTP/1.1 200 OK
Content-Type: application/json; charset=UTF-8
content-length: 423

21:10:47.307 [AsyncHttpClient-1-11] DEBUG org.asynchttpclient.netty.channel.ChannelManager - Adding key: http://localhost:61609 for channel [id: 0x0ab75295, L:/127.0.0.1:61615 - R:localhost/127.0.0.1:61609]
21:10:47.310 [AsyncHttpClient-1-12] DEBUG org.asynchttpclient.netty.channel.NettyConnectListener - Using new Channel '[id: 0x8bcd64bd, L:/127.0.0.1:61616 - R:localhost/127.0.0.1:61609]' for 'GET' to '/devtools/browser/969afb8f-6b74-4147-838e-f042f57aa690'
21:10:47.310 [AsyncHttpClient-1-12] DEBUG org.asynchttpclient.netty.handler.WebSocketHandler - 

Request DefaultFullHttpRequest(decodeResult: success, version: HTTP/1.1, content: EmptyByteBufBE)
GET /devtools/browser/969afb8f-6b74-4147-838e-f042f57aa690 HTTP/1.1
upgrade: websocket
connection: upgrade
sec-websocket-key: AtGo6hS71IPKM3x5QqPFmw==
sec-websocket-version: 13
origin: http://localhost:61609
host: localhost:61609
accept: */*
user-agent: AHC/2.1

Response DefaultHttpResponse(decodeResult: success, version: HTTP/1.1)
HTTP/1.1 101 WebSocket Protocol Handshake
Upgrade: WebSocket
Connection: Upgrade
Sec-WebSocket-Accept: LJOMFlk1ZEzWU4woWjBFKI+qlow=

21:10:47.314 [Forwarding get on session e3c62114d717e2c514f453775de81cc6 to remote] DEBUG org.asynchttpclient.netty.request.NettyRequestSender - Using pooled Channel '[id: 0xfeac00f1, L:/127.0.0.1:61608 - R:localhost/127.0.0.1:65123]' for 'POST' to 'http://localhost:65123/session/e3c62114d717e2c514f453775de81cc6/url'
21:10:47.314 [Forwarding get on session e3c62114d717e2c514f453775de81cc6 to remote] DEBUG org.asynchttpclient.netty.request.NettyRequestSender - Using open Channel [id: 0xfeac00f1, L:/127.0.0.1:61608 - R:localhost/127.0.0.1:65123] for POST '/session/e3c62114d717e2c514f453775de81cc6/url'
21:10:47.417 [AsyncHttpClient-1-1] DEBUG org.asynchttpclient.netty.channel.DefaultChannelPool - Entry count for : http://localhost:61609 : 1
21:10:48.014 [AsyncHttpClient-1-10] DEBUG org.asynchttpclient.netty.handler.HttpHandler - 

Request DefaultHttpRequest(decodeResult: success, version: HTTP/1.1)
POST /session/e3c62114d717e2c514f453775de81cc6/url HTTP/1.1
User-Agent: selenium/4.1.2 (java windows)
Content-Length: 74
Content-Type: application/json; charset=utf-8
host: localhost:65123
accept: */*

Response DefaultHttpResponse(decodeResult: success, version: HTTP/1.1)
HTTP/1.1 200 OK
Content-Type: application/json; charset=utf-8
cache-control: no-cache
content-length: 14

21:10:48.014 [AsyncHttpClient-1-10] DEBUG org.asynchttpclient.netty.channel.ChannelManager - Adding key: http://localhost:65123 for channel [id: 0xfeac00f1, L:/127.0.0.1:61608 - R:localhost/127.0.0.1:65123]
21:10:48.017 [Forwarding setTimeout on session e3c62114d717e2c514f453775de81cc6 to remote] DEBUG org.asynchttpclient.netty.request.NettyRequestSender - Using pooled Channel '[id: 0xfeac00f1, L:/127.0.0.1:61608 - R:localhost/127.0.0.1:65123]' for 'POST' to 'http://localhost:65123/session/e3c62114d717e2c514f453775de81cc6/timeouts'
21:10:48.017 [Forwarding setTimeout on session e3c62114d717e2c514f453775de81cc6 to remote] DEBUG org.asynchttpclient.netty.request.NettyRequestSender - Using open Channel [id: 0xfeac00f1, L:/127.0.0.1:61608 - R:localhost/127.0.0.1:65123] for POST '/session/e3c62114d717e2c514f453775de81cc6/timeouts'
21:10:48.018 [AsyncHttpClient-1-10] DEBUG org.asynchttpclient.netty.handler.HttpHandler - 

Request DefaultHttpRequest(decodeResult: success, version: HTTP/1.1)
POST /session/e3c62114d717e2c514f453775de81cc6/timeouts HTTP/1.1
User-Agent: selenium/4.1.2 (java windows)
Content-Length: 22
Content-Type: application/json; charset=utf-8
host: localhost:65123
accept: */*

Response DefaultHttpResponse(decodeResult: success, version: HTTP/1.1)
HTTP/1.1 200 OK
Content-Type: application/json; charset=utf-8
cache-control: no-cache
content-length: 14

21:10:48.018 [AsyncHttpClient-1-10] DEBUG org.asynchttpclient.netty.channel.ChannelManager - Adding key: http://localhost:65123 for channel [id: 0xfeac00f1, L:/127.0.0.1:61608 - R:localhost/127.0.0.1:65123]
21:10:48.024 [Forwarding getCurrentUrl on session e3c62114d717e2c514f453775de81cc6 to remote] DEBUG org.asynchttpclient.netty.request.NettyRequestSender - Using pooled Channel '[id: 0xfeac00f1, L:/127.0.0.1:61608 - R:localhost/127.0.0.1:65123]' for 'GET' to 'http://localhost:65123/session/e3c62114d717e2c514f453775de81cc6/url'
21:10:48.024 [Forwarding getCurrentUrl on session e3c62114d717e2c514f453775de81cc6 to remote] DEBUG org.asynchttpclient.netty.request.NettyRequestSender - Using open Channel [id: 0xfeac00f1, L:/127.0.0.1:61608 - R:localhost/127.0.0.1:65123] for GET '/session/e3c62114d717e2c514f453775de81cc6/url'
21:10:48.034 [AsyncHttpClient-1-10] DEBUG org.asynchttpclient.netty.handler.HttpHandler - 

Request DefaultFullHttpRequest(decodeResult: success, version: HTTP/1.1, content: EmptyByteBufBE)
GET /session/e3c62114d717e2c514f453775de81cc6/url HTTP/1.1
User-Agent: selenium/4.1.2 (java windows)
Cache-Control: no-cache
Content-Type: application/json; charset=utf-8
host: localhost:65123
accept: */*

Response DefaultHttpResponse(decodeResult: success, version: HTTP/1.1)
HTTP/1.1 200 OK
Content-Type: application/json; charset=utf-8
cache-control: no-cache
content-length: 51

21:10:48.035 [AsyncHttpClient-1-10] DEBUG org.asynchttpclient.netty.channel.ChannelManager - Adding key: http://localhost:65123 for channel [id: 0xfeac00f1, L:/127.0.0.1:61608 - R:localhost/127.0.0.1:65123]
  &amp#27;[32mGiven &amp#27;[0m&amp#27;[32mI am on the login page&amp#27;[0m                       &amp#27;[90m# starter.stepdefinitions.LoginStep.iAmOnTheLoginPage()&amp#27;[0m
21:10:48.044 [Forwarding screenshot on session e3c62114d717e2c514f453775de81cc6 to remote] DEBUG org.asynchttpclient.netty.request.NettyRequestSender - Using pooled Channel '[id: 0xfeac00f1, L:/127.0.0.1:61608 - R:localhost/127.0.0.1:65123]' for 'GET' to 'http://localhost:65123/session/e3c62114d717e2c514f453775de81cc6/screenshot'
21:10:48.044 [Forwarding screenshot on session e3c62114d717e2c514f453775de81cc6 to remote] DEBUG org.asynchttpclient.netty.request.NettyRequestSender - Using open Channel [id: 0xfeac00f1, L:/127.0.0.1:61608 - R:localhost/127.0.0.1:65123] for GET '/session/e3c62114d717e2c514f453775de81cc6/screenshot'
21:10:48.319 [AsyncHttpClient-1-10] DEBUG org.asynchttpclient.netty.handler.HttpHandler - 

Request DefaultFullHttpRequest(decodeResult: success, version: HTTP/1.1, content: EmptyByteBufBE)
GET /session/e3c62114d717e2c514f453775de81cc6/screenshot HTTP/1.1
User-Agent: selenium/4.1.2 (java windows)
Cache-Control: no-cache
Content-Type: application/json; charset=utf-8
host: localhost:65123
accept: */*

Response DefaultHttpResponse(decodeResult: success, version: HTTP/1.1)
HTTP/1.1 200 OK
Content-Type: application/json; charset=utf-8
cache-control: no-cache
content-length: 22956

21:10:48.319 [AsyncHttpClient-1-10] DEBUG org.asynchttpclient.netty.channel.ChannelManager - Adding key: http://localhost:65123 for channel [id: 0xfeac00f1, L:/127.0.0.1:61608 - R:localhost/127.0.0.1:65123]
21:10:48.321 [main] DEBUG net.serenitybdd.core.photography.Darkroom - Send negative for processing for target\site\serenity\aee116daef9f70687dbaee6bc527f5648618468770bbd8309c15c6b66fad3d98.png
21:10:48.328 [Forwarding findElement on session e3c62114d717e2c514f453775de81cc6 to remote] DEBUG org.asynchttpclient.netty.request.NettyRequestSender - Using pooled Channel '[id: 0xfeac00f1, L:/127.0.0.1:61608 - R:localhost/127.0.0.1:65123]' for 'POST' to 'http://localhost:65123/session/e3c62114d717e2c514f453775de81cc6/element'
21:10:48.328 [Forwarding findElement on session e3c62114d717e2c514f453775de81cc6 to remote] DEBUG org.asynchttpclient.netty.request.NettyRequestSender - Using open Channel [id: 0xfeac00f1, L:/127.0.0.1:61608 - R:localhost/127.0.0.1:65123] for POST '/session/e3c62114d717e2c514f453775de81cc6/element'
21:10:48.339 [AsyncHttpClient-1-10] DEBUG org.asynchttpclient.netty.handler.HttpHandler - 

Request DefaultHttpRequest(decodeResult: success, version: HTTP/1.1)
POST /session/e3c62114d717e2c514f453775de81cc6/element HTTP/1.1
User-Agent: selenium/4.1.2 (java windows)
Content-Length: 86
Content-Type: application/json; charset=utf-8
host: localhost:65123
accept: */*

Response DefaultHttpResponse(decodeResult: success, version: HTTP/1.1)
HTTP/1.1 200 OK
Content-Type: application/json; charset=utf-8
cache-control: no-cache
content-length: 88

21:10:48.339 [AsyncHttpClient-1-10] DEBUG org.asynchttpclient.netty.channel.ChannelManager - Adding key: http://localhost:65123 for channel [id: 0xfeac00f1, L:/127.0.0.1:61608 - R:localhost/127.0.0.1:65123]
21:10:48.342 [Forwarding clearElement on session e3c62114d717e2c514f453775de81cc6 to remote] DEBUG org.asynchttpclient.netty.request.NettyRequestSender - Using pooled Channel '[id: 0xfeac00f1, L:/127.0.0.1:61608 - R:localhost/127.0.0.1:65123]' for 'POST' to 'http://localhost:65123/session/e3c62114d717e2c514f453775de81cc6/element/4a2ab2be-7f1c-444a-978e-82e23aa6544d/clear'
21:10:48.342 [Forwarding clearElement on session e3c62114d717e2c514f453775de81cc6 to remote] DEBUG org.asynchttpclient.netty.request.NettyRequestSender - Using open Channel [id: 0xfeac00f1, L:/127.0.0.1:61608 - R:localhost/127.0.0.1:65123] for POST '/session/e3c62114d717e2c514f453775de81cc6/element/4a2ab2be-7f1c-444a-978e-82e23aa6544d/clear'
21:10:48.374 [AsyncHttpClient-1-10] DEBUG org.asynchttpclient.netty.handler.HttpHandler - 

Request DefaultHttpRequest(decodeResult: success, version: HTTP/1.1)
POST /session/e3c62114d717e2c514f453775de81cc6/element/4a2ab2be-7f1c-444a-978e-82e23aa6544d/clear HTTP/1.1
User-Agent: selenium/4.1.2 (java windows)
Content-Length: 50
Content-Type: application/json; charset=utf-8
host: localhost:65123
accept: */*

Response DefaultHttpResponse(decodeResult: success, version: HTTP/1.1)
HTTP/1.1 200 OK
Content-Type: application/json; charset=utf-8
cache-control: no-cache
content-length: 14

21:10:48.374 [AsyncHttpClient-1-10] DEBUG org.asynchttpclient.netty.channel.ChannelManager - Adding key: http://localhost:65123 for channel [id: 0xfeac00f1, L:/127.0.0.1:61608 - R:localhost/127.0.0.1:65123]
21:10:48.376 [Forwarding sendKeysToElement on session e3c62114d717e2c514f453775de81cc6 to remote] DEBUG org.asynchttpclient.netty.request.NettyRequestSender - Using pooled Channel '[id: 0xfeac00f1, L:/127.0.0.1:61608 - R:localhost/127.0.0.1:65123]' for 'POST' to 'http://localhost:65123/session/e3c62114d717e2c514f453775de81cc6/element/4a2ab2be-7f1c-444a-978e-82e23aa6544d/value'
21:10:48.376 [Forwarding sendKeysToElement on session e3c62114d717e2c514f453775de81cc6 to remote] DEBUG org.asynchttpclient.netty.request.NettyRequestSender - Using open Channel [id: 0xfeac00f1, L:/127.0.0.1:61608 - R:localhost/127.0.0.1:65123] for POST '/session/e3c62114d717e2c514f453775de81cc6/element/4a2ab2be-7f1c-444a-978e-82e23aa6544d/value'
21:10:48.499 [AsyncHttpClient-1-10] DEBUG org.asynchttpclient.netty.handler.HttpHandler - 

Request DefaultHttpRequest(decodeResult: success, version: HTTP/1.1)
POST /session/e3c62114d717e2c514f453775de81cc6/element/4a2ab2be-7f1c-444a-978e-82e23aa6544d/value HTTP/1.1
User-Agent: selenium/4.1.2 (java windows)
Content-Length: 271
Content-Type: application/json; charset=utf-8
host: localhost:65123
accept: */*

Response DefaultHttpResponse(decodeResult: success, version: HTTP/1.1)
HTTP/1.1 200 OK
Content-Type: application/json; charset=utf-8
cache-control: no-cache
content-length: 14

21:10:48.499 [AsyncHttpClient-1-10] DEBUG org.asynchttpclient.netty.channel.ChannelManager - Adding key: http://localhost:65123 for channel [id: 0xfeac00f1, L:/127.0.0.1:61608 - R:localhost/127.0.0.1:65123]
  &amp#27;[32mWhen &amp#27;[0m&amp#27;[32mI input valid email&amp#27;[0m                           &amp#27;[90m# starter.stepdefinitions.LoginStep.iInputValidEmail()&amp#27;[0m
21:10:48.504 [Forwarding screenshot on session e3c62114d717e2c514f453775de81cc6 to remote] DEBUG org.asynchttpclient.netty.request.NettyRequestSender - Using pooled Channel '[id: 0xfeac00f1, L:/127.0.0.1:61608 - R:localhost/127.0.0.1:65123]' for 'GET' to 'http://localhost:65123/session/e3c62114d717e2c514f453775de81cc6/screenshot'
21:10:48.504 [Forwarding screenshot on session e3c62114d717e2c514f453775de81cc6 to remote] DEBUG org.asynchttpclient.netty.request.NettyRequestSender - Using open Channel [id: 0xfeac00f1, L:/127.0.0.1:61608 - R:localhost/127.0.0.1:65123] for GET '/session/e3c62114d717e2c514f453775de81cc6/screenshot'
21:10:48.527 [AsyncHttpClient-1-1] DEBUG org.asynchttpclient.netty.channel.DefaultChannelPool - Entry count for : http://localhost:61609 : 1
21:10:48.619 [AsyncHttpClient-1-10] DEBUG org.asynchttpclient.netty.handler.HttpHandler - 

Request DefaultFullHttpRequest(decodeResult: success, version: HTTP/1.1, content: EmptyByteBufBE)
GET /session/e3c62114d717e2c514f453775de81cc6/screenshot HTTP/1.1
User-Agent: selenium/4.1.2 (java windows)
Cache-Control: no-cache
Content-Type: application/json; charset=utf-8
host: localhost:65123
accept: */*

Response DefaultHttpResponse(decodeResult: success, version: HTTP/1.1)
HTTP/1.1 200 OK
Content-Type: application/json; charset=utf-8
cache-control: no-cache
content-length: 28288

21:10:48.619 [AsyncHttpClient-1-10] DEBUG org.asynchttpclient.netty.channel.ChannelManager - Adding key: http://localhost:65123 for channel [id: 0xfeac00f1, L:/127.0.0.1:61608 - R:localhost/127.0.0.1:65123]
21:10:48.621 [main] DEBUG net.serenitybdd.core.photography.Darkroom - Send negative for processing for target\site\serenity\e8d94acb0ab67cfc981cff8c5c0e17f31af43ea6e7a0d9eac8d87081aa7107e7.png
21:10:48.622 [Darkroom Processing Line] DEBUG net.serenitybdd.core.photography.DarkroomProcessingLine - Processing screenshot image in /var/screenshots/screenshot-11781937187821090288
21:10:48.622 [Darkroom Processing Line] DEBUG net.serenitybdd.core.photography.DarkroomProcessingLine - Saving screenshot to target\site\serenity\e8d94acb0ab67cfc981cff8c5c0e17f31af43ea6e7a0d9eac8d87081aa7107e7.png
21:10:48.629 [Forwarding findElement on session e3c62114d717e2c514f453775de81cc6 to remote] DEBUG org.asynchttpclient.netty.request.NettyRequestSender - Using pooled Channel '[id: 0xfeac00f1, L:/127.0.0.1:61608 - R:localhost/127.0.0.1:65123]' for 'POST' to 'http://localhost:65123/session/e3c62114d717e2c514f453775de81cc6/element'
21:10:48.629 [Forwarding findElement on session e3c62114d717e2c514f453775de81cc6 to remote] DEBUG org.asynchttpclient.netty.request.NettyRequestSender - Using open Channel [id: 0xfeac00f1, L:/127.0.0.1:61608 - R:localhost/127.0.0.1:65123] for POST '/session/e3c62114d717e2c514f453775de81cc6/element'
21:10:48.640 [AsyncHttpClient-1-10] DEBUG org.asynchttpclient.netty.handler.HttpHandler - 

Request DefaultHttpRequest(decodeResult: success, version: HTTP/1.1)
POST /session/e3c62114d717e2c514f453775de81cc6/element HTTP/1.1
User-Agent: selenium/4.1.2 (java windows)
Content-Length: 89
Content-Type: application/json; charset=utf-8
host: localhost:65123
accept: */*

Response DefaultHttpResponse(decodeResult: success, version: HTTP/1.1)
HTTP/1.1 200 OK
Content-Type: application/json; charset=utf-8
cache-control: no-cache
content-length: 88

21:10:48.640 [AsyncHttpClient-1-10] DEBUG org.asynchttpclient.netty.channel.ChannelManager - Adding key: http://localhost:65123 for channel [id: 0xfeac00f1, L:/127.0.0.1:61608 - R:localhost/127.0.0.1:65123]
21:10:48.642 [Forwarding clearElement on session e3c62114d717e2c514f453775de81cc6 to remote] DEBUG org.asynchttpclient.netty.request.NettyRequestSender - Using pooled Channel '[id: 0xfeac00f1, L:/127.0.0.1:61608 - R:localhost/127.0.0.1:65123]' for 'POST' to 'http://localhost:65123/session/e3c62114d717e2c514f453775de81cc6/element/c241ff84-2d6d-4d77-afb2-2986f6232be5/clear'
21:10:48.642 [Forwarding clearElement on session e3c62114d717e2c514f453775de81cc6 to remote] DEBUG org.asynchttpclient.netty.request.NettyRequestSender - Using open Channel [id: 0xfeac00f1, L:/127.0.0.1:61608 - R:localhost/127.0.0.1:65123] for POST '/session/e3c62114d717e2c514f453775de81cc6/element/c241ff84-2d6d-4d77-afb2-2986f6232be5/clear'
21:10:48.671 [AsyncHttpClient-1-10] DEBUG org.asynchttpclient.netty.handler.HttpHandler - 

Request DefaultHttpRequest(decodeResult: success, version: HTTP/1.1)
POST /session/e3c62114d717e2c514f453775de81cc6/element/c241ff84-2d6d-4d77-afb2-2986f6232be5/clear HTTP/1.1
User-Agent: selenium/4.1.2 (java windows)
Content-Length: 50
Content-Type: application/json; charset=utf-8
host: localhost:65123
accept: */*

Response DefaultHttpResponse(decodeResult: success, version: HTTP/1.1)
HTTP/1.1 200 OK
Content-Type: application/json; charset=utf-8
cache-control: no-cache
content-length: 14

21:10:48.671 [AsyncHttpClient-1-10] DEBUG org.asynchttpclient.netty.channel.ChannelManager - Adding key: http://localhost:65123 for channel [id: 0xfeac00f1, L:/127.0.0.1:61608 - R:localhost/127.0.0.1:65123]
21:10:48.673 [Forwarding sendKeysToElement on session e3c62114d717e2c514f453775de81cc6 to remote] DEBUG org.asynchttpclient.netty.request.NettyRequestSender - Using pooled Channel '[id: 0xfeac00f1, L:/127.0.0.1:61608 - R:localhost/127.0.0.1:65123]' for 'POST' to 'http://localhost:65123/session/e3c62114d717e2c514f453775de81cc6/element/c241ff84-2d6d-4d77-afb2-2986f6232be5/value'
21:10:48.673 [Forwarding sendKeysToElement on session e3c62114d717e2c514f453775de81cc6 to remote] DEBUG org.asynchttpclient.netty.request.NettyRequestSender - Using open Channel [id: 0xfeac00f1, L:/127.0.0.1:61608 - R:localhost/127.0.0.1:65123] for POST '/session/e3c62114d717e2c514f453775de81cc6/element/c241ff84-2d6d-4d77-afb2-2986f6232be5/value'
21:10:48.708 [AsyncHttpClient-1-10] DEBUG org.asynchttpclient.netty.handler.HttpHandler - 

Request DefaultHttpRequest(decodeResult: success, version: HTTP/1.1)
POST /session/e3c62114d717e2c514f453775de81cc6/element/c241ff84-2d6d-4d77-afb2-2986f6232be5/value HTTP/1.1
User-Agent: selenium/4.1.2 (java windows)
Content-Length: 82
Content-Type: application/json; charset=utf-8
host: localhost:65123
accept: */*

Response DefaultHttpResponse(decodeResult: success, version: HTTP/1.1)
HTTP/1.1 200 OK
Content-Type: application/json; charset=utf-8
cache-control: no-cache
content-length: 14

21:10:48.708 [AsyncHttpClient-1-10] DEBUG org.asynchttpclient.netty.channel.ChannelManager - Adding key: http://localhost:65123 for channel [id: 0xfeac00f1, L:/127.0.0.1:61608 - R:localhost/127.0.0.1:65123]
  &amp#27;[32mAnd &amp#27;[0m&amp#27;[32mI input null password&amp#27;[0m                          &amp#27;[90m# starter.stepdefinitions.LoginStep.iInputNullPassword()&amp#27;[0m
21:10:48.713 [Forwarding screenshot on session e3c62114d717e2c514f453775de81cc6 to remote] DEBUG org.asynchttpclient.netty.request.NettyRequestSender - Using pooled Channel '[id: 0xfeac00f1, L:/127.0.0.1:61608 - R:localhost/127.0.0.1:65123]' for 'GET' to 'http://localhost:65123/session/e3c62114d717e2c514f453775de81cc6/screenshot'
21:10:48.713 [Forwarding screenshot on session e3c62114d717e2c514f453775de81cc6 to remote] DEBUG org.asynchttpclient.netty.request.NettyRequestSender - Using open Channel [id: 0xfeac00f1, L:/127.0.0.1:61608 - R:localhost/127.0.0.1:65123] for GET '/session/e3c62114d717e2c514f453775de81cc6/screenshot'
21:10:48.815 [AsyncHttpClient-1-10] DEBUG org.asynchttpclient.netty.handler.HttpHandler - 

Request DefaultFullHttpRequest(decodeResult: success, version: HTTP/1.1, content: EmptyByteBufBE)
GET /session/e3c62114d717e2c514f453775de81cc6/screenshot HTTP/1.1
User-Agent: selenium/4.1.2 (java windows)
Cache-Control: no-cache
Content-Type: application/json; charset=utf-8
host: localhost:65123
accept: */*

Response DefaultHttpResponse(decodeResult: success, version: HTTP/1.1)
HTTP/1.1 200 OK
Content-Type: application/json; charset=utf-8
cache-control: no-cache
content-length: 28528

21:10:48.816 [AsyncHttpClient-1-10] DEBUG org.asynchttpclient.netty.channel.ChannelManager - Adding key: http://localhost:65123 for channel [id: 0xfeac00f1, L:/127.0.0.1:61608 - R:localhost/127.0.0.1:65123]
21:10:48.818 [main] DEBUG net.serenitybdd.core.photography.Darkroom - Send negative for processing for target\site\serenity\e81169b2b49a9bb4bd001d681f447b1f7121a33a570b6201b8948d35fd0a36df.png
21:10:48.818 [Darkroom Processing Line] DEBUG net.serenitybdd.core.photography.DarkroomProcessingLine - Processing screenshot image in /var/screenshots/screenshot-10207855729042402560
21:10:48.818 [Darkroom Processing Line] DEBUG net.serenitybdd.core.photography.DarkroomProcessingLine - Saving screenshot to target\site\serenity\e81169b2b49a9bb4bd001d681f447b1f7121a33a570b6201b8948d35fd0a36df.png
21:10:48.827 [Forwarding findElement on session e3c62114d717e2c514f453775de81cc6 to remote] DEBUG org.asynchttpclient.netty.request.NettyRequestSender - Using pooled Channel '[id: 0xfeac00f1, L:/127.0.0.1:61608 - R:localhost/127.0.0.1:65123]' for 'POST' to 'http://localhost:65123/session/e3c62114d717e2c514f453775de81cc6/element'
21:10:48.827 [Forwarding findElement on session e3c62114d717e2c514f453775de81cc6 to remote] DEBUG org.asynchttpclient.netty.request.NettyRequestSender - Using open Channel [id: 0xfeac00f1, L:/127.0.0.1:61608 - R:localhost/127.0.0.1:65123] for POST '/session/e3c62114d717e2c514f453775de81cc6/element'
21:10:48.840 [AsyncHttpClient-1-10] DEBUG org.asynchttpclient.netty.handler.HttpHandler - 

Request DefaultHttpRequest(decodeResult: success, version: HTTP/1.1)
POST /session/e3c62114d717e2c514f453775de81cc6/element HTTP/1.1
User-Agent: selenium/4.1.2 (java windows)
Content-Length: 83
Content-Type: application/json; charset=utf-8
host: localhost:65123
accept: */*

Response DefaultHttpResponse(decodeResult: success, version: HTTP/1.1)
HTTP/1.1 200 OK
Content-Type: application/json; charset=utf-8
cache-control: no-cache
content-length: 88

21:10:48.841 [AsyncHttpClient-1-10] DEBUG org.asynchttpclient.netty.channel.ChannelManager - Adding key: http://localhost:65123 for channel [id: 0xfeac00f1, L:/127.0.0.1:61608 - R:localhost/127.0.0.1:65123]
21:10:48.842 [Forwarding getElementTagName on session e3c62114d717e2c514f453775de81cc6 to remote] DEBUG org.asynchttpclient.netty.request.NettyRequestSender - Using pooled Channel '[id: 0xfeac00f1, L:/127.0.0.1:61608 - R:localhost/127.0.0.1:65123]' for 'GET' to 'http://localhost:65123/session/e3c62114d717e2c514f453775de81cc6/element/4bc4a9ee-7f32-4c0c-9d77-4757b67ac9aa/name'
21:10:48.843 [Forwarding getElementTagName on session e3c62114d717e2c514f453775de81cc6 to remote] DEBUG org.asynchttpclient.netty.request.NettyRequestSender - Using open Channel [id: 0xfeac00f1, L:/127.0.0.1:61608 - R:localhost/127.0.0.1:65123] for GET '/session/e3c62114d717e2c514f453775de81cc6/element/4bc4a9ee-7f32-4c0c-9d77-4757b67ac9aa/name'
21:10:48.847 [AsyncHttpClient-1-10] DEBUG org.asynchttpclient.netty.handler.HttpHandler - 

Request DefaultFullHttpRequest(decodeResult: success, version: HTTP/1.1, content: EmptyByteBufBE)
GET /session/e3c62114d717e2c514f453775de81cc6/element/4bc4a9ee-7f32-4c0c-9d77-4757b67ac9aa/name HTTP/1.1
User-Agent: selenium/4.1.2 (java windows)
Cache-Control: no-cache
Content-Type: application/json; charset=utf-8
host: localhost:65123
accept: */*

Response DefaultHttpResponse(decodeResult: success, version: HTTP/1.1)
HTTP/1.1 200 OK
Content-Type: application/json; charset=utf-8
cache-control: no-cache
content-length: 16

21:10:48.847 [AsyncHttpClient-1-10] DEBUG org.asynchttpclient.netty.channel.ChannelManager - Adding key: http://localhost:65123 for channel [id: 0xfeac00f1, L:/127.0.0.1:61608 - R:localhost/127.0.0.1:65123]
21:10:48.849 [Forwarding getElementTagName on session e3c62114d717e2c514f453775de81cc6 to remote] DEBUG org.asynchttpclient.netty.request.NettyRequestSender - Using pooled Channel '[id: 0xfeac00f1, L:/127.0.0.1:61608 - R:localhost/127.0.0.1:65123]' for 'GET' to 'http://localhost:65123/session/e3c62114d717e2c514f453775de81cc6/element/4bc4a9ee-7f32-4c0c-9d77-4757b67ac9aa/name'
21:10:48.849 [Forwarding getElementTagName on session e3c62114d717e2c514f453775de81cc6 to remote] DEBUG org.asynchttpclient.netty.request.NettyRequestSender - Using open Channel [id: 0xfeac00f1, L:/127.0.0.1:61608 - R:localhost/127.0.0.1:65123] for GET '/session/e3c62114d717e2c514f453775de81cc6/element/4bc4a9ee-7f32-4c0c-9d77-4757b67ac9aa/name'
21:10:48.856 [AsyncHttpClient-1-10] DEBUG org.asynchttpclient.netty.handler.HttpHandler - 

Request DefaultFullHttpRequest(decodeResult: success, version: HTTP/1.1, content: EmptyByteBufBE)
GET /session/e3c62114d717e2c514f453775de81cc6/element/4bc4a9ee-7f32-4c0c-9d77-4757b67ac9aa/name HTTP/1.1
User-Agent: selenium/4.1.2 (java windows)
Cache-Control: no-cache
Content-Type: application/json; charset=utf-8
host: localhost:65123
accept: */*

Response DefaultHttpResponse(decodeResult: success, version: HTTP/1.1)
HTTP/1.1 200 OK
Content-Type: application/json; charset=utf-8
cache-control: no-cache
content-length: 16

21:10:48.857 [AsyncHttpClient-1-10] DEBUG org.asynchttpclient.netty.channel.ChannelManager - Adding key: http://localhost:65123 for channel [id: 0xfeac00f1, L:/127.0.0.1:61608 - R:localhost/127.0.0.1:65123]
21:10:48.859 [Forwarding findElement on session e3c62114d717e2c514f453775de81cc6 to remote] DEBUG org.asynchttpclient.netty.request.NettyRequestSender - Using pooled Channel '[id: 0xfeac00f1, L:/127.0.0.1:61608 - R:localhost/127.0.0.1:65123]' for 'POST' to 'http://localhost:65123/session/e3c62114d717e2c514f453775de81cc6/element'
21:10:48.859 [Forwarding findElement on session e3c62114d717e2c514f453775de81cc6 to remote] DEBUG org.asynchttpclient.netty.request.NettyRequestSender - Using open Channel [id: 0xfeac00f1, L:/127.0.0.1:61608 - R:localhost/127.0.0.1:65123] for POST '/session/e3c62114d717e2c514f453775de81cc6/element'
21:10:48.872 [AsyncHttpClient-1-10] DEBUG org.asynchttpclient.netty.handler.HttpHandler - 

Request DefaultHttpRequest(decodeResult: success, version: HTTP/1.1)
POST /session/e3c62114d717e2c514f453775de81cc6/element HTTP/1.1
User-Agent: selenium/4.1.2 (java windows)
Content-Length: 83
Content-Type: application/json; charset=utf-8
host: localhost:65123
accept: */*

Response DefaultHttpResponse(decodeResult: success, version: HTTP/1.1)
HTTP/1.1 200 OK
Content-Type: application/json; charset=utf-8
cache-control: no-cache
content-length: 88

21:10:48.872 [AsyncHttpClient-1-10] DEBUG org.asynchttpclient.netty.channel.ChannelManager - Adding key: http://localhost:65123 for channel [id: 0xfeac00f1, L:/127.0.0.1:61608 - R:localhost/127.0.0.1:65123]
21:10:48.874 [Forwarding clickElement on session e3c62114d717e2c514f453775de81cc6 to remote] DEBUG org.asynchttpclient.netty.request.NettyRequestSender - Using pooled Channel '[id: 0xfeac00f1, L:/127.0.0.1:61608 - R:localhost/127.0.0.1:65123]' for 'POST' to 'http://localhost:65123/session/e3c62114d717e2c514f453775de81cc6/element/4bc4a9ee-7f32-4c0c-9d77-4757b67ac9aa/click'
21:10:48.874 [Forwarding clickElement on session e3c62114d717e2c514f453775de81cc6 to remote] DEBUG org.asynchttpclient.netty.request.NettyRequestSender - Using open Channel [id: 0xfeac00f1, L:/127.0.0.1:61608 - R:localhost/127.0.0.1:65123] for POST '/session/e3c62114d717e2c514f453775de81cc6/element/4bc4a9ee-7f32-4c0c-9d77-4757b67ac9aa/click'
21:10:48.954 [AsyncHttpClient-1-10] DEBUG org.asynchttpclient.netty.handler.HttpHandler - 

Request DefaultHttpRequest(decodeResult: success, version: HTTP/1.1)
POST /session/e3c62114d717e2c514f453775de81cc6/element/4bc4a9ee-7f32-4c0c-9d77-4757b67ac9aa/click HTTP/1.1
User-Agent: selenium/4.1.2 (java windows)
Content-Length: 50
Content-Type: application/json; charset=utf-8
host: localhost:65123
accept: */*

Response DefaultHttpResponse(decodeResult: success, version: HTTP/1.1)
HTTP/1.1 200 OK
Content-Type: application/json; charset=utf-8
cache-control: no-cache
content-length: 14

21:10:48.955 [AsyncHttpClient-1-10] DEBUG org.asynchttpclient.netty.channel.ChannelManager - Adding key: http://localhost:65123 for channel [id: 0xfeac00f1, L:/127.0.0.1:61608 - R:localhost/127.0.0.1:65123]
  &amp#27;[32mAnd &amp#27;[0m&amp#27;[32mI click login button&amp#27;[0m                           &amp#27;[90m# starter.stepdefinitions.LoginStep.iClickLoginButton()&amp#27;[0m
21:10:48.959 [Forwarding screenshot on session e3c62114d717e2c514f453775de81cc6 to remote] DEBUG org.asynchttpclient.netty.request.NettyRequestSender - Using pooled Channel '[id: 0xfeac00f1, L:/127.0.0.1:61608 - R:localhost/127.0.0.1:65123]' for 'GET' to 'http://localhost:65123/session/e3c62114d717e2c514f453775de81cc6/screenshot'
21:10:48.960 [Forwarding screenshot on session e3c62114d717e2c514f453775de81cc6 to remote] DEBUG org.asynchttpclient.netty.request.NettyRequestSender - Using open Channel [id: 0xfeac00f1, L:/127.0.0.1:61608 - R:localhost/127.0.0.1:65123] for GET '/session/e3c62114d717e2c514f453775de81cc6/screenshot'
21:10:49.098 [AsyncHttpClient-1-10] DEBUG org.asynchttpclient.netty.handler.HttpHandler - 

Request DefaultFullHttpRequest(decodeResult: success, version: HTTP/1.1, content: EmptyByteBufBE)
GET /session/e3c62114d717e2c514f453775de81cc6/screenshot HTTP/1.1
User-Agent: selenium/4.1.2 (java windows)
Cache-Control: no-cache
Content-Type: application/json; charset=utf-8
host: localhost:65123
accept: */*

Response DefaultHttpResponse(decodeResult: success, version: HTTP/1.1)
HTTP/1.1 200 OK
Content-Type: application/json; charset=utf-8
cache-control: no-cache
content-length: 28280

21:10:49.099 [AsyncHttpClient-1-10] DEBUG org.asynchttpclient.netty.channel.ChannelManager - Adding key: http://localhost:65123 for channel [id: 0xfeac00f1, L:/127.0.0.1:61608 - R:localhost/127.0.0.1:65123]
21:10:49.102 [main] DEBUG net.serenitybdd.core.photography.Darkroom - Send negative for processing for target\site\serenity\096579cd43a0b3e170f8f359c287247cf3a8c87faa127058299a8e951c8470b8.png
21:10:49.102 [Darkroom Processing Line] DEBUG net.serenitybdd.core.photography.DarkroomProcessingLine - Processing screenshot image in /var/screenshots/screenshot-5821214898707654218
21:10:49.102 [Darkroom Processing Line] DEBUG net.serenitybdd.core.photography.DarkroomProcessingLine - Saving screenshot to target\site\serenity\096579cd43a0b3e170f8f359c287247cf3a8c87faa127058299a8e951c8470b8.png
21:10:49.112 [Forwarding findElement on session e3c62114d717e2c514f453775de81cc6 to remote] DEBUG org.asynchttpclient.netty.request.NettyRequestSender - Using pooled Channel '[id: 0xfeac00f1, L:/127.0.0.1:61608 - R:localhost/127.0.0.1:65123]' for 'POST' to 'http://localhost:65123/session/e3c62114d717e2c514f453775de81cc6/element'
21:10:49.112 [Forwarding findElement on session e3c62114d717e2c514f453775de81cc6 to remote] DEBUG org.asynchttpclient.netty.request.NettyRequestSender - Using open Channel [id: 0xfeac00f1, L:/127.0.0.1:61608 - R:localhost/127.0.0.1:65123] for POST '/session/e3c62114d717e2c514f453775de81cc6/element'
21:10:49.618 [AsyncHttpClient-1-1] DEBUG org.asynchttpclient.netty.channel.DefaultChannelPool - Entry count for : http://localhost:61609 : 1
21:10:50.341 [AsyncHttpClient-1-10] DEBUG org.asynchttpclient.netty.handler.HttpHandler - 

Request DefaultHttpRequest(decodeResult: success, version: HTTP/1.1)
POST /session/e3c62114d717e2c514f453775de81cc6/element HTTP/1.1
User-Agent: selenium/4.1.2 (java windows)
Content-Length: 87
Content-Type: application/json; charset=utf-8
host: localhost:65123
accept: */*

Response DefaultHttpResponse(decodeResult: success, version: HTTP/1.1)
HTTP/1.1 200 OK
Content-Type: application/json; charset=utf-8
cache-control: no-cache
content-length: 88

21:10:50.341 [AsyncHttpClient-1-10] DEBUG org.asynchttpclient.netty.channel.ChannelManager - Adding key: http://localhost:65123 for channel [id: 0xfeac00f1, L:/127.0.0.1:61608 - R:localhost/127.0.0.1:65123]
21:10:50.345 [Forwarding isElementDisplayed on session e3c62114d717e2c514f453775de81cc6 to remote] DEBUG org.asynchttpclient.netty.request.NettyRequestSender - Using pooled Channel '[id: 0xfeac00f1, L:/127.0.0.1:61608 - R:localhost/127.0.0.1:65123]' for 'POST' to 'http://localhost:65123/session/e3c62114d717e2c514f453775de81cc6/execute/sync'
21:10:50.345 [Forwarding isElementDisplayed on session e3c62114d717e2c514f453775de81cc6 to remote] DEBUG org.asynchttpclient.netty.request.NettyRequestSender - Using open Channel [id: 0xfeac00f1, L:/127.0.0.1:61608 - R:localhost/127.0.0.1:65123] for POST '/session/e3c62114d717e2c514f453775de81cc6/execute/sync'
21:10:50.357 [AsyncHttpClient-1-10] DEBUG org.asynchttpclient.netty.handler.HttpHandler - 

Request DefaultHttpRequest(decodeResult: success, version: HTTP/1.1)
POST /session/e3c62114d717e2c514f453775de81cc6/execute/sync HTTP/1.1
User-Agent: selenium/4.1.2 (java windows)
Content-Length: 48780
Content-Type: application/json; charset=utf-8
host: localhost:65123
accept: */*

Response DefaultHttpResponse(decodeResult: success, version: HTTP/1.1)
HTTP/1.1 200 OK
Content-Type: application/json; charset=utf-8
cache-control: no-cache
content-length: 14

21:10:50.357 [AsyncHttpClient-1-10] DEBUG org.asynchttpclient.netty.channel.ChannelManager - Adding key: http://localhost:65123 for channel [id: 0xfeac00f1, L:/127.0.0.1:61608 - R:localhost/127.0.0.1:65123]
  &amp#27;[32mThen &amp#27;[0m&amp#27;[32mI will get error message password is required&amp#27;[0m &amp#27;[90m# starter.stepdefinitions.LoginStep.iWillGetErrorMessagePasswordIsRequired()&amp#27;[0m
21:10:50.361 [Forwarding screenshot on session e3c62114d717e2c514f453775de81cc6 to remote] DEBUG org.asynchttpclient.netty.request.NettyRequestSender - Using pooled Channel '[id: 0xfeac00f1, L:/127.0.0.1:61608 - R:localhost/127.0.0.1:65123]' for 'GET' to 'http://localhost:65123/session/e3c62114d717e2c514f453775de81cc6/screenshot'
21:10:50.362 [Forwarding screenshot on session e3c62114d717e2c514f453775de81cc6 to remote] DEBUG org.asynchttpclient.netty.request.NettyRequestSender - Using open Channel [id: 0xfeac00f1, L:/127.0.0.1:61608 - R:localhost/127.0.0.1:65123] for GET '/session/e3c62114d717e2c514f453775de81cc6/screenshot'
21:10:50.505 [AsyncHttpClient-1-10] DEBUG org.asynchttpclient.netty.handler.HttpHandler - 

Request DefaultFullHttpRequest(decodeResult: success, version: HTTP/1.1, content: EmptyByteBufBE)
GET /session/e3c62114d717e2c514f453775de81cc6/screenshot HTTP/1.1
User-Agent: selenium/4.1.2 (java windows)
Cache-Control: no-cache
Content-Type: application/json; charset=utf-8
host: localhost:65123
accept: */*

Response DefaultHttpResponse(decodeResult: success, version: HTTP/1.1)
HTTP/1.1 200 OK
Content-Type: application/json; charset=utf-8
cache-control: no-cache
content-length: 33128

21:10:50.505 [AsyncHttpClient-1-10] DEBUG org.asynchttpclient.netty.channel.ChannelManager - Adding key: http://localhost:65123 for channel [id: 0xfeac00f1, L:/127.0.0.1:61608 - R:localhost/127.0.0.1:65123]
21:10:50.506 [main] DEBUG net.serenitybdd.core.photography.Darkroom - Send negative for processing for target\site\serenity\a7f27f54324bbf4816678809cbd378146988a49f36065c16ecfca793f9c71a7d.png
21:10:50.507 [Darkroom Processing Line] DEBUG net.serenitybdd.core.photography.DarkroomProcessingLine - Processing screenshot image in /var/screenshots/screenshot-7901729754632287234
21:10:50.507 [Darkroom Processing Line] DEBUG net.serenitybdd.core.photography.DarkroomProcessingLine - Saving screenshot to target\site\serenity\a7f27f54324bbf4816678809cbd378146988a49f36065c16ecfca793f9c71a7d.png
21:10:50.508 [main] INFO  - 
  _____   ___   ___   _____     ___     _     ___   ___   ___   ___  
 |_   _| | __| / __| |_   _|   | _ \   /_\   / __| / __| | __| |   \ 
   | |   | _|  \__ \   | |     |  _/  / _ \  \__ \ \__ \ | _|  | |) |
   |_|   |___| |___/   |_|     |_|   /_/ \_\ |___/ |___/ |___| |___/ 

Login with valid email and null password
----------------------------------------------------------------------
21:10:50.509 [AsyncHttpClient-1-12] DEBUG org.asynchttpclient.netty.handler.WebSocketHandler - Channel Closed: [id: 0x8bcd64bd, L:/127.0.0.1:61616 ! R:localhost/127.0.0.1:61609] with attribute NettyResponseFuture{currentRetry=5,
	isDone=1,
	isCancelled=0,
	asyncHandler=org.asynchttpclient.ws.WebSocketUpgradeHandler@4a211a0b,
	nettyRequest=org.asynchttpclient.netty.request.NettyRequest@1f5e247b,
	future=java.util.concurrent.CompletableFuture@322f2f55[Completed normally],
	uri=ws://localhost:61609/devtools/browser/969afb8f-6b74-4147-838e-f042f57aa690,
	keepAlive=true,
	redirectCount=0,
	timeoutsHolder=null,
	inAuth=0,
	touch=1667916647310}
21:10:50.509 [AsyncHttpClient-1-12] DEBUG org.asynchttpclient.netty.channel.ChannelManager - Closing Channel [id: 0x8bcd64bd, L:/127.0.0.1:61616 ! R:localhost/127.0.0.1:61609] 
21:10:50.509 [Driver Command Executor] DEBUG org.asynchttpclient.netty.request.NettyRequestSender - Using pooled Channel '[id: 0xfeac00f1, L:/127.0.0.1:61608 - R:localhost/127.0.0.1:65123]' for 'DELETE' to 'http://localhost:65123/session/e3c62114d717e2c514f453775de81cc6'
21:10:50.509 [Driver Command Executor] DEBUG org.asynchttpclient.netty.request.NettyRequestSender - Using open Channel [id: 0xfeac00f1, L:/127.0.0.1:61608 - R:localhost/127.0.0.1:65123] for DELETE '/session/e3c62114d717e2c514f453775de81cc6'
21:10:50.548 [AsyncHttpClient-1-11] DEBUG org.asynchttpclient.netty.handler.HttpHandler - Unexpected I/O exception on channel [id: 0x0ab75295, L:/127.0.0.1:61615 - R:localhost/127.0.0.1:61609]
java.io.IOException: An existing connection was forcibly closed by the remote host
	at java.base/sun.nio.ch.SocketDispatcher.read0(Native Method)
	at java.base/sun.nio.ch.SocketDispatcher.read(SocketDispatcher.java:43)
	at java.base/sun.nio.ch.IOUtil.readIntoNativeBuffer(IOUtil.java:276)
	at java.base/sun.nio.ch.IOUtil.read(IOUtil.java:233)
	at java.base/sun.nio.ch.IOUtil.read(IOUtil.java:223)
	at java.base/sun.nio.ch.SocketChannelImpl.read(SocketChannelImpl.java:358)
	at io.netty.buffer.PooledByteBuf.setBytes(PooledByteBuf.java:258)
	at io.netty.buffer.AbstractByteBuf.writeBytes(AbstractByteBuf.java:1132)
	at io.netty.channel.socket.nio.NioSocketChannel.doReadBytes(NioSocketChannel.java:350)
	at io.netty.channel.nio.AbstractNioByteChannel$NioByteUnsafe.read(AbstractNioByteChannel.java:151)
	at io.netty.channel.nio.NioEventLoop.processSelectedKey(NioEventLoop.java:722)
	at io.netty.channel.nio.NioEventLoop.processSelectedKeysOptimized(NioEventLoop.java:658)
	at io.netty.channel.nio.NioEventLoop.processSelectedKeys(NioEventLoop.java:584)
	at io.netty.channel.nio.NioEventLoop.run(NioEventLoop.java:496)
	at io.netty.util.concurrent.SingleThreadEventExecutor$4.run(SingleThreadEventExecutor.java:986)
	at io.netty.util.internal.ThreadExecutorMap$2.run(ThreadExecutorMap.java:74)
	at io.netty.util.concurrent.FastThreadLocalRunnable.run(FastThreadLocalRunnable.java:30)
	at java.base/java.lang.Thread.run(Thread.java:834)
21:10:50.548 [AsyncHttpClient-1-11] DEBUG org.asynchttpclient.netty.channel.ChannelManager - Closing Channel [id: 0x0ab75295, L:/127.0.0.1:61615 - R:localhost/127.0.0.1:61609] 
21:10:50.548 [AsyncHttpClient-1-11] DEBUG org.asynchttpclient.netty.handler.HttpHandler - Channel Closed: [id: 0x0ab75295, L:/127.0.0.1:61615 ! R:localhost/127.0.0.1:61609] with attribute DISCARD
21:10:50.561 [AsyncHttpClient-1-10] DEBUG org.asynchttpclient.netty.handler.HttpHandler - 

Request DefaultFullHttpRequest(decodeResult: success, version: HTTP/1.1, content: EmptyByteBufBE)
DELETE /session/e3c62114d717e2c514f453775de81cc6 HTTP/1.1
User-Agent: selenium/4.1.2 (java windows)
Content-Type: application/json; charset=utf-8
host: localhost:65123
accept: */*

Response DefaultHttpResponse(decodeResult: success, version: HTTP/1.1)
HTTP/1.1 200 OK
Content-Type: application/json; charset=utf-8
cache-control: no-cache
content-length: 14

21:10:50.562 [AsyncHttpClient-1-10] DEBUG org.asynchttpclient.netty.channel.ChannelManager - Adding key: http://localhost:65123 for channel [id: 0xfeac00f1, L:/127.0.0.1:61608 - R:localhost/127.0.0.1:65123]
21:10:50.601 [AsyncHttpClient-1-10] DEBUG org.asynchttpclient.netty.handler.HttpHandler - Channel Closed: [id: 0xfeac00f1, L:/127.0.0.1:61608 ! R:localhost/127.0.0.1:65123] with attribute DISCARD
]]></system-out>
    <system-err><![CDATA[Starting ChromeDriver 106.0.5249.61 (511755355844955cd3e264779baf0dd38212a4d0-refs/branch-heads/5249@{#569}) on port 65123
Only local connections are allowed.
Please see https://chromedriver.chromium.org/security-considerations for suggestions on keeping ChromeDriver safe.
ChromeDriver was started successfully.
[1667916647.291][WARNING]: This version of ChromeDriver has not been tested with Chrome version 107.
Nov 08, 2022 9:10:47 PM org.openqa.selenium.remote.ProtocolHandshake createSession
INFO: Detected dialect: W3C
Nov 08, 2022 9:10:47 PM org.openqa.selenium.devtools.CdpVersionFinder findNearestMatch
WARNING: Unable to find an exact match for CDP version 107, so returning the closest version found: a no-op implementation
Nov 08, 2022 9:10:47 PM org.openqa.selenium.devtools.CdpVersionFinder findNearestMatch
INFO: Unable to find CDP implementation matching 107.
Nov 08, 2022 9:10:47 PM org.openqa.selenium.chromium.ChromiumDriver lambda$new$3
WARNING: Unable to find version of CDP to use for . You may need to include a dependency on a specific version of the CDP using something similar to `org.seleniumhq.selenium:selenium-devtools-v86:4.1.2` where the version ("v86") matches the version of the chromium-based browser you're using and the version number of the artifact is the same as Selenium's.
]]></system-err>
  </testcase>
  <testcase name="Login with null email and valid password" classname="Login" time="4.251">
    <system-out><![CDATA[
@Login
Scenario: Login with null email and valid password &amp#27;[90m# src/test/resources/features/login.feature:49&amp#27;[0m
21:10:50.656 [main] INFO io.cucumber.core.plugin.SerenityReporter - Running feature from file:///D:/miniproject/webtesting/src/test/resources/features/login.feature
21:10:50.658 [main] INFO  - 
  _____   ___   ___   _____     ___   _____     _     ___   _____   ___   ___  
 |_   _| | __| / __| |_   _|   / __| |_   _|   /_\   | _ \ |_   _| | __| |   \ 
   | |   | _|  \__ \   | |     \__ \   | |    / _ \  |   /   | |   | _|  | |) |
   |_|   |___| |___/   |_|     |___/   |_|   /_/ \_\ |_|_\   |_|   |___| |___/ 

Login with null email and valid password(login;login-with-null-email-and-valid-password)
--------------------------------------------------------------------------------
21:10:50.676 [main] INFO net.serenitybdd.core.webdriver.driverproviders.ChromeDriverProvider - Using automatically driver download
21:10:50.725 [AsyncHttpClient-1-1] DEBUG org.asynchttpclient.netty.channel.DefaultChannelPool - Entry count for : http://localhost:61609 : 1
21:10:50.725 [AsyncHttpClient-1-1] DEBUG org.asynchttpclient.netty.channel.DefaultChannelPool - Entry count for : http://localhost:65123 : 1
21:10:50.725 [AsyncHttpClient-1-1] DEBUG org.asynchttpclient.netty.channel.DefaultChannelPool - Adding Candidate expired Channel [id: 0x0ab75295, L:/127.0.0.1:61615 ! R:localhost/127.0.0.1:61609] isIdleTimeoutExpired=false isRemotelyClosed=true isTtlExpired=false
21:10:50.725 [AsyncHttpClient-1-1] DEBUG org.asynchttpclient.netty.channel.DefaultChannelPool - Closing Idle Channel [id: 0x0ab75295, L:/127.0.0.1:61615 ! R:localhost/127.0.0.1:61609]
21:10:50.725 [AsyncHttpClient-1-1] DEBUG org.asynchttpclient.netty.channel.DefaultChannelPool - Adding Candidate expired Channel [id: 0xfeac00f1, L:/127.0.0.1:61608 ! R:localhost/127.0.0.1:65123] isIdleTimeoutExpired=false isRemotelyClosed=true isTtlExpired=false
21:10:50.725 [AsyncHttpClient-1-1] DEBUG org.asynchttpclient.netty.channel.DefaultChannelPool - Closing Idle Channel [id: 0xfeac00f1, L:/127.0.0.1:61608 ! R:localhost/127.0.0.1:65123]
21:10:50.725 [AsyncHttpClient-1-1] DEBUG org.asynchttpclient.netty.channel.DefaultChannelPool - Closed 2 connections out of 2 in 0 ms
21:10:50.767 [main] DEBUG io.github.bonigarcia.wdm.cache.ResolutionCache - Resolution chrome=107 in cache (valid until 22:09:52 08/11/2022 ICT)
21:10:50.770 [main] DEBUG io.github.bonigarcia.wdm.cache.ResolutionCache - Resolution chrome107=107.0.5304.62 in cache (valid until 21:09:52 09/11/2022 ICT)
21:10:50.772 [main] INFO io.github.bonigarcia.wdm.WebDriverManager - Using chromedriver 107.0.5304.62 (resolved driver for Chrome 107)
21:10:50.783 [main] DEBUG io.github.bonigarcia.wdm.WebDriverManager - Driver chromedriver 107.0.5304.62 found in cache
21:10:50.783 [main] INFO io.github.bonigarcia.wdm.WebDriverManager - Exporting webdriver.chrome.driver as C:\Users\Yusuf Efendi\.cache\selenium\chromedriver\win32\107.0.5304.62\chromedriver.exe
21:10:50.881 [main] DEBUG net.serenitybdd.core.webdriver.driverproviders.ProvideNewDriver - Instantiating driver
21:10:50.881 [main] DEBUG net.serenitybdd.core.webdriver.driverproviders.ProvideNewDriver - Driver capabilities: Capabilities {acceptInsecureCerts: false, base.url: https://alta-shop.vercel.app, browserName: chrome, chrome.driver: src/test/resources/webdrive..., driver: chrome, goog:chromeOptions: {args: [], extensions: []}, wait.for.timeout: 7000}
21:10:50.980 [AsyncHttpClient-1-13] DEBUG org.asynchttpclient.netty.channel.NettyConnectListener - Using new Channel '[id: 0x42592e35, L:/127.0.0.1:61635 - R:localhost/127.0.0.1:57455]' for 'POST' to '/session'
21:10:51.625 [AsyncHttpClient-1-13] DEBUG org.asynchttpclient.netty.handler.HttpHandler - 

Request DefaultHttpRequest(decodeResult: success, version: HTTP/1.1)
POST /session HTTP/1.1
User-Agent: selenium/4.1.2 (java windows)
Content-Length: 639
Content-Type: application/json; charset=utf-8
host: localhost:57455
accept: */*

Response DefaultHttpResponse(decodeResult: success, version: HTTP/1.1)
HTTP/1.1 200 OK
Content-Type: application/json; charset=utf-8
cache-control: no-cache
content-length: 792

21:10:51.625 [AsyncHttpClient-1-13] DEBUG org.asynchttpclient.netty.channel.ChannelManager - Adding key: http://localhost:57455 for channel [id: 0x42592e35, L:/127.0.0.1:61635 - R:localhost/127.0.0.1:57455]
21:10:51.630 [AsyncHttpClient-1-14] DEBUG org.asynchttpclient.netty.channel.NettyConnectListener - Using new Channel '[id: 0xa3b9a3b4, L:/127.0.0.1:61642 - R:localhost/127.0.0.1:61636]' for 'GET' to '/json/version'
21:10:51.630 [AsyncHttpClient-1-14] DEBUG org.asynchttpclient.netty.handler.HttpHandler - 

Request DefaultFullHttpRequest(decodeResult: success, version: HTTP/1.1, content: EmptyByteBufBE)
GET /json/version HTTP/1.1
User-Agent: selenium/4.1.2 (java windows)
host: localhost:61636
accept: */*

Response DefaultHttpResponse(decodeResult: success, version: HTTP/1.1)
HTTP/1.1 200 OK
Content-Type: application/json; charset=UTF-8
content-length: 423

21:10:51.631 [AsyncHttpClient-1-14] DEBUG org.asynchttpclient.netty.channel.ChannelManager - Adding key: http://localhost:61636 for channel [id: 0xa3b9a3b4, L:/127.0.0.1:61642 - R:localhost/127.0.0.1:61636]
21:10:51.633 [AsyncHttpClient-1-15] DEBUG org.asynchttpclient.netty.channel.NettyConnectListener - Using new Channel '[id: 0x6f7294ed, L:/127.0.0.1:61643 - R:localhost/127.0.0.1:61636]' for 'GET' to '/devtools/browser/dbc268ff-a09d-4c37-ad17-34138f315d61'
21:10:51.633 [AsyncHttpClient-1-15] DEBUG org.asynchttpclient.netty.handler.WebSocketHandler - 

Request DefaultFullHttpRequest(decodeResult: success, version: HTTP/1.1, content: EmptyByteBufBE)
GET /devtools/browser/dbc268ff-a09d-4c37-ad17-34138f315d61 HTTP/1.1
upgrade: websocket
connection: upgrade
sec-websocket-key: QO82S9Af+Rzlg4xy77NIFg==
sec-websocket-version: 13
origin: http://localhost:61636
host: localhost:61636
accept: */*
user-agent: AHC/2.1

Response DefaultHttpResponse(decodeResult: success, version: HTTP/1.1)
HTTP/1.1 101 WebSocket Protocol Handshake
Upgrade: WebSocket
Connection: Upgrade
Sec-WebSocket-Accept: 2J5uQYV3fncrUJuaySb51dqLKY0=

21:10:51.636 [Forwarding get on session 86ab574d20e4eb1e0a6a0faaf8da002c to remote] DEBUG org.asynchttpclient.netty.request.NettyRequestSender - Using pooled Channel '[id: 0x42592e35, L:/127.0.0.1:61635 - R:localhost/127.0.0.1:57455]' for 'POST' to 'http://localhost:57455/session/86ab574d20e4eb1e0a6a0faaf8da002c/url'
21:10:51.638 [Forwarding get on session 86ab574d20e4eb1e0a6a0faaf8da002c to remote] DEBUG org.asynchttpclient.netty.request.NettyRequestSender - Using open Channel [id: 0x42592e35, L:/127.0.0.1:61635 - R:localhost/127.0.0.1:57455] for POST '/session/86ab574d20e4eb1e0a6a0faaf8da002c/url'
21:10:51.818 [AsyncHttpClient-1-1] DEBUG org.asynchttpclient.netty.channel.DefaultChannelPool - Entry count for : http://localhost:61636 : 1
21:10:52.382 [AsyncHttpClient-1-13] DEBUG org.asynchttpclient.netty.handler.HttpHandler - 

Request DefaultHttpRequest(decodeResult: success, version: HTTP/1.1)
POST /session/86ab574d20e4eb1e0a6a0faaf8da002c/url HTTP/1.1
User-Agent: selenium/4.1.2 (java windows)
Content-Length: 74
Content-Type: application/json; charset=utf-8
host: localhost:57455
accept: */*

Response DefaultHttpResponse(decodeResult: success, version: HTTP/1.1)
HTTP/1.1 200 OK
Content-Type: application/json; charset=utf-8
cache-control: no-cache
content-length: 14

21:10:52.382 [AsyncHttpClient-1-13] DEBUG org.asynchttpclient.netty.channel.ChannelManager - Adding key: http://localhost:57455 for channel [id: 0x42592e35, L:/127.0.0.1:61635 - R:localhost/127.0.0.1:57455]
21:10:52.385 [Forwarding setTimeout on session 86ab574d20e4eb1e0a6a0faaf8da002c to remote] DEBUG org.asynchttpclient.netty.request.NettyRequestSender - Using pooled Channel '[id: 0x42592e35, L:/127.0.0.1:61635 - R:localhost/127.0.0.1:57455]' for 'POST' to 'http://localhost:57455/session/86ab574d20e4eb1e0a6a0faaf8da002c/timeouts'
21:10:52.385 [Forwarding setTimeout on session 86ab574d20e4eb1e0a6a0faaf8da002c to remote] DEBUG org.asynchttpclient.netty.request.NettyRequestSender - Using open Channel [id: 0x42592e35, L:/127.0.0.1:61635 - R:localhost/127.0.0.1:57455] for POST '/session/86ab574d20e4eb1e0a6a0faaf8da002c/timeouts'
21:10:52.388 [AsyncHttpClient-1-13] DEBUG org.asynchttpclient.netty.handler.HttpHandler - 

Request DefaultHttpRequest(decodeResult: success, version: HTTP/1.1)
POST /session/86ab574d20e4eb1e0a6a0faaf8da002c/timeouts HTTP/1.1
User-Agent: selenium/4.1.2 (java windows)
Content-Length: 22
Content-Type: application/json; charset=utf-8
host: localhost:57455
accept: */*

Response DefaultHttpResponse(decodeResult: success, version: HTTP/1.1)
HTTP/1.1 200 OK
Content-Type: application/json; charset=utf-8
cache-control: no-cache
content-length: 14

21:10:52.388 [AsyncHttpClient-1-13] DEBUG org.asynchttpclient.netty.channel.ChannelManager - Adding key: http://localhost:57455 for channel [id: 0x42592e35, L:/127.0.0.1:61635 - R:localhost/127.0.0.1:57455]
21:10:52.396 [Forwarding getCurrentUrl on session 86ab574d20e4eb1e0a6a0faaf8da002c to remote] DEBUG org.asynchttpclient.netty.request.NettyRequestSender - Using pooled Channel '[id: 0x42592e35, L:/127.0.0.1:61635 - R:localhost/127.0.0.1:57455]' for 'GET' to 'http://localhost:57455/session/86ab574d20e4eb1e0a6a0faaf8da002c/url'
21:10:52.396 [Forwarding getCurrentUrl on session 86ab574d20e4eb1e0a6a0faaf8da002c to remote] DEBUG org.asynchttpclient.netty.request.NettyRequestSender - Using open Channel [id: 0x42592e35, L:/127.0.0.1:61635 - R:localhost/127.0.0.1:57455] for GET '/session/86ab574d20e4eb1e0a6a0faaf8da002c/url'
21:10:52.408 [AsyncHttpClient-1-13] DEBUG org.asynchttpclient.netty.handler.HttpHandler - 

Request DefaultFullHttpRequest(decodeResult: success, version: HTTP/1.1, content: EmptyByteBufBE)
GET /session/86ab574d20e4eb1e0a6a0faaf8da002c/url HTTP/1.1
User-Agent: selenium/4.1.2 (java windows)
Cache-Control: no-cache
Content-Type: application/json; charset=utf-8
host: localhost:57455
accept: */*

Response DefaultHttpResponse(decodeResult: success, version: HTTP/1.1)
HTTP/1.1 200 OK
Content-Type: application/json; charset=utf-8
cache-control: no-cache
content-length: 51

21:10:52.408 [AsyncHttpClient-1-13] DEBUG org.asynchttpclient.netty.channel.ChannelManager - Adding key: http://localhost:57455 for channel [id: 0x42592e35, L:/127.0.0.1:61635 - R:localhost/127.0.0.1:57455]
  &amp#27;[32mGiven &amp#27;[0m&amp#27;[32mI am on the login page&amp#27;[0m                     &amp#27;[90m# starter.stepdefinitions.LoginStep.iAmOnTheLoginPage()&amp#27;[0m
21:10:52.427 [Forwarding screenshot on session 86ab574d20e4eb1e0a6a0faaf8da002c to remote] DEBUG org.asynchttpclient.netty.request.NettyRequestSender - Using pooled Channel '[id: 0x42592e35, L:/127.0.0.1:61635 - R:localhost/127.0.0.1:57455]' for 'GET' to 'http://localhost:57455/session/86ab574d20e4eb1e0a6a0faaf8da002c/screenshot'
21:10:52.428 [Forwarding screenshot on session 86ab574d20e4eb1e0a6a0faaf8da002c to remote] DEBUG org.asynchttpclient.netty.request.NettyRequestSender - Using open Channel [id: 0x42592e35, L:/127.0.0.1:61635 - R:localhost/127.0.0.1:57455] for GET '/session/86ab574d20e4eb1e0a6a0faaf8da002c/screenshot'
21:10:52.713 [AsyncHttpClient-1-13] DEBUG org.asynchttpclient.netty.handler.HttpHandler - 

Request DefaultFullHttpRequest(decodeResult: success, version: HTTP/1.1, content: EmptyByteBufBE)
GET /session/86ab574d20e4eb1e0a6a0faaf8da002c/screenshot HTTP/1.1
User-Agent: selenium/4.1.2 (java windows)
Cache-Control: no-cache
Content-Type: application/json; charset=utf-8
host: localhost:57455
accept: */*

Response DefaultHttpResponse(decodeResult: success, version: HTTP/1.1)
HTTP/1.1 200 OK
Content-Type: application/json; charset=utf-8
cache-control: no-cache
content-length: 22956

21:10:52.713 [AsyncHttpClient-1-13] DEBUG org.asynchttpclient.netty.channel.ChannelManager - Adding key: http://localhost:57455 for channel [id: 0x42592e35, L:/127.0.0.1:61635 - R:localhost/127.0.0.1:57455]
21:10:52.715 [main] DEBUG net.serenitybdd.core.photography.Darkroom - Send negative for processing for target\site\serenity\aee116daef9f70687dbaee6bc527f5648618468770bbd8309c15c6b66fad3d98.png
21:10:52.721 [Forwarding findElement on session 86ab574d20e4eb1e0a6a0faaf8da002c to remote] DEBUG org.asynchttpclient.netty.request.NettyRequestSender - Using pooled Channel '[id: 0x42592e35, L:/127.0.0.1:61635 - R:localhost/127.0.0.1:57455]' for 'POST' to 'http://localhost:57455/session/86ab574d20e4eb1e0a6a0faaf8da002c/element'
21:10:52.721 [Forwarding findElement on session 86ab574d20e4eb1e0a6a0faaf8da002c to remote] DEBUG org.asynchttpclient.netty.request.NettyRequestSender - Using open Channel [id: 0x42592e35, L:/127.0.0.1:61635 - R:localhost/127.0.0.1:57455] for POST '/session/86ab574d20e4eb1e0a6a0faaf8da002c/element'
21:10:52.735 [AsyncHttpClient-1-13] DEBUG org.asynchttpclient.netty.handler.HttpHandler - 

Request DefaultHttpRequest(decodeResult: success, version: HTTP/1.1)
POST /session/86ab574d20e4eb1e0a6a0faaf8da002c/element HTTP/1.1
User-Agent: selenium/4.1.2 (java windows)
Content-Length: 86
Content-Type: application/json; charset=utf-8
host: localhost:57455
accept: */*

Response DefaultHttpResponse(decodeResult: success, version: HTTP/1.1)
HTTP/1.1 200 OK
Content-Type: application/json; charset=utf-8
cache-control: no-cache
content-length: 88

21:10:52.735 [AsyncHttpClient-1-13] DEBUG org.asynchttpclient.netty.channel.ChannelManager - Adding key: http://localhost:57455 for channel [id: 0x42592e35, L:/127.0.0.1:61635 - R:localhost/127.0.0.1:57455]
21:10:52.736 [Forwarding clearElement on session 86ab574d20e4eb1e0a6a0faaf8da002c to remote] DEBUG org.asynchttpclient.netty.request.NettyRequestSender - Using pooled Channel '[id: 0x42592e35, L:/127.0.0.1:61635 - R:localhost/127.0.0.1:57455]' for 'POST' to 'http://localhost:57455/session/86ab574d20e4eb1e0a6a0faaf8da002c/element/4765fd59-335f-433e-83fe-464c8cc6bd30/clear'
21:10:52.736 [Forwarding clearElement on session 86ab574d20e4eb1e0a6a0faaf8da002c to remote] DEBUG org.asynchttpclient.netty.request.NettyRequestSender - Using open Channel [id: 0x42592e35, L:/127.0.0.1:61635 - R:localhost/127.0.0.1:57455] for POST '/session/86ab574d20e4eb1e0a6a0faaf8da002c/element/4765fd59-335f-433e-83fe-464c8cc6bd30/clear'
21:10:52.770 [AsyncHttpClient-1-13] DEBUG org.asynchttpclient.netty.handler.HttpHandler - 

Request DefaultHttpRequest(decodeResult: success, version: HTTP/1.1)
POST /session/86ab574d20e4eb1e0a6a0faaf8da002c/element/4765fd59-335f-433e-83fe-464c8cc6bd30/clear HTTP/1.1
User-Agent: selenium/4.1.2 (java windows)
Content-Length: 50
Content-Type: application/json; charset=utf-8
host: localhost:57455
accept: */*

Response DefaultHttpResponse(decodeResult: success, version: HTTP/1.1)
HTTP/1.1 200 OK
Content-Type: application/json; charset=utf-8
cache-control: no-cache
content-length: 14

21:10:52.772 [AsyncHttpClient-1-13] DEBUG org.asynchttpclient.netty.channel.ChannelManager - Adding key: http://localhost:57455 for channel [id: 0x42592e35, L:/127.0.0.1:61635 - R:localhost/127.0.0.1:57455]
21:10:52.773 [Forwarding sendKeysToElement on session 86ab574d20e4eb1e0a6a0faaf8da002c to remote] DEBUG org.asynchttpclient.netty.request.NettyRequestSender - Using pooled Channel '[id: 0x42592e35, L:/127.0.0.1:61635 - R:localhost/127.0.0.1:57455]' for 'POST' to 'http://localhost:57455/session/86ab574d20e4eb1e0a6a0faaf8da002c/element/4765fd59-335f-433e-83fe-464c8cc6bd30/value'
21:10:52.773 [Forwarding sendKeysToElement on session 86ab574d20e4eb1e0a6a0faaf8da002c to remote] DEBUG org.asynchttpclient.netty.request.NettyRequestSender - Using open Channel [id: 0x42592e35, L:/127.0.0.1:61635 - R:localhost/127.0.0.1:57455] for POST '/session/86ab574d20e4eb1e0a6a0faaf8da002c/element/4765fd59-335f-433e-83fe-464c8cc6bd30/value'
21:10:52.818 [AsyncHttpClient-1-13] DEBUG org.asynchttpclient.netty.handler.HttpHandler - 

Request DefaultHttpRequest(decodeResult: success, version: HTTP/1.1)
POST /session/86ab574d20e4eb1e0a6a0faaf8da002c/element/4765fd59-335f-433e-83fe-464c8cc6bd30/value HTTP/1.1
User-Agent: selenium/4.1.2 (java windows)
Content-Length: 82
Content-Type: application/json; charset=utf-8
host: localhost:57455
accept: */*

Response DefaultHttpResponse(decodeResult: success, version: HTTP/1.1)
HTTP/1.1 200 OK
Content-Type: application/json; charset=utf-8
cache-control: no-cache
content-length: 14

21:10:52.818 [AsyncHttpClient-1-13] DEBUG org.asynchttpclient.netty.channel.ChannelManager - Adding key: http://localhost:57455 for channel [id: 0x42592e35, L:/127.0.0.1:61635 - R:localhost/127.0.0.1:57455]
  &amp#27;[32mWhen &amp#27;[0m&amp#27;[32mI input null email&amp#27;[0m                          &amp#27;[90m# starter.stepdefinitions.LoginStep.iInputNullEmail()&amp#27;[0m
21:10:52.826 [Forwarding screenshot on session 86ab574d20e4eb1e0a6a0faaf8da002c to remote] DEBUG org.asynchttpclient.netty.request.NettyRequestSender - Using pooled Channel '[id: 0x42592e35, L:/127.0.0.1:61635 - R:localhost/127.0.0.1:57455]' for 'GET' to 'http://localhost:57455/session/86ab574d20e4eb1e0a6a0faaf8da002c/screenshot'
21:10:52.826 [Forwarding screenshot on session 86ab574d20e4eb1e0a6a0faaf8da002c to remote] DEBUG org.asynchttpclient.netty.request.NettyRequestSender - Using open Channel [id: 0x42592e35, L:/127.0.0.1:61635 - R:localhost/127.0.0.1:57455] for GET '/session/86ab574d20e4eb1e0a6a0faaf8da002c/screenshot'
21:10:52.918 [AsyncHttpClient-1-1] DEBUG org.asynchttpclient.netty.channel.DefaultChannelPool - Entry count for : http://localhost:61636 : 1
21:10:52.919 [AsyncHttpClient-1-13] DEBUG org.asynchttpclient.netty.handler.HttpHandler - 

Request DefaultFullHttpRequest(decodeResult: success, version: HTTP/1.1, content: EmptyByteBufBE)
GET /session/86ab574d20e4eb1e0a6a0faaf8da002c/screenshot HTTP/1.1
User-Agent: selenium/4.1.2 (java windows)
Cache-Control: no-cache
Content-Type: application/json; charset=utf-8
host: localhost:57455
accept: */*

Response DefaultHttpResponse(decodeResult: success, version: HTTP/1.1)
HTTP/1.1 200 OK
Content-Type: application/json; charset=utf-8
cache-control: no-cache
content-length: 23248

21:10:52.919 [AsyncHttpClient-1-13] DEBUG org.asynchttpclient.netty.channel.ChannelManager - Adding key: http://localhost:57455 for channel [id: 0x42592e35, L:/127.0.0.1:61635 - R:localhost/127.0.0.1:57455]
21:10:52.920 [main] DEBUG net.serenitybdd.core.photography.Darkroom - Send negative for processing for target\site\serenity\b8fd9d0d517f6221888eb72d25b638b47866b568186b6e169531109eb67b8d90.png
21:10:52.920 [Darkroom Processing Line] DEBUG net.serenitybdd.core.photography.DarkroomProcessingLine - Processing screenshot image in /var/screenshots/screenshot-1653599766513880642
21:10:52.920 [Darkroom Processing Line] DEBUG net.serenitybdd.core.photography.DarkroomProcessingLine - Saving screenshot to target\site\serenity\b8fd9d0d517f6221888eb72d25b638b47866b568186b6e169531109eb67b8d90.png
21:10:52.926 [Forwarding findElement on session 86ab574d20e4eb1e0a6a0faaf8da002c to remote] DEBUG org.asynchttpclient.netty.request.NettyRequestSender - Using pooled Channel '[id: 0x42592e35, L:/127.0.0.1:61635 - R:localhost/127.0.0.1:57455]' for 'POST' to 'http://localhost:57455/session/86ab574d20e4eb1e0a6a0faaf8da002c/element'
21:10:52.926 [Forwarding findElement on session 86ab574d20e4eb1e0a6a0faaf8da002c to remote] DEBUG org.asynchttpclient.netty.request.NettyRequestSender - Using open Channel [id: 0x42592e35, L:/127.0.0.1:61635 - R:localhost/127.0.0.1:57455] for POST '/session/86ab574d20e4eb1e0a6a0faaf8da002c/element'
21:10:52.937 [AsyncHttpClient-1-13] DEBUG org.asynchttpclient.netty.handler.HttpHandler - 

Request DefaultHttpRequest(decodeResult: success, version: HTTP/1.1)
POST /session/86ab574d20e4eb1e0a6a0faaf8da002c/element HTTP/1.1
User-Agent: selenium/4.1.2 (java windows)
Content-Length: 89
Content-Type: application/json; charset=utf-8
host: localhost:57455
accept: */*

Response DefaultHttpResponse(decodeResult: success, version: HTTP/1.1)
HTTP/1.1 200 OK
Content-Type: application/json; charset=utf-8
cache-control: no-cache
content-length: 88

21:10:52.939 [AsyncHttpClient-1-13] DEBUG org.asynchttpclient.netty.channel.ChannelManager - Adding key: http://localhost:57455 for channel [id: 0x42592e35, L:/127.0.0.1:61635 - R:localhost/127.0.0.1:57455]
21:10:52.940 [Forwarding clearElement on session 86ab574d20e4eb1e0a6a0faaf8da002c to remote] DEBUG org.asynchttpclient.netty.request.NettyRequestSender - Using pooled Channel '[id: 0x42592e35, L:/127.0.0.1:61635 - R:localhost/127.0.0.1:57455]' for 'POST' to 'http://localhost:57455/session/86ab574d20e4eb1e0a6a0faaf8da002c/element/ec2accad-9c9b-4e86-92f9-6b2c09c0b2f1/clear'
21:10:52.940 [Forwarding clearElement on session 86ab574d20e4eb1e0a6a0faaf8da002c to remote] DEBUG org.asynchttpclient.netty.request.NettyRequestSender - Using open Channel [id: 0x42592e35, L:/127.0.0.1:61635 - R:localhost/127.0.0.1:57455] for POST '/session/86ab574d20e4eb1e0a6a0faaf8da002c/element/ec2accad-9c9b-4e86-92f9-6b2c09c0b2f1/clear'
21:10:52.970 [AsyncHttpClient-1-13] DEBUG org.asynchttpclient.netty.handler.HttpHandler - 

Request DefaultHttpRequest(decodeResult: success, version: HTTP/1.1)
POST /session/86ab574d20e4eb1e0a6a0faaf8da002c/element/ec2accad-9c9b-4e86-92f9-6b2c09c0b2f1/clear HTTP/1.1
User-Agent: selenium/4.1.2 (java windows)
Content-Length: 50
Content-Type: application/json; charset=utf-8
host: localhost:57455
accept: */*

Response DefaultHttpResponse(decodeResult: success, version: HTTP/1.1)
HTTP/1.1 200 OK
Content-Type: application/json; charset=utf-8
cache-control: no-cache
content-length: 14

21:10:52.970 [AsyncHttpClient-1-13] DEBUG org.asynchttpclient.netty.channel.ChannelManager - Adding key: http://localhost:57455 for channel [id: 0x42592e35, L:/127.0.0.1:61635 - R:localhost/127.0.0.1:57455]
21:10:52.971 [Forwarding sendKeysToElement on session 86ab574d20e4eb1e0a6a0faaf8da002c to remote] DEBUG org.asynchttpclient.netty.request.NettyRequestSender - Using pooled Channel '[id: 0x42592e35, L:/127.0.0.1:61635 - R:localhost/127.0.0.1:57455]' for 'POST' to 'http://localhost:57455/session/86ab574d20e4eb1e0a6a0faaf8da002c/element/ec2accad-9c9b-4e86-92f9-6b2c09c0b2f1/value'
21:10:52.972 [Forwarding sendKeysToElement on session 86ab574d20e4eb1e0a6a0faaf8da002c to remote] DEBUG org.asynchttpclient.netty.request.NettyRequestSender - Using open Channel [id: 0x42592e35, L:/127.0.0.1:61635 - R:localhost/127.0.0.1:57455] for POST '/session/86ab574d20e4eb1e0a6a0faaf8da002c/element/ec2accad-9c9b-4e86-92f9-6b2c09c0b2f1/value'
21:10:53.053 [AsyncHttpClient-1-13] DEBUG org.asynchttpclient.netty.handler.HttpHandler - 

Request DefaultHttpRequest(decodeResult: success, version: HTTP/1.1)
POST /session/86ab574d20e4eb1e0a6a0faaf8da002c/element/ec2accad-9c9b-4e86-92f9-6b2c09c0b2f1/value HTTP/1.1
User-Agent: selenium/4.1.2 (java windows)
Content-Length: 181
Content-Type: application/json; charset=utf-8
host: localhost:57455
accept: */*

Response DefaultHttpResponse(decodeResult: success, version: HTTP/1.1)
HTTP/1.1 200 OK
Content-Type: application/json; charset=utf-8
cache-control: no-cache
content-length: 14

21:10:53.053 [AsyncHttpClient-1-13] DEBUG org.asynchttpclient.netty.channel.ChannelManager - Adding key: http://localhost:57455 for channel [id: 0x42592e35, L:/127.0.0.1:61635 - R:localhost/127.0.0.1:57455]
  &amp#27;[32mAnd &amp#27;[0m&amp#27;[32mI input valid password&amp#27;[0m                       &amp#27;[90m# starter.stepdefinitions.LoginStep.iInputValidPassword()&amp#27;[0m
21:10:53.059 [Forwarding screenshot on session 86ab574d20e4eb1e0a6a0faaf8da002c to remote] DEBUG org.asynchttpclient.netty.request.NettyRequestSender - Using pooled Channel '[id: 0x42592e35, L:/127.0.0.1:61635 - R:localhost/127.0.0.1:57455]' for 'GET' to 'http://localhost:57455/session/86ab574d20e4eb1e0a6a0faaf8da002c/screenshot'
21:10:53.059 [Forwarding screenshot on session 86ab574d20e4eb1e0a6a0faaf8da002c to remote] DEBUG org.asynchttpclient.netty.request.NettyRequestSender - Using open Channel [id: 0x42592e35, L:/127.0.0.1:61635 - R:localhost/127.0.0.1:57455] for GET '/session/86ab574d20e4eb1e0a6a0faaf8da002c/screenshot'
21:10:53.174 [AsyncHttpClient-1-13] DEBUG org.asynchttpclient.netty.handler.HttpHandler - 

Request DefaultFullHttpRequest(decodeResult: success, version: HTTP/1.1, content: EmptyByteBufBE)
GET /session/86ab574d20e4eb1e0a6a0faaf8da002c/screenshot HTTP/1.1
User-Agent: selenium/4.1.2 (java windows)
Cache-Control: no-cache
Content-Type: application/json; charset=utf-8
host: localhost:57455
accept: */*

Response DefaultHttpResponse(decodeResult: success, version: HTTP/1.1)
HTTP/1.1 200 OK
Content-Type: application/json; charset=utf-8
cache-control: no-cache
content-length: 26604

21:10:53.174 [AsyncHttpClient-1-13] DEBUG org.asynchttpclient.netty.channel.ChannelManager - Adding key: http://localhost:57455 for channel [id: 0x42592e35, L:/127.0.0.1:61635 - R:localhost/127.0.0.1:57455]
21:10:53.175 [main] DEBUG net.serenitybdd.core.photography.Darkroom - Send negative for processing for target\site\serenity\d1f09baf62d4bd15596afa53a7b7473a79de79bbabf5b42d1d191fd06ef3492a.png
21:10:53.175 [Darkroom Processing Line] DEBUG net.serenitybdd.core.photography.DarkroomProcessingLine - Processing screenshot image in /var/screenshots/screenshot-7123959289624112258
21:10:53.176 [Darkroom Processing Line] DEBUG net.serenitybdd.core.photography.DarkroomProcessingLine - Saving screenshot to target\site\serenity\d1f09baf62d4bd15596afa53a7b7473a79de79bbabf5b42d1d191fd06ef3492a.png
21:10:53.185 [Forwarding findElement on session 86ab574d20e4eb1e0a6a0faaf8da002c to remote] DEBUG org.asynchttpclient.netty.request.NettyRequestSender - Using pooled Channel '[id: 0x42592e35, L:/127.0.0.1:61635 - R:localhost/127.0.0.1:57455]' for 'POST' to 'http://localhost:57455/session/86ab574d20e4eb1e0a6a0faaf8da002c/element'
21:10:53.185 [Forwarding findElement on session 86ab574d20e4eb1e0a6a0faaf8da002c to remote] DEBUG org.asynchttpclient.netty.request.NettyRequestSender - Using open Channel [id: 0x42592e35, L:/127.0.0.1:61635 - R:localhost/127.0.0.1:57455] for POST '/session/86ab574d20e4eb1e0a6a0faaf8da002c/element'
21:10:53.195 [AsyncHttpClient-1-13] DEBUG org.asynchttpclient.netty.handler.HttpHandler - 

Request DefaultHttpRequest(decodeResult: success, version: HTTP/1.1)
POST /session/86ab574d20e4eb1e0a6a0faaf8da002c/element HTTP/1.1
User-Agent: selenium/4.1.2 (java windows)
Content-Length: 83
Content-Type: application/json; charset=utf-8
host: localhost:57455
accept: */*

Response DefaultHttpResponse(decodeResult: success, version: HTTP/1.1)
HTTP/1.1 200 OK
Content-Type: application/json; charset=utf-8
cache-control: no-cache
content-length: 88

21:10:53.195 [AsyncHttpClient-1-13] DEBUG org.asynchttpclient.netty.channel.ChannelManager - Adding key: http://localhost:57455 for channel [id: 0x42592e35, L:/127.0.0.1:61635 - R:localhost/127.0.0.1:57455]
21:10:53.196 [Forwarding getElementTagName on session 86ab574d20e4eb1e0a6a0faaf8da002c to remote] DEBUG org.asynchttpclient.netty.request.NettyRequestSender - Using pooled Channel '[id: 0x42592e35, L:/127.0.0.1:61635 - R:localhost/127.0.0.1:57455]' for 'GET' to 'http://localhost:57455/session/86ab574d20e4eb1e0a6a0faaf8da002c/element/06b9ef7b-58e5-4611-80c6-93aec7acb70f/name'
21:10:53.196 [Forwarding getElementTagName on session 86ab574d20e4eb1e0a6a0faaf8da002c to remote] DEBUG org.asynchttpclient.netty.request.NettyRequestSender - Using open Channel [id: 0x42592e35, L:/127.0.0.1:61635 - R:localhost/127.0.0.1:57455] for GET '/session/86ab574d20e4eb1e0a6a0faaf8da002c/element/06b9ef7b-58e5-4611-80c6-93aec7acb70f/name'
21:10:53.203 [AsyncHttpClient-1-13] DEBUG org.asynchttpclient.netty.handler.HttpHandler - 

Request DefaultFullHttpRequest(decodeResult: success, version: HTTP/1.1, content: EmptyByteBufBE)
GET /session/86ab574d20e4eb1e0a6a0faaf8da002c/element/06b9ef7b-58e5-4611-80c6-93aec7acb70f/name HTTP/1.1
User-Agent: selenium/4.1.2 (java windows)
Cache-Control: no-cache
Content-Type: application/json; charset=utf-8
host: localhost:57455
accept: */*

Response DefaultHttpResponse(decodeResult: success, version: HTTP/1.1)
HTTP/1.1 200 OK
Content-Type: application/json; charset=utf-8
cache-control: no-cache
content-length: 16

21:10:53.203 [AsyncHttpClient-1-13] DEBUG org.asynchttpclient.netty.channel.ChannelManager - Adding key: http://localhost:57455 for channel [id: 0x42592e35, L:/127.0.0.1:61635 - R:localhost/127.0.0.1:57455]
21:10:53.205 [Forwarding getElementTagName on session 86ab574d20e4eb1e0a6a0faaf8da002c to remote] DEBUG org.asynchttpclient.netty.request.NettyRequestSender - Using pooled Channel '[id: 0x42592e35, L:/127.0.0.1:61635 - R:localhost/127.0.0.1:57455]' for 'GET' to 'http://localhost:57455/session/86ab574d20e4eb1e0a6a0faaf8da002c/element/06b9ef7b-58e5-4611-80c6-93aec7acb70f/name'
21:10:53.206 [Forwarding getElementTagName on session 86ab574d20e4eb1e0a6a0faaf8da002c to remote] DEBUG org.asynchttpclient.netty.request.NettyRequestSender - Using open Channel [id: 0x42592e35, L:/127.0.0.1:61635 - R:localhost/127.0.0.1:57455] for GET '/session/86ab574d20e4eb1e0a6a0faaf8da002c/element/06b9ef7b-58e5-4611-80c6-93aec7acb70f/name'
21:10:53.209 [AsyncHttpClient-1-13] DEBUG org.asynchttpclient.netty.handler.HttpHandler - 

Request DefaultFullHttpRequest(decodeResult: success, version: HTTP/1.1, content: EmptyByteBufBE)
GET /session/86ab574d20e4eb1e0a6a0faaf8da002c/element/06b9ef7b-58e5-4611-80c6-93aec7acb70f/name HTTP/1.1
User-Agent: selenium/4.1.2 (java windows)
Cache-Control: no-cache
Content-Type: application/json; charset=utf-8
host: localhost:57455
accept: */*

Response DefaultHttpResponse(decodeResult: success, version: HTTP/1.1)
HTTP/1.1 200 OK
Content-Type: application/json; charset=utf-8
cache-control: no-cache
content-length: 16

21:10:53.209 [AsyncHttpClient-1-13] DEBUG org.asynchttpclient.netty.channel.ChannelManager - Adding key: http://localhost:57455 for channel [id: 0x42592e35, L:/127.0.0.1:61635 - R:localhost/127.0.0.1:57455]
21:10:53.211 [Forwarding findElement on session 86ab574d20e4eb1e0a6a0faaf8da002c to remote] DEBUG org.asynchttpclient.netty.request.NettyRequestSender - Using pooled Channel '[id: 0x42592e35, L:/127.0.0.1:61635 - R:localhost/127.0.0.1:57455]' for 'POST' to 'http://localhost:57455/session/86ab574d20e4eb1e0a6a0faaf8da002c/element'
21:10:53.211 [Forwarding findElement on session 86ab574d20e4eb1e0a6a0faaf8da002c to remote] DEBUG org.asynchttpclient.netty.request.NettyRequestSender - Using open Channel [id: 0x42592e35, L:/127.0.0.1:61635 - R:localhost/127.0.0.1:57455] for POST '/session/86ab574d20e4eb1e0a6a0faaf8da002c/element'
21:10:53.220 [AsyncHttpClient-1-13] DEBUG org.asynchttpclient.netty.handler.HttpHandler - 

Request DefaultHttpRequest(decodeResult: success, version: HTTP/1.1)
POST /session/86ab574d20e4eb1e0a6a0faaf8da002c/element HTTP/1.1
User-Agent: selenium/4.1.2 (java windows)
Content-Length: 83
Content-Type: application/json; charset=utf-8
host: localhost:57455
accept: */*

Response DefaultHttpResponse(decodeResult: success, version: HTTP/1.1)
HTTP/1.1 200 OK
Content-Type: application/json; charset=utf-8
cache-control: no-cache
content-length: 88

21:10:53.220 [AsyncHttpClient-1-13] DEBUG org.asynchttpclient.netty.channel.ChannelManager - Adding key: http://localhost:57455 for channel [id: 0x42592e35, L:/127.0.0.1:61635 - R:localhost/127.0.0.1:57455]
21:10:53.223 [Forwarding clickElement on session 86ab574d20e4eb1e0a6a0faaf8da002c to remote] DEBUG org.asynchttpclient.netty.request.NettyRequestSender - Using pooled Channel '[id: 0x42592e35, L:/127.0.0.1:61635 - R:localhost/127.0.0.1:57455]' for 'POST' to 'http://localhost:57455/session/86ab574d20e4eb1e0a6a0faaf8da002c/element/06b9ef7b-58e5-4611-80c6-93aec7acb70f/click'
21:10:53.223 [Forwarding clickElement on session 86ab574d20e4eb1e0a6a0faaf8da002c to remote] DEBUG org.asynchttpclient.netty.request.NettyRequestSender - Using open Channel [id: 0x42592e35, L:/127.0.0.1:61635 - R:localhost/127.0.0.1:57455] for POST '/session/86ab574d20e4eb1e0a6a0faaf8da002c/element/06b9ef7b-58e5-4611-80c6-93aec7acb70f/click'
21:10:53.265 [AsyncHttpClient-1-13] DEBUG org.asynchttpclient.netty.handler.HttpHandler - 

Request DefaultHttpRequest(decodeResult: success, version: HTTP/1.1)
POST /session/86ab574d20e4eb1e0a6a0faaf8da002c/element/06b9ef7b-58e5-4611-80c6-93aec7acb70f/click HTTP/1.1
User-Agent: selenium/4.1.2 (java windows)
Content-Length: 50
Content-Type: application/json; charset=utf-8
host: localhost:57455
accept: */*

Response DefaultHttpResponse(decodeResult: success, version: HTTP/1.1)
HTTP/1.1 200 OK
Content-Type: application/json; charset=utf-8
cache-control: no-cache
content-length: 14

21:10:53.265 [AsyncHttpClient-1-13] DEBUG org.asynchttpclient.netty.channel.ChannelManager - Adding key: http://localhost:57455 for channel [id: 0x42592e35, L:/127.0.0.1:61635 - R:localhost/127.0.0.1:57455]
  &amp#27;[32mAnd &amp#27;[0m&amp#27;[32mI click login button&amp#27;[0m                         &amp#27;[90m# starter.stepdefinitions.LoginStep.iClickLoginButton()&amp#27;[0m
21:10:53.272 [Forwarding screenshot on session 86ab574d20e4eb1e0a6a0faaf8da002c to remote] DEBUG org.asynchttpclient.netty.request.NettyRequestSender - Using pooled Channel '[id: 0x42592e35, L:/127.0.0.1:61635 - R:localhost/127.0.0.1:57455]' for 'GET' to 'http://localhost:57455/session/86ab574d20e4eb1e0a6a0faaf8da002c/screenshot'
21:10:53.272 [Forwarding screenshot on session 86ab574d20e4eb1e0a6a0faaf8da002c to remote] DEBUG org.asynchttpclient.netty.request.NettyRequestSender - Using open Channel [id: 0x42592e35, L:/127.0.0.1:61635 - R:localhost/127.0.0.1:57455] for GET '/session/86ab574d20e4eb1e0a6a0faaf8da002c/screenshot'
21:10:53.383 [AsyncHttpClient-1-13] DEBUG org.asynchttpclient.netty.handler.HttpHandler - 

Request DefaultFullHttpRequest(decodeResult: success, version: HTTP/1.1, content: EmptyByteBufBE)
GET /session/86ab574d20e4eb1e0a6a0faaf8da002c/screenshot HTTP/1.1
User-Agent: selenium/4.1.2 (java windows)
Cache-Control: no-cache
Content-Type: application/json; charset=utf-8
host: localhost:57455
accept: */*

Response DefaultHttpResponse(decodeResult: success, version: HTTP/1.1)
HTTP/1.1 200 OK
Content-Type: application/json; charset=utf-8
cache-control: no-cache
content-length: 26188

21:10:53.384 [AsyncHttpClient-1-13] DEBUG org.asynchttpclient.netty.channel.ChannelManager - Adding key: http://localhost:57455 for channel [id: 0x42592e35, L:/127.0.0.1:61635 - R:localhost/127.0.0.1:57455]
21:10:53.386 [main] DEBUG net.serenitybdd.core.photography.Darkroom - Send negative for processing for target\site\serenity\234693d3237fe9e6635b816c405d5717e2b60ccc2daff65a2bd51eb418d0a829.png
21:10:53.386 [Darkroom Processing Line] DEBUG net.serenitybdd.core.photography.DarkroomProcessingLine - Processing screenshot image in /var/screenshots/screenshot-14078623321998108426
21:10:53.386 [Darkroom Processing Line] DEBUG net.serenitybdd.core.photography.DarkroomProcessingLine - Saving screenshot to target\site\serenity\234693d3237fe9e6635b816c405d5717e2b60ccc2daff65a2bd51eb418d0a829.png
21:10:53.394 [Forwarding findElement on session 86ab574d20e4eb1e0a6a0faaf8da002c to remote] DEBUG org.asynchttpclient.netty.request.NettyRequestSender - Using pooled Channel '[id: 0x42592e35, L:/127.0.0.1:61635 - R:localhost/127.0.0.1:57455]' for 'POST' to 'http://localhost:57455/session/86ab574d20e4eb1e0a6a0faaf8da002c/element'
21:10:53.394 [Forwarding findElement on session 86ab574d20e4eb1e0a6a0faaf8da002c to remote] DEBUG org.asynchttpclient.netty.request.NettyRequestSender - Using open Channel [id: 0x42592e35, L:/127.0.0.1:61635 - R:localhost/127.0.0.1:57455] for POST '/session/86ab574d20e4eb1e0a6a0faaf8da002c/element'
21:10:54.020 [AsyncHttpClient-1-1] DEBUG org.asynchttpclient.netty.channel.DefaultChannelPool - Entry count for : http://localhost:61636 : 1
21:10:54.651 [AsyncHttpClient-1-13] DEBUG org.asynchttpclient.netty.handler.HttpHandler - 

Request DefaultHttpRequest(decodeResult: success, version: HTTP/1.1)
POST /session/86ab574d20e4eb1e0a6a0faaf8da002c/element HTTP/1.1
User-Agent: selenium/4.1.2 (java windows)
Content-Length: 84
Content-Type: application/json; charset=utf-8
host: localhost:57455
accept: */*

Response DefaultHttpResponse(decodeResult: success, version: HTTP/1.1)
HTTP/1.1 200 OK
Content-Type: application/json; charset=utf-8
cache-control: no-cache
content-length: 88

21:10:54.651 [AsyncHttpClient-1-13] DEBUG org.asynchttpclient.netty.channel.ChannelManager - Adding key: http://localhost:57455 for channel [id: 0x42592e35, L:/127.0.0.1:61635 - R:localhost/127.0.0.1:57455]
21:10:54.654 [Forwarding isElementDisplayed on session 86ab574d20e4eb1e0a6a0faaf8da002c to remote] DEBUG org.asynchttpclient.netty.request.NettyRequestSender - Using pooled Channel '[id: 0x42592e35, L:/127.0.0.1:61635 - R:localhost/127.0.0.1:57455]' for 'POST' to 'http://localhost:57455/session/86ab574d20e4eb1e0a6a0faaf8da002c/execute/sync'
21:10:54.654 [Forwarding isElementDisplayed on session 86ab574d20e4eb1e0a6a0faaf8da002c to remote] DEBUG org.asynchttpclient.netty.request.NettyRequestSender - Using open Channel [id: 0x42592e35, L:/127.0.0.1:61635 - R:localhost/127.0.0.1:57455] for POST '/session/86ab574d20e4eb1e0a6a0faaf8da002c/execute/sync'
21:10:54.668 [AsyncHttpClient-1-13] DEBUG org.asynchttpclient.netty.handler.HttpHandler - 

Request DefaultHttpRequest(decodeResult: success, version: HTTP/1.1)
POST /session/86ab574d20e4eb1e0a6a0faaf8da002c/execute/sync HTTP/1.1
User-Agent: selenium/4.1.2 (java windows)
Content-Length: 48780
Content-Type: application/json; charset=utf-8
host: localhost:57455
accept: */*

Response DefaultHttpResponse(decodeResult: success, version: HTTP/1.1)
HTTP/1.1 200 OK
Content-Type: application/json; charset=utf-8
cache-control: no-cache
content-length: 14

21:10:54.668 [AsyncHttpClient-1-13] DEBUG org.asynchttpclient.netty.channel.ChannelManager - Adding key: http://localhost:57455 for channel [id: 0x42592e35, L:/127.0.0.1:61635 - R:localhost/127.0.0.1:57455]
  &amp#27;[32mThen &amp#27;[0m&amp#27;[32mI will get error message email is required&amp#27;[0m  &amp#27;[90m# starter.stepdefinitions.LoginStep.iWillGetErrorMessageEmailIsRequired()&amp#27;[0m
21:10:54.673 [Forwarding screenshot on session 86ab574d20e4eb1e0a6a0faaf8da002c to remote] DEBUG org.asynchttpclient.netty.request.NettyRequestSender - Using pooled Channel '[id: 0x42592e35, L:/127.0.0.1:61635 - R:localhost/127.0.0.1:57455]' for 'GET' to 'http://localhost:57455/session/86ab574d20e4eb1e0a6a0faaf8da002c/screenshot'
21:10:54.673 [Forwarding screenshot on session 86ab574d20e4eb1e0a6a0faaf8da002c to remote] DEBUG org.asynchttpclient.netty.request.NettyRequestSender - Using open Channel [id: 0x42592e35, L:/127.0.0.1:61635 - R:localhost/127.0.0.1:57455] for GET '/session/86ab574d20e4eb1e0a6a0faaf8da002c/screenshot'
21:10:54.754 [AsyncHttpClient-1-13] DEBUG org.asynchttpclient.netty.handler.HttpHandler - 

Request DefaultFullHttpRequest(decodeResult: success, version: HTTP/1.1, content: EmptyByteBufBE)
GET /session/86ab574d20e4eb1e0a6a0faaf8da002c/screenshot HTTP/1.1
User-Agent: selenium/4.1.2 (java windows)
Cache-Control: no-cache
Content-Type: application/json; charset=utf-8
host: localhost:57455
accept: */*

Response DefaultHttpResponse(decodeResult: success, version: HTTP/1.1)
HTTP/1.1 200 OK
Content-Type: application/json; charset=utf-8
cache-control: no-cache
content-length: 29392

21:10:54.754 [AsyncHttpClient-1-13] DEBUG org.asynchttpclient.netty.channel.ChannelManager - Adding key: http://localhost:57455 for channel [id: 0x42592e35, L:/127.0.0.1:61635 - R:localhost/127.0.0.1:57455]
21:10:54.756 [main] DEBUG net.serenitybdd.core.photography.Darkroom - Send negative for processing for target\site\serenity\0e9ba70c328a02a0c551371e128c17ce10f4d500587d875abcc3885847fec275.png
21:10:54.756 [Darkroom Processing Line] DEBUG net.serenitybdd.core.photography.DarkroomProcessingLine - Processing screenshot image in /var/screenshots/screenshot-2085692964031003095
21:10:54.756 [Darkroom Processing Line] DEBUG net.serenitybdd.core.photography.DarkroomProcessingLine - Saving screenshot to target\site\serenity\0e9ba70c328a02a0c551371e128c17ce10f4d500587d875abcc3885847fec275.png
21:10:54.756 [main] INFO  - 
  _____   ___   ___   _____     ___     _     ___   ___   ___   ___  
 |_   _| | __| / __| |_   _|   | _ \   /_\   / __| / __| | __| |   \ 
   | |   | _|  \__ \   | |     |  _/  / _ \  \__ \ \__ \ | _|  | |) |
   |_|   |___| |___/   |_|     |_|   /_/ \_\ |___/ |___/ |___| |___/ 

Login with null email and valid password
----------------------------------------------------------------------
21:10:54.757 [AsyncHttpClient-1-15] DEBUG org.asynchttpclient.netty.handler.WebSocketHandler - Channel Closed: [id: 0x6f7294ed, L:/127.0.0.1:61643 ! R:localhost/127.0.0.1:61636] with attribute NettyResponseFuture{currentRetry=5,
	isDone=1,
	isCancelled=0,
	asyncHandler=org.asynchttpclient.ws.WebSocketUpgradeHandler@14b9f404,
	nettyRequest=org.asynchttpclient.netty.request.NettyRequest@64ae04e5,
	future=java.util.concurrent.CompletableFuture@6ccc3901[Completed normally],
	uri=ws://localhost:61636/devtools/browser/dbc268ff-a09d-4c37-ad17-34138f315d61,
	keepAlive=true,
	redirectCount=0,
	timeoutsHolder=null,
	inAuth=0,
	touch=1667916651634}
21:10:54.758 [AsyncHttpClient-1-15] DEBUG org.asynchttpclient.netty.channel.ChannelManager - Closing Channel [id: 0x6f7294ed, L:/127.0.0.1:61643 ! R:localhost/127.0.0.1:61636] 
21:10:54.758 [Driver Command Executor] DEBUG org.asynchttpclient.netty.request.NettyRequestSender - Using pooled Channel '[id: 0x42592e35, L:/127.0.0.1:61635 - R:localhost/127.0.0.1:57455]' for 'DELETE' to 'http://localhost:57455/session/86ab574d20e4eb1e0a6a0faaf8da002c'
21:10:54.758 [Driver Command Executor] DEBUG org.asynchttpclient.netty.request.NettyRequestSender - Using open Channel [id: 0x42592e35, L:/127.0.0.1:61635 - R:localhost/127.0.0.1:57455] for DELETE '/session/86ab574d20e4eb1e0a6a0faaf8da002c'
21:10:54.809 [AsyncHttpClient-1-14] DEBUG org.asynchttpclient.netty.handler.HttpHandler - Unexpected I/O exception on channel [id: 0xa3b9a3b4, L:/127.0.0.1:61642 - R:localhost/127.0.0.1:61636]
java.io.IOException: An existing connection was forcibly closed by the remote host
	at java.base/sun.nio.ch.SocketDispatcher.read0(Native Method)
	at java.base/sun.nio.ch.SocketDispatcher.read(SocketDispatcher.java:43)
	at java.base/sun.nio.ch.IOUtil.readIntoNativeBuffer(IOUtil.java:276)
	at java.base/sun.nio.ch.IOUtil.read(IOUtil.java:233)
	at java.base/sun.nio.ch.IOUtil.read(IOUtil.java:223)
	at java.base/sun.nio.ch.SocketChannelImpl.read(SocketChannelImpl.java:358)
	at io.netty.buffer.PooledByteBuf.setBytes(PooledByteBuf.java:258)
	at io.netty.buffer.AbstractByteBuf.writeBytes(AbstractByteBuf.java:1132)
	at io.netty.channel.socket.nio.NioSocketChannel.doReadBytes(NioSocketChannel.java:350)
	at io.netty.channel.nio.AbstractNioByteChannel$NioByteUnsafe.read(AbstractNioByteChannel.java:151)
	at io.netty.channel.nio.NioEventLoop.processSelectedKey(NioEventLoop.java:722)
	at io.netty.channel.nio.NioEventLoop.processSelectedKeysOptimized(NioEventLoop.java:658)
	at io.netty.channel.nio.NioEventLoop.processSelectedKeys(NioEventLoop.java:584)
	at io.netty.channel.nio.NioEventLoop.run(NioEventLoop.java:496)
	at io.netty.util.concurrent.SingleThreadEventExecutor$4.run(SingleThreadEventExecutor.java:986)
	at io.netty.util.internal.ThreadExecutorMap$2.run(ThreadExecutorMap.java:74)
	at io.netty.util.concurrent.FastThreadLocalRunnable.run(FastThreadLocalRunnable.java:30)
	at java.base/java.lang.Thread.run(Thread.java:834)
21:10:54.809 [AsyncHttpClient-1-14] DEBUG org.asynchttpclient.netty.channel.ChannelManager - Closing Channel [id: 0xa3b9a3b4, L:/127.0.0.1:61642 - R:localhost/127.0.0.1:61636] 
21:10:54.809 [AsyncHttpClient-1-14] DEBUG org.asynchttpclient.netty.handler.HttpHandler - Channel Closed: [id: 0xa3b9a3b4, L:/127.0.0.1:61642 ! R:localhost/127.0.0.1:61636] with attribute DISCARD
21:10:54.825 [AsyncHttpClient-1-13] DEBUG org.asynchttpclient.netty.handler.HttpHandler - 

Request DefaultFullHttpRequest(decodeResult: success, version: HTTP/1.1, content: EmptyByteBufBE)
DELETE /session/86ab574d20e4eb1e0a6a0faaf8da002c HTTP/1.1
User-Agent: selenium/4.1.2 (java windows)
Content-Type: application/json; charset=utf-8
host: localhost:57455
accept: */*

Response DefaultHttpResponse(decodeResult: success, version: HTTP/1.1)
HTTP/1.1 200 OK
Content-Type: application/json; charset=utf-8
cache-control: no-cache
content-length: 14

21:10:54.825 [AsyncHttpClient-1-13] DEBUG org.asynchttpclient.netty.channel.ChannelManager - Adding key: http://localhost:57455 for channel [id: 0x42592e35, L:/127.0.0.1:61635 - R:localhost/127.0.0.1:57455]
21:10:54.859 [AsyncHttpClient-1-13] DEBUG org.asynchttpclient.netty.handler.HttpHandler - Channel Closed: [id: 0x42592e35, L:/127.0.0.1:61635 ! R:localhost/127.0.0.1:57455] with attribute DISCARD
]]></system-out>
    <system-err><![CDATA[Starting ChromeDriver 106.0.5249.61 (511755355844955cd3e264779baf0dd38212a4d0-refs/branch-heads/5249@{#569}) on port 57455
Only local connections are allowed.
Please see https://chromedriver.chromium.org/security-considerations for suggestions on keeping ChromeDriver safe.
ChromeDriver was started successfully.
[1667916651.613][WARNING]: This version of ChromeDriver has not been tested with Chrome version 107.
Nov 08, 2022 9:10:51 PM org.openqa.selenium.remote.ProtocolHandshake createSession
INFO: Detected dialect: W3C
Nov 08, 2022 9:10:51 PM org.openqa.selenium.devtools.CdpVersionFinder findNearestMatch
WARNING: Unable to find an exact match for CDP version 107, so returning the closest version found: a no-op implementation
Nov 08, 2022 9:10:51 PM org.openqa.selenium.devtools.CdpVersionFinder findNearestMatch
INFO: Unable to find CDP implementation matching 107.
Nov 08, 2022 9:10:51 PM org.openqa.selenium.chromium.ChromiumDriver lambda$new$3
WARNING: Unable to find version of CDP to use for . You may need to include a dependency on a specific version of the CDP using something similar to `org.seleniumhq.selenium:selenium-devtools-v86:4.1.2` where the version ("v86") matches the version of the chromium-based browser you're using and the version number of the artifact is the same as Selenium's.
]]></system-err>
  </testcase>
  <testcase name="Login with invalid email and null password" classname="Login" time="4.091">
    <system-out><![CDATA[
@Login
Scenario: Login with invalid email and null password &amp#27;[90m# src/test/resources/features/login.feature:56&amp#27;[0m
21:10:54.908 [main] INFO io.cucumber.core.plugin.SerenityReporter - Running feature from file:///D:/miniproject/webtesting/src/test/resources/features/login.feature
21:10:54.910 [main] INFO  - 
  _____   ___   ___   _____     ___   _____     _     ___   _____   ___   ___  
 |_   _| | __| / __| |_   _|   / __| |_   _|   /_\   | _ \ |_   _| | __| |   \ 
   | |   | _|  \__ \   | |     \__ \   | |    / _ \  |   /   | |   | _|  | |) |
   |_|   |___| |___/   |_|     |___/   |_|   /_/ \_\ |_|_\   |_|   |___| |___/ 

Login with invalid email and null password(login;login-with-invalid-email-and-null-password)
--------------------------------------------------------------------------------
21:10:54.929 [main] INFO net.serenitybdd.core.webdriver.driverproviders.ChromeDriverProvider - Using automatically driver download
21:10:55.024 [main] DEBUG io.github.bonigarcia.wdm.cache.ResolutionCache - Resolution chrome=107 in cache (valid until 22:09:52 08/11/2022 ICT)
21:10:55.027 [main] DEBUG io.github.bonigarcia.wdm.cache.ResolutionCache - Resolution chrome107=107.0.5304.62 in cache (valid until 21:09:52 09/11/2022 ICT)
21:10:55.028 [main] INFO io.github.bonigarcia.wdm.WebDriverManager - Using chromedriver 107.0.5304.62 (resolved driver for Chrome 107)
21:10:55.036 [main] DEBUG io.github.bonigarcia.wdm.WebDriverManager - Driver chromedriver 107.0.5304.62 found in cache
21:10:55.036 [main] INFO io.github.bonigarcia.wdm.WebDriverManager - Exporting webdriver.chrome.driver as C:\Users\Yusuf Efendi\.cache\selenium\chromedriver\win32\107.0.5304.62\chromedriver.exe
21:10:55.118 [AsyncHttpClient-1-1] DEBUG org.asynchttpclient.netty.channel.DefaultChannelPool - Entry count for : http://localhost:57455 : 1
21:10:55.118 [AsyncHttpClient-1-1] DEBUG org.asynchttpclient.netty.channel.DefaultChannelPool - Entry count for : http://localhost:61636 : 1
21:10:55.118 [AsyncHttpClient-1-1] DEBUG org.asynchttpclient.netty.channel.DefaultChannelPool - Adding Candidate expired Channel [id: 0x42592e35, L:/127.0.0.1:61635 ! R:localhost/127.0.0.1:57455] isIdleTimeoutExpired=false isRemotelyClosed=true isTtlExpired=false
21:10:55.118 [AsyncHttpClient-1-1] DEBUG org.asynchttpclient.netty.channel.DefaultChannelPool - Closing Idle Channel [id: 0x42592e35, L:/127.0.0.1:61635 ! R:localhost/127.0.0.1:57455]
21:10:55.118 [AsyncHttpClient-1-1] DEBUG org.asynchttpclient.netty.channel.DefaultChannelPool - Adding Candidate expired Channel [id: 0xa3b9a3b4, L:/127.0.0.1:61642 ! R:localhost/127.0.0.1:61636] isIdleTimeoutExpired=false isRemotelyClosed=true isTtlExpired=false
21:10:55.118 [AsyncHttpClient-1-1] DEBUG org.asynchttpclient.netty.channel.DefaultChannelPool - Closing Idle Channel [id: 0xa3b9a3b4, L:/127.0.0.1:61642 ! R:localhost/127.0.0.1:61636]
21:10:55.118 [AsyncHttpClient-1-1] DEBUG org.asynchttpclient.netty.channel.DefaultChannelPool - Closed 2 connections out of 2 in 0 ms
21:10:55.135 [main] DEBUG net.serenitybdd.core.webdriver.driverproviders.ProvideNewDriver - Instantiating driver
21:10:55.135 [main] DEBUG net.serenitybdd.core.webdriver.driverproviders.ProvideNewDriver - Driver capabilities: Capabilities {acceptInsecureCerts: false, base.url: https://alta-shop.vercel.app, browserName: chrome, chrome.driver: src/test/resources/webdrive..., driver: chrome, goog:chromeOptions: {args: [], extensions: []}, wait.for.timeout: 7000}
21:10:55.182 [AsyncHttpClient-1-16] DEBUG org.asynchttpclient.netty.channel.NettyConnectListener - Using new Channel '[id: 0xed0feda4, L:/127.0.0.1:61658 - R:localhost/127.0.0.1:52956]' for 'POST' to '/session'
21:10:55.758 [AsyncHttpClient-1-16] DEBUG org.asynchttpclient.netty.handler.HttpHandler - 

Request DefaultHttpRequest(decodeResult: success, version: HTTP/1.1)
POST /session HTTP/1.1
User-Agent: selenium/4.1.2 (java windows)
Content-Length: 639
Content-Type: application/json; charset=utf-8
host: localhost:52956
accept: */*

Response DefaultHttpResponse(decodeResult: success, version: HTTP/1.1)
HTTP/1.1 200 OK
Content-Type: application/json; charset=utf-8
cache-control: no-cache
content-length: 790

21:10:55.759 [AsyncHttpClient-1-16] DEBUG org.asynchttpclient.netty.channel.ChannelManager - Adding key: http://localhost:52956 for channel [id: 0xed0feda4, L:/127.0.0.1:61658 - R:localhost/127.0.0.1:52956]
21:10:55.768 [AsyncHttpClient-1-17] DEBUG org.asynchttpclient.netty.channel.NettyConnectListener - Using new Channel '[id: 0x9e031f8a, L:/127.0.0.1:61665 - R:localhost/127.0.0.1:61659]' for 'GET' to '/json/version'
21:10:55.770 [AsyncHttpClient-1-17] DEBUG org.asynchttpclient.netty.handler.HttpHandler - 

Request DefaultFullHttpRequest(decodeResult: success, version: HTTP/1.1, content: EmptyByteBufBE)
GET /json/version HTTP/1.1
User-Agent: selenium/4.1.2 (java windows)
host: localhost:61659
accept: */*

Response DefaultHttpResponse(decodeResult: success, version: HTTP/1.1)
HTTP/1.1 200 OK
Content-Type: application/json; charset=UTF-8
content-length: 423

21:10:55.771 [AsyncHttpClient-1-17] DEBUG org.asynchttpclient.netty.channel.ChannelManager - Adding key: http://localhost:61659 for channel [id: 0x9e031f8a, L:/127.0.0.1:61665 - R:localhost/127.0.0.1:61659]
21:10:55.776 [AsyncHttpClient-1-2] DEBUG org.asynchttpclient.netty.channel.NettyConnectListener - Using new Channel '[id: 0x1f1fdae3, L:/127.0.0.1:61666 - R:localhost/127.0.0.1:61659]' for 'GET' to '/devtools/browser/092bc68e-d7f4-421e-878a-c0d02b89d896'
21:10:55.777 [AsyncHttpClient-1-2] DEBUG org.asynchttpclient.netty.handler.WebSocketHandler - 

Request DefaultFullHttpRequest(decodeResult: success, version: HTTP/1.1, content: EmptyByteBufBE)
GET /devtools/browser/092bc68e-d7f4-421e-878a-c0d02b89d896 HTTP/1.1
upgrade: websocket
connection: upgrade
sec-websocket-key: uHDLWygsyZ7FrZB7y6/CUQ==
sec-websocket-version: 13
origin: http://localhost:61659
host: localhost:61659
accept: */*
user-agent: AHC/2.1

Response DefaultHttpResponse(decodeResult: success, version: HTTP/1.1)
HTTP/1.1 101 WebSocket Protocol Handshake
Upgrade: WebSocket
Connection: Upgrade
Sec-WebSocket-Accept: YIUMErrR7JL32HII+28qvV8VvHA=

21:10:55.784 [Forwarding get on session 33e603f9201372bfd45ee925488daba8 to remote] DEBUG org.asynchttpclient.netty.request.NettyRequestSender - Using pooled Channel '[id: 0xed0feda4, L:/127.0.0.1:61658 - R:localhost/127.0.0.1:52956]' for 'POST' to 'http://localhost:52956/session/33e603f9201372bfd45ee925488daba8/url'
21:10:55.785 [Forwarding get on session 33e603f9201372bfd45ee925488daba8 to remote] DEBUG org.asynchttpclient.netty.request.NettyRequestSender - Using open Channel [id: 0xed0feda4, L:/127.0.0.1:61658 - R:localhost/127.0.0.1:52956] for POST '/session/33e603f9201372bfd45ee925488daba8/url'
21:10:56.218 [AsyncHttpClient-1-1] DEBUG org.asynchttpclient.netty.channel.DefaultChannelPool - Entry count for : http://localhost:61659 : 1
21:10:56.451 [AsyncHttpClient-1-16] DEBUG org.asynchttpclient.netty.handler.HttpHandler - 

Request DefaultHttpRequest(decodeResult: success, version: HTTP/1.1)
POST /session/33e603f9201372bfd45ee925488daba8/url HTTP/1.1
User-Agent: selenium/4.1.2 (java windows)
Content-Length: 74
Content-Type: application/json; charset=utf-8
host: localhost:52956
accept: */*

Response DefaultHttpResponse(decodeResult: success, version: HTTP/1.1)
HTTP/1.1 200 OK
Content-Type: application/json; charset=utf-8
cache-control: no-cache
content-length: 14

21:10:56.453 [AsyncHttpClient-1-16] DEBUG org.asynchttpclient.netty.channel.ChannelManager - Adding key: http://localhost:52956 for channel [id: 0xed0feda4, L:/127.0.0.1:61658 - R:localhost/127.0.0.1:52956]
21:10:56.454 [Forwarding setTimeout on session 33e603f9201372bfd45ee925488daba8 to remote] DEBUG org.asynchttpclient.netty.request.NettyRequestSender - Using pooled Channel '[id: 0xed0feda4, L:/127.0.0.1:61658 - R:localhost/127.0.0.1:52956]' for 'POST' to 'http://localhost:52956/session/33e603f9201372bfd45ee925488daba8/timeouts'
21:10:56.454 [Forwarding setTimeout on session 33e603f9201372bfd45ee925488daba8 to remote] DEBUG org.asynchttpclient.netty.request.NettyRequestSender - Using open Channel [id: 0xed0feda4, L:/127.0.0.1:61658 - R:localhost/127.0.0.1:52956] for POST '/session/33e603f9201372bfd45ee925488daba8/timeouts'
21:10:56.455 [AsyncHttpClient-1-16] DEBUG org.asynchttpclient.netty.handler.HttpHandler - 

Request DefaultHttpRequest(decodeResult: success, version: HTTP/1.1)
POST /session/33e603f9201372bfd45ee925488daba8/timeouts HTTP/1.1
User-Agent: selenium/4.1.2 (java windows)
Content-Length: 22
Content-Type: application/json; charset=utf-8
host: localhost:52956
accept: */*

Response DefaultHttpResponse(decodeResult: success, version: HTTP/1.1)
HTTP/1.1 200 OK
Content-Type: application/json; charset=utf-8
cache-control: no-cache
content-length: 14

21:10:56.455 [AsyncHttpClient-1-16] DEBUG org.asynchttpclient.netty.channel.ChannelManager - Adding key: http://localhost:52956 for channel [id: 0xed0feda4, L:/127.0.0.1:61658 - R:localhost/127.0.0.1:52956]
21:10:56.458 [Forwarding getCurrentUrl on session 33e603f9201372bfd45ee925488daba8 to remote] DEBUG org.asynchttpclient.netty.request.NettyRequestSender - Using pooled Channel '[id: 0xed0feda4, L:/127.0.0.1:61658 - R:localhost/127.0.0.1:52956]' for 'GET' to 'http://localhost:52956/session/33e603f9201372bfd45ee925488daba8/url'
21:10:56.458 [Forwarding getCurrentUrl on session 33e603f9201372bfd45ee925488daba8 to remote] DEBUG org.asynchttpclient.netty.request.NettyRequestSender - Using open Channel [id: 0xed0feda4, L:/127.0.0.1:61658 - R:localhost/127.0.0.1:52956] for GET '/session/33e603f9201372bfd45ee925488daba8/url'
21:10:56.463 [AsyncHttpClient-1-16] DEBUG org.asynchttpclient.netty.handler.HttpHandler - 

Request DefaultFullHttpRequest(decodeResult: success, version: HTTP/1.1, content: EmptyByteBufBE)
GET /session/33e603f9201372bfd45ee925488daba8/url HTTP/1.1
User-Agent: selenium/4.1.2 (java windows)
Cache-Control: no-cache
Content-Type: application/json; charset=utf-8
host: localhost:52956
accept: */*

Response DefaultHttpResponse(decodeResult: success, version: HTTP/1.1)
HTTP/1.1 200 OK
Content-Type: application/json; charset=utf-8
cache-control: no-cache
content-length: 51

21:10:56.463 [AsyncHttpClient-1-16] DEBUG org.asynchttpclient.netty.channel.ChannelManager - Adding key: http://localhost:52956 for channel [id: 0xed0feda4, L:/127.0.0.1:61658 - R:localhost/127.0.0.1:52956]
  &amp#27;[32mGiven &amp#27;[0m&amp#27;[32mI am on the login page&amp#27;[0m                       &amp#27;[90m# starter.stepdefinitions.LoginStep.iAmOnTheLoginPage()&amp#27;[0m
21:10:56.472 [Forwarding screenshot on session 33e603f9201372bfd45ee925488daba8 to remote] DEBUG org.asynchttpclient.netty.request.NettyRequestSender - Using pooled Channel '[id: 0xed0feda4, L:/127.0.0.1:61658 - R:localhost/127.0.0.1:52956]' for 'GET' to 'http://localhost:52956/session/33e603f9201372bfd45ee925488daba8/screenshot'
21:10:56.472 [Forwarding screenshot on session 33e603f9201372bfd45ee925488daba8 to remote] DEBUG org.asynchttpclient.netty.request.NettyRequestSender - Using open Channel [id: 0xed0feda4, L:/127.0.0.1:61658 - R:localhost/127.0.0.1:52956] for GET '/session/33e603f9201372bfd45ee925488daba8/screenshot'
21:10:56.778 [AsyncHttpClient-1-16] DEBUG org.asynchttpclient.netty.handler.HttpHandler - 

Request DefaultFullHttpRequest(decodeResult: success, version: HTTP/1.1, content: EmptyByteBufBE)
GET /session/33e603f9201372bfd45ee925488daba8/screenshot HTTP/1.1
User-Agent: selenium/4.1.2 (java windows)
Cache-Control: no-cache
Content-Type: application/json; charset=utf-8
host: localhost:52956
accept: */*

Response DefaultHttpResponse(decodeResult: success, version: HTTP/1.1)
HTTP/1.1 200 OK
Content-Type: application/json; charset=utf-8
cache-control: no-cache
content-length: 22956

21:10:56.778 [AsyncHttpClient-1-16] DEBUG org.asynchttpclient.netty.channel.ChannelManager - Adding key: http://localhost:52956 for channel [id: 0xed0feda4, L:/127.0.0.1:61658 - R:localhost/127.0.0.1:52956]
21:10:56.780 [main] DEBUG net.serenitybdd.core.photography.Darkroom - Send negative for processing for target\site\serenity\aee116daef9f70687dbaee6bc527f5648618468770bbd8309c15c6b66fad3d98.png
21:10:56.785 [Forwarding findElement on session 33e603f9201372bfd45ee925488daba8 to remote] DEBUG org.asynchttpclient.netty.request.NettyRequestSender - Using pooled Channel '[id: 0xed0feda4, L:/127.0.0.1:61658 - R:localhost/127.0.0.1:52956]' for 'POST' to 'http://localhost:52956/session/33e603f9201372bfd45ee925488daba8/element'
21:10:56.785 [Forwarding findElement on session 33e603f9201372bfd45ee925488daba8 to remote] DEBUG org.asynchttpclient.netty.request.NettyRequestSender - Using open Channel [id: 0xed0feda4, L:/127.0.0.1:61658 - R:localhost/127.0.0.1:52956] for POST '/session/33e603f9201372bfd45ee925488daba8/element'
21:10:56.797 [AsyncHttpClient-1-16] DEBUG org.asynchttpclient.netty.handler.HttpHandler - 

Request DefaultHttpRequest(decodeResult: success, version: HTTP/1.1)
POST /session/33e603f9201372bfd45ee925488daba8/element HTTP/1.1
User-Agent: selenium/4.1.2 (java windows)
Content-Length: 86
Content-Type: application/json; charset=utf-8
host: localhost:52956
accept: */*

Response DefaultHttpResponse(decodeResult: success, version: HTTP/1.1)
HTTP/1.1 200 OK
Content-Type: application/json; charset=utf-8
cache-control: no-cache
content-length: 88

21:10:56.797 [AsyncHttpClient-1-16] DEBUG org.asynchttpclient.netty.channel.ChannelManager - Adding key: http://localhost:52956 for channel [id: 0xed0feda4, L:/127.0.0.1:61658 - R:localhost/127.0.0.1:52956]
21:10:56.797 [Forwarding clearElement on session 33e603f9201372bfd45ee925488daba8 to remote] DEBUG org.asynchttpclient.netty.request.NettyRequestSender - Using pooled Channel '[id: 0xed0feda4, L:/127.0.0.1:61658 - R:localhost/127.0.0.1:52956]' for 'POST' to 'http://localhost:52956/session/33e603f9201372bfd45ee925488daba8/element/d846b0df-d199-4c38-806a-b2cb4cd6b6f4/clear'
21:10:56.797 [Forwarding clearElement on session 33e603f9201372bfd45ee925488daba8 to remote] DEBUG org.asynchttpclient.netty.request.NettyRequestSender - Using open Channel [id: 0xed0feda4, L:/127.0.0.1:61658 - R:localhost/127.0.0.1:52956] for POST '/session/33e603f9201372bfd45ee925488daba8/element/d846b0df-d199-4c38-806a-b2cb4cd6b6f4/clear'
21:10:56.828 [AsyncHttpClient-1-16] DEBUG org.asynchttpclient.netty.handler.HttpHandler - 

Request DefaultHttpRequest(decodeResult: success, version: HTTP/1.1)
POST /session/33e603f9201372bfd45ee925488daba8/element/d846b0df-d199-4c38-806a-b2cb4cd6b6f4/clear HTTP/1.1
User-Agent: selenium/4.1.2 (java windows)
Content-Length: 50
Content-Type: application/json; charset=utf-8
host: localhost:52956
accept: */*

Response DefaultHttpResponse(decodeResult: success, version: HTTP/1.1)
HTTP/1.1 200 OK
Content-Type: application/json; charset=utf-8
cache-control: no-cache
content-length: 14

21:10:56.828 [AsyncHttpClient-1-16] DEBUG org.asynchttpclient.netty.channel.ChannelManager - Adding key: http://localhost:52956 for channel [id: 0xed0feda4, L:/127.0.0.1:61658 - R:localhost/127.0.0.1:52956]
21:10:56.830 [Forwarding sendKeysToElement on session 33e603f9201372bfd45ee925488daba8 to remote] DEBUG org.asynchttpclient.netty.request.NettyRequestSender - Using pooled Channel '[id: 0xed0feda4, L:/127.0.0.1:61658 - R:localhost/127.0.0.1:52956]' for 'POST' to 'http://localhost:52956/session/33e603f9201372bfd45ee925488daba8/element/d846b0df-d199-4c38-806a-b2cb4cd6b6f4/value'
21:10:56.830 [Forwarding sendKeysToElement on session 33e603f9201372bfd45ee925488daba8 to remote] DEBUG org.asynchttpclient.netty.request.NettyRequestSender - Using open Channel [id: 0xed0feda4, L:/127.0.0.1:61658 - R:localhost/127.0.0.1:52956] for POST '/session/33e603f9201372bfd45ee925488daba8/element/d846b0df-d199-4c38-806a-b2cb4cd6b6f4/value'
21:10:56.935 [AsyncHttpClient-1-16] DEBUG org.asynchttpclient.netty.handler.HttpHandler - 

Request DefaultHttpRequest(decodeResult: success, version: HTTP/1.1)
POST /session/33e603f9201372bfd45ee925488daba8/element/d846b0df-d199-4c38-806a-b2cb4cd6b6f4/value HTTP/1.1
User-Agent: selenium/4.1.2 (java windows)
Content-Length: 261
Content-Type: application/json; charset=utf-8
host: localhost:52956
accept: */*

Response DefaultHttpResponse(decodeResult: success, version: HTTP/1.1)
HTTP/1.1 200 OK
Content-Type: application/json; charset=utf-8
cache-control: no-cache
content-length: 14

21:10:56.935 [AsyncHttpClient-1-16] DEBUG org.asynchttpclient.netty.channel.ChannelManager - Adding key: http://localhost:52956 for channel [id: 0xed0feda4, L:/127.0.0.1:61658 - R:localhost/127.0.0.1:52956]
  &amp#27;[32mWhen &amp#27;[0m&amp#27;[32mI input invalid email&amp#27;[0m                         &amp#27;[90m# starter.stepdefinitions.LoginStep.iInputInvalidEmail()&amp#27;[0m
21:10:56.941 [Forwarding screenshot on session 33e603f9201372bfd45ee925488daba8 to remote] DEBUG org.asynchttpclient.netty.request.NettyRequestSender - Using pooled Channel '[id: 0xed0feda4, L:/127.0.0.1:61658 - R:localhost/127.0.0.1:52956]' for 'GET' to 'http://localhost:52956/session/33e603f9201372bfd45ee925488daba8/screenshot'
21:10:56.941 [Forwarding screenshot on session 33e603f9201372bfd45ee925488daba8 to remote] DEBUG org.asynchttpclient.netty.request.NettyRequestSender - Using open Channel [id: 0xed0feda4, L:/127.0.0.1:61658 - R:localhost/127.0.0.1:52956] for GET '/session/33e603f9201372bfd45ee925488daba8/screenshot'
21:10:57.033 [AsyncHttpClient-1-16] DEBUG org.asynchttpclient.netty.handler.HttpHandler - 

Request DefaultFullHttpRequest(decodeResult: success, version: HTTP/1.1, content: EmptyByteBufBE)
GET /session/33e603f9201372bfd45ee925488daba8/screenshot HTTP/1.1
User-Agent: selenium/4.1.2 (java windows)
Cache-Control: no-cache
Content-Type: application/json; charset=utf-8
host: localhost:52956
accept: */*

Response DefaultHttpResponse(decodeResult: success, version: HTTP/1.1)
HTTP/1.1 200 OK
Content-Type: application/json; charset=utf-8
cache-control: no-cache
content-length: 28080

21:10:57.034 [AsyncHttpClient-1-16] DEBUG org.asynchttpclient.netty.channel.ChannelManager - Adding key: http://localhost:52956 for channel [id: 0xed0feda4, L:/127.0.0.1:61658 - R:localhost/127.0.0.1:52956]
21:10:57.035 [main] DEBUG net.serenitybdd.core.photography.Darkroom - Send negative for processing for target\site\serenity\d325c0ada6b4054333e4655422bfcea30f5c7f2048281bb0385b9ac2c887d654.png
21:10:57.035 [Darkroom Processing Line] DEBUG net.serenitybdd.core.photography.DarkroomProcessingLine - Processing screenshot image in /var/screenshots/screenshot-16144064775195097149
21:10:57.035 [Darkroom Processing Line] DEBUG net.serenitybdd.core.photography.DarkroomProcessingLine - Saving screenshot to target\site\serenity\d325c0ada6b4054333e4655422bfcea30f5c7f2048281bb0385b9ac2c887d654.png
21:10:57.041 [Forwarding findElement on session 33e603f9201372bfd45ee925488daba8 to remote] DEBUG org.asynchttpclient.netty.request.NettyRequestSender - Using pooled Channel '[id: 0xed0feda4, L:/127.0.0.1:61658 - R:localhost/127.0.0.1:52956]' for 'POST' to 'http://localhost:52956/session/33e603f9201372bfd45ee925488daba8/element'
21:10:57.041 [Forwarding findElement on session 33e603f9201372bfd45ee925488daba8 to remote] DEBUG org.asynchttpclient.netty.request.NettyRequestSender - Using open Channel [id: 0xed0feda4, L:/127.0.0.1:61658 - R:localhost/127.0.0.1:52956] for POST '/session/33e603f9201372bfd45ee925488daba8/element'
21:10:57.051 [AsyncHttpClient-1-16] DEBUG org.asynchttpclient.netty.handler.HttpHandler - 

Request DefaultHttpRequest(decodeResult: success, version: HTTP/1.1)
POST /session/33e603f9201372bfd45ee925488daba8/element HTTP/1.1
User-Agent: selenium/4.1.2 (java windows)
Content-Length: 89
Content-Type: application/json; charset=utf-8
host: localhost:52956
accept: */*

Response DefaultHttpResponse(decodeResult: success, version: HTTP/1.1)
HTTP/1.1 200 OK
Content-Type: application/json; charset=utf-8
cache-control: no-cache
content-length: 88

21:10:57.051 [AsyncHttpClient-1-16] DEBUG org.asynchttpclient.netty.channel.ChannelManager - Adding key: http://localhost:52956 for channel [id: 0xed0feda4, L:/127.0.0.1:61658 - R:localhost/127.0.0.1:52956]
21:10:57.052 [Forwarding clearElement on session 33e603f9201372bfd45ee925488daba8 to remote] DEBUG org.asynchttpclient.netty.request.NettyRequestSender - Using pooled Channel '[id: 0xed0feda4, L:/127.0.0.1:61658 - R:localhost/127.0.0.1:52956]' for 'POST' to 'http://localhost:52956/session/33e603f9201372bfd45ee925488daba8/element/3d6b4990-67da-4717-b155-3737d926c8bb/clear'
21:10:57.052 [Forwarding clearElement on session 33e603f9201372bfd45ee925488daba8 to remote] DEBUG org.asynchttpclient.netty.request.NettyRequestSender - Using open Channel [id: 0xed0feda4, L:/127.0.0.1:61658 - R:localhost/127.0.0.1:52956] for POST '/session/33e603f9201372bfd45ee925488daba8/element/3d6b4990-67da-4717-b155-3737d926c8bb/clear'
21:10:57.081 [AsyncHttpClient-1-16] DEBUG org.asynchttpclient.netty.handler.HttpHandler - 

Request DefaultHttpRequest(decodeResult: success, version: HTTP/1.1)
POST /session/33e603f9201372bfd45ee925488daba8/element/3d6b4990-67da-4717-b155-3737d926c8bb/clear HTTP/1.1
User-Agent: selenium/4.1.2 (java windows)
Content-Length: 50
Content-Type: application/json; charset=utf-8
host: localhost:52956
accept: */*

Response DefaultHttpResponse(decodeResult: success, version: HTTP/1.1)
HTTP/1.1 200 OK
Content-Type: application/json; charset=utf-8
cache-control: no-cache
content-length: 14

21:10:57.081 [AsyncHttpClient-1-16] DEBUG org.asynchttpclient.netty.channel.ChannelManager - Adding key: http://localhost:52956 for channel [id: 0xed0feda4, L:/127.0.0.1:61658 - R:localhost/127.0.0.1:52956]
21:10:57.082 [Forwarding sendKeysToElement on session 33e603f9201372bfd45ee925488daba8 to remote] DEBUG org.asynchttpclient.netty.request.NettyRequestSender - Using pooled Channel '[id: 0xed0feda4, L:/127.0.0.1:61658 - R:localhost/127.0.0.1:52956]' for 'POST' to 'http://localhost:52956/session/33e603f9201372bfd45ee925488daba8/element/3d6b4990-67da-4717-b155-3737d926c8bb/value'
21:10:57.082 [Forwarding sendKeysToElement on session 33e603f9201372bfd45ee925488daba8 to remote] DEBUG org.asynchttpclient.netty.request.NettyRequestSender - Using open Channel [id: 0xed0feda4, L:/127.0.0.1:61658 - R:localhost/127.0.0.1:52956] for POST '/session/33e603f9201372bfd45ee925488daba8/element/3d6b4990-67da-4717-b155-3737d926c8bb/value'
21:10:57.119 [AsyncHttpClient-1-16] DEBUG org.asynchttpclient.netty.handler.HttpHandler - 

Request DefaultHttpRequest(decodeResult: success, version: HTTP/1.1)
POST /session/33e603f9201372bfd45ee925488daba8/element/3d6b4990-67da-4717-b155-3737d926c8bb/value HTTP/1.1
User-Agent: selenium/4.1.2 (java windows)
Content-Length: 82
Content-Type: application/json; charset=utf-8
host: localhost:52956
accept: */*

Response DefaultHttpResponse(decodeResult: success, version: HTTP/1.1)
HTTP/1.1 200 OK
Content-Type: application/json; charset=utf-8
cache-control: no-cache
content-length: 14

21:10:57.120 [AsyncHttpClient-1-16] DEBUG org.asynchttpclient.netty.channel.ChannelManager - Adding key: http://localhost:52956 for channel [id: 0xed0feda4, L:/127.0.0.1:61658 - R:localhost/127.0.0.1:52956]
  &amp#27;[32mAnd &amp#27;[0m&amp#27;[32mI input null password&amp#27;[0m                          &amp#27;[90m# starter.stepdefinitions.LoginStep.iInputNullPassword()&amp#27;[0m
21:10:57.126 [Forwarding screenshot on session 33e603f9201372bfd45ee925488daba8 to remote] DEBUG org.asynchttpclient.netty.request.NettyRequestSender - Using pooled Channel '[id: 0xed0feda4, L:/127.0.0.1:61658 - R:localhost/127.0.0.1:52956]' for 'GET' to 'http://localhost:52956/session/33e603f9201372bfd45ee925488daba8/screenshot'
21:10:57.126 [Forwarding screenshot on session 33e603f9201372bfd45ee925488daba8 to remote] DEBUG org.asynchttpclient.netty.request.NettyRequestSender - Using open Channel [id: 0xed0feda4, L:/127.0.0.1:61658 - R:localhost/127.0.0.1:52956] for GET '/session/33e603f9201372bfd45ee925488daba8/screenshot'
21:10:57.211 [AsyncHttpClient-1-16] DEBUG org.asynchttpclient.netty.handler.HttpHandler - 

Request DefaultFullHttpRequest(decodeResult: success, version: HTTP/1.1, content: EmptyByteBufBE)
GET /session/33e603f9201372bfd45ee925488daba8/screenshot HTTP/1.1
User-Agent: selenium/4.1.2 (java windows)
Cache-Control: no-cache
Content-Type: application/json; charset=utf-8
host: localhost:52956
accept: */*

Response DefaultHttpResponse(decodeResult: success, version: HTTP/1.1)
HTTP/1.1 200 OK
Content-Type: application/json; charset=utf-8
cache-control: no-cache
content-length: 27984

21:10:57.212 [AsyncHttpClient-1-16] DEBUG org.asynchttpclient.netty.channel.ChannelManager - Adding key: http://localhost:52956 for channel [id: 0xed0feda4, L:/127.0.0.1:61658 - R:localhost/127.0.0.1:52956]
21:10:57.213 [main] DEBUG net.serenitybdd.core.photography.Darkroom - Send negative for processing for target\site\serenity\f9f947cdeedd1bf0adfc69f4823967d5b1d1f8be8746f011143c3b0db2ccfdbc.png
21:10:57.213 [Darkroom Processing Line] DEBUG net.serenitybdd.core.photography.DarkroomProcessingLine - Processing screenshot image in /var/screenshots/screenshot-15356023869755559580
21:10:57.213 [Darkroom Processing Line] DEBUG net.serenitybdd.core.photography.DarkroomProcessingLine - Saving screenshot to target\site\serenity\f9f947cdeedd1bf0adfc69f4823967d5b1d1f8be8746f011143c3b0db2ccfdbc.png
21:10:57.221 [Forwarding findElement on session 33e603f9201372bfd45ee925488daba8 to remote] DEBUG org.asynchttpclient.netty.request.NettyRequestSender - Using pooled Channel '[id: 0xed0feda4, L:/127.0.0.1:61658 - R:localhost/127.0.0.1:52956]' for 'POST' to 'http://localhost:52956/session/33e603f9201372bfd45ee925488daba8/element'
21:10:57.221 [Forwarding findElement on session 33e603f9201372bfd45ee925488daba8 to remote] DEBUG org.asynchttpclient.netty.request.NettyRequestSender - Using open Channel [id: 0xed0feda4, L:/127.0.0.1:61658 - R:localhost/127.0.0.1:52956] for POST '/session/33e603f9201372bfd45ee925488daba8/element'
21:10:57.232 [AsyncHttpClient-1-16] DEBUG org.asynchttpclient.netty.handler.HttpHandler - 

Request DefaultHttpRequest(decodeResult: success, version: HTTP/1.1)
POST /session/33e603f9201372bfd45ee925488daba8/element HTTP/1.1
User-Agent: selenium/4.1.2 (java windows)
Content-Length: 83
Content-Type: application/json; charset=utf-8
host: localhost:52956
accept: */*

Response DefaultHttpResponse(decodeResult: success, version: HTTP/1.1)
HTTP/1.1 200 OK
Content-Type: application/json; charset=utf-8
cache-control: no-cache
content-length: 88

21:10:57.232 [AsyncHttpClient-1-16] DEBUG org.asynchttpclient.netty.channel.ChannelManager - Adding key: http://localhost:52956 for channel [id: 0xed0feda4, L:/127.0.0.1:61658 - R:localhost/127.0.0.1:52956]
21:10:57.234 [Forwarding getElementTagName on session 33e603f9201372bfd45ee925488daba8 to remote] DEBUG org.asynchttpclient.netty.request.NettyRequestSender - Using pooled Channel '[id: 0xed0feda4, L:/127.0.0.1:61658 - R:localhost/127.0.0.1:52956]' for 'GET' to 'http://localhost:52956/session/33e603f9201372bfd45ee925488daba8/element/7af062be-db49-4d52-b02c-580d11a09c2b/name'
21:10:57.234 [Forwarding getElementTagName on session 33e603f9201372bfd45ee925488daba8 to remote] DEBUG org.asynchttpclient.netty.request.NettyRequestSender - Using open Channel [id: 0xed0feda4, L:/127.0.0.1:61658 - R:localhost/127.0.0.1:52956] for GET '/session/33e603f9201372bfd45ee925488daba8/element/7af062be-db49-4d52-b02c-580d11a09c2b/name'
21:10:57.240 [AsyncHttpClient-1-16] DEBUG org.asynchttpclient.netty.handler.HttpHandler - 

Request DefaultFullHttpRequest(decodeResult: success, version: HTTP/1.1, content: EmptyByteBufBE)
GET /session/33e603f9201372bfd45ee925488daba8/element/7af062be-db49-4d52-b02c-580d11a09c2b/name HTTP/1.1
User-Agent: selenium/4.1.2 (java windows)
Cache-Control: no-cache
Content-Type: application/json; charset=utf-8
host: localhost:52956
accept: */*

Response DefaultHttpResponse(decodeResult: success, version: HTTP/1.1)
HTTP/1.1 200 OK
Content-Type: application/json; charset=utf-8
cache-control: no-cache
content-length: 16

21:10:57.240 [AsyncHttpClient-1-16] DEBUG org.asynchttpclient.netty.channel.ChannelManager - Adding key: http://localhost:52956 for channel [id: 0xed0feda4, L:/127.0.0.1:61658 - R:localhost/127.0.0.1:52956]
21:10:57.243 [Forwarding getElementTagName on session 33e603f9201372bfd45ee925488daba8 to remote] DEBUG org.asynchttpclient.netty.request.NettyRequestSender - Using pooled Channel '[id: 0xed0feda4, L:/127.0.0.1:61658 - R:localhost/127.0.0.1:52956]' for 'GET' to 'http://localhost:52956/session/33e603f9201372bfd45ee925488daba8/element/7af062be-db49-4d52-b02c-580d11a09c2b/name'
21:10:57.243 [Forwarding getElementTagName on session 33e603f9201372bfd45ee925488daba8 to remote] DEBUG org.asynchttpclient.netty.request.NettyRequestSender - Using open Channel [id: 0xed0feda4, L:/127.0.0.1:61658 - R:localhost/127.0.0.1:52956] for GET '/session/33e603f9201372bfd45ee925488daba8/element/7af062be-db49-4d52-b02c-580d11a09c2b/name'
21:10:57.246 [AsyncHttpClient-1-16] DEBUG org.asynchttpclient.netty.handler.HttpHandler - 

Request DefaultFullHttpRequest(decodeResult: success, version: HTTP/1.1, content: EmptyByteBufBE)
GET /session/33e603f9201372bfd45ee925488daba8/element/7af062be-db49-4d52-b02c-580d11a09c2b/name HTTP/1.1
User-Agent: selenium/4.1.2 (java windows)
Cache-Control: no-cache
Content-Type: application/json; charset=utf-8
host: localhost:52956
accept: */*

Response DefaultHttpResponse(decodeResult: success, version: HTTP/1.1)
HTTP/1.1 200 OK
Content-Type: application/json; charset=utf-8
cache-control: no-cache
content-length: 16

21:10:57.247 [AsyncHttpClient-1-16] DEBUG org.asynchttpclient.netty.channel.ChannelManager - Adding key: http://localhost:52956 for channel [id: 0xed0feda4, L:/127.0.0.1:61658 - R:localhost/127.0.0.1:52956]
21:10:57.250 [Forwarding findElement on session 33e603f9201372bfd45ee925488daba8 to remote] DEBUG org.asynchttpclient.netty.request.NettyRequestSender - Using pooled Channel '[id: 0xed0feda4, L:/127.0.0.1:61658 - R:localhost/127.0.0.1:52956]' for 'POST' to 'http://localhost:52956/session/33e603f9201372bfd45ee925488daba8/element'
21:10:57.250 [Forwarding findElement on session 33e603f9201372bfd45ee925488daba8 to remote] DEBUG org.asynchttpclient.netty.request.NettyRequestSender - Using open Channel [id: 0xed0feda4, L:/127.0.0.1:61658 - R:localhost/127.0.0.1:52956] for POST '/session/33e603f9201372bfd45ee925488daba8/element'
21:10:57.258 [AsyncHttpClient-1-16] DEBUG org.asynchttpclient.netty.handler.HttpHandler - 

Request DefaultHttpRequest(decodeResult: success, version: HTTP/1.1)
POST /session/33e603f9201372bfd45ee925488daba8/element HTTP/1.1
User-Agent: selenium/4.1.2 (java windows)
Content-Length: 83
Content-Type: application/json; charset=utf-8
host: localhost:52956
accept: */*

Response DefaultHttpResponse(decodeResult: success, version: HTTP/1.1)
HTTP/1.1 200 OK
Content-Type: application/json; charset=utf-8
cache-control: no-cache
content-length: 88

21:10:57.258 [AsyncHttpClient-1-16] DEBUG org.asynchttpclient.netty.channel.ChannelManager - Adding key: http://localhost:52956 for channel [id: 0xed0feda4, L:/127.0.0.1:61658 - R:localhost/127.0.0.1:52956]
21:10:57.260 [Forwarding clickElement on session 33e603f9201372bfd45ee925488daba8 to remote] DEBUG org.asynchttpclient.netty.request.NettyRequestSender - Using pooled Channel '[id: 0xed0feda4, L:/127.0.0.1:61658 - R:localhost/127.0.0.1:52956]' for 'POST' to 'http://localhost:52956/session/33e603f9201372bfd45ee925488daba8/element/7af062be-db49-4d52-b02c-580d11a09c2b/click'
21:10:57.260 [Forwarding clickElement on session 33e603f9201372bfd45ee925488daba8 to remote] DEBUG org.asynchttpclient.netty.request.NettyRequestSender - Using open Channel [id: 0xed0feda4, L:/127.0.0.1:61658 - R:localhost/127.0.0.1:52956] for POST '/session/33e603f9201372bfd45ee925488daba8/element/7af062be-db49-4d52-b02c-580d11a09c2b/click'
21:10:57.310 [AsyncHttpClient-1-16] DEBUG org.asynchttpclient.netty.handler.HttpHandler - 

Request DefaultHttpRequest(decodeResult: success, version: HTTP/1.1)
POST /session/33e603f9201372bfd45ee925488daba8/element/7af062be-db49-4d52-b02c-580d11a09c2b/click HTTP/1.1
User-Agent: selenium/4.1.2 (java windows)
Content-Length: 50
Content-Type: application/json; charset=utf-8
host: localhost:52956
accept: */*

Response DefaultHttpResponse(decodeResult: success, version: HTTP/1.1)
HTTP/1.1 200 OK
Content-Type: application/json; charset=utf-8
cache-control: no-cache
content-length: 14

21:10:57.310 [AsyncHttpClient-1-16] DEBUG org.asynchttpclient.netty.channel.ChannelManager - Adding key: http://localhost:52956 for channel [id: 0xed0feda4, L:/127.0.0.1:61658 - R:localhost/127.0.0.1:52956]
  &amp#27;[32mAnd &amp#27;[0m&amp#27;[32mI click login button&amp#27;[0m                           &amp#27;[90m# starter.stepdefinitions.LoginStep.iClickLoginButton()&amp#27;[0m
21:10:57.319 [Forwarding screenshot on session 33e603f9201372bfd45ee925488daba8 to remote] DEBUG org.asynchttpclient.netty.request.NettyRequestSender - Using pooled Channel '[id: 0xed0feda4, L:/127.0.0.1:61658 - R:localhost/127.0.0.1:52956]' for 'GET' to 'http://localhost:52956/session/33e603f9201372bfd45ee925488daba8/screenshot'
21:10:57.319 [Forwarding screenshot on session 33e603f9201372bfd45ee925488daba8 to remote] DEBUG org.asynchttpclient.netty.request.NettyRequestSender - Using open Channel [id: 0xed0feda4, L:/127.0.0.1:61658 - R:localhost/127.0.0.1:52956] for GET '/session/33e603f9201372bfd45ee925488daba8/screenshot'
21:10:57.320 [AsyncHttpClient-1-1] DEBUG org.asynchttpclient.netty.channel.DefaultChannelPool - Entry count for : http://localhost:61659 : 1
21:10:57.444 [AsyncHttpClient-1-16] DEBUG org.asynchttpclient.netty.handler.HttpHandler - 

Request DefaultFullHttpRequest(decodeResult: success, version: HTTP/1.1, content: EmptyByteBufBE)
GET /session/33e603f9201372bfd45ee925488daba8/screenshot HTTP/1.1
User-Agent: selenium/4.1.2 (java windows)
Cache-Control: no-cache
Content-Type: application/json; charset=utf-8
host: localhost:52956
accept: */*

Response DefaultHttpResponse(decodeResult: success, version: HTTP/1.1)
HTTP/1.1 200 OK
Content-Type: application/json; charset=utf-8
cache-control: no-cache
content-length: 28356

21:10:57.445 [AsyncHttpClient-1-16] DEBUG org.asynchttpclient.netty.channel.ChannelManager - Adding key: http://localhost:52956 for channel [id: 0xed0feda4, L:/127.0.0.1:61658 - R:localhost/127.0.0.1:52956]
21:10:57.446 [main] DEBUG net.serenitybdd.core.photography.Darkroom - Send negative for processing for target\site\serenity\eac9b26464251827ecf63cc60d5f5005d85bc8e5777460811b458d7b962eafc9.png
21:10:57.446 [Darkroom Processing Line] DEBUG net.serenitybdd.core.photography.DarkroomProcessingLine - Processing screenshot image in /var/screenshots/screenshot-2895711460431486889
21:10:57.446 [Darkroom Processing Line] DEBUG net.serenitybdd.core.photography.DarkroomProcessingLine - Saving screenshot to target\site\serenity\eac9b26464251827ecf63cc60d5f5005d85bc8e5777460811b458d7b962eafc9.png
21:10:57.454 [Forwarding findElement on session 33e603f9201372bfd45ee925488daba8 to remote] DEBUG org.asynchttpclient.netty.request.NettyRequestSender - Using pooled Channel '[id: 0xed0feda4, L:/127.0.0.1:61658 - R:localhost/127.0.0.1:52956]' for 'POST' to 'http://localhost:52956/session/33e603f9201372bfd45ee925488daba8/element'
21:10:57.454 [Forwarding findElement on session 33e603f9201372bfd45ee925488daba8 to remote] DEBUG org.asynchttpclient.netty.request.NettyRequestSender - Using open Channel [id: 0xed0feda4, L:/127.0.0.1:61658 - R:localhost/127.0.0.1:52956] for POST '/session/33e603f9201372bfd45ee925488daba8/element'
21:10:58.419 [AsyncHttpClient-1-1] DEBUG org.asynchttpclient.netty.channel.DefaultChannelPool - Entry count for : http://localhost:61659 : 1
21:10:58.689 [AsyncHttpClient-1-16] DEBUG org.asynchttpclient.netty.handler.HttpHandler - 

Request DefaultHttpRequest(decodeResult: success, version: HTTP/1.1)
POST /session/33e603f9201372bfd45ee925488daba8/element HTTP/1.1
User-Agent: selenium/4.1.2 (java windows)
Content-Length: 87
Content-Type: application/json; charset=utf-8
host: localhost:52956
accept: */*

Response DefaultHttpResponse(decodeResult: success, version: HTTP/1.1)
HTTP/1.1 200 OK
Content-Type: application/json; charset=utf-8
cache-control: no-cache
content-length: 88

21:10:58.689 [AsyncHttpClient-1-16] DEBUG org.asynchttpclient.netty.channel.ChannelManager - Adding key: http://localhost:52956 for channel [id: 0xed0feda4, L:/127.0.0.1:61658 - R:localhost/127.0.0.1:52956]
21:10:58.693 [Forwarding isElementDisplayed on session 33e603f9201372bfd45ee925488daba8 to remote] DEBUG org.asynchttpclient.netty.request.NettyRequestSender - Using pooled Channel '[id: 0xed0feda4, L:/127.0.0.1:61658 - R:localhost/127.0.0.1:52956]' for 'POST' to 'http://localhost:52956/session/33e603f9201372bfd45ee925488daba8/execute/sync'
21:10:58.693 [Forwarding isElementDisplayed on session 33e603f9201372bfd45ee925488daba8 to remote] DEBUG org.asynchttpclient.netty.request.NettyRequestSender - Using open Channel [id: 0xed0feda4, L:/127.0.0.1:61658 - R:localhost/127.0.0.1:52956] for POST '/session/33e603f9201372bfd45ee925488daba8/execute/sync'
21:10:58.709 [AsyncHttpClient-1-16] DEBUG org.asynchttpclient.netty.handler.HttpHandler - 

Request DefaultHttpRequest(decodeResult: success, version: HTTP/1.1)
POST /session/33e603f9201372bfd45ee925488daba8/execute/sync HTTP/1.1
User-Agent: selenium/4.1.2 (java windows)
Content-Length: 48780
Content-Type: application/json; charset=utf-8
host: localhost:52956
accept: */*

Response DefaultHttpResponse(decodeResult: success, version: HTTP/1.1)
HTTP/1.1 200 OK
Content-Type: application/json; charset=utf-8
cache-control: no-cache
content-length: 14

21:10:58.709 [AsyncHttpClient-1-16] DEBUG org.asynchttpclient.netty.channel.ChannelManager - Adding key: http://localhost:52956 for channel [id: 0xed0feda4, L:/127.0.0.1:61658 - R:localhost/127.0.0.1:52956]
  &amp#27;[32mThen &amp#27;[0m&amp#27;[32mI will get error message password is required&amp#27;[0m &amp#27;[90m# starter.stepdefinitions.LoginStep.iWillGetErrorMessagePasswordIsRequired()&amp#27;[0m
21:10:58.712 [Forwarding screenshot on session 33e603f9201372bfd45ee925488daba8 to remote] DEBUG org.asynchttpclient.netty.request.NettyRequestSender - Using pooled Channel '[id: 0xed0feda4, L:/127.0.0.1:61658 - R:localhost/127.0.0.1:52956]' for 'GET' to 'http://localhost:52956/session/33e603f9201372bfd45ee925488daba8/screenshot'
21:10:58.713 [Forwarding screenshot on session 33e603f9201372bfd45ee925488daba8 to remote] DEBUG org.asynchttpclient.netty.request.NettyRequestSender - Using open Channel [id: 0xed0feda4, L:/127.0.0.1:61658 - R:localhost/127.0.0.1:52956] for GET '/session/33e603f9201372bfd45ee925488daba8/screenshot'
21:10:58.873 [AsyncHttpClient-1-16] DEBUG org.asynchttpclient.netty.handler.HttpHandler - 

Request DefaultFullHttpRequest(decodeResult: success, version: HTTP/1.1, content: EmptyByteBufBE)
GET /session/33e603f9201372bfd45ee925488daba8/screenshot HTTP/1.1
User-Agent: selenium/4.1.2 (java windows)
Cache-Control: no-cache
Content-Type: application/json; charset=utf-8
host: localhost:52956
accept: */*

Response DefaultHttpResponse(decodeResult: success, version: HTTP/1.1)
HTTP/1.1 200 OK
Content-Type: application/json; charset=utf-8
cache-control: no-cache
content-length: 32956

21:10:58.873 [AsyncHttpClient-1-16] DEBUG org.asynchttpclient.netty.channel.ChannelManager - Adding key: http://localhost:52956 for channel [id: 0xed0feda4, L:/127.0.0.1:61658 - R:localhost/127.0.0.1:52956]
21:10:58.875 [main] DEBUG net.serenitybdd.core.photography.Darkroom - Send negative for processing for target\site\serenity\f66a757c93228b146661b696bb2d8c7b3e4d86de522df29e4cb5b61b72530bf0.png
21:10:58.875 [Darkroom Processing Line] DEBUG net.serenitybdd.core.photography.DarkroomProcessingLine - Processing screenshot image in /var/screenshots/screenshot-16078452771870479173
21:10:58.875 [Darkroom Processing Line] DEBUG net.serenitybdd.core.photography.DarkroomProcessingLine - Saving screenshot to target\site\serenity\f66a757c93228b146661b696bb2d8c7b3e4d86de522df29e4cb5b61b72530bf0.png
21:10:58.876 [main] INFO  - 
  _____   ___   ___   _____     ___     _     ___   ___   ___   ___  
 |_   _| | __| / __| |_   _|   | _ \   /_\   / __| / __| | __| |   \ 
   | |   | _|  \__ \   | |     |  _/  / _ \  \__ \ \__ \ | _|  | |) |
   |_|   |___| |___/   |_|     |_|   /_/ \_\ |___/ |___/ |___| |___/ 

Login with invalid email and null password
----------------------------------------------------------------------
21:10:58.876 [AsyncHttpClient-1-2] DEBUG org.asynchttpclient.netty.handler.WebSocketHandler - Channel Closed: [id: 0x1f1fdae3, L:/127.0.0.1:61666 ! R:localhost/127.0.0.1:61659] with attribute NettyResponseFuture{currentRetry=5,
	isDone=1,
	isCancelled=0,
	asyncHandler=org.asynchttpclient.ws.WebSocketUpgradeHandler@77b9e943,
	nettyRequest=org.asynchttpclient.netty.request.NettyRequest@2a8bebd3,
	future=java.util.concurrent.CompletableFuture@6516d9b5[Completed normally],
	uri=ws://localhost:61659/devtools/browser/092bc68e-d7f4-421e-878a-c0d02b89d896,
	keepAlive=true,
	redirectCount=0,
	timeoutsHolder=null,
	inAuth=0,
	touch=1667916655778}
21:10:58.877 [Driver Command Executor] DEBUG org.asynchttpclient.netty.request.NettyRequestSender - Using pooled Channel '[id: 0xed0feda4, L:/127.0.0.1:61658 - R:localhost/127.0.0.1:52956]' for 'DELETE' to 'http://localhost:52956/session/33e603f9201372bfd45ee925488daba8'
21:10:58.877 [AsyncHttpClient-1-2] DEBUG org.asynchttpclient.netty.channel.ChannelManager - Closing Channel [id: 0x1f1fdae3, L:/127.0.0.1:61666 ! R:localhost/127.0.0.1:61659] 
21:10:58.877 [Driver Command Executor] DEBUG org.asynchttpclient.netty.request.NettyRequestSender - Using open Channel [id: 0xed0feda4, L:/127.0.0.1:61658 - R:localhost/127.0.0.1:52956] for DELETE '/session/33e603f9201372bfd45ee925488daba8'
21:10:58.901 [AsyncHttpClient-1-17] DEBUG org.asynchttpclient.netty.handler.HttpHandler - Unexpected I/O exception on channel [id: 0x9e031f8a, L:/127.0.0.1:61665 - R:localhost/127.0.0.1:61659]
java.io.IOException: An existing connection was forcibly closed by the remote host
	at java.base/sun.nio.ch.SocketDispatcher.read0(Native Method)
	at java.base/sun.nio.ch.SocketDispatcher.read(SocketDispatcher.java:43)
	at java.base/sun.nio.ch.IOUtil.readIntoNativeBuffer(IOUtil.java:276)
	at java.base/sun.nio.ch.IOUtil.read(IOUtil.java:233)
	at java.base/sun.nio.ch.IOUtil.read(IOUtil.java:223)
	at java.base/sun.nio.ch.SocketChannelImpl.read(SocketChannelImpl.java:358)
	at io.netty.buffer.PooledByteBuf.setBytes(PooledByteBuf.java:258)
	at io.netty.buffer.AbstractByteBuf.writeBytes(AbstractByteBuf.java:1132)
	at io.netty.channel.socket.nio.NioSocketChannel.doReadBytes(NioSocketChannel.java:350)
	at io.netty.channel.nio.AbstractNioByteChannel$NioByteUnsafe.read(AbstractNioByteChannel.java:151)
	at io.netty.channel.nio.NioEventLoop.processSelectedKey(NioEventLoop.java:722)
	at io.netty.channel.nio.NioEventLoop.processSelectedKeysOptimized(NioEventLoop.java:658)
	at io.netty.channel.nio.NioEventLoop.processSelectedKeys(NioEventLoop.java:584)
	at io.netty.channel.nio.NioEventLoop.run(NioEventLoop.java:496)
	at io.netty.util.concurrent.SingleThreadEventExecutor$4.run(SingleThreadEventExecutor.java:986)
	at io.netty.util.internal.ThreadExecutorMap$2.run(ThreadExecutorMap.java:74)
	at io.netty.util.concurrent.FastThreadLocalRunnable.run(FastThreadLocalRunnable.java:30)
	at java.base/java.lang.Thread.run(Thread.java:834)
21:10:58.902 [AsyncHttpClient-1-17] DEBUG org.asynchttpclient.netty.channel.ChannelManager - Closing Channel [id: 0x9e031f8a, L:/127.0.0.1:61665 - R:localhost/127.0.0.1:61659] 
21:10:58.902 [AsyncHttpClient-1-17] DEBUG org.asynchttpclient.netty.handler.HttpHandler - Channel Closed: [id: 0x9e031f8a, L:/127.0.0.1:61665 ! R:localhost/127.0.0.1:61659] with attribute DISCARD
21:10:58.913 [AsyncHttpClient-1-16] DEBUG org.asynchttpclient.netty.handler.HttpHandler - 

Request DefaultFullHttpRequest(decodeResult: success, version: HTTP/1.1, content: EmptyByteBufBE)
DELETE /session/33e603f9201372bfd45ee925488daba8 HTTP/1.1
User-Agent: selenium/4.1.2 (java windows)
Content-Type: application/json; charset=utf-8
host: localhost:52956
accept: */*

Response DefaultHttpResponse(decodeResult: success, version: HTTP/1.1)
HTTP/1.1 200 OK
Content-Type: application/json; charset=utf-8
cache-control: no-cache
content-length: 14

21:10:58.913 [AsyncHttpClient-1-16] DEBUG org.asynchttpclient.netty.channel.ChannelManager - Adding key: http://localhost:52956 for channel [id: 0xed0feda4, L:/127.0.0.1:61658 - R:localhost/127.0.0.1:52956]
21:10:58.962 [AsyncHttpClient-1-16] DEBUG org.asynchttpclient.netty.handler.HttpHandler - Channel Closed: [id: 0xed0feda4, L:/127.0.0.1:61658 ! R:localhost/127.0.0.1:52956] with attribute DISCARD
]]></system-out>
    <system-err><![CDATA[Starting ChromeDriver 106.0.5249.61 (511755355844955cd3e264779baf0dd38212a4d0-refs/branch-heads/5249@{#569}) on port 52956
Only local connections are allowed.
Please see https://chromedriver.chromium.org/security-considerations for suggestions on keeping ChromeDriver safe.
ChromeDriver was started successfully.
[1667916655.738][WARNING]: This version of ChromeDriver has not been tested with Chrome version 107.
Nov 08, 2022 9:10:55 PM org.openqa.selenium.remote.ProtocolHandshake createSession
INFO: Detected dialect: W3C
Nov 08, 2022 9:10:55 PM org.openqa.selenium.devtools.CdpVersionFinder findNearestMatch
WARNING: Unable to find an exact match for CDP version 107, so returning the closest version found: a no-op implementation
Nov 08, 2022 9:10:55 PM org.openqa.selenium.devtools.CdpVersionFinder findNearestMatch
INFO: Unable to find CDP implementation matching 107.
Nov 08, 2022 9:10:55 PM org.openqa.selenium.chromium.ChromiumDriver lambda$new$3
WARNING: Unable to find version of CDP to use for . You may need to include a dependency on a specific version of the CDP using something similar to `org.seleniumhq.selenium:selenium-devtools-v86:4.1.2` where the version ("v86") matches the version of the chromium-based browser you're using and the version number of the artifact is the same as Selenium's.
]]></system-err>
  </testcase>
  <testcase name="Login with null email and invalid password" classname="Login" time="3.937">
    <system-out><![CDATA[
@Login
Scenario: Login with null email and invalid password &amp#27;[90m# src/test/resources/features/login.feature:63&amp#27;[0m
21:10:58.997 [main] INFO io.cucumber.core.plugin.SerenityReporter - Running feature from file:///D:/miniproject/webtesting/src/test/resources/features/login.feature
21:10:59.000 [main] INFO  - 
  _____   ___   ___   _____     ___   _____     _     ___   _____   ___   ___  
 |_   _| | __| / __| |_   _|   / __| |_   _|   /_\   | _ \ |_   _| | __| |   \ 
   | |   | _|  \__ \   | |     \__ \   | |    / _ \  |   /   | |   | _|  | |) |
   |_|   |___| |___/   |_|     |___/   |_|   /_/ \_\ |_|_\   |_|   |___| |___/ 

Login with null email and invalid password(login;login-with-null-email-and-invalid-password)
--------------------------------------------------------------------------------
21:10:59.015 [main] INFO net.serenitybdd.core.webdriver.driverproviders.ChromeDriverProvider - Using automatically driver download
21:10:59.120 [main] DEBUG io.github.bonigarcia.wdm.cache.ResolutionCache - Resolution chrome=107 in cache (valid until 22:09:52 08/11/2022 ICT)
21:10:59.124 [main] DEBUG io.github.bonigarcia.wdm.cache.ResolutionCache - Resolution chrome107=107.0.5304.62 in cache (valid until 21:09:52 09/11/2022 ICT)
21:10:59.124 [main] INFO io.github.bonigarcia.wdm.WebDriverManager - Using chromedriver 107.0.5304.62 (resolved driver for Chrome 107)
21:10:59.132 [main] DEBUG io.github.bonigarcia.wdm.WebDriverManager - Driver chromedriver 107.0.5304.62 found in cache
21:10:59.133 [main] INFO io.github.bonigarcia.wdm.WebDriverManager - Exporting webdriver.chrome.driver as C:\Users\Yusuf Efendi\.cache\selenium\chromedriver\win32\107.0.5304.62\chromedriver.exe
21:10:59.218 [main] DEBUG net.serenitybdd.core.webdriver.driverproviders.ProvideNewDriver - Instantiating driver
21:10:59.218 [main] DEBUG net.serenitybdd.core.webdriver.driverproviders.ProvideNewDriver - Driver capabilities: Capabilities {acceptInsecureCerts: false, base.url: https://alta-shop.vercel.app, browserName: chrome, chrome.driver: src/test/resources/webdrive..., driver: chrome, goog:chromeOptions: {args: [], extensions: []}, wait.for.timeout: 7000}
21:10:59.295 [AsyncHttpClient-1-3] DEBUG org.asynchttpclient.netty.channel.NettyConnectListener - Using new Channel '[id: 0xb675cf04, L:/127.0.0.1:61681 - R:localhost/127.0.0.1:58266]' for 'POST' to '/session'
21:10:59.526 [AsyncHttpClient-1-1] DEBUG org.asynchttpclient.netty.channel.DefaultChannelPool - Entry count for : http://localhost:52956 : 1
21:10:59.527 [AsyncHttpClient-1-1] DEBUG org.asynchttpclient.netty.channel.DefaultChannelPool - Entry count for : http://localhost:61659 : 1
21:10:59.527 [AsyncHttpClient-1-1] DEBUG org.asynchttpclient.netty.channel.DefaultChannelPool - Adding Candidate expired Channel [id: 0xed0feda4, L:/127.0.0.1:61658 ! R:localhost/127.0.0.1:52956] isIdleTimeoutExpired=false isRemotelyClosed=true isTtlExpired=false
21:10:59.528 [AsyncHttpClient-1-1] DEBUG org.asynchttpclient.netty.channel.DefaultChannelPool - Closing Idle Channel [id: 0xed0feda4, L:/127.0.0.1:61658 ! R:localhost/127.0.0.1:52956]
21:10:59.528 [AsyncHttpClient-1-1] DEBUG org.asynchttpclient.netty.channel.DefaultChannelPool - Adding Candidate expired Channel [id: 0x9e031f8a, L:/127.0.0.1:61665 ! R:localhost/127.0.0.1:61659] isIdleTimeoutExpired=false isRemotelyClosed=true isTtlExpired=false
21:10:59.528 [AsyncHttpClient-1-1] DEBUG org.asynchttpclient.netty.channel.DefaultChannelPool - Closing Idle Channel [id: 0x9e031f8a, L:/127.0.0.1:61665 ! R:localhost/127.0.0.1:61659]
21:10:59.528 [AsyncHttpClient-1-1] DEBUG org.asynchttpclient.netty.channel.DefaultChannelPool - Closed 2 connections out of 2 in 1 ms
21:10:59.847 [AsyncHttpClient-1-3] DEBUG org.asynchttpclient.netty.handler.HttpHandler - 

Request DefaultHttpRequest(decodeResult: success, version: HTTP/1.1)
POST /session HTTP/1.1
User-Agent: selenium/4.1.2 (java windows)
Content-Length: 639
Content-Type: application/json; charset=utf-8
host: localhost:58266
accept: */*

Response DefaultHttpResponse(decodeResult: success, version: HTTP/1.1)
HTTP/1.1 200 OK
Content-Type: application/json; charset=utf-8
cache-control: no-cache
content-length: 792

21:10:59.847 [AsyncHttpClient-1-3] DEBUG org.asynchttpclient.netty.channel.ChannelManager - Adding key: http://localhost:58266 for channel [id: 0xb675cf04, L:/127.0.0.1:61681 - R:localhost/127.0.0.1:58266]
21:10:59.854 [AsyncHttpClient-1-4] DEBUG org.asynchttpclient.netty.channel.NettyConnectListener - Using new Channel '[id: 0x5824e814, L:/127.0.0.1:61688 - R:localhost/127.0.0.1:61682]' for 'GET' to '/json/version'
21:10:59.854 [AsyncHttpClient-1-4] DEBUG org.asynchttpclient.netty.handler.HttpHandler - 

Request DefaultFullHttpRequest(decodeResult: success, version: HTTP/1.1, content: EmptyByteBufBE)
GET /json/version HTTP/1.1
User-Agent: selenium/4.1.2 (java windows)
host: localhost:61682
accept: */*

Response DefaultHttpResponse(decodeResult: success, version: HTTP/1.1)
HTTP/1.1 200 OK
Content-Type: application/json; charset=UTF-8
content-length: 423

21:10:59.854 [AsyncHttpClient-1-4] DEBUG org.asynchttpclient.netty.channel.ChannelManager - Adding key: http://localhost:61682 for channel [id: 0x5824e814, L:/127.0.0.1:61688 - R:localhost/127.0.0.1:61682]
21:10:59.856 [AsyncHttpClient-1-5] DEBUG org.asynchttpclient.netty.channel.NettyConnectListener - Using new Channel '[id: 0x5e254c04, L:/127.0.0.1:61689 - R:localhost/127.0.0.1:61682]' for 'GET' to '/devtools/browser/d7a1b280-acfd-4fd1-bc0a-f2fc7843c292'
21:10:59.857 [AsyncHttpClient-1-5] DEBUG org.asynchttpclient.netty.handler.WebSocketHandler - 

Request DefaultFullHttpRequest(decodeResult: success, version: HTTP/1.1, content: EmptyByteBufBE)
GET /devtools/browser/d7a1b280-acfd-4fd1-bc0a-f2fc7843c292 HTTP/1.1
upgrade: websocket
connection: upgrade
sec-websocket-key: J2JqYtj4Z8T3DRtTZGHnXA==
sec-websocket-version: 13
origin: http://localhost:61682
host: localhost:61682
accept: */*
user-agent: AHC/2.1

Response DefaultHttpResponse(decodeResult: success, version: HTTP/1.1)
HTTP/1.1 101 WebSocket Protocol Handshake
Upgrade: WebSocket
Connection: Upgrade
Sec-WebSocket-Accept: 1vuyRn1OiVG4sJqb6ZhVg8/0g+c=

21:10:59.860 [Forwarding get on session 65bcb51eb9fec80d2a30b9b91e058a77 to remote] DEBUG org.asynchttpclient.netty.request.NettyRequestSender - Using pooled Channel '[id: 0xb675cf04, L:/127.0.0.1:61681 - R:localhost/127.0.0.1:58266]' for 'POST' to 'http://localhost:58266/session/65bcb51eb9fec80d2a30b9b91e058a77/url'
21:10:59.860 [Forwarding get on session 65bcb51eb9fec80d2a30b9b91e058a77 to remote] DEBUG org.asynchttpclient.netty.request.NettyRequestSender - Using open Channel [id: 0xb675cf04, L:/127.0.0.1:61681 - R:localhost/127.0.0.1:58266] for POST '/session/65bcb51eb9fec80d2a30b9b91e058a77/url'
21:11:00.475 [AsyncHttpClient-1-3] DEBUG org.asynchttpclient.netty.handler.HttpHandler - 

Request DefaultHttpRequest(decodeResult: success, version: HTTP/1.1)
POST /session/65bcb51eb9fec80d2a30b9b91e058a77/url HTTP/1.1
User-Agent: selenium/4.1.2 (java windows)
Content-Length: 74
Content-Type: application/json; charset=utf-8
host: localhost:58266
accept: */*

Response DefaultHttpResponse(decodeResult: success, version: HTTP/1.1)
HTTP/1.1 200 OK
Content-Type: application/json; charset=utf-8
cache-control: no-cache
content-length: 14

21:11:00.476 [AsyncHttpClient-1-3] DEBUG org.asynchttpclient.netty.channel.ChannelManager - Adding key: http://localhost:58266 for channel [id: 0xb675cf04, L:/127.0.0.1:61681 - R:localhost/127.0.0.1:58266]
21:11:00.478 [Forwarding setTimeout on session 65bcb51eb9fec80d2a30b9b91e058a77 to remote] DEBUG org.asynchttpclient.netty.request.NettyRequestSender - Using pooled Channel '[id: 0xb675cf04, L:/127.0.0.1:61681 - R:localhost/127.0.0.1:58266]' for 'POST' to 'http://localhost:58266/session/65bcb51eb9fec80d2a30b9b91e058a77/timeouts'
21:11:00.478 [Forwarding setTimeout on session 65bcb51eb9fec80d2a30b9b91e058a77 to remote] DEBUG org.asynchttpclient.netty.request.NettyRequestSender - Using open Channel [id: 0xb675cf04, L:/127.0.0.1:61681 - R:localhost/127.0.0.1:58266] for POST '/session/65bcb51eb9fec80d2a30b9b91e058a77/timeouts'
21:11:00.479 [AsyncHttpClient-1-3] DEBUG org.asynchttpclient.netty.handler.HttpHandler - 

Request DefaultHttpRequest(decodeResult: success, version: HTTP/1.1)
POST /session/65bcb51eb9fec80d2a30b9b91e058a77/timeouts HTTP/1.1
User-Agent: selenium/4.1.2 (java windows)
Content-Length: 22
Content-Type: application/json; charset=utf-8
host: localhost:58266
accept: */*

Response DefaultHttpResponse(decodeResult: success, version: HTTP/1.1)
HTTP/1.1 200 OK
Content-Type: application/json; charset=utf-8
cache-control: no-cache
content-length: 14

21:11:00.479 [AsyncHttpClient-1-3] DEBUG org.asynchttpclient.netty.channel.ChannelManager - Adding key: http://localhost:58266 for channel [id: 0xb675cf04, L:/127.0.0.1:61681 - R:localhost/127.0.0.1:58266]
21:11:00.483 [Forwarding getCurrentUrl on session 65bcb51eb9fec80d2a30b9b91e058a77 to remote] DEBUG org.asynchttpclient.netty.request.NettyRequestSender - Using pooled Channel '[id: 0xb675cf04, L:/127.0.0.1:61681 - R:localhost/127.0.0.1:58266]' for 'GET' to 'http://localhost:58266/session/65bcb51eb9fec80d2a30b9b91e058a77/url'
21:11:00.483 [Forwarding getCurrentUrl on session 65bcb51eb9fec80d2a30b9b91e058a77 to remote] DEBUG org.asynchttpclient.netty.request.NettyRequestSender - Using open Channel [id: 0xb675cf04, L:/127.0.0.1:61681 - R:localhost/127.0.0.1:58266] for GET '/session/65bcb51eb9fec80d2a30b9b91e058a77/url'
21:11:00.490 [AsyncHttpClient-1-3] DEBUG org.asynchttpclient.netty.handler.HttpHandler - 

Request DefaultFullHttpRequest(decodeResult: success, version: HTTP/1.1, content: EmptyByteBufBE)
GET /session/65bcb51eb9fec80d2a30b9b91e058a77/url HTTP/1.1
User-Agent: selenium/4.1.2 (java windows)
Cache-Control: no-cache
Content-Type: application/json; charset=utf-8
host: localhost:58266
accept: */*

Response DefaultHttpResponse(decodeResult: success, version: HTTP/1.1)
HTTP/1.1 200 OK
Content-Type: application/json; charset=utf-8
cache-control: no-cache
content-length: 51

21:11:00.490 [AsyncHttpClient-1-3] DEBUG org.asynchttpclient.netty.channel.ChannelManager - Adding key: http://localhost:58266 for channel [id: 0xb675cf04, L:/127.0.0.1:61681 - R:localhost/127.0.0.1:58266]
  &amp#27;[32mGiven &amp#27;[0m&amp#27;[32mI am on the login page&amp#27;[0m                       &amp#27;[90m# starter.stepdefinitions.LoginStep.iAmOnTheLoginPage()&amp#27;[0m
21:11:00.497 [Forwarding screenshot on session 65bcb51eb9fec80d2a30b9b91e058a77 to remote] DEBUG org.asynchttpclient.netty.request.NettyRequestSender - Using pooled Channel '[id: 0xb675cf04, L:/127.0.0.1:61681 - R:localhost/127.0.0.1:58266]' for 'GET' to 'http://localhost:58266/session/65bcb51eb9fec80d2a30b9b91e058a77/screenshot'
21:11:00.497 [Forwarding screenshot on session 65bcb51eb9fec80d2a30b9b91e058a77 to remote] DEBUG org.asynchttpclient.netty.request.NettyRequestSender - Using open Channel [id: 0xb675cf04, L:/127.0.0.1:61681 - R:localhost/127.0.0.1:58266] for GET '/session/65bcb51eb9fec80d2a30b9b91e058a77/screenshot'
21:11:00.619 [AsyncHttpClient-1-1] DEBUG org.asynchttpclient.netty.channel.DefaultChannelPool - Entry count for : http://localhost:61682 : 1
21:11:00.738 [AsyncHttpClient-1-3] DEBUG org.asynchttpclient.netty.handler.HttpHandler - 

Request DefaultFullHttpRequest(decodeResult: success, version: HTTP/1.1, content: EmptyByteBufBE)
GET /session/65bcb51eb9fec80d2a30b9b91e058a77/screenshot HTTP/1.1
User-Agent: selenium/4.1.2 (java windows)
Cache-Control: no-cache
Content-Type: application/json; charset=utf-8
host: localhost:58266
accept: */*

Response DefaultHttpResponse(decodeResult: success, version: HTTP/1.1)
HTTP/1.1 200 OK
Content-Type: application/json; charset=utf-8
cache-control: no-cache
content-length: 22956

21:11:00.738 [AsyncHttpClient-1-3] DEBUG org.asynchttpclient.netty.channel.ChannelManager - Adding key: http://localhost:58266 for channel [id: 0xb675cf04, L:/127.0.0.1:61681 - R:localhost/127.0.0.1:58266]
21:11:00.739 [main] DEBUG net.serenitybdd.core.photography.Darkroom - Send negative for processing for target\site\serenity\aee116daef9f70687dbaee6bc527f5648618468770bbd8309c15c6b66fad3d98.png
21:11:00.745 [Forwarding findElement on session 65bcb51eb9fec80d2a30b9b91e058a77 to remote] DEBUG org.asynchttpclient.netty.request.NettyRequestSender - Using pooled Channel '[id: 0xb675cf04, L:/127.0.0.1:61681 - R:localhost/127.0.0.1:58266]' for 'POST' to 'http://localhost:58266/session/65bcb51eb9fec80d2a30b9b91e058a77/element'
21:11:00.745 [Forwarding findElement on session 65bcb51eb9fec80d2a30b9b91e058a77 to remote] DEBUG org.asynchttpclient.netty.request.NettyRequestSender - Using open Channel [id: 0xb675cf04, L:/127.0.0.1:61681 - R:localhost/127.0.0.1:58266] for POST '/session/65bcb51eb9fec80d2a30b9b91e058a77/element'
21:11:00.757 [AsyncHttpClient-1-3] DEBUG org.asynchttpclient.netty.handler.HttpHandler - 

Request DefaultHttpRequest(decodeResult: success, version: HTTP/1.1)
POST /session/65bcb51eb9fec80d2a30b9b91e058a77/element HTTP/1.1
User-Agent: selenium/4.1.2 (java windows)
Content-Length: 86
Content-Type: application/json; charset=utf-8
host: localhost:58266
accept: */*

Response DefaultHttpResponse(decodeResult: success, version: HTTP/1.1)
HTTP/1.1 200 OK
Content-Type: application/json; charset=utf-8
cache-control: no-cache
content-length: 88

21:11:00.757 [AsyncHttpClient-1-3] DEBUG org.asynchttpclient.netty.channel.ChannelManager - Adding key: http://localhost:58266 for channel [id: 0xb675cf04, L:/127.0.0.1:61681 - R:localhost/127.0.0.1:58266]
21:11:00.759 [Forwarding clearElement on session 65bcb51eb9fec80d2a30b9b91e058a77 to remote] DEBUG org.asynchttpclient.netty.request.NettyRequestSender - Using pooled Channel '[id: 0xb675cf04, L:/127.0.0.1:61681 - R:localhost/127.0.0.1:58266]' for 'POST' to 'http://localhost:58266/session/65bcb51eb9fec80d2a30b9b91e058a77/element/b9984a02-8a12-4727-aa8b-970b6dcf4202/clear'
21:11:00.759 [Forwarding clearElement on session 65bcb51eb9fec80d2a30b9b91e058a77 to remote] DEBUG org.asynchttpclient.netty.request.NettyRequestSender - Using open Channel [id: 0xb675cf04, L:/127.0.0.1:61681 - R:localhost/127.0.0.1:58266] for POST '/session/65bcb51eb9fec80d2a30b9b91e058a77/element/b9984a02-8a12-4727-aa8b-970b6dcf4202/clear'
21:11:00.792 [AsyncHttpClient-1-3] DEBUG org.asynchttpclient.netty.handler.HttpHandler - 

Request DefaultHttpRequest(decodeResult: success, version: HTTP/1.1)
POST /session/65bcb51eb9fec80d2a30b9b91e058a77/element/b9984a02-8a12-4727-aa8b-970b6dcf4202/clear HTTP/1.1
User-Agent: selenium/4.1.2 (java windows)
Content-Length: 50
Content-Type: application/json; charset=utf-8
host: localhost:58266
accept: */*

Response DefaultHttpResponse(decodeResult: success, version: HTTP/1.1)
HTTP/1.1 200 OK
Content-Type: application/json; charset=utf-8
cache-control: no-cache
content-length: 14

21:11:00.792 [AsyncHttpClient-1-3] DEBUG org.asynchttpclient.netty.channel.ChannelManager - Adding key: http://localhost:58266 for channel [id: 0xb675cf04, L:/127.0.0.1:61681 - R:localhost/127.0.0.1:58266]
21:11:00.794 [Forwarding sendKeysToElement on session 65bcb51eb9fec80d2a30b9b91e058a77 to remote] DEBUG org.asynchttpclient.netty.request.NettyRequestSender - Using pooled Channel '[id: 0xb675cf04, L:/127.0.0.1:61681 - R:localhost/127.0.0.1:58266]' for 'POST' to 'http://localhost:58266/session/65bcb51eb9fec80d2a30b9b91e058a77/element/b9984a02-8a12-4727-aa8b-970b6dcf4202/value'
21:11:00.794 [Forwarding sendKeysToElement on session 65bcb51eb9fec80d2a30b9b91e058a77 to remote] DEBUG org.asynchttpclient.netty.request.NettyRequestSender - Using open Channel [id: 0xb675cf04, L:/127.0.0.1:61681 - R:localhost/127.0.0.1:58266] for POST '/session/65bcb51eb9fec80d2a30b9b91e058a77/element/b9984a02-8a12-4727-aa8b-970b6dcf4202/value'
21:11:00.835 [AsyncHttpClient-1-3] DEBUG org.asynchttpclient.netty.handler.HttpHandler - 

Request DefaultHttpRequest(decodeResult: success, version: HTTP/1.1)
POST /session/65bcb51eb9fec80d2a30b9b91e058a77/element/b9984a02-8a12-4727-aa8b-970b6dcf4202/value HTTP/1.1
User-Agent: selenium/4.1.2 (java windows)
Content-Length: 82
Content-Type: application/json; charset=utf-8
host: localhost:58266
accept: */*

Response DefaultHttpResponse(decodeResult: success, version: HTTP/1.1)
HTTP/1.1 200 OK
Content-Type: application/json; charset=utf-8
cache-control: no-cache
content-length: 14

21:11:00.835 [AsyncHttpClient-1-3] DEBUG org.asynchttpclient.netty.channel.ChannelManager - Adding key: http://localhost:58266 for channel [id: 0xb675cf04, L:/127.0.0.1:61681 - R:localhost/127.0.0.1:58266]
  &amp#27;[32mWhen &amp#27;[0m&amp#27;[32mI input null email&amp#27;[0m                            &amp#27;[90m# starter.stepdefinitions.LoginStep.iInputNullEmail()&amp#27;[0m
21:11:00.841 [Forwarding screenshot on session 65bcb51eb9fec80d2a30b9b91e058a77 to remote] DEBUG org.asynchttpclient.netty.request.NettyRequestSender - Using pooled Channel '[id: 0xb675cf04, L:/127.0.0.1:61681 - R:localhost/127.0.0.1:58266]' for 'GET' to 'http://localhost:58266/session/65bcb51eb9fec80d2a30b9b91e058a77/screenshot'
21:11:00.841 [Forwarding screenshot on session 65bcb51eb9fec80d2a30b9b91e058a77 to remote] DEBUG org.asynchttpclient.netty.request.NettyRequestSender - Using open Channel [id: 0xb675cf04, L:/127.0.0.1:61681 - R:localhost/127.0.0.1:58266] for GET '/session/65bcb51eb9fec80d2a30b9b91e058a77/screenshot'
21:11:00.933 [AsyncHttpClient-1-3] DEBUG org.asynchttpclient.netty.handler.HttpHandler - 

Request DefaultFullHttpRequest(decodeResult: success, version: HTTP/1.1, content: EmptyByteBufBE)
GET /session/65bcb51eb9fec80d2a30b9b91e058a77/screenshot HTTP/1.1
User-Agent: selenium/4.1.2 (java windows)
Cache-Control: no-cache
Content-Type: application/json; charset=utf-8
host: localhost:58266
accept: */*

Response DefaultHttpResponse(decodeResult: success, version: HTTP/1.1)
HTTP/1.1 200 OK
Content-Type: application/json; charset=utf-8
cache-control: no-cache
content-length: 23244

21:11:00.933 [AsyncHttpClient-1-3] DEBUG org.asynchttpclient.netty.channel.ChannelManager - Adding key: http://localhost:58266 for channel [id: 0xb675cf04, L:/127.0.0.1:61681 - R:localhost/127.0.0.1:58266]
21:11:00.934 [main] DEBUG net.serenitybdd.core.photography.Darkroom - Send negative for processing for target\site\serenity\c984ab72d336779384d4273cea471eff84d7b38f4ef51a0ed44ceb0854e3da37.png
21:11:00.935 [Darkroom Processing Line] DEBUG net.serenitybdd.core.photography.DarkroomProcessingLine - Processing screenshot image in /var/screenshots/screenshot-9495803508084307822
21:11:00.935 [Darkroom Processing Line] DEBUG net.serenitybdd.core.photography.DarkroomProcessingLine - Saving screenshot to target\site\serenity\c984ab72d336779384d4273cea471eff84d7b38f4ef51a0ed44ceb0854e3da37.png
21:11:00.940 [Forwarding findElement on session 65bcb51eb9fec80d2a30b9b91e058a77 to remote] DEBUG org.asynchttpclient.netty.request.NettyRequestSender - Using pooled Channel '[id: 0xb675cf04, L:/127.0.0.1:61681 - R:localhost/127.0.0.1:58266]' for 'POST' to 'http://localhost:58266/session/65bcb51eb9fec80d2a30b9b91e058a77/element'
21:11:00.940 [Forwarding findElement on session 65bcb51eb9fec80d2a30b9b91e058a77 to remote] DEBUG org.asynchttpclient.netty.request.NettyRequestSender - Using open Channel [id: 0xb675cf04, L:/127.0.0.1:61681 - R:localhost/127.0.0.1:58266] for POST '/session/65bcb51eb9fec80d2a30b9b91e058a77/element'
21:11:00.951 [AsyncHttpClient-1-3] DEBUG org.asynchttpclient.netty.handler.HttpHandler - 

Request DefaultHttpRequest(decodeResult: success, version: HTTP/1.1)
POST /session/65bcb51eb9fec80d2a30b9b91e058a77/element HTTP/1.1
User-Agent: selenium/4.1.2 (java windows)
Content-Length: 89
Content-Type: application/json; charset=utf-8
host: localhost:58266
accept: */*

Response DefaultHttpResponse(decodeResult: success, version: HTTP/1.1)
HTTP/1.1 200 OK
Content-Type: application/json; charset=utf-8
cache-control: no-cache
content-length: 88

21:11:00.951 [AsyncHttpClient-1-3] DEBUG org.asynchttpclient.netty.channel.ChannelManager - Adding key: http://localhost:58266 for channel [id: 0xb675cf04, L:/127.0.0.1:61681 - R:localhost/127.0.0.1:58266]
21:11:00.954 [Forwarding clearElement on session 65bcb51eb9fec80d2a30b9b91e058a77 to remote] DEBUG org.asynchttpclient.netty.request.NettyRequestSender - Using pooled Channel '[id: 0xb675cf04, L:/127.0.0.1:61681 - R:localhost/127.0.0.1:58266]' for 'POST' to 'http://localhost:58266/session/65bcb51eb9fec80d2a30b9b91e058a77/element/8d9d6c9c-0862-4cbb-b48b-2103eb7af04a/clear'
21:11:00.954 [Forwarding clearElement on session 65bcb51eb9fec80d2a30b9b91e058a77 to remote] DEBUG org.asynchttpclient.netty.request.NettyRequestSender - Using open Channel [id: 0xb675cf04, L:/127.0.0.1:61681 - R:localhost/127.0.0.1:58266] for POST '/session/65bcb51eb9fec80d2a30b9b91e058a77/element/8d9d6c9c-0862-4cbb-b48b-2103eb7af04a/clear'
21:11:00.984 [AsyncHttpClient-1-3] DEBUG org.asynchttpclient.netty.handler.HttpHandler - 

Request DefaultHttpRequest(decodeResult: success, version: HTTP/1.1)
POST /session/65bcb51eb9fec80d2a30b9b91e058a77/element/8d9d6c9c-0862-4cbb-b48b-2103eb7af04a/clear HTTP/1.1
User-Agent: selenium/4.1.2 (java windows)
Content-Length: 50
Content-Type: application/json; charset=utf-8
host: localhost:58266
accept: */*

Response DefaultHttpResponse(decodeResult: success, version: HTTP/1.1)
HTTP/1.1 200 OK
Content-Type: application/json; charset=utf-8
cache-control: no-cache
content-length: 14

21:11:00.984 [AsyncHttpClient-1-3] DEBUG org.asynchttpclient.netty.channel.ChannelManager - Adding key: http://localhost:58266 for channel [id: 0xb675cf04, L:/127.0.0.1:61681 - R:localhost/127.0.0.1:58266]
21:11:00.985 [Forwarding sendKeysToElement on session 65bcb51eb9fec80d2a30b9b91e058a77 to remote] DEBUG org.asynchttpclient.netty.request.NettyRequestSender - Using pooled Channel '[id: 0xb675cf04, L:/127.0.0.1:61681 - R:localhost/127.0.0.1:58266]' for 'POST' to 'http://localhost:58266/session/65bcb51eb9fec80d2a30b9b91e058a77/element/8d9d6c9c-0862-4cbb-b48b-2103eb7af04a/value'
21:11:00.986 [Forwarding sendKeysToElement on session 65bcb51eb9fec80d2a30b9b91e058a77 to remote] DEBUG org.asynchttpclient.netty.request.NettyRequestSender - Using open Channel [id: 0xb675cf04, L:/127.0.0.1:61681 - R:localhost/127.0.0.1:58266] for POST '/session/65bcb51eb9fec80d2a30b9b91e058a77/element/8d9d6c9c-0862-4cbb-b48b-2103eb7af04a/value'
21:11:01.066 [AsyncHttpClient-1-3] DEBUG org.asynchttpclient.netty.handler.HttpHandler - 

Request DefaultHttpRequest(decodeResult: success, version: HTTP/1.1)
POST /session/65bcb51eb9fec80d2a30b9b91e058a77/element/8d9d6c9c-0862-4cbb-b48b-2103eb7af04a/value HTTP/1.1
User-Agent: selenium/4.1.2 (java windows)
Content-Length: 181
Content-Type: application/json; charset=utf-8
host: localhost:58266
accept: */*

Response DefaultHttpResponse(decodeResult: success, version: HTTP/1.1)
HTTP/1.1 200 OK
Content-Type: application/json; charset=utf-8
cache-control: no-cache
content-length: 14

21:11:01.066 [AsyncHttpClient-1-3] DEBUG org.asynchttpclient.netty.channel.ChannelManager - Adding key: http://localhost:58266 for channel [id: 0xb675cf04, L:/127.0.0.1:61681 - R:localhost/127.0.0.1:58266]
  &amp#27;[32mAnd &amp#27;[0m&amp#27;[32mI input invalid password&amp#27;[0m                       &amp#27;[90m# starter.stepdefinitions.LoginStep.iInputInvalidPassword()&amp#27;[0m
21:11:01.073 [Forwarding screenshot on session 65bcb51eb9fec80d2a30b9b91e058a77 to remote] DEBUG org.asynchttpclient.netty.request.NettyRequestSender - Using pooled Channel '[id: 0xb675cf04, L:/127.0.0.1:61681 - R:localhost/127.0.0.1:58266]' for 'GET' to 'http://localhost:58266/session/65bcb51eb9fec80d2a30b9b91e058a77/screenshot'
21:11:01.073 [Forwarding screenshot on session 65bcb51eb9fec80d2a30b9b91e058a77 to remote] DEBUG org.asynchttpclient.netty.request.NettyRequestSender - Using open Channel [id: 0xb675cf04, L:/127.0.0.1:61681 - R:localhost/127.0.0.1:58266] for GET '/session/65bcb51eb9fec80d2a30b9b91e058a77/screenshot'
21:11:01.188 [AsyncHttpClient-1-3] DEBUG org.asynchttpclient.netty.handler.HttpHandler - 

Request DefaultFullHttpRequest(decodeResult: success, version: HTTP/1.1, content: EmptyByteBufBE)
GET /session/65bcb51eb9fec80d2a30b9b91e058a77/screenshot HTTP/1.1
User-Agent: selenium/4.1.2 (java windows)
Cache-Control: no-cache
Content-Type: application/json; charset=utf-8
host: localhost:58266
accept: */*

Response DefaultHttpResponse(decodeResult: success, version: HTTP/1.1)
HTTP/1.1 200 OK
Content-Type: application/json; charset=utf-8
cache-control: no-cache
content-length: 24832

21:11:01.188 [AsyncHttpClient-1-3] DEBUG org.asynchttpclient.netty.channel.ChannelManager - Adding key: http://localhost:58266 for channel [id: 0xb675cf04, L:/127.0.0.1:61681 - R:localhost/127.0.0.1:58266]
21:11:01.189 [main] DEBUG net.serenitybdd.core.photography.Darkroom - Send negative for processing for target\site\serenity\f882b98826f0d7cb33ff0ab62dab372f08e53c6ad41f295e344d106437596172.png
21:11:01.189 [Darkroom Processing Line] DEBUG net.serenitybdd.core.photography.DarkroomProcessingLine - Processing screenshot image in /var/screenshots/screenshot-9699986178952853874
21:11:01.189 [Darkroom Processing Line] DEBUG net.serenitybdd.core.photography.DarkroomProcessingLine - Saving screenshot to target\site\serenity\f882b98826f0d7cb33ff0ab62dab372f08e53c6ad41f295e344d106437596172.png
21:11:01.197 [Forwarding findElement on session 65bcb51eb9fec80d2a30b9b91e058a77 to remote] DEBUG org.asynchttpclient.netty.request.NettyRequestSender - Using pooled Channel '[id: 0xb675cf04, L:/127.0.0.1:61681 - R:localhost/127.0.0.1:58266]' for 'POST' to 'http://localhost:58266/session/65bcb51eb9fec80d2a30b9b91e058a77/element'
21:11:01.197 [Forwarding findElement on session 65bcb51eb9fec80d2a30b9b91e058a77 to remote] DEBUG org.asynchttpclient.netty.request.NettyRequestSender - Using open Channel [id: 0xb675cf04, L:/127.0.0.1:61681 - R:localhost/127.0.0.1:58266] for POST '/session/65bcb51eb9fec80d2a30b9b91e058a77/element'
21:11:01.208 [AsyncHttpClient-1-3] DEBUG org.asynchttpclient.netty.handler.HttpHandler - 

Request DefaultHttpRequest(decodeResult: success, version: HTTP/1.1)
POST /session/65bcb51eb9fec80d2a30b9b91e058a77/element HTTP/1.1
User-Agent: selenium/4.1.2 (java windows)
Content-Length: 83
Content-Type: application/json; charset=utf-8
host: localhost:58266
accept: */*

Response DefaultHttpResponse(decodeResult: success, version: HTTP/1.1)
HTTP/1.1 200 OK
Content-Type: application/json; charset=utf-8
cache-control: no-cache
content-length: 88

21:11:01.208 [AsyncHttpClient-1-3] DEBUG org.asynchttpclient.netty.channel.ChannelManager - Adding key: http://localhost:58266 for channel [id: 0xb675cf04, L:/127.0.0.1:61681 - R:localhost/127.0.0.1:58266]
21:11:01.209 [Forwarding getElementTagName on session 65bcb51eb9fec80d2a30b9b91e058a77 to remote] DEBUG org.asynchttpclient.netty.request.NettyRequestSender - Using pooled Channel '[id: 0xb675cf04, L:/127.0.0.1:61681 - R:localhost/127.0.0.1:58266]' for 'GET' to 'http://localhost:58266/session/65bcb51eb9fec80d2a30b9b91e058a77/element/c8478ca4-7d21-4b94-ae6e-49b057c52127/name'
21:11:01.209 [Forwarding getElementTagName on session 65bcb51eb9fec80d2a30b9b91e058a77 to remote] DEBUG org.asynchttpclient.netty.request.NettyRequestSender - Using open Channel [id: 0xb675cf04, L:/127.0.0.1:61681 - R:localhost/127.0.0.1:58266] for GET '/session/65bcb51eb9fec80d2a30b9b91e058a77/element/c8478ca4-7d21-4b94-ae6e-49b057c52127/name'
21:11:01.213 [AsyncHttpClient-1-3] DEBUG org.asynchttpclient.netty.handler.HttpHandler - 

Request DefaultFullHttpRequest(decodeResult: success, version: HTTP/1.1, content: EmptyByteBufBE)
GET /session/65bcb51eb9fec80d2a30b9b91e058a77/element/c8478ca4-7d21-4b94-ae6e-49b057c52127/name HTTP/1.1
User-Agent: selenium/4.1.2 (java windows)
Cache-Control: no-cache
Content-Type: application/json; charset=utf-8
host: localhost:58266
accept: */*

Response DefaultHttpResponse(decodeResult: success, version: HTTP/1.1)
HTTP/1.1 200 OK
Content-Type: application/json; charset=utf-8
cache-control: no-cache
content-length: 16

21:11:01.213 [AsyncHttpClient-1-3] DEBUG org.asynchttpclient.netty.channel.ChannelManager - Adding key: http://localhost:58266 for channel [id: 0xb675cf04, L:/127.0.0.1:61681 - R:localhost/127.0.0.1:58266]
21:11:01.215 [Forwarding getElementTagName on session 65bcb51eb9fec80d2a30b9b91e058a77 to remote] DEBUG org.asynchttpclient.netty.request.NettyRequestSender - Using pooled Channel '[id: 0xb675cf04, L:/127.0.0.1:61681 - R:localhost/127.0.0.1:58266]' for 'GET' to 'http://localhost:58266/session/65bcb51eb9fec80d2a30b9b91e058a77/element/c8478ca4-7d21-4b94-ae6e-49b057c52127/name'
21:11:01.215 [Forwarding getElementTagName on session 65bcb51eb9fec80d2a30b9b91e058a77 to remote] DEBUG org.asynchttpclient.netty.request.NettyRequestSender - Using open Channel [id: 0xb675cf04, L:/127.0.0.1:61681 - R:localhost/127.0.0.1:58266] for GET '/session/65bcb51eb9fec80d2a30b9b91e058a77/element/c8478ca4-7d21-4b94-ae6e-49b057c52127/name'
21:11:01.222 [AsyncHttpClient-1-3] DEBUG org.asynchttpclient.netty.handler.HttpHandler - 

Request DefaultFullHttpRequest(decodeResult: success, version: HTTP/1.1, content: EmptyByteBufBE)
GET /session/65bcb51eb9fec80d2a30b9b91e058a77/element/c8478ca4-7d21-4b94-ae6e-49b057c52127/name HTTP/1.1
User-Agent: selenium/4.1.2 (java windows)
Cache-Control: no-cache
Content-Type: application/json; charset=utf-8
host: localhost:58266
accept: */*

Response DefaultHttpResponse(decodeResult: success, version: HTTP/1.1)
HTTP/1.1 200 OK
Content-Type: application/json; charset=utf-8
cache-control: no-cache
content-length: 16

21:11:01.222 [AsyncHttpClient-1-3] DEBUG org.asynchttpclient.netty.channel.ChannelManager - Adding key: http://localhost:58266 for channel [id: 0xb675cf04, L:/127.0.0.1:61681 - R:localhost/127.0.0.1:58266]
21:11:01.224 [Forwarding findElement on session 65bcb51eb9fec80d2a30b9b91e058a77 to remote] DEBUG org.asynchttpclient.netty.request.NettyRequestSender - Using pooled Channel '[id: 0xb675cf04, L:/127.0.0.1:61681 - R:localhost/127.0.0.1:58266]' for 'POST' to 'http://localhost:58266/session/65bcb51eb9fec80d2a30b9b91e058a77/element'
21:11:01.224 [Forwarding findElement on session 65bcb51eb9fec80d2a30b9b91e058a77 to remote] DEBUG org.asynchttpclient.netty.request.NettyRequestSender - Using open Channel [id: 0xb675cf04, L:/127.0.0.1:61681 - R:localhost/127.0.0.1:58266] for POST '/session/65bcb51eb9fec80d2a30b9b91e058a77/element'
21:11:01.233 [AsyncHttpClient-1-3] DEBUG org.asynchttpclient.netty.handler.HttpHandler - 

Request DefaultHttpRequest(decodeResult: success, version: HTTP/1.1)
POST /session/65bcb51eb9fec80d2a30b9b91e058a77/element HTTP/1.1
User-Agent: selenium/4.1.2 (java windows)
Content-Length: 83
Content-Type: application/json; charset=utf-8
host: localhost:58266
accept: */*

Response DefaultHttpResponse(decodeResult: success, version: HTTP/1.1)
HTTP/1.1 200 OK
Content-Type: application/json; charset=utf-8
cache-control: no-cache
content-length: 88

21:11:01.233 [AsyncHttpClient-1-3] DEBUG org.asynchttpclient.netty.channel.ChannelManager - Adding key: http://localhost:58266 for channel [id: 0xb675cf04, L:/127.0.0.1:61681 - R:localhost/127.0.0.1:58266]
21:11:01.235 [Forwarding clickElement on session 65bcb51eb9fec80d2a30b9b91e058a77 to remote] DEBUG org.asynchttpclient.netty.request.NettyRequestSender - Using pooled Channel '[id: 0xb675cf04, L:/127.0.0.1:61681 - R:localhost/127.0.0.1:58266]' for 'POST' to 'http://localhost:58266/session/65bcb51eb9fec80d2a30b9b91e058a77/element/c8478ca4-7d21-4b94-ae6e-49b057c52127/click'
21:11:01.235 [Forwarding clickElement on session 65bcb51eb9fec80d2a30b9b91e058a77 to remote] DEBUG org.asynchttpclient.netty.request.NettyRequestSender - Using open Channel [id: 0xb675cf04, L:/127.0.0.1:61681 - R:localhost/127.0.0.1:58266] for POST '/session/65bcb51eb9fec80d2a30b9b91e058a77/element/c8478ca4-7d21-4b94-ae6e-49b057c52127/click'
21:11:01.290 [AsyncHttpClient-1-3] DEBUG org.asynchttpclient.netty.handler.HttpHandler - 

Request DefaultHttpRequest(decodeResult: success, version: HTTP/1.1)
POST /session/65bcb51eb9fec80d2a30b9b91e058a77/element/c8478ca4-7d21-4b94-ae6e-49b057c52127/click HTTP/1.1
User-Agent: selenium/4.1.2 (java windows)
Content-Length: 50
Content-Type: application/json; charset=utf-8
host: localhost:58266
accept: */*

Response DefaultHttpResponse(decodeResult: success, version: HTTP/1.1)
HTTP/1.1 200 OK
Content-Type: application/json; charset=utf-8
cache-control: no-cache
content-length: 14

21:11:01.290 [AsyncHttpClient-1-3] DEBUG org.asynchttpclient.netty.channel.ChannelManager - Adding key: http://localhost:58266 for channel [id: 0xb675cf04, L:/127.0.0.1:61681 - R:localhost/127.0.0.1:58266]
  &amp#27;[32mAnd &amp#27;[0m&amp#27;[32mI click login button&amp#27;[0m                           &amp#27;[90m# starter.stepdefinitions.LoginStep.iClickLoginButton()&amp#27;[0m
21:11:01.295 [Forwarding screenshot on session 65bcb51eb9fec80d2a30b9b91e058a77 to remote] DEBUG org.asynchttpclient.netty.request.NettyRequestSender - Using pooled Channel '[id: 0xb675cf04, L:/127.0.0.1:61681 - R:localhost/127.0.0.1:58266]' for 'GET' to 'http://localhost:58266/session/65bcb51eb9fec80d2a30b9b91e058a77/screenshot'
21:11:01.295 [Forwarding screenshot on session 65bcb51eb9fec80d2a30b9b91e058a77 to remote] DEBUG org.asynchttpclient.netty.request.NettyRequestSender - Using open Channel [id: 0xb675cf04, L:/127.0.0.1:61681 - R:localhost/127.0.0.1:58266] for GET '/session/65bcb51eb9fec80d2a30b9b91e058a77/screenshot'
21:11:01.411 [AsyncHttpClient-1-3] DEBUG org.asynchttpclient.netty.handler.HttpHandler - 

Request DefaultFullHttpRequest(decodeResult: success, version: HTTP/1.1, content: EmptyByteBufBE)
GET /session/65bcb51eb9fec80d2a30b9b91e058a77/screenshot HTTP/1.1
User-Agent: selenium/4.1.2 (java windows)
Cache-Control: no-cache
Content-Type: application/json; charset=utf-8
host: localhost:58266
accept: */*

Response DefaultHttpResponse(decodeResult: success, version: HTTP/1.1)
HTTP/1.1 200 OK
Content-Type: application/json; charset=utf-8
cache-control: no-cache
content-length: 24144

21:11:01.412 [AsyncHttpClient-1-3] DEBUG org.asynchttpclient.netty.channel.ChannelManager - Adding key: http://localhost:58266 for channel [id: 0xb675cf04, L:/127.0.0.1:61681 - R:localhost/127.0.0.1:58266]
21:11:01.413 [main] DEBUG net.serenitybdd.core.photography.Darkroom - Send negative for processing for target\site\serenity\4b77c64ddafe61c5c9a7e129483936332ce193ca2cedca38a4e66e82f87d6ee9.png
21:11:01.413 [Darkroom Processing Line] DEBUG net.serenitybdd.core.photography.DarkroomProcessingLine - Processing screenshot image in /var/screenshots/screenshot-4336571451716277694
21:11:01.413 [Darkroom Processing Line] DEBUG net.serenitybdd.core.photography.DarkroomProcessingLine - Saving screenshot to target\site\serenity\4b77c64ddafe61c5c9a7e129483936332ce193ca2cedca38a4e66e82f87d6ee9.png
21:11:01.420 [Forwarding findElement on session 65bcb51eb9fec80d2a30b9b91e058a77 to remote] DEBUG org.asynchttpclient.netty.request.NettyRequestSender - Using pooled Channel '[id: 0xb675cf04, L:/127.0.0.1:61681 - R:localhost/127.0.0.1:58266]' for 'POST' to 'http://localhost:58266/session/65bcb51eb9fec80d2a30b9b91e058a77/element'
21:11:01.420 [Forwarding findElement on session 65bcb51eb9fec80d2a30b9b91e058a77 to remote] DEBUG org.asynchttpclient.netty.request.NettyRequestSender - Using open Channel [id: 0xb675cf04, L:/127.0.0.1:61681 - R:localhost/127.0.0.1:58266] for POST '/session/65bcb51eb9fec80d2a30b9b91e058a77/element'
21:11:01.718 [AsyncHttpClient-1-1] DEBUG org.asynchttpclient.netty.channel.DefaultChannelPool - Entry count for : http://localhost:61682 : 1
21:11:02.635 [AsyncHttpClient-1-3] DEBUG org.asynchttpclient.netty.handler.HttpHandler - 

Request DefaultHttpRequest(decodeResult: success, version: HTTP/1.1)
POST /session/65bcb51eb9fec80d2a30b9b91e058a77/element HTTP/1.1
User-Agent: selenium/4.1.2 (java windows)
Content-Length: 84
Content-Type: application/json; charset=utf-8
host: localhost:58266
accept: */*

Response DefaultHttpResponse(decodeResult: success, version: HTTP/1.1)
HTTP/1.1 200 OK
Content-Type: application/json; charset=utf-8
cache-control: no-cache
content-length: 88

21:11:02.635 [AsyncHttpClient-1-3] DEBUG org.asynchttpclient.netty.channel.ChannelManager - Adding key: http://localhost:58266 for channel [id: 0xb675cf04, L:/127.0.0.1:61681 - R:localhost/127.0.0.1:58266]
21:11:02.638 [Forwarding isElementDisplayed on session 65bcb51eb9fec80d2a30b9b91e058a77 to remote] DEBUG org.asynchttpclient.netty.request.NettyRequestSender - Using pooled Channel '[id: 0xb675cf04, L:/127.0.0.1:61681 - R:localhost/127.0.0.1:58266]' for 'POST' to 'http://localhost:58266/session/65bcb51eb9fec80d2a30b9b91e058a77/execute/sync'
21:11:02.639 [Forwarding isElementDisplayed on session 65bcb51eb9fec80d2a30b9b91e058a77 to remote] DEBUG org.asynchttpclient.netty.request.NettyRequestSender - Using open Channel [id: 0xb675cf04, L:/127.0.0.1:61681 - R:localhost/127.0.0.1:58266] for POST '/session/65bcb51eb9fec80d2a30b9b91e058a77/execute/sync'
21:11:02.652 [AsyncHttpClient-1-3] DEBUG org.asynchttpclient.netty.handler.HttpHandler - 

Request DefaultHttpRequest(decodeResult: success, version: HTTP/1.1)
POST /session/65bcb51eb9fec80d2a30b9b91e058a77/execute/sync HTTP/1.1
User-Agent: selenium/4.1.2 (java windows)
Content-Length: 48780
Content-Type: application/json; charset=utf-8
host: localhost:58266
accept: */*

Response DefaultHttpResponse(decodeResult: success, version: HTTP/1.1)
HTTP/1.1 200 OK
Content-Type: application/json; charset=utf-8
cache-control: no-cache
content-length: 14

21:11:02.652 [AsyncHttpClient-1-3] DEBUG org.asynchttpclient.netty.channel.ChannelManager - Adding key: http://localhost:58266 for channel [id: 0xb675cf04, L:/127.0.0.1:61681 - R:localhost/127.0.0.1:58266]
  &amp#27;[32mThen &amp#27;[0m&amp#27;[32mI will get error message email is required&amp#27;[0m    &amp#27;[90m# starter.stepdefinitions.LoginStep.iWillGetErrorMessageEmailIsRequired()&amp#27;[0m
21:11:02.656 [Forwarding screenshot on session 65bcb51eb9fec80d2a30b9b91e058a77 to remote] DEBUG org.asynchttpclient.netty.request.NettyRequestSender - Using pooled Channel '[id: 0xb675cf04, L:/127.0.0.1:61681 - R:localhost/127.0.0.1:58266]' for 'GET' to 'http://localhost:58266/session/65bcb51eb9fec80d2a30b9b91e058a77/screenshot'
21:11:02.656 [Forwarding screenshot on session 65bcb51eb9fec80d2a30b9b91e058a77 to remote] DEBUG org.asynchttpclient.netty.request.NettyRequestSender - Using open Channel [id: 0xb675cf04, L:/127.0.0.1:61681 - R:localhost/127.0.0.1:58266] for GET '/session/65bcb51eb9fec80d2a30b9b91e058a77/screenshot'
21:11:02.775 [AsyncHttpClient-1-3] DEBUG org.asynchttpclient.netty.handler.HttpHandler - 

Request DefaultFullHttpRequest(decodeResult: success, version: HTTP/1.1, content: EmptyByteBufBE)
GET /session/65bcb51eb9fec80d2a30b9b91e058a77/screenshot HTTP/1.1
User-Agent: selenium/4.1.2 (java windows)
Cache-Control: no-cache
Content-Type: application/json; charset=utf-8
host: localhost:58266
accept: */*

Response DefaultHttpResponse(decodeResult: success, version: HTTP/1.1)
HTTP/1.1 200 OK
Content-Type: application/json; charset=utf-8
cache-control: no-cache
content-length: 27708

21:11:02.776 [AsyncHttpClient-1-3] DEBUG org.asynchttpclient.netty.channel.ChannelManager - Adding key: http://localhost:58266 for channel [id: 0xb675cf04, L:/127.0.0.1:61681 - R:localhost/127.0.0.1:58266]
21:11:02.778 [main] DEBUG net.serenitybdd.core.photography.Darkroom - Send negative for processing for target\site\serenity\9b662cb687da59cbf17e68983427f847fb32859ec5ca5d0e24dccb701d09dc99.png
21:11:02.778 [Darkroom Processing Line] DEBUG net.serenitybdd.core.photography.DarkroomProcessingLine - Processing screenshot image in /var/screenshots/screenshot-13103762399138105530
21:11:02.778 [Darkroom Processing Line] DEBUG net.serenitybdd.core.photography.DarkroomProcessingLine - Saving screenshot to target\site\serenity\9b662cb687da59cbf17e68983427f847fb32859ec5ca5d0e24dccb701d09dc99.png
21:11:02.778 [main] INFO  - 
  _____   ___   ___   _____     ___     _     ___   ___   ___   ___  
 |_   _| | __| / __| |_   _|   | _ \   /_\   / __| / __| | __| |   \ 
   | |   | _|  \__ \   | |     |  _/  / _ \  \__ \ \__ \ | _|  | |) |
   |_|   |___| |___/   |_|     |_|   /_/ \_\ |___/ |___/ |___| |___/ 

Login with null email and invalid password
----------------------------------------------------------------------
21:11:02.779 [AsyncHttpClient-1-5] DEBUG org.asynchttpclient.netty.handler.WebSocketHandler - Channel Closed: [id: 0x5e254c04, L:/127.0.0.1:61689 ! R:localhost/127.0.0.1:61682] with attribute NettyResponseFuture{currentRetry=5,
	isDone=1,
	isCancelled=0,
	asyncHandler=org.asynchttpclient.ws.WebSocketUpgradeHandler@2b16d9bc,
	nettyRequest=org.asynchttpclient.netty.request.NettyRequest@40d2b4a0,
	future=java.util.concurrent.CompletableFuture@2d661e1[Completed normally],
	uri=ws://localhost:61682/devtools/browser/d7a1b280-acfd-4fd1-bc0a-f2fc7843c292,
	keepAlive=true,
	redirectCount=0,
	timeoutsHolder=null,
	inAuth=0,
	touch=1667916659857}
21:11:02.779 [AsyncHttpClient-1-5] DEBUG org.asynchttpclient.netty.channel.ChannelManager - Closing Channel [id: 0x5e254c04, L:/127.0.0.1:61689 ! R:localhost/127.0.0.1:61682] 
21:11:02.779 [Driver Command Executor] DEBUG org.asynchttpclient.netty.request.NettyRequestSender - Using pooled Channel '[id: 0xb675cf04, L:/127.0.0.1:61681 - R:localhost/127.0.0.1:58266]' for 'DELETE' to 'http://localhost:58266/session/65bcb51eb9fec80d2a30b9b91e058a77'
21:11:02.779 [Driver Command Executor] DEBUG org.asynchttpclient.netty.request.NettyRequestSender - Using open Channel [id: 0xb675cf04, L:/127.0.0.1:61681 - R:localhost/127.0.0.1:58266] for DELETE '/session/65bcb51eb9fec80d2a30b9b91e058a77'
21:11:02.805 [AsyncHttpClient-1-4] DEBUG org.asynchttpclient.netty.handler.HttpHandler - Unexpected I/O exception on channel [id: 0x5824e814, L:/127.0.0.1:61688 - R:localhost/127.0.0.1:61682]
java.io.IOException: An existing connection was forcibly closed by the remote host
	at java.base/sun.nio.ch.SocketDispatcher.read0(Native Method)
	at java.base/sun.nio.ch.SocketDispatcher.read(SocketDispatcher.java:43)
	at java.base/sun.nio.ch.IOUtil.readIntoNativeBuffer(IOUtil.java:276)
	at java.base/sun.nio.ch.IOUtil.read(IOUtil.java:233)
	at java.base/sun.nio.ch.IOUtil.read(IOUtil.java:223)
	at java.base/sun.nio.ch.SocketChannelImpl.read(SocketChannelImpl.java:358)
	at io.netty.buffer.PooledByteBuf.setBytes(PooledByteBuf.java:258)
	at io.netty.buffer.AbstractByteBuf.writeBytes(AbstractByteBuf.java:1132)
	at io.netty.channel.socket.nio.NioSocketChannel.doReadBytes(NioSocketChannel.java:350)
	at io.netty.channel.nio.AbstractNioByteChannel$NioByteUnsafe.read(AbstractNioByteChannel.java:151)
	at io.netty.channel.nio.NioEventLoop.processSelectedKey(NioEventLoop.java:722)
	at io.netty.channel.nio.NioEventLoop.processSelectedKeysOptimized(NioEventLoop.java:658)
	at io.netty.channel.nio.NioEventLoop.processSelectedKeys(NioEventLoop.java:584)
	at io.netty.channel.nio.NioEventLoop.run(NioEventLoop.java:496)
	at io.netty.util.concurrent.SingleThreadEventExecutor$4.run(SingleThreadEventExecutor.java:986)
	at io.netty.util.internal.ThreadExecutorMap$2.run(ThreadExecutorMap.java:74)
	at io.netty.util.concurrent.FastThreadLocalRunnable.run(FastThreadLocalRunnable.java:30)
	at java.base/java.lang.Thread.run(Thread.java:834)
21:11:02.805 [AsyncHttpClient-1-4] DEBUG org.asynchttpclient.netty.channel.ChannelManager - Closing Channel [id: 0x5824e814, L:/127.0.0.1:61688 - R:localhost/127.0.0.1:61682] 
21:11:02.805 [AsyncHttpClient-1-4] DEBUG org.asynchttpclient.netty.handler.HttpHandler - Channel Closed: [id: 0x5824e814, L:/127.0.0.1:61688 ! R:localhost/127.0.0.1:61682] with attribute DISCARD
21:11:02.817 [AsyncHttpClient-1-1] DEBUG org.asynchttpclient.netty.channel.DefaultChannelPool - Entry count for : http://localhost:61682 : 1
21:11:02.817 [AsyncHttpClient-1-1] DEBUG org.asynchttpclient.netty.channel.DefaultChannelPool - Adding Candidate expired Channel [id: 0x5824e814, L:/127.0.0.1:61688 ! R:localhost/127.0.0.1:61682] isIdleTimeoutExpired=false isRemotelyClosed=true isTtlExpired=false
21:11:02.817 [AsyncHttpClient-1-1] DEBUG org.asynchttpclient.netty.channel.DefaultChannelPool - Closing Idle Channel [id: 0x5824e814, L:/127.0.0.1:61688 ! R:localhost/127.0.0.1:61682]
21:11:02.817 [AsyncHttpClient-1-3] DEBUG org.asynchttpclient.netty.handler.HttpHandler - 

Request DefaultFullHttpRequest(decodeResult: success, version: HTTP/1.1, content: EmptyByteBufBE)
DELETE /session/65bcb51eb9fec80d2a30b9b91e058a77 HTTP/1.1
User-Agent: selenium/4.1.2 (java windows)
Content-Type: application/json; charset=utf-8
host: localhost:58266
accept: */*

Response DefaultHttpResponse(decodeResult: success, version: HTTP/1.1)
HTTP/1.1 200 OK
Content-Type: application/json; charset=utf-8
cache-control: no-cache
content-length: 14

21:11:02.817 [AsyncHttpClient-1-1] DEBUG org.asynchttpclient.netty.channel.DefaultChannelPool - Closed 1 connections out of 1 in 0 ms
21:11:02.817 [AsyncHttpClient-1-3] DEBUG org.asynchttpclient.netty.channel.ChannelManager - Adding key: http://localhost:58266 for channel [id: 0xb675cf04, L:/127.0.0.1:61681 - R:localhost/127.0.0.1:58266]
21:11:02.860 [AsyncHttpClient-1-3] DEBUG org.asynchttpclient.netty.handler.HttpHandler - Channel Closed: [id: 0xb675cf04, L:/127.0.0.1:61681 ! R:localhost/127.0.0.1:58266] with attribute DISCARD
]]></system-out>
    <system-err><![CDATA[Starting ChromeDriver 106.0.5249.61 (511755355844955cd3e264779baf0dd38212a4d0-refs/branch-heads/5249@{#569}) on port 58266
Only local connections are allowed.
Please see https://chromedriver.chromium.org/security-considerations for suggestions on keeping ChromeDriver safe.
ChromeDriver was started successfully.
[1667916659.839][WARNING]: This version of ChromeDriver has not been tested with Chrome version 107.
Nov 08, 2022 9:10:59 PM org.openqa.selenium.remote.ProtocolHandshake createSession
INFO: Detected dialect: W3C
Nov 08, 2022 9:10:59 PM org.openqa.selenium.devtools.CdpVersionFinder findNearestMatch
WARNING: Unable to find an exact match for CDP version 107, so returning the closest version found: a no-op implementation
Nov 08, 2022 9:10:59 PM org.openqa.selenium.devtools.CdpVersionFinder findNearestMatch
INFO: Unable to find CDP implementation matching 107.
Nov 08, 2022 9:10:59 PM org.openqa.selenium.chromium.ChromiumDriver lambda$new$3
WARNING: Unable to find version of CDP to use for . You may need to include a dependency on a specific version of the CDP using something similar to `org.seleniumhq.selenium:selenium-devtools-v86:4.1.2` where the version ("v86") matches the version of the chromium-based browser you're using and the version number of the artifact is the same as Selenium's.
]]></system-err>
  </testcase>
  <testcase name="Logout with no account" classname="Logout" time="3.257">
    <system-out><![CDATA[21:11:02.926 [main] INFO io.cucumber.core.plugin.SerenityReporter - Running feature from file:///D:/miniproject/webtesting/src/test/resources/features/logout.feature
21:11:02.933 [main] DEBUG net.thucydides.core.steps.StepEventBus - Test suite started for story net.thucydides.core.model.Story@b51a1248
21:11:02.933 [main] INFO  - Test Suite Started: Logout

Scenario: Logout with no account &amp#27;[90m# src/test/resources/features/logout.feature:6&amp#27;[0m
21:11:02.941 [main] INFO io.cucumber.core.plugin.SerenityReporter - Running feature from file:///D:/miniproject/webtesting/src/test/resources/features/logout.feature
21:11:02.944 [main] INFO  - 
  _____   ___   ___   _____     ___   _____     _     ___   _____   ___   ___  
 |_   _| | __| / __| |_   _|   / __| |_   _|   /_\   | _ \ |_   _| | __| |   \ 
   | |   | _|  \__ \   | |     \__ \   | |    / _ \  |   /   | |   | _|  | |) |
   |_|   |___| |___/   |_|     |___/   |_|   /_/ \_\ |_|_\   |_|   |___| |___/ 

Logout with no account(logout;logout-with-no-account)
--------------------------------------------------------------------------------
21:11:03.019 [main] INFO net.serenitybdd.core.webdriver.driverproviders.ChromeDriverProvider - Using automatically driver download
21:11:03.114 [main] DEBUG io.github.bonigarcia.wdm.cache.ResolutionCache - Resolution chrome=107 in cache (valid until 22:09:52 08/11/2022 ICT)
21:11:03.118 [main] DEBUG io.github.bonigarcia.wdm.cache.ResolutionCache - Resolution chrome107=107.0.5304.62 in cache (valid until 21:09:52 09/11/2022 ICT)
21:11:03.120 [main] INFO io.github.bonigarcia.wdm.WebDriverManager - Using chromedriver 107.0.5304.62 (resolved driver for Chrome 107)
21:11:03.128 [main] DEBUG io.github.bonigarcia.wdm.WebDriverManager - Driver chromedriver 107.0.5304.62 found in cache
21:11:03.129 [main] INFO io.github.bonigarcia.wdm.WebDriverManager - Exporting webdriver.chrome.driver as C:\Users\Yusuf Efendi\.cache\selenium\chromedriver\win32\107.0.5304.62\chromedriver.exe
21:11:03.224 [main] DEBUG net.serenitybdd.core.webdriver.driverproviders.ProvideNewDriver - Instantiating driver
21:11:03.224 [main] DEBUG net.serenitybdd.core.webdriver.driverproviders.ProvideNewDriver - Driver capabilities: Capabilities {acceptInsecureCerts: false, base.url: https://alta-shop.vercel.app, browserName: chrome, chrome.driver: src/test/resources/webdrive..., driver: chrome, goog:chromeOptions: {args: [], extensions: []}, wait.for.timeout: 7000}
21:11:03.362 [AsyncHttpClient-1-6] DEBUG org.asynchttpclient.netty.channel.NettyConnectListener - Using new Channel '[id: 0xc9f8917e, L:/127.0.0.1:61711 - R:localhost/127.0.0.1:58235]' for 'POST' to '/session'
21:11:03.925 [AsyncHttpClient-1-1] DEBUG org.asynchttpclient.netty.channel.DefaultChannelPool - Entry count for : http://localhost:58266 : 1
21:11:03.926 [AsyncHttpClient-1-1] DEBUG org.asynchttpclient.netty.channel.DefaultChannelPool - Adding Candidate expired Channel [id: 0xb675cf04, L:/127.0.0.1:61681 ! R:localhost/127.0.0.1:58266] isIdleTimeoutExpired=false isRemotelyClosed=true isTtlExpired=false
21:11:03.926 [AsyncHttpClient-1-1] DEBUG org.asynchttpclient.netty.channel.DefaultChannelPool - Closing Idle Channel [id: 0xb675cf04, L:/127.0.0.1:61681 ! R:localhost/127.0.0.1:58266]
21:11:03.926 [AsyncHttpClient-1-1] DEBUG org.asynchttpclient.netty.channel.DefaultChannelPool - Closed 1 connections out of 1 in 0 ms
21:11:04.117 [AsyncHttpClient-1-6] DEBUG org.asynchttpclient.netty.handler.HttpHandler - 

Request DefaultHttpRequest(decodeResult: success, version: HTTP/1.1)
POST /session HTTP/1.1
User-Agent: selenium/4.1.2 (java windows)
Content-Length: 639
Content-Type: application/json; charset=utf-8
host: localhost:58235
accept: */*

Response DefaultHttpResponse(decodeResult: success, version: HTTP/1.1)
HTTP/1.1 200 OK
Content-Type: application/json; charset=utf-8
cache-control: no-cache
content-length: 793

21:11:04.117 [AsyncHttpClient-1-6] DEBUG org.asynchttpclient.netty.channel.ChannelManager - Adding key: http://localhost:58235 for channel [id: 0xc9f8917e, L:/127.0.0.1:61711 - R:localhost/127.0.0.1:58235]
21:11:04.125 [AsyncHttpClient-1-7] DEBUG org.asynchttpclient.netty.channel.NettyConnectListener - Using new Channel '[id: 0x7cde5317, L:/127.0.0.1:61718 - R:localhost/127.0.0.1:61712]' for 'GET' to '/json/version'
21:11:04.126 [AsyncHttpClient-1-7] DEBUG org.asynchttpclient.netty.handler.HttpHandler - 

Request DefaultFullHttpRequest(decodeResult: success, version: HTTP/1.1, content: EmptyByteBufBE)
GET /json/version HTTP/1.1
User-Agent: selenium/4.1.2 (java windows)
host: localhost:61712
accept: */*

Response DefaultHttpResponse(decodeResult: success, version: HTTP/1.1)
HTTP/1.1 200 OK
Content-Type: application/json; charset=UTF-8
content-length: 423

21:11:04.126 [AsyncHttpClient-1-7] DEBUG org.asynchttpclient.netty.channel.ChannelManager - Adding key: http://localhost:61712 for channel [id: 0x7cde5317, L:/127.0.0.1:61718 - R:localhost/127.0.0.1:61712]
21:11:04.129 [AsyncHttpClient-1-8] DEBUG org.asynchttpclient.netty.channel.NettyConnectListener - Using new Channel '[id: 0xe6c70a38, L:/127.0.0.1:61719 - R:localhost/127.0.0.1:61712]' for 'GET' to '/devtools/browser/c5da8f5d-c96a-45cb-821a-27d28cb26394'
21:11:04.130 [AsyncHttpClient-1-8] DEBUG org.asynchttpclient.netty.handler.WebSocketHandler - 

Request DefaultFullHttpRequest(decodeResult: success, version: HTTP/1.1, content: EmptyByteBufBE)
GET /devtools/browser/c5da8f5d-c96a-45cb-821a-27d28cb26394 HTTP/1.1
upgrade: websocket
connection: upgrade
sec-websocket-key: hedzQc3HKj4m+us/jkyj/w==
sec-websocket-version: 13
origin: http://localhost:61712
host: localhost:61712
accept: */*
user-agent: AHC/2.1

Response DefaultHttpResponse(decodeResult: success, version: HTTP/1.1)
HTTP/1.1 101 WebSocket Protocol Handshake
Upgrade: WebSocket
Connection: Upgrade
Sec-WebSocket-Accept: /QrNsEKytjY1xLM6rJLWLO3mlsU=

21:11:04.134 [Forwarding get on session 5e5ff284ad7acdc5dcdc3742f2218abd to remote] DEBUG org.asynchttpclient.netty.request.NettyRequestSender - Using pooled Channel '[id: 0xc9f8917e, L:/127.0.0.1:61711 - R:localhost/127.0.0.1:58235]' for 'POST' to 'http://localhost:58235/session/5e5ff284ad7acdc5dcdc3742f2218abd/url'
21:11:04.134 [Forwarding get on session 5e5ff284ad7acdc5dcdc3742f2218abd to remote] DEBUG org.asynchttpclient.netty.request.NettyRequestSender - Using open Channel [id: 0xc9f8917e, L:/127.0.0.1:61711 - R:localhost/127.0.0.1:58235] for POST '/session/5e5ff284ad7acdc5dcdc3742f2218abd/url'
21:11:05.026 [AsyncHttpClient-1-1] DEBUG org.asynchttpclient.netty.channel.DefaultChannelPool - Entry count for : http://localhost:61712 : 1
21:11:05.381 [AsyncHttpClient-1-6] DEBUG org.asynchttpclient.netty.handler.HttpHandler - 

Request DefaultHttpRequest(decodeResult: success, version: HTTP/1.1)
POST /session/5e5ff284ad7acdc5dcdc3742f2218abd/url HTTP/1.1
User-Agent: selenium/4.1.2 (java windows)
Content-Length: 59
Content-Type: application/json; charset=utf-8
host: localhost:58235
accept: */*

Response DefaultHttpResponse(decodeResult: success, version: HTTP/1.1)
HTTP/1.1 200 OK
Content-Type: application/json; charset=utf-8
cache-control: no-cache
content-length: 14

21:11:05.381 [AsyncHttpClient-1-6] DEBUG org.asynchttpclient.netty.channel.ChannelManager - Adding key: http://localhost:58235 for channel [id: 0xc9f8917e, L:/127.0.0.1:61711 - R:localhost/127.0.0.1:58235]
21:11:05.382 [Forwarding setTimeout on session 5e5ff284ad7acdc5dcdc3742f2218abd to remote] DEBUG org.asynchttpclient.netty.request.NettyRequestSender - Using pooled Channel '[id: 0xc9f8917e, L:/127.0.0.1:61711 - R:localhost/127.0.0.1:58235]' for 'POST' to 'http://localhost:58235/session/5e5ff284ad7acdc5dcdc3742f2218abd/timeouts'
21:11:05.382 [Forwarding setTimeout on session 5e5ff284ad7acdc5dcdc3742f2218abd to remote] DEBUG org.asynchttpclient.netty.request.NettyRequestSender - Using open Channel [id: 0xc9f8917e, L:/127.0.0.1:61711 - R:localhost/127.0.0.1:58235] for POST '/session/5e5ff284ad7acdc5dcdc3742f2218abd/timeouts'
21:11:05.383 [AsyncHttpClient-1-6] DEBUG org.asynchttpclient.netty.handler.HttpHandler - 

Request DefaultHttpRequest(decodeResult: success, version: HTTP/1.1)
POST /session/5e5ff284ad7acdc5dcdc3742f2218abd/timeouts HTTP/1.1
User-Agent: selenium/4.1.2 (java windows)
Content-Length: 22
Content-Type: application/json; charset=utf-8
host: localhost:58235
accept: */*

Response DefaultHttpResponse(decodeResult: success, version: HTTP/1.1)
HTTP/1.1 200 OK
Content-Type: application/json; charset=utf-8
cache-control: no-cache
content-length: 14

21:11:05.383 [AsyncHttpClient-1-6] DEBUG org.asynchttpclient.netty.channel.ChannelManager - Adding key: http://localhost:58235 for channel [id: 0xc9f8917e, L:/127.0.0.1:61711 - R:localhost/127.0.0.1:58235]
21:11:05.387 [Forwarding getCurrentUrl on session 5e5ff284ad7acdc5dcdc3742f2218abd to remote] DEBUG org.asynchttpclient.netty.request.NettyRequestSender - Using pooled Channel '[id: 0xc9f8917e, L:/127.0.0.1:61711 - R:localhost/127.0.0.1:58235]' for 'GET' to 'http://localhost:58235/session/5e5ff284ad7acdc5dcdc3742f2218abd/url'
21:11:05.387 [Forwarding getCurrentUrl on session 5e5ff284ad7acdc5dcdc3742f2218abd to remote] DEBUG org.asynchttpclient.netty.request.NettyRequestSender - Using open Channel [id: 0xc9f8917e, L:/127.0.0.1:61711 - R:localhost/127.0.0.1:58235] for GET '/session/5e5ff284ad7acdc5dcdc3742f2218abd/url'
21:11:05.392 [AsyncHttpClient-1-6] DEBUG org.asynchttpclient.netty.handler.HttpHandler - 

Request DefaultFullHttpRequest(decodeResult: success, version: HTTP/1.1, content: EmptyByteBufBE)
GET /session/5e5ff284ad7acdc5dcdc3742f2218abd/url HTTP/1.1
User-Agent: selenium/4.1.2 (java windows)
Cache-Control: no-cache
Content-Type: application/json; charset=utf-8
host: localhost:58235
accept: */*

Response DefaultHttpResponse(decodeResult: success, version: HTTP/1.1)
HTTP/1.1 200 OK
Content-Type: application/json; charset=utf-8
cache-control: no-cache
content-length: 41

21:11:05.392 [AsyncHttpClient-1-6] DEBUG org.asynchttpclient.netty.channel.ChannelManager - Adding key: http://localhost:58235 for channel [id: 0xc9f8917e, L:/127.0.0.1:61711 - R:localhost/127.0.0.1:58235]
  &amp#27;[32mGiven &amp#27;[0m&amp#27;[32mI am on the dashboard&amp#27;[0m    &amp#27;[90m# starter.stepdefinitions.LogoutStep.iAmOnTheDashboard()&amp#27;[0m
21:11:05.398 [main] DEBUG net.serenitybdd.core.photography.Darkroom - Opening darkroom
21:11:05.398 [Darkroom Processing Line] DEBUG net.serenitybdd.core.photography.DarkroomProcessingLine - Darkroom processing line starting up
21:11:05.398 [Forwarding screenshot on session 5e5ff284ad7acdc5dcdc3742f2218abd to remote] DEBUG org.asynchttpclient.netty.request.NettyRequestSender - Using pooled Channel '[id: 0xc9f8917e, L:/127.0.0.1:61711 - R:localhost/127.0.0.1:58235]' for 'GET' to 'http://localhost:58235/session/5e5ff284ad7acdc5dcdc3742f2218abd/screenshot'
21:11:05.398 [Forwarding screenshot on session 5e5ff284ad7acdc5dcdc3742f2218abd to remote] DEBUG org.asynchttpclient.netty.request.NettyRequestSender - Using open Channel [id: 0xc9f8917e, L:/127.0.0.1:61711 - R:localhost/127.0.0.1:58235] for GET '/session/5e5ff284ad7acdc5dcdc3742f2218abd/screenshot'
21:11:05.596 [AsyncHttpClient-1-6] DEBUG org.asynchttpclient.netty.handler.HttpHandler - 

Request DefaultFullHttpRequest(decodeResult: success, version: HTTP/1.1, content: EmptyByteBufBE)
GET /session/5e5ff284ad7acdc5dcdc3742f2218abd/screenshot HTTP/1.1
User-Agent: selenium/4.1.2 (java windows)
Cache-Control: no-cache
Content-Type: application/json; charset=utf-8
host: localhost:58235
accept: */*

Response DefaultHttpResponse(decodeResult: success, version: HTTP/1.1)
HTTP/1.1 200 OK
Content-Type: application/json; charset=utf-8
cache-control: no-cache
content-length: 25136

21:11:05.596 [AsyncHttpClient-1-6] DEBUG org.asynchttpclient.netty.channel.ChannelManager - Adding key: http://localhost:58235 for channel [id: 0xc9f8917e, L:/127.0.0.1:61711 - R:localhost/127.0.0.1:58235]
21:11:05.597 [main] DEBUG net.serenitybdd.core.photography.Darkroom - Send negative for processing for target\site\serenity\2b2a6a46b34645555f762770c7dad56e8799d24153cb29dcf5c410d21fdb3d55.png
21:11:05.597 [Darkroom Processing Line] DEBUG net.serenitybdd.core.photography.DarkroomProcessingLine - Processing screenshot image in /var/screenshots/screenshot-4600629015555304686
21:11:05.598 [Darkroom Processing Line] DEBUG net.serenitybdd.core.photography.DarkroomProcessingLine - Saving screenshot to target\site\serenity\2b2a6a46b34645555f762770c7dad56e8799d24153cb29dcf5c410d21fdb3d55.png
21:11:05.606 [Forwarding findElement on session 5e5ff284ad7acdc5dcdc3742f2218abd to remote] DEBUG org.asynchttpclient.netty.request.NettyRequestSender - Using pooled Channel '[id: 0xc9f8917e, L:/127.0.0.1:61711 - R:localhost/127.0.0.1:58235]' for 'POST' to 'http://localhost:58235/session/5e5ff284ad7acdc5dcdc3742f2218abd/element'
21:11:05.606 [Forwarding findElement on session 5e5ff284ad7acdc5dcdc3742f2218abd to remote] DEBUG org.asynchttpclient.netty.request.NettyRequestSender - Using open Channel [id: 0xc9f8917e, L:/127.0.0.1:61711 - R:localhost/127.0.0.1:58235] for POST '/session/5e5ff284ad7acdc5dcdc3742f2218abd/element'
21:11:05.618 [AsyncHttpClient-1-6] DEBUG org.asynchttpclient.netty.handler.HttpHandler - 

Request DefaultHttpRequest(decodeResult: success, version: HTTP/1.1)
POST /session/5e5ff284ad7acdc5dcdc3742f2218abd/element HTTP/1.1
User-Agent: selenium/4.1.2 (java windows)
Content-Length: 117
Content-Type: application/json; charset=utf-8
host: localhost:58235
accept: */*

Response DefaultHttpResponse(decodeResult: success, version: HTTP/1.1)
HTTP/1.1 200 OK
Content-Type: application/json; charset=utf-8
cache-control: no-cache
content-length: 88

21:11:05.618 [AsyncHttpClient-1-6] DEBUG org.asynchttpclient.netty.channel.ChannelManager - Adding key: http://localhost:58235 for channel [id: 0xc9f8917e, L:/127.0.0.1:61711 - R:localhost/127.0.0.1:58235]
21:11:05.620 [Forwarding getElementTagName on session 5e5ff284ad7acdc5dcdc3742f2218abd to remote] DEBUG org.asynchttpclient.netty.request.NettyRequestSender - Using pooled Channel '[id: 0xc9f8917e, L:/127.0.0.1:61711 - R:localhost/127.0.0.1:58235]' for 'GET' to 'http://localhost:58235/session/5e5ff284ad7acdc5dcdc3742f2218abd/element/04e32066-24d4-4b32-8084-e2d04f204259/name'
21:11:05.620 [Forwarding getElementTagName on session 5e5ff284ad7acdc5dcdc3742f2218abd to remote] DEBUG org.asynchttpclient.netty.request.NettyRequestSender - Using open Channel [id: 0xc9f8917e, L:/127.0.0.1:61711 - R:localhost/127.0.0.1:58235] for GET '/session/5e5ff284ad7acdc5dcdc3742f2218abd/element/04e32066-24d4-4b32-8084-e2d04f204259/name'
21:11:05.626 [AsyncHttpClient-1-6] DEBUG org.asynchttpclient.netty.handler.HttpHandler - 

Request DefaultFullHttpRequest(decodeResult: success, version: HTTP/1.1, content: EmptyByteBufBE)
GET /session/5e5ff284ad7acdc5dcdc3742f2218abd/element/04e32066-24d4-4b32-8084-e2d04f204259/name HTTP/1.1
User-Agent: selenium/4.1.2 (java windows)
Cache-Control: no-cache
Content-Type: application/json; charset=utf-8
host: localhost:58235
accept: */*

Response DefaultHttpResponse(decodeResult: success, version: HTTP/1.1)
HTTP/1.1 200 OK
Content-Type: application/json; charset=utf-8
cache-control: no-cache
content-length: 18

21:11:05.626 [AsyncHttpClient-1-6] DEBUG org.asynchttpclient.netty.channel.ChannelManager - Adding key: http://localhost:58235 for channel [id: 0xc9f8917e, L:/127.0.0.1:61711 - R:localhost/127.0.0.1:58235]
21:11:05.627 [Forwarding getElementTagName on session 5e5ff284ad7acdc5dcdc3742f2218abd to remote] DEBUG org.asynchttpclient.netty.request.NettyRequestSender - Using pooled Channel '[id: 0xc9f8917e, L:/127.0.0.1:61711 - R:localhost/127.0.0.1:58235]' for 'GET' to 'http://localhost:58235/session/5e5ff284ad7acdc5dcdc3742f2218abd/element/04e32066-24d4-4b32-8084-e2d04f204259/name'
21:11:05.627 [Forwarding getElementTagName on session 5e5ff284ad7acdc5dcdc3742f2218abd to remote] DEBUG org.asynchttpclient.netty.request.NettyRequestSender - Using open Channel [id: 0xc9f8917e, L:/127.0.0.1:61711 - R:localhost/127.0.0.1:58235] for GET '/session/5e5ff284ad7acdc5dcdc3742f2218abd/element/04e32066-24d4-4b32-8084-e2d04f204259/name'
21:11:05.630 [AsyncHttpClient-1-6] DEBUG org.asynchttpclient.netty.handler.HttpHandler - 

Request DefaultFullHttpRequest(decodeResult: success, version: HTTP/1.1, content: EmptyByteBufBE)
GET /session/5e5ff284ad7acdc5dcdc3742f2218abd/element/04e32066-24d4-4b32-8084-e2d04f204259/name HTTP/1.1
User-Agent: selenium/4.1.2 (java windows)
Cache-Control: no-cache
Content-Type: application/json; charset=utf-8
host: localhost:58235
accept: */*

Response DefaultHttpResponse(decodeResult: success, version: HTTP/1.1)
HTTP/1.1 200 OK
Content-Type: application/json; charset=utf-8
cache-control: no-cache
content-length: 18

21:11:05.631 [AsyncHttpClient-1-6] DEBUG org.asynchttpclient.netty.channel.ChannelManager - Adding key: http://localhost:58235 for channel [id: 0xc9f8917e, L:/127.0.0.1:61711 - R:localhost/127.0.0.1:58235]
21:11:05.635 [Forwarding isElementEnabled on session 5e5ff284ad7acdc5dcdc3742f2218abd to remote] DEBUG org.asynchttpclient.netty.request.NettyRequestSender - Using pooled Channel '[id: 0xc9f8917e, L:/127.0.0.1:61711 - R:localhost/127.0.0.1:58235]' for 'GET' to 'http://localhost:58235/session/5e5ff284ad7acdc5dcdc3742f2218abd/element/04e32066-24d4-4b32-8084-e2d04f204259/enabled'
21:11:05.635 [Forwarding isElementEnabled on session 5e5ff284ad7acdc5dcdc3742f2218abd to remote] DEBUG org.asynchttpclient.netty.request.NettyRequestSender - Using open Channel [id: 0xc9f8917e, L:/127.0.0.1:61711 - R:localhost/127.0.0.1:58235] for GET '/session/5e5ff284ad7acdc5dcdc3742f2218abd/element/04e32066-24d4-4b32-8084-e2d04f204259/enabled'
21:11:05.643 [AsyncHttpClient-1-6] DEBUG org.asynchttpclient.netty.handler.HttpHandler - 

Request DefaultFullHttpRequest(decodeResult: success, version: HTTP/1.1, content: EmptyByteBufBE)
GET /session/5e5ff284ad7acdc5dcdc3742f2218abd/element/04e32066-24d4-4b32-8084-e2d04f204259/enabled HTTP/1.1
User-Agent: selenium/4.1.2 (java windows)
Cache-Control: no-cache
Content-Type: application/json; charset=utf-8
host: localhost:58235
accept: */*

Response DefaultHttpResponse(decodeResult: success, version: HTTP/1.1)
HTTP/1.1 200 OK
Content-Type: application/json; charset=utf-8
cache-control: no-cache
content-length: 14

21:11:05.645 [AsyncHttpClient-1-6] DEBUG org.asynchttpclient.netty.channel.ChannelManager - Adding key: http://localhost:58235 for channel [id: 0xc9f8917e, L:/127.0.0.1:61711 - R:localhost/127.0.0.1:58235]
21:11:05.646 [Forwarding isElementEnabled on session 5e5ff284ad7acdc5dcdc3742f2218abd to remote] DEBUG org.asynchttpclient.netty.request.NettyRequestSender - Using pooled Channel '[id: 0xc9f8917e, L:/127.0.0.1:61711 - R:localhost/127.0.0.1:58235]' for 'GET' to 'http://localhost:58235/session/5e5ff284ad7acdc5dcdc3742f2218abd/element/04e32066-24d4-4b32-8084-e2d04f204259/enabled'
21:11:05.646 [Forwarding isElementEnabled on session 5e5ff284ad7acdc5dcdc3742f2218abd to remote] DEBUG org.asynchttpclient.netty.request.NettyRequestSender - Using open Channel [id: 0xc9f8917e, L:/127.0.0.1:61711 - R:localhost/127.0.0.1:58235] for GET '/session/5e5ff284ad7acdc5dcdc3742f2218abd/element/04e32066-24d4-4b32-8084-e2d04f204259/enabled'
21:11:05.653 [AsyncHttpClient-1-6] DEBUG org.asynchttpclient.netty.handler.HttpHandler - 

Request DefaultFullHttpRequest(decodeResult: success, version: HTTP/1.1, content: EmptyByteBufBE)
GET /session/5e5ff284ad7acdc5dcdc3742f2218abd/element/04e32066-24d4-4b32-8084-e2d04f204259/enabled HTTP/1.1
User-Agent: selenium/4.1.2 (java windows)
Cache-Control: no-cache
Content-Type: application/json; charset=utf-8
host: localhost:58235
accept: */*

Response DefaultHttpResponse(decodeResult: success, version: HTTP/1.1)
HTTP/1.1 200 OK
Content-Type: application/json; charset=utf-8
cache-control: no-cache
content-length: 14

21:11:05.653 [AsyncHttpClient-1-6] DEBUG org.asynchttpclient.netty.channel.ChannelManager - Adding key: http://localhost:58235 for channel [id: 0xc9f8917e, L:/127.0.0.1:61711 - R:localhost/127.0.0.1:58235]
21:11:05.655 [Forwarding findElement on session 5e5ff284ad7acdc5dcdc3742f2218abd to remote] DEBUG org.asynchttpclient.netty.request.NettyRequestSender - Using pooled Channel '[id: 0xc9f8917e, L:/127.0.0.1:61711 - R:localhost/127.0.0.1:58235]' for 'POST' to 'http://localhost:58235/session/5e5ff284ad7acdc5dcdc3742f2218abd/element'
21:11:05.655 [Forwarding findElement on session 5e5ff284ad7acdc5dcdc3742f2218abd to remote] DEBUG org.asynchttpclient.netty.request.NettyRequestSender - Using open Channel [id: 0xc9f8917e, L:/127.0.0.1:61711 - R:localhost/127.0.0.1:58235] for POST '/session/5e5ff284ad7acdc5dcdc3742f2218abd/element'
21:11:05.664 [AsyncHttpClient-1-6] DEBUG org.asynchttpclient.netty.handler.HttpHandler - 

Request DefaultHttpRequest(decodeResult: success, version: HTTP/1.1)
POST /session/5e5ff284ad7acdc5dcdc3742f2218abd/element HTTP/1.1
User-Agent: selenium/4.1.2 (java windows)
Content-Length: 117
Content-Type: application/json; charset=utf-8
host: localhost:58235
accept: */*

Response DefaultHttpResponse(decodeResult: success, version: HTTP/1.1)
HTTP/1.1 200 OK
Content-Type: application/json; charset=utf-8
cache-control: no-cache
content-length: 88

21:11:05.664 [AsyncHttpClient-1-6] DEBUG org.asynchttpclient.netty.channel.ChannelManager - Adding key: http://localhost:58235 for channel [id: 0xc9f8917e, L:/127.0.0.1:61711 - R:localhost/127.0.0.1:58235]
21:11:05.664 [Forwarding clickElement on session 5e5ff284ad7acdc5dcdc3742f2218abd to remote] DEBUG org.asynchttpclient.netty.request.NettyRequestSender - Using pooled Channel '[id: 0xc9f8917e, L:/127.0.0.1:61711 - R:localhost/127.0.0.1:58235]' for 'POST' to 'http://localhost:58235/session/5e5ff284ad7acdc5dcdc3742f2218abd/element/04e32066-24d4-4b32-8084-e2d04f204259/click'
21:11:05.664 [Forwarding clickElement on session 5e5ff284ad7acdc5dcdc3742f2218abd to remote] DEBUG org.asynchttpclient.netty.request.NettyRequestSender - Using open Channel [id: 0xc9f8917e, L:/127.0.0.1:61711 - R:localhost/127.0.0.1:58235] for POST '/session/5e5ff284ad7acdc5dcdc3742f2218abd/element/04e32066-24d4-4b32-8084-e2d04f204259/click'
21:11:05.708 [AsyncHttpClient-1-6] DEBUG org.asynchttpclient.netty.handler.HttpHandler - 

Request DefaultHttpRequest(decodeResult: success, version: HTTP/1.1)
POST /session/5e5ff284ad7acdc5dcdc3742f2218abd/element/04e32066-24d4-4b32-8084-e2d04f204259/click HTTP/1.1
User-Agent: selenium/4.1.2 (java windows)
Content-Length: 50
Content-Type: application/json; charset=utf-8
host: localhost:58235
accept: */*

Response DefaultHttpResponse(decodeResult: success, version: HTTP/1.1)
HTTP/1.1 200 OK
Content-Type: application/json; charset=utf-8
cache-control: no-cache
content-length: 14

21:11:05.708 [AsyncHttpClient-1-6] DEBUG org.asynchttpclient.netty.channel.ChannelManager - Adding key: http://localhost:58235 for channel [id: 0xc9f8917e, L:/127.0.0.1:61711 - R:localhost/127.0.0.1:58235]
  &amp#27;[32mWhen &amp#27;[0m&amp#27;[32mI click logout button&amp#27;[0m     &amp#27;[90m# starter.stepdefinitions.LogoutStep.iClickLogoutButton()&amp#27;[0m
21:11:05.715 [Forwarding screenshot on session 5e5ff284ad7acdc5dcdc3742f2218abd to remote] DEBUG org.asynchttpclient.netty.request.NettyRequestSender - Using pooled Channel '[id: 0xc9f8917e, L:/127.0.0.1:61711 - R:localhost/127.0.0.1:58235]' for 'GET' to 'http://localhost:58235/session/5e5ff284ad7acdc5dcdc3742f2218abd/screenshot'
21:11:05.715 [Forwarding screenshot on session 5e5ff284ad7acdc5dcdc3742f2218abd to remote] DEBUG org.asynchttpclient.netty.request.NettyRequestSender - Using open Channel [id: 0xc9f8917e, L:/127.0.0.1:61711 - R:localhost/127.0.0.1:58235] for GET '/session/5e5ff284ad7acdc5dcdc3742f2218abd/screenshot'
21:11:05.969 [AsyncHttpClient-1-6] DEBUG org.asynchttpclient.netty.handler.HttpHandler - 

Request DefaultFullHttpRequest(decodeResult: success, version: HTTP/1.1, content: EmptyByteBufBE)
GET /session/5e5ff284ad7acdc5dcdc3742f2218abd/screenshot HTTP/1.1
User-Agent: selenium/4.1.2 (java windows)
Cache-Control: no-cache
Content-Type: application/json; charset=utf-8
host: localhost:58235
accept: */*

Response DefaultHttpResponse(decodeResult: success, version: HTTP/1.1)
HTTP/1.1 200 OK
Content-Type: application/json; charset=utf-8
cache-control: no-cache
content-length: 25032

21:11:05.969 [AsyncHttpClient-1-6] DEBUG org.asynchttpclient.netty.channel.ChannelManager - Adding key: http://localhost:58235 for channel [id: 0xc9f8917e, L:/127.0.0.1:61711 - R:localhost/127.0.0.1:58235]
21:11:05.970 [main] DEBUG net.serenitybdd.core.photography.Darkroom - Send negative for processing for target\site\serenity\da8f01bbbd17f8505fa388a4128b467dfe986f6234e8e3426e8b88fe9ec3d2e7.png
21:11:05.970 [Darkroom Processing Line] DEBUG net.serenitybdd.core.photography.DarkroomProcessingLine - Processing screenshot image in /var/screenshots/screenshot-6983080537925688113
21:11:05.970 [Darkroom Processing Line] DEBUG net.serenitybdd.core.photography.DarkroomProcessingLine - Saving screenshot to target\site\serenity\da8f01bbbd17f8505fa388a4128b467dfe986f6234e8e3426e8b88fe9ec3d2e7.png
21:11:05.977 [Forwarding findElement on session 5e5ff284ad7acdc5dcdc3742f2218abd to remote] DEBUG org.asynchttpclient.netty.request.NettyRequestSender - Using pooled Channel '[id: 0xc9f8917e, L:/127.0.0.1:61711 - R:localhost/127.0.0.1:58235]' for 'POST' to 'http://localhost:58235/session/5e5ff284ad7acdc5dcdc3742f2218abd/element'
21:11:05.977 [Forwarding findElement on session 5e5ff284ad7acdc5dcdc3742f2218abd to remote] DEBUG org.asynchttpclient.netty.request.NettyRequestSender - Using open Channel [id: 0xc9f8917e, L:/127.0.0.1:61711 - R:localhost/127.0.0.1:58235] for POST '/session/5e5ff284ad7acdc5dcdc3742f2218abd/element'
21:11:05.988 [AsyncHttpClient-1-6] DEBUG org.asynchttpclient.netty.handler.HttpHandler - 

Request DefaultHttpRequest(decodeResult: success, version: HTTP/1.1)
POST /session/5e5ff284ad7acdc5dcdc3742f2218abd/element HTTP/1.1
User-Agent: selenium/4.1.2 (java windows)
Content-Length: 68
Content-Type: application/json; charset=utf-8
host: localhost:58235
accept: */*

Response DefaultHttpResponse(decodeResult: success, version: HTTP/1.1)
HTTP/1.1 200 OK
Content-Type: application/json; charset=utf-8
cache-control: no-cache
content-length: 88

21:11:05.988 [AsyncHttpClient-1-6] DEBUG org.asynchttpclient.netty.channel.ChannelManager - Adding key: http://localhost:58235 for channel [id: 0xc9f8917e, L:/127.0.0.1:61711 - R:localhost/127.0.0.1:58235]
21:11:05.993 [Forwarding isElementDisplayed on session 5e5ff284ad7acdc5dcdc3742f2218abd to remote] DEBUG org.asynchttpclient.netty.request.NettyRequestSender - Using pooled Channel '[id: 0xc9f8917e, L:/127.0.0.1:61711 - R:localhost/127.0.0.1:58235]' for 'POST' to 'http://localhost:58235/session/5e5ff284ad7acdc5dcdc3742f2218abd/execute/sync'
21:11:05.993 [Forwarding isElementDisplayed on session 5e5ff284ad7acdc5dcdc3742f2218abd to remote] DEBUG org.asynchttpclient.netty.request.NettyRequestSender - Using open Channel [id: 0xc9f8917e, L:/127.0.0.1:61711 - R:localhost/127.0.0.1:58235] for POST '/session/5e5ff284ad7acdc5dcdc3742f2218abd/execute/sync'
21:11:06.008 [AsyncHttpClient-1-6] DEBUG org.asynchttpclient.netty.handler.HttpHandler - 

Request DefaultHttpRequest(decodeResult: success, version: HTTP/1.1)
POST /session/5e5ff284ad7acdc5dcdc3742f2218abd/execute/sync HTTP/1.1
User-Agent: selenium/4.1.2 (java windows)
Content-Length: 48780
Content-Type: application/json; charset=utf-8
host: localhost:58235
accept: */*

Response DefaultHttpResponse(decodeResult: success, version: HTTP/1.1)
HTTP/1.1 200 OK
Content-Type: application/json; charset=utf-8
cache-control: no-cache
content-length: 14

21:11:06.008 [AsyncHttpClient-1-6] DEBUG org.asynchttpclient.netty.channel.ChannelManager - Adding key: http://localhost:58235 for channel [id: 0xc9f8917e, L:/127.0.0.1:61711 - R:localhost/127.0.0.1:58235]
  &amp#27;[32mThen &amp#27;[0m&amp#27;[32mI see the login page&amp#27;[0m      &amp#27;[90m# starter.stepdefinitions.LogoutStep.iSeeTheLoginPage()&amp#27;[0m
21:11:06.012 [main] INFO  - 
  _____   ___   ___   _____     ___     _     ___   ___   ___   ___  
 |_   _| | __| / __| |_   _|   | _ \   /_\   / __| / __| | __| |   \ 
   | |   | _|  \__ \   | |     |  _/  / _ \  \__ \ \__ \ | _|  | |) |
   |_|   |___| |___/   |_|     |_|   /_/ \_\ |___/ |___/ |___| |___/ 

Logout with no account
----------------------------------------------------------------------
21:11:06.013 [AsyncHttpClient-1-8] DEBUG org.asynchttpclient.netty.handler.WebSocketHandler - Channel Closed: [id: 0xe6c70a38, L:/127.0.0.1:61719 ! R:localhost/127.0.0.1:61712] with attribute NettyResponseFuture{currentRetry=5,
	isDone=1,
	isCancelled=0,
	asyncHandler=org.asynchttpclient.ws.WebSocketUpgradeHandler@7fe68cdf,
	nettyRequest=org.asynchttpclient.netty.request.NettyRequest@27f0f36d,
	future=java.util.concurrent.CompletableFuture@62435ff4[Completed normally],
	uri=ws://localhost:61712/devtools/browser/c5da8f5d-c96a-45cb-821a-27d28cb26394,
	keepAlive=true,
	redirectCount=0,
	timeoutsHolder=null,
	inAuth=0,
	touch=1667916664130}
21:11:06.013 [AsyncHttpClient-1-8] DEBUG org.asynchttpclient.netty.channel.ChannelManager - Closing Channel [id: 0xe6c70a38, L:/127.0.0.1:61719 ! R:localhost/127.0.0.1:61712] 
21:11:06.013 [Driver Command Executor] DEBUG org.asynchttpclient.netty.request.NettyRequestSender - Using pooled Channel '[id: 0xc9f8917e, L:/127.0.0.1:61711 - R:localhost/127.0.0.1:58235]' for 'DELETE' to 'http://localhost:58235/session/5e5ff284ad7acdc5dcdc3742f2218abd'
21:11:06.013 [Driver Command Executor] DEBUG org.asynchttpclient.netty.request.NettyRequestSender - Using open Channel [id: 0xc9f8917e, L:/127.0.0.1:61711 - R:localhost/127.0.0.1:58235] for DELETE '/session/5e5ff284ad7acdc5dcdc3742f2218abd'
21:11:06.046 [AsyncHttpClient-1-7] DEBUG org.asynchttpclient.netty.handler.HttpHandler - Unexpected I/O exception on channel [id: 0x7cde5317, L:/127.0.0.1:61718 - R:localhost/127.0.0.1:61712]
java.io.IOException: An existing connection was forcibly closed by the remote host
	at java.base/sun.nio.ch.SocketDispatcher.read0(Native Method)
	at java.base/sun.nio.ch.SocketDispatcher.read(SocketDispatcher.java:43)
	at java.base/sun.nio.ch.IOUtil.readIntoNativeBuffer(IOUtil.java:276)
	at java.base/sun.nio.ch.IOUtil.read(IOUtil.java:233)
	at java.base/sun.nio.ch.IOUtil.read(IOUtil.java:223)
	at java.base/sun.nio.ch.SocketChannelImpl.read(SocketChannelImpl.java:358)
	at io.netty.buffer.PooledByteBuf.setBytes(PooledByteBuf.java:258)
	at io.netty.buffer.AbstractByteBuf.writeBytes(AbstractByteBuf.java:1132)
	at io.netty.channel.socket.nio.NioSocketChannel.doReadBytes(NioSocketChannel.java:350)
	at io.netty.channel.nio.AbstractNioByteChannel$NioByteUnsafe.read(AbstractNioByteChannel.java:151)
	at io.netty.channel.nio.NioEventLoop.processSelectedKey(NioEventLoop.java:722)
	at io.netty.channel.nio.NioEventLoop.processSelectedKeysOptimized(NioEventLoop.java:658)
	at io.netty.channel.nio.NioEventLoop.processSelectedKeys(NioEventLoop.java:584)
	at io.netty.channel.nio.NioEventLoop.run(NioEventLoop.java:496)
	at io.netty.util.concurrent.SingleThreadEventExecutor$4.run(SingleThreadEventExecutor.java:986)
	at io.netty.util.internal.ThreadExecutorMap$2.run(ThreadExecutorMap.java:74)
	at io.netty.util.concurrent.FastThreadLocalRunnable.run(FastThreadLocalRunnable.java:30)
	at java.base/java.lang.Thread.run(Thread.java:834)
21:11:06.046 [AsyncHttpClient-1-7] DEBUG org.asynchttpclient.netty.channel.ChannelManager - Closing Channel [id: 0x7cde5317, L:/127.0.0.1:61718 - R:localhost/127.0.0.1:61712] 
21:11:06.047 [AsyncHttpClient-1-7] DEBUG org.asynchttpclient.netty.handler.HttpHandler - Channel Closed: [id: 0x7cde5317, L:/127.0.0.1:61718 ! R:localhost/127.0.0.1:61712] with attribute DISCARD
21:11:06.058 [AsyncHttpClient-1-6] DEBUG org.asynchttpclient.netty.handler.HttpHandler - 

Request DefaultFullHttpRequest(decodeResult: success, version: HTTP/1.1, content: EmptyByteBufBE)
DELETE /session/5e5ff284ad7acdc5dcdc3742f2218abd HTTP/1.1
User-Agent: selenium/4.1.2 (java windows)
Content-Type: application/json; charset=utf-8
host: localhost:58235
accept: */*

Response DefaultHttpResponse(decodeResult: success, version: HTTP/1.1)
HTTP/1.1 200 OK
Content-Type: application/json; charset=utf-8
cache-control: no-cache
content-length: 14

21:11:06.059 [AsyncHttpClient-1-6] DEBUG org.asynchttpclient.netty.channel.ChannelManager - Adding key: http://localhost:58235 for channel [id: 0xc9f8917e, L:/127.0.0.1:61711 - R:localhost/127.0.0.1:58235]
21:11:06.122 [AsyncHttpClient-1-6] DEBUG org.asynchttpclient.netty.handler.HttpHandler - Channel Closed: [id: 0xc9f8917e, L:/127.0.0.1:61711 ! R:localhost/127.0.0.1:58235] with attribute DISCARD
21:11:06.128 [AsyncHttpClient-1-1] DEBUG org.asynchttpclient.netty.channel.DefaultChannelPool - Entry count for : http://localhost:58235 : 1
21:11:06.128 [AsyncHttpClient-1-1] DEBUG org.asynchttpclient.netty.channel.DefaultChannelPool - Entry count for : http://localhost:61712 : 1
21:11:06.128 [AsyncHttpClient-1-1] DEBUG org.asynchttpclient.netty.channel.DefaultChannelPool - Adding Candidate expired Channel [id: 0xc9f8917e, L:/127.0.0.1:61711 ! R:localhost/127.0.0.1:58235] isIdleTimeoutExpired=false isRemotelyClosed=true isTtlExpired=false
21:11:06.128 [AsyncHttpClient-1-1] DEBUG org.asynchttpclient.netty.channel.DefaultChannelPool - Closing Idle Channel [id: 0xc9f8917e, L:/127.0.0.1:61711 ! R:localhost/127.0.0.1:58235]
21:11:06.128 [AsyncHttpClient-1-1] DEBUG org.asynchttpclient.netty.channel.DefaultChannelPool - Adding Candidate expired Channel [id: 0x7cde5317, L:/127.0.0.1:61718 ! R:localhost/127.0.0.1:61712] isIdleTimeoutExpired=false isRemotelyClosed=true isTtlExpired=false
21:11:06.128 [AsyncHttpClient-1-1] DEBUG org.asynchttpclient.netty.channel.DefaultChannelPool - Closing Idle Channel [id: 0x7cde5317, L:/127.0.0.1:61718 ! R:localhost/127.0.0.1:61712]
21:11:06.128 [AsyncHttpClient-1-1] DEBUG org.asynchttpclient.netty.channel.DefaultChannelPool - Closed 2 connections out of 2 in 0 ms
]]></system-out>
    <system-err><![CDATA[Starting ChromeDriver 106.0.5249.61 (511755355844955cd3e264779baf0dd38212a4d0-refs/branch-heads/5249@{#569}) on port 58235
Only local connections are allowed.
Please see https://chromedriver.chromium.org/security-considerations for suggestions on keeping ChromeDriver safe.
ChromeDriver was started successfully.
[1667916664.105][WARNING]: This version of ChromeDriver has not been tested with Chrome version 107.
Nov 08, 2022 9:11:04 PM org.openqa.selenium.remote.ProtocolHandshake createSession
INFO: Detected dialect: W3C
Nov 08, 2022 9:11:04 PM org.openqa.selenium.devtools.CdpVersionFinder findNearestMatch
WARNING: Unable to find an exact match for CDP version 107, so returning the closest version found: a no-op implementation
Nov 08, 2022 9:11:04 PM org.openqa.selenium.devtools.CdpVersionFinder findNearestMatch
INFO: Unable to find CDP implementation matching 107.
Nov 08, 2022 9:11:04 PM org.openqa.selenium.chromium.ChromiumDriver lambda$new$3
WARNING: Unable to find version of CDP to use for . You may need to include a dependency on a specific version of the CDP using something similar to `org.seleniumhq.selenium:selenium-devtools-v86:4.1.2` where the version ("v86") matches the version of the chromium-based browser you're using and the version number of the artifact is the same as Selenium's.
]]></system-err>
  </testcase>
  <testcase name="Logout with logged in account" classname="Logout" time="3.218">
    <system-out><![CDATA[
Scenario: Logout with logged in account &amp#27;[90m# src/test/resources/features/logout.feature:11&amp#27;[0m
21:11:06.202 [main] INFO io.cucumber.core.plugin.SerenityReporter - Running feature from file:///D:/miniproject/webtesting/src/test/resources/features/logout.feature
21:11:06.205 [main] INFO  - 
  _____   ___   ___   _____     ___   _____     _     ___   _____   ___   ___  
 |_   _| | __| / __| |_   _|   / __| |_   _|   /_\   | _ \ |_   _| | __| |   \ 
   | |   | _|  \__ \   | |     \__ \   | |    / _ \  |   /   | |   | _|  | |) |
   |_|   |___| |___/   |_|     |___/   |_|   /_/ \_\ |_|_\   |_|   |___| |___/ 

Logout with logged in account(logout;logout-with-logged-in-account)
--------------------------------------------------------------------------------
21:11:06.226 [main] INFO net.serenitybdd.core.webdriver.driverproviders.ChromeDriverProvider - Using automatically driver download
21:11:06.343 [main] DEBUG io.github.bonigarcia.wdm.cache.ResolutionCache - Resolution chrome=107 in cache (valid until 22:09:52 08/11/2022 ICT)
21:11:06.347 [main] DEBUG io.github.bonigarcia.wdm.cache.ResolutionCache - Resolution chrome107=107.0.5304.62 in cache (valid until 21:09:52 09/11/2022 ICT)
21:11:06.349 [main] INFO io.github.bonigarcia.wdm.WebDriverManager - Using chromedriver 107.0.5304.62 (resolved driver for Chrome 107)
21:11:06.361 [main] DEBUG io.github.bonigarcia.wdm.WebDriverManager - Driver chromedriver 107.0.5304.62 found in cache
21:11:06.362 [main] INFO io.github.bonigarcia.wdm.WebDriverManager - Exporting webdriver.chrome.driver as C:\Users\Yusuf Efendi\.cache\selenium\chromedriver\win32\107.0.5304.62\chromedriver.exe
21:11:06.476 [main] DEBUG net.serenitybdd.core.webdriver.driverproviders.ProvideNewDriver - Instantiating driver
21:11:06.476 [main] DEBUG net.serenitybdd.core.webdriver.driverproviders.ProvideNewDriver - Driver capabilities: Capabilities {acceptInsecureCerts: false, base.url: https://alta-shop.vercel.app, browserName: chrome, chrome.driver: src/test/resources/webdrive..., driver: chrome, goog:chromeOptions: {args: [], extensions: []}, wait.for.timeout: 7000}
21:11:06.544 [AsyncHttpClient-1-9] DEBUG org.asynchttpclient.netty.channel.NettyConnectListener - Using new Channel '[id: 0x6831bc07, L:/127.0.0.1:61736 - R:localhost/127.0.0.1:62058]' for 'POST' to '/session'
21:11:07.233 [AsyncHttpClient-1-9] DEBUG org.asynchttpclient.netty.handler.HttpHandler - 

Request DefaultHttpRequest(decodeResult: success, version: HTTP/1.1)
POST /session HTTP/1.1
User-Agent: selenium/4.1.2 (java windows)
Content-Length: 639
Content-Type: application/json; charset=utf-8
host: localhost:62058
accept: */*

Response DefaultHttpResponse(decodeResult: success, version: HTTP/1.1)
HTTP/1.1 200 OK
Content-Type: application/json; charset=utf-8
cache-control: no-cache
content-length: 792

21:11:07.234 [AsyncHttpClient-1-9] DEBUG org.asynchttpclient.netty.channel.ChannelManager - Adding key: http://localhost:62058 for channel [id: 0x6831bc07, L:/127.0.0.1:61736 - R:localhost/127.0.0.1:62058]
21:11:07.241 [AsyncHttpClient-1-10] DEBUG org.asynchttpclient.netty.channel.NettyConnectListener - Using new Channel '[id: 0xc3a7d5d6, L:/127.0.0.1:61743 - R:localhost/127.0.0.1:61737]' for 'GET' to '/json/version'
21:11:07.242 [AsyncHttpClient-1-10] DEBUG org.asynchttpclient.netty.handler.HttpHandler - 

Request DefaultFullHttpRequest(decodeResult: success, version: HTTP/1.1, content: EmptyByteBufBE)
GET /json/version HTTP/1.1
User-Agent: selenium/4.1.2 (java windows)
host: localhost:61737
accept: */*

Response DefaultHttpResponse(decodeResult: success, version: HTTP/1.1)
HTTP/1.1 200 OK
Content-Type: application/json; charset=UTF-8
content-length: 423

21:11:07.243 [AsyncHttpClient-1-10] DEBUG org.asynchttpclient.netty.channel.ChannelManager - Adding key: http://localhost:61737 for channel [id: 0xc3a7d5d6, L:/127.0.0.1:61743 - R:localhost/127.0.0.1:61737]
21:11:07.245 [AsyncHttpClient-1-11] DEBUG org.asynchttpclient.netty.channel.NettyConnectListener - Using new Channel '[id: 0xd084a53a, L:/127.0.0.1:61744 - R:localhost/127.0.0.1:61737]' for 'GET' to '/devtools/browser/b78cb556-5311-48c1-a090-87d25c535348'
21:11:07.246 [AsyncHttpClient-1-11] DEBUG org.asynchttpclient.netty.handler.WebSocketHandler - 

Request DefaultFullHttpRequest(decodeResult: success, version: HTTP/1.1, content: EmptyByteBufBE)
GET /devtools/browser/b78cb556-5311-48c1-a090-87d25c535348 HTTP/1.1
upgrade: websocket
connection: upgrade
sec-websocket-key: d8nGKL4YuAqwdwiJkqnPjQ==
sec-websocket-version: 13
origin: http://localhost:61737
host: localhost:61737
accept: */*
user-agent: AHC/2.1

Response DefaultHttpResponse(decodeResult: success, version: HTTP/1.1)
HTTP/1.1 101 WebSocket Protocol Handshake
Upgrade: WebSocket
Connection: Upgrade
Sec-WebSocket-Accept: JFF0B5pLTJjr8O1mG0gWKd94deY=

21:11:07.250 [Forwarding get on session 9b4fa1238e3c4611ebbdda16b7269de7 to remote] DEBUG org.asynchttpclient.netty.request.NettyRequestSender - Using pooled Channel '[id: 0x6831bc07, L:/127.0.0.1:61736 - R:localhost/127.0.0.1:62058]' for 'POST' to 'http://localhost:62058/session/9b4fa1238e3c4611ebbdda16b7269de7/url'
21:11:07.250 [Forwarding get on session 9b4fa1238e3c4611ebbdda16b7269de7 to remote] DEBUG org.asynchttpclient.netty.request.NettyRequestSender - Using open Channel [id: 0x6831bc07, L:/127.0.0.1:61736 - R:localhost/127.0.0.1:62058] for POST '/session/9b4fa1238e3c4611ebbdda16b7269de7/url'
21:11:07.948 [AsyncHttpClient-1-9] DEBUG org.asynchttpclient.netty.handler.HttpHandler - 

Request DefaultHttpRequest(decodeResult: success, version: HTTP/1.1)
POST /session/9b4fa1238e3c4611ebbdda16b7269de7/url HTTP/1.1
User-Agent: selenium/4.1.2 (java windows)
Content-Length: 74
Content-Type: application/json; charset=utf-8
host: localhost:62058
accept: */*

Response DefaultHttpResponse(decodeResult: success, version: HTTP/1.1)
HTTP/1.1 200 OK
Content-Type: application/json; charset=utf-8
cache-control: no-cache
content-length: 14

21:11:07.948 [AsyncHttpClient-1-9] DEBUG org.asynchttpclient.netty.channel.ChannelManager - Adding key: http://localhost:62058 for channel [id: 0x6831bc07, L:/127.0.0.1:61736 - R:localhost/127.0.0.1:62058]
21:11:07.950 [Forwarding setTimeout on session 9b4fa1238e3c4611ebbdda16b7269de7 to remote] DEBUG org.asynchttpclient.netty.request.NettyRequestSender - Using pooled Channel '[id: 0x6831bc07, L:/127.0.0.1:61736 - R:localhost/127.0.0.1:62058]' for 'POST' to 'http://localhost:62058/session/9b4fa1238e3c4611ebbdda16b7269de7/timeouts'
21:11:07.950 [Forwarding setTimeout on session 9b4fa1238e3c4611ebbdda16b7269de7 to remote] DEBUG org.asynchttpclient.netty.request.NettyRequestSender - Using open Channel [id: 0x6831bc07, L:/127.0.0.1:61736 - R:localhost/127.0.0.1:62058] for POST '/session/9b4fa1238e3c4611ebbdda16b7269de7/timeouts'
21:11:07.951 [AsyncHttpClient-1-9] DEBUG org.asynchttpclient.netty.handler.HttpHandler - 

Request DefaultHttpRequest(decodeResult: success, version: HTTP/1.1)
POST /session/9b4fa1238e3c4611ebbdda16b7269de7/timeouts HTTP/1.1
User-Agent: selenium/4.1.2 (java windows)
Content-Length: 22
Content-Type: application/json; charset=utf-8
host: localhost:62058
accept: */*

Response DefaultHttpResponse(decodeResult: success, version: HTTP/1.1)
HTTP/1.1 200 OK
Content-Type: application/json; charset=utf-8
cache-control: no-cache
content-length: 14

21:11:07.951 [AsyncHttpClient-1-9] DEBUG org.asynchttpclient.netty.channel.ChannelManager - Adding key: http://localhost:62058 for channel [id: 0x6831bc07, L:/127.0.0.1:61736 - R:localhost/127.0.0.1:62058]
21:11:07.954 [Forwarding getCurrentUrl on session 9b4fa1238e3c4611ebbdda16b7269de7 to remote] DEBUG org.asynchttpclient.netty.request.NettyRequestSender - Using pooled Channel '[id: 0x6831bc07, L:/127.0.0.1:61736 - R:localhost/127.0.0.1:62058]' for 'GET' to 'http://localhost:62058/session/9b4fa1238e3c4611ebbdda16b7269de7/url'
21:11:07.954 [Forwarding getCurrentUrl on session 9b4fa1238e3c4611ebbdda16b7269de7 to remote] DEBUG org.asynchttpclient.netty.request.NettyRequestSender - Using open Channel [id: 0x6831bc07, L:/127.0.0.1:61736 - R:localhost/127.0.0.1:62058] for GET '/session/9b4fa1238e3c4611ebbdda16b7269de7/url'
21:11:07.959 [AsyncHttpClient-1-9] DEBUG org.asynchttpclient.netty.handler.HttpHandler - 

Request DefaultFullHttpRequest(decodeResult: success, version: HTTP/1.1, content: EmptyByteBufBE)
GET /session/9b4fa1238e3c4611ebbdda16b7269de7/url HTTP/1.1
User-Agent: selenium/4.1.2 (java windows)
Cache-Control: no-cache
Content-Type: application/json; charset=utf-8
host: localhost:62058
accept: */*

Response DefaultHttpResponse(decodeResult: success, version: HTTP/1.1)
HTTP/1.1 200 OK
Content-Type: application/json; charset=utf-8
cache-control: no-cache
content-length: 51

21:11:07.959 [AsyncHttpClient-1-9] DEBUG org.asynchttpclient.netty.channel.ChannelManager - Adding key: http://localhost:62058 for channel [id: 0x6831bc07, L:/127.0.0.1:61736 - R:localhost/127.0.0.1:62058]
  &amp#27;[32mGiven &amp#27;[0m&amp#27;[32mI am on the login Page&amp#27;[0m          &amp#27;[90m# starter.stepdefinitions.LogoutStep.iAmOnTheLoginPage()&amp#27;[0m
21:11:07.965 [Forwarding screenshot on session 9b4fa1238e3c4611ebbdda16b7269de7 to remote] DEBUG org.asynchttpclient.netty.request.NettyRequestSender - Using pooled Channel '[id: 0x6831bc07, L:/127.0.0.1:61736 - R:localhost/127.0.0.1:62058]' for 'GET' to 'http://localhost:62058/session/9b4fa1238e3c4611ebbdda16b7269de7/screenshot'
21:11:07.965 [Forwarding screenshot on session 9b4fa1238e3c4611ebbdda16b7269de7 to remote] DEBUG org.asynchttpclient.netty.request.NettyRequestSender - Using open Channel [id: 0x6831bc07, L:/127.0.0.1:61736 - R:localhost/127.0.0.1:62058] for GET '/session/9b4fa1238e3c4611ebbdda16b7269de7/screenshot'
21:11:08.178 [AsyncHttpClient-1-9] DEBUG org.asynchttpclient.netty.handler.HttpHandler - 

Request DefaultFullHttpRequest(decodeResult: success, version: HTTP/1.1, content: EmptyByteBufBE)
GET /session/9b4fa1238e3c4611ebbdda16b7269de7/screenshot HTTP/1.1
User-Agent: selenium/4.1.2 (java windows)
Cache-Control: no-cache
Content-Type: application/json; charset=utf-8
host: localhost:62058
accept: */*

Response DefaultHttpResponse(decodeResult: success, version: HTTP/1.1)
HTTP/1.1 200 OK
Content-Type: application/json; charset=utf-8
cache-control: no-cache
content-length: 22956

21:11:08.178 [AsyncHttpClient-1-9] DEBUG org.asynchttpclient.netty.channel.ChannelManager - Adding key: http://localhost:62058 for channel [id: 0x6831bc07, L:/127.0.0.1:61736 - R:localhost/127.0.0.1:62058]
21:11:08.181 [main] DEBUG net.serenitybdd.core.photography.Darkroom - Send negative for processing for target\site\serenity\aee116daef9f70687dbaee6bc527f5648618468770bbd8309c15c6b66fad3d98.png
21:11:08.187 [Forwarding findElement on session 9b4fa1238e3c4611ebbdda16b7269de7 to remote] DEBUG org.asynchttpclient.netty.request.NettyRequestSender - Using pooled Channel '[id: 0x6831bc07, L:/127.0.0.1:61736 - R:localhost/127.0.0.1:62058]' for 'POST' to 'http://localhost:62058/session/9b4fa1238e3c4611ebbdda16b7269de7/element'
21:11:08.187 [Forwarding findElement on session 9b4fa1238e3c4611ebbdda16b7269de7 to remote] DEBUG org.asynchttpclient.netty.request.NettyRequestSender - Using open Channel [id: 0x6831bc07, L:/127.0.0.1:61736 - R:localhost/127.0.0.1:62058] for POST '/session/9b4fa1238e3c4611ebbdda16b7269de7/element'
21:11:08.198 [AsyncHttpClient-1-9] DEBUG org.asynchttpclient.netty.handler.HttpHandler - 

Request DefaultHttpRequest(decodeResult: success, version: HTTP/1.1)
POST /session/9b4fa1238e3c4611ebbdda16b7269de7/element HTTP/1.1
User-Agent: selenium/4.1.2 (java windows)
Content-Length: 86
Content-Type: application/json; charset=utf-8
host: localhost:62058
accept: */*

Response DefaultHttpResponse(decodeResult: success, version: HTTP/1.1)
HTTP/1.1 200 OK
Content-Type: application/json; charset=utf-8
cache-control: no-cache
content-length: 88

21:11:08.198 [AsyncHttpClient-1-9] DEBUG org.asynchttpclient.netty.channel.ChannelManager - Adding key: http://localhost:62058 for channel [id: 0x6831bc07, L:/127.0.0.1:61736 - R:localhost/127.0.0.1:62058]
21:11:08.198 [Forwarding clearElement on session 9b4fa1238e3c4611ebbdda16b7269de7 to remote] DEBUG org.asynchttpclient.netty.request.NettyRequestSender - Using pooled Channel '[id: 0x6831bc07, L:/127.0.0.1:61736 - R:localhost/127.0.0.1:62058]' for 'POST' to 'http://localhost:62058/session/9b4fa1238e3c4611ebbdda16b7269de7/element/a75c0c4e-bbe1-40b4-b48f-96811b0bbcbd/clear'
21:11:08.198 [Forwarding clearElement on session 9b4fa1238e3c4611ebbdda16b7269de7 to remote] DEBUG org.asynchttpclient.netty.request.NettyRequestSender - Using open Channel [id: 0x6831bc07, L:/127.0.0.1:61736 - R:localhost/127.0.0.1:62058] for POST '/session/9b4fa1238e3c4611ebbdda16b7269de7/element/a75c0c4e-bbe1-40b4-b48f-96811b0bbcbd/clear'
21:11:08.229 [AsyncHttpClient-1-9] DEBUG org.asynchttpclient.netty.handler.HttpHandler - 

Request DefaultHttpRequest(decodeResult: success, version: HTTP/1.1)
POST /session/9b4fa1238e3c4611ebbdda16b7269de7/element/a75c0c4e-bbe1-40b4-b48f-96811b0bbcbd/clear HTTP/1.1
User-Agent: selenium/4.1.2 (java windows)
Content-Length: 50
Content-Type: application/json; charset=utf-8
host: localhost:62058
accept: */*

Response DefaultHttpResponse(decodeResult: success, version: HTTP/1.1)
HTTP/1.1 200 OK
Content-Type: application/json; charset=utf-8
cache-control: no-cache
content-length: 14

21:11:08.229 [AsyncHttpClient-1-9] DEBUG org.asynchttpclient.netty.channel.ChannelManager - Adding key: http://localhost:62058 for channel [id: 0x6831bc07, L:/127.0.0.1:61736 - R:localhost/127.0.0.1:62058]
21:11:08.230 [Forwarding sendKeysToElement on session 9b4fa1238e3c4611ebbdda16b7269de7 to remote] DEBUG org.asynchttpclient.netty.request.NettyRequestSender - Using pooled Channel '[id: 0x6831bc07, L:/127.0.0.1:61736 - R:localhost/127.0.0.1:62058]' for 'POST' to 'http://localhost:62058/session/9b4fa1238e3c4611ebbdda16b7269de7/element/a75c0c4e-bbe1-40b4-b48f-96811b0bbcbd/value'
21:11:08.230 [Forwarding sendKeysToElement on session 9b4fa1238e3c4611ebbdda16b7269de7 to remote] DEBUG org.asynchttpclient.netty.request.NettyRequestSender - Using open Channel [id: 0x6831bc07, L:/127.0.0.1:61736 - R:localhost/127.0.0.1:62058] for POST '/session/9b4fa1238e3c4611ebbdda16b7269de7/element/a75c0c4e-bbe1-40b4-b48f-96811b0bbcbd/value'
21:11:08.318 [AsyncHttpClient-1-1] DEBUG org.asynchttpclient.netty.channel.DefaultChannelPool - Entry count for : http://localhost:61737 : 1
21:11:08.344 [AsyncHttpClient-1-9] DEBUG org.asynchttpclient.netty.handler.HttpHandler - 

Request DefaultHttpRequest(decodeResult: success, version: HTTP/1.1)
POST /session/9b4fa1238e3c4611ebbdda16b7269de7/element/a75c0c4e-bbe1-40b4-b48f-96811b0bbcbd/value HTTP/1.1
User-Agent: selenium/4.1.2 (java windows)
Content-Length: 271
Content-Type: application/json; charset=utf-8
host: localhost:62058
accept: */*

Response DefaultHttpResponse(decodeResult: success, version: HTTP/1.1)
HTTP/1.1 200 OK
Content-Type: application/json; charset=utf-8
cache-control: no-cache
content-length: 14

21:11:08.344 [AsyncHttpClient-1-9] DEBUG org.asynchttpclient.netty.channel.ChannelManager - Adding key: http://localhost:62058 for channel [id: 0x6831bc07, L:/127.0.0.1:61736 - R:localhost/127.0.0.1:62058]
  &amp#27;[32mWhen &amp#27;[0m&amp#27;[32mI input valid Email&amp#27;[0m              &amp#27;[90m# starter.stepdefinitions.LogoutStep.iInputValidEmail()&amp#27;[0m
21:11:08.349 [Forwarding screenshot on session 9b4fa1238e3c4611ebbdda16b7269de7 to remote] DEBUG org.asynchttpclient.netty.request.NettyRequestSender - Using pooled Channel '[id: 0x6831bc07, L:/127.0.0.1:61736 - R:localhost/127.0.0.1:62058]' for 'GET' to 'http://localhost:62058/session/9b4fa1238e3c4611ebbdda16b7269de7/screenshot'
21:11:08.349 [Forwarding screenshot on session 9b4fa1238e3c4611ebbdda16b7269de7 to remote] DEBUG org.asynchttpclient.netty.request.NettyRequestSender - Using open Channel [id: 0x6831bc07, L:/127.0.0.1:61736 - R:localhost/127.0.0.1:62058] for GET '/session/9b4fa1238e3c4611ebbdda16b7269de7/screenshot'
21:11:08.450 [AsyncHttpClient-1-9] DEBUG org.asynchttpclient.netty.handler.HttpHandler - 

Request DefaultFullHttpRequest(decodeResult: success, version: HTTP/1.1, content: EmptyByteBufBE)
GET /session/9b4fa1238e3c4611ebbdda16b7269de7/screenshot HTTP/1.1
User-Agent: selenium/4.1.2 (java windows)
Cache-Control: no-cache
Content-Type: application/json; charset=utf-8
host: localhost:62058
accept: */*

Response DefaultHttpResponse(decodeResult: success, version: HTTP/1.1)
HTTP/1.1 200 OK
Content-Type: application/json; charset=utf-8
cache-control: no-cache
content-length: 28268

21:11:08.450 [AsyncHttpClient-1-9] DEBUG org.asynchttpclient.netty.channel.ChannelManager - Adding key: http://localhost:62058 for channel [id: 0x6831bc07, L:/127.0.0.1:61736 - R:localhost/127.0.0.1:62058]
21:11:08.452 [main] DEBUG net.serenitybdd.core.photography.Darkroom - Send negative for processing for target\site\serenity\ac5943e79401c69108cda600f043ae9361ba4b9b6b26b12f5895b62ca615a38b.png
21:11:08.453 [Darkroom Processing Line] DEBUG net.serenitybdd.core.photography.DarkroomProcessingLine - Processing screenshot image in /var/screenshots/screenshot-5850551887660394347
21:11:08.453 [Darkroom Processing Line] DEBUG net.serenitybdd.core.photography.DarkroomProcessingLine - Saving screenshot to target\site\serenity\ac5943e79401c69108cda600f043ae9361ba4b9b6b26b12f5895b62ca615a38b.png
21:11:08.458 [Forwarding findElement on session 9b4fa1238e3c4611ebbdda16b7269de7 to remote] DEBUG org.asynchttpclient.netty.request.NettyRequestSender - Using pooled Channel '[id: 0x6831bc07, L:/127.0.0.1:61736 - R:localhost/127.0.0.1:62058]' for 'POST' to 'http://localhost:62058/session/9b4fa1238e3c4611ebbdda16b7269de7/element'
21:11:08.458 [Forwarding findElement on session 9b4fa1238e3c4611ebbdda16b7269de7 to remote] DEBUG org.asynchttpclient.netty.request.NettyRequestSender - Using open Channel [id: 0x6831bc07, L:/127.0.0.1:61736 - R:localhost/127.0.0.1:62058] for POST '/session/9b4fa1238e3c4611ebbdda16b7269de7/element'
21:11:08.470 [AsyncHttpClient-1-9] DEBUG org.asynchttpclient.netty.handler.HttpHandler - 

Request DefaultHttpRequest(decodeResult: success, version: HTTP/1.1)
POST /session/9b4fa1238e3c4611ebbdda16b7269de7/element HTTP/1.1
User-Agent: selenium/4.1.2 (java windows)
Content-Length: 89
Content-Type: application/json; charset=utf-8
host: localhost:62058
accept: */*

Response DefaultHttpResponse(decodeResult: success, version: HTTP/1.1)
HTTP/1.1 200 OK
Content-Type: application/json; charset=utf-8
cache-control: no-cache
content-length: 88

21:11:08.470 [AsyncHttpClient-1-9] DEBUG org.asynchttpclient.netty.channel.ChannelManager - Adding key: http://localhost:62058 for channel [id: 0x6831bc07, L:/127.0.0.1:61736 - R:localhost/127.0.0.1:62058]
21:11:08.472 [Forwarding clearElement on session 9b4fa1238e3c4611ebbdda16b7269de7 to remote] DEBUG org.asynchttpclient.netty.request.NettyRequestSender - Using pooled Channel '[id: 0x6831bc07, L:/127.0.0.1:61736 - R:localhost/127.0.0.1:62058]' for 'POST' to 'http://localhost:62058/session/9b4fa1238e3c4611ebbdda16b7269de7/element/c4d0e6b5-7edf-4804-aff1-4b55acc3cd38/clear'
21:11:08.472 [Forwarding clearElement on session 9b4fa1238e3c4611ebbdda16b7269de7 to remote] DEBUG org.asynchttpclient.netty.request.NettyRequestSender - Using open Channel [id: 0x6831bc07, L:/127.0.0.1:61736 - R:localhost/127.0.0.1:62058] for POST '/session/9b4fa1238e3c4611ebbdda16b7269de7/element/c4d0e6b5-7edf-4804-aff1-4b55acc3cd38/clear'
21:11:08.501 [AsyncHttpClient-1-9] DEBUG org.asynchttpclient.netty.handler.HttpHandler - 

Request DefaultHttpRequest(decodeResult: success, version: HTTP/1.1)
POST /session/9b4fa1238e3c4611ebbdda16b7269de7/element/c4d0e6b5-7edf-4804-aff1-4b55acc3cd38/clear HTTP/1.1
User-Agent: selenium/4.1.2 (java windows)
Content-Length: 50
Content-Type: application/json; charset=utf-8
host: localhost:62058
accept: */*

Response DefaultHttpResponse(decodeResult: success, version: HTTP/1.1)
HTTP/1.1 200 OK
Content-Type: application/json; charset=utf-8
cache-control: no-cache
content-length: 14

21:11:08.501 [AsyncHttpClient-1-9] DEBUG org.asynchttpclient.netty.channel.ChannelManager - Adding key: http://localhost:62058 for channel [id: 0x6831bc07, L:/127.0.0.1:61736 - R:localhost/127.0.0.1:62058]
21:11:08.503 [Forwarding sendKeysToElement on session 9b4fa1238e3c4611ebbdda16b7269de7 to remote] DEBUG org.asynchttpclient.netty.request.NettyRequestSender - Using pooled Channel '[id: 0x6831bc07, L:/127.0.0.1:61736 - R:localhost/127.0.0.1:62058]' for 'POST' to 'http://localhost:62058/session/9b4fa1238e3c4611ebbdda16b7269de7/element/c4d0e6b5-7edf-4804-aff1-4b55acc3cd38/value'
21:11:08.503 [Forwarding sendKeysToElement on session 9b4fa1238e3c4611ebbdda16b7269de7 to remote] DEBUG org.asynchttpclient.netty.request.NettyRequestSender - Using open Channel [id: 0x6831bc07, L:/127.0.0.1:61736 - R:localhost/127.0.0.1:62058] for POST '/session/9b4fa1238e3c4611ebbdda16b7269de7/element/c4d0e6b5-7edf-4804-aff1-4b55acc3cd38/value'
21:11:08.578 [AsyncHttpClient-1-9] DEBUG org.asynchttpclient.netty.handler.HttpHandler - 

Request DefaultHttpRequest(decodeResult: success, version: HTTP/1.1)
POST /session/9b4fa1238e3c4611ebbdda16b7269de7/element/c4d0e6b5-7edf-4804-aff1-4b55acc3cd38/value HTTP/1.1
User-Agent: selenium/4.1.2 (java windows)
Content-Length: 181
Content-Type: application/json; charset=utf-8
host: localhost:62058
accept: */*

Response DefaultHttpResponse(decodeResult: success, version: HTTP/1.1)
HTTP/1.1 200 OK
Content-Type: application/json; charset=utf-8
cache-control: no-cache
content-length: 14

21:11:08.578 [AsyncHttpClient-1-9] DEBUG org.asynchttpclient.netty.channel.ChannelManager - Adding key: http://localhost:62058 for channel [id: 0x6831bc07, L:/127.0.0.1:61736 - R:localhost/127.0.0.1:62058]
  &amp#27;[32mAnd &amp#27;[0m&amp#27;[32mI input valid Password&amp#27;[0m            &amp#27;[90m# starter.stepdefinitions.LogoutStep.iInputValidPassword()&amp#27;[0m
21:11:08.584 [Forwarding screenshot on session 9b4fa1238e3c4611ebbdda16b7269de7 to remote] DEBUG org.asynchttpclient.netty.request.NettyRequestSender - Using pooled Channel '[id: 0x6831bc07, L:/127.0.0.1:61736 - R:localhost/127.0.0.1:62058]' for 'GET' to 'http://localhost:62058/session/9b4fa1238e3c4611ebbdda16b7269de7/screenshot'
21:11:08.584 [Forwarding screenshot on session 9b4fa1238e3c4611ebbdda16b7269de7 to remote] DEBUG org.asynchttpclient.netty.request.NettyRequestSender - Using open Channel [id: 0x6831bc07, L:/127.0.0.1:61736 - R:localhost/127.0.0.1:62058] for GET '/session/9b4fa1238e3c4611ebbdda16b7269de7/screenshot'
21:11:08.687 [AsyncHttpClient-1-9] DEBUG org.asynchttpclient.netty.handler.HttpHandler - 

Request DefaultFullHttpRequest(decodeResult: success, version: HTTP/1.1, content: EmptyByteBufBE)
GET /session/9b4fa1238e3c4611ebbdda16b7269de7/screenshot HTTP/1.1
User-Agent: selenium/4.1.2 (java windows)
Cache-Control: no-cache
Content-Type: application/json; charset=utf-8
host: localhost:62058
accept: */*

Response DefaultHttpResponse(decodeResult: success, version: HTTP/1.1)
HTTP/1.1 200 OK
Content-Type: application/json; charset=utf-8
cache-control: no-cache
content-length: 30720

21:11:08.687 [AsyncHttpClient-1-9] DEBUG org.asynchttpclient.netty.channel.ChannelManager - Adding key: http://localhost:62058 for channel [id: 0x6831bc07, L:/127.0.0.1:61736 - R:localhost/127.0.0.1:62058]
21:11:08.689 [main] DEBUG net.serenitybdd.core.photography.Darkroom - Send negative for processing for target\site\serenity\366ebb2affaafc0e237482d83e631d0821dc6d31a1d3ed05be119ac774242cd8.png
21:11:08.689 [Darkroom Processing Line] DEBUG net.serenitybdd.core.photography.DarkroomProcessingLine - Processing screenshot image in /var/screenshots/screenshot-13364306637346726684
21:11:08.689 [Darkroom Processing Line] DEBUG net.serenitybdd.core.photography.DarkroomProcessingLine - Saving screenshot to target\site\serenity\366ebb2affaafc0e237482d83e631d0821dc6d31a1d3ed05be119ac774242cd8.png
21:11:08.696 [Forwarding findElement on session 9b4fa1238e3c4611ebbdda16b7269de7 to remote] DEBUG org.asynchttpclient.netty.request.NettyRequestSender - Using pooled Channel '[id: 0x6831bc07, L:/127.0.0.1:61736 - R:localhost/127.0.0.1:62058]' for 'POST' to 'http://localhost:62058/session/9b4fa1238e3c4611ebbdda16b7269de7/element'
21:11:08.697 [Forwarding findElement on session 9b4fa1238e3c4611ebbdda16b7269de7 to remote] DEBUG org.asynchttpclient.netty.request.NettyRequestSender - Using open Channel [id: 0x6831bc07, L:/127.0.0.1:61736 - R:localhost/127.0.0.1:62058] for POST '/session/9b4fa1238e3c4611ebbdda16b7269de7/element'
21:11:08.706 [AsyncHttpClient-1-9] DEBUG org.asynchttpclient.netty.handler.HttpHandler - 

Request DefaultHttpRequest(decodeResult: success, version: HTTP/1.1)
POST /session/9b4fa1238e3c4611ebbdda16b7269de7/element HTTP/1.1
User-Agent: selenium/4.1.2 (java windows)
Content-Length: 83
Content-Type: application/json; charset=utf-8
host: localhost:62058
accept: */*

Response DefaultHttpResponse(decodeResult: success, version: HTTP/1.1)
HTTP/1.1 200 OK
Content-Type: application/json; charset=utf-8
cache-control: no-cache
content-length: 88

21:11:08.706 [AsyncHttpClient-1-9] DEBUG org.asynchttpclient.netty.channel.ChannelManager - Adding key: http://localhost:62058 for channel [id: 0x6831bc07, L:/127.0.0.1:61736 - R:localhost/127.0.0.1:62058]
21:11:08.707 [Forwarding getElementTagName on session 9b4fa1238e3c4611ebbdda16b7269de7 to remote] DEBUG org.asynchttpclient.netty.request.NettyRequestSender - Using pooled Channel '[id: 0x6831bc07, L:/127.0.0.1:61736 - R:localhost/127.0.0.1:62058]' for 'GET' to 'http://localhost:62058/session/9b4fa1238e3c4611ebbdda16b7269de7/element/15cc9db7-7b4e-4546-a33c-1b1835df1a6f/name'
21:11:08.708 [Forwarding getElementTagName on session 9b4fa1238e3c4611ebbdda16b7269de7 to remote] DEBUG org.asynchttpclient.netty.request.NettyRequestSender - Using open Channel [id: 0x6831bc07, L:/127.0.0.1:61736 - R:localhost/127.0.0.1:62058] for GET '/session/9b4fa1238e3c4611ebbdda16b7269de7/element/15cc9db7-7b4e-4546-a33c-1b1835df1a6f/name'
21:11:08.713 [AsyncHttpClient-1-9] DEBUG org.asynchttpclient.netty.handler.HttpHandler - 

Request DefaultFullHttpRequest(decodeResult: success, version: HTTP/1.1, content: EmptyByteBufBE)
GET /session/9b4fa1238e3c4611ebbdda16b7269de7/element/15cc9db7-7b4e-4546-a33c-1b1835df1a6f/name HTTP/1.1
User-Agent: selenium/4.1.2 (java windows)
Cache-Control: no-cache
Content-Type: application/json; charset=utf-8
host: localhost:62058
accept: */*

Response DefaultHttpResponse(decodeResult: success, version: HTTP/1.1)
HTTP/1.1 200 OK
Content-Type: application/json; charset=utf-8
cache-control: no-cache
content-length: 16

21:11:08.714 [AsyncHttpClient-1-9] DEBUG org.asynchttpclient.netty.channel.ChannelManager - Adding key: http://localhost:62058 for channel [id: 0x6831bc07, L:/127.0.0.1:61736 - R:localhost/127.0.0.1:62058]
21:11:08.715 [Forwarding getElementTagName on session 9b4fa1238e3c4611ebbdda16b7269de7 to remote] DEBUG org.asynchttpclient.netty.request.NettyRequestSender - Using pooled Channel '[id: 0x6831bc07, L:/127.0.0.1:61736 - R:localhost/127.0.0.1:62058]' for 'GET' to 'http://localhost:62058/session/9b4fa1238e3c4611ebbdda16b7269de7/element/15cc9db7-7b4e-4546-a33c-1b1835df1a6f/name'
21:11:08.715 [Forwarding getElementTagName on session 9b4fa1238e3c4611ebbdda16b7269de7 to remote] DEBUG org.asynchttpclient.netty.request.NettyRequestSender - Using open Channel [id: 0x6831bc07, L:/127.0.0.1:61736 - R:localhost/127.0.0.1:62058] for GET '/session/9b4fa1238e3c4611ebbdda16b7269de7/element/15cc9db7-7b4e-4546-a33c-1b1835df1a6f/name'
21:11:08.720 [AsyncHttpClient-1-9] DEBUG org.asynchttpclient.netty.handler.HttpHandler - 

Request DefaultFullHttpRequest(decodeResult: success, version: HTTP/1.1, content: EmptyByteBufBE)
GET /session/9b4fa1238e3c4611ebbdda16b7269de7/element/15cc9db7-7b4e-4546-a33c-1b1835df1a6f/name HTTP/1.1
User-Agent: selenium/4.1.2 (java windows)
Cache-Control: no-cache
Content-Type: application/json; charset=utf-8
host: localhost:62058
accept: */*

Response DefaultHttpResponse(decodeResult: success, version: HTTP/1.1)
HTTP/1.1 200 OK
Content-Type: application/json; charset=utf-8
cache-control: no-cache
content-length: 16

21:11:08.720 [AsyncHttpClient-1-9] DEBUG org.asynchttpclient.netty.channel.ChannelManager - Adding key: http://localhost:62058 for channel [id: 0x6831bc07, L:/127.0.0.1:61736 - R:localhost/127.0.0.1:62058]
21:11:08.721 [Forwarding findElement on session 9b4fa1238e3c4611ebbdda16b7269de7 to remote] DEBUG org.asynchttpclient.netty.request.NettyRequestSender - Using pooled Channel '[id: 0x6831bc07, L:/127.0.0.1:61736 - R:localhost/127.0.0.1:62058]' for 'POST' to 'http://localhost:62058/session/9b4fa1238e3c4611ebbdda16b7269de7/element'
21:11:08.721 [Forwarding findElement on session 9b4fa1238e3c4611ebbdda16b7269de7 to remote] DEBUG org.asynchttpclient.netty.request.NettyRequestSender - Using open Channel [id: 0x6831bc07, L:/127.0.0.1:61736 - R:localhost/127.0.0.1:62058] for POST '/session/9b4fa1238e3c4611ebbdda16b7269de7/element'
21:11:08.726 [AsyncHttpClient-1-9] DEBUG org.asynchttpclient.netty.handler.HttpHandler - 

Request DefaultHttpRequest(decodeResult: success, version: HTTP/1.1)
POST /session/9b4fa1238e3c4611ebbdda16b7269de7/element HTTP/1.1
User-Agent: selenium/4.1.2 (java windows)
Content-Length: 83
Content-Type: application/json; charset=utf-8
host: localhost:62058
accept: */*

Response DefaultHttpResponse(decodeResult: success, version: HTTP/1.1)
HTTP/1.1 200 OK
Content-Type: application/json; charset=utf-8
cache-control: no-cache
content-length: 88

21:11:08.726 [AsyncHttpClient-1-9] DEBUG org.asynchttpclient.netty.channel.ChannelManager - Adding key: http://localhost:62058 for channel [id: 0x6831bc07, L:/127.0.0.1:61736 - R:localhost/127.0.0.1:62058]
21:11:08.727 [Forwarding clickElement on session 9b4fa1238e3c4611ebbdda16b7269de7 to remote] DEBUG org.asynchttpclient.netty.request.NettyRequestSender - Using pooled Channel '[id: 0x6831bc07, L:/127.0.0.1:61736 - R:localhost/127.0.0.1:62058]' for 'POST' to 'http://localhost:62058/session/9b4fa1238e3c4611ebbdda16b7269de7/element/15cc9db7-7b4e-4546-a33c-1b1835df1a6f/click'
21:11:08.727 [Forwarding clickElement on session 9b4fa1238e3c4611ebbdda16b7269de7 to remote] DEBUG org.asynchttpclient.netty.request.NettyRequestSender - Using open Channel [id: 0x6831bc07, L:/127.0.0.1:61736 - R:localhost/127.0.0.1:62058] for POST '/session/9b4fa1238e3c4611ebbdda16b7269de7/element/15cc9db7-7b4e-4546-a33c-1b1835df1a6f/click'
21:11:08.765 [AsyncHttpClient-1-9] DEBUG org.asynchttpclient.netty.handler.HttpHandler - 

Request DefaultHttpRequest(decodeResult: success, version: HTTP/1.1)
POST /session/9b4fa1238e3c4611ebbdda16b7269de7/element/15cc9db7-7b4e-4546-a33c-1b1835df1a6f/click HTTP/1.1
User-Agent: selenium/4.1.2 (java windows)
Content-Length: 50
Content-Type: application/json; charset=utf-8
host: localhost:62058
accept: */*

Response DefaultHttpResponse(decodeResult: success, version: HTTP/1.1)
HTTP/1.1 200 OK
Content-Type: application/json; charset=utf-8
cache-control: no-cache
content-length: 14

21:11:08.765 [AsyncHttpClient-1-9] DEBUG org.asynchttpclient.netty.channel.ChannelManager - Adding key: http://localhost:62058 for channel [id: 0x6831bc07, L:/127.0.0.1:61736 - R:localhost/127.0.0.1:62058]
  &amp#27;[32mAnd &amp#27;[0m&amp#27;[32mI click login Button&amp#27;[0m              &amp#27;[90m# starter.stepdefinitions.LogoutStep.iClickLoginButton()&amp#27;[0m
21:11:08.770 [Forwarding screenshot on session 9b4fa1238e3c4611ebbdda16b7269de7 to remote] DEBUG org.asynchttpclient.netty.request.NettyRequestSender - Using pooled Channel '[id: 0x6831bc07, L:/127.0.0.1:61736 - R:localhost/127.0.0.1:62058]' for 'GET' to 'http://localhost:62058/session/9b4fa1238e3c4611ebbdda16b7269de7/screenshot'
21:11:08.770 [Forwarding screenshot on session 9b4fa1238e3c4611ebbdda16b7269de7 to remote] DEBUG org.asynchttpclient.netty.request.NettyRequestSender - Using open Channel [id: 0x6831bc07, L:/127.0.0.1:61736 - R:localhost/127.0.0.1:62058] for GET '/session/9b4fa1238e3c4611ebbdda16b7269de7/screenshot'
21:11:08.860 [AsyncHttpClient-1-9] DEBUG org.asynchttpclient.netty.handler.HttpHandler - 

Request DefaultFullHttpRequest(decodeResult: success, version: HTTP/1.1, content: EmptyByteBufBE)
GET /session/9b4fa1238e3c4611ebbdda16b7269de7/screenshot HTTP/1.1
User-Agent: selenium/4.1.2 (java windows)
Cache-Control: no-cache
Content-Type: application/json; charset=utf-8
host: localhost:62058
accept: */*

Response DefaultHttpResponse(decodeResult: success, version: HTTP/1.1)
HTTP/1.1 200 OK
Content-Type: application/json; charset=utf-8
cache-control: no-cache
content-length: 30788

21:11:08.860 [AsyncHttpClient-1-9] DEBUG org.asynchttpclient.netty.channel.ChannelManager - Adding key: http://localhost:62058 for channel [id: 0x6831bc07, L:/127.0.0.1:61736 - R:localhost/127.0.0.1:62058]
21:11:08.862 [main] DEBUG net.serenitybdd.core.photography.Darkroom - Send negative for processing for target\site\serenity\7ff44cda0bf06622b780619afc5d8757ad77502437533b9b056928f4581a9fb6.png
21:11:08.862 [Darkroom Processing Line] DEBUG net.serenitybdd.core.photography.DarkroomProcessingLine - Processing screenshot image in /var/screenshots/screenshot-7680906639866088640
21:11:08.862 [Darkroom Processing Line] DEBUG net.serenitybdd.core.photography.DarkroomProcessingLine - Saving screenshot to target\site\serenity\7ff44cda0bf06622b780619afc5d8757ad77502437533b9b056928f4581a9fb6.png
21:11:08.867 [Forwarding findElement on session 9b4fa1238e3c4611ebbdda16b7269de7 to remote] DEBUG org.asynchttpclient.netty.request.NettyRequestSender - Using pooled Channel '[id: 0x6831bc07, L:/127.0.0.1:61736 - R:localhost/127.0.0.1:62058]' for 'POST' to 'http://localhost:62058/session/9b4fa1238e3c4611ebbdda16b7269de7/element'
21:11:08.867 [Forwarding findElement on session 9b4fa1238e3c4611ebbdda16b7269de7 to remote] DEBUG org.asynchttpclient.netty.request.NettyRequestSender - Using open Channel [id: 0x6831bc07, L:/127.0.0.1:61736 - R:localhost/127.0.0.1:62058] for POST '/session/9b4fa1238e3c4611ebbdda16b7269de7/element'
21:11:08.877 [AsyncHttpClient-1-9] DEBUG org.asynchttpclient.netty.handler.HttpHandler - 

Request DefaultHttpRequest(decodeResult: success, version: HTTP/1.1)
POST /session/9b4fa1238e3c4611ebbdda16b7269de7/element HTTP/1.1
User-Agent: selenium/4.1.2 (java windows)
Content-Length: 108
Content-Type: application/json; charset=utf-8
host: localhost:62058
accept: */*

Response DefaultHttpResponse(decodeResult: success, version: HTTP/1.1)
HTTP/1.1 200 OK
Content-Type: application/json; charset=utf-8
cache-control: no-cache
content-length: 88

21:11:08.878 [AsyncHttpClient-1-9] DEBUG org.asynchttpclient.netty.channel.ChannelManager - Adding key: http://localhost:62058 for channel [id: 0x6831bc07, L:/127.0.0.1:61736 - R:localhost/127.0.0.1:62058]
21:11:08.878 [Forwarding getElementTagName on session 9b4fa1238e3c4611ebbdda16b7269de7 to remote] DEBUG org.asynchttpclient.netty.request.NettyRequestSender - Using pooled Channel '[id: 0x6831bc07, L:/127.0.0.1:61736 - R:localhost/127.0.0.1:62058]' for 'GET' to 'http://localhost:62058/session/9b4fa1238e3c4611ebbdda16b7269de7/element/58f0b19b-36ff-4a52-953a-375c47e822ed/name'
21:11:08.878 [Forwarding getElementTagName on session 9b4fa1238e3c4611ebbdda16b7269de7 to remote] DEBUG org.asynchttpclient.netty.request.NettyRequestSender - Using open Channel [id: 0x6831bc07, L:/127.0.0.1:61736 - R:localhost/127.0.0.1:62058] for GET '/session/9b4fa1238e3c4611ebbdda16b7269de7/element/58f0b19b-36ff-4a52-953a-375c47e822ed/name'
21:11:08.886 [AsyncHttpClient-1-9] DEBUG org.asynchttpclient.netty.handler.HttpHandler - 

Request DefaultFullHttpRequest(decodeResult: success, version: HTTP/1.1, content: EmptyByteBufBE)
GET /session/9b4fa1238e3c4611ebbdda16b7269de7/element/58f0b19b-36ff-4a52-953a-375c47e822ed/name HTTP/1.1
User-Agent: selenium/4.1.2 (java windows)
Cache-Control: no-cache
Content-Type: application/json; charset=utf-8
host: localhost:62058
accept: */*

Response DefaultHttpResponse(decodeResult: success, version: HTTP/1.1)
HTTP/1.1 200 OK
Content-Type: application/json; charset=utf-8
cache-control: no-cache
content-length: 18

21:11:08.886 [AsyncHttpClient-1-9] DEBUG org.asynchttpclient.netty.channel.ChannelManager - Adding key: http://localhost:62058 for channel [id: 0x6831bc07, L:/127.0.0.1:61736 - R:localhost/127.0.0.1:62058]
21:11:08.886 [Forwarding getElementTagName on session 9b4fa1238e3c4611ebbdda16b7269de7 to remote] DEBUG org.asynchttpclient.netty.request.NettyRequestSender - Using pooled Channel '[id: 0x6831bc07, L:/127.0.0.1:61736 - R:localhost/127.0.0.1:62058]' for 'GET' to 'http://localhost:62058/session/9b4fa1238e3c4611ebbdda16b7269de7/element/58f0b19b-36ff-4a52-953a-375c47e822ed/name'
21:11:08.886 [Forwarding getElementTagName on session 9b4fa1238e3c4611ebbdda16b7269de7 to remote] DEBUG org.asynchttpclient.netty.request.NettyRequestSender - Using open Channel [id: 0x6831bc07, L:/127.0.0.1:61736 - R:localhost/127.0.0.1:62058] for GET '/session/9b4fa1238e3c4611ebbdda16b7269de7/element/58f0b19b-36ff-4a52-953a-375c47e822ed/name'
21:11:08.889 [AsyncHttpClient-1-9] DEBUG org.asynchttpclient.netty.handler.HttpHandler - 

Request DefaultFullHttpRequest(decodeResult: success, version: HTTP/1.1, content: EmptyByteBufBE)
GET /session/9b4fa1238e3c4611ebbdda16b7269de7/element/58f0b19b-36ff-4a52-953a-375c47e822ed/name HTTP/1.1
User-Agent: selenium/4.1.2 (java windows)
Cache-Control: no-cache
Content-Type: application/json; charset=utf-8
host: localhost:62058
accept: */*

Response DefaultHttpResponse(decodeResult: success, version: HTTP/1.1)
HTTP/1.1 200 OK
Content-Type: application/json; charset=utf-8
cache-control: no-cache
content-length: 18

21:11:08.889 [AsyncHttpClient-1-9] DEBUG org.asynchttpclient.netty.channel.ChannelManager - Adding key: http://localhost:62058 for channel [id: 0x6831bc07, L:/127.0.0.1:61736 - R:localhost/127.0.0.1:62058]
21:11:08.891 [Forwarding isElementEnabled on session 9b4fa1238e3c4611ebbdda16b7269de7 to remote] DEBUG org.asynchttpclient.netty.request.NettyRequestSender - Using pooled Channel '[id: 0x6831bc07, L:/127.0.0.1:61736 - R:localhost/127.0.0.1:62058]' for 'GET' to 'http://localhost:62058/session/9b4fa1238e3c4611ebbdda16b7269de7/element/58f0b19b-36ff-4a52-953a-375c47e822ed/enabled'
21:11:08.891 [Forwarding isElementEnabled on session 9b4fa1238e3c4611ebbdda16b7269de7 to remote] DEBUG org.asynchttpclient.netty.request.NettyRequestSender - Using open Channel [id: 0x6831bc07, L:/127.0.0.1:61736 - R:localhost/127.0.0.1:62058] for GET '/session/9b4fa1238e3c4611ebbdda16b7269de7/element/58f0b19b-36ff-4a52-953a-375c47e822ed/enabled'
21:11:08.897 [AsyncHttpClient-1-9] DEBUG org.asynchttpclient.netty.handler.HttpHandler - 

Request DefaultFullHttpRequest(decodeResult: success, version: HTTP/1.1, content: EmptyByteBufBE)
GET /session/9b4fa1238e3c4611ebbdda16b7269de7/element/58f0b19b-36ff-4a52-953a-375c47e822ed/enabled HTTP/1.1
User-Agent: selenium/4.1.2 (java windows)
Cache-Control: no-cache
Content-Type: application/json; charset=utf-8
host: localhost:62058
accept: */*

Response DefaultHttpResponse(decodeResult: success, version: HTTP/1.1)
HTTP/1.1 200 OK
Content-Type: application/json; charset=utf-8
cache-control: no-cache
content-length: 14

21:11:08.897 [AsyncHttpClient-1-9] DEBUG org.asynchttpclient.netty.channel.ChannelManager - Adding key: http://localhost:62058 for channel [id: 0x6831bc07, L:/127.0.0.1:61736 - R:localhost/127.0.0.1:62058]
21:11:08.899 [Forwarding isElementEnabled on session 9b4fa1238e3c4611ebbdda16b7269de7 to remote] DEBUG org.asynchttpclient.netty.request.NettyRequestSender - Using pooled Channel '[id: 0x6831bc07, L:/127.0.0.1:61736 - R:localhost/127.0.0.1:62058]' for 'GET' to 'http://localhost:62058/session/9b4fa1238e3c4611ebbdda16b7269de7/element/58f0b19b-36ff-4a52-953a-375c47e822ed/enabled'
21:11:08.899 [Forwarding isElementEnabled on session 9b4fa1238e3c4611ebbdda16b7269de7 to remote] DEBUG org.asynchttpclient.netty.request.NettyRequestSender - Using open Channel [id: 0x6831bc07, L:/127.0.0.1:61736 - R:localhost/127.0.0.1:62058] for GET '/session/9b4fa1238e3c4611ebbdda16b7269de7/element/58f0b19b-36ff-4a52-953a-375c47e822ed/enabled'
21:11:08.904 [AsyncHttpClient-1-9] DEBUG org.asynchttpclient.netty.handler.HttpHandler - 

Request DefaultFullHttpRequest(decodeResult: success, version: HTTP/1.1, content: EmptyByteBufBE)
GET /session/9b4fa1238e3c4611ebbdda16b7269de7/element/58f0b19b-36ff-4a52-953a-375c47e822ed/enabled HTTP/1.1
User-Agent: selenium/4.1.2 (java windows)
Cache-Control: no-cache
Content-Type: application/json; charset=utf-8
host: localhost:62058
accept: */*

Response DefaultHttpResponse(decodeResult: success, version: HTTP/1.1)
HTTP/1.1 200 OK
Content-Type: application/json; charset=utf-8
cache-control: no-cache
content-length: 14

21:11:08.904 [AsyncHttpClient-1-9] DEBUG org.asynchttpclient.netty.channel.ChannelManager - Adding key: http://localhost:62058 for channel [id: 0x6831bc07, L:/127.0.0.1:61736 - R:localhost/127.0.0.1:62058]
21:11:08.906 [Forwarding findElement on session 9b4fa1238e3c4611ebbdda16b7269de7 to remote] DEBUG org.asynchttpclient.netty.request.NettyRequestSender - Using pooled Channel '[id: 0x6831bc07, L:/127.0.0.1:61736 - R:localhost/127.0.0.1:62058]' for 'POST' to 'http://localhost:62058/session/9b4fa1238e3c4611ebbdda16b7269de7/element'
21:11:08.906 [Forwarding findElement on session 9b4fa1238e3c4611ebbdda16b7269de7 to remote] DEBUG org.asynchttpclient.netty.request.NettyRequestSender - Using open Channel [id: 0x6831bc07, L:/127.0.0.1:61736 - R:localhost/127.0.0.1:62058] for POST '/session/9b4fa1238e3c4611ebbdda16b7269de7/element'
21:11:08.912 [AsyncHttpClient-1-9] DEBUG org.asynchttpclient.netty.handler.HttpHandler - 

Request DefaultHttpRequest(decodeResult: success, version: HTTP/1.1)
POST /session/9b4fa1238e3c4611ebbdda16b7269de7/element HTTP/1.1
User-Agent: selenium/4.1.2 (java windows)
Content-Length: 108
Content-Type: application/json; charset=utf-8
host: localhost:62058
accept: */*

Response DefaultHttpResponse(decodeResult: success, version: HTTP/1.1)
HTTP/1.1 200 OK
Content-Type: application/json; charset=utf-8
cache-control: no-cache
content-length: 88

21:11:08.912 [AsyncHttpClient-1-9] DEBUG org.asynchttpclient.netty.channel.ChannelManager - Adding key: http://localhost:62058 for channel [id: 0x6831bc07, L:/127.0.0.1:61736 - R:localhost/127.0.0.1:62058]
21:11:08.913 [Forwarding clickElement on session 9b4fa1238e3c4611ebbdda16b7269de7 to remote] DEBUG org.asynchttpclient.netty.request.NettyRequestSender - Using pooled Channel '[id: 0x6831bc07, L:/127.0.0.1:61736 - R:localhost/127.0.0.1:62058]' for 'POST' to 'http://localhost:62058/session/9b4fa1238e3c4611ebbdda16b7269de7/element/58f0b19b-36ff-4a52-953a-375c47e822ed/click'
21:11:08.913 [Forwarding clickElement on session 9b4fa1238e3c4611ebbdda16b7269de7 to remote] DEBUG org.asynchttpclient.netty.request.NettyRequestSender - Using open Channel [id: 0x6831bc07, L:/127.0.0.1:61736 - R:localhost/127.0.0.1:62058] for POST '/session/9b4fa1238e3c4611ebbdda16b7269de7/element/58f0b19b-36ff-4a52-953a-375c47e822ed/click'
21:11:08.953 [AsyncHttpClient-1-9] DEBUG org.asynchttpclient.netty.handler.HttpHandler - 

Request DefaultHttpRequest(decodeResult: success, version: HTTP/1.1)
POST /session/9b4fa1238e3c4611ebbdda16b7269de7/element/58f0b19b-36ff-4a52-953a-375c47e822ed/click HTTP/1.1
User-Agent: selenium/4.1.2 (java windows)
Content-Length: 50
Content-Type: application/json; charset=utf-8
host: localhost:62058
accept: */*

Response DefaultHttpResponse(decodeResult: success, version: HTTP/1.1)
HTTP/1.1 200 OK
Content-Type: application/json; charset=utf-8
cache-control: no-cache
content-length: 14

21:11:08.953 [AsyncHttpClient-1-9] DEBUG org.asynchttpclient.netty.channel.ChannelManager - Adding key: http://localhost:62058 for channel [id: 0x6831bc07, L:/127.0.0.1:61736 - R:localhost/127.0.0.1:62058]
  &amp#27;[32mAnd &amp#27;[0m&amp#27;[32mI click account button&amp#27;[0m            &amp#27;[90m# starter.stepdefinitions.LogoutStep.iClickAccountButton()&amp#27;[0m
21:11:08.958 [Forwarding screenshot on session 9b4fa1238e3c4611ebbdda16b7269de7 to remote] DEBUG org.asynchttpclient.netty.request.NettyRequestSender - Using pooled Channel '[id: 0x6831bc07, L:/127.0.0.1:61736 - R:localhost/127.0.0.1:62058]' for 'GET' to 'http://localhost:62058/session/9b4fa1238e3c4611ebbdda16b7269de7/screenshot'
21:11:08.958 [Forwarding screenshot on session 9b4fa1238e3c4611ebbdda16b7269de7 to remote] DEBUG org.asynchttpclient.netty.request.NettyRequestSender - Using open Channel [id: 0x6831bc07, L:/127.0.0.1:61736 - R:localhost/127.0.0.1:62058] for GET '/session/9b4fa1238e3c4611ebbdda16b7269de7/screenshot'
21:11:09.060 [AsyncHttpClient-1-9] DEBUG org.asynchttpclient.netty.handler.HttpHandler - 

Request DefaultFullHttpRequest(decodeResult: success, version: HTTP/1.1, content: EmptyByteBufBE)
GET /session/9b4fa1238e3c4611ebbdda16b7269de7/screenshot HTTP/1.1
User-Agent: selenium/4.1.2 (java windows)
Cache-Control: no-cache
Content-Type: application/json; charset=utf-8
host: localhost:62058
accept: */*

Response DefaultHttpResponse(decodeResult: success, version: HTTP/1.1)
HTTP/1.1 200 OK
Content-Type: application/json; charset=utf-8
cache-control: no-cache
content-length: 30256

21:11:09.060 [AsyncHttpClient-1-9] DEBUG org.asynchttpclient.netty.channel.ChannelManager - Adding key: http://localhost:62058 for channel [id: 0x6831bc07, L:/127.0.0.1:61736 - R:localhost/127.0.0.1:62058]
21:11:09.060 [main] DEBUG net.serenitybdd.core.photography.Darkroom - Send negative for processing for target\site\serenity\98b2e35024d3a9ba0b557d858d9b65d573030feada63155a2793df0b0099bdb5.png
21:11:09.062 [Darkroom Processing Line] DEBUG net.serenitybdd.core.photography.DarkroomProcessingLine - Processing screenshot image in /var/screenshots/screenshot-7430429614999666091
21:11:09.062 [Darkroom Processing Line] DEBUG net.serenitybdd.core.photography.DarkroomProcessingLine - Saving screenshot to target\site\serenity\98b2e35024d3a9ba0b557d858d9b65d573030feada63155a2793df0b0099bdb5.png
21:11:09.068 [Forwarding findElement on session 9b4fa1238e3c4611ebbdda16b7269de7 to remote] DEBUG org.asynchttpclient.netty.request.NettyRequestSender - Using pooled Channel '[id: 0x6831bc07, L:/127.0.0.1:61736 - R:localhost/127.0.0.1:62058]' for 'POST' to 'http://localhost:62058/session/9b4fa1238e3c4611ebbdda16b7269de7/element'
21:11:09.068 [Forwarding findElement on session 9b4fa1238e3c4611ebbdda16b7269de7 to remote] DEBUG org.asynchttpclient.netty.request.NettyRequestSender - Using open Channel [id: 0x6831bc07, L:/127.0.0.1:61736 - R:localhost/127.0.0.1:62058] for POST '/session/9b4fa1238e3c4611ebbdda16b7269de7/element'
21:11:09.078 [AsyncHttpClient-1-9] DEBUG org.asynchttpclient.netty.handler.HttpHandler - 

Request DefaultHttpRequest(decodeResult: success, version: HTTP/1.1)
POST /session/9b4fa1238e3c4611ebbdda16b7269de7/element HTTP/1.1
User-Agent: selenium/4.1.2 (java windows)
Content-Length: 134
Content-Type: application/json; charset=utf-8
host: localhost:62058
accept: */*

Response DefaultHttpResponse(decodeResult: success, version: HTTP/1.1)
HTTP/1.1 200 OK
Content-Type: application/json; charset=utf-8
cache-control: no-cache
content-length: 88

21:11:09.078 [AsyncHttpClient-1-9] DEBUG org.asynchttpclient.netty.channel.ChannelManager - Adding key: http://localhost:62058 for channel [id: 0x6831bc07, L:/127.0.0.1:61736 - R:localhost/127.0.0.1:62058]
21:11:09.080 [Forwarding getElementTagName on session 9b4fa1238e3c4611ebbdda16b7269de7 to remote] DEBUG org.asynchttpclient.netty.request.NettyRequestSender - Using pooled Channel '[id: 0x6831bc07, L:/127.0.0.1:61736 - R:localhost/127.0.0.1:62058]' for 'GET' to 'http://localhost:62058/session/9b4fa1238e3c4611ebbdda16b7269de7/element/04f2c42e-c0bc-4c99-9630-2aabffa45224/name'
21:11:09.080 [Forwarding getElementTagName on session 9b4fa1238e3c4611ebbdda16b7269de7 to remote] DEBUG org.asynchttpclient.netty.request.NettyRequestSender - Using open Channel [id: 0x6831bc07, L:/127.0.0.1:61736 - R:localhost/127.0.0.1:62058] for GET '/session/9b4fa1238e3c4611ebbdda16b7269de7/element/04f2c42e-c0bc-4c99-9630-2aabffa45224/name'
21:11:09.085 [AsyncHttpClient-1-9] DEBUG org.asynchttpclient.netty.handler.HttpHandler - 

Request DefaultFullHttpRequest(decodeResult: success, version: HTTP/1.1, content: EmptyByteBufBE)
GET /session/9b4fa1238e3c4611ebbdda16b7269de7/element/04f2c42e-c0bc-4c99-9630-2aabffa45224/name HTTP/1.1
User-Agent: selenium/4.1.2 (java windows)
Cache-Control: no-cache
Content-Type: application/json; charset=utf-8
host: localhost:62058
accept: */*

Response DefaultHttpResponse(decodeResult: success, version: HTTP/1.1)
HTTP/1.1 200 OK
Content-Type: application/json; charset=utf-8
cache-control: no-cache
content-length: 13

21:11:09.085 [AsyncHttpClient-1-9] DEBUG org.asynchttpclient.netty.channel.ChannelManager - Adding key: http://localhost:62058 for channel [id: 0x6831bc07, L:/127.0.0.1:61736 - R:localhost/127.0.0.1:62058]
21:11:09.086 [Forwarding getElementTagName on session 9b4fa1238e3c4611ebbdda16b7269de7 to remote] DEBUG org.asynchttpclient.netty.request.NettyRequestSender - Using pooled Channel '[id: 0x6831bc07, L:/127.0.0.1:61736 - R:localhost/127.0.0.1:62058]' for 'GET' to 'http://localhost:62058/session/9b4fa1238e3c4611ebbdda16b7269de7/element/04f2c42e-c0bc-4c99-9630-2aabffa45224/name'
21:11:09.086 [Forwarding getElementTagName on session 9b4fa1238e3c4611ebbdda16b7269de7 to remote] DEBUG org.asynchttpclient.netty.request.NettyRequestSender - Using open Channel [id: 0x6831bc07, L:/127.0.0.1:61736 - R:localhost/127.0.0.1:62058] for GET '/session/9b4fa1238e3c4611ebbdda16b7269de7/element/04f2c42e-c0bc-4c99-9630-2aabffa45224/name'
21:11:09.089 [AsyncHttpClient-1-9] DEBUG org.asynchttpclient.netty.handler.HttpHandler - 

Request DefaultFullHttpRequest(decodeResult: success, version: HTTP/1.1, content: EmptyByteBufBE)
GET /session/9b4fa1238e3c4611ebbdda16b7269de7/element/04f2c42e-c0bc-4c99-9630-2aabffa45224/name HTTP/1.1
User-Agent: selenium/4.1.2 (java windows)
Cache-Control: no-cache
Content-Type: application/json; charset=utf-8
host: localhost:62058
accept: */*

Response DefaultHttpResponse(decodeResult: success, version: HTTP/1.1)
HTTP/1.1 200 OK
Content-Type: application/json; charset=utf-8
cache-control: no-cache
content-length: 13

21:11:09.089 [AsyncHttpClient-1-9] DEBUG org.asynchttpclient.netty.channel.ChannelManager - Adding key: http://localhost:62058 for channel [id: 0x6831bc07, L:/127.0.0.1:61736 - R:localhost/127.0.0.1:62058]
21:11:09.091 [Forwarding findElement on session 9b4fa1238e3c4611ebbdda16b7269de7 to remote] DEBUG org.asynchttpclient.netty.request.NettyRequestSender - Using pooled Channel '[id: 0x6831bc07, L:/127.0.0.1:61736 - R:localhost/127.0.0.1:62058]' for 'POST' to 'http://localhost:62058/session/9b4fa1238e3c4611ebbdda16b7269de7/element'
21:11:09.091 [Forwarding findElement on session 9b4fa1238e3c4611ebbdda16b7269de7 to remote] DEBUG org.asynchttpclient.netty.request.NettyRequestSender - Using open Channel [id: 0x6831bc07, L:/127.0.0.1:61736 - R:localhost/127.0.0.1:62058] for POST '/session/9b4fa1238e3c4611ebbdda16b7269de7/element'
21:11:09.096 [AsyncHttpClient-1-9] DEBUG org.asynchttpclient.netty.handler.HttpHandler - 

Request DefaultHttpRequest(decodeResult: success, version: HTTP/1.1)
POST /session/9b4fa1238e3c4611ebbdda16b7269de7/element HTTP/1.1
User-Agent: selenium/4.1.2 (java windows)
Content-Length: 134
Content-Type: application/json; charset=utf-8
host: localhost:62058
accept: */*

Response DefaultHttpResponse(decodeResult: success, version: HTTP/1.1)
HTTP/1.1 200 OK
Content-Type: application/json; charset=utf-8
cache-control: no-cache
content-length: 88

21:11:09.096 [AsyncHttpClient-1-9] DEBUG org.asynchttpclient.netty.channel.ChannelManager - Adding key: http://localhost:62058 for channel [id: 0x6831bc07, L:/127.0.0.1:61736 - R:localhost/127.0.0.1:62058]
21:11:09.097 [Forwarding clickElement on session 9b4fa1238e3c4611ebbdda16b7269de7 to remote] DEBUG org.asynchttpclient.netty.request.NettyRequestSender - Using pooled Channel '[id: 0x6831bc07, L:/127.0.0.1:61736 - R:localhost/127.0.0.1:62058]' for 'POST' to 'http://localhost:62058/session/9b4fa1238e3c4611ebbdda16b7269de7/element/04f2c42e-c0bc-4c99-9630-2aabffa45224/click'
21:11:09.097 [Forwarding clickElement on session 9b4fa1238e3c4611ebbdda16b7269de7 to remote] DEBUG org.asynchttpclient.netty.request.NettyRequestSender - Using open Channel [id: 0x6831bc07, L:/127.0.0.1:61736 - R:localhost/127.0.0.1:62058] for POST '/session/9b4fa1238e3c4611ebbdda16b7269de7/element/04f2c42e-c0bc-4c99-9630-2aabffa45224/click'
21:11:09.125 [AsyncHttpClient-1-9] DEBUG org.asynchttpclient.netty.handler.HttpHandler - 

Request DefaultHttpRequest(decodeResult: success, version: HTTP/1.1)
POST /session/9b4fa1238e3c4611ebbdda16b7269de7/element/04f2c42e-c0bc-4c99-9630-2aabffa45224/click HTTP/1.1
User-Agent: selenium/4.1.2 (java windows)
Content-Length: 50
Content-Type: application/json; charset=utf-8
host: localhost:62058
accept: */*

Response DefaultHttpResponse(decodeResult: success, version: HTTP/1.1)
HTTP/1.1 200 OK
Content-Type: application/json; charset=utf-8
cache-control: no-cache
content-length: 14

21:11:09.125 [AsyncHttpClient-1-9] DEBUG org.asynchttpclient.netty.channel.ChannelManager - Adding key: http://localhost:62058 for channel [id: 0x6831bc07, L:/127.0.0.1:61736 - R:localhost/127.0.0.1:62058]
  &amp#27;[32mAnd &amp#27;[0m&amp#27;[32mI click logout Buttonn&amp#27;[0m            &amp#27;[90m# starter.stepdefinitions.LogoutStep.iClickLogoutButtonn()&amp#27;[0m
21:11:09.132 [Forwarding screenshot on session 9b4fa1238e3c4611ebbdda16b7269de7 to remote] DEBUG org.asynchttpclient.netty.request.NettyRequestSender - Using pooled Channel '[id: 0x6831bc07, L:/127.0.0.1:61736 - R:localhost/127.0.0.1:62058]' for 'GET' to 'http://localhost:62058/session/9b4fa1238e3c4611ebbdda16b7269de7/screenshot'
21:11:09.132 [Forwarding screenshot on session 9b4fa1238e3c4611ebbdda16b7269de7 to remote] DEBUG org.asynchttpclient.netty.request.NettyRequestSender - Using open Channel [id: 0x6831bc07, L:/127.0.0.1:61736 - R:localhost/127.0.0.1:62058] for GET '/session/9b4fa1238e3c4611ebbdda16b7269de7/screenshot'
21:11:09.245 [AsyncHttpClient-1-9] DEBUG org.asynchttpclient.netty.handler.HttpHandler - 

Request DefaultFullHttpRequest(decodeResult: success, version: HTTP/1.1, content: EmptyByteBufBE)
GET /session/9b4fa1238e3c4611ebbdda16b7269de7/screenshot HTTP/1.1
User-Agent: selenium/4.1.2 (java windows)
Cache-Control: no-cache
Content-Type: application/json; charset=utf-8
host: localhost:62058
accept: */*

Response DefaultHttpResponse(decodeResult: success, version: HTTP/1.1)
HTTP/1.1 200 OK
Content-Type: application/json; charset=utf-8
cache-control: no-cache
content-length: 30844

21:11:09.245 [AsyncHttpClient-1-9] DEBUG org.asynchttpclient.netty.channel.ChannelManager - Adding key: http://localhost:62058 for channel [id: 0x6831bc07, L:/127.0.0.1:61736 - R:localhost/127.0.0.1:62058]
21:11:09.246 [main] DEBUG net.serenitybdd.core.photography.Darkroom - Send negative for processing for target\site\serenity\9d57151c3c48da07440893f90362aa82d7b1f156f032b2347633778c5c84eaf9.png
21:11:09.246 [Darkroom Processing Line] DEBUG net.serenitybdd.core.photography.DarkroomProcessingLine - Processing screenshot image in /var/screenshots/screenshot-10695717683934355690
21:11:09.246 [Darkroom Processing Line] DEBUG net.serenitybdd.core.photography.DarkroomProcessingLine - Saving screenshot to target\site\serenity\9d57151c3c48da07440893f90362aa82d7b1f156f032b2347633778c5c84eaf9.png
21:11:09.253 [Forwarding findElement on session 9b4fa1238e3c4611ebbdda16b7269de7 to remote] DEBUG org.asynchttpclient.netty.request.NettyRequestSender - Using pooled Channel '[id: 0x6831bc07, L:/127.0.0.1:61736 - R:localhost/127.0.0.1:62058]' for 'POST' to 'http://localhost:62058/session/9b4fa1238e3c4611ebbdda16b7269de7/element'
21:11:09.253 [Forwarding findElement on session 9b4fa1238e3c4611ebbdda16b7269de7 to remote] DEBUG org.asynchttpclient.netty.request.NettyRequestSender - Using open Channel [id: 0x6831bc07, L:/127.0.0.1:61736 - R:localhost/127.0.0.1:62058] for POST '/session/9b4fa1238e3c4611ebbdda16b7269de7/element'
21:11:09.262 [AsyncHttpClient-1-9] DEBUG org.asynchttpclient.netty.handler.HttpHandler - 

Request DefaultHttpRequest(decodeResult: success, version: HTTP/1.1)
POST /session/9b4fa1238e3c4611ebbdda16b7269de7/element HTTP/1.1
User-Agent: selenium/4.1.2 (java windows)
Content-Length: 68
Content-Type: application/json; charset=utf-8
host: localhost:62058
accept: */*

Response DefaultHttpResponse(decodeResult: success, version: HTTP/1.1)
HTTP/1.1 200 OK
Content-Type: application/json; charset=utf-8
cache-control: no-cache
content-length: 88

21:11:09.262 [AsyncHttpClient-1-9] DEBUG org.asynchttpclient.netty.channel.ChannelManager - Adding key: http://localhost:62058 for channel [id: 0x6831bc07, L:/127.0.0.1:61736 - R:localhost/127.0.0.1:62058]
21:11:09.265 [Forwarding isElementDisplayed on session 9b4fa1238e3c4611ebbdda16b7269de7 to remote] DEBUG org.asynchttpclient.netty.request.NettyRequestSender - Using pooled Channel '[id: 0x6831bc07, L:/127.0.0.1:61736 - R:localhost/127.0.0.1:62058]' for 'POST' to 'http://localhost:62058/session/9b4fa1238e3c4611ebbdda16b7269de7/execute/sync'
21:11:09.265 [Forwarding isElementDisplayed on session 9b4fa1238e3c4611ebbdda16b7269de7 to remote] DEBUG org.asynchttpclient.netty.request.NettyRequestSender - Using open Channel [id: 0x6831bc07, L:/127.0.0.1:61736 - R:localhost/127.0.0.1:62058] for POST '/session/9b4fa1238e3c4611ebbdda16b7269de7/execute/sync'
21:11:09.277 [AsyncHttpClient-1-9] DEBUG org.asynchttpclient.netty.handler.HttpHandler - 

Request DefaultHttpRequest(decodeResult: success, version: HTTP/1.1)
POST /session/9b4fa1238e3c4611ebbdda16b7269de7/execute/sync HTTP/1.1
User-Agent: selenium/4.1.2 (java windows)
Content-Length: 48780
Content-Type: application/json; charset=utf-8
host: localhost:62058
accept: */*

Response DefaultHttpResponse(decodeResult: success, version: HTTP/1.1)
HTTP/1.1 200 OK
Content-Type: application/json; charset=utf-8
cache-control: no-cache
content-length: 14

21:11:09.277 [AsyncHttpClient-1-9] DEBUG org.asynchttpclient.netty.channel.ChannelManager - Adding key: http://localhost:62058 for channel [id: 0x6831bc07, L:/127.0.0.1:61736 - R:localhost/127.0.0.1:62058]
  &amp#27;[32mThen &amp#27;[0m&amp#27;[32mI see the login page&amp#27;[0m             &amp#27;[90m# starter.stepdefinitions.LogoutStep.iSeeTheLoginPage()&amp#27;[0m
21:11:09.282 [main] INFO  - 
  _____   ___   ___   _____     ___     _     ___   ___   ___   ___  
 |_   _| | __| / __| |_   _|   | _ \   /_\   / __| / __| | __| |   \ 
   | |   | _|  \__ \   | |     |  _/  / _ \  \__ \ \__ \ | _|  | |) |
   |_|   |___| |___/   |_|     |_|   /_/ \_\ |___/ |___/ |___| |___/ 

Logout with logged in account
----------------------------------------------------------------------
21:11:09.282 [AsyncHttpClient-1-11] DEBUG org.asynchttpclient.netty.handler.WebSocketHandler - Channel Closed: [id: 0xd084a53a, L:/127.0.0.1:61744 ! R:localhost/127.0.0.1:61737] with attribute NettyResponseFuture{currentRetry=5,
	isDone=1,
	isCancelled=0,
	asyncHandler=org.asynchttpclient.ws.WebSocketUpgradeHandler@73a75e6b,
	nettyRequest=org.asynchttpclient.netty.request.NettyRequest@1d0481a2,
	future=java.util.concurrent.CompletableFuture@31b49b8f[Completed normally],
	uri=ws://localhost:61737/devtools/browser/b78cb556-5311-48c1-a090-87d25c535348,
	keepAlive=true,
	redirectCount=0,
	timeoutsHolder=null,
	inAuth=0,
	touch=1667916667247}
21:11:09.283 [AsyncHttpClient-1-11] DEBUG org.asynchttpclient.netty.channel.ChannelManager - Closing Channel [id: 0xd084a53a, L:/127.0.0.1:61744 ! R:localhost/127.0.0.1:61737] 
21:11:09.283 [Driver Command Executor] DEBUG org.asynchttpclient.netty.request.NettyRequestSender - Using pooled Channel '[id: 0x6831bc07, L:/127.0.0.1:61736 - R:localhost/127.0.0.1:62058]' for 'DELETE' to 'http://localhost:62058/session/9b4fa1238e3c4611ebbdda16b7269de7'
21:11:09.283 [Driver Command Executor] DEBUG org.asynchttpclient.netty.request.NettyRequestSender - Using open Channel [id: 0x6831bc07, L:/127.0.0.1:61736 - R:localhost/127.0.0.1:62058] for DELETE '/session/9b4fa1238e3c4611ebbdda16b7269de7'
21:11:09.313 [AsyncHttpClient-1-10] DEBUG org.asynchttpclient.netty.handler.HttpHandler - Unexpected I/O exception on channel [id: 0xc3a7d5d6, L:/127.0.0.1:61743 - R:localhost/127.0.0.1:61737]
java.io.IOException: An existing connection was forcibly closed by the remote host
	at java.base/sun.nio.ch.SocketDispatcher.read0(Native Method)
	at java.base/sun.nio.ch.SocketDispatcher.read(SocketDispatcher.java:43)
	at java.base/sun.nio.ch.IOUtil.readIntoNativeBuffer(IOUtil.java:276)
	at java.base/sun.nio.ch.IOUtil.read(IOUtil.java:233)
	at java.base/sun.nio.ch.IOUtil.read(IOUtil.java:223)
	at java.base/sun.nio.ch.SocketChannelImpl.read(SocketChannelImpl.java:358)
	at io.netty.buffer.PooledByteBuf.setBytes(PooledByteBuf.java:258)
	at io.netty.buffer.AbstractByteBuf.writeBytes(AbstractByteBuf.java:1132)
	at io.netty.channel.socket.nio.NioSocketChannel.doReadBytes(NioSocketChannel.java:350)
	at io.netty.channel.nio.AbstractNioByteChannel$NioByteUnsafe.read(AbstractNioByteChannel.java:151)
	at io.netty.channel.nio.NioEventLoop.processSelectedKey(NioEventLoop.java:722)
	at io.netty.channel.nio.NioEventLoop.processSelectedKeysOptimized(NioEventLoop.java:658)
	at io.netty.channel.nio.NioEventLoop.processSelectedKeys(NioEventLoop.java:584)
	at io.netty.channel.nio.NioEventLoop.run(NioEventLoop.java:496)
	at io.netty.util.concurrent.SingleThreadEventExecutor$4.run(SingleThreadEventExecutor.java:986)
	at io.netty.util.internal.ThreadExecutorMap$2.run(ThreadExecutorMap.java:74)
	at io.netty.util.concurrent.FastThreadLocalRunnable.run(FastThreadLocalRunnable.java:30)
	at java.base/java.lang.Thread.run(Thread.java:834)
21:11:09.313 [AsyncHttpClient-1-10] DEBUG org.asynchttpclient.netty.channel.ChannelManager - Closing Channel [id: 0xc3a7d5d6, L:/127.0.0.1:61743 - R:localhost/127.0.0.1:61737] 
21:11:09.314 [AsyncHttpClient-1-10] DEBUG org.asynchttpclient.netty.handler.HttpHandler - Channel Closed: [id: 0xc3a7d5d6, L:/127.0.0.1:61743 ! R:localhost/127.0.0.1:61737] with attribute DISCARD
21:11:09.325 [AsyncHttpClient-1-9] DEBUG org.asynchttpclient.netty.handler.HttpHandler - 

Request DefaultFullHttpRequest(decodeResult: success, version: HTTP/1.1, content: EmptyByteBufBE)
DELETE /session/9b4fa1238e3c4611ebbdda16b7269de7 HTTP/1.1
User-Agent: selenium/4.1.2 (java windows)
Content-Type: application/json; charset=utf-8
host: localhost:62058
accept: */*

Response DefaultHttpResponse(decodeResult: success, version: HTTP/1.1)
HTTP/1.1 200 OK
Content-Type: application/json; charset=utf-8
cache-control: no-cache
content-length: 14

21:11:09.326 [AsyncHttpClient-1-9] DEBUG org.asynchttpclient.netty.channel.ChannelManager - Adding key: http://localhost:62058 for channel [id: 0x6831bc07, L:/127.0.0.1:61736 - R:localhost/127.0.0.1:62058]
21:11:09.377 [AsyncHttpClient-1-9] DEBUG org.asynchttpclient.netty.handler.HttpHandler - Channel Closed: [id: 0x6831bc07, L:/127.0.0.1:61736 ! R:localhost/127.0.0.1:62058] with attribute DISCARD
]]></system-out>
    <system-err><![CDATA[Starting ChromeDriver 106.0.5249.61 (511755355844955cd3e264779baf0dd38212a4d0-refs/branch-heads/5249@{#569}) on port 62058
Only local connections are allowed.
Please see https://chromedriver.chromium.org/security-considerations for suggestions on keeping ChromeDriver safe.
ChromeDriver was started successfully.
[1667916667.219][WARNING]: This version of ChromeDriver has not been tested with Chrome version 107.
Nov 08, 2022 9:11:07 PM org.openqa.selenium.remote.ProtocolHandshake createSession
INFO: Detected dialect: W3C
Nov 08, 2022 9:11:07 PM org.openqa.selenium.devtools.CdpVersionFinder findNearestMatch
WARNING: Unable to find an exact match for CDP version 107, so returning the closest version found: a no-op implementation
Nov 08, 2022 9:11:07 PM org.openqa.selenium.devtools.CdpVersionFinder findNearestMatch
INFO: Unable to find CDP implementation matching 107.
Nov 08, 2022 9:11:07 PM org.openqa.selenium.chromium.ChromiumDriver lambda$new$3
WARNING: Unable to find version of CDP to use for . You may need to include a dependency on a specific version of the CDP using something similar to `org.seleniumhq.selenium:selenium-devtools-v86:4.1.2` where the version ("v86") matches the version of the chromium-based browser you're using and the version number of the artifact is the same as Selenium's.
]]></system-err>
  </testcase>
  <testcase name="Register with null nama, email and password" classname="Register" time="4.841">
    <system-out><![CDATA[21:11:09.409 [main] INFO io.cucumber.core.plugin.SerenityReporter - Running feature from file:///D:/miniproject/webtesting/src/test/resources/features/register.feature
21:11:09.411 [main] DEBUG net.thucydides.core.steps.StepEventBus - Test suite started for story net.thucydides.core.model.Story@63230c68
21:11:09.412 [main] INFO  - Test Suite Started: Register

@Register
Scenario: Register with null nama, email and password &amp#27;[90m# src/test/resources/features/register.feature:7&amp#27;[0m
21:11:09.423 [AsyncHttpClient-1-1] DEBUG org.asynchttpclient.netty.channel.DefaultChannelPool - Entry count for : http://localhost:62058 : 1
21:11:09.423 [AsyncHttpClient-1-1] DEBUG org.asynchttpclient.netty.channel.DefaultChannelPool - Entry count for : http://localhost:61737 : 1
21:11:09.423 [AsyncHttpClient-1-1] DEBUG org.asynchttpclient.netty.channel.DefaultChannelPool - Adding Candidate expired Channel [id: 0x6831bc07, L:/127.0.0.1:61736 ! R:localhost/127.0.0.1:62058] isIdleTimeoutExpired=false isRemotelyClosed=true isTtlExpired=false
21:11:09.423 [AsyncHttpClient-1-1] DEBUG org.asynchttpclient.netty.channel.DefaultChannelPool - Closing Idle Channel [id: 0x6831bc07, L:/127.0.0.1:61736 ! R:localhost/127.0.0.1:62058]
21:11:09.423 [main] INFO io.cucumber.core.plugin.SerenityReporter - Running feature from file:///D:/miniproject/webtesting/src/test/resources/features/register.feature
21:11:09.423 [AsyncHttpClient-1-1] DEBUG org.asynchttpclient.netty.channel.DefaultChannelPool - Adding Candidate expired Channel [id: 0xc3a7d5d6, L:/127.0.0.1:61743 ! R:localhost/127.0.0.1:61737] isIdleTimeoutExpired=false isRemotelyClosed=true isTtlExpired=false
21:11:09.423 [AsyncHttpClient-1-1] DEBUG org.asynchttpclient.netty.channel.DefaultChannelPool - Closing Idle Channel [id: 0xc3a7d5d6, L:/127.0.0.1:61743 ! R:localhost/127.0.0.1:61737]
21:11:09.423 [AsyncHttpClient-1-1] DEBUG org.asynchttpclient.netty.channel.DefaultChannelPool - Closed 2 connections out of 2 in 0 ms
21:11:09.425 [main] INFO  - 
  _____   ___   ___   _____     ___   _____     _     ___   _____   ___   ___  
 |_   _| | __| / __| |_   _|   / __| |_   _|   /_\   | _ \ |_   _| | __| |   \ 
   | |   | _|  \__ \   | |     \__ \   | |    / _ \  |   /   | |   | _|  | |) |
   |_|   |___| |___/   |_|     |___/   |_|   /_/ \_\ |_|_\   |_|   |___| |___/ 

Register with null nama, email and password(register;register-with-null-nama--email-and-password)
--------------------------------------------------------------------------------
21:11:09.530 [main] INFO net.serenitybdd.core.webdriver.driverproviders.ChromeDriverProvider - Using automatically driver download
21:11:09.668 [main] DEBUG io.github.bonigarcia.wdm.cache.ResolutionCache - Resolution chrome=107 in cache (valid until 22:09:52 08/11/2022 ICT)
21:11:09.682 [main] DEBUG io.github.bonigarcia.wdm.cache.ResolutionCache - Resolution chrome107=107.0.5304.62 in cache (valid until 21:09:52 09/11/2022 ICT)
21:11:09.686 [main] INFO io.github.bonigarcia.wdm.WebDriverManager - Using chromedriver 107.0.5304.62 (resolved driver for Chrome 107)
21:11:09.700 [main] DEBUG io.github.bonigarcia.wdm.WebDriverManager - Driver chromedriver 107.0.5304.62 found in cache
21:11:09.702 [main] INFO io.github.bonigarcia.wdm.WebDriverManager - Exporting webdriver.chrome.driver as C:\Users\Yusuf Efendi\.cache\selenium\chromedriver\win32\107.0.5304.62\chromedriver.exe
21:11:09.831 [main] DEBUG net.serenitybdd.core.webdriver.driverproviders.ProvideNewDriver - Instantiating driver
21:11:09.831 [main] DEBUG net.serenitybdd.core.webdriver.driverproviders.ProvideNewDriver - Driver capabilities: Capabilities {acceptInsecureCerts: false, base.url: https://alta-shop.vercel.app, browserName: chrome, chrome.driver: src/test/resources/webdrive..., driver: chrome, goog:chromeOptions: {args: [], extensions: []}, wait.for.timeout: 7000}
21:11:09.960 [AsyncHttpClient-1-12] DEBUG org.asynchttpclient.netty.channel.NettyConnectListener - Using new Channel '[id: 0xcbcfd1fc, L:/127.0.0.1:61760 - R:localhost/127.0.0.1:52747]' for 'POST' to '/session'
21:11:10.604 [AsyncHttpClient-1-12] DEBUG org.asynchttpclient.netty.handler.HttpHandler - 

Request DefaultHttpRequest(decodeResult: success, version: HTTP/1.1)
POST /session HTTP/1.1
User-Agent: selenium/4.1.2 (java windows)
Content-Length: 639
Content-Type: application/json; charset=utf-8
host: localhost:52747
accept: */*

Response DefaultHttpResponse(decodeResult: success, version: HTTP/1.1)
HTTP/1.1 200 OK
Content-Type: application/json; charset=utf-8
cache-control: no-cache
content-length: 792

21:11:10.604 [AsyncHttpClient-1-12] DEBUG org.asynchttpclient.netty.channel.ChannelManager - Adding key: http://localhost:52747 for channel [id: 0xcbcfd1fc, L:/127.0.0.1:61760 - R:localhost/127.0.0.1:52747]
21:11:10.614 [AsyncHttpClient-1-13] DEBUG org.asynchttpclient.netty.channel.NettyConnectListener - Using new Channel '[id: 0x7d03643d, L:/127.0.0.1:61767 - R:localhost/127.0.0.1:61761]' for 'GET' to '/json/version'
21:11:10.615 [AsyncHttpClient-1-13] DEBUG org.asynchttpclient.netty.handler.HttpHandler - 

Request DefaultFullHttpRequest(decodeResult: success, version: HTTP/1.1, content: EmptyByteBufBE)
GET /json/version HTTP/1.1
User-Agent: selenium/4.1.2 (java windows)
host: localhost:61761
accept: */*

Response DefaultHttpResponse(decodeResult: success, version: HTTP/1.1)
HTTP/1.1 200 OK
Content-Type: application/json; charset=UTF-8
content-length: 423

21:11:10.615 [AsyncHttpClient-1-13] DEBUG org.asynchttpclient.netty.channel.ChannelManager - Adding key: http://localhost:61761 for channel [id: 0x7d03643d, L:/127.0.0.1:61767 - R:localhost/127.0.0.1:61761]
21:11:10.618 [AsyncHttpClient-1-14] DEBUG org.asynchttpclient.netty.channel.NettyConnectListener - Using new Channel '[id: 0xde3090db, L:/127.0.0.1:61768 - R:localhost/127.0.0.1:61761]' for 'GET' to '/devtools/browser/81480a09-23b3-4a17-9808-68fb9950cd54'
21:11:10.620 [AsyncHttpClient-1-14] DEBUG org.asynchttpclient.netty.handler.WebSocketHandler - 

Request DefaultFullHttpRequest(decodeResult: success, version: HTTP/1.1, content: EmptyByteBufBE)
GET /devtools/browser/81480a09-23b3-4a17-9808-68fb9950cd54 HTTP/1.1
upgrade: websocket
connection: upgrade
sec-websocket-key: LHVxnz3vOkydQIeWq3BCig==
sec-websocket-version: 13
origin: http://localhost:61761
host: localhost:61761
accept: */*
user-agent: AHC/2.1

Response DefaultHttpResponse(decodeResult: success, version: HTTP/1.1)
HTTP/1.1 101 WebSocket Protocol Handshake
Upgrade: WebSocket
Connection: Upgrade
Sec-WebSocket-Accept: FztWwpYWGL0dGf2jA83VnsORXDk=

21:11:10.626 [Forwarding get on session ddf0316891c0b893cd9204c89e6f89fd to remote] DEBUG org.asynchttpclient.netty.request.NettyRequestSender - Using pooled Channel '[id: 0xcbcfd1fc, L:/127.0.0.1:61760 - R:localhost/127.0.0.1:52747]' for 'POST' to 'http://localhost:52747/session/ddf0316891c0b893cd9204c89e6f89fd/url'
21:11:10.626 [Forwarding get on session ddf0316891c0b893cd9204c89e6f89fd to remote] DEBUG org.asynchttpclient.netty.request.NettyRequestSender - Using open Channel [id: 0xcbcfd1fc, L:/127.0.0.1:61760 - R:localhost/127.0.0.1:52747] for POST '/session/ddf0316891c0b893cd9204c89e6f89fd/url'
21:11:11.350 [AsyncHttpClient-1-12] DEBUG org.asynchttpclient.netty.handler.HttpHandler - 

Request DefaultHttpRequest(decodeResult: success, version: HTTP/1.1)
POST /session/ddf0316891c0b893cd9204c89e6f89fd/url HTTP/1.1
User-Agent: selenium/4.1.2 (java windows)
Content-Length: 74
Content-Type: application/json; charset=utf-8
host: localhost:52747
accept: */*

Response DefaultHttpResponse(decodeResult: success, version: HTTP/1.1)
HTTP/1.1 200 OK
Content-Type: application/json; charset=utf-8
cache-control: no-cache
content-length: 14

21:11:11.350 [AsyncHttpClient-1-12] DEBUG org.asynchttpclient.netty.channel.ChannelManager - Adding key: http://localhost:52747 for channel [id: 0xcbcfd1fc, L:/127.0.0.1:61760 - R:localhost/127.0.0.1:52747]
21:11:11.351 [Forwarding setTimeout on session ddf0316891c0b893cd9204c89e6f89fd to remote] DEBUG org.asynchttpclient.netty.request.NettyRequestSender - Using pooled Channel '[id: 0xcbcfd1fc, L:/127.0.0.1:61760 - R:localhost/127.0.0.1:52747]' for 'POST' to 'http://localhost:52747/session/ddf0316891c0b893cd9204c89e6f89fd/timeouts'
21:11:11.351 [Forwarding setTimeout on session ddf0316891c0b893cd9204c89e6f89fd to remote] DEBUG org.asynchttpclient.netty.request.NettyRequestSender - Using open Channel [id: 0xcbcfd1fc, L:/127.0.0.1:61760 - R:localhost/127.0.0.1:52747] for POST '/session/ddf0316891c0b893cd9204c89e6f89fd/timeouts'
21:11:11.353 [AsyncHttpClient-1-12] DEBUG org.asynchttpclient.netty.handler.HttpHandler - 

Request DefaultHttpRequest(decodeResult: success, version: HTTP/1.1)
POST /session/ddf0316891c0b893cd9204c89e6f89fd/timeouts HTTP/1.1
User-Agent: selenium/4.1.2 (java windows)
Content-Length: 22
Content-Type: application/json; charset=utf-8
host: localhost:52747
accept: */*

Response DefaultHttpResponse(decodeResult: success, version: HTTP/1.1)
HTTP/1.1 200 OK
Content-Type: application/json; charset=utf-8
cache-control: no-cache
content-length: 14

21:11:11.353 [AsyncHttpClient-1-12] DEBUG org.asynchttpclient.netty.channel.ChannelManager - Adding key: http://localhost:52747 for channel [id: 0xcbcfd1fc, L:/127.0.0.1:61760 - R:localhost/127.0.0.1:52747]
21:11:11.354 [Forwarding getCurrentUrl on session ddf0316891c0b893cd9204c89e6f89fd to remote] DEBUG org.asynchttpclient.netty.request.NettyRequestSender - Using pooled Channel '[id: 0xcbcfd1fc, L:/127.0.0.1:61760 - R:localhost/127.0.0.1:52747]' for 'GET' to 'http://localhost:52747/session/ddf0316891c0b893cd9204c89e6f89fd/url'
21:11:11.354 [Forwarding getCurrentUrl on session ddf0316891c0b893cd9204c89e6f89fd to remote] DEBUG org.asynchttpclient.netty.request.NettyRequestSender - Using open Channel [id: 0xcbcfd1fc, L:/127.0.0.1:61760 - R:localhost/127.0.0.1:52747] for GET '/session/ddf0316891c0b893cd9204c89e6f89fd/url'
21:11:11.360 [AsyncHttpClient-1-12] DEBUG org.asynchttpclient.netty.handler.HttpHandler - 

Request DefaultFullHttpRequest(decodeResult: success, version: HTTP/1.1, content: EmptyByteBufBE)
GET /session/ddf0316891c0b893cd9204c89e6f89fd/url HTTP/1.1
User-Agent: selenium/4.1.2 (java windows)
Cache-Control: no-cache
Content-Type: application/json; charset=utf-8
host: localhost:52747
accept: */*

Response DefaultHttpResponse(decodeResult: success, version: HTTP/1.1)
HTTP/1.1 200 OK
Content-Type: application/json; charset=utf-8
cache-control: no-cache
content-length: 51

21:11:11.360 [AsyncHttpClient-1-12] DEBUG org.asynchttpclient.netty.channel.ChannelManager - Adding key: http://localhost:52747 for channel [id: 0xcbcfd1fc, L:/127.0.0.1:61760 - R:localhost/127.0.0.1:52747]
  &amp#27;[32mGiven &amp#27;[0m&amp#27;[32mI am on the login pagee&amp#27;[0m                       &amp#27;[90m# starter.stepdefinitions.RegisterStep.iAmOnTheLoginPagee()&amp#27;[0m
21:11:11.365 [main] DEBUG net.serenitybdd.core.photography.Darkroom - Opening darkroom
21:11:11.365 [Darkroom Processing Line] DEBUG net.serenitybdd.core.photography.DarkroomProcessingLine - Darkroom processing line starting up
21:11:11.366 [Forwarding screenshot on session ddf0316891c0b893cd9204c89e6f89fd to remote] DEBUG org.asynchttpclient.netty.request.NettyRequestSender - Using pooled Channel '[id: 0xcbcfd1fc, L:/127.0.0.1:61760 - R:localhost/127.0.0.1:52747]' for 'GET' to 'http://localhost:52747/session/ddf0316891c0b893cd9204c89e6f89fd/screenshot'
21:11:11.366 [Forwarding screenshot on session ddf0316891c0b893cd9204c89e6f89fd to remote] DEBUG org.asynchttpclient.netty.request.NettyRequestSender - Using open Channel [id: 0xcbcfd1fc, L:/127.0.0.1:61760 - R:localhost/127.0.0.1:52747] for GET '/session/ddf0316891c0b893cd9204c89e6f89fd/screenshot'
21:11:11.567 [AsyncHttpClient-1-12] DEBUG org.asynchttpclient.netty.handler.HttpHandler - 

Request DefaultFullHttpRequest(decodeResult: success, version: HTTP/1.1, content: EmptyByteBufBE)
GET /session/ddf0316891c0b893cd9204c89e6f89fd/screenshot HTTP/1.1
User-Agent: selenium/4.1.2 (java windows)
Cache-Control: no-cache
Content-Type: application/json; charset=utf-8
host: localhost:52747
accept: */*

Response DefaultHttpResponse(decodeResult: success, version: HTTP/1.1)
HTTP/1.1 200 OK
Content-Type: application/json; charset=utf-8
cache-control: no-cache
content-length: 22956

21:11:11.567 [AsyncHttpClient-1-12] DEBUG org.asynchttpclient.netty.channel.ChannelManager - Adding key: http://localhost:52747 for channel [id: 0xcbcfd1fc, L:/127.0.0.1:61760 - R:localhost/127.0.0.1:52747]
21:11:11.568 [main] DEBUG net.serenitybdd.core.photography.Darkroom - Send negative for processing for target\site\serenity\aee116daef9f70687dbaee6bc527f5648618468770bbd8309c15c6b66fad3d98.png
21:11:11.575 [Forwarding findElement on session ddf0316891c0b893cd9204c89e6f89fd to remote] DEBUG org.asynchttpclient.netty.request.NettyRequestSender - Using pooled Channel '[id: 0xcbcfd1fc, L:/127.0.0.1:61760 - R:localhost/127.0.0.1:52747]' for 'POST' to 'http://localhost:52747/session/ddf0316891c0b893cd9204c89e6f89fd/element'
21:11:11.575 [Forwarding findElement on session ddf0316891c0b893cd9204c89e6f89fd to remote] DEBUG org.asynchttpclient.netty.request.NettyRequestSender - Using open Channel [id: 0xcbcfd1fc, L:/127.0.0.1:61760 - R:localhost/127.0.0.1:52747] for POST '/session/ddf0316891c0b893cd9204c89e6f89fd/element'
21:11:11.586 [AsyncHttpClient-1-12] DEBUG org.asynchttpclient.netty.handler.HttpHandler - 

Request DefaultHttpRequest(decodeResult: success, version: HTTP/1.1)
POST /session/ddf0316891c0b893cd9204c89e6f89fd/element HTTP/1.1
User-Agent: selenium/4.1.2 (java windows)
Content-Length: 80
Content-Type: application/json; charset=utf-8
host: localhost:52747
accept: */*

Response DefaultHttpResponse(decodeResult: success, version: HTTP/1.1)
HTTP/1.1 200 OK
Content-Type: application/json; charset=utf-8
cache-control: no-cache
content-length: 88

21:11:11.586 [AsyncHttpClient-1-12] DEBUG org.asynchttpclient.netty.channel.ChannelManager - Adding key: http://localhost:52747 for channel [id: 0xcbcfd1fc, L:/127.0.0.1:61760 - R:localhost/127.0.0.1:52747]
21:11:11.588 [Forwarding getElementTagName on session ddf0316891c0b893cd9204c89e6f89fd to remote] DEBUG org.asynchttpclient.netty.request.NettyRequestSender - Using pooled Channel '[id: 0xcbcfd1fc, L:/127.0.0.1:61760 - R:localhost/127.0.0.1:52747]' for 'GET' to 'http://localhost:52747/session/ddf0316891c0b893cd9204c89e6f89fd/element/51407b85-40a8-45a2-bf05-91b2cdc775c8/name'
21:11:11.588 [Forwarding getElementTagName on session ddf0316891c0b893cd9204c89e6f89fd to remote] DEBUG org.asynchttpclient.netty.request.NettyRequestSender - Using open Channel [id: 0xcbcfd1fc, L:/127.0.0.1:61760 - R:localhost/127.0.0.1:52747] for GET '/session/ddf0316891c0b893cd9204c89e6f89fd/element/51407b85-40a8-45a2-bf05-91b2cdc775c8/name'
21:11:11.593 [AsyncHttpClient-1-12] DEBUG org.asynchttpclient.netty.handler.HttpHandler - 

Request DefaultFullHttpRequest(decodeResult: success, version: HTTP/1.1, content: EmptyByteBufBE)
GET /session/ddf0316891c0b893cd9204c89e6f89fd/element/51407b85-40a8-45a2-bf05-91b2cdc775c8/name HTTP/1.1
User-Agent: selenium/4.1.2 (java windows)
Cache-Control: no-cache
Content-Type: application/json; charset=utf-8
host: localhost:52747
accept: */*

Response DefaultHttpResponse(decodeResult: success, version: HTTP/1.1)
HTTP/1.1 200 OK
Content-Type: application/json; charset=utf-8
cache-control: no-cache
content-length: 13

21:11:11.593 [AsyncHttpClient-1-12] DEBUG org.asynchttpclient.netty.channel.ChannelManager - Adding key: http://localhost:52747 for channel [id: 0xcbcfd1fc, L:/127.0.0.1:61760 - R:localhost/127.0.0.1:52747]
21:11:11.594 [Forwarding getElementTagName on session ddf0316891c0b893cd9204c89e6f89fd to remote] DEBUG org.asynchttpclient.netty.request.NettyRequestSender - Using pooled Channel '[id: 0xcbcfd1fc, L:/127.0.0.1:61760 - R:localhost/127.0.0.1:52747]' for 'GET' to 'http://localhost:52747/session/ddf0316891c0b893cd9204c89e6f89fd/element/51407b85-40a8-45a2-bf05-91b2cdc775c8/name'
21:11:11.594 [Forwarding getElementTagName on session ddf0316891c0b893cd9204c89e6f89fd to remote] DEBUG org.asynchttpclient.netty.request.NettyRequestSender - Using open Channel [id: 0xcbcfd1fc, L:/127.0.0.1:61760 - R:localhost/127.0.0.1:52747] for GET '/session/ddf0316891c0b893cd9204c89e6f89fd/element/51407b85-40a8-45a2-bf05-91b2cdc775c8/name'
21:11:11.598 [AsyncHttpClient-1-12] DEBUG org.asynchttpclient.netty.handler.HttpHandler - 

Request DefaultFullHttpRequest(decodeResult: success, version: HTTP/1.1, content: EmptyByteBufBE)
GET /session/ddf0316891c0b893cd9204c89e6f89fd/element/51407b85-40a8-45a2-bf05-91b2cdc775c8/name HTTP/1.1
User-Agent: selenium/4.1.2 (java windows)
Cache-Control: no-cache
Content-Type: application/json; charset=utf-8
host: localhost:52747
accept: */*

Response DefaultHttpResponse(decodeResult: success, version: HTTP/1.1)
HTTP/1.1 200 OK
Content-Type: application/json; charset=utf-8
cache-control: no-cache
content-length: 13

21:11:11.599 [AsyncHttpClient-1-12] DEBUG org.asynchttpclient.netty.channel.ChannelManager - Adding key: http://localhost:52747 for channel [id: 0xcbcfd1fc, L:/127.0.0.1:61760 - R:localhost/127.0.0.1:52747]
21:11:11.600 [Forwarding findElement on session ddf0316891c0b893cd9204c89e6f89fd to remote] DEBUG org.asynchttpclient.netty.request.NettyRequestSender - Using pooled Channel '[id: 0xcbcfd1fc, L:/127.0.0.1:61760 - R:localhost/127.0.0.1:52747]' for 'POST' to 'http://localhost:52747/session/ddf0316891c0b893cd9204c89e6f89fd/element'
21:11:11.600 [Forwarding findElement on session ddf0316891c0b893cd9204c89e6f89fd to remote] DEBUG org.asynchttpclient.netty.request.NettyRequestSender - Using open Channel [id: 0xcbcfd1fc, L:/127.0.0.1:61760 - R:localhost/127.0.0.1:52747] for POST '/session/ddf0316891c0b893cd9204c89e6f89fd/element'
21:11:11.606 [AsyncHttpClient-1-12] DEBUG org.asynchttpclient.netty.handler.HttpHandler - 

Request DefaultHttpRequest(decodeResult: success, version: HTTP/1.1)
POST /session/ddf0316891c0b893cd9204c89e6f89fd/element HTTP/1.1
User-Agent: selenium/4.1.2 (java windows)
Content-Length: 80
Content-Type: application/json; charset=utf-8
host: localhost:52747
accept: */*

Response DefaultHttpResponse(decodeResult: success, version: HTTP/1.1)
HTTP/1.1 200 OK
Content-Type: application/json; charset=utf-8
cache-control: no-cache
content-length: 88

21:11:11.606 [AsyncHttpClient-1-12] DEBUG org.asynchttpclient.netty.channel.ChannelManager - Adding key: http://localhost:52747 for channel [id: 0xcbcfd1fc, L:/127.0.0.1:61760 - R:localhost/127.0.0.1:52747]
21:11:11.607 [Forwarding clickElement on session ddf0316891c0b893cd9204c89e6f89fd to remote] DEBUG org.asynchttpclient.netty.request.NettyRequestSender - Using pooled Channel '[id: 0xcbcfd1fc, L:/127.0.0.1:61760 - R:localhost/127.0.0.1:52747]' for 'POST' to 'http://localhost:52747/session/ddf0316891c0b893cd9204c89e6f89fd/element/51407b85-40a8-45a2-bf05-91b2cdc775c8/click'
21:11:11.607 [Forwarding clickElement on session ddf0316891c0b893cd9204c89e6f89fd to remote] DEBUG org.asynchttpclient.netty.request.NettyRequestSender - Using open Channel [id: 0xcbcfd1fc, L:/127.0.0.1:61760 - R:localhost/127.0.0.1:52747] for POST '/session/ddf0316891c0b893cd9204c89e6f89fd/element/51407b85-40a8-45a2-bf05-91b2cdc775c8/click'
21:11:11.618 [AsyncHttpClient-1-1] DEBUG org.asynchttpclient.netty.channel.DefaultChannelPool - Entry count for : http://localhost:61761 : 1
21:11:11.654 [AsyncHttpClient-1-12] DEBUG org.asynchttpclient.netty.handler.HttpHandler - 

Request DefaultHttpRequest(decodeResult: success, version: HTTP/1.1)
POST /session/ddf0316891c0b893cd9204c89e6f89fd/element/51407b85-40a8-45a2-bf05-91b2cdc775c8/click HTTP/1.1
User-Agent: selenium/4.1.2 (java windows)
Content-Length: 50
Content-Type: application/json; charset=utf-8
host: localhost:52747
accept: */*

Response DefaultHttpResponse(decodeResult: success, version: HTTP/1.1)
HTTP/1.1 200 OK
Content-Type: application/json; charset=utf-8
cache-control: no-cache
content-length: 14

21:11:11.654 [AsyncHttpClient-1-12] DEBUG org.asynchttpclient.netty.channel.ChannelManager - Adding key: http://localhost:52747 for channel [id: 0xcbcfd1fc, L:/127.0.0.1:61760 - R:localhost/127.0.0.1:52747]
  &amp#27;[32mWhen &amp#27;[0m&amp#27;[32mI click register buttonn&amp#27;[0m                       &amp#27;[90m# starter.stepdefinitions.RegisterStep.iClickRegisterButtonn()&amp#27;[0m
21:11:11.662 [Forwarding screenshot on session ddf0316891c0b893cd9204c89e6f89fd to remote] DEBUG org.asynchttpclient.netty.request.NettyRequestSender - Using pooled Channel '[id: 0xcbcfd1fc, L:/127.0.0.1:61760 - R:localhost/127.0.0.1:52747]' for 'GET' to 'http://localhost:52747/session/ddf0316891c0b893cd9204c89e6f89fd/screenshot'
21:11:11.662 [Forwarding screenshot on session ddf0316891c0b893cd9204c89e6f89fd to remote] DEBUG org.asynchttpclient.netty.request.NettyRequestSender - Using open Channel [id: 0xcbcfd1fc, L:/127.0.0.1:61760 - R:localhost/127.0.0.1:52747] for GET '/session/ddf0316891c0b893cd9204c89e6f89fd/screenshot'
21:11:11.790 [AsyncHttpClient-1-12] DEBUG org.asynchttpclient.netty.handler.HttpHandler - 

Request DefaultFullHttpRequest(decodeResult: success, version: HTTP/1.1, content: EmptyByteBufBE)
GET /session/ddf0316891c0b893cd9204c89e6f89fd/screenshot HTTP/1.1
User-Agent: selenium/4.1.2 (java windows)
Cache-Control: no-cache
Content-Type: application/json; charset=utf-8
host: localhost:52747
accept: */*

Response DefaultHttpResponse(decodeResult: success, version: HTTP/1.1)
HTTP/1.1 200 OK
Content-Type: application/json; charset=utf-8
cache-control: no-cache
content-length: 27708

21:11:11.790 [AsyncHttpClient-1-12] DEBUG org.asynchttpclient.netty.channel.ChannelManager - Adding key: http://localhost:52747 for channel [id: 0xcbcfd1fc, L:/127.0.0.1:61760 - R:localhost/127.0.0.1:52747]
21:11:11.793 [main] DEBUG net.serenitybdd.core.photography.Darkroom - Send negative for processing for target\site\serenity\332d34ddcb8a57e8e169ed6f1b98becc86f53ba6f7902ab6183f1b9a8a9584c7.png
21:11:11.793 [Darkroom Processing Line] DEBUG net.serenitybdd.core.photography.DarkroomProcessingLine - Processing screenshot image in /var/screenshots/screenshot-1017963659010747986
21:11:11.793 [Darkroom Processing Line] DEBUG net.serenitybdd.core.photography.DarkroomProcessingLine - Saving screenshot to target\site\serenity\332d34ddcb8a57e8e169ed6f1b98becc86f53ba6f7902ab6183f1b9a8a9584c7.png
21:11:11.797 [Forwarding findElement on session ddf0316891c0b893cd9204c89e6f89fd to remote] DEBUG org.asynchttpclient.netty.request.NettyRequestSender - Using pooled Channel '[id: 0xcbcfd1fc, L:/127.0.0.1:61760 - R:localhost/127.0.0.1:52747]' for 'POST' to 'http://localhost:52747/session/ddf0316891c0b893cd9204c89e6f89fd/element'
21:11:11.797 [Forwarding findElement on session ddf0316891c0b893cd9204c89e6f89fd to remote] DEBUG org.asynchttpclient.netty.request.NettyRequestSender - Using open Channel [id: 0xcbcfd1fc, L:/127.0.0.1:61760 - R:localhost/127.0.0.1:52747] for POST '/session/ddf0316891c0b893cd9204c89e6f89fd/element'
21:11:11.808 [AsyncHttpClient-1-12] DEBUG org.asynchttpclient.netty.handler.HttpHandler - 

Request DefaultHttpRequest(decodeResult: success, version: HTTP/1.1)
POST /session/ddf0316891c0b893cd9204c89e6f89fd/element HTTP/1.1
User-Agent: selenium/4.1.2 (java windows)
Content-Length: 93
Content-Type: application/json; charset=utf-8
host: localhost:52747
accept: */*

Response DefaultHttpResponse(decodeResult: success, version: HTTP/1.1)
HTTP/1.1 200 OK
Content-Type: application/json; charset=utf-8
cache-control: no-cache
content-length: 88

21:11:11.809 [AsyncHttpClient-1-12] DEBUG org.asynchttpclient.netty.channel.ChannelManager - Adding key: http://localhost:52747 for channel [id: 0xcbcfd1fc, L:/127.0.0.1:61760 - R:localhost/127.0.0.1:52747]
21:11:11.809 [Forwarding clearElement on session ddf0316891c0b893cd9204c89e6f89fd to remote] DEBUG org.asynchttpclient.netty.request.NettyRequestSender - Using pooled Channel '[id: 0xcbcfd1fc, L:/127.0.0.1:61760 - R:localhost/127.0.0.1:52747]' for 'POST' to 'http://localhost:52747/session/ddf0316891c0b893cd9204c89e6f89fd/element/3cd1db1c-8566-448e-832b-b9dd3d1c3b57/clear'
21:11:11.809 [Forwarding clearElement on session ddf0316891c0b893cd9204c89e6f89fd to remote] DEBUG org.asynchttpclient.netty.request.NettyRequestSender - Using open Channel [id: 0xcbcfd1fc, L:/127.0.0.1:61760 - R:localhost/127.0.0.1:52747] for POST '/session/ddf0316891c0b893cd9204c89e6f89fd/element/3cd1db1c-8566-448e-832b-b9dd3d1c3b57/clear'
21:11:11.840 [AsyncHttpClient-1-12] DEBUG org.asynchttpclient.netty.handler.HttpHandler - 

Request DefaultHttpRequest(decodeResult: success, version: HTTP/1.1)
POST /session/ddf0316891c0b893cd9204c89e6f89fd/element/3cd1db1c-8566-448e-832b-b9dd3d1c3b57/clear HTTP/1.1
User-Agent: selenium/4.1.2 (java windows)
Content-Length: 50
Content-Type: application/json; charset=utf-8
host: localhost:52747
accept: */*

Response DefaultHttpResponse(decodeResult: success, version: HTTP/1.1)
HTTP/1.1 200 OK
Content-Type: application/json; charset=utf-8
cache-control: no-cache
content-length: 14

21:11:11.840 [AsyncHttpClient-1-12] DEBUG org.asynchttpclient.netty.channel.ChannelManager - Adding key: http://localhost:52747 for channel [id: 0xcbcfd1fc, L:/127.0.0.1:61760 - R:localhost/127.0.0.1:52747]
21:11:11.840 [Forwarding sendKeysToElement on session ddf0316891c0b893cd9204c89e6f89fd to remote] DEBUG org.asynchttpclient.netty.request.NettyRequestSender - Using pooled Channel '[id: 0xcbcfd1fc, L:/127.0.0.1:61760 - R:localhost/127.0.0.1:52747]' for 'POST' to 'http://localhost:52747/session/ddf0316891c0b893cd9204c89e6f89fd/element/3cd1db1c-8566-448e-832b-b9dd3d1c3b57/value'
21:11:11.840 [Forwarding sendKeysToElement on session ddf0316891c0b893cd9204c89e6f89fd to remote] DEBUG org.asynchttpclient.netty.request.NettyRequestSender - Using open Channel [id: 0xcbcfd1fc, L:/127.0.0.1:61760 - R:localhost/127.0.0.1:52747] for POST '/session/ddf0316891c0b893cd9204c89e6f89fd/element/3cd1db1c-8566-448e-832b-b9dd3d1c3b57/value'
21:11:11.890 [AsyncHttpClient-1-12] DEBUG org.asynchttpclient.netty.handler.HttpHandler - 

Request DefaultHttpRequest(decodeResult: success, version: HTTP/1.1)
POST /session/ddf0316891c0b893cd9204c89e6f89fd/element/3cd1db1c-8566-448e-832b-b9dd3d1c3b57/value HTTP/1.1
User-Agent: selenium/4.1.2 (java windows)
Content-Length: 82
Content-Type: application/json; charset=utf-8
host: localhost:52747
accept: */*

Response DefaultHttpResponse(decodeResult: success, version: HTTP/1.1)
HTTP/1.1 200 OK
Content-Type: application/json; charset=utf-8
cache-control: no-cache
content-length: 14

21:11:11.892 [AsyncHttpClient-1-12] DEBUG org.asynchttpclient.netty.channel.ChannelManager - Adding key: http://localhost:52747 for channel [id: 0xcbcfd1fc, L:/127.0.0.1:61760 - R:localhost/127.0.0.1:52747]
  &amp#27;[32mAnd &amp#27;[0m&amp#27;[32mI input null namaa&amp#27;[0m                              &amp#27;[90m# starter.stepdefinitions.RegisterStep.iInputNullNamaa()&amp#27;[0m
21:11:11.900 [Forwarding screenshot on session ddf0316891c0b893cd9204c89e6f89fd to remote] DEBUG org.asynchttpclient.netty.request.NettyRequestSender - Using pooled Channel '[id: 0xcbcfd1fc, L:/127.0.0.1:61760 - R:localhost/127.0.0.1:52747]' for 'GET' to 'http://localhost:52747/session/ddf0316891c0b893cd9204c89e6f89fd/screenshot'
21:11:11.901 [Forwarding screenshot on session ddf0316891c0b893cd9204c89e6f89fd to remote] DEBUG org.asynchttpclient.netty.request.NettyRequestSender - Using open Channel [id: 0xcbcfd1fc, L:/127.0.0.1:61760 - R:localhost/127.0.0.1:52747] for GET '/session/ddf0316891c0b893cd9204c89e6f89fd/screenshot'
21:11:12.029 [AsyncHttpClient-1-12] DEBUG org.asynchttpclient.netty.handler.HttpHandler - 

Request DefaultFullHttpRequest(decodeResult: success, version: HTTP/1.1, content: EmptyByteBufBE)
GET /session/ddf0316891c0b893cd9204c89e6f89fd/screenshot HTTP/1.1
User-Agent: selenium/4.1.2 (java windows)
Cache-Control: no-cache
Content-Type: application/json; charset=utf-8
host: localhost:52747
accept: */*

Response DefaultHttpResponse(decodeResult: success, version: HTTP/1.1)
HTTP/1.1 200 OK
Content-Type: application/json; charset=utf-8
cache-control: no-cache
content-length: 27720

21:11:12.029 [AsyncHttpClient-1-12] DEBUG org.asynchttpclient.netty.channel.ChannelManager - Adding key: http://localhost:52747 for channel [id: 0xcbcfd1fc, L:/127.0.0.1:61760 - R:localhost/127.0.0.1:52747]
21:11:12.030 [main] DEBUG net.serenitybdd.core.photography.Darkroom - Send negative for processing for target\site\serenity\0f4ce2e4281def68bdbb66a6ded1502dac82bbb359744944784a906529972c67.png
21:11:12.030 [Darkroom Processing Line] DEBUG net.serenitybdd.core.photography.DarkroomProcessingLine - Processing screenshot image in /var/screenshots/screenshot-18060238441288828565
21:11:12.030 [Darkroom Processing Line] DEBUG net.serenitybdd.core.photography.DarkroomProcessingLine - Saving screenshot to target\site\serenity\0f4ce2e4281def68bdbb66a6ded1502dac82bbb359744944784a906529972c67.png
21:11:12.040 [Forwarding findElement on session ddf0316891c0b893cd9204c89e6f89fd to remote] DEBUG org.asynchttpclient.netty.request.NettyRequestSender - Using pooled Channel '[id: 0xcbcfd1fc, L:/127.0.0.1:61760 - R:localhost/127.0.0.1:52747]' for 'POST' to 'http://localhost:52747/session/ddf0316891c0b893cd9204c89e6f89fd/element'
21:11:12.040 [Forwarding findElement on session ddf0316891c0b893cd9204c89e6f89fd to remote] DEBUG org.asynchttpclient.netty.request.NettyRequestSender - Using open Channel [id: 0xcbcfd1fc, L:/127.0.0.1:61760 - R:localhost/127.0.0.1:52747] for POST '/session/ddf0316891c0b893cd9204c89e6f89fd/element'
21:11:12.052 [AsyncHttpClient-1-12] DEBUG org.asynchttpclient.netty.handler.HttpHandler - 

Request DefaultHttpRequest(decodeResult: success, version: HTTP/1.1)
POST /session/ddf0316891c0b893cd9204c89e6f89fd/element HTTP/1.1
User-Agent: selenium/4.1.2 (java windows)
Content-Length: 86
Content-Type: application/json; charset=utf-8
host: localhost:52747
accept: */*

Response DefaultHttpResponse(decodeResult: success, version: HTTP/1.1)
HTTP/1.1 200 OK
Content-Type: application/json; charset=utf-8
cache-control: no-cache
content-length: 88

21:11:12.052 [AsyncHttpClient-1-12] DEBUG org.asynchttpclient.netty.channel.ChannelManager - Adding key: http://localhost:52747 for channel [id: 0xcbcfd1fc, L:/127.0.0.1:61760 - R:localhost/127.0.0.1:52747]
21:11:12.052 [Forwarding clearElement on session ddf0316891c0b893cd9204c89e6f89fd to remote] DEBUG org.asynchttpclient.netty.request.NettyRequestSender - Using pooled Channel '[id: 0xcbcfd1fc, L:/127.0.0.1:61760 - R:localhost/127.0.0.1:52747]' for 'POST' to 'http://localhost:52747/session/ddf0316891c0b893cd9204c89e6f89fd/element/14294c02-e9ea-4a16-8f8d-b005ef5fef82/clear'
21:11:12.052 [Forwarding clearElement on session ddf0316891c0b893cd9204c89e6f89fd to remote] DEBUG org.asynchttpclient.netty.request.NettyRequestSender - Using open Channel [id: 0xcbcfd1fc, L:/127.0.0.1:61760 - R:localhost/127.0.0.1:52747] for POST '/session/ddf0316891c0b893cd9204c89e6f89fd/element/14294c02-e9ea-4a16-8f8d-b005ef5fef82/clear'
21:11:12.086 [AsyncHttpClient-1-12] DEBUG org.asynchttpclient.netty.handler.HttpHandler - 

Request DefaultHttpRequest(decodeResult: success, version: HTTP/1.1)
POST /session/ddf0316891c0b893cd9204c89e6f89fd/element/14294c02-e9ea-4a16-8f8d-b005ef5fef82/clear HTTP/1.1
User-Agent: selenium/4.1.2 (java windows)
Content-Length: 50
Content-Type: application/json; charset=utf-8
host: localhost:52747
accept: */*

Response DefaultHttpResponse(decodeResult: success, version: HTTP/1.1)
HTTP/1.1 200 OK
Content-Type: application/json; charset=utf-8
cache-control: no-cache
content-length: 14

21:11:12.087 [AsyncHttpClient-1-12] DEBUG org.asynchttpclient.netty.channel.ChannelManager - Adding key: http://localhost:52747 for channel [id: 0xcbcfd1fc, L:/127.0.0.1:61760 - R:localhost/127.0.0.1:52747]
21:11:12.088 [Forwarding sendKeysToElement on session ddf0316891c0b893cd9204c89e6f89fd to remote] DEBUG org.asynchttpclient.netty.request.NettyRequestSender - Using pooled Channel '[id: 0xcbcfd1fc, L:/127.0.0.1:61760 - R:localhost/127.0.0.1:52747]' for 'POST' to 'http://localhost:52747/session/ddf0316891c0b893cd9204c89e6f89fd/element/14294c02-e9ea-4a16-8f8d-b005ef5fef82/value'
21:11:12.088 [Forwarding sendKeysToElement on session ddf0316891c0b893cd9204c89e6f89fd to remote] DEBUG org.asynchttpclient.netty.request.NettyRequestSender - Using open Channel [id: 0xcbcfd1fc, L:/127.0.0.1:61760 - R:localhost/127.0.0.1:52747] for POST '/session/ddf0316891c0b893cd9204c89e6f89fd/element/14294c02-e9ea-4a16-8f8d-b005ef5fef82/value'
21:11:12.128 [AsyncHttpClient-1-12] DEBUG org.asynchttpclient.netty.handler.HttpHandler - 

Request DefaultHttpRequest(decodeResult: success, version: HTTP/1.1)
POST /session/ddf0316891c0b893cd9204c89e6f89fd/element/14294c02-e9ea-4a16-8f8d-b005ef5fef82/value HTTP/1.1
User-Agent: selenium/4.1.2 (java windows)
Content-Length: 82
Content-Type: application/json; charset=utf-8
host: localhost:52747
accept: */*

Response DefaultHttpResponse(decodeResult: success, version: HTTP/1.1)
HTTP/1.1 200 OK
Content-Type: application/json; charset=utf-8
cache-control: no-cache
content-length: 14

21:11:12.128 [AsyncHttpClient-1-12] DEBUG org.asynchttpclient.netty.channel.ChannelManager - Adding key: http://localhost:52747 for channel [id: 0xcbcfd1fc, L:/127.0.0.1:61760 - R:localhost/127.0.0.1:52747]
  &amp#27;[32mAnd &amp#27;[0m&amp#27;[32mI input null emaill&amp#27;[0m                             &amp#27;[90m# starter.stepdefinitions.RegisterStep.iInputNullEmaill()&amp#27;[0m
21:11:12.134 [Forwarding screenshot on session ddf0316891c0b893cd9204c89e6f89fd to remote] DEBUG org.asynchttpclient.netty.request.NettyRequestSender - Using pooled Channel '[id: 0xcbcfd1fc, L:/127.0.0.1:61760 - R:localhost/127.0.0.1:52747]' for 'GET' to 'http://localhost:52747/session/ddf0316891c0b893cd9204c89e6f89fd/screenshot'
21:11:12.134 [Forwarding screenshot on session ddf0316891c0b893cd9204c89e6f89fd to remote] DEBUG org.asynchttpclient.netty.request.NettyRequestSender - Using open Channel [id: 0xcbcfd1fc, L:/127.0.0.1:61760 - R:localhost/127.0.0.1:52747] for GET '/session/ddf0316891c0b893cd9204c89e6f89fd/screenshot'
21:11:12.259 [AsyncHttpClient-1-12] DEBUG org.asynchttpclient.netty.handler.HttpHandler - 

Request DefaultFullHttpRequest(decodeResult: success, version: HTTP/1.1, content: EmptyByteBufBE)
GET /session/ddf0316891c0b893cd9204c89e6f89fd/screenshot HTTP/1.1
User-Agent: selenium/4.1.2 (java windows)
Cache-Control: no-cache
Content-Type: application/json; charset=utf-8
host: localhost:52747
accept: */*

Response DefaultHttpResponse(decodeResult: success, version: HTTP/1.1)
HTTP/1.1 200 OK
Content-Type: application/json; charset=utf-8
cache-control: no-cache
content-length: 28444

21:11:12.259 [AsyncHttpClient-1-12] DEBUG org.asynchttpclient.netty.channel.ChannelManager - Adding key: http://localhost:52747 for channel [id: 0xcbcfd1fc, L:/127.0.0.1:61760 - R:localhost/127.0.0.1:52747]
21:11:12.260 [main] DEBUG net.serenitybdd.core.photography.Darkroom - Send negative for processing for target\site\serenity\66a56edaf9b94843f1620232dbb5fea8067a7758c30dda74422154181cd445e2.png
21:11:12.260 [Darkroom Processing Line] DEBUG net.serenitybdd.core.photography.DarkroomProcessingLine - Processing screenshot image in /var/screenshots/screenshot-5741974714160396821
21:11:12.260 [Darkroom Processing Line] DEBUG net.serenitybdd.core.photography.DarkroomProcessingLine - Saving screenshot to target\site\serenity\66a56edaf9b94843f1620232dbb5fea8067a7758c30dda74422154181cd445e2.png
21:11:12.265 [Forwarding findElement on session ddf0316891c0b893cd9204c89e6f89fd to remote] DEBUG org.asynchttpclient.netty.request.NettyRequestSender - Using pooled Channel '[id: 0xcbcfd1fc, L:/127.0.0.1:61760 - R:localhost/127.0.0.1:52747]' for 'POST' to 'http://localhost:52747/session/ddf0316891c0b893cd9204c89e6f89fd/element'
21:11:12.266 [Forwarding findElement on session ddf0316891c0b893cd9204c89e6f89fd to remote] DEBUG org.asynchttpclient.netty.request.NettyRequestSender - Using open Channel [id: 0xcbcfd1fc, L:/127.0.0.1:61760 - R:localhost/127.0.0.1:52747] for POST '/session/ddf0316891c0b893cd9204c89e6f89fd/element'
21:11:12.276 [AsyncHttpClient-1-12] DEBUG org.asynchttpclient.netty.handler.HttpHandler - 

Request DefaultHttpRequest(decodeResult: success, version: HTTP/1.1)
POST /session/ddf0316891c0b893cd9204c89e6f89fd/element HTTP/1.1
User-Agent: selenium/4.1.2 (java windows)
Content-Length: 89
Content-Type: application/json; charset=utf-8
host: localhost:52747
accept: */*

Response DefaultHttpResponse(decodeResult: success, version: HTTP/1.1)
HTTP/1.1 200 OK
Content-Type: application/json; charset=utf-8
cache-control: no-cache
content-length: 88

21:11:12.276 [AsyncHttpClient-1-12] DEBUG org.asynchttpclient.netty.channel.ChannelManager - Adding key: http://localhost:52747 for channel [id: 0xcbcfd1fc, L:/127.0.0.1:61760 - R:localhost/127.0.0.1:52747]
21:11:12.277 [Forwarding clearElement on session ddf0316891c0b893cd9204c89e6f89fd to remote] DEBUG org.asynchttpclient.netty.request.NettyRequestSender - Using pooled Channel '[id: 0xcbcfd1fc, L:/127.0.0.1:61760 - R:localhost/127.0.0.1:52747]' for 'POST' to 'http://localhost:52747/session/ddf0316891c0b893cd9204c89e6f89fd/element/f5a2bcdc-d0f1-40bb-861e-bbd65ae16c2f/clear'
21:11:12.278 [Forwarding clearElement on session ddf0316891c0b893cd9204c89e6f89fd to remote] DEBUG org.asynchttpclient.netty.request.NettyRequestSender - Using open Channel [id: 0xcbcfd1fc, L:/127.0.0.1:61760 - R:localhost/127.0.0.1:52747] for POST '/session/ddf0316891c0b893cd9204c89e6f89fd/element/f5a2bcdc-d0f1-40bb-861e-bbd65ae16c2f/clear'
21:11:12.308 [AsyncHttpClient-1-12] DEBUG org.asynchttpclient.netty.handler.HttpHandler - 

Request DefaultHttpRequest(decodeResult: success, version: HTTP/1.1)
POST /session/ddf0316891c0b893cd9204c89e6f89fd/element/f5a2bcdc-d0f1-40bb-861e-bbd65ae16c2f/clear HTTP/1.1
User-Agent: selenium/4.1.2 (java windows)
Content-Length: 50
Content-Type: application/json; charset=utf-8
host: localhost:52747
accept: */*

Response DefaultHttpResponse(decodeResult: success, version: HTTP/1.1)
HTTP/1.1 200 OK
Content-Type: application/json; charset=utf-8
cache-control: no-cache
content-length: 14

21:11:12.308 [AsyncHttpClient-1-12] DEBUG org.asynchttpclient.netty.channel.ChannelManager - Adding key: http://localhost:52747 for channel [id: 0xcbcfd1fc, L:/127.0.0.1:61760 - R:localhost/127.0.0.1:52747]
21:11:12.309 [Forwarding sendKeysToElement on session ddf0316891c0b893cd9204c89e6f89fd to remote] DEBUG org.asynchttpclient.netty.request.NettyRequestSender - Using pooled Channel '[id: 0xcbcfd1fc, L:/127.0.0.1:61760 - R:localhost/127.0.0.1:52747]' for 'POST' to 'http://localhost:52747/session/ddf0316891c0b893cd9204c89e6f89fd/element/f5a2bcdc-d0f1-40bb-861e-bbd65ae16c2f/value'
21:11:12.309 [Forwarding sendKeysToElement on session ddf0316891c0b893cd9204c89e6f89fd to remote] DEBUG org.asynchttpclient.netty.request.NettyRequestSender - Using open Channel [id: 0xcbcfd1fc, L:/127.0.0.1:61760 - R:localhost/127.0.0.1:52747] for POST '/session/ddf0316891c0b893cd9204c89e6f89fd/element/f5a2bcdc-d0f1-40bb-861e-bbd65ae16c2f/value'
21:11:12.343 [AsyncHttpClient-1-12] DEBUG org.asynchttpclient.netty.handler.HttpHandler - 

Request DefaultHttpRequest(decodeResult: success, version: HTTP/1.1)
POST /session/ddf0316891c0b893cd9204c89e6f89fd/element/f5a2bcdc-d0f1-40bb-861e-bbd65ae16c2f/value HTTP/1.1
User-Agent: selenium/4.1.2 (java windows)
Content-Length: 82
Content-Type: application/json; charset=utf-8
host: localhost:52747
accept: */*

Response DefaultHttpResponse(decodeResult: success, version: HTTP/1.1)
HTTP/1.1 200 OK
Content-Type: application/json; charset=utf-8
cache-control: no-cache
content-length: 14

21:11:12.343 [AsyncHttpClient-1-12] DEBUG org.asynchttpclient.netty.channel.ChannelManager - Adding key: http://localhost:52747 for channel [id: 0xcbcfd1fc, L:/127.0.0.1:61760 - R:localhost/127.0.0.1:52747]
  &amp#27;[32mAnd &amp#27;[0m&amp#27;[32mI input null passwordd&amp#27;[0m                          &amp#27;[90m# starter.stepdefinitions.RegisterStep.iInputNullPasswordd()&amp#27;[0m
21:11:12.346 [Forwarding screenshot on session ddf0316891c0b893cd9204c89e6f89fd to remote] DEBUG org.asynchttpclient.netty.request.NettyRequestSender - Using pooled Channel '[id: 0xcbcfd1fc, L:/127.0.0.1:61760 - R:localhost/127.0.0.1:52747]' for 'GET' to 'http://localhost:52747/session/ddf0316891c0b893cd9204c89e6f89fd/screenshot'
21:11:12.346 [Forwarding screenshot on session ddf0316891c0b893cd9204c89e6f89fd to remote] DEBUG org.asynchttpclient.netty.request.NettyRequestSender - Using open Channel [id: 0xcbcfd1fc, L:/127.0.0.1:61760 - R:localhost/127.0.0.1:52747] for GET '/session/ddf0316891c0b893cd9204c89e6f89fd/screenshot'
21:11:12.475 [AsyncHttpClient-1-12] DEBUG org.asynchttpclient.netty.handler.HttpHandler - 

Request DefaultFullHttpRequest(decodeResult: success, version: HTTP/1.1, content: EmptyByteBufBE)
GET /session/ddf0316891c0b893cd9204c89e6f89fd/screenshot HTTP/1.1
User-Agent: selenium/4.1.2 (java windows)
Cache-Control: no-cache
Content-Type: application/json; charset=utf-8
host: localhost:52747
accept: */*

Response DefaultHttpResponse(decodeResult: success, version: HTTP/1.1)
HTTP/1.1 200 OK
Content-Type: application/json; charset=utf-8
cache-control: no-cache
content-length: 28088

21:11:12.476 [AsyncHttpClient-1-12] DEBUG org.asynchttpclient.netty.channel.ChannelManager - Adding key: http://localhost:52747 for channel [id: 0xcbcfd1fc, L:/127.0.0.1:61760 - R:localhost/127.0.0.1:52747]
21:11:12.477 [main] DEBUG net.serenitybdd.core.photography.Darkroom - Send negative for processing for target\site\serenity\ec134fe196f25b4ad4192f4b443b21093dcc7f30828bd8d476d7f0fae5e93a7e.png
21:11:12.477 [Darkroom Processing Line] DEBUG net.serenitybdd.core.photography.DarkroomProcessingLine - Processing screenshot image in /var/screenshots/screenshot-16649192630729405636
21:11:12.477 [Darkroom Processing Line] DEBUG net.serenitybdd.core.photography.DarkroomProcessingLine - Saving screenshot to target\site\serenity\ec134fe196f25b4ad4192f4b443b21093dcc7f30828bd8d476d7f0fae5e93a7e.png
21:11:12.482 [Forwarding findElement on session ddf0316891c0b893cd9204c89e6f89fd to remote] DEBUG org.asynchttpclient.netty.request.NettyRequestSender - Using pooled Channel '[id: 0xcbcfd1fc, L:/127.0.0.1:61760 - R:localhost/127.0.0.1:52747]' for 'POST' to 'http://localhost:52747/session/ddf0316891c0b893cd9204c89e6f89fd/element'
21:11:12.482 [Forwarding findElement on session ddf0316891c0b893cd9204c89e6f89fd to remote] DEBUG org.asynchttpclient.netty.request.NettyRequestSender - Using open Channel [id: 0xcbcfd1fc, L:/127.0.0.1:61760 - R:localhost/127.0.0.1:52747] for POST '/session/ddf0316891c0b893cd9204c89e6f89fd/element'
21:11:12.492 [AsyncHttpClient-1-12] DEBUG org.asynchttpclient.netty.handler.HttpHandler - 

Request DefaultHttpRequest(decodeResult: success, version: HTTP/1.1)
POST /session/ddf0316891c0b893cd9204c89e6f89fd/element HTTP/1.1
User-Agent: selenium/4.1.2 (java windows)
Content-Length: 93
Content-Type: application/json; charset=utf-8
host: localhost:52747
accept: */*

Response DefaultHttpResponse(decodeResult: success, version: HTTP/1.1)
HTTP/1.1 200 OK
Content-Type: application/json; charset=utf-8
cache-control: no-cache
content-length: 88

21:11:12.492 [AsyncHttpClient-1-12] DEBUG org.asynchttpclient.netty.channel.ChannelManager - Adding key: http://localhost:52747 for channel [id: 0xcbcfd1fc, L:/127.0.0.1:61760 - R:localhost/127.0.0.1:52747]
21:11:12.492 [Forwarding getElementTagName on session ddf0316891c0b893cd9204c89e6f89fd to remote] DEBUG org.asynchttpclient.netty.request.NettyRequestSender - Using pooled Channel '[id: 0xcbcfd1fc, L:/127.0.0.1:61760 - R:localhost/127.0.0.1:52747]' for 'GET' to 'http://localhost:52747/session/ddf0316891c0b893cd9204c89e6f89fd/element/dafd5225-f5fe-4489-9b5a-562e51a12849/name'
21:11:12.492 [Forwarding getElementTagName on session ddf0316891c0b893cd9204c89e6f89fd to remote] DEBUG org.asynchttpclient.netty.request.NettyRequestSender - Using open Channel [id: 0xcbcfd1fc, L:/127.0.0.1:61760 - R:localhost/127.0.0.1:52747] for GET '/session/ddf0316891c0b893cd9204c89e6f89fd/element/dafd5225-f5fe-4489-9b5a-562e51a12849/name'
21:11:12.496 [AsyncHttpClient-1-12] DEBUG org.asynchttpclient.netty.handler.HttpHandler - 

Request DefaultFullHttpRequest(decodeResult: success, version: HTTP/1.1, content: EmptyByteBufBE)
GET /session/ddf0316891c0b893cd9204c89e6f89fd/element/dafd5225-f5fe-4489-9b5a-562e51a12849/name HTTP/1.1
User-Agent: selenium/4.1.2 (java windows)
Cache-Control: no-cache
Content-Type: application/json; charset=utf-8
host: localhost:52747
accept: */*

Response DefaultHttpResponse(decodeResult: success, version: HTTP/1.1)
HTTP/1.1 200 OK
Content-Type: application/json; charset=utf-8
cache-control: no-cache
content-length: 16

21:11:12.496 [AsyncHttpClient-1-12] DEBUG org.asynchttpclient.netty.channel.ChannelManager - Adding key: http://localhost:52747 for channel [id: 0xcbcfd1fc, L:/127.0.0.1:61760 - R:localhost/127.0.0.1:52747]
21:11:12.497 [Forwarding getElementTagName on session ddf0316891c0b893cd9204c89e6f89fd to remote] DEBUG org.asynchttpclient.netty.request.NettyRequestSender - Using pooled Channel '[id: 0xcbcfd1fc, L:/127.0.0.1:61760 - R:localhost/127.0.0.1:52747]' for 'GET' to 'http://localhost:52747/session/ddf0316891c0b893cd9204c89e6f89fd/element/dafd5225-f5fe-4489-9b5a-562e51a12849/name'
21:11:12.497 [Forwarding getElementTagName on session ddf0316891c0b893cd9204c89e6f89fd to remote] DEBUG org.asynchttpclient.netty.request.NettyRequestSender - Using open Channel [id: 0xcbcfd1fc, L:/127.0.0.1:61760 - R:localhost/127.0.0.1:52747] for GET '/session/ddf0316891c0b893cd9204c89e6f89fd/element/dafd5225-f5fe-4489-9b5a-562e51a12849/name'
21:11:12.502 [AsyncHttpClient-1-12] DEBUG org.asynchttpclient.netty.handler.HttpHandler - 

Request DefaultFullHttpRequest(decodeResult: success, version: HTTP/1.1, content: EmptyByteBufBE)
GET /session/ddf0316891c0b893cd9204c89e6f89fd/element/dafd5225-f5fe-4489-9b5a-562e51a12849/name HTTP/1.1
User-Agent: selenium/4.1.2 (java windows)
Cache-Control: no-cache
Content-Type: application/json; charset=utf-8
host: localhost:52747
accept: */*

Response DefaultHttpResponse(decodeResult: success, version: HTTP/1.1)
HTTP/1.1 200 OK
Content-Type: application/json; charset=utf-8
cache-control: no-cache
content-length: 16

21:11:12.502 [AsyncHttpClient-1-12] DEBUG org.asynchttpclient.netty.channel.ChannelManager - Adding key: http://localhost:52747 for channel [id: 0xcbcfd1fc, L:/127.0.0.1:61760 - R:localhost/127.0.0.1:52747]
21:11:12.503 [Forwarding findElement on session ddf0316891c0b893cd9204c89e6f89fd to remote] DEBUG org.asynchttpclient.netty.request.NettyRequestSender - Using pooled Channel '[id: 0xcbcfd1fc, L:/127.0.0.1:61760 - R:localhost/127.0.0.1:52747]' for 'POST' to 'http://localhost:52747/session/ddf0316891c0b893cd9204c89e6f89fd/element'
21:11:12.503 [Forwarding findElement on session ddf0316891c0b893cd9204c89e6f89fd to remote] DEBUG org.asynchttpclient.netty.request.NettyRequestSender - Using open Channel [id: 0xcbcfd1fc, L:/127.0.0.1:61760 - R:localhost/127.0.0.1:52747] for POST '/session/ddf0316891c0b893cd9204c89e6f89fd/element'
21:11:12.508 [AsyncHttpClient-1-12] DEBUG org.asynchttpclient.netty.handler.HttpHandler - 

Request DefaultHttpRequest(decodeResult: success, version: HTTP/1.1)
POST /session/ddf0316891c0b893cd9204c89e6f89fd/element HTTP/1.1
User-Agent: selenium/4.1.2 (java windows)
Content-Length: 93
Content-Type: application/json; charset=utf-8
host: localhost:52747
accept: */*

Response DefaultHttpResponse(decodeResult: success, version: HTTP/1.1)
HTTP/1.1 200 OK
Content-Type: application/json; charset=utf-8
cache-control: no-cache
content-length: 88

21:11:12.508 [AsyncHttpClient-1-12] DEBUG org.asynchttpclient.netty.channel.ChannelManager - Adding key: http://localhost:52747 for channel [id: 0xcbcfd1fc, L:/127.0.0.1:61760 - R:localhost/127.0.0.1:52747]
21:11:12.509 [Forwarding clickElement on session ddf0316891c0b893cd9204c89e6f89fd to remote] DEBUG org.asynchttpclient.netty.request.NettyRequestSender - Using pooled Channel '[id: 0xcbcfd1fc, L:/127.0.0.1:61760 - R:localhost/127.0.0.1:52747]' for 'POST' to 'http://localhost:52747/session/ddf0316891c0b893cd9204c89e6f89fd/element/dafd5225-f5fe-4489-9b5a-562e51a12849/click'
21:11:12.509 [Forwarding clickElement on session ddf0316891c0b893cd9204c89e6f89fd to remote] DEBUG org.asynchttpclient.netty.request.NettyRequestSender - Using open Channel [id: 0xcbcfd1fc, L:/127.0.0.1:61760 - R:localhost/127.0.0.1:52747] for POST '/session/ddf0316891c0b893cd9204c89e6f89fd/element/dafd5225-f5fe-4489-9b5a-562e51a12849/click'
21:11:12.546 [AsyncHttpClient-1-12] DEBUG org.asynchttpclient.netty.handler.HttpHandler - 

Request DefaultHttpRequest(decodeResult: success, version: HTTP/1.1)
POST /session/ddf0316891c0b893cd9204c89e6f89fd/element/dafd5225-f5fe-4489-9b5a-562e51a12849/click HTTP/1.1
User-Agent: selenium/4.1.2 (java windows)
Content-Length: 50
Content-Type: application/json; charset=utf-8
host: localhost:52747
accept: */*

Response DefaultHttpResponse(decodeResult: success, version: HTTP/1.1)
HTTP/1.1 200 OK
Content-Type: application/json; charset=utf-8
cache-control: no-cache
content-length: 14

21:11:12.546 [AsyncHttpClient-1-12] DEBUG org.asynchttpclient.netty.channel.ChannelManager - Adding key: http://localhost:52747 for channel [id: 0xcbcfd1fc, L:/127.0.0.1:61760 - R:localhost/127.0.0.1:52747]
  &amp#27;[32mAnd &amp#27;[0m&amp#27;[32mI click register iconn&amp#27;[0m                          &amp#27;[90m# starter.stepdefinitions.RegisterStep.iClickRegisterIconn()&amp#27;[0m
21:11:12.550 [Forwarding screenshot on session ddf0316891c0b893cd9204c89e6f89fd to remote] DEBUG org.asynchttpclient.netty.request.NettyRequestSender - Using pooled Channel '[id: 0xcbcfd1fc, L:/127.0.0.1:61760 - R:localhost/127.0.0.1:52747]' for 'GET' to 'http://localhost:52747/session/ddf0316891c0b893cd9204c89e6f89fd/screenshot'
21:11:12.550 [Forwarding screenshot on session ddf0316891c0b893cd9204c89e6f89fd to remote] DEBUG org.asynchttpclient.netty.request.NettyRequestSender - Using open Channel [id: 0xcbcfd1fc, L:/127.0.0.1:61760 - R:localhost/127.0.0.1:52747] for GET '/session/ddf0316891c0b893cd9204c89e6f89fd/screenshot'
21:11:12.682 [AsyncHttpClient-1-12] DEBUG org.asynchttpclient.netty.handler.HttpHandler - 

Request DefaultFullHttpRequest(decodeResult: success, version: HTTP/1.1, content: EmptyByteBufBE)
GET /session/ddf0316891c0b893cd9204c89e6f89fd/screenshot HTTP/1.1
User-Agent: selenium/4.1.2 (java windows)
Cache-Control: no-cache
Content-Type: application/json; charset=utf-8
host: localhost:52747
accept: */*

Response DefaultHttpResponse(decodeResult: success, version: HTTP/1.1)
HTTP/1.1 200 OK
Content-Type: application/json; charset=utf-8
cache-control: no-cache
content-length: 28152

21:11:12.682 [AsyncHttpClient-1-12] DEBUG org.asynchttpclient.netty.channel.ChannelManager - Adding key: http://localhost:52747 for channel [id: 0xcbcfd1fc, L:/127.0.0.1:61760 - R:localhost/127.0.0.1:52747]
21:11:12.684 [main] DEBUG net.serenitybdd.core.photography.Darkroom - Send negative for processing for target\site\serenity\ea83dc2595933434d4c0ebff1b4a89e534f91c0be289f4eabfdab96636f6b77c.png
21:11:12.684 [Darkroom Processing Line] DEBUG net.serenitybdd.core.photography.DarkroomProcessingLine - Processing screenshot image in /var/screenshots/screenshot-17856828449152428502
21:11:12.684 [Darkroom Processing Line] DEBUG net.serenitybdd.core.photography.DarkroomProcessingLine - Saving screenshot to target\site\serenity\ea83dc2595933434d4c0ebff1b4a89e534f91c0be289f4eabfdab96636f6b77c.png
21:11:12.689 [Forwarding findElement on session ddf0316891c0b893cd9204c89e6f89fd to remote] DEBUG org.asynchttpclient.netty.request.NettyRequestSender - Using pooled Channel '[id: 0xcbcfd1fc, L:/127.0.0.1:61760 - R:localhost/127.0.0.1:52747]' for 'POST' to 'http://localhost:52747/session/ddf0316891c0b893cd9204c89e6f89fd/element'
21:11:12.689 [Forwarding findElement on session ddf0316891c0b893cd9204c89e6f89fd to remote] DEBUG org.asynchttpclient.netty.request.NettyRequestSender - Using open Channel [id: 0xcbcfd1fc, L:/127.0.0.1:61760 - R:localhost/127.0.0.1:52747] for POST '/session/ddf0316891c0b893cd9204c89e6f89fd/element'
21:11:12.722 [AsyncHttpClient-1-1] DEBUG org.asynchttpclient.netty.channel.DefaultChannelPool - Entry count for : http://localhost:61761 : 1
21:11:13.817 [AsyncHttpClient-1-1] DEBUG org.asynchttpclient.netty.channel.DefaultChannelPool - Entry count for : http://localhost:61761 : 1
21:11:13.967 [AsyncHttpClient-1-12] DEBUG org.asynchttpclient.netty.handler.HttpHandler - 

Request DefaultHttpRequest(decodeResult: success, version: HTTP/1.1)
POST /session/ddf0316891c0b893cd9204c89e6f89fd/element HTTP/1.1
User-Agent: selenium/4.1.2 (java windows)
Content-Length: 148
Content-Type: application/json; charset=utf-8
host: localhost:52747
accept: */*

Response DefaultHttpResponse(decodeResult: success, version: HTTP/1.1)
HTTP/1.1 200 OK
Content-Type: application/json; charset=utf-8
cache-control: no-cache
content-length: 88

21:11:13.967 [AsyncHttpClient-1-12] DEBUG org.asynchttpclient.netty.channel.ChannelManager - Adding key: http://localhost:52747 for channel [id: 0xcbcfd1fc, L:/127.0.0.1:61760 - R:localhost/127.0.0.1:52747]
21:11:13.970 [Forwarding isElementDisplayed on session ddf0316891c0b893cd9204c89e6f89fd to remote] DEBUG org.asynchttpclient.netty.request.NettyRequestSender - Using pooled Channel '[id: 0xcbcfd1fc, L:/127.0.0.1:61760 - R:localhost/127.0.0.1:52747]' for 'POST' to 'http://localhost:52747/session/ddf0316891c0b893cd9204c89e6f89fd/execute/sync'
21:11:13.970 [Forwarding isElementDisplayed on session ddf0316891c0b893cd9204c89e6f89fd to remote] DEBUG org.asynchttpclient.netty.request.NettyRequestSender - Using open Channel [id: 0xcbcfd1fc, L:/127.0.0.1:61760 - R:localhost/127.0.0.1:52747] for POST '/session/ddf0316891c0b893cd9204c89e6f89fd/execute/sync'
21:11:13.986 [AsyncHttpClient-1-12] DEBUG org.asynchttpclient.netty.handler.HttpHandler - 

Request DefaultHttpRequest(decodeResult: success, version: HTTP/1.1)
POST /session/ddf0316891c0b893cd9204c89e6f89fd/execute/sync HTTP/1.1
User-Agent: selenium/4.1.2 (java windows)
Content-Length: 48780
Content-Type: application/json; charset=utf-8
host: localhost:52747
accept: */*

Response DefaultHttpResponse(decodeResult: success, version: HTTP/1.1)
HTTP/1.1 200 OK
Content-Type: application/json; charset=utf-8
cache-control: no-cache
content-length: 14

21:11:13.986 [AsyncHttpClient-1-12] DEBUG org.asynchttpclient.netty.channel.ChannelManager - Adding key: http://localhost:52747 for channel [id: 0xcbcfd1fc, L:/127.0.0.1:61760 - R:localhost/127.0.0.1:52747]
  &amp#27;[32mThen &amp#27;[0m&amp#27;[32mI will get error message nul&amp#27;[0m                   &amp#27;[90m# starter.stepdefinitions.RegisterStep.iWillGetErrorMessageNul()&amp#27;[0m
21:11:13.992 [Forwarding screenshot on session ddf0316891c0b893cd9204c89e6f89fd to remote] DEBUG org.asynchttpclient.netty.request.NettyRequestSender - Using pooled Channel '[id: 0xcbcfd1fc, L:/127.0.0.1:61760 - R:localhost/127.0.0.1:52747]' for 'GET' to 'http://localhost:52747/session/ddf0316891c0b893cd9204c89e6f89fd/screenshot'
21:11:13.992 [Forwarding screenshot on session ddf0316891c0b893cd9204c89e6f89fd to remote] DEBUG org.asynchttpclient.netty.request.NettyRequestSender - Using open Channel [id: 0xcbcfd1fc, L:/127.0.0.1:61760 - R:localhost/127.0.0.1:52747] for GET '/session/ddf0316891c0b893cd9204c89e6f89fd/screenshot'
21:11:14.124 [AsyncHttpClient-1-12] DEBUG org.asynchttpclient.netty.handler.HttpHandler - 

Request DefaultFullHttpRequest(decodeResult: success, version: HTTP/1.1, content: EmptyByteBufBE)
GET /session/ddf0316891c0b893cd9204c89e6f89fd/screenshot HTTP/1.1
User-Agent: selenium/4.1.2 (java windows)
Cache-Control: no-cache
Content-Type: application/json; charset=utf-8
host: localhost:52747
accept: */*

Response DefaultHttpResponse(decodeResult: success, version: HTTP/1.1)
HTTP/1.1 200 OK
Content-Type: application/json; charset=utf-8
cache-control: no-cache
content-length: 29096

21:11:14.124 [AsyncHttpClient-1-12] DEBUG org.asynchttpclient.netty.channel.ChannelManager - Adding key: http://localhost:52747 for channel [id: 0xcbcfd1fc, L:/127.0.0.1:61760 - R:localhost/127.0.0.1:52747]
21:11:14.125 [main] DEBUG net.serenitybdd.core.photography.Darkroom - Send negative for processing for target\site\serenity\d3407d157ef6ba2a26cc8507ed3e2342a778030630b7cc837a7754bdcca7b62d.png
21:11:14.125 [Darkroom Processing Line] DEBUG net.serenitybdd.core.photography.DarkroomProcessingLine - Processing screenshot image in /var/screenshots/screenshot-369286071230105133
21:11:14.125 [Darkroom Processing Line] DEBUG net.serenitybdd.core.photography.DarkroomProcessingLine - Saving screenshot to target\site\serenity\d3407d157ef6ba2a26cc8507ed3e2342a778030630b7cc837a7754bdcca7b62d.png
21:11:14.126 [main] INFO  - 
  _____   ___   ___   _____     ___     _     ___   ___   ___   ___  
 |_   _| | __| / __| |_   _|   | _ \   /_\   / __| / __| | __| |   \ 
   | |   | _|  \__ \   | |     |  _/  / _ \  \__ \ \__ \ | _|  | |) |
   |_|   |___| |___/   |_|     |_|   /_/ \_\ |___/ |___/ |___| |___/ 

Register with null nama, email and password
----------------------------------------------------------------------
21:11:14.127 [AsyncHttpClient-1-14] DEBUG org.asynchttpclient.netty.handler.WebSocketHandler - Channel Closed: [id: 0xde3090db, L:/127.0.0.1:61768 ! R:localhost/127.0.0.1:61761] with attribute NettyResponseFuture{currentRetry=5,
	isDone=1,
	isCancelled=0,
	asyncHandler=org.asynchttpclient.ws.WebSocketUpgradeHandler@cf89536,
	nettyRequest=org.asynchttpclient.netty.request.NettyRequest@5e4f336e,
	future=java.util.concurrent.CompletableFuture@65f53080[Completed normally],
	uri=ws://localhost:61761/devtools/browser/81480a09-23b3-4a17-9808-68fb9950cd54,
	keepAlive=true,
	redirectCount=0,
	timeoutsHolder=null,
	inAuth=0,
	touch=1667916670620}
21:11:14.127 [AsyncHttpClient-1-14] DEBUG org.asynchttpclient.netty.channel.ChannelManager - Closing Channel [id: 0xde3090db, L:/127.0.0.1:61768 ! R:localhost/127.0.0.1:61761] 
21:11:14.127 [Driver Command Executor] DEBUG org.asynchttpclient.netty.request.NettyRequestSender - Using pooled Channel '[id: 0xcbcfd1fc, L:/127.0.0.1:61760 - R:localhost/127.0.0.1:52747]' for 'DELETE' to 'http://localhost:52747/session/ddf0316891c0b893cd9204c89e6f89fd'
21:11:14.127 [Driver Command Executor] DEBUG org.asynchttpclient.netty.request.NettyRequestSender - Using open Channel [id: 0xcbcfd1fc, L:/127.0.0.1:61760 - R:localhost/127.0.0.1:52747] for DELETE '/session/ddf0316891c0b893cd9204c89e6f89fd'
21:11:14.164 [AsyncHttpClient-1-13] DEBUG org.asynchttpclient.netty.handler.HttpHandler - Unexpected I/O exception on channel [id: 0x7d03643d, L:/127.0.0.1:61767 - R:localhost/127.0.0.1:61761]
java.io.IOException: An existing connection was forcibly closed by the remote host
	at java.base/sun.nio.ch.SocketDispatcher.read0(Native Method)
	at java.base/sun.nio.ch.SocketDispatcher.read(SocketDispatcher.java:43)
	at java.base/sun.nio.ch.IOUtil.readIntoNativeBuffer(IOUtil.java:276)
	at java.base/sun.nio.ch.IOUtil.read(IOUtil.java:233)
	at java.base/sun.nio.ch.IOUtil.read(IOUtil.java:223)
	at java.base/sun.nio.ch.SocketChannelImpl.read(SocketChannelImpl.java:358)
	at io.netty.buffer.PooledByteBuf.setBytes(PooledByteBuf.java:258)
	at io.netty.buffer.AbstractByteBuf.writeBytes(AbstractByteBuf.java:1132)
	at io.netty.channel.socket.nio.NioSocketChannel.doReadBytes(NioSocketChannel.java:350)
	at io.netty.channel.nio.AbstractNioByteChannel$NioByteUnsafe.read(AbstractNioByteChannel.java:151)
	at io.netty.channel.nio.NioEventLoop.processSelectedKey(NioEventLoop.java:722)
	at io.netty.channel.nio.NioEventLoop.processSelectedKeysOptimized(NioEventLoop.java:658)
	at io.netty.channel.nio.NioEventLoop.processSelectedKeys(NioEventLoop.java:584)
	at io.netty.channel.nio.NioEventLoop.run(NioEventLoop.java:496)
	at io.netty.util.concurrent.SingleThreadEventExecutor$4.run(SingleThreadEventExecutor.java:986)
	at io.netty.util.internal.ThreadExecutorMap$2.run(ThreadExecutorMap.java:74)
	at io.netty.util.concurrent.FastThreadLocalRunnable.run(FastThreadLocalRunnable.java:30)
	at java.base/java.lang.Thread.run(Thread.java:834)
21:11:14.164 [AsyncHttpClient-1-13] DEBUG org.asynchttpclient.netty.channel.ChannelManager - Closing Channel [id: 0x7d03643d, L:/127.0.0.1:61767 - R:localhost/127.0.0.1:61761] 
21:11:14.165 [AsyncHttpClient-1-13] DEBUG org.asynchttpclient.netty.handler.HttpHandler - Channel Closed: [id: 0x7d03643d, L:/127.0.0.1:61767 ! R:localhost/127.0.0.1:61761] with attribute DISCARD
21:11:14.183 [AsyncHttpClient-1-12] DEBUG org.asynchttpclient.netty.handler.HttpHandler - 

Request DefaultFullHttpRequest(decodeResult: success, version: HTTP/1.1, content: EmptyByteBufBE)
DELETE /session/ddf0316891c0b893cd9204c89e6f89fd HTTP/1.1
User-Agent: selenium/4.1.2 (java windows)
Content-Type: application/json; charset=utf-8
host: localhost:52747
accept: */*

Response DefaultHttpResponse(decodeResult: success, version: HTTP/1.1)
HTTP/1.1 200 OK
Content-Type: application/json; charset=utf-8
cache-control: no-cache
content-length: 14

21:11:14.183 [AsyncHttpClient-1-12] DEBUG org.asynchttpclient.netty.channel.ChannelManager - Adding key: http://localhost:52747 for channel [id: 0xcbcfd1fc, L:/127.0.0.1:61760 - R:localhost/127.0.0.1:52747]
21:11:14.218 [AsyncHttpClient-1-12] DEBUG org.asynchttpclient.netty.handler.HttpHandler - Channel Closed: [id: 0xcbcfd1fc, L:/127.0.0.1:61760 ! R:localhost/127.0.0.1:52747] with attribute DISCARD
]]></system-out>
    <system-err><![CDATA[Starting ChromeDriver 106.0.5249.61 (511755355844955cd3e264779baf0dd38212a4d0-refs/branch-heads/5249@{#569}) on port 52747
Only local connections are allowed.
Please see https://chromedriver.chromium.org/security-considerations for suggestions on keeping ChromeDriver safe.
ChromeDriver was started successfully.
[1667916670.579][WARNING]: This version of ChromeDriver has not been tested with Chrome version 107.
Nov 08, 2022 9:11:10 PM org.openqa.selenium.remote.ProtocolHandshake createSession
INFO: Detected dialect: W3C
Nov 08, 2022 9:11:10 PM org.openqa.selenium.devtools.CdpVersionFinder findNearestMatch
WARNING: Unable to find an exact match for CDP version 107, so returning the closest version found: a no-op implementation
Nov 08, 2022 9:11:10 PM org.openqa.selenium.devtools.CdpVersionFinder findNearestMatch
INFO: Unable to find CDP implementation matching 107.
Nov 08, 2022 9:11:10 PM org.openqa.selenium.chromium.ChromiumDriver lambda$new$3
WARNING: Unable to find version of CDP to use for . You may need to include a dependency on a specific version of the CDP using something similar to `org.seleniumhq.selenium:selenium-devtools-v86:4.1.2` where the version ("v86") matches the version of the chromium-based browser you're using and the version number of the artifact is the same as Selenium's.
]]></system-err>
  </testcase>
  <testcase name="Register with valid nama, null email and null password" classname="Register" time="4.479">
    <system-out><![CDATA[
@Register
Scenario: Register with valid nama, null email and null password &amp#27;[90m# src/test/resources/features/register.feature:16&amp#27;[0m
21:11:14.259 [main] INFO io.cucumber.core.plugin.SerenityReporter - Running feature from file:///D:/miniproject/webtesting/src/test/resources/features/register.feature
21:11:14.260 [main] INFO  - 
  _____   ___   ___   _____     ___   _____     _     ___   _____   ___   ___  
 |_   _| | __| / __| |_   _|   / __| |_   _|   /_\   | _ \ |_   _| | __| |   \ 
   | |   | _|  \__ \   | |     \__ \   | |    / _ \  |   /   | |   | _|  | |) |
   |_|   |___| |___/   |_|     |___/   |_|   /_/ \_\ |_|_\   |_|   |___| |___/ 

Register with valid nama, null email and null password(register;register-with-valid-nama--null-email-and-null-password)
--------------------------------------------------------------------------------
21:11:14.274 [main] INFO net.serenitybdd.core.webdriver.driverproviders.ChromeDriverProvider - Using automatically driver download
21:11:14.372 [main] DEBUG io.github.bonigarcia.wdm.cache.ResolutionCache - Resolution chrome=107 in cache (valid until 22:09:52 08/11/2022 ICT)
21:11:14.375 [main] DEBUG io.github.bonigarcia.wdm.cache.ResolutionCache - Resolution chrome107=107.0.5304.62 in cache (valid until 21:09:52 09/11/2022 ICT)
21:11:14.376 [main] INFO io.github.bonigarcia.wdm.WebDriverManager - Using chromedriver 107.0.5304.62 (resolved driver for Chrome 107)
21:11:14.383 [main] DEBUG io.github.bonigarcia.wdm.WebDriverManager - Driver chromedriver 107.0.5304.62 found in cache
21:11:14.383 [main] INFO io.github.bonigarcia.wdm.WebDriverManager - Exporting webdriver.chrome.driver as C:\Users\Yusuf Efendi\.cache\selenium\chromedriver\win32\107.0.5304.62\chromedriver.exe
21:11:14.470 [main] DEBUG net.serenitybdd.core.webdriver.driverproviders.ProvideNewDriver - Instantiating driver
21:11:14.470 [main] DEBUG net.serenitybdd.core.webdriver.driverproviders.ProvideNewDriver - Driver capabilities: Capabilities {acceptInsecureCerts: false, base.url: https://alta-shop.vercel.app, browserName: chrome, chrome.driver: src/test/resources/webdrive..., driver: chrome, goog:chromeOptions: {args: [], extensions: []}, wait.for.timeout: 7000}
21:11:14.546 [AsyncHttpClient-1-15] DEBUG org.asynchttpclient.netty.channel.NettyConnectListener - Using new Channel '[id: 0x1d438809, L:/127.0.0.1:61784 - R:localhost/127.0.0.1:54786]' for 'POST' to '/session'
21:11:14.926 [AsyncHttpClient-1-1] DEBUG org.asynchttpclient.netty.channel.DefaultChannelPool - Entry count for : http://localhost:61761 : 1
21:11:14.926 [AsyncHttpClient-1-1] DEBUG org.asynchttpclient.netty.channel.DefaultChannelPool - Entry count for : http://localhost:52747 : 1
21:11:14.926 [AsyncHttpClient-1-1] DEBUG org.asynchttpclient.netty.channel.DefaultChannelPool - Adding Candidate expired Channel [id: 0x7d03643d, L:/127.0.0.1:61767 ! R:localhost/127.0.0.1:61761] isIdleTimeoutExpired=false isRemotelyClosed=true isTtlExpired=false
21:11:14.926 [AsyncHttpClient-1-1] DEBUG org.asynchttpclient.netty.channel.DefaultChannelPool - Closing Idle Channel [id: 0x7d03643d, L:/127.0.0.1:61767 ! R:localhost/127.0.0.1:61761]
21:11:14.926 [AsyncHttpClient-1-1] DEBUG org.asynchttpclient.netty.channel.DefaultChannelPool - Adding Candidate expired Channel [id: 0xcbcfd1fc, L:/127.0.0.1:61760 ! R:localhost/127.0.0.1:52747] isIdleTimeoutExpired=false isRemotelyClosed=true isTtlExpired=false
21:11:14.926 [AsyncHttpClient-1-1] DEBUG org.asynchttpclient.netty.channel.DefaultChannelPool - Closing Idle Channel [id: 0xcbcfd1fc, L:/127.0.0.1:61760 ! R:localhost/127.0.0.1:52747]
21:11:14.926 [AsyncHttpClient-1-1] DEBUG org.asynchttpclient.netty.channel.DefaultChannelPool - Closed 2 connections out of 2 in 0 ms
21:11:15.254 [AsyncHttpClient-1-15] DEBUG org.asynchttpclient.netty.handler.HttpHandler - 

Request DefaultHttpRequest(decodeResult: success, version: HTTP/1.1)
POST /session HTTP/1.1
User-Agent: selenium/4.1.2 (java windows)
Content-Length: 639
Content-Type: application/json; charset=utf-8
host: localhost:54786
accept: */*

Response DefaultHttpResponse(decodeResult: success, version: HTTP/1.1)
HTTP/1.1 200 OK
Content-Type: application/json; charset=utf-8
cache-control: no-cache
content-length: 793

21:11:15.254 [AsyncHttpClient-1-15] DEBUG org.asynchttpclient.netty.channel.ChannelManager - Adding key: http://localhost:54786 for channel [id: 0x1d438809, L:/127.0.0.1:61784 - R:localhost/127.0.0.1:54786]
21:11:15.266 [AsyncHttpClient-1-16] DEBUG org.asynchttpclient.netty.channel.NettyConnectListener - Using new Channel '[id: 0x734f2414, L:/127.0.0.1:61791 - R:localhost/127.0.0.1:61785]' for 'GET' to '/json/version'
21:11:15.267 [AsyncHttpClient-1-16] DEBUG org.asynchttpclient.netty.handler.HttpHandler - 

Request DefaultFullHttpRequest(decodeResult: success, version: HTTP/1.1, content: EmptyByteBufBE)
GET /json/version HTTP/1.1
User-Agent: selenium/4.1.2 (java windows)
host: localhost:61785
accept: */*

Response DefaultHttpResponse(decodeResult: success, version: HTTP/1.1)
HTTP/1.1 200 OK
Content-Type: application/json; charset=UTF-8
content-length: 423

21:11:15.267 [AsyncHttpClient-1-16] DEBUG org.asynchttpclient.netty.channel.ChannelManager - Adding key: http://localhost:61785 for channel [id: 0x734f2414, L:/127.0.0.1:61791 - R:localhost/127.0.0.1:61785]
21:11:15.270 [AsyncHttpClient-1-17] DEBUG org.asynchttpclient.netty.channel.NettyConnectListener - Using new Channel '[id: 0x6bd6bcb3, L:/127.0.0.1:61792 - R:localhost/127.0.0.1:61785]' for 'GET' to '/devtools/browser/a70b89a3-9124-4ba6-ab68-f9feee1276c6'
21:11:15.271 [AsyncHttpClient-1-17] DEBUG org.asynchttpclient.netty.handler.WebSocketHandler - 

Request DefaultFullHttpRequest(decodeResult: success, version: HTTP/1.1, content: EmptyByteBufBE)
GET /devtools/browser/a70b89a3-9124-4ba6-ab68-f9feee1276c6 HTTP/1.1
upgrade: websocket
connection: upgrade
sec-websocket-key: 6m3w/Vr9B9bWZY3bnQUyeg==
sec-websocket-version: 13
origin: http://localhost:61785
host: localhost:61785
accept: */*
user-agent: AHC/2.1

Response DefaultHttpResponse(decodeResult: success, version: HTTP/1.1)
HTTP/1.1 101 WebSocket Protocol Handshake
Upgrade: WebSocket
Connection: Upgrade
Sec-WebSocket-Accept: 1g2p5CvxBexNVwdrnb76madxhEE=

21:11:15.275 [Forwarding get on session ac00707fd26210c12cad693231f0530a to remote] DEBUG org.asynchttpclient.netty.request.NettyRequestSender - Using pooled Channel '[id: 0x1d438809, L:/127.0.0.1:61784 - R:localhost/127.0.0.1:54786]' for 'POST' to 'http://localhost:54786/session/ac00707fd26210c12cad693231f0530a/url'
21:11:15.275 [Forwarding get on session ac00707fd26210c12cad693231f0530a to remote] DEBUG org.asynchttpclient.netty.request.NettyRequestSender - Using open Channel [id: 0x1d438809, L:/127.0.0.1:61784 - R:localhost/127.0.0.1:54786] for POST '/session/ac00707fd26210c12cad693231f0530a/url'
21:11:15.943 [AsyncHttpClient-1-15] DEBUG org.asynchttpclient.netty.handler.HttpHandler - 

Request DefaultHttpRequest(decodeResult: success, version: HTTP/1.1)
POST /session/ac00707fd26210c12cad693231f0530a/url HTTP/1.1
User-Agent: selenium/4.1.2 (java windows)
Content-Length: 74
Content-Type: application/json; charset=utf-8
host: localhost:54786
accept: */*

Response DefaultHttpResponse(decodeResult: success, version: HTTP/1.1)
HTTP/1.1 200 OK
Content-Type: application/json; charset=utf-8
cache-control: no-cache
content-length: 14

21:11:15.943 [AsyncHttpClient-1-15] DEBUG org.asynchttpclient.netty.channel.ChannelManager - Adding key: http://localhost:54786 for channel [id: 0x1d438809, L:/127.0.0.1:61784 - R:localhost/127.0.0.1:54786]
21:11:15.944 [Forwarding setTimeout on session ac00707fd26210c12cad693231f0530a to remote] DEBUG org.asynchttpclient.netty.request.NettyRequestSender - Using pooled Channel '[id: 0x1d438809, L:/127.0.0.1:61784 - R:localhost/127.0.0.1:54786]' for 'POST' to 'http://localhost:54786/session/ac00707fd26210c12cad693231f0530a/timeouts'
21:11:15.944 [Forwarding setTimeout on session ac00707fd26210c12cad693231f0530a to remote] DEBUG org.asynchttpclient.netty.request.NettyRequestSender - Using open Channel [id: 0x1d438809, L:/127.0.0.1:61784 - R:localhost/127.0.0.1:54786] for POST '/session/ac00707fd26210c12cad693231f0530a/timeouts'
21:11:15.946 [AsyncHttpClient-1-15] DEBUG org.asynchttpclient.netty.handler.HttpHandler - 

Request DefaultHttpRequest(decodeResult: success, version: HTTP/1.1)
POST /session/ac00707fd26210c12cad693231f0530a/timeouts HTTP/1.1
User-Agent: selenium/4.1.2 (java windows)
Content-Length: 22
Content-Type: application/json; charset=utf-8
host: localhost:54786
accept: */*

Response DefaultHttpResponse(decodeResult: success, version: HTTP/1.1)
HTTP/1.1 200 OK
Content-Type: application/json; charset=utf-8
cache-control: no-cache
content-length: 14

21:11:15.946 [AsyncHttpClient-1-15] DEBUG org.asynchttpclient.netty.channel.ChannelManager - Adding key: http://localhost:54786 for channel [id: 0x1d438809, L:/127.0.0.1:61784 - R:localhost/127.0.0.1:54786]
21:11:15.951 [Forwarding getCurrentUrl on session ac00707fd26210c12cad693231f0530a to remote] DEBUG org.asynchttpclient.netty.request.NettyRequestSender - Using pooled Channel '[id: 0x1d438809, L:/127.0.0.1:61784 - R:localhost/127.0.0.1:54786]' for 'GET' to 'http://localhost:54786/session/ac00707fd26210c12cad693231f0530a/url'
21:11:15.951 [Forwarding getCurrentUrl on session ac00707fd26210c12cad693231f0530a to remote] DEBUG org.asynchttpclient.netty.request.NettyRequestSender - Using open Channel [id: 0x1d438809, L:/127.0.0.1:61784 - R:localhost/127.0.0.1:54786] for GET '/session/ac00707fd26210c12cad693231f0530a/url'
21:11:15.956 [AsyncHttpClient-1-15] DEBUG org.asynchttpclient.netty.handler.HttpHandler - 

Request DefaultFullHttpRequest(decodeResult: success, version: HTTP/1.1, content: EmptyByteBufBE)
GET /session/ac00707fd26210c12cad693231f0530a/url HTTP/1.1
User-Agent: selenium/4.1.2 (java windows)
Cache-Control: no-cache
Content-Type: application/json; charset=utf-8
host: localhost:54786
accept: */*

Response DefaultHttpResponse(decodeResult: success, version: HTTP/1.1)
HTTP/1.1 200 OK
Content-Type: application/json; charset=utf-8
cache-control: no-cache
content-length: 51

21:11:15.957 [AsyncHttpClient-1-15] DEBUG org.asynchttpclient.netty.channel.ChannelManager - Adding key: http://localhost:54786 for channel [id: 0x1d438809, L:/127.0.0.1:61784 - R:localhost/127.0.0.1:54786]
  &amp#27;[32mGiven &amp#27;[0m&amp#27;[32mI am on the login pagee&amp#27;[0m                                  &amp#27;[90m# starter.stepdefinitions.RegisterStep.iAmOnTheLoginPagee()&amp#27;[0m
21:11:15.963 [Forwarding screenshot on session ac00707fd26210c12cad693231f0530a to remote] DEBUG org.asynchttpclient.netty.request.NettyRequestSender - Using pooled Channel '[id: 0x1d438809, L:/127.0.0.1:61784 - R:localhost/127.0.0.1:54786]' for 'GET' to 'http://localhost:54786/session/ac00707fd26210c12cad693231f0530a/screenshot'
21:11:15.963 [Forwarding screenshot on session ac00707fd26210c12cad693231f0530a to remote] DEBUG org.asynchttpclient.netty.request.NettyRequestSender - Using open Channel [id: 0x1d438809, L:/127.0.0.1:61784 - R:localhost/127.0.0.1:54786] for GET '/session/ac00707fd26210c12cad693231f0530a/screenshot'
21:11:16.018 [AsyncHttpClient-1-1] DEBUG org.asynchttpclient.netty.channel.DefaultChannelPool - Entry count for : http://localhost:61785 : 1
21:11:16.224 [AsyncHttpClient-1-15] DEBUG org.asynchttpclient.netty.handler.HttpHandler - 

Request DefaultFullHttpRequest(decodeResult: success, version: HTTP/1.1, content: EmptyByteBufBE)
GET /session/ac00707fd26210c12cad693231f0530a/screenshot HTTP/1.1
User-Agent: selenium/4.1.2 (java windows)
Cache-Control: no-cache
Content-Type: application/json; charset=utf-8
host: localhost:54786
accept: */*

Response DefaultHttpResponse(decodeResult: success, version: HTTP/1.1)
HTTP/1.1 200 OK
Content-Type: application/json; charset=utf-8
cache-control: no-cache
content-length: 22956

21:11:16.224 [AsyncHttpClient-1-15] DEBUG org.asynchttpclient.netty.channel.ChannelManager - Adding key: http://localhost:54786 for channel [id: 0x1d438809, L:/127.0.0.1:61784 - R:localhost/127.0.0.1:54786]
21:11:16.225 [main] DEBUG net.serenitybdd.core.photography.Darkroom - Send negative for processing for target\site\serenity\aee116daef9f70687dbaee6bc527f5648618468770bbd8309c15c6b66fad3d98.png
21:11:16.230 [Forwarding findElement on session ac00707fd26210c12cad693231f0530a to remote] DEBUG org.asynchttpclient.netty.request.NettyRequestSender - Using pooled Channel '[id: 0x1d438809, L:/127.0.0.1:61784 - R:localhost/127.0.0.1:54786]' for 'POST' to 'http://localhost:54786/session/ac00707fd26210c12cad693231f0530a/element'
21:11:16.230 [Forwarding findElement on session ac00707fd26210c12cad693231f0530a to remote] DEBUG org.asynchttpclient.netty.request.NettyRequestSender - Using open Channel [id: 0x1d438809, L:/127.0.0.1:61784 - R:localhost/127.0.0.1:54786] for POST '/session/ac00707fd26210c12cad693231f0530a/element'
21:11:16.241 [AsyncHttpClient-1-15] DEBUG org.asynchttpclient.netty.handler.HttpHandler - 

Request DefaultHttpRequest(decodeResult: success, version: HTTP/1.1)
POST /session/ac00707fd26210c12cad693231f0530a/element HTTP/1.1
User-Agent: selenium/4.1.2 (java windows)
Content-Length: 80
Content-Type: application/json; charset=utf-8
host: localhost:54786
accept: */*

Response DefaultHttpResponse(decodeResult: success, version: HTTP/1.1)
HTTP/1.1 200 OK
Content-Type: application/json; charset=utf-8
cache-control: no-cache
content-length: 88

21:11:16.241 [AsyncHttpClient-1-15] DEBUG org.asynchttpclient.netty.channel.ChannelManager - Adding key: http://localhost:54786 for channel [id: 0x1d438809, L:/127.0.0.1:61784 - R:localhost/127.0.0.1:54786]
21:11:16.243 [Forwarding getElementTagName on session ac00707fd26210c12cad693231f0530a to remote] DEBUG org.asynchttpclient.netty.request.NettyRequestSender - Using pooled Channel '[id: 0x1d438809, L:/127.0.0.1:61784 - R:localhost/127.0.0.1:54786]' for 'GET' to 'http://localhost:54786/session/ac00707fd26210c12cad693231f0530a/element/8669b78a-8e42-40a0-9620-86ca47ffe5c7/name'
21:11:16.243 [Forwarding getElementTagName on session ac00707fd26210c12cad693231f0530a to remote] DEBUG org.asynchttpclient.netty.request.NettyRequestSender - Using open Channel [id: 0x1d438809, L:/127.0.0.1:61784 - R:localhost/127.0.0.1:54786] for GET '/session/ac00707fd26210c12cad693231f0530a/element/8669b78a-8e42-40a0-9620-86ca47ffe5c7/name'
21:11:16.248 [AsyncHttpClient-1-15] DEBUG org.asynchttpclient.netty.handler.HttpHandler - 

Request DefaultFullHttpRequest(decodeResult: success, version: HTTP/1.1, content: EmptyByteBufBE)
GET /session/ac00707fd26210c12cad693231f0530a/element/8669b78a-8e42-40a0-9620-86ca47ffe5c7/name HTTP/1.1
User-Agent: selenium/4.1.2 (java windows)
Cache-Control: no-cache
Content-Type: application/json; charset=utf-8
host: localhost:54786
accept: */*

Response DefaultHttpResponse(decodeResult: success, version: HTTP/1.1)
HTTP/1.1 200 OK
Content-Type: application/json; charset=utf-8
cache-control: no-cache
content-length: 13

21:11:16.248 [AsyncHttpClient-1-15] DEBUG org.asynchttpclient.netty.channel.ChannelManager - Adding key: http://localhost:54786 for channel [id: 0x1d438809, L:/127.0.0.1:61784 - R:localhost/127.0.0.1:54786]
21:11:16.249 [Forwarding getElementTagName on session ac00707fd26210c12cad693231f0530a to remote] DEBUG org.asynchttpclient.netty.request.NettyRequestSender - Using pooled Channel '[id: 0x1d438809, L:/127.0.0.1:61784 - R:localhost/127.0.0.1:54786]' for 'GET' to 'http://localhost:54786/session/ac00707fd26210c12cad693231f0530a/element/8669b78a-8e42-40a0-9620-86ca47ffe5c7/name'
21:11:16.249 [Forwarding getElementTagName on session ac00707fd26210c12cad693231f0530a to remote] DEBUG org.asynchttpclient.netty.request.NettyRequestSender - Using open Channel [id: 0x1d438809, L:/127.0.0.1:61784 - R:localhost/127.0.0.1:54786] for GET '/session/ac00707fd26210c12cad693231f0530a/element/8669b78a-8e42-40a0-9620-86ca47ffe5c7/name'
21:11:16.252 [AsyncHttpClient-1-15] DEBUG org.asynchttpclient.netty.handler.HttpHandler - 

Request DefaultFullHttpRequest(decodeResult: success, version: HTTP/1.1, content: EmptyByteBufBE)
GET /session/ac00707fd26210c12cad693231f0530a/element/8669b78a-8e42-40a0-9620-86ca47ffe5c7/name HTTP/1.1
User-Agent: selenium/4.1.2 (java windows)
Cache-Control: no-cache
Content-Type: application/json; charset=utf-8
host: localhost:54786
accept: */*

Response DefaultHttpResponse(decodeResult: success, version: HTTP/1.1)
HTTP/1.1 200 OK
Content-Type: application/json; charset=utf-8
cache-control: no-cache
content-length: 13

21:11:16.252 [AsyncHttpClient-1-15] DEBUG org.asynchttpclient.netty.channel.ChannelManager - Adding key: http://localhost:54786 for channel [id: 0x1d438809, L:/127.0.0.1:61784 - R:localhost/127.0.0.1:54786]
21:11:16.254 [Forwarding findElement on session ac00707fd26210c12cad693231f0530a to remote] DEBUG org.asynchttpclient.netty.request.NettyRequestSender - Using pooled Channel '[id: 0x1d438809, L:/127.0.0.1:61784 - R:localhost/127.0.0.1:54786]' for 'POST' to 'http://localhost:54786/session/ac00707fd26210c12cad693231f0530a/element'
21:11:16.254 [Forwarding findElement on session ac00707fd26210c12cad693231f0530a to remote] DEBUG org.asynchttpclient.netty.request.NettyRequestSender - Using open Channel [id: 0x1d438809, L:/127.0.0.1:61784 - R:localhost/127.0.0.1:54786] for POST '/session/ac00707fd26210c12cad693231f0530a/element'
21:11:16.260 [AsyncHttpClient-1-15] DEBUG org.asynchttpclient.netty.handler.HttpHandler - 

Request DefaultHttpRequest(decodeResult: success, version: HTTP/1.1)
POST /session/ac00707fd26210c12cad693231f0530a/element HTTP/1.1
User-Agent: selenium/4.1.2 (java windows)
Content-Length: 80
Content-Type: application/json; charset=utf-8
host: localhost:54786
accept: */*

Response DefaultHttpResponse(decodeResult: success, version: HTTP/1.1)
HTTP/1.1 200 OK
Content-Type: application/json; charset=utf-8
cache-control: no-cache
content-length: 88

21:11:16.260 [AsyncHttpClient-1-15] DEBUG org.asynchttpclient.netty.channel.ChannelManager - Adding key: http://localhost:54786 for channel [id: 0x1d438809, L:/127.0.0.1:61784 - R:localhost/127.0.0.1:54786]
21:11:16.262 [Forwarding clickElement on session ac00707fd26210c12cad693231f0530a to remote] DEBUG org.asynchttpclient.netty.request.NettyRequestSender - Using pooled Channel '[id: 0x1d438809, L:/127.0.0.1:61784 - R:localhost/127.0.0.1:54786]' for 'POST' to 'http://localhost:54786/session/ac00707fd26210c12cad693231f0530a/element/8669b78a-8e42-40a0-9620-86ca47ffe5c7/click'
21:11:16.262 [Forwarding clickElement on session ac00707fd26210c12cad693231f0530a to remote] DEBUG org.asynchttpclient.netty.request.NettyRequestSender - Using open Channel [id: 0x1d438809, L:/127.0.0.1:61784 - R:localhost/127.0.0.1:54786] for POST '/session/ac00707fd26210c12cad693231f0530a/element/8669b78a-8e42-40a0-9620-86ca47ffe5c7/click'
21:11:16.309 [AsyncHttpClient-1-15] DEBUG org.asynchttpclient.netty.handler.HttpHandler - 

Request DefaultHttpRequest(decodeResult: success, version: HTTP/1.1)
POST /session/ac00707fd26210c12cad693231f0530a/element/8669b78a-8e42-40a0-9620-86ca47ffe5c7/click HTTP/1.1
User-Agent: selenium/4.1.2 (java windows)
Content-Length: 50
Content-Type: application/json; charset=utf-8
host: localhost:54786
accept: */*

Response DefaultHttpResponse(decodeResult: success, version: HTTP/1.1)
HTTP/1.1 200 OK
Content-Type: application/json; charset=utf-8
cache-control: no-cache
content-length: 14

21:11:16.309 [AsyncHttpClient-1-15] DEBUG org.asynchttpclient.netty.channel.ChannelManager - Adding key: http://localhost:54786 for channel [id: 0x1d438809, L:/127.0.0.1:61784 - R:localhost/127.0.0.1:54786]
  &amp#27;[32mWhen &amp#27;[0m&amp#27;[32mI click register buttonn&amp#27;[0m                                  &amp#27;[90m# starter.stepdefinitions.RegisterStep.iClickRegisterButtonn()&amp#27;[0m
21:11:16.318 [Forwarding screenshot on session ac00707fd26210c12cad693231f0530a to remote] DEBUG org.asynchttpclient.netty.request.NettyRequestSender - Using pooled Channel '[id: 0x1d438809, L:/127.0.0.1:61784 - R:localhost/127.0.0.1:54786]' for 'GET' to 'http://localhost:54786/session/ac00707fd26210c12cad693231f0530a/screenshot'
21:11:16.318 [Forwarding screenshot on session ac00707fd26210c12cad693231f0530a to remote] DEBUG org.asynchttpclient.netty.request.NettyRequestSender - Using open Channel [id: 0x1d438809, L:/127.0.0.1:61784 - R:localhost/127.0.0.1:54786] for GET '/session/ac00707fd26210c12cad693231f0530a/screenshot'
21:11:16.452 [AsyncHttpClient-1-15] DEBUG org.asynchttpclient.netty.handler.HttpHandler - 

Request DefaultFullHttpRequest(decodeResult: success, version: HTTP/1.1, content: EmptyByteBufBE)
GET /session/ac00707fd26210c12cad693231f0530a/screenshot HTTP/1.1
User-Agent: selenium/4.1.2 (java windows)
Cache-Control: no-cache
Content-Type: application/json; charset=utf-8
host: localhost:54786
accept: */*

Response DefaultHttpResponse(decodeResult: success, version: HTTP/1.1)
HTTP/1.1 200 OK
Content-Type: application/json; charset=utf-8
cache-control: no-cache
content-length: 27708

21:11:16.453 [AsyncHttpClient-1-15] DEBUG org.asynchttpclient.netty.channel.ChannelManager - Adding key: http://localhost:54786 for channel [id: 0x1d438809, L:/127.0.0.1:61784 - R:localhost/127.0.0.1:54786]
21:11:16.454 [main] DEBUG net.serenitybdd.core.photography.Darkroom - Send negative for processing for target\site\serenity\8f0c185afbd6fcc6677967c23d2de426d9b7ece2f81d10c25b5e7ef3de6a722a.png
21:11:16.454 [Darkroom Processing Line] DEBUG net.serenitybdd.core.photography.DarkroomProcessingLine - Processing screenshot image in /var/screenshots/screenshot-2875670953468251138
21:11:16.454 [Darkroom Processing Line] DEBUG net.serenitybdd.core.photography.DarkroomProcessingLine - Saving screenshot to target\site\serenity\8f0c185afbd6fcc6677967c23d2de426d9b7ece2f81d10c25b5e7ef3de6a722a.png
21:11:16.459 [Forwarding findElement on session ac00707fd26210c12cad693231f0530a to remote] DEBUG org.asynchttpclient.netty.request.NettyRequestSender - Using pooled Channel '[id: 0x1d438809, L:/127.0.0.1:61784 - R:localhost/127.0.0.1:54786]' for 'POST' to 'http://localhost:54786/session/ac00707fd26210c12cad693231f0530a/element'
21:11:16.459 [Forwarding findElement on session ac00707fd26210c12cad693231f0530a to remote] DEBUG org.asynchttpclient.netty.request.NettyRequestSender - Using open Channel [id: 0x1d438809, L:/127.0.0.1:61784 - R:localhost/127.0.0.1:54786] for POST '/session/ac00707fd26210c12cad693231f0530a/element'
21:11:16.469 [AsyncHttpClient-1-15] DEBUG org.asynchttpclient.netty.handler.HttpHandler - 

Request DefaultHttpRequest(decodeResult: success, version: HTTP/1.1)
POST /session/ac00707fd26210c12cad693231f0530a/element HTTP/1.1
User-Agent: selenium/4.1.2 (java windows)
Content-Length: 93
Content-Type: application/json; charset=utf-8
host: localhost:54786
accept: */*

Response DefaultHttpResponse(decodeResult: success, version: HTTP/1.1)
HTTP/1.1 200 OK
Content-Type: application/json; charset=utf-8
cache-control: no-cache
content-length: 88

21:11:16.469 [AsyncHttpClient-1-15] DEBUG org.asynchttpclient.netty.channel.ChannelManager - Adding key: http://localhost:54786 for channel [id: 0x1d438809, L:/127.0.0.1:61784 - R:localhost/127.0.0.1:54786]
21:11:16.470 [Forwarding clearElement on session ac00707fd26210c12cad693231f0530a to remote] DEBUG org.asynchttpclient.netty.request.NettyRequestSender - Using pooled Channel '[id: 0x1d438809, L:/127.0.0.1:61784 - R:localhost/127.0.0.1:54786]' for 'POST' to 'http://localhost:54786/session/ac00707fd26210c12cad693231f0530a/element/b7d4efa5-17d1-4957-899f-99db8ab3144a/clear'
21:11:16.470 [Forwarding clearElement on session ac00707fd26210c12cad693231f0530a to remote] DEBUG org.asynchttpclient.netty.request.NettyRequestSender - Using open Channel [id: 0x1d438809, L:/127.0.0.1:61784 - R:localhost/127.0.0.1:54786] for POST '/session/ac00707fd26210c12cad693231f0530a/element/b7d4efa5-17d1-4957-899f-99db8ab3144a/clear'
21:11:16.496 [AsyncHttpClient-1-15] DEBUG org.asynchttpclient.netty.handler.HttpHandler - 

Request DefaultHttpRequest(decodeResult: success, version: HTTP/1.1)
POST /session/ac00707fd26210c12cad693231f0530a/element/b7d4efa5-17d1-4957-899f-99db8ab3144a/clear HTTP/1.1
User-Agent: selenium/4.1.2 (java windows)
Content-Length: 50
Content-Type: application/json; charset=utf-8
host: localhost:54786
accept: */*

Response DefaultHttpResponse(decodeResult: success, version: HTTP/1.1)
HTTP/1.1 200 OK
Content-Type: application/json; charset=utf-8
cache-control: no-cache
content-length: 14

21:11:16.496 [AsyncHttpClient-1-15] DEBUG org.asynchttpclient.netty.channel.ChannelManager - Adding key: http://localhost:54786 for channel [id: 0x1d438809, L:/127.0.0.1:61784 - R:localhost/127.0.0.1:54786]
21:11:16.497 [Forwarding sendKeysToElement on session ac00707fd26210c12cad693231f0530a to remote] DEBUG org.asynchttpclient.netty.request.NettyRequestSender - Using pooled Channel '[id: 0x1d438809, L:/127.0.0.1:61784 - R:localhost/127.0.0.1:54786]' for 'POST' to 'http://localhost:54786/session/ac00707fd26210c12cad693231f0530a/element/b7d4efa5-17d1-4957-899f-99db8ab3144a/value'
21:11:16.497 [Forwarding sendKeysToElement on session ac00707fd26210c12cad693231f0530a to remote] DEBUG org.asynchttpclient.netty.request.NettyRequestSender - Using open Channel [id: 0x1d438809, L:/127.0.0.1:61784 - R:localhost/127.0.0.1:54786] for POST '/session/ac00707fd26210c12cad693231f0530a/element/b7d4efa5-17d1-4957-899f-99db8ab3144a/value'
21:11:16.577 [AsyncHttpClient-1-15] DEBUG org.asynchttpclient.netty.handler.HttpHandler - 

Request DefaultHttpRequest(decodeResult: success, version: HTTP/1.1)
POST /session/ac00707fd26210c12cad693231f0530a/element/b7d4efa5-17d1-4957-899f-99db8ab3144a/value HTTP/1.1
User-Agent: selenium/4.1.2 (java windows)
Content-Length: 131
Content-Type: application/json; charset=utf-8
host: localhost:54786
accept: */*

Response DefaultHttpResponse(decodeResult: success, version: HTTP/1.1)
HTTP/1.1 200 OK
Content-Type: application/json; charset=utf-8
cache-control: no-cache
content-length: 14

21:11:16.577 [AsyncHttpClient-1-15] DEBUG org.asynchttpclient.netty.channel.ChannelManager - Adding key: http://localhost:54786 for channel [id: 0x1d438809, L:/127.0.0.1:61784 - R:localhost/127.0.0.1:54786]
  &amp#27;[32mAnd &amp#27;[0m&amp#27;[32mI input valid nama&amp#27;[0m                                         &amp#27;[90m# starter.stepdefinitions.RegisterStep.iInputValidNama()&amp#27;[0m
21:11:16.582 [Forwarding screenshot on session ac00707fd26210c12cad693231f0530a to remote] DEBUG org.asynchttpclient.netty.request.NettyRequestSender - Using pooled Channel '[id: 0x1d438809, L:/127.0.0.1:61784 - R:localhost/127.0.0.1:54786]' for 'GET' to 'http://localhost:54786/session/ac00707fd26210c12cad693231f0530a/screenshot'
21:11:16.583 [Forwarding screenshot on session ac00707fd26210c12cad693231f0530a to remote] DEBUG org.asynchttpclient.netty.request.NettyRequestSender - Using open Channel [id: 0x1d438809, L:/127.0.0.1:61784 - R:localhost/127.0.0.1:54786] for GET '/session/ac00707fd26210c12cad693231f0530a/screenshot'
21:11:16.712 [AsyncHttpClient-1-15] DEBUG org.asynchttpclient.netty.handler.HttpHandler - 

Request DefaultFullHttpRequest(decodeResult: success, version: HTTP/1.1, content: EmptyByteBufBE)
GET /session/ac00707fd26210c12cad693231f0530a/screenshot HTTP/1.1
User-Agent: selenium/4.1.2 (java windows)
Cache-Control: no-cache
Content-Type: application/json; charset=utf-8
host: localhost:54786
accept: */*

Response DefaultHttpResponse(decodeResult: success, version: HTTP/1.1)
HTTP/1.1 200 OK
Content-Type: application/json; charset=utf-8
cache-control: no-cache
content-length: 28872

21:11:16.712 [AsyncHttpClient-1-15] DEBUG org.asynchttpclient.netty.channel.ChannelManager - Adding key: http://localhost:54786 for channel [id: 0x1d438809, L:/127.0.0.1:61784 - R:localhost/127.0.0.1:54786]
21:11:16.714 [main] DEBUG net.serenitybdd.core.photography.Darkroom - Send negative for processing for target\site\serenity\3a9214bd3a126f5ff350a8c21c8bc5ade1e2e07559ccd91ec4ea0cc2b6bff4dd.png
21:11:16.714 [Darkroom Processing Line] DEBUG net.serenitybdd.core.photography.DarkroomProcessingLine - Processing screenshot image in /var/screenshots/screenshot-18360612323805315522
21:11:16.714 [Darkroom Processing Line] DEBUG net.serenitybdd.core.photography.DarkroomProcessingLine - Saving screenshot to target\site\serenity\3a9214bd3a126f5ff350a8c21c8bc5ade1e2e07559ccd91ec4ea0cc2b6bff4dd.png
21:11:16.719 [Forwarding findElement on session ac00707fd26210c12cad693231f0530a to remote] DEBUG org.asynchttpclient.netty.request.NettyRequestSender - Using pooled Channel '[id: 0x1d438809, L:/127.0.0.1:61784 - R:localhost/127.0.0.1:54786]' for 'POST' to 'http://localhost:54786/session/ac00707fd26210c12cad693231f0530a/element'
21:11:16.720 [Forwarding findElement on session ac00707fd26210c12cad693231f0530a to remote] DEBUG org.asynchttpclient.netty.request.NettyRequestSender - Using open Channel [id: 0x1d438809, L:/127.0.0.1:61784 - R:localhost/127.0.0.1:54786] for POST '/session/ac00707fd26210c12cad693231f0530a/element'
21:11:16.730 [AsyncHttpClient-1-15] DEBUG org.asynchttpclient.netty.handler.HttpHandler - 

Request DefaultHttpRequest(decodeResult: success, version: HTTP/1.1)
POST /session/ac00707fd26210c12cad693231f0530a/element HTTP/1.1
User-Agent: selenium/4.1.2 (java windows)
Content-Length: 86
Content-Type: application/json; charset=utf-8
host: localhost:54786
accept: */*

Response DefaultHttpResponse(decodeResult: success, version: HTTP/1.1)
HTTP/1.1 200 OK
Content-Type: application/json; charset=utf-8
cache-control: no-cache
content-length: 88

21:11:16.730 [AsyncHttpClient-1-15] DEBUG org.asynchttpclient.netty.channel.ChannelManager - Adding key: http://localhost:54786 for channel [id: 0x1d438809, L:/127.0.0.1:61784 - R:localhost/127.0.0.1:54786]
21:11:16.731 [Forwarding clearElement on session ac00707fd26210c12cad693231f0530a to remote] DEBUG org.asynchttpclient.netty.request.NettyRequestSender - Using pooled Channel '[id: 0x1d438809, L:/127.0.0.1:61784 - R:localhost/127.0.0.1:54786]' for 'POST' to 'http://localhost:54786/session/ac00707fd26210c12cad693231f0530a/element/26a07439-ff11-45bb-8cab-cc41afb2fdc8/clear'
21:11:16.731 [Forwarding clearElement on session ac00707fd26210c12cad693231f0530a to remote] DEBUG org.asynchttpclient.netty.request.NettyRequestSender - Using open Channel [id: 0x1d438809, L:/127.0.0.1:61784 - R:localhost/127.0.0.1:54786] for POST '/session/ac00707fd26210c12cad693231f0530a/element/26a07439-ff11-45bb-8cab-cc41afb2fdc8/clear'
21:11:16.759 [AsyncHttpClient-1-15] DEBUG org.asynchttpclient.netty.handler.HttpHandler - 

Request DefaultHttpRequest(decodeResult: success, version: HTTP/1.1)
POST /session/ac00707fd26210c12cad693231f0530a/element/26a07439-ff11-45bb-8cab-cc41afb2fdc8/clear HTTP/1.1
User-Agent: selenium/4.1.2 (java windows)
Content-Length: 50
Content-Type: application/json; charset=utf-8
host: localhost:54786
accept: */*

Response DefaultHttpResponse(decodeResult: success, version: HTTP/1.1)
HTTP/1.1 200 OK
Content-Type: application/json; charset=utf-8
cache-control: no-cache
content-length: 14

21:11:16.759 [AsyncHttpClient-1-15] DEBUG org.asynchttpclient.netty.channel.ChannelManager - Adding key: http://localhost:54786 for channel [id: 0x1d438809, L:/127.0.0.1:61784 - R:localhost/127.0.0.1:54786]
21:11:16.761 [Forwarding sendKeysToElement on session ac00707fd26210c12cad693231f0530a to remote] DEBUG org.asynchttpclient.netty.request.NettyRequestSender - Using pooled Channel '[id: 0x1d438809, L:/127.0.0.1:61784 - R:localhost/127.0.0.1:54786]' for 'POST' to 'http://localhost:54786/session/ac00707fd26210c12cad693231f0530a/element/26a07439-ff11-45bb-8cab-cc41afb2fdc8/value'
21:11:16.761 [Forwarding sendKeysToElement on session ac00707fd26210c12cad693231f0530a to remote] DEBUG org.asynchttpclient.netty.request.NettyRequestSender - Using open Channel [id: 0x1d438809, L:/127.0.0.1:61784 - R:localhost/127.0.0.1:54786] for POST '/session/ac00707fd26210c12cad693231f0530a/element/26a07439-ff11-45bb-8cab-cc41afb2fdc8/value'
21:11:16.792 [AsyncHttpClient-1-15] DEBUG org.asynchttpclient.netty.handler.HttpHandler - 

Request DefaultHttpRequest(decodeResult: success, version: HTTP/1.1)
POST /session/ac00707fd26210c12cad693231f0530a/element/26a07439-ff11-45bb-8cab-cc41afb2fdc8/value HTTP/1.1
User-Agent: selenium/4.1.2 (java windows)
Content-Length: 82
Content-Type: application/json; charset=utf-8
host: localhost:54786
accept: */*

Response DefaultHttpResponse(decodeResult: success, version: HTTP/1.1)
HTTP/1.1 200 OK
Content-Type: application/json; charset=utf-8
cache-control: no-cache
content-length: 14

21:11:16.792 [AsyncHttpClient-1-15] DEBUG org.asynchttpclient.netty.channel.ChannelManager - Adding key: http://localhost:54786 for channel [id: 0x1d438809, L:/127.0.0.1:61784 - R:localhost/127.0.0.1:54786]
  &amp#27;[32mAnd &amp#27;[0m&amp#27;[32mI input null emaill&amp#27;[0m                                        &amp#27;[90m# starter.stepdefinitions.RegisterStep.iInputNullEmaill()&amp#27;[0m
21:11:16.797 [Forwarding screenshot on session ac00707fd26210c12cad693231f0530a to remote] DEBUG org.asynchttpclient.netty.request.NettyRequestSender - Using pooled Channel '[id: 0x1d438809, L:/127.0.0.1:61784 - R:localhost/127.0.0.1:54786]' for 'GET' to 'http://localhost:54786/session/ac00707fd26210c12cad693231f0530a/screenshot'
21:11:16.797 [Forwarding screenshot on session ac00707fd26210c12cad693231f0530a to remote] DEBUG org.asynchttpclient.netty.request.NettyRequestSender - Using open Channel [id: 0x1d438809, L:/127.0.0.1:61784 - R:localhost/127.0.0.1:54786] for GET '/session/ac00707fd26210c12cad693231f0530a/screenshot'
21:11:16.907 [AsyncHttpClient-1-15] DEBUG org.asynchttpclient.netty.handler.HttpHandler - 

Request DefaultFullHttpRequest(decodeResult: success, version: HTTP/1.1, content: EmptyByteBufBE)
GET /session/ac00707fd26210c12cad693231f0530a/screenshot HTTP/1.1
User-Agent: selenium/4.1.2 (java windows)
Cache-Control: no-cache
Content-Type: application/json; charset=utf-8
host: localhost:54786
accept: */*

Response DefaultHttpResponse(decodeResult: success, version: HTTP/1.1)
HTTP/1.1 200 OK
Content-Type: application/json; charset=utf-8
cache-control: no-cache
content-length: 28348

21:11:16.907 [AsyncHttpClient-1-15] DEBUG org.asynchttpclient.netty.channel.ChannelManager - Adding key: http://localhost:54786 for channel [id: 0x1d438809, L:/127.0.0.1:61784 - R:localhost/127.0.0.1:54786]
21:11:16.908 [main] DEBUG net.serenitybdd.core.photography.Darkroom - Send negative for processing for target\site\serenity\f59f35f60acd2c153dccbb9451b25016da650ca33ea07d44bb88bbcab76f00fa.png
21:11:16.908 [Darkroom Processing Line] DEBUG net.serenitybdd.core.photography.DarkroomProcessingLine - Processing screenshot image in /var/screenshots/screenshot-3696421592840831915
21:11:16.908 [Darkroom Processing Line] DEBUG net.serenitybdd.core.photography.DarkroomProcessingLine - Saving screenshot to target\site\serenity\f59f35f60acd2c153dccbb9451b25016da650ca33ea07d44bb88bbcab76f00fa.png
21:11:16.915 [Forwarding findElement on session ac00707fd26210c12cad693231f0530a to remote] DEBUG org.asynchttpclient.netty.request.NettyRequestSender - Using pooled Channel '[id: 0x1d438809, L:/127.0.0.1:61784 - R:localhost/127.0.0.1:54786]' for 'POST' to 'http://localhost:54786/session/ac00707fd26210c12cad693231f0530a/element'
21:11:16.915 [Forwarding findElement on session ac00707fd26210c12cad693231f0530a to remote] DEBUG org.asynchttpclient.netty.request.NettyRequestSender - Using open Channel [id: 0x1d438809, L:/127.0.0.1:61784 - R:localhost/127.0.0.1:54786] for POST '/session/ac00707fd26210c12cad693231f0530a/element'
21:11:16.926 [AsyncHttpClient-1-15] DEBUG org.asynchttpclient.netty.handler.HttpHandler - 

Request DefaultHttpRequest(decodeResult: success, version: HTTP/1.1)
POST /session/ac00707fd26210c12cad693231f0530a/element HTTP/1.1
User-Agent: selenium/4.1.2 (java windows)
Content-Length: 89
Content-Type: application/json; charset=utf-8
host: localhost:54786
accept: */*

Response DefaultHttpResponse(decodeResult: success, version: HTTP/1.1)
HTTP/1.1 200 OK
Content-Type: application/json; charset=utf-8
cache-control: no-cache
content-length: 88

21:11:16.926 [AsyncHttpClient-1-15] DEBUG org.asynchttpclient.netty.channel.ChannelManager - Adding key: http://localhost:54786 for channel [id: 0x1d438809, L:/127.0.0.1:61784 - R:localhost/127.0.0.1:54786]
21:11:16.927 [Forwarding clearElement on session ac00707fd26210c12cad693231f0530a to remote] DEBUG org.asynchttpclient.netty.request.NettyRequestSender - Using pooled Channel '[id: 0x1d438809, L:/127.0.0.1:61784 - R:localhost/127.0.0.1:54786]' for 'POST' to 'http://localhost:54786/session/ac00707fd26210c12cad693231f0530a/element/d545a88b-2512-4969-a521-069d101eeb0b/clear'
21:11:16.927 [Forwarding clearElement on session ac00707fd26210c12cad693231f0530a to remote] DEBUG org.asynchttpclient.netty.request.NettyRequestSender - Using open Channel [id: 0x1d438809, L:/127.0.0.1:61784 - R:localhost/127.0.0.1:54786] for POST '/session/ac00707fd26210c12cad693231f0530a/element/d545a88b-2512-4969-a521-069d101eeb0b/clear'
21:11:16.956 [AsyncHttpClient-1-15] DEBUG org.asynchttpclient.netty.handler.HttpHandler - 

Request DefaultHttpRequest(decodeResult: success, version: HTTP/1.1)
POST /session/ac00707fd26210c12cad693231f0530a/element/d545a88b-2512-4969-a521-069d101eeb0b/clear HTTP/1.1
User-Agent: selenium/4.1.2 (java windows)
Content-Length: 50
Content-Type: application/json; charset=utf-8
host: localhost:54786
accept: */*

Response DefaultHttpResponse(decodeResult: success, version: HTTP/1.1)
HTTP/1.1 200 OK
Content-Type: application/json; charset=utf-8
cache-control: no-cache
content-length: 14

21:11:16.956 [AsyncHttpClient-1-15] DEBUG org.asynchttpclient.netty.channel.ChannelManager - Adding key: http://localhost:54786 for channel [id: 0x1d438809, L:/127.0.0.1:61784 - R:localhost/127.0.0.1:54786]
21:11:16.957 [Forwarding sendKeysToElement on session ac00707fd26210c12cad693231f0530a to remote] DEBUG org.asynchttpclient.netty.request.NettyRequestSender - Using pooled Channel '[id: 0x1d438809, L:/127.0.0.1:61784 - R:localhost/127.0.0.1:54786]' for 'POST' to 'http://localhost:54786/session/ac00707fd26210c12cad693231f0530a/element/d545a88b-2512-4969-a521-069d101eeb0b/value'
21:11:16.957 [Forwarding sendKeysToElement on session ac00707fd26210c12cad693231f0530a to remote] DEBUG org.asynchttpclient.netty.request.NettyRequestSender - Using open Channel [id: 0x1d438809, L:/127.0.0.1:61784 - R:localhost/127.0.0.1:54786] for POST '/session/ac00707fd26210c12cad693231f0530a/element/d545a88b-2512-4969-a521-069d101eeb0b/value'
21:11:16.989 [AsyncHttpClient-1-15] DEBUG org.asynchttpclient.netty.handler.HttpHandler - 

Request DefaultHttpRequest(decodeResult: success, version: HTTP/1.1)
POST /session/ac00707fd26210c12cad693231f0530a/element/d545a88b-2512-4969-a521-069d101eeb0b/value HTTP/1.1
User-Agent: selenium/4.1.2 (java windows)
Content-Length: 82
Content-Type: application/json; charset=utf-8
host: localhost:54786
accept: */*

Response DefaultHttpResponse(decodeResult: success, version: HTTP/1.1)
HTTP/1.1 200 OK
Content-Type: application/json; charset=utf-8
cache-control: no-cache
content-length: 14

21:11:16.989 [AsyncHttpClient-1-15] DEBUG org.asynchttpclient.netty.channel.ChannelManager - Adding key: http://localhost:54786 for channel [id: 0x1d438809, L:/127.0.0.1:61784 - R:localhost/127.0.0.1:54786]
  &amp#27;[32mAnd &amp#27;[0m&amp#27;[32mI input null passwordd&amp#27;[0m                                     &amp#27;[90m# starter.stepdefinitions.RegisterStep.iInputNullPasswordd()&amp#27;[0m
21:11:16.994 [Forwarding screenshot on session ac00707fd26210c12cad693231f0530a to remote] DEBUG org.asynchttpclient.netty.request.NettyRequestSender - Using pooled Channel '[id: 0x1d438809, L:/127.0.0.1:61784 - R:localhost/127.0.0.1:54786]' for 'GET' to 'http://localhost:54786/session/ac00707fd26210c12cad693231f0530a/screenshot'
21:11:16.994 [Forwarding screenshot on session ac00707fd26210c12cad693231f0530a to remote] DEBUG org.asynchttpclient.netty.request.NettyRequestSender - Using open Channel [id: 0x1d438809, L:/127.0.0.1:61784 - R:localhost/127.0.0.1:54786] for GET '/session/ac00707fd26210c12cad693231f0530a/screenshot'
21:11:17.090 [AsyncHttpClient-1-15] DEBUG org.asynchttpclient.netty.handler.HttpHandler - 

Request DefaultFullHttpRequest(decodeResult: success, version: HTTP/1.1, content: EmptyByteBufBE)
GET /session/ac00707fd26210c12cad693231f0530a/screenshot HTTP/1.1
User-Agent: selenium/4.1.2 (java windows)
Cache-Control: no-cache
Content-Type: application/json; charset=utf-8
host: localhost:54786
accept: */*

Response DefaultHttpResponse(decodeResult: success, version: HTTP/1.1)
HTTP/1.1 200 OK
Content-Type: application/json; charset=utf-8
cache-control: no-cache
content-length: 28656

21:11:17.092 [AsyncHttpClient-1-15] DEBUG org.asynchttpclient.netty.channel.ChannelManager - Adding key: http://localhost:54786 for channel [id: 0x1d438809, L:/127.0.0.1:61784 - R:localhost/127.0.0.1:54786]
21:11:17.092 [main] DEBUG net.serenitybdd.core.photography.Darkroom - Send negative for processing for target\site\serenity\bb73baeaa6573ceba1e3312a716b7a4b777ed34751459ba9a4e8fe0c4b5bf7d2.png
21:11:17.092 [Darkroom Processing Line] DEBUG net.serenitybdd.core.photography.DarkroomProcessingLine - Processing screenshot image in /var/screenshots/screenshot-3531651513549249238
21:11:17.092 [Darkroom Processing Line] DEBUG net.serenitybdd.core.photography.DarkroomProcessingLine - Saving screenshot to target\site\serenity\bb73baeaa6573ceba1e3312a716b7a4b777ed34751459ba9a4e8fe0c4b5bf7d2.png
21:11:17.098 [Forwarding findElement on session ac00707fd26210c12cad693231f0530a to remote] DEBUG org.asynchttpclient.netty.request.NettyRequestSender - Using pooled Channel '[id: 0x1d438809, L:/127.0.0.1:61784 - R:localhost/127.0.0.1:54786]' for 'POST' to 'http://localhost:54786/session/ac00707fd26210c12cad693231f0530a/element'
21:11:17.098 [Forwarding findElement on session ac00707fd26210c12cad693231f0530a to remote] DEBUG org.asynchttpclient.netty.request.NettyRequestSender - Using open Channel [id: 0x1d438809, L:/127.0.0.1:61784 - R:localhost/127.0.0.1:54786] for POST '/session/ac00707fd26210c12cad693231f0530a/element'
21:11:17.109 [AsyncHttpClient-1-15] DEBUG org.asynchttpclient.netty.handler.HttpHandler - 

Request DefaultHttpRequest(decodeResult: success, version: HTTP/1.1)
POST /session/ac00707fd26210c12cad693231f0530a/element HTTP/1.1
User-Agent: selenium/4.1.2 (java windows)
Content-Length: 93
Content-Type: application/json; charset=utf-8
host: localhost:54786
accept: */*

Response DefaultHttpResponse(decodeResult: success, version: HTTP/1.1)
HTTP/1.1 200 OK
Content-Type: application/json; charset=utf-8
cache-control: no-cache
content-length: 88

21:11:17.109 [AsyncHttpClient-1-15] DEBUG org.asynchttpclient.netty.channel.ChannelManager - Adding key: http://localhost:54786 for channel [id: 0x1d438809, L:/127.0.0.1:61784 - R:localhost/127.0.0.1:54786]
21:11:17.110 [Forwarding getElementTagName on session ac00707fd26210c12cad693231f0530a to remote] DEBUG org.asynchttpclient.netty.request.NettyRequestSender - Using pooled Channel '[id: 0x1d438809, L:/127.0.0.1:61784 - R:localhost/127.0.0.1:54786]' for 'GET' to 'http://localhost:54786/session/ac00707fd26210c12cad693231f0530a/element/f8fc6027-bc4e-413f-bb36-182e52e6eb56/name'
21:11:17.110 [Forwarding getElementTagName on session ac00707fd26210c12cad693231f0530a to remote] DEBUG org.asynchttpclient.netty.request.NettyRequestSender - Using open Channel [id: 0x1d438809, L:/127.0.0.1:61784 - R:localhost/127.0.0.1:54786] for GET '/session/ac00707fd26210c12cad693231f0530a/element/f8fc6027-bc4e-413f-bb36-182e52e6eb56/name'
21:11:17.114 [AsyncHttpClient-1-15] DEBUG org.asynchttpclient.netty.handler.HttpHandler - 

Request DefaultFullHttpRequest(decodeResult: success, version: HTTP/1.1, content: EmptyByteBufBE)
GET /session/ac00707fd26210c12cad693231f0530a/element/f8fc6027-bc4e-413f-bb36-182e52e6eb56/name HTTP/1.1
User-Agent: selenium/4.1.2 (java windows)
Cache-Control: no-cache
Content-Type: application/json; charset=utf-8
host: localhost:54786
accept: */*

Response DefaultHttpResponse(decodeResult: success, version: HTTP/1.1)
HTTP/1.1 200 OK
Content-Type: application/json; charset=utf-8
cache-control: no-cache
content-length: 16

21:11:17.114 [AsyncHttpClient-1-15] DEBUG org.asynchttpclient.netty.channel.ChannelManager - Adding key: http://localhost:54786 for channel [id: 0x1d438809, L:/127.0.0.1:61784 - R:localhost/127.0.0.1:54786]
21:11:17.115 [Forwarding getElementTagName on session ac00707fd26210c12cad693231f0530a to remote] DEBUG org.asynchttpclient.netty.request.NettyRequestSender - Using pooled Channel '[id: 0x1d438809, L:/127.0.0.1:61784 - R:localhost/127.0.0.1:54786]' for 'GET' to 'http://localhost:54786/session/ac00707fd26210c12cad693231f0530a/element/f8fc6027-bc4e-413f-bb36-182e52e6eb56/name'
21:11:17.115 [Forwarding getElementTagName on session ac00707fd26210c12cad693231f0530a to remote] DEBUG org.asynchttpclient.netty.request.NettyRequestSender - Using open Channel [id: 0x1d438809, L:/127.0.0.1:61784 - R:localhost/127.0.0.1:54786] for GET '/session/ac00707fd26210c12cad693231f0530a/element/f8fc6027-bc4e-413f-bb36-182e52e6eb56/name'
21:11:17.118 [AsyncHttpClient-1-1] DEBUG org.asynchttpclient.netty.channel.DefaultChannelPool - Entry count for : http://localhost:61785 : 1
21:11:17.119 [AsyncHttpClient-1-15] DEBUG org.asynchttpclient.netty.handler.HttpHandler - 

Request DefaultFullHttpRequest(decodeResult: success, version: HTTP/1.1, content: EmptyByteBufBE)
GET /session/ac00707fd26210c12cad693231f0530a/element/f8fc6027-bc4e-413f-bb36-182e52e6eb56/name HTTP/1.1
User-Agent: selenium/4.1.2 (java windows)
Cache-Control: no-cache
Content-Type: application/json; charset=utf-8
host: localhost:54786
accept: */*

Response DefaultHttpResponse(decodeResult: success, version: HTTP/1.1)
HTTP/1.1 200 OK
Content-Type: application/json; charset=utf-8
cache-control: no-cache
content-length: 16

21:11:17.119 [AsyncHttpClient-1-15] DEBUG org.asynchttpclient.netty.channel.ChannelManager - Adding key: http://localhost:54786 for channel [id: 0x1d438809, L:/127.0.0.1:61784 - R:localhost/127.0.0.1:54786]
21:11:17.120 [Forwarding findElement on session ac00707fd26210c12cad693231f0530a to remote] DEBUG org.asynchttpclient.netty.request.NettyRequestSender - Using pooled Channel '[id: 0x1d438809, L:/127.0.0.1:61784 - R:localhost/127.0.0.1:54786]' for 'POST' to 'http://localhost:54786/session/ac00707fd26210c12cad693231f0530a/element'
21:11:17.120 [Forwarding findElement on session ac00707fd26210c12cad693231f0530a to remote] DEBUG org.asynchttpclient.netty.request.NettyRequestSender - Using open Channel [id: 0x1d438809, L:/127.0.0.1:61784 - R:localhost/127.0.0.1:54786] for POST '/session/ac00707fd26210c12cad693231f0530a/element'
21:11:17.125 [AsyncHttpClient-1-15] DEBUG org.asynchttpclient.netty.handler.HttpHandler - 

Request DefaultHttpRequest(decodeResult: success, version: HTTP/1.1)
POST /session/ac00707fd26210c12cad693231f0530a/element HTTP/1.1
User-Agent: selenium/4.1.2 (java windows)
Content-Length: 93
Content-Type: application/json; charset=utf-8
host: localhost:54786
accept: */*

Response DefaultHttpResponse(decodeResult: success, version: HTTP/1.1)
HTTP/1.1 200 OK
Content-Type: application/json; charset=utf-8
cache-control: no-cache
content-length: 88

21:11:17.125 [AsyncHttpClient-1-15] DEBUG org.asynchttpclient.netty.channel.ChannelManager - Adding key: http://localhost:54786 for channel [id: 0x1d438809, L:/127.0.0.1:61784 - R:localhost/127.0.0.1:54786]
21:11:17.126 [Forwarding clickElement on session ac00707fd26210c12cad693231f0530a to remote] DEBUG org.asynchttpclient.netty.request.NettyRequestSender - Using pooled Channel '[id: 0x1d438809, L:/127.0.0.1:61784 - R:localhost/127.0.0.1:54786]' for 'POST' to 'http://localhost:54786/session/ac00707fd26210c12cad693231f0530a/element/f8fc6027-bc4e-413f-bb36-182e52e6eb56/click'
21:11:17.126 [Forwarding clickElement on session ac00707fd26210c12cad693231f0530a to remote] DEBUG org.asynchttpclient.netty.request.NettyRequestSender - Using open Channel [id: 0x1d438809, L:/127.0.0.1:61784 - R:localhost/127.0.0.1:54786] for POST '/session/ac00707fd26210c12cad693231f0530a/element/f8fc6027-bc4e-413f-bb36-182e52e6eb56/click'
21:11:17.164 [AsyncHttpClient-1-15] DEBUG org.asynchttpclient.netty.handler.HttpHandler - 

Request DefaultHttpRequest(decodeResult: success, version: HTTP/1.1)
POST /session/ac00707fd26210c12cad693231f0530a/element/f8fc6027-bc4e-413f-bb36-182e52e6eb56/click HTTP/1.1
User-Agent: selenium/4.1.2 (java windows)
Content-Length: 50
Content-Type: application/json; charset=utf-8
host: localhost:54786
accept: */*

Response DefaultHttpResponse(decodeResult: success, version: HTTP/1.1)
HTTP/1.1 200 OK
Content-Type: application/json; charset=utf-8
cache-control: no-cache
content-length: 14

21:11:17.164 [AsyncHttpClient-1-15] DEBUG org.asynchttpclient.netty.channel.ChannelManager - Adding key: http://localhost:54786 for channel [id: 0x1d438809, L:/127.0.0.1:61784 - R:localhost/127.0.0.1:54786]
  &amp#27;[32mAnd &amp#27;[0m&amp#27;[32mI click register iconn&amp#27;[0m                                     &amp#27;[90m# starter.stepdefinitions.RegisterStep.iClickRegisterIconn()&amp#27;[0m
21:11:17.170 [Forwarding screenshot on session ac00707fd26210c12cad693231f0530a to remote] DEBUG org.asynchttpclient.netty.request.NettyRequestSender - Using pooled Channel '[id: 0x1d438809, L:/127.0.0.1:61784 - R:localhost/127.0.0.1:54786]' for 'GET' to 'http://localhost:54786/session/ac00707fd26210c12cad693231f0530a/screenshot'
21:11:17.170 [Forwarding screenshot on session ac00707fd26210c12cad693231f0530a to remote] DEBUG org.asynchttpclient.netty.request.NettyRequestSender - Using open Channel [id: 0x1d438809, L:/127.0.0.1:61784 - R:localhost/127.0.0.1:54786] for GET '/session/ac00707fd26210c12cad693231f0530a/screenshot'
21:11:17.272 [AsyncHttpClient-1-15] DEBUG org.asynchttpclient.netty.handler.HttpHandler - 

Request DefaultFullHttpRequest(decodeResult: success, version: HTTP/1.1, content: EmptyByteBufBE)
GET /session/ac00707fd26210c12cad693231f0530a/screenshot HTTP/1.1
User-Agent: selenium/4.1.2 (java windows)
Cache-Control: no-cache
Content-Type: application/json; charset=utf-8
host: localhost:54786
accept: */*

Response DefaultHttpResponse(decodeResult: success, version: HTTP/1.1)
HTTP/1.1 200 OK
Content-Type: application/json; charset=utf-8
cache-control: no-cache
content-length: 28620

21:11:17.272 [AsyncHttpClient-1-15] DEBUG org.asynchttpclient.netty.channel.ChannelManager - Adding key: http://localhost:54786 for channel [id: 0x1d438809, L:/127.0.0.1:61784 - R:localhost/127.0.0.1:54786]
21:11:17.274 [main] DEBUG net.serenitybdd.core.photography.Darkroom - Send negative for processing for target\site\serenity\1c6695c059a6c23c1d33eb31ed6235294160afb1cb6fac785e2e8cba8df81f02.png
21:11:17.274 [Darkroom Processing Line] DEBUG net.serenitybdd.core.photography.DarkroomProcessingLine - Processing screenshot image in /var/screenshots/screenshot-97990566417563639
21:11:17.274 [Darkroom Processing Line] DEBUG net.serenitybdd.core.photography.DarkroomProcessingLine - Saving screenshot to target\site\serenity\1c6695c059a6c23c1d33eb31ed6235294160afb1cb6fac785e2e8cba8df81f02.png
21:11:17.280 [Forwarding findElement on session ac00707fd26210c12cad693231f0530a to remote] DEBUG org.asynchttpclient.netty.request.NettyRequestSender - Using pooled Channel '[id: 0x1d438809, L:/127.0.0.1:61784 - R:localhost/127.0.0.1:54786]' for 'POST' to 'http://localhost:54786/session/ac00707fd26210c12cad693231f0530a/element'
21:11:17.280 [Forwarding findElement on session ac00707fd26210c12cad693231f0530a to remote] DEBUG org.asynchttpclient.netty.request.NettyRequestSender - Using open Channel [id: 0x1d438809, L:/127.0.0.1:61784 - R:localhost/127.0.0.1:54786] for POST '/session/ac00707fd26210c12cad693231f0530a/element'
21:11:18.220 [AsyncHttpClient-1-1] DEBUG org.asynchttpclient.netty.channel.DefaultChannelPool - Entry count for : http://localhost:61785 : 1
21:11:18.474 [AsyncHttpClient-1-15] DEBUG org.asynchttpclient.netty.handler.HttpHandler - 

Request DefaultHttpRequest(decodeResult: success, version: HTTP/1.1)
POST /session/ac00707fd26210c12cad693231f0530a/element HTTP/1.1
User-Agent: selenium/4.1.2 (java windows)
Content-Length: 148
Content-Type: application/json; charset=utf-8
host: localhost:54786
accept: */*

Response DefaultHttpResponse(decodeResult: success, version: HTTP/1.1)
HTTP/1.1 200 OK
Content-Type: application/json; charset=utf-8
cache-control: no-cache
content-length: 88

21:11:18.474 [AsyncHttpClient-1-15] DEBUG org.asynchttpclient.netty.channel.ChannelManager - Adding key: http://localhost:54786 for channel [id: 0x1d438809, L:/127.0.0.1:61784 - R:localhost/127.0.0.1:54786]
21:11:18.478 [Forwarding isElementDisplayed on session ac00707fd26210c12cad693231f0530a to remote] DEBUG org.asynchttpclient.netty.request.NettyRequestSender - Using pooled Channel '[id: 0x1d438809, L:/127.0.0.1:61784 - R:localhost/127.0.0.1:54786]' for 'POST' to 'http://localhost:54786/session/ac00707fd26210c12cad693231f0530a/execute/sync'
21:11:18.478 [Forwarding isElementDisplayed on session ac00707fd26210c12cad693231f0530a to remote] DEBUG org.asynchttpclient.netty.request.NettyRequestSender - Using open Channel [id: 0x1d438809, L:/127.0.0.1:61784 - R:localhost/127.0.0.1:54786] for POST '/session/ac00707fd26210c12cad693231f0530a/execute/sync'
21:11:18.490 [AsyncHttpClient-1-15] DEBUG org.asynchttpclient.netty.handler.HttpHandler - 

Request DefaultHttpRequest(decodeResult: success, version: HTTP/1.1)
POST /session/ac00707fd26210c12cad693231f0530a/execute/sync HTTP/1.1
User-Agent: selenium/4.1.2 (java windows)
Content-Length: 48780
Content-Type: application/json; charset=utf-8
host: localhost:54786
accept: */*

Response DefaultHttpResponse(decodeResult: success, version: HTTP/1.1)
HTTP/1.1 200 OK
Content-Type: application/json; charset=utf-8
cache-control: no-cache
content-length: 14

21:11:18.492 [AsyncHttpClient-1-15] DEBUG org.asynchttpclient.netty.channel.ChannelManager - Adding key: http://localhost:54786 for channel [id: 0x1d438809, L:/127.0.0.1:61784 - R:localhost/127.0.0.1:54786]
  &amp#27;[32mThen &amp#27;[0m&amp#27;[32mI will get error message nul&amp#27;[0m                              &amp#27;[90m# starter.stepdefinitions.RegisterStep.iWillGetErrorMessageNul()&amp#27;[0m
21:11:18.497 [Forwarding screenshot on session ac00707fd26210c12cad693231f0530a to remote] DEBUG org.asynchttpclient.netty.request.NettyRequestSender - Using pooled Channel '[id: 0x1d438809, L:/127.0.0.1:61784 - R:localhost/127.0.0.1:54786]' for 'GET' to 'http://localhost:54786/session/ac00707fd26210c12cad693231f0530a/screenshot'
21:11:18.497 [Forwarding screenshot on session ac00707fd26210c12cad693231f0530a to remote] DEBUG org.asynchttpclient.netty.request.NettyRequestSender - Using open Channel [id: 0x1d438809, L:/127.0.0.1:61784 - R:localhost/127.0.0.1:54786] for GET '/session/ac00707fd26210c12cad693231f0530a/screenshot'
21:11:18.604 [AsyncHttpClient-1-15] DEBUG org.asynchttpclient.netty.handler.HttpHandler - 

Request DefaultFullHttpRequest(decodeResult: success, version: HTTP/1.1, content: EmptyByteBufBE)
GET /session/ac00707fd26210c12cad693231f0530a/screenshot HTTP/1.1
User-Agent: selenium/4.1.2 (java windows)
Cache-Control: no-cache
Content-Type: application/json; charset=utf-8
host: localhost:54786
accept: */*

Response DefaultHttpResponse(decodeResult: success, version: HTTP/1.1)
HTTP/1.1 200 OK
Content-Type: application/json; charset=utf-8
cache-control: no-cache
content-length: 29160

21:11:18.605 [AsyncHttpClient-1-15] DEBUG org.asynchttpclient.netty.channel.ChannelManager - Adding key: http://localhost:54786 for channel [id: 0x1d438809, L:/127.0.0.1:61784 - R:localhost/127.0.0.1:54786]
21:11:18.606 [main] DEBUG net.serenitybdd.core.photography.Darkroom - Send negative for processing for target\site\serenity\2d893694153cb251ad285f2ebdf97adce82c68f136473aecae88ca86005f3eda.png
21:11:18.606 [Darkroom Processing Line] DEBUG net.serenitybdd.core.photography.DarkroomProcessingLine - Processing screenshot image in /var/screenshots/screenshot-16803455766479573612
21:11:18.606 [Darkroom Processing Line] DEBUG net.serenitybdd.core.photography.DarkroomProcessingLine - Saving screenshot to target\site\serenity\2d893694153cb251ad285f2ebdf97adce82c68f136473aecae88ca86005f3eda.png
21:11:18.607 [main] INFO  - 
  _____   ___   ___   _____     ___     _     ___   ___   ___   ___  
 |_   _| | __| / __| |_   _|   | _ \   /_\   / __| / __| | __| |   \ 
   | |   | _|  \__ \   | |     |  _/  / _ \  \__ \ \__ \ | _|  | |) |
   |_|   |___| |___/   |_|     |_|   /_/ \_\ |___/ |___/ |___| |___/ 

Register with valid nama, null email and null password
----------------------------------------------------------------------
21:11:18.608 [AsyncHttpClient-1-17] DEBUG org.asynchttpclient.netty.handler.WebSocketHandler - Channel Closed: [id: 0x6bd6bcb3, L:/127.0.0.1:61792 ! R:localhost/127.0.0.1:61785] with attribute NettyResponseFuture{currentRetry=5,
	isDone=1,
	isCancelled=0,
	asyncHandler=org.asynchttpclient.ws.WebSocketUpgradeHandler@508007f0,
	nettyRequest=org.asynchttpclient.netty.request.NettyRequest@7eb1ed8e,
	future=java.util.concurrent.CompletableFuture@1448e2bc[Completed normally],
	uri=ws://localhost:61785/devtools/browser/a70b89a3-9124-4ba6-ab68-f9feee1276c6,
	keepAlive=true,
	redirectCount=0,
	timeoutsHolder=null,
	inAuth=0,
	touch=1667916675271}
21:11:18.608 [AsyncHttpClient-1-17] DEBUG org.asynchttpclient.netty.channel.ChannelManager - Closing Channel [id: 0x6bd6bcb3, L:/127.0.0.1:61792 ! R:localhost/127.0.0.1:61785] 
21:11:18.608 [Driver Command Executor] DEBUG org.asynchttpclient.netty.request.NettyRequestSender - Using pooled Channel '[id: 0x1d438809, L:/127.0.0.1:61784 - R:localhost/127.0.0.1:54786]' for 'DELETE' to 'http://localhost:54786/session/ac00707fd26210c12cad693231f0530a'
21:11:18.608 [Driver Command Executor] DEBUG org.asynchttpclient.netty.request.NettyRequestSender - Using open Channel [id: 0x1d438809, L:/127.0.0.1:61784 - R:localhost/127.0.0.1:54786] for DELETE '/session/ac00707fd26210c12cad693231f0530a'
21:11:18.630 [AsyncHttpClient-1-16] DEBUG org.asynchttpclient.netty.handler.HttpHandler - Unexpected I/O exception on channel [id: 0x734f2414, L:/127.0.0.1:61791 - R:localhost/127.0.0.1:61785]
java.io.IOException: An existing connection was forcibly closed by the remote host
	at java.base/sun.nio.ch.SocketDispatcher.read0(Native Method)
	at java.base/sun.nio.ch.SocketDispatcher.read(SocketDispatcher.java:43)
	at java.base/sun.nio.ch.IOUtil.readIntoNativeBuffer(IOUtil.java:276)
	at java.base/sun.nio.ch.IOUtil.read(IOUtil.java:233)
	at java.base/sun.nio.ch.IOUtil.read(IOUtil.java:223)
	at java.base/sun.nio.ch.SocketChannelImpl.read(SocketChannelImpl.java:358)
	at io.netty.buffer.PooledByteBuf.setBytes(PooledByteBuf.java:258)
	at io.netty.buffer.AbstractByteBuf.writeBytes(AbstractByteBuf.java:1132)
	at io.netty.buffer.WrappedByteBuf.writeBytes(WrappedByteBuf.java:821)
	at io.netty.channel.socket.nio.NioSocketChannel.doReadBytes(NioSocketChannel.java:350)
	at io.netty.channel.nio.AbstractNioByteChannel$NioByteUnsafe.read(AbstractNioByteChannel.java:151)
	at io.netty.channel.nio.NioEventLoop.processSelectedKey(NioEventLoop.java:722)
	at io.netty.channel.nio.NioEventLoop.processSelectedKeysOptimized(NioEventLoop.java:658)
	at io.netty.channel.nio.NioEventLoop.processSelectedKeys(NioEventLoop.java:584)
	at io.netty.channel.nio.NioEventLoop.run(NioEventLoop.java:496)
	at io.netty.util.concurrent.SingleThreadEventExecutor$4.run(SingleThreadEventExecutor.java:986)
	at io.netty.util.internal.ThreadExecutorMap$2.run(ThreadExecutorMap.java:74)
	at io.netty.util.concurrent.FastThreadLocalRunnable.run(FastThreadLocalRunnable.java:30)
	at java.base/java.lang.Thread.run(Thread.java:834)
21:11:18.630 [AsyncHttpClient-1-16] DEBUG org.asynchttpclient.netty.channel.ChannelManager - Closing Channel [id: 0x734f2414, L:/127.0.0.1:61791 - R:localhost/127.0.0.1:61785] 
21:11:18.632 [AsyncHttpClient-1-16] DEBUG org.asynchttpclient.netty.handler.HttpHandler - Channel Closed: [id: 0x734f2414, L:/127.0.0.1:61791 ! R:localhost/127.0.0.1:61785] with attribute DISCARD
21:11:18.642 [AsyncHttpClient-1-15] DEBUG org.asynchttpclient.netty.handler.HttpHandler - 

Request DefaultFullHttpRequest(decodeResult: success, version: HTTP/1.1, content: EmptyByteBufBE)
DELETE /session/ac00707fd26210c12cad693231f0530a HTTP/1.1
User-Agent: selenium/4.1.2 (java windows)
Content-Type: application/json; charset=utf-8
host: localhost:54786
accept: */*

Response DefaultHttpResponse(decodeResult: success, version: HTTP/1.1)
HTTP/1.1 200 OK
Content-Type: application/json; charset=utf-8
cache-control: no-cache
content-length: 14

21:11:18.642 [AsyncHttpClient-1-15] DEBUG org.asynchttpclient.netty.channel.ChannelManager - Adding key: http://localhost:54786 for channel [id: 0x1d438809, L:/127.0.0.1:61784 - R:localhost/127.0.0.1:54786]
21:11:18.689 [AsyncHttpClient-1-15] DEBUG org.asynchttpclient.netty.handler.HttpHandler - Channel Closed: [id: 0x1d438809, L:/127.0.0.1:61784 ! R:localhost/127.0.0.1:54786] with attribute DISCARD
]]></system-out>
    <system-err><![CDATA[Starting ChromeDriver 106.0.5249.61 (511755355844955cd3e264779baf0dd38212a4d0-refs/branch-heads/5249@{#569}) on port 54786
Only local connections are allowed.
Please see https://chromedriver.chromium.org/security-considerations for suggestions on keeping ChromeDriver safe.
ChromeDriver was started successfully.
[1667916675.237][WARNING]: This version of ChromeDriver has not been tested with Chrome version 107.
Nov 08, 2022 9:11:15 PM org.openqa.selenium.remote.ProtocolHandshake createSession
INFO: Detected dialect: W3C
Nov 08, 2022 9:11:15 PM org.openqa.selenium.devtools.CdpVersionFinder findNearestMatch
WARNING: Unable to find an exact match for CDP version 107, so returning the closest version found: a no-op implementation
Nov 08, 2022 9:11:15 PM org.openqa.selenium.devtools.CdpVersionFinder findNearestMatch
INFO: Unable to find CDP implementation matching 107.
Nov 08, 2022 9:11:15 PM org.openqa.selenium.chromium.ChromiumDriver lambda$new$3
WARNING: Unable to find version of CDP to use for . You may need to include a dependency on a specific version of the CDP using something similar to `org.seleniumhq.selenium:selenium-devtools-v86:4.1.2` where the version ("v86") matches the version of the chromium-based browser you're using and the version number of the artifact is the same as Selenium's.
]]></system-err>
  </testcase>
  <testcase name="Register with valid nama, valid email, and null password" classname="Register" time="4.755">
    <system-out><![CDATA[
@Register
Scenario: Register with valid nama, valid email, and null password &amp#27;[90m# src/test/resources/features/register.feature:25&amp#27;[0m
21:11:18.740 [main] INFO io.cucumber.core.plugin.SerenityReporter - Running feature from file:///D:/miniproject/webtesting/src/test/resources/features/register.feature
21:11:18.742 [main] INFO  - 
  _____   ___   ___   _____     ___   _____     _     ___   _____   ___   ___  
 |_   _| | __| / __| |_   _|   / __| |_   _|   /_\   | _ \ |_   _| | __| |   \ 
   | |   | _|  \__ \   | |     \__ \   | |    / _ \  |   /   | |   | _|  | |) |
   |_|   |___| |___/   |_|     |___/   |_|   /_/ \_\ |_|_\   |_|   |___| |___/ 

Register with valid nama, valid email, and null password(register;register-with-valid-nama--valid-email--and-null-password)
--------------------------------------------------------------------------------
21:11:18.758 [main] INFO net.serenitybdd.core.webdriver.driverproviders.ChromeDriverProvider - Using automatically driver download
21:11:18.862 [main] DEBUG io.github.bonigarcia.wdm.cache.ResolutionCache - Resolution chrome=107 in cache (valid until 22:09:52 08/11/2022 ICT)
21:11:18.865 [main] DEBUG io.github.bonigarcia.wdm.cache.ResolutionCache - Resolution chrome107=107.0.5304.62 in cache (valid until 21:09:52 09/11/2022 ICT)
21:11:18.867 [main] INFO io.github.bonigarcia.wdm.WebDriverManager - Using chromedriver 107.0.5304.62 (resolved driver for Chrome 107)
21:11:18.875 [main] DEBUG io.github.bonigarcia.wdm.WebDriverManager - Driver chromedriver 107.0.5304.62 found in cache
21:11:18.875 [main] INFO io.github.bonigarcia.wdm.WebDriverManager - Exporting webdriver.chrome.driver as C:\Users\Yusuf Efendi\.cache\selenium\chromedriver\win32\107.0.5304.62\chromedriver.exe
21:11:18.969 [main] DEBUG net.serenitybdd.core.webdriver.driverproviders.ProvideNewDriver - Instantiating driver
21:11:18.969 [main] DEBUG net.serenitybdd.core.webdriver.driverproviders.ProvideNewDriver - Driver capabilities: Capabilities {acceptInsecureCerts: false, base.url: https://alta-shop.vercel.app, browserName: chrome, chrome.driver: src/test/resources/webdrive..., driver: chrome, goog:chromeOptions: {args: [], extensions: []}, wait.for.timeout: 7000}
21:11:19.033 [AsyncHttpClient-1-2] DEBUG org.asynchttpclient.netty.channel.NettyConnectListener - Using new Channel '[id: 0xb20d02ea, L:/127.0.0.1:61807 - R:localhost/127.0.0.1:58143]' for 'POST' to '/session'
21:11:19.325 [AsyncHttpClient-1-1] DEBUG org.asynchttpclient.netty.channel.DefaultChannelPool - Entry count for : http://localhost:54786 : 1
21:11:19.325 [AsyncHttpClient-1-1] DEBUG org.asynchttpclient.netty.channel.DefaultChannelPool - Entry count for : http://localhost:61785 : 1
21:11:19.325 [AsyncHttpClient-1-1] DEBUG org.asynchttpclient.netty.channel.DefaultChannelPool - Adding Candidate expired Channel [id: 0x1d438809, L:/127.0.0.1:61784 ! R:localhost/127.0.0.1:54786] isIdleTimeoutExpired=false isRemotelyClosed=true isTtlExpired=false
21:11:19.325 [AsyncHttpClient-1-1] DEBUG org.asynchttpclient.netty.channel.DefaultChannelPool - Closing Idle Channel [id: 0x1d438809, L:/127.0.0.1:61784 ! R:localhost/127.0.0.1:54786]
21:11:19.325 [AsyncHttpClient-1-1] DEBUG org.asynchttpclient.netty.channel.DefaultChannelPool - Adding Candidate expired Channel [id: 0x734f2414, L:/127.0.0.1:61791 ! R:localhost/127.0.0.1:61785] isIdleTimeoutExpired=false isRemotelyClosed=true isTtlExpired=false
21:11:19.325 [AsyncHttpClient-1-1] DEBUG org.asynchttpclient.netty.channel.DefaultChannelPool - Closing Idle Channel [id: 0x734f2414, L:/127.0.0.1:61791 ! R:localhost/127.0.0.1:61785]
21:11:19.325 [AsyncHttpClient-1-1] DEBUG org.asynchttpclient.netty.channel.DefaultChannelPool - Closed 2 connections out of 2 in 0 ms
21:11:19.776 [AsyncHttpClient-1-2] DEBUG org.asynchttpclient.netty.handler.HttpHandler - 

Request DefaultHttpRequest(decodeResult: success, version: HTTP/1.1)
POST /session HTTP/1.1
User-Agent: selenium/4.1.2 (java windows)
Content-Length: 639
Content-Type: application/json; charset=utf-8
host: localhost:58143
accept: */*

Response DefaultHttpResponse(decodeResult: success, version: HTTP/1.1)
HTTP/1.1 200 OK
Content-Type: application/json; charset=utf-8
cache-control: no-cache
content-length: 792

21:11:19.776 [AsyncHttpClient-1-2] DEBUG org.asynchttpclient.netty.channel.ChannelManager - Adding key: http://localhost:58143 for channel [id: 0xb20d02ea, L:/127.0.0.1:61807 - R:localhost/127.0.0.1:58143]
21:11:19.785 [AsyncHttpClient-1-3] DEBUG org.asynchttpclient.netty.channel.NettyConnectListener - Using new Channel '[id: 0x6a265870, L:/127.0.0.1:61814 - R:localhost/127.0.0.1:61808]' for 'GET' to '/json/version'
21:11:19.786 [AsyncHttpClient-1-3] DEBUG org.asynchttpclient.netty.handler.HttpHandler - 

Request DefaultFullHttpRequest(decodeResult: success, version: HTTP/1.1, content: EmptyByteBufBE)
GET /json/version HTTP/1.1
User-Agent: selenium/4.1.2 (java windows)
host: localhost:61808
accept: */*

Response DefaultHttpResponse(decodeResult: success, version: HTTP/1.1)
HTTP/1.1 200 OK
Content-Type: application/json; charset=UTF-8
content-length: 423

21:11:19.786 [AsyncHttpClient-1-3] DEBUG org.asynchttpclient.netty.channel.ChannelManager - Adding key: http://localhost:61808 for channel [id: 0x6a265870, L:/127.0.0.1:61814 - R:localhost/127.0.0.1:61808]
21:11:19.790 [AsyncHttpClient-1-4] DEBUG org.asynchttpclient.netty.channel.NettyConnectListener - Using new Channel '[id: 0x9c318c3b, L:/127.0.0.1:61815 - R:localhost/127.0.0.1:61808]' for 'GET' to '/devtools/browser/2bd3d1fd-b646-4605-b245-83b08688660a'
21:11:19.791 [AsyncHttpClient-1-4] DEBUG org.asynchttpclient.netty.handler.WebSocketHandler - 

Request DefaultFullHttpRequest(decodeResult: success, version: HTTP/1.1, content: EmptyByteBufBE)
GET /devtools/browser/2bd3d1fd-b646-4605-b245-83b08688660a HTTP/1.1
upgrade: websocket
connection: upgrade
sec-websocket-key: u1Q1tBxbTuHEq4kqOYkiZQ==
sec-websocket-version: 13
origin: http://localhost:61808
host: localhost:61808
accept: */*
user-agent: AHC/2.1

Response DefaultHttpResponse(decodeResult: success, version: HTTP/1.1)
HTTP/1.1 101 WebSocket Protocol Handshake
Upgrade: WebSocket
Connection: Upgrade
Sec-WebSocket-Accept: rRZ01so9y6FbHcL+u4Gx+tW1u74=

21:11:19.798 [Forwarding get on session 1bc939ac5ea40c4a91dfe64e57f9c536 to remote] DEBUG org.asynchttpclient.netty.request.NettyRequestSender - Using pooled Channel '[id: 0xb20d02ea, L:/127.0.0.1:61807 - R:localhost/127.0.0.1:58143]' for 'POST' to 'http://localhost:58143/session/1bc939ac5ea40c4a91dfe64e57f9c536/url'
21:11:19.798 [Forwarding get on session 1bc939ac5ea40c4a91dfe64e57f9c536 to remote] DEBUG org.asynchttpclient.netty.request.NettyRequestSender - Using open Channel [id: 0xb20d02ea, L:/127.0.0.1:61807 - R:localhost/127.0.0.1:58143] for POST '/session/1bc939ac5ea40c4a91dfe64e57f9c536/url'
21:11:20.418 [AsyncHttpClient-1-1] DEBUG org.asynchttpclient.netty.channel.DefaultChannelPool - Entry count for : http://localhost:61808 : 1
21:11:20.484 [AsyncHttpClient-1-2] DEBUG org.asynchttpclient.netty.handler.HttpHandler - 

Request DefaultHttpRequest(decodeResult: success, version: HTTP/1.1)
POST /session/1bc939ac5ea40c4a91dfe64e57f9c536/url HTTP/1.1
User-Agent: selenium/4.1.2 (java windows)
Content-Length: 74
Content-Type: application/json; charset=utf-8
host: localhost:58143
accept: */*

Response DefaultHttpResponse(decodeResult: success, version: HTTP/1.1)
HTTP/1.1 200 OK
Content-Type: application/json; charset=utf-8
cache-control: no-cache
content-length: 14

21:11:20.484 [AsyncHttpClient-1-2] DEBUG org.asynchttpclient.netty.channel.ChannelManager - Adding key: http://localhost:58143 for channel [id: 0xb20d02ea, L:/127.0.0.1:61807 - R:localhost/127.0.0.1:58143]
21:11:20.485 [Forwarding setTimeout on session 1bc939ac5ea40c4a91dfe64e57f9c536 to remote] DEBUG org.asynchttpclient.netty.request.NettyRequestSender - Using pooled Channel '[id: 0xb20d02ea, L:/127.0.0.1:61807 - R:localhost/127.0.0.1:58143]' for 'POST' to 'http://localhost:58143/session/1bc939ac5ea40c4a91dfe64e57f9c536/timeouts'
21:11:20.485 [Forwarding setTimeout on session 1bc939ac5ea40c4a91dfe64e57f9c536 to remote] DEBUG org.asynchttpclient.netty.request.NettyRequestSender - Using open Channel [id: 0xb20d02ea, L:/127.0.0.1:61807 - R:localhost/127.0.0.1:58143] for POST '/session/1bc939ac5ea40c4a91dfe64e57f9c536/timeouts'
21:11:20.486 [AsyncHttpClient-1-2] DEBUG org.asynchttpclient.netty.handler.HttpHandler - 

Request DefaultHttpRequest(decodeResult: success, version: HTTP/1.1)
POST /session/1bc939ac5ea40c4a91dfe64e57f9c536/timeouts HTTP/1.1
User-Agent: selenium/4.1.2 (java windows)
Content-Length: 22
Content-Type: application/json; charset=utf-8
host: localhost:58143
accept: */*

Response DefaultHttpResponse(decodeResult: success, version: HTTP/1.1)
HTTP/1.1 200 OK
Content-Type: application/json; charset=utf-8
cache-control: no-cache
content-length: 14

21:11:20.486 [AsyncHttpClient-1-2] DEBUG org.asynchttpclient.netty.channel.ChannelManager - Adding key: http://localhost:58143 for channel [id: 0xb20d02ea, L:/127.0.0.1:61807 - R:localhost/127.0.0.1:58143]
21:11:20.489 [Forwarding getCurrentUrl on session 1bc939ac5ea40c4a91dfe64e57f9c536 to remote] DEBUG org.asynchttpclient.netty.request.NettyRequestSender - Using pooled Channel '[id: 0xb20d02ea, L:/127.0.0.1:61807 - R:localhost/127.0.0.1:58143]' for 'GET' to 'http://localhost:58143/session/1bc939ac5ea40c4a91dfe64e57f9c536/url'
21:11:20.489 [Forwarding getCurrentUrl on session 1bc939ac5ea40c4a91dfe64e57f9c536 to remote] DEBUG org.asynchttpclient.netty.request.NettyRequestSender - Using open Channel [id: 0xb20d02ea, L:/127.0.0.1:61807 - R:localhost/127.0.0.1:58143] for GET '/session/1bc939ac5ea40c4a91dfe64e57f9c536/url'
21:11:20.495 [AsyncHttpClient-1-2] DEBUG org.asynchttpclient.netty.handler.HttpHandler - 

Request DefaultFullHttpRequest(decodeResult: success, version: HTTP/1.1, content: EmptyByteBufBE)
GET /session/1bc939ac5ea40c4a91dfe64e57f9c536/url HTTP/1.1
User-Agent: selenium/4.1.2 (java windows)
Cache-Control: no-cache
Content-Type: application/json; charset=utf-8
host: localhost:58143
accept: */*

Response DefaultHttpResponse(decodeResult: success, version: HTTP/1.1)
HTTP/1.1 200 OK
Content-Type: application/json; charset=utf-8
cache-control: no-cache
content-length: 51

21:11:20.495 [AsyncHttpClient-1-2] DEBUG org.asynchttpclient.netty.channel.ChannelManager - Adding key: http://localhost:58143 for channel [id: 0xb20d02ea, L:/127.0.0.1:61807 - R:localhost/127.0.0.1:58143]
  &amp#27;[32mGiven &amp#27;[0m&amp#27;[32mI am on the login pagee&amp#27;[0m                                    &amp#27;[90m# starter.stepdefinitions.RegisterStep.iAmOnTheLoginPagee()&amp#27;[0m
21:11:20.502 [Forwarding screenshot on session 1bc939ac5ea40c4a91dfe64e57f9c536 to remote] DEBUG org.asynchttpclient.netty.request.NettyRequestSender - Using pooled Channel '[id: 0xb20d02ea, L:/127.0.0.1:61807 - R:localhost/127.0.0.1:58143]' for 'GET' to 'http://localhost:58143/session/1bc939ac5ea40c4a91dfe64e57f9c536/screenshot'
21:11:20.502 [Forwarding screenshot on session 1bc939ac5ea40c4a91dfe64e57f9c536 to remote] DEBUG org.asynchttpclient.netty.request.NettyRequestSender - Using open Channel [id: 0xb20d02ea, L:/127.0.0.1:61807 - R:localhost/127.0.0.1:58143] for GET '/session/1bc939ac5ea40c4a91dfe64e57f9c536/screenshot'
21:11:20.733 [AsyncHttpClient-1-2] DEBUG org.asynchttpclient.netty.handler.HttpHandler - 

Request DefaultFullHttpRequest(decodeResult: success, version: HTTP/1.1, content: EmptyByteBufBE)
GET /session/1bc939ac5ea40c4a91dfe64e57f9c536/screenshot HTTP/1.1
User-Agent: selenium/4.1.2 (java windows)
Cache-Control: no-cache
Content-Type: application/json; charset=utf-8
host: localhost:58143
accept: */*

Response DefaultHttpResponse(decodeResult: success, version: HTTP/1.1)
HTTP/1.1 200 OK
Content-Type: application/json; charset=utf-8
cache-control: no-cache
content-length: 22956

21:11:20.733 [AsyncHttpClient-1-2] DEBUG org.asynchttpclient.netty.channel.ChannelManager - Adding key: http://localhost:58143 for channel [id: 0xb20d02ea, L:/127.0.0.1:61807 - R:localhost/127.0.0.1:58143]
21:11:20.734 [main] DEBUG net.serenitybdd.core.photography.Darkroom - Send negative for processing for target\site\serenity\aee116daef9f70687dbaee6bc527f5648618468770bbd8309c15c6b66fad3d98.png
21:11:20.739 [Forwarding findElement on session 1bc939ac5ea40c4a91dfe64e57f9c536 to remote] DEBUG org.asynchttpclient.netty.request.NettyRequestSender - Using pooled Channel '[id: 0xb20d02ea, L:/127.0.0.1:61807 - R:localhost/127.0.0.1:58143]' for 'POST' to 'http://localhost:58143/session/1bc939ac5ea40c4a91dfe64e57f9c536/element'
21:11:20.740 [Forwarding findElement on session 1bc939ac5ea40c4a91dfe64e57f9c536 to remote] DEBUG org.asynchttpclient.netty.request.NettyRequestSender - Using open Channel [id: 0xb20d02ea, L:/127.0.0.1:61807 - R:localhost/127.0.0.1:58143] for POST '/session/1bc939ac5ea40c4a91dfe64e57f9c536/element'
21:11:20.752 [AsyncHttpClient-1-2] DEBUG org.asynchttpclient.netty.handler.HttpHandler - 

Request DefaultHttpRequest(decodeResult: success, version: HTTP/1.1)
POST /session/1bc939ac5ea40c4a91dfe64e57f9c536/element HTTP/1.1
User-Agent: selenium/4.1.2 (java windows)
Content-Length: 80
Content-Type: application/json; charset=utf-8
host: localhost:58143
accept: */*

Response DefaultHttpResponse(decodeResult: success, version: HTTP/1.1)
HTTP/1.1 200 OK
Content-Type: application/json; charset=utf-8
cache-control: no-cache
content-length: 88

21:11:20.752 [AsyncHttpClient-1-2] DEBUG org.asynchttpclient.netty.channel.ChannelManager - Adding key: http://localhost:58143 for channel [id: 0xb20d02ea, L:/127.0.0.1:61807 - R:localhost/127.0.0.1:58143]
21:11:20.752 [Forwarding getElementTagName on session 1bc939ac5ea40c4a91dfe64e57f9c536 to remote] DEBUG org.asynchttpclient.netty.request.NettyRequestSender - Using pooled Channel '[id: 0xb20d02ea, L:/127.0.0.1:61807 - R:localhost/127.0.0.1:58143]' for 'GET' to 'http://localhost:58143/session/1bc939ac5ea40c4a91dfe64e57f9c536/element/a8e78bf6-f1ef-4626-906a-dd675f2b4cad/name'
21:11:20.752 [Forwarding getElementTagName on session 1bc939ac5ea40c4a91dfe64e57f9c536 to remote] DEBUG org.asynchttpclient.netty.request.NettyRequestSender - Using open Channel [id: 0xb20d02ea, L:/127.0.0.1:61807 - R:localhost/127.0.0.1:58143] for GET '/session/1bc939ac5ea40c4a91dfe64e57f9c536/element/a8e78bf6-f1ef-4626-906a-dd675f2b4cad/name'
21:11:20.757 [AsyncHttpClient-1-2] DEBUG org.asynchttpclient.netty.handler.HttpHandler - 

Request DefaultFullHttpRequest(decodeResult: success, version: HTTP/1.1, content: EmptyByteBufBE)
GET /session/1bc939ac5ea40c4a91dfe64e57f9c536/element/a8e78bf6-f1ef-4626-906a-dd675f2b4cad/name HTTP/1.1
User-Agent: selenium/4.1.2 (java windows)
Cache-Control: no-cache
Content-Type: application/json; charset=utf-8
host: localhost:58143
accept: */*

Response DefaultHttpResponse(decodeResult: success, version: HTTP/1.1)
HTTP/1.1 200 OK
Content-Type: application/json; charset=utf-8
cache-control: no-cache
content-length: 13

21:11:20.757 [AsyncHttpClient-1-2] DEBUG org.asynchttpclient.netty.channel.ChannelManager - Adding key: http://localhost:58143 for channel [id: 0xb20d02ea, L:/127.0.0.1:61807 - R:localhost/127.0.0.1:58143]
21:11:20.759 [Forwarding getElementTagName on session 1bc939ac5ea40c4a91dfe64e57f9c536 to remote] DEBUG org.asynchttpclient.netty.request.NettyRequestSender - Using pooled Channel '[id: 0xb20d02ea, L:/127.0.0.1:61807 - R:localhost/127.0.0.1:58143]' for 'GET' to 'http://localhost:58143/session/1bc939ac5ea40c4a91dfe64e57f9c536/element/a8e78bf6-f1ef-4626-906a-dd675f2b4cad/name'
21:11:20.759 [Forwarding getElementTagName on session 1bc939ac5ea40c4a91dfe64e57f9c536 to remote] DEBUG org.asynchttpclient.netty.request.NettyRequestSender - Using open Channel [id: 0xb20d02ea, L:/127.0.0.1:61807 - R:localhost/127.0.0.1:58143] for GET '/session/1bc939ac5ea40c4a91dfe64e57f9c536/element/a8e78bf6-f1ef-4626-906a-dd675f2b4cad/name'
21:11:20.762 [AsyncHttpClient-1-2] DEBUG org.asynchttpclient.netty.handler.HttpHandler - 

Request DefaultFullHttpRequest(decodeResult: success, version: HTTP/1.1, content: EmptyByteBufBE)
GET /session/1bc939ac5ea40c4a91dfe64e57f9c536/element/a8e78bf6-f1ef-4626-906a-dd675f2b4cad/name HTTP/1.1
User-Agent: selenium/4.1.2 (java windows)
Cache-Control: no-cache
Content-Type: application/json; charset=utf-8
host: localhost:58143
accept: */*

Response DefaultHttpResponse(decodeResult: success, version: HTTP/1.1)
HTTP/1.1 200 OK
Content-Type: application/json; charset=utf-8
cache-control: no-cache
content-length: 13

21:11:20.762 [AsyncHttpClient-1-2] DEBUG org.asynchttpclient.netty.channel.ChannelManager - Adding key: http://localhost:58143 for channel [id: 0xb20d02ea, L:/127.0.0.1:61807 - R:localhost/127.0.0.1:58143]
21:11:20.764 [Forwarding findElement on session 1bc939ac5ea40c4a91dfe64e57f9c536 to remote] DEBUG org.asynchttpclient.netty.request.NettyRequestSender - Using pooled Channel '[id: 0xb20d02ea, L:/127.0.0.1:61807 - R:localhost/127.0.0.1:58143]' for 'POST' to 'http://localhost:58143/session/1bc939ac5ea40c4a91dfe64e57f9c536/element'
21:11:20.764 [Forwarding findElement on session 1bc939ac5ea40c4a91dfe64e57f9c536 to remote] DEBUG org.asynchttpclient.netty.request.NettyRequestSender - Using open Channel [id: 0xb20d02ea, L:/127.0.0.1:61807 - R:localhost/127.0.0.1:58143] for POST '/session/1bc939ac5ea40c4a91dfe64e57f9c536/element'
21:11:20.770 [AsyncHttpClient-1-2] DEBUG org.asynchttpclient.netty.handler.HttpHandler - 

Request DefaultHttpRequest(decodeResult: success, version: HTTP/1.1)
POST /session/1bc939ac5ea40c4a91dfe64e57f9c536/element HTTP/1.1
User-Agent: selenium/4.1.2 (java windows)
Content-Length: 80
Content-Type: application/json; charset=utf-8
host: localhost:58143
accept: */*

Response DefaultHttpResponse(decodeResult: success, version: HTTP/1.1)
HTTP/1.1 200 OK
Content-Type: application/json; charset=utf-8
cache-control: no-cache
content-length: 88

21:11:20.770 [AsyncHttpClient-1-2] DEBUG org.asynchttpclient.netty.channel.ChannelManager - Adding key: http://localhost:58143 for channel [id: 0xb20d02ea, L:/127.0.0.1:61807 - R:localhost/127.0.0.1:58143]
21:11:20.770 [Forwarding clickElement on session 1bc939ac5ea40c4a91dfe64e57f9c536 to remote] DEBUG org.asynchttpclient.netty.request.NettyRequestSender - Using pooled Channel '[id: 0xb20d02ea, L:/127.0.0.1:61807 - R:localhost/127.0.0.1:58143]' for 'POST' to 'http://localhost:58143/session/1bc939ac5ea40c4a91dfe64e57f9c536/element/a8e78bf6-f1ef-4626-906a-dd675f2b4cad/click'
21:11:20.770 [Forwarding clickElement on session 1bc939ac5ea40c4a91dfe64e57f9c536 to remote] DEBUG org.asynchttpclient.netty.request.NettyRequestSender - Using open Channel [id: 0xb20d02ea, L:/127.0.0.1:61807 - R:localhost/127.0.0.1:58143] for POST '/session/1bc939ac5ea40c4a91dfe64e57f9c536/element/a8e78bf6-f1ef-4626-906a-dd675f2b4cad/click'
21:11:20.817 [AsyncHttpClient-1-2] DEBUG org.asynchttpclient.netty.handler.HttpHandler - 

Request DefaultHttpRequest(decodeResult: success, version: HTTP/1.1)
POST /session/1bc939ac5ea40c4a91dfe64e57f9c536/element/a8e78bf6-f1ef-4626-906a-dd675f2b4cad/click HTTP/1.1
User-Agent: selenium/4.1.2 (java windows)
Content-Length: 50
Content-Type: application/json; charset=utf-8
host: localhost:58143
accept: */*

Response DefaultHttpResponse(decodeResult: success, version: HTTP/1.1)
HTTP/1.1 200 OK
Content-Type: application/json; charset=utf-8
cache-control: no-cache
content-length: 14

21:11:20.817 [AsyncHttpClient-1-2] DEBUG org.asynchttpclient.netty.channel.ChannelManager - Adding key: http://localhost:58143 for channel [id: 0xb20d02ea, L:/127.0.0.1:61807 - R:localhost/127.0.0.1:58143]
  &amp#27;[32mWhen &amp#27;[0m&amp#27;[32mI click register buttonn&amp#27;[0m                                    &amp#27;[90m# starter.stepdefinitions.RegisterStep.iClickRegisterButtonn()&amp#27;[0m
21:11:20.823 [Forwarding screenshot on session 1bc939ac5ea40c4a91dfe64e57f9c536 to remote] DEBUG org.asynchttpclient.netty.request.NettyRequestSender - Using pooled Channel '[id: 0xb20d02ea, L:/127.0.0.1:61807 - R:localhost/127.0.0.1:58143]' for 'GET' to 'http://localhost:58143/session/1bc939ac5ea40c4a91dfe64e57f9c536/screenshot'
21:11:20.823 [Forwarding screenshot on session 1bc939ac5ea40c4a91dfe64e57f9c536 to remote] DEBUG org.asynchttpclient.netty.request.NettyRequestSender - Using open Channel [id: 0xb20d02ea, L:/127.0.0.1:61807 - R:localhost/127.0.0.1:58143] for GET '/session/1bc939ac5ea40c4a91dfe64e57f9c536/screenshot'
21:11:20.908 [AsyncHttpClient-1-2] DEBUG org.asynchttpclient.netty.handler.HttpHandler - 

Request DefaultFullHttpRequest(decodeResult: success, version: HTTP/1.1, content: EmptyByteBufBE)
GET /session/1bc939ac5ea40c4a91dfe64e57f9c536/screenshot HTTP/1.1
User-Agent: selenium/4.1.2 (java windows)
Cache-Control: no-cache
Content-Type: application/json; charset=utf-8
host: localhost:58143
accept: */*

Response DefaultHttpResponse(decodeResult: success, version: HTTP/1.1)
HTTP/1.1 200 OK
Content-Type: application/json; charset=utf-8
cache-control: no-cache
content-length: 27708

21:11:20.908 [AsyncHttpClient-1-2] DEBUG org.asynchttpclient.netty.channel.ChannelManager - Adding key: http://localhost:58143 for channel [id: 0xb20d02ea, L:/127.0.0.1:61807 - R:localhost/127.0.0.1:58143]
21:11:20.909 [main] DEBUG net.serenitybdd.core.photography.Darkroom - Send negative for processing for target\site\serenity\5e6035c93e4a246051df7d7205f2b30a39ff80cebda5d295f5f31e41c280776f.png
21:11:20.910 [Darkroom Processing Line] DEBUG net.serenitybdd.core.photography.DarkroomProcessingLine - Processing screenshot image in /var/screenshots/screenshot-16046719096473511452
21:11:20.910 [Darkroom Processing Line] DEBUG net.serenitybdd.core.photography.DarkroomProcessingLine - Saving screenshot to target\site\serenity\5e6035c93e4a246051df7d7205f2b30a39ff80cebda5d295f5f31e41c280776f.png
21:11:20.914 [Forwarding findElement on session 1bc939ac5ea40c4a91dfe64e57f9c536 to remote] DEBUG org.asynchttpclient.netty.request.NettyRequestSender - Using pooled Channel '[id: 0xb20d02ea, L:/127.0.0.1:61807 - R:localhost/127.0.0.1:58143]' for 'POST' to 'http://localhost:58143/session/1bc939ac5ea40c4a91dfe64e57f9c536/element'
21:11:20.914 [Forwarding findElement on session 1bc939ac5ea40c4a91dfe64e57f9c536 to remote] DEBUG org.asynchttpclient.netty.request.NettyRequestSender - Using open Channel [id: 0xb20d02ea, L:/127.0.0.1:61807 - R:localhost/127.0.0.1:58143] for POST '/session/1bc939ac5ea40c4a91dfe64e57f9c536/element'
21:11:20.925 [AsyncHttpClient-1-2] DEBUG org.asynchttpclient.netty.handler.HttpHandler - 

Request DefaultHttpRequest(decodeResult: success, version: HTTP/1.1)
POST /session/1bc939ac5ea40c4a91dfe64e57f9c536/element HTTP/1.1
User-Agent: selenium/4.1.2 (java windows)
Content-Length: 93
Content-Type: application/json; charset=utf-8
host: localhost:58143
accept: */*

Response DefaultHttpResponse(decodeResult: success, version: HTTP/1.1)
HTTP/1.1 200 OK
Content-Type: application/json; charset=utf-8
cache-control: no-cache
content-length: 88

21:11:20.925 [AsyncHttpClient-1-2] DEBUG org.asynchttpclient.netty.channel.ChannelManager - Adding key: http://localhost:58143 for channel [id: 0xb20d02ea, L:/127.0.0.1:61807 - R:localhost/127.0.0.1:58143]
21:11:20.927 [Forwarding clearElement on session 1bc939ac5ea40c4a91dfe64e57f9c536 to remote] DEBUG org.asynchttpclient.netty.request.NettyRequestSender - Using pooled Channel '[id: 0xb20d02ea, L:/127.0.0.1:61807 - R:localhost/127.0.0.1:58143]' for 'POST' to 'http://localhost:58143/session/1bc939ac5ea40c4a91dfe64e57f9c536/element/027aeb0e-4d25-457b-b166-d03896a3df38/clear'
21:11:20.927 [Forwarding clearElement on session 1bc939ac5ea40c4a91dfe64e57f9c536 to remote] DEBUG org.asynchttpclient.netty.request.NettyRequestSender - Using open Channel [id: 0xb20d02ea, L:/127.0.0.1:61807 - R:localhost/127.0.0.1:58143] for POST '/session/1bc939ac5ea40c4a91dfe64e57f9c536/element/027aeb0e-4d25-457b-b166-d03896a3df38/clear'
21:11:20.955 [AsyncHttpClient-1-2] DEBUG org.asynchttpclient.netty.handler.HttpHandler - 

Request DefaultHttpRequest(decodeResult: success, version: HTTP/1.1)
POST /session/1bc939ac5ea40c4a91dfe64e57f9c536/element/027aeb0e-4d25-457b-b166-d03896a3df38/clear HTTP/1.1
User-Agent: selenium/4.1.2 (java windows)
Content-Length: 50
Content-Type: application/json; charset=utf-8
host: localhost:58143
accept: */*

Response DefaultHttpResponse(decodeResult: success, version: HTTP/1.1)
HTTP/1.1 200 OK
Content-Type: application/json; charset=utf-8
cache-control: no-cache
content-length: 14

21:11:20.955 [AsyncHttpClient-1-2] DEBUG org.asynchttpclient.netty.channel.ChannelManager - Adding key: http://localhost:58143 for channel [id: 0xb20d02ea, L:/127.0.0.1:61807 - R:localhost/127.0.0.1:58143]
21:11:20.956 [Forwarding sendKeysToElement on session 1bc939ac5ea40c4a91dfe64e57f9c536 to remote] DEBUG org.asynchttpclient.netty.request.NettyRequestSender - Using pooled Channel '[id: 0xb20d02ea, L:/127.0.0.1:61807 - R:localhost/127.0.0.1:58143]' for 'POST' to 'http://localhost:58143/session/1bc939ac5ea40c4a91dfe64e57f9c536/element/027aeb0e-4d25-457b-b166-d03896a3df38/value'
21:11:20.956 [Forwarding sendKeysToElement on session 1bc939ac5ea40c4a91dfe64e57f9c536 to remote] DEBUG org.asynchttpclient.netty.request.NettyRequestSender - Using open Channel [id: 0xb20d02ea, L:/127.0.0.1:61807 - R:localhost/127.0.0.1:58143] for POST '/session/1bc939ac5ea40c4a91dfe64e57f9c536/element/027aeb0e-4d25-457b-b166-d03896a3df38/value'
21:11:21.028 [AsyncHttpClient-1-2] DEBUG org.asynchttpclient.netty.handler.HttpHandler - 

Request DefaultHttpRequest(decodeResult: success, version: HTTP/1.1)
POST /session/1bc939ac5ea40c4a91dfe64e57f9c536/element/027aeb0e-4d25-457b-b166-d03896a3df38/value HTTP/1.1
User-Agent: selenium/4.1.2 (java windows)
Content-Length: 131
Content-Type: application/json; charset=utf-8
host: localhost:58143
accept: */*

Response DefaultHttpResponse(decodeResult: success, version: HTTP/1.1)
HTTP/1.1 200 OK
Content-Type: application/json; charset=utf-8
cache-control: no-cache
content-length: 14

21:11:21.029 [AsyncHttpClient-1-2] DEBUG org.asynchttpclient.netty.channel.ChannelManager - Adding key: http://localhost:58143 for channel [id: 0xb20d02ea, L:/127.0.0.1:61807 - R:localhost/127.0.0.1:58143]
  &amp#27;[32mAnd &amp#27;[0m&amp#27;[32mI input valid nama&amp#27;[0m                                           &amp#27;[90m# starter.stepdefinitions.RegisterStep.iInputValidNama()&amp#27;[0m
21:11:21.036 [Forwarding screenshot on session 1bc939ac5ea40c4a91dfe64e57f9c536 to remote] DEBUG org.asynchttpclient.netty.request.NettyRequestSender - Using pooled Channel '[id: 0xb20d02ea, L:/127.0.0.1:61807 - R:localhost/127.0.0.1:58143]' for 'GET' to 'http://localhost:58143/session/1bc939ac5ea40c4a91dfe64e57f9c536/screenshot'
21:11:21.036 [Forwarding screenshot on session 1bc939ac5ea40c4a91dfe64e57f9c536 to remote] DEBUG org.asynchttpclient.netty.request.NettyRequestSender - Using open Channel [id: 0xb20d02ea, L:/127.0.0.1:61807 - R:localhost/127.0.0.1:58143] for GET '/session/1bc939ac5ea40c4a91dfe64e57f9c536/screenshot'
21:11:21.155 [AsyncHttpClient-1-2] DEBUG org.asynchttpclient.netty.handler.HttpHandler - 

Request DefaultFullHttpRequest(decodeResult: success, version: HTTP/1.1, content: EmptyByteBufBE)
GET /session/1bc939ac5ea40c4a91dfe64e57f9c536/screenshot HTTP/1.1
User-Agent: selenium/4.1.2 (java windows)
Cache-Control: no-cache
Content-Type: application/json; charset=utf-8
host: localhost:58143
accept: */*

Response DefaultHttpResponse(decodeResult: success, version: HTTP/1.1)
HTTP/1.1 200 OK
Content-Type: application/json; charset=utf-8
cache-control: no-cache
content-length: 28776

21:11:21.156 [AsyncHttpClient-1-2] DEBUG org.asynchttpclient.netty.channel.ChannelManager - Adding key: http://localhost:58143 for channel [id: 0xb20d02ea, L:/127.0.0.1:61807 - R:localhost/127.0.0.1:58143]
21:11:21.157 [main] DEBUG net.serenitybdd.core.photography.Darkroom - Send negative for processing for target\site\serenity\fd74db03da64f30ff39244bd9d1c5facaa0f81b8babd526ac552bfebf928fd68.png
21:11:21.159 [Darkroom Processing Line] DEBUG net.serenitybdd.core.photography.DarkroomProcessingLine - Processing screenshot image in /var/screenshots/screenshot-16236110785257763517
21:11:21.159 [Darkroom Processing Line] DEBUG net.serenitybdd.core.photography.DarkroomProcessingLine - Saving screenshot to target\site\serenity\fd74db03da64f30ff39244bd9d1c5facaa0f81b8babd526ac552bfebf928fd68.png
21:11:21.164 [Forwarding findElement on session 1bc939ac5ea40c4a91dfe64e57f9c536 to remote] DEBUG org.asynchttpclient.netty.request.NettyRequestSender - Using pooled Channel '[id: 0xb20d02ea, L:/127.0.0.1:61807 - R:localhost/127.0.0.1:58143]' for 'POST' to 'http://localhost:58143/session/1bc939ac5ea40c4a91dfe64e57f9c536/element'
21:11:21.164 [Forwarding findElement on session 1bc939ac5ea40c4a91dfe64e57f9c536 to remote] DEBUG org.asynchttpclient.netty.request.NettyRequestSender - Using open Channel [id: 0xb20d02ea, L:/127.0.0.1:61807 - R:localhost/127.0.0.1:58143] for POST '/session/1bc939ac5ea40c4a91dfe64e57f9c536/element'
21:11:21.174 [AsyncHttpClient-1-2] DEBUG org.asynchttpclient.netty.handler.HttpHandler - 

Request DefaultHttpRequest(decodeResult: success, version: HTTP/1.1)
POST /session/1bc939ac5ea40c4a91dfe64e57f9c536/element HTTP/1.1
User-Agent: selenium/4.1.2 (java windows)
Content-Length: 86
Content-Type: application/json; charset=utf-8
host: localhost:58143
accept: */*

Response DefaultHttpResponse(decodeResult: success, version: HTTP/1.1)
HTTP/1.1 200 OK
Content-Type: application/json; charset=utf-8
cache-control: no-cache
content-length: 88

21:11:21.174 [AsyncHttpClient-1-2] DEBUG org.asynchttpclient.netty.channel.ChannelManager - Adding key: http://localhost:58143 for channel [id: 0xb20d02ea, L:/127.0.0.1:61807 - R:localhost/127.0.0.1:58143]
21:11:21.175 [Forwarding clearElement on session 1bc939ac5ea40c4a91dfe64e57f9c536 to remote] DEBUG org.asynchttpclient.netty.request.NettyRequestSender - Using pooled Channel '[id: 0xb20d02ea, L:/127.0.0.1:61807 - R:localhost/127.0.0.1:58143]' for 'POST' to 'http://localhost:58143/session/1bc939ac5ea40c4a91dfe64e57f9c536/element/6a77052f-4a2a-4e0d-bd5a-596058462b6f/clear'
21:11:21.175 [Forwarding clearElement on session 1bc939ac5ea40c4a91dfe64e57f9c536 to remote] DEBUG org.asynchttpclient.netty.request.NettyRequestSender - Using open Channel [id: 0xb20d02ea, L:/127.0.0.1:61807 - R:localhost/127.0.0.1:58143] for POST '/session/1bc939ac5ea40c4a91dfe64e57f9c536/element/6a77052f-4a2a-4e0d-bd5a-596058462b6f/clear'
21:11:21.204 [AsyncHttpClient-1-2] DEBUG org.asynchttpclient.netty.handler.HttpHandler - 

Request DefaultHttpRequest(decodeResult: success, version: HTTP/1.1)
POST /session/1bc939ac5ea40c4a91dfe64e57f9c536/element/6a77052f-4a2a-4e0d-bd5a-596058462b6f/clear HTTP/1.1
User-Agent: selenium/4.1.2 (java windows)
Content-Length: 50
Content-Type: application/json; charset=utf-8
host: localhost:58143
accept: */*

Response DefaultHttpResponse(decodeResult: success, version: HTTP/1.1)
HTTP/1.1 200 OK
Content-Type: application/json; charset=utf-8
cache-control: no-cache
content-length: 14

21:11:21.204 [AsyncHttpClient-1-2] DEBUG org.asynchttpclient.netty.channel.ChannelManager - Adding key: http://localhost:58143 for channel [id: 0xb20d02ea, L:/127.0.0.1:61807 - R:localhost/127.0.0.1:58143]
21:11:21.205 [Forwarding sendKeysToElement on session 1bc939ac5ea40c4a91dfe64e57f9c536 to remote] DEBUG org.asynchttpclient.netty.request.NettyRequestSender - Using pooled Channel '[id: 0xb20d02ea, L:/127.0.0.1:61807 - R:localhost/127.0.0.1:58143]' for 'POST' to 'http://localhost:58143/session/1bc939ac5ea40c4a91dfe64e57f9c536/element/6a77052f-4a2a-4e0d-bd5a-596058462b6f/value'
21:11:21.205 [Forwarding sendKeysToElement on session 1bc939ac5ea40c4a91dfe64e57f9c536 to remote] DEBUG org.asynchttpclient.netty.request.NettyRequestSender - Using open Channel [id: 0xb20d02ea, L:/127.0.0.1:61807 - R:localhost/127.0.0.1:58143] for POST '/session/1bc939ac5ea40c4a91dfe64e57f9c536/element/6a77052f-4a2a-4e0d-bd5a-596058462b6f/value'
21:11:21.330 [AsyncHttpClient-1-2] DEBUG org.asynchttpclient.netty.handler.HttpHandler - 

Request DefaultHttpRequest(decodeResult: success, version: HTTP/1.1)
POST /session/1bc939ac5ea40c4a91dfe64e57f9c536/element/6a77052f-4a2a-4e0d-bd5a-596058462b6f/value HTTP/1.1
User-Agent: selenium/4.1.2 (java windows)
Content-Length: 351
Content-Type: application/json; charset=utf-8
host: localhost:58143
accept: */*

Response DefaultHttpResponse(decodeResult: success, version: HTTP/1.1)
HTTP/1.1 200 OK
Content-Type: application/json; charset=utf-8
cache-control: no-cache
content-length: 14

21:11:21.331 [AsyncHttpClient-1-2] DEBUG org.asynchttpclient.netty.channel.ChannelManager - Adding key: http://localhost:58143 for channel [id: 0xb20d02ea, L:/127.0.0.1:61807 - R:localhost/127.0.0.1:58143]
  &amp#27;[32mAnd &amp#27;[0m&amp#27;[32mI input valid emaill&amp#27;[0m                                         &amp#27;[90m# starter.stepdefinitions.RegisterStep.iInputvalidemaill()&amp#27;[0m
21:11:21.336 [Forwarding screenshot on session 1bc939ac5ea40c4a91dfe64e57f9c536 to remote] DEBUG org.asynchttpclient.netty.request.NettyRequestSender - Using pooled Channel '[id: 0xb20d02ea, L:/127.0.0.1:61807 - R:localhost/127.0.0.1:58143]' for 'GET' to 'http://localhost:58143/session/1bc939ac5ea40c4a91dfe64e57f9c536/screenshot'
21:11:21.336 [Forwarding screenshot on session 1bc939ac5ea40c4a91dfe64e57f9c536 to remote] DEBUG org.asynchttpclient.netty.request.NettyRequestSender - Using open Channel [id: 0xb20d02ea, L:/127.0.0.1:61807 - R:localhost/127.0.0.1:58143] for GET '/session/1bc939ac5ea40c4a91dfe64e57f9c536/screenshot'
21:11:21.498 [AsyncHttpClient-1-2] DEBUG org.asynchttpclient.netty.handler.HttpHandler - 

Request DefaultFullHttpRequest(decodeResult: success, version: HTTP/1.1, content: EmptyByteBufBE)
GET /session/1bc939ac5ea40c4a91dfe64e57f9c536/screenshot HTTP/1.1
User-Agent: selenium/4.1.2 (java windows)
Cache-Control: no-cache
Content-Type: application/json; charset=utf-8
host: localhost:58143
accept: */*

Response DefaultHttpResponse(decodeResult: success, version: HTTP/1.1)
HTTP/1.1 200 OK
Content-Type: application/json; charset=utf-8
cache-control: no-cache
content-length: 34024

21:11:21.498 [AsyncHttpClient-1-2] DEBUG org.asynchttpclient.netty.channel.ChannelManager - Adding key: http://localhost:58143 for channel [id: 0xb20d02ea, L:/127.0.0.1:61807 - R:localhost/127.0.0.1:58143]
21:11:21.500 [main] DEBUG net.serenitybdd.core.photography.Darkroom - Send negative for processing for target\site\serenity\4ef7b8928fd5fd2dd8811fb53e42a10e10657c5a32438371778640aa975bb758.png
21:11:21.500 [Darkroom Processing Line] DEBUG net.serenitybdd.core.photography.DarkroomProcessingLine - Processing screenshot image in /var/screenshots/screenshot-3657393795407937805
21:11:21.500 [Darkroom Processing Line] DEBUG net.serenitybdd.core.photography.DarkroomProcessingLine - Saving screenshot to target\site\serenity\4ef7b8928fd5fd2dd8811fb53e42a10e10657c5a32438371778640aa975bb758.png
21:11:21.506 [Forwarding findElement on session 1bc939ac5ea40c4a91dfe64e57f9c536 to remote] DEBUG org.asynchttpclient.netty.request.NettyRequestSender - Using pooled Channel '[id: 0xb20d02ea, L:/127.0.0.1:61807 - R:localhost/127.0.0.1:58143]' for 'POST' to 'http://localhost:58143/session/1bc939ac5ea40c4a91dfe64e57f9c536/element'
21:11:21.506 [Forwarding findElement on session 1bc939ac5ea40c4a91dfe64e57f9c536 to remote] DEBUG org.asynchttpclient.netty.request.NettyRequestSender - Using open Channel [id: 0xb20d02ea, L:/127.0.0.1:61807 - R:localhost/127.0.0.1:58143] for POST '/session/1bc939ac5ea40c4a91dfe64e57f9c536/element'
21:11:21.517 [AsyncHttpClient-1-2] DEBUG org.asynchttpclient.netty.handler.HttpHandler - 

Request DefaultHttpRequest(decodeResult: success, version: HTTP/1.1)
POST /session/1bc939ac5ea40c4a91dfe64e57f9c536/element HTTP/1.1
User-Agent: selenium/4.1.2 (java windows)
Content-Length: 89
Content-Type: application/json; charset=utf-8
host: localhost:58143
accept: */*

Response DefaultHttpResponse(decodeResult: success, version: HTTP/1.1)
HTTP/1.1 200 OK
Content-Type: application/json; charset=utf-8
cache-control: no-cache
content-length: 88

21:11:21.517 [AsyncHttpClient-1-2] DEBUG org.asynchttpclient.netty.channel.ChannelManager - Adding key: http://localhost:58143 for channel [id: 0xb20d02ea, L:/127.0.0.1:61807 - R:localhost/127.0.0.1:58143]
21:11:21.518 [Forwarding clearElement on session 1bc939ac5ea40c4a91dfe64e57f9c536 to remote] DEBUG org.asynchttpclient.netty.request.NettyRequestSender - Using pooled Channel '[id: 0xb20d02ea, L:/127.0.0.1:61807 - R:localhost/127.0.0.1:58143]' for 'POST' to 'http://localhost:58143/session/1bc939ac5ea40c4a91dfe64e57f9c536/element/17f9372d-a6c7-4b92-94cf-36e0738798a2/clear'
21:11:21.518 [Forwarding clearElement on session 1bc939ac5ea40c4a91dfe64e57f9c536 to remote] DEBUG org.asynchttpclient.netty.request.NettyRequestSender - Using open Channel [id: 0xb20d02ea, L:/127.0.0.1:61807 - R:localhost/127.0.0.1:58143] for POST '/session/1bc939ac5ea40c4a91dfe64e57f9c536/element/17f9372d-a6c7-4b92-94cf-36e0738798a2/clear'
21:11:21.521 [AsyncHttpClient-1-1] DEBUG org.asynchttpclient.netty.channel.DefaultChannelPool - Entry count for : http://localhost:61808 : 1
21:11:21.545 [AsyncHttpClient-1-2] DEBUG org.asynchttpclient.netty.handler.HttpHandler - 

Request DefaultHttpRequest(decodeResult: success, version: HTTP/1.1)
POST /session/1bc939ac5ea40c4a91dfe64e57f9c536/element/17f9372d-a6c7-4b92-94cf-36e0738798a2/clear HTTP/1.1
User-Agent: selenium/4.1.2 (java windows)
Content-Length: 50
Content-Type: application/json; charset=utf-8
host: localhost:58143
accept: */*

Response DefaultHttpResponse(decodeResult: success, version: HTTP/1.1)
HTTP/1.1 200 OK
Content-Type: application/json; charset=utf-8
cache-control: no-cache
content-length: 14

21:11:21.545 [AsyncHttpClient-1-2] DEBUG org.asynchttpclient.netty.channel.ChannelManager - Adding key: http://localhost:58143 for channel [id: 0xb20d02ea, L:/127.0.0.1:61807 - R:localhost/127.0.0.1:58143]
21:11:21.546 [Forwarding sendKeysToElement on session 1bc939ac5ea40c4a91dfe64e57f9c536 to remote] DEBUG org.asynchttpclient.netty.request.NettyRequestSender - Using pooled Channel '[id: 0xb20d02ea, L:/127.0.0.1:61807 - R:localhost/127.0.0.1:58143]' for 'POST' to 'http://localhost:58143/session/1bc939ac5ea40c4a91dfe64e57f9c536/element/17f9372d-a6c7-4b92-94cf-36e0738798a2/value'
21:11:21.546 [Forwarding sendKeysToElement on session 1bc939ac5ea40c4a91dfe64e57f9c536 to remote] DEBUG org.asynchttpclient.netty.request.NettyRequestSender - Using open Channel [id: 0xb20d02ea, L:/127.0.0.1:61807 - R:localhost/127.0.0.1:58143] for POST '/session/1bc939ac5ea40c4a91dfe64e57f9c536/element/17f9372d-a6c7-4b92-94cf-36e0738798a2/value'
21:11:21.577 [AsyncHttpClient-1-2] DEBUG org.asynchttpclient.netty.handler.HttpHandler - 

Request DefaultHttpRequest(decodeResult: success, version: HTTP/1.1)
POST /session/1bc939ac5ea40c4a91dfe64e57f9c536/element/17f9372d-a6c7-4b92-94cf-36e0738798a2/value HTTP/1.1
User-Agent: selenium/4.1.2 (java windows)
Content-Length: 82
Content-Type: application/json; charset=utf-8
host: localhost:58143
accept: */*

Response DefaultHttpResponse(decodeResult: success, version: HTTP/1.1)
HTTP/1.1 200 OK
Content-Type: application/json; charset=utf-8
cache-control: no-cache
content-length: 14

21:11:21.577 [AsyncHttpClient-1-2] DEBUG org.asynchttpclient.netty.channel.ChannelManager - Adding key: http://localhost:58143 for channel [id: 0xb20d02ea, L:/127.0.0.1:61807 - R:localhost/127.0.0.1:58143]
  &amp#27;[32mAnd &amp#27;[0m&amp#27;[32mI input null passwordd&amp#27;[0m                                       &amp#27;[90m# starter.stepdefinitions.RegisterStep.iInputNullPasswordd()&amp#27;[0m
21:11:21.582 [Forwarding screenshot on session 1bc939ac5ea40c4a91dfe64e57f9c536 to remote] DEBUG org.asynchttpclient.netty.request.NettyRequestSender - Using pooled Channel '[id: 0xb20d02ea, L:/127.0.0.1:61807 - R:localhost/127.0.0.1:58143]' for 'GET' to 'http://localhost:58143/session/1bc939ac5ea40c4a91dfe64e57f9c536/screenshot'
21:11:21.582 [Forwarding screenshot on session 1bc939ac5ea40c4a91dfe64e57f9c536 to remote] DEBUG org.asynchttpclient.netty.request.NettyRequestSender - Using open Channel [id: 0xb20d02ea, L:/127.0.0.1:61807 - R:localhost/127.0.0.1:58143] for GET '/session/1bc939ac5ea40c4a91dfe64e57f9c536/screenshot'
21:11:21.723 [AsyncHttpClient-1-2] DEBUG org.asynchttpclient.netty.handler.HttpHandler - 

Request DefaultFullHttpRequest(decodeResult: success, version: HTTP/1.1, content: EmptyByteBufBE)
GET /session/1bc939ac5ea40c4a91dfe64e57f9c536/screenshot HTTP/1.1
User-Agent: selenium/4.1.2 (java windows)
Cache-Control: no-cache
Content-Type: application/json; charset=utf-8
host: localhost:58143
accept: */*

Response DefaultHttpResponse(decodeResult: success, version: HTTP/1.1)
HTTP/1.1 200 OK
Content-Type: application/json; charset=utf-8
cache-control: no-cache
content-length: 33468

21:11:21.723 [AsyncHttpClient-1-2] DEBUG org.asynchttpclient.netty.channel.ChannelManager - Adding key: http://localhost:58143 for channel [id: 0xb20d02ea, L:/127.0.0.1:61807 - R:localhost/127.0.0.1:58143]
21:11:21.724 [main] DEBUG net.serenitybdd.core.photography.Darkroom - Send negative for processing for target\site\serenity\776fceb15ede0d12b95d32b89c9fa7b8e0abe644ddeec3adbf5a10b855072ddf.png
21:11:21.724 [Darkroom Processing Line] DEBUG net.serenitybdd.core.photography.DarkroomProcessingLine - Processing screenshot image in /var/screenshots/screenshot-4626865301489628472
21:11:21.724 [Darkroom Processing Line] DEBUG net.serenitybdd.core.photography.DarkroomProcessingLine - Saving screenshot to target\site\serenity\776fceb15ede0d12b95d32b89c9fa7b8e0abe644ddeec3adbf5a10b855072ddf.png
21:11:21.729 [Forwarding findElement on session 1bc939ac5ea40c4a91dfe64e57f9c536 to remote] DEBUG org.asynchttpclient.netty.request.NettyRequestSender - Using pooled Channel '[id: 0xb20d02ea, L:/127.0.0.1:61807 - R:localhost/127.0.0.1:58143]' for 'POST' to 'http://localhost:58143/session/1bc939ac5ea40c4a91dfe64e57f9c536/element'
21:11:21.729 [Forwarding findElement on session 1bc939ac5ea40c4a91dfe64e57f9c536 to remote] DEBUG org.asynchttpclient.netty.request.NettyRequestSender - Using open Channel [id: 0xb20d02ea, L:/127.0.0.1:61807 - R:localhost/127.0.0.1:58143] for POST '/session/1bc939ac5ea40c4a91dfe64e57f9c536/element'
21:11:21.740 [AsyncHttpClient-1-2] DEBUG org.asynchttpclient.netty.handler.HttpHandler - 

Request DefaultHttpRequest(decodeResult: success, version: HTTP/1.1)
POST /session/1bc939ac5ea40c4a91dfe64e57f9c536/element HTTP/1.1
User-Agent: selenium/4.1.2 (java windows)
Content-Length: 93
Content-Type: application/json; charset=utf-8
host: localhost:58143
accept: */*

Response DefaultHttpResponse(decodeResult: success, version: HTTP/1.1)
HTTP/1.1 200 OK
Content-Type: application/json; charset=utf-8
cache-control: no-cache
content-length: 88

21:11:21.740 [AsyncHttpClient-1-2] DEBUG org.asynchttpclient.netty.channel.ChannelManager - Adding key: http://localhost:58143 for channel [id: 0xb20d02ea, L:/127.0.0.1:61807 - R:localhost/127.0.0.1:58143]
21:11:21.740 [Forwarding getElementTagName on session 1bc939ac5ea40c4a91dfe64e57f9c536 to remote] DEBUG org.asynchttpclient.netty.request.NettyRequestSender - Using pooled Channel '[id: 0xb20d02ea, L:/127.0.0.1:61807 - R:localhost/127.0.0.1:58143]' for 'GET' to 'http://localhost:58143/session/1bc939ac5ea40c4a91dfe64e57f9c536/element/d24b95b2-18e4-4a0e-a268-536b0086611d/name'
21:11:21.740 [Forwarding getElementTagName on session 1bc939ac5ea40c4a91dfe64e57f9c536 to remote] DEBUG org.asynchttpclient.netty.request.NettyRequestSender - Using open Channel [id: 0xb20d02ea, L:/127.0.0.1:61807 - R:localhost/127.0.0.1:58143] for GET '/session/1bc939ac5ea40c4a91dfe64e57f9c536/element/d24b95b2-18e4-4a0e-a268-536b0086611d/name'
21:11:21.745 [AsyncHttpClient-1-2] DEBUG org.asynchttpclient.netty.handler.HttpHandler - 

Request DefaultFullHttpRequest(decodeResult: success, version: HTTP/1.1, content: EmptyByteBufBE)
GET /session/1bc939ac5ea40c4a91dfe64e57f9c536/element/d24b95b2-18e4-4a0e-a268-536b0086611d/name HTTP/1.1
User-Agent: selenium/4.1.2 (java windows)
Cache-Control: no-cache
Content-Type: application/json; charset=utf-8
host: localhost:58143
accept: */*

Response DefaultHttpResponse(decodeResult: success, version: HTTP/1.1)
HTTP/1.1 200 OK
Content-Type: application/json; charset=utf-8
cache-control: no-cache
content-length: 16

21:11:21.745 [AsyncHttpClient-1-2] DEBUG org.asynchttpclient.netty.channel.ChannelManager - Adding key: http://localhost:58143 for channel [id: 0xb20d02ea, L:/127.0.0.1:61807 - R:localhost/127.0.0.1:58143]
21:11:21.746 [Forwarding getElementTagName on session 1bc939ac5ea40c4a91dfe64e57f9c536 to remote] DEBUG org.asynchttpclient.netty.request.NettyRequestSender - Using pooled Channel '[id: 0xb20d02ea, L:/127.0.0.1:61807 - R:localhost/127.0.0.1:58143]' for 'GET' to 'http://localhost:58143/session/1bc939ac5ea40c4a91dfe64e57f9c536/element/d24b95b2-18e4-4a0e-a268-536b0086611d/name'
21:11:21.746 [Forwarding getElementTagName on session 1bc939ac5ea40c4a91dfe64e57f9c536 to remote] DEBUG org.asynchttpclient.netty.request.NettyRequestSender - Using open Channel [id: 0xb20d02ea, L:/127.0.0.1:61807 - R:localhost/127.0.0.1:58143] for GET '/session/1bc939ac5ea40c4a91dfe64e57f9c536/element/d24b95b2-18e4-4a0e-a268-536b0086611d/name'
21:11:21.750 [AsyncHttpClient-1-2] DEBUG org.asynchttpclient.netty.handler.HttpHandler - 

Request DefaultFullHttpRequest(decodeResult: success, version: HTTP/1.1, content: EmptyByteBufBE)
GET /session/1bc939ac5ea40c4a91dfe64e57f9c536/element/d24b95b2-18e4-4a0e-a268-536b0086611d/name HTTP/1.1
User-Agent: selenium/4.1.2 (java windows)
Cache-Control: no-cache
Content-Type: application/json; charset=utf-8
host: localhost:58143
accept: */*

Response DefaultHttpResponse(decodeResult: success, version: HTTP/1.1)
HTTP/1.1 200 OK
Content-Type: application/json; charset=utf-8
cache-control: no-cache
content-length: 16

21:11:21.750 [AsyncHttpClient-1-2] DEBUG org.asynchttpclient.netty.channel.ChannelManager - Adding key: http://localhost:58143 for channel [id: 0xb20d02ea, L:/127.0.0.1:61807 - R:localhost/127.0.0.1:58143]
21:11:21.751 [Forwarding findElement on session 1bc939ac5ea40c4a91dfe64e57f9c536 to remote] DEBUG org.asynchttpclient.netty.request.NettyRequestSender - Using pooled Channel '[id: 0xb20d02ea, L:/127.0.0.1:61807 - R:localhost/127.0.0.1:58143]' for 'POST' to 'http://localhost:58143/session/1bc939ac5ea40c4a91dfe64e57f9c536/element'
21:11:21.751 [Forwarding findElement on session 1bc939ac5ea40c4a91dfe64e57f9c536 to remote] DEBUG org.asynchttpclient.netty.request.NettyRequestSender - Using open Channel [id: 0xb20d02ea, L:/127.0.0.1:61807 - R:localhost/127.0.0.1:58143] for POST '/session/1bc939ac5ea40c4a91dfe64e57f9c536/element'
21:11:21.755 [AsyncHttpClient-1-2] DEBUG org.asynchttpclient.netty.handler.HttpHandler - 

Request DefaultHttpRequest(decodeResult: success, version: HTTP/1.1)
POST /session/1bc939ac5ea40c4a91dfe64e57f9c536/element HTTP/1.1
User-Agent: selenium/4.1.2 (java windows)
Content-Length: 93
Content-Type: application/json; charset=utf-8
host: localhost:58143
accept: */*

Response DefaultHttpResponse(decodeResult: success, version: HTTP/1.1)
HTTP/1.1 200 OK
Content-Type: application/json; charset=utf-8
cache-control: no-cache
content-length: 88

21:11:21.755 [AsyncHttpClient-1-2] DEBUG org.asynchttpclient.netty.channel.ChannelManager - Adding key: http://localhost:58143 for channel [id: 0xb20d02ea, L:/127.0.0.1:61807 - R:localhost/127.0.0.1:58143]
21:11:21.757 [Forwarding clickElement on session 1bc939ac5ea40c4a91dfe64e57f9c536 to remote] DEBUG org.asynchttpclient.netty.request.NettyRequestSender - Using pooled Channel '[id: 0xb20d02ea, L:/127.0.0.1:61807 - R:localhost/127.0.0.1:58143]' for 'POST' to 'http://localhost:58143/session/1bc939ac5ea40c4a91dfe64e57f9c536/element/d24b95b2-18e4-4a0e-a268-536b0086611d/click'
21:11:21.757 [Forwarding clickElement on session 1bc939ac5ea40c4a91dfe64e57f9c536 to remote] DEBUG org.asynchttpclient.netty.request.NettyRequestSender - Using open Channel [id: 0xb20d02ea, L:/127.0.0.1:61807 - R:localhost/127.0.0.1:58143] for POST '/session/1bc939ac5ea40c4a91dfe64e57f9c536/element/d24b95b2-18e4-4a0e-a268-536b0086611d/click'
21:11:21.796 [AsyncHttpClient-1-2] DEBUG org.asynchttpclient.netty.handler.HttpHandler - 

Request DefaultHttpRequest(decodeResult: success, version: HTTP/1.1)
POST /session/1bc939ac5ea40c4a91dfe64e57f9c536/element/d24b95b2-18e4-4a0e-a268-536b0086611d/click HTTP/1.1
User-Agent: selenium/4.1.2 (java windows)
Content-Length: 50
Content-Type: application/json; charset=utf-8
host: localhost:58143
accept: */*

Response DefaultHttpResponse(decodeResult: success, version: HTTP/1.1)
HTTP/1.1 200 OK
Content-Type: application/json; charset=utf-8
cache-control: no-cache
content-length: 14

21:11:21.796 [AsyncHttpClient-1-2] DEBUG org.asynchttpclient.netty.channel.ChannelManager - Adding key: http://localhost:58143 for channel [id: 0xb20d02ea, L:/127.0.0.1:61807 - R:localhost/127.0.0.1:58143]
  &amp#27;[32mAnd &amp#27;[0m&amp#27;[32mI click register iconn&amp#27;[0m                                       &amp#27;[90m# starter.stepdefinitions.RegisterStep.iClickRegisterIconn()&amp#27;[0m
21:11:21.801 [Forwarding screenshot on session 1bc939ac5ea40c4a91dfe64e57f9c536 to remote] DEBUG org.asynchttpclient.netty.request.NettyRequestSender - Using pooled Channel '[id: 0xb20d02ea, L:/127.0.0.1:61807 - R:localhost/127.0.0.1:58143]' for 'GET' to 'http://localhost:58143/session/1bc939ac5ea40c4a91dfe64e57f9c536/screenshot'
21:11:21.801 [Forwarding screenshot on session 1bc939ac5ea40c4a91dfe64e57f9c536 to remote] DEBUG org.asynchttpclient.netty.request.NettyRequestSender - Using open Channel [id: 0xb20d02ea, L:/127.0.0.1:61807 - R:localhost/127.0.0.1:58143] for GET '/session/1bc939ac5ea40c4a91dfe64e57f9c536/screenshot'
21:11:21.935 [AsyncHttpClient-1-2] DEBUG org.asynchttpclient.netty.handler.HttpHandler - 

Request DefaultFullHttpRequest(decodeResult: success, version: HTTP/1.1, content: EmptyByteBufBE)
GET /session/1bc939ac5ea40c4a91dfe64e57f9c536/screenshot HTTP/1.1
User-Agent: selenium/4.1.2 (java windows)
Cache-Control: no-cache
Content-Type: application/json; charset=utf-8
host: localhost:58143
accept: */*

Response DefaultHttpResponse(decodeResult: success, version: HTTP/1.1)
HTTP/1.1 200 OK
Content-Type: application/json; charset=utf-8
cache-control: no-cache
content-length: 33760

21:11:21.935 [AsyncHttpClient-1-2] DEBUG org.asynchttpclient.netty.channel.ChannelManager - Adding key: http://localhost:58143 for channel [id: 0xb20d02ea, L:/127.0.0.1:61807 - R:localhost/127.0.0.1:58143]
21:11:21.936 [main] DEBUG net.serenitybdd.core.photography.Darkroom - Send negative for processing for target\site\serenity\8677a344d634d0f53e9cf3bf576d81b5347652d04ff53b20ead842997b32ce37.png
21:11:21.936 [Darkroom Processing Line] DEBUG net.serenitybdd.core.photography.DarkroomProcessingLine - Processing screenshot image in /var/screenshots/screenshot-17201900799706844110
21:11:21.936 [Darkroom Processing Line] DEBUG net.serenitybdd.core.photography.DarkroomProcessingLine - Saving screenshot to target\site\serenity\8677a344d634d0f53e9cf3bf576d81b5347652d04ff53b20ead842997b32ce37.png
21:11:21.940 [Forwarding findElement on session 1bc939ac5ea40c4a91dfe64e57f9c536 to remote] DEBUG org.asynchttpclient.netty.request.NettyRequestSender - Using pooled Channel '[id: 0xb20d02ea, L:/127.0.0.1:61807 - R:localhost/127.0.0.1:58143]' for 'POST' to 'http://localhost:58143/session/1bc939ac5ea40c4a91dfe64e57f9c536/element'
21:11:21.940 [Forwarding findElement on session 1bc939ac5ea40c4a91dfe64e57f9c536 to remote] DEBUG org.asynchttpclient.netty.request.NettyRequestSender - Using open Channel [id: 0xb20d02ea, L:/127.0.0.1:61807 - R:localhost/127.0.0.1:58143] for POST '/session/1bc939ac5ea40c4a91dfe64e57f9c536/element'
21:11:22.617 [AsyncHttpClient-1-1] DEBUG org.asynchttpclient.netty.channel.DefaultChannelPool - Entry count for : http://localhost:61808 : 1
21:11:23.173 [AsyncHttpClient-1-2] DEBUG org.asynchttpclient.netty.handler.HttpHandler - 

Request DefaultHttpRequest(decodeResult: success, version: HTTP/1.1)
POST /session/1bc939ac5ea40c4a91dfe64e57f9c536/element HTTP/1.1
User-Agent: selenium/4.1.2 (java windows)
Content-Length: 148
Content-Type: application/json; charset=utf-8
host: localhost:58143
accept: */*

Response DefaultHttpResponse(decodeResult: success, version: HTTP/1.1)
HTTP/1.1 200 OK
Content-Type: application/json; charset=utf-8
cache-control: no-cache
content-length: 88

21:11:23.173 [AsyncHttpClient-1-2] DEBUG org.asynchttpclient.netty.channel.ChannelManager - Adding key: http://localhost:58143 for channel [id: 0xb20d02ea, L:/127.0.0.1:61807 - R:localhost/127.0.0.1:58143]
21:11:23.180 [Forwarding isElementDisplayed on session 1bc939ac5ea40c4a91dfe64e57f9c536 to remote] DEBUG org.asynchttpclient.netty.request.NettyRequestSender - Using pooled Channel '[id: 0xb20d02ea, L:/127.0.0.1:61807 - R:localhost/127.0.0.1:58143]' for 'POST' to 'http://localhost:58143/session/1bc939ac5ea40c4a91dfe64e57f9c536/execute/sync'
21:11:23.180 [Forwarding isElementDisplayed on session 1bc939ac5ea40c4a91dfe64e57f9c536 to remote] DEBUG org.asynchttpclient.netty.request.NettyRequestSender - Using open Channel [id: 0xb20d02ea, L:/127.0.0.1:61807 - R:localhost/127.0.0.1:58143] for POST '/session/1bc939ac5ea40c4a91dfe64e57f9c536/execute/sync'
21:11:23.197 [AsyncHttpClient-1-2] DEBUG org.asynchttpclient.netty.handler.HttpHandler - 

Request DefaultHttpRequest(decodeResult: success, version: HTTP/1.1)
POST /session/1bc939ac5ea40c4a91dfe64e57f9c536/execute/sync HTTP/1.1
User-Agent: selenium/4.1.2 (java windows)
Content-Length: 48780
Content-Type: application/json; charset=utf-8
host: localhost:58143
accept: */*

Response DefaultHttpResponse(decodeResult: success, version: HTTP/1.1)
HTTP/1.1 200 OK
Content-Type: application/json; charset=utf-8
cache-control: no-cache
content-length: 14

21:11:23.197 [AsyncHttpClient-1-2] DEBUG org.asynchttpclient.netty.channel.ChannelManager - Adding key: http://localhost:58143 for channel [id: 0xb20d02ea, L:/127.0.0.1:61807 - R:localhost/127.0.0.1:58143]
  &amp#27;[32mThen &amp#27;[0m&amp#27;[32mI will get error message nul&amp#27;[0m                                &amp#27;[90m# starter.stepdefinitions.RegisterStep.iWillGetErrorMessageNul()&amp#27;[0m
21:11:23.201 [Forwarding screenshot on session 1bc939ac5ea40c4a91dfe64e57f9c536 to remote] DEBUG org.asynchttpclient.netty.request.NettyRequestSender - Using pooled Channel '[id: 0xb20d02ea, L:/127.0.0.1:61807 - R:localhost/127.0.0.1:58143]' for 'GET' to 'http://localhost:58143/session/1bc939ac5ea40c4a91dfe64e57f9c536/screenshot'
21:11:23.201 [Forwarding screenshot on session 1bc939ac5ea40c4a91dfe64e57f9c536 to remote] DEBUG org.asynchttpclient.netty.request.NettyRequestSender - Using open Channel [id: 0xb20d02ea, L:/127.0.0.1:61807 - R:localhost/127.0.0.1:58143] for GET '/session/1bc939ac5ea40c4a91dfe64e57f9c536/screenshot'
21:11:23.360 [AsyncHttpClient-1-2] DEBUG org.asynchttpclient.netty.handler.HttpHandler - 

Request DefaultFullHttpRequest(decodeResult: success, version: HTTP/1.1, content: EmptyByteBufBE)
GET /session/1bc939ac5ea40c4a91dfe64e57f9c536/screenshot HTTP/1.1
User-Agent: selenium/4.1.2 (java windows)
Cache-Control: no-cache
Content-Type: application/json; charset=utf-8
host: localhost:58143
accept: */*

Response DefaultHttpResponse(decodeResult: success, version: HTTP/1.1)
HTTP/1.1 200 OK
Content-Type: application/json; charset=utf-8
cache-control: no-cache
content-length: 34860

21:11:23.360 [AsyncHttpClient-1-2] DEBUG org.asynchttpclient.netty.channel.ChannelManager - Adding key: http://localhost:58143 for channel [id: 0xb20d02ea, L:/127.0.0.1:61807 - R:localhost/127.0.0.1:58143]
21:11:23.361 [main] DEBUG net.serenitybdd.core.photography.Darkroom - Send negative for processing for target\site\serenity\c94c21aec7da34709119b79b072eae3f0ef82493d06980e21096d20535ee3e9e.png
21:11:23.361 [Darkroom Processing Line] DEBUG net.serenitybdd.core.photography.DarkroomProcessingLine - Processing screenshot image in /var/screenshots/screenshot-15738410163408175525
21:11:23.361 [Darkroom Processing Line] DEBUG net.serenitybdd.core.photography.DarkroomProcessingLine - Saving screenshot to target\site\serenity\c94c21aec7da34709119b79b072eae3f0ef82493d06980e21096d20535ee3e9e.png
21:11:23.362 [main] INFO  - 
  _____   ___   ___   _____     ___     _     ___   ___   ___   ___  
 |_   _| | __| / __| |_   _|   | _ \   /_\   / __| / __| | __| |   \ 
   | |   | _|  \__ \   | |     |  _/  / _ \  \__ \ \__ \ | _|  | |) |
   |_|   |___| |___/   |_|     |_|   /_/ \_\ |___/ |___/ |___| |___/ 

Register with valid nama, valid email, and null password
----------------------------------------------------------------------
21:11:23.363 [AsyncHttpClient-1-4] DEBUG org.asynchttpclient.netty.handler.WebSocketHandler - Channel Closed: [id: 0x9c318c3b, L:/127.0.0.1:61815 ! R:localhost/127.0.0.1:61808] with attribute NettyResponseFuture{currentRetry=5,
	isDone=1,
	isCancelled=0,
	asyncHandler=org.asynchttpclient.ws.WebSocketUpgradeHandler@789c3047,
	nettyRequest=org.asynchttpclient.netty.request.NettyRequest@3577e936,
	future=java.util.concurrent.CompletableFuture@6294eea9[Completed normally],
	uri=ws://localhost:61808/devtools/browser/2bd3d1fd-b646-4605-b245-83b08688660a,
	keepAlive=true,
	redirectCount=0,
	timeoutsHolder=null,
	inAuth=0,
	touch=1667916679791}
21:11:23.363 [AsyncHttpClient-1-4] DEBUG org.asynchttpclient.netty.channel.ChannelManager - Closing Channel [id: 0x9c318c3b, L:/127.0.0.1:61815 ! R:localhost/127.0.0.1:61808] 
21:11:23.363 [Driver Command Executor] DEBUG org.asynchttpclient.netty.request.NettyRequestSender - Using pooled Channel '[id: 0xb20d02ea, L:/127.0.0.1:61807 - R:localhost/127.0.0.1:58143]' for 'DELETE' to 'http://localhost:58143/session/1bc939ac5ea40c4a91dfe64e57f9c536'
21:11:23.364 [Driver Command Executor] DEBUG org.asynchttpclient.netty.request.NettyRequestSender - Using open Channel [id: 0xb20d02ea, L:/127.0.0.1:61807 - R:localhost/127.0.0.1:58143] for DELETE '/session/1bc939ac5ea40c4a91dfe64e57f9c536'
21:11:23.398 [AsyncHttpClient-1-3] DEBUG org.asynchttpclient.netty.handler.HttpHandler - Unexpected I/O exception on channel [id: 0x6a265870, L:/127.0.0.1:61814 - R:localhost/127.0.0.1:61808]
java.io.IOException: An existing connection was forcibly closed by the remote host
	at java.base/sun.nio.ch.SocketDispatcher.read0(Native Method)
	at java.base/sun.nio.ch.SocketDispatcher.read(SocketDispatcher.java:43)
	at java.base/sun.nio.ch.IOUtil.readIntoNativeBuffer(IOUtil.java:276)
	at java.base/sun.nio.ch.IOUtil.read(IOUtil.java:233)
	at java.base/sun.nio.ch.IOUtil.read(IOUtil.java:223)
	at java.base/sun.nio.ch.SocketChannelImpl.read(SocketChannelImpl.java:358)
	at io.netty.buffer.PooledByteBuf.setBytes(PooledByteBuf.java:258)
	at io.netty.buffer.AbstractByteBuf.writeBytes(AbstractByteBuf.java:1132)
	at io.netty.channel.socket.nio.NioSocketChannel.doReadBytes(NioSocketChannel.java:350)
	at io.netty.channel.nio.AbstractNioByteChannel$NioByteUnsafe.read(AbstractNioByteChannel.java:151)
	at io.netty.channel.nio.NioEventLoop.processSelectedKey(NioEventLoop.java:722)
	at io.netty.channel.nio.NioEventLoop.processSelectedKeysOptimized(NioEventLoop.java:658)
	at io.netty.channel.nio.NioEventLoop.processSelectedKeys(NioEventLoop.java:584)
	at io.netty.channel.nio.NioEventLoop.run(NioEventLoop.java:496)
	at io.netty.util.concurrent.SingleThreadEventExecutor$4.run(SingleThreadEventExecutor.java:986)
	at io.netty.util.internal.ThreadExecutorMap$2.run(ThreadExecutorMap.java:74)
	at io.netty.util.concurrent.FastThreadLocalRunnable.run(FastThreadLocalRunnable.java:30)
	at java.base/java.lang.Thread.run(Thread.java:834)
21:11:23.398 [AsyncHttpClient-1-3] DEBUG org.asynchttpclient.netty.channel.ChannelManager - Closing Channel [id: 0x6a265870, L:/127.0.0.1:61814 - R:localhost/127.0.0.1:61808] 
21:11:23.399 [AsyncHttpClient-1-3] DEBUG org.asynchttpclient.netty.handler.HttpHandler - Channel Closed: [id: 0x6a265870, L:/127.0.0.1:61814 ! R:localhost/127.0.0.1:61808] with attribute DISCARD
21:11:23.416 [AsyncHttpClient-1-2] DEBUG org.asynchttpclient.netty.handler.HttpHandler - 

Request DefaultFullHttpRequest(decodeResult: success, version: HTTP/1.1, content: EmptyByteBufBE)
DELETE /session/1bc939ac5ea40c4a91dfe64e57f9c536 HTTP/1.1
User-Agent: selenium/4.1.2 (java windows)
Content-Type: application/json; charset=utf-8
host: localhost:58143
accept: */*

Response DefaultHttpResponse(decodeResult: success, version: HTTP/1.1)
HTTP/1.1 200 OK
Content-Type: application/json; charset=utf-8
cache-control: no-cache
content-length: 14

21:11:23.416 [AsyncHttpClient-1-2] DEBUG org.asynchttpclient.netty.channel.ChannelManager - Adding key: http://localhost:58143 for channel [id: 0xb20d02ea, L:/127.0.0.1:61807 - R:localhost/127.0.0.1:58143]
21:11:23.456 [AsyncHttpClient-1-2] DEBUG org.asynchttpclient.netty.handler.HttpHandler - Channel Closed: [id: 0xb20d02ea, L:/127.0.0.1:61807 ! R:localhost/127.0.0.1:58143] with attribute DISCARD
]]></system-out>
    <system-err><![CDATA[Starting ChromeDriver 106.0.5249.61 (511755355844955cd3e264779baf0dd38212a4d0-refs/branch-heads/5249@{#569}) on port 58143
Only local connections are allowed.
Please see https://chromedriver.chromium.org/security-considerations for suggestions on keeping ChromeDriver safe.
ChromeDriver was started successfully.
[1667916679.764][WARNING]: This version of ChromeDriver has not been tested with Chrome version 107.
Nov 08, 2022 9:11:19 PM org.openqa.selenium.remote.ProtocolHandshake createSession
INFO: Detected dialect: W3C
Nov 08, 2022 9:11:19 PM org.openqa.selenium.devtools.CdpVersionFinder findNearestMatch
WARNING: Unable to find an exact match for CDP version 107, so returning the closest version found: a no-op implementation
Nov 08, 2022 9:11:19 PM org.openqa.selenium.devtools.CdpVersionFinder findNearestMatch
INFO: Unable to find CDP implementation matching 107.
Nov 08, 2022 9:11:19 PM org.openqa.selenium.chromium.ChromiumDriver lambda$new$3
WARNING: Unable to find version of CDP to use for . You may need to include a dependency on a specific version of the CDP using something similar to `org.seleniumhq.selenium:selenium-devtools-v86:4.1.2` where the version ("v86") matches the version of the chromium-based browser you're using and the version number of the artifact is the same as Selenium's.
]]></system-err>
  </testcase>
  <testcase name="Register with null nama, null email, and valid password" classname="Register" time="4.497">
    <system-out><![CDATA[
@Register
Scenario: Register with null nama, null email, and valid password &amp#27;[90m# src/test/resources/features/register.feature:34&amp#27;[0m
21:11:23.493 [main] INFO io.cucumber.core.plugin.SerenityReporter - Running feature from file:///D:/miniproject/webtesting/src/test/resources/features/register.feature
21:11:23.495 [main] INFO  - 
  _____   ___   ___   _____     ___   _____     _     ___   _____   ___   ___  
 |_   _| | __| / __| |_   _|   / __| |_   _|   /_\   | _ \ |_   _| | __| |   \ 
   | |   | _|  \__ \   | |     \__ \   | |    / _ \  |   /   | |   | _|  | |) |
   |_|   |___| |___/   |_|     |___/   |_|   /_/ \_\ |_|_\   |_|   |___| |___/ 

Register with null nama, null email, and valid password(register;register-with-null-nama--null-email--and-valid-password)
--------------------------------------------------------------------------------
21:11:23.511 [main] INFO net.serenitybdd.core.webdriver.driverproviders.ChromeDriverProvider - Using automatically driver download
21:11:23.607 [main] DEBUG io.github.bonigarcia.wdm.cache.ResolutionCache - Resolution chrome=107 in cache (valid until 22:09:52 08/11/2022 ICT)
21:11:23.611 [main] DEBUG io.github.bonigarcia.wdm.cache.ResolutionCache - Resolution chrome107=107.0.5304.62 in cache (valid until 21:09:52 09/11/2022 ICT)
21:11:23.612 [main] INFO io.github.bonigarcia.wdm.WebDriverManager - Using chromedriver 107.0.5304.62 (resolved driver for Chrome 107)
21:11:23.620 [main] DEBUG io.github.bonigarcia.wdm.WebDriverManager - Driver chromedriver 107.0.5304.62 found in cache
21:11:23.620 [main] INFO io.github.bonigarcia.wdm.WebDriverManager - Exporting webdriver.chrome.driver as C:\Users\Yusuf Efendi\.cache\selenium\chromedriver\win32\107.0.5304.62\chromedriver.exe
21:11:23.709 [main] DEBUG net.serenitybdd.core.webdriver.driverproviders.ProvideNewDriver - Instantiating driver
21:11:23.710 [main] DEBUG net.serenitybdd.core.webdriver.driverproviders.ProvideNewDriver - Driver capabilities: Capabilities {acceptInsecureCerts: false, base.url: https://alta-shop.vercel.app, browserName: chrome, chrome.driver: src/test/resources/webdrive..., driver: chrome, goog:chromeOptions: {args: [], extensions: []}, wait.for.timeout: 7000}
21:11:23.721 [AsyncHttpClient-1-1] DEBUG org.asynchttpclient.netty.channel.DefaultChannelPool - Entry count for : http://localhost:58143 : 1
21:11:23.721 [AsyncHttpClient-1-1] DEBUG org.asynchttpclient.netty.channel.DefaultChannelPool - Entry count for : http://localhost:61808 : 1
21:11:23.721 [AsyncHttpClient-1-1] DEBUG org.asynchttpclient.netty.channel.DefaultChannelPool - Adding Candidate expired Channel [id: 0xb20d02ea, L:/127.0.0.1:61807 ! R:localhost/127.0.0.1:58143] isIdleTimeoutExpired=false isRemotelyClosed=true isTtlExpired=false
21:11:23.721 [AsyncHttpClient-1-1] DEBUG org.asynchttpclient.netty.channel.DefaultChannelPool - Closing Idle Channel [id: 0xb20d02ea, L:/127.0.0.1:61807 ! R:localhost/127.0.0.1:58143]
21:11:23.721 [AsyncHttpClient-1-1] DEBUG org.asynchttpclient.netty.channel.DefaultChannelPool - Adding Candidate expired Channel [id: 0x6a265870, L:/127.0.0.1:61814 ! R:localhost/127.0.0.1:61808] isIdleTimeoutExpired=false isRemotelyClosed=true isTtlExpired=false
21:11:23.721 [AsyncHttpClient-1-1] DEBUG org.asynchttpclient.netty.channel.DefaultChannelPool - Closing Idle Channel [id: 0x6a265870, L:/127.0.0.1:61814 ! R:localhost/127.0.0.1:61808]
21:11:23.721 [AsyncHttpClient-1-1] DEBUG org.asynchttpclient.netty.channel.DefaultChannelPool - Closed 2 connections out of 2 in 0 ms
21:11:23.804 [AsyncHttpClient-1-5] DEBUG org.asynchttpclient.netty.channel.NettyConnectListener - Using new Channel '[id: 0x04925c31, L:/127.0.0.1:61831 - R:localhost/127.0.0.1:58146]' for 'POST' to '/session'
21:11:24.432 [AsyncHttpClient-1-5] DEBUG org.asynchttpclient.netty.handler.HttpHandler - 

Request DefaultHttpRequest(decodeResult: success, version: HTTP/1.1)
POST /session HTTP/1.1
User-Agent: selenium/4.1.2 (java windows)
Content-Length: 639
Content-Type: application/json; charset=utf-8
host: localhost:58146
accept: */*

Response DefaultHttpResponse(decodeResult: success, version: HTTP/1.1)
HTTP/1.1 200 OK
Content-Type: application/json; charset=utf-8
cache-control: no-cache
content-length: 792

21:11:24.432 [AsyncHttpClient-1-5] DEBUG org.asynchttpclient.netty.channel.ChannelManager - Adding key: http://localhost:58146 for channel [id: 0x04925c31, L:/127.0.0.1:61831 - R:localhost/127.0.0.1:58146]
21:11:24.436 [AsyncHttpClient-1-6] DEBUG org.asynchttpclient.netty.channel.NettyConnectListener - Using new Channel '[id: 0xdb05457a, L:/127.0.0.1:61838 - R:localhost/127.0.0.1:61832]' for 'GET' to '/json/version'
21:11:24.436 [AsyncHttpClient-1-6] DEBUG org.asynchttpclient.netty.handler.HttpHandler - 

Request DefaultFullHttpRequest(decodeResult: success, version: HTTP/1.1, content: EmptyByteBufBE)
GET /json/version HTTP/1.1
User-Agent: selenium/4.1.2 (java windows)
host: localhost:61832
accept: */*

Response DefaultHttpResponse(decodeResult: success, version: HTTP/1.1)
HTTP/1.1 200 OK
Content-Type: application/json; charset=UTF-8
content-length: 423

21:11:24.436 [AsyncHttpClient-1-6] DEBUG org.asynchttpclient.netty.channel.ChannelManager - Adding key: http://localhost:61832 for channel [id: 0xdb05457a, L:/127.0.0.1:61838 - R:localhost/127.0.0.1:61832]
21:11:24.438 [AsyncHttpClient-1-7] DEBUG org.asynchttpclient.netty.channel.NettyConnectListener - Using new Channel '[id: 0x68c1754f, L:/127.0.0.1:61839 - R:localhost/127.0.0.1:61832]' for 'GET' to '/devtools/browser/cde702ce-de41-402c-a0d4-7eb9e5d70636'
21:11:24.438 [AsyncHttpClient-1-7] DEBUG org.asynchttpclient.netty.handler.WebSocketHandler - 

Request DefaultFullHttpRequest(decodeResult: success, version: HTTP/1.1, content: EmptyByteBufBE)
GET /devtools/browser/cde702ce-de41-402c-a0d4-7eb9e5d70636 HTTP/1.1
upgrade: websocket
connection: upgrade
sec-websocket-key: BBoTFGXvoI2ecbodDeXK3w==
sec-websocket-version: 13
origin: http://localhost:61832
host: localhost:61832
accept: */*
user-agent: AHC/2.1

Response DefaultHttpResponse(decodeResult: success, version: HTTP/1.1)
HTTP/1.1 101 WebSocket Protocol Handshake
Upgrade: WebSocket
Connection: Upgrade
Sec-WebSocket-Accept: iWLQn0fHbwHZjUPH9uM4TvUPbYQ=

21:11:24.440 [Forwarding get on session e9040969eed8c9cfe2868fdcfaaf25c5 to remote] DEBUG org.asynchttpclient.netty.request.NettyRequestSender - Using pooled Channel '[id: 0x04925c31, L:/127.0.0.1:61831 - R:localhost/127.0.0.1:58146]' for 'POST' to 'http://localhost:58146/session/e9040969eed8c9cfe2868fdcfaaf25c5/url'
21:11:24.440 [Forwarding get on session e9040969eed8c9cfe2868fdcfaaf25c5 to remote] DEBUG org.asynchttpclient.netty.request.NettyRequestSender - Using open Channel [id: 0x04925c31, L:/127.0.0.1:61831 - R:localhost/127.0.0.1:58146] for POST '/session/e9040969eed8c9cfe2868fdcfaaf25c5/url'
21:11:24.822 [AsyncHttpClient-1-1] DEBUG org.asynchttpclient.netty.channel.DefaultChannelPool - Entry count for : http://localhost:61832 : 1
21:11:25.043 [AsyncHttpClient-1-5] DEBUG org.asynchttpclient.netty.handler.HttpHandler - 

Request DefaultHttpRequest(decodeResult: success, version: HTTP/1.1)
POST /session/e9040969eed8c9cfe2868fdcfaaf25c5/url HTTP/1.1
User-Agent: selenium/4.1.2 (java windows)
Content-Length: 74
Content-Type: application/json; charset=utf-8
host: localhost:58146
accept: */*

Response DefaultHttpResponse(decodeResult: success, version: HTTP/1.1)
HTTP/1.1 200 OK
Content-Type: application/json; charset=utf-8
cache-control: no-cache
content-length: 14

21:11:25.043 [AsyncHttpClient-1-5] DEBUG org.asynchttpclient.netty.channel.ChannelManager - Adding key: http://localhost:58146 for channel [id: 0x04925c31, L:/127.0.0.1:61831 - R:localhost/127.0.0.1:58146]
21:11:25.044 [Forwarding setTimeout on session e9040969eed8c9cfe2868fdcfaaf25c5 to remote] DEBUG org.asynchttpclient.netty.request.NettyRequestSender - Using pooled Channel '[id: 0x04925c31, L:/127.0.0.1:61831 - R:localhost/127.0.0.1:58146]' for 'POST' to 'http://localhost:58146/session/e9040969eed8c9cfe2868fdcfaaf25c5/timeouts'
21:11:25.044 [Forwarding setTimeout on session e9040969eed8c9cfe2868fdcfaaf25c5 to remote] DEBUG org.asynchttpclient.netty.request.NettyRequestSender - Using open Channel [id: 0x04925c31, L:/127.0.0.1:61831 - R:localhost/127.0.0.1:58146] for POST '/session/e9040969eed8c9cfe2868fdcfaaf25c5/timeouts'
21:11:25.045 [AsyncHttpClient-1-5] DEBUG org.asynchttpclient.netty.handler.HttpHandler - 

Request DefaultHttpRequest(decodeResult: success, version: HTTP/1.1)
POST /session/e9040969eed8c9cfe2868fdcfaaf25c5/timeouts HTTP/1.1
User-Agent: selenium/4.1.2 (java windows)
Content-Length: 22
Content-Type: application/json; charset=utf-8
host: localhost:58146
accept: */*

Response DefaultHttpResponse(decodeResult: success, version: HTTP/1.1)
HTTP/1.1 200 OK
Content-Type: application/json; charset=utf-8
cache-control: no-cache
content-length: 14

21:11:25.045 [AsyncHttpClient-1-5] DEBUG org.asynchttpclient.netty.channel.ChannelManager - Adding key: http://localhost:58146 for channel [id: 0x04925c31, L:/127.0.0.1:61831 - R:localhost/127.0.0.1:58146]
21:11:25.049 [Forwarding getCurrentUrl on session e9040969eed8c9cfe2868fdcfaaf25c5 to remote] DEBUG org.asynchttpclient.netty.request.NettyRequestSender - Using pooled Channel '[id: 0x04925c31, L:/127.0.0.1:61831 - R:localhost/127.0.0.1:58146]' for 'GET' to 'http://localhost:58146/session/e9040969eed8c9cfe2868fdcfaaf25c5/url'
21:11:25.050 [Forwarding getCurrentUrl on session e9040969eed8c9cfe2868fdcfaaf25c5 to remote] DEBUG org.asynchttpclient.netty.request.NettyRequestSender - Using open Channel [id: 0x04925c31, L:/127.0.0.1:61831 - R:localhost/127.0.0.1:58146] for GET '/session/e9040969eed8c9cfe2868fdcfaaf25c5/url'
21:11:25.068 [AsyncHttpClient-1-5] DEBUG org.asynchttpclient.netty.handler.HttpHandler - 

Request DefaultFullHttpRequest(decodeResult: success, version: HTTP/1.1, content: EmptyByteBufBE)
GET /session/e9040969eed8c9cfe2868fdcfaaf25c5/url HTTP/1.1
User-Agent: selenium/4.1.2 (java windows)
Cache-Control: no-cache
Content-Type: application/json; charset=utf-8
host: localhost:58146
accept: */*

Response DefaultHttpResponse(decodeResult: success, version: HTTP/1.1)
HTTP/1.1 200 OK
Content-Type: application/json; charset=utf-8
cache-control: no-cache
content-length: 51

21:11:25.068 [AsyncHttpClient-1-5] DEBUG org.asynchttpclient.netty.channel.ChannelManager - Adding key: http://localhost:58146 for channel [id: 0x04925c31, L:/127.0.0.1:61831 - R:localhost/127.0.0.1:58146]
  &amp#27;[32mGiven &amp#27;[0m&amp#27;[32mI am on the login pagee&amp#27;[0m                                   &amp#27;[90m# starter.stepdefinitions.RegisterStep.iAmOnTheLoginPagee()&amp#27;[0m
21:11:25.075 [Forwarding screenshot on session e9040969eed8c9cfe2868fdcfaaf25c5 to remote] DEBUG org.asynchttpclient.netty.request.NettyRequestSender - Using pooled Channel '[id: 0x04925c31, L:/127.0.0.1:61831 - R:localhost/127.0.0.1:58146]' for 'GET' to 'http://localhost:58146/session/e9040969eed8c9cfe2868fdcfaaf25c5/screenshot'
21:11:25.075 [Forwarding screenshot on session e9040969eed8c9cfe2868fdcfaaf25c5 to remote] DEBUG org.asynchttpclient.netty.request.NettyRequestSender - Using open Channel [id: 0x04925c31, L:/127.0.0.1:61831 - R:localhost/127.0.0.1:58146] for GET '/session/e9040969eed8c9cfe2868fdcfaaf25c5/screenshot'
21:11:25.313 [AsyncHttpClient-1-5] DEBUG org.asynchttpclient.netty.handler.HttpHandler - 

Request DefaultFullHttpRequest(decodeResult: success, version: HTTP/1.1, content: EmptyByteBufBE)
GET /session/e9040969eed8c9cfe2868fdcfaaf25c5/screenshot HTTP/1.1
User-Agent: selenium/4.1.2 (java windows)
Cache-Control: no-cache
Content-Type: application/json; charset=utf-8
host: localhost:58146
accept: */*

Response DefaultHttpResponse(decodeResult: success, version: HTTP/1.1)
HTTP/1.1 200 OK
Content-Type: application/json; charset=utf-8
cache-control: no-cache
content-length: 22956

21:11:25.314 [AsyncHttpClient-1-5] DEBUG org.asynchttpclient.netty.channel.ChannelManager - Adding key: http://localhost:58146 for channel [id: 0x04925c31, L:/127.0.0.1:61831 - R:localhost/127.0.0.1:58146]
21:11:25.314 [main] DEBUG net.serenitybdd.core.photography.Darkroom - Send negative for processing for target\site\serenity\aee116daef9f70687dbaee6bc527f5648618468770bbd8309c15c6b66fad3d98.png
21:11:25.320 [Forwarding findElement on session e9040969eed8c9cfe2868fdcfaaf25c5 to remote] DEBUG org.asynchttpclient.netty.request.NettyRequestSender - Using pooled Channel '[id: 0x04925c31, L:/127.0.0.1:61831 - R:localhost/127.0.0.1:58146]' for 'POST' to 'http://localhost:58146/session/e9040969eed8c9cfe2868fdcfaaf25c5/element'
21:11:25.320 [Forwarding findElement on session e9040969eed8c9cfe2868fdcfaaf25c5 to remote] DEBUG org.asynchttpclient.netty.request.NettyRequestSender - Using open Channel [id: 0x04925c31, L:/127.0.0.1:61831 - R:localhost/127.0.0.1:58146] for POST '/session/e9040969eed8c9cfe2868fdcfaaf25c5/element'
21:11:25.332 [AsyncHttpClient-1-5] DEBUG org.asynchttpclient.netty.handler.HttpHandler - 

Request DefaultHttpRequest(decodeResult: success, version: HTTP/1.1)
POST /session/e9040969eed8c9cfe2868fdcfaaf25c5/element HTTP/1.1
User-Agent: selenium/4.1.2 (java windows)
Content-Length: 80
Content-Type: application/json; charset=utf-8
host: localhost:58146
accept: */*

Response DefaultHttpResponse(decodeResult: success, version: HTTP/1.1)
HTTP/1.1 200 OK
Content-Type: application/json; charset=utf-8
cache-control: no-cache
content-length: 88

21:11:25.332 [AsyncHttpClient-1-5] DEBUG org.asynchttpclient.netty.channel.ChannelManager - Adding key: http://localhost:58146 for channel [id: 0x04925c31, L:/127.0.0.1:61831 - R:localhost/127.0.0.1:58146]
21:11:25.333 [Forwarding getElementTagName on session e9040969eed8c9cfe2868fdcfaaf25c5 to remote] DEBUG org.asynchttpclient.netty.request.NettyRequestSender - Using pooled Channel '[id: 0x04925c31, L:/127.0.0.1:61831 - R:localhost/127.0.0.1:58146]' for 'GET' to 'http://localhost:58146/session/e9040969eed8c9cfe2868fdcfaaf25c5/element/2602c518-ceec-4b7f-8df4-bb26bf5f4685/name'
21:11:25.333 [Forwarding getElementTagName on session e9040969eed8c9cfe2868fdcfaaf25c5 to remote] DEBUG org.asynchttpclient.netty.request.NettyRequestSender - Using open Channel [id: 0x04925c31, L:/127.0.0.1:61831 - R:localhost/127.0.0.1:58146] for GET '/session/e9040969eed8c9cfe2868fdcfaaf25c5/element/2602c518-ceec-4b7f-8df4-bb26bf5f4685/name'
21:11:25.337 [AsyncHttpClient-1-5] DEBUG org.asynchttpclient.netty.handler.HttpHandler - 

Request DefaultFullHttpRequest(decodeResult: success, version: HTTP/1.1, content: EmptyByteBufBE)
GET /session/e9040969eed8c9cfe2868fdcfaaf25c5/element/2602c518-ceec-4b7f-8df4-bb26bf5f4685/name HTTP/1.1
User-Agent: selenium/4.1.2 (java windows)
Cache-Control: no-cache
Content-Type: application/json; charset=utf-8
host: localhost:58146
accept: */*

Response DefaultHttpResponse(decodeResult: success, version: HTTP/1.1)
HTTP/1.1 200 OK
Content-Type: application/json; charset=utf-8
cache-control: no-cache
content-length: 13

21:11:25.338 [AsyncHttpClient-1-5] DEBUG org.asynchttpclient.netty.channel.ChannelManager - Adding key: http://localhost:58146 for channel [id: 0x04925c31, L:/127.0.0.1:61831 - R:localhost/127.0.0.1:58146]
21:11:25.338 [Forwarding getElementTagName on session e9040969eed8c9cfe2868fdcfaaf25c5 to remote] DEBUG org.asynchttpclient.netty.request.NettyRequestSender - Using pooled Channel '[id: 0x04925c31, L:/127.0.0.1:61831 - R:localhost/127.0.0.1:58146]' for 'GET' to 'http://localhost:58146/session/e9040969eed8c9cfe2868fdcfaaf25c5/element/2602c518-ceec-4b7f-8df4-bb26bf5f4685/name'
21:11:25.338 [Forwarding getElementTagName on session e9040969eed8c9cfe2868fdcfaaf25c5 to remote] DEBUG org.asynchttpclient.netty.request.NettyRequestSender - Using open Channel [id: 0x04925c31, L:/127.0.0.1:61831 - R:localhost/127.0.0.1:58146] for GET '/session/e9040969eed8c9cfe2868fdcfaaf25c5/element/2602c518-ceec-4b7f-8df4-bb26bf5f4685/name'
21:11:25.342 [AsyncHttpClient-1-5] DEBUG org.asynchttpclient.netty.handler.HttpHandler - 

Request DefaultFullHttpRequest(decodeResult: success, version: HTTP/1.1, content: EmptyByteBufBE)
GET /session/e9040969eed8c9cfe2868fdcfaaf25c5/element/2602c518-ceec-4b7f-8df4-bb26bf5f4685/name HTTP/1.1
User-Agent: selenium/4.1.2 (java windows)
Cache-Control: no-cache
Content-Type: application/json; charset=utf-8
host: localhost:58146
accept: */*

Response DefaultHttpResponse(decodeResult: success, version: HTTP/1.1)
HTTP/1.1 200 OK
Content-Type: application/json; charset=utf-8
cache-control: no-cache
content-length: 13

21:11:25.342 [AsyncHttpClient-1-5] DEBUG org.asynchttpclient.netty.channel.ChannelManager - Adding key: http://localhost:58146 for channel [id: 0x04925c31, L:/127.0.0.1:61831 - R:localhost/127.0.0.1:58146]
21:11:25.343 [Forwarding findElement on session e9040969eed8c9cfe2868fdcfaaf25c5 to remote] DEBUG org.asynchttpclient.netty.request.NettyRequestSender - Using pooled Channel '[id: 0x04925c31, L:/127.0.0.1:61831 - R:localhost/127.0.0.1:58146]' for 'POST' to 'http://localhost:58146/session/e9040969eed8c9cfe2868fdcfaaf25c5/element'
21:11:25.343 [Forwarding findElement on session e9040969eed8c9cfe2868fdcfaaf25c5 to remote] DEBUG org.asynchttpclient.netty.request.NettyRequestSender - Using open Channel [id: 0x04925c31, L:/127.0.0.1:61831 - R:localhost/127.0.0.1:58146] for POST '/session/e9040969eed8c9cfe2868fdcfaaf25c5/element'
21:11:25.349 [AsyncHttpClient-1-5] DEBUG org.asynchttpclient.netty.handler.HttpHandler - 

Request DefaultHttpRequest(decodeResult: success, version: HTTP/1.1)
POST /session/e9040969eed8c9cfe2868fdcfaaf25c5/element HTTP/1.1
User-Agent: selenium/4.1.2 (java windows)
Content-Length: 80
Content-Type: application/json; charset=utf-8
host: localhost:58146
accept: */*

Response DefaultHttpResponse(decodeResult: success, version: HTTP/1.1)
HTTP/1.1 200 OK
Content-Type: application/json; charset=utf-8
cache-control: no-cache
content-length: 88

21:11:25.349 [AsyncHttpClient-1-5] DEBUG org.asynchttpclient.netty.channel.ChannelManager - Adding key: http://localhost:58146 for channel [id: 0x04925c31, L:/127.0.0.1:61831 - R:localhost/127.0.0.1:58146]
21:11:25.350 [Forwarding clickElement on session e9040969eed8c9cfe2868fdcfaaf25c5 to remote] DEBUG org.asynchttpclient.netty.request.NettyRequestSender - Using pooled Channel '[id: 0x04925c31, L:/127.0.0.1:61831 - R:localhost/127.0.0.1:58146]' for 'POST' to 'http://localhost:58146/session/e9040969eed8c9cfe2868fdcfaaf25c5/element/2602c518-ceec-4b7f-8df4-bb26bf5f4685/click'
21:11:25.350 [Forwarding clickElement on session e9040969eed8c9cfe2868fdcfaaf25c5 to remote] DEBUG org.asynchttpclient.netty.request.NettyRequestSender - Using open Channel [id: 0x04925c31, L:/127.0.0.1:61831 - R:localhost/127.0.0.1:58146] for POST '/session/e9040969eed8c9cfe2868fdcfaaf25c5/element/2602c518-ceec-4b7f-8df4-bb26bf5f4685/click'
21:11:25.393 [AsyncHttpClient-1-5] DEBUG org.asynchttpclient.netty.handler.HttpHandler - 

Request DefaultHttpRequest(decodeResult: success, version: HTTP/1.1)
POST /session/e9040969eed8c9cfe2868fdcfaaf25c5/element/2602c518-ceec-4b7f-8df4-bb26bf5f4685/click HTTP/1.1
User-Agent: selenium/4.1.2 (java windows)
Content-Length: 50
Content-Type: application/json; charset=utf-8
host: localhost:58146
accept: */*

Response DefaultHttpResponse(decodeResult: success, version: HTTP/1.1)
HTTP/1.1 200 OK
Content-Type: application/json; charset=utf-8
cache-control: no-cache
content-length: 14

21:11:25.393 [AsyncHttpClient-1-5] DEBUG org.asynchttpclient.netty.channel.ChannelManager - Adding key: http://localhost:58146 for channel [id: 0x04925c31, L:/127.0.0.1:61831 - R:localhost/127.0.0.1:58146]
  &amp#27;[32mWhen &amp#27;[0m&amp#27;[32mI click register buttonn&amp#27;[0m                                   &amp#27;[90m# starter.stepdefinitions.RegisterStep.iClickRegisterButtonn()&amp#27;[0m
21:11:25.400 [Forwarding screenshot on session e9040969eed8c9cfe2868fdcfaaf25c5 to remote] DEBUG org.asynchttpclient.netty.request.NettyRequestSender - Using pooled Channel '[id: 0x04925c31, L:/127.0.0.1:61831 - R:localhost/127.0.0.1:58146]' for 'GET' to 'http://localhost:58146/session/e9040969eed8c9cfe2868fdcfaaf25c5/screenshot'
21:11:25.400 [Forwarding screenshot on session e9040969eed8c9cfe2868fdcfaaf25c5 to remote] DEBUG org.asynchttpclient.netty.request.NettyRequestSender - Using open Channel [id: 0x04925c31, L:/127.0.0.1:61831 - R:localhost/127.0.0.1:58146] for GET '/session/e9040969eed8c9cfe2868fdcfaaf25c5/screenshot'
21:11:25.514 [AsyncHttpClient-1-5] DEBUG org.asynchttpclient.netty.handler.HttpHandler - 

Request DefaultFullHttpRequest(decodeResult: success, version: HTTP/1.1, content: EmptyByteBufBE)
GET /session/e9040969eed8c9cfe2868fdcfaaf25c5/screenshot HTTP/1.1
User-Agent: selenium/4.1.2 (java windows)
Cache-Control: no-cache
Content-Type: application/json; charset=utf-8
host: localhost:58146
accept: */*

Response DefaultHttpResponse(decodeResult: success, version: HTTP/1.1)
HTTP/1.1 200 OK
Content-Type: application/json; charset=utf-8
cache-control: no-cache
content-length: 27708

21:11:25.515 [AsyncHttpClient-1-5] DEBUG org.asynchttpclient.netty.channel.ChannelManager - Adding key: http://localhost:58146 for channel [id: 0x04925c31, L:/127.0.0.1:61831 - R:localhost/127.0.0.1:58146]
21:11:25.516 [main] DEBUG net.serenitybdd.core.photography.Darkroom - Send negative for processing for target\site\serenity\8f0c185afbd6fcc6677967c23d2de426d9b7ece2f81d10c25b5e7ef3de6a722a.png
21:11:25.521 [Forwarding findElement on session e9040969eed8c9cfe2868fdcfaaf25c5 to remote] DEBUG org.asynchttpclient.netty.request.NettyRequestSender - Using pooled Channel '[id: 0x04925c31, L:/127.0.0.1:61831 - R:localhost/127.0.0.1:58146]' for 'POST' to 'http://localhost:58146/session/e9040969eed8c9cfe2868fdcfaaf25c5/element'
21:11:25.521 [Forwarding findElement on session e9040969eed8c9cfe2868fdcfaaf25c5 to remote] DEBUG org.asynchttpclient.netty.request.NettyRequestSender - Using open Channel [id: 0x04925c31, L:/127.0.0.1:61831 - R:localhost/127.0.0.1:58146] for POST '/session/e9040969eed8c9cfe2868fdcfaaf25c5/element'
21:11:25.531 [AsyncHttpClient-1-5] DEBUG org.asynchttpclient.netty.handler.HttpHandler - 

Request DefaultHttpRequest(decodeResult: success, version: HTTP/1.1)
POST /session/e9040969eed8c9cfe2868fdcfaaf25c5/element HTTP/1.1
User-Agent: selenium/4.1.2 (java windows)
Content-Length: 93
Content-Type: application/json; charset=utf-8
host: localhost:58146
accept: */*

Response DefaultHttpResponse(decodeResult: success, version: HTTP/1.1)
HTTP/1.1 200 OK
Content-Type: application/json; charset=utf-8
cache-control: no-cache
content-length: 88

21:11:25.531 [AsyncHttpClient-1-5] DEBUG org.asynchttpclient.netty.channel.ChannelManager - Adding key: http://localhost:58146 for channel [id: 0x04925c31, L:/127.0.0.1:61831 - R:localhost/127.0.0.1:58146]
21:11:25.532 [Forwarding clearElement on session e9040969eed8c9cfe2868fdcfaaf25c5 to remote] DEBUG org.asynchttpclient.netty.request.NettyRequestSender - Using pooled Channel '[id: 0x04925c31, L:/127.0.0.1:61831 - R:localhost/127.0.0.1:58146]' for 'POST' to 'http://localhost:58146/session/e9040969eed8c9cfe2868fdcfaaf25c5/element/de6b6ca0-2428-4b14-8a83-95115b5f9bc9/clear'
21:11:25.532 [Forwarding clearElement on session e9040969eed8c9cfe2868fdcfaaf25c5 to remote] DEBUG org.asynchttpclient.netty.request.NettyRequestSender - Using open Channel [id: 0x04925c31, L:/127.0.0.1:61831 - R:localhost/127.0.0.1:58146] for POST '/session/e9040969eed8c9cfe2868fdcfaaf25c5/element/de6b6ca0-2428-4b14-8a83-95115b5f9bc9/clear'
21:11:25.559 [AsyncHttpClient-1-5] DEBUG org.asynchttpclient.netty.handler.HttpHandler - 

Request DefaultHttpRequest(decodeResult: success, version: HTTP/1.1)
POST /session/e9040969eed8c9cfe2868fdcfaaf25c5/element/de6b6ca0-2428-4b14-8a83-95115b5f9bc9/clear HTTP/1.1
User-Agent: selenium/4.1.2 (java windows)
Content-Length: 50
Content-Type: application/json; charset=utf-8
host: localhost:58146
accept: */*

Response DefaultHttpResponse(decodeResult: success, version: HTTP/1.1)
HTTP/1.1 200 OK
Content-Type: application/json; charset=utf-8
cache-control: no-cache
content-length: 14

21:11:25.559 [AsyncHttpClient-1-5] DEBUG org.asynchttpclient.netty.channel.ChannelManager - Adding key: http://localhost:58146 for channel [id: 0x04925c31, L:/127.0.0.1:61831 - R:localhost/127.0.0.1:58146]
21:11:25.560 [Forwarding sendKeysToElement on session e9040969eed8c9cfe2868fdcfaaf25c5 to remote] DEBUG org.asynchttpclient.netty.request.NettyRequestSender - Using pooled Channel '[id: 0x04925c31, L:/127.0.0.1:61831 - R:localhost/127.0.0.1:58146]' for 'POST' to 'http://localhost:58146/session/e9040969eed8c9cfe2868fdcfaaf25c5/element/de6b6ca0-2428-4b14-8a83-95115b5f9bc9/value'
21:11:25.560 [Forwarding sendKeysToElement on session e9040969eed8c9cfe2868fdcfaaf25c5 to remote] DEBUG org.asynchttpclient.netty.request.NettyRequestSender - Using open Channel [id: 0x04925c31, L:/127.0.0.1:61831 - R:localhost/127.0.0.1:58146] for POST '/session/e9040969eed8c9cfe2868fdcfaaf25c5/element/de6b6ca0-2428-4b14-8a83-95115b5f9bc9/value'
21:11:25.591 [AsyncHttpClient-1-5] DEBUG org.asynchttpclient.netty.handler.HttpHandler - 

Request DefaultHttpRequest(decodeResult: success, version: HTTP/1.1)
POST /session/e9040969eed8c9cfe2868fdcfaaf25c5/element/de6b6ca0-2428-4b14-8a83-95115b5f9bc9/value HTTP/1.1
User-Agent: selenium/4.1.2 (java windows)
Content-Length: 82
Content-Type: application/json; charset=utf-8
host: localhost:58146
accept: */*

Response DefaultHttpResponse(decodeResult: success, version: HTTP/1.1)
HTTP/1.1 200 OK
Content-Type: application/json; charset=utf-8
cache-control: no-cache
content-length: 14

21:11:25.591 [AsyncHttpClient-1-5] DEBUG org.asynchttpclient.netty.channel.ChannelManager - Adding key: http://localhost:58146 for channel [id: 0x04925c31, L:/127.0.0.1:61831 - R:localhost/127.0.0.1:58146]
  &amp#27;[32mAnd &amp#27;[0m&amp#27;[32mI input null namaa&amp#27;[0m                                          &amp#27;[90m# starter.stepdefinitions.RegisterStep.iInputNullNamaa()&amp#27;[0m
21:11:25.598 [Forwarding screenshot on session e9040969eed8c9cfe2868fdcfaaf25c5 to remote] DEBUG org.asynchttpclient.netty.request.NettyRequestSender - Using pooled Channel '[id: 0x04925c31, L:/127.0.0.1:61831 - R:localhost/127.0.0.1:58146]' for 'GET' to 'http://localhost:58146/session/e9040969eed8c9cfe2868fdcfaaf25c5/screenshot'
21:11:25.598 [Forwarding screenshot on session e9040969eed8c9cfe2868fdcfaaf25c5 to remote] DEBUG org.asynchttpclient.netty.request.NettyRequestSender - Using open Channel [id: 0x04925c31, L:/127.0.0.1:61831 - R:localhost/127.0.0.1:58146] for GET '/session/e9040969eed8c9cfe2868fdcfaaf25c5/screenshot'
21:11:25.717 [AsyncHttpClient-1-5] DEBUG org.asynchttpclient.netty.handler.HttpHandler - 

Request DefaultFullHttpRequest(decodeResult: success, version: HTTP/1.1, content: EmptyByteBufBE)
GET /session/e9040969eed8c9cfe2868fdcfaaf25c5/screenshot HTTP/1.1
User-Agent: selenium/4.1.2 (java windows)
Cache-Control: no-cache
Content-Type: application/json; charset=utf-8
host: localhost:58146
accept: */*

Response DefaultHttpResponse(decodeResult: success, version: HTTP/1.1)
HTTP/1.1 200 OK
Content-Type: application/json; charset=utf-8
cache-control: no-cache
content-length: 28220

21:11:25.717 [AsyncHttpClient-1-5] DEBUG org.asynchttpclient.netty.channel.ChannelManager - Adding key: http://localhost:58146 for channel [id: 0x04925c31, L:/127.0.0.1:61831 - R:localhost/127.0.0.1:58146]
21:11:25.719 [main] DEBUG net.serenitybdd.core.photography.Darkroom - Send negative for processing for target\site\serenity\36538182fe208b91608a06ab12c9b01d319a1525207ae53e27582295d5702d9d.png
21:11:25.719 [Darkroom Processing Line] DEBUG net.serenitybdd.core.photography.DarkroomProcessingLine - Processing screenshot image in /var/screenshots/screenshot-4551547080487480020
21:11:25.719 [Darkroom Processing Line] DEBUG net.serenitybdd.core.photography.DarkroomProcessingLine - Saving screenshot to target\site\serenity\36538182fe208b91608a06ab12c9b01d319a1525207ae53e27582295d5702d9d.png
21:11:25.727 [Forwarding findElement on session e9040969eed8c9cfe2868fdcfaaf25c5 to remote] DEBUG org.asynchttpclient.netty.request.NettyRequestSender - Using pooled Channel '[id: 0x04925c31, L:/127.0.0.1:61831 - R:localhost/127.0.0.1:58146]' for 'POST' to 'http://localhost:58146/session/e9040969eed8c9cfe2868fdcfaaf25c5/element'
21:11:25.727 [Forwarding findElement on session e9040969eed8c9cfe2868fdcfaaf25c5 to remote] DEBUG org.asynchttpclient.netty.request.NettyRequestSender - Using open Channel [id: 0x04925c31, L:/127.0.0.1:61831 - R:localhost/127.0.0.1:58146] for POST '/session/e9040969eed8c9cfe2868fdcfaaf25c5/element'
21:11:25.738 [AsyncHttpClient-1-5] DEBUG org.asynchttpclient.netty.handler.HttpHandler - 

Request DefaultHttpRequest(decodeResult: success, version: HTTP/1.1)
POST /session/e9040969eed8c9cfe2868fdcfaaf25c5/element HTTP/1.1
User-Agent: selenium/4.1.2 (java windows)
Content-Length: 86
Content-Type: application/json; charset=utf-8
host: localhost:58146
accept: */*

Response DefaultHttpResponse(decodeResult: success, version: HTTP/1.1)
HTTP/1.1 200 OK
Content-Type: application/json; charset=utf-8
cache-control: no-cache
content-length: 88

21:11:25.738 [AsyncHttpClient-1-5] DEBUG org.asynchttpclient.netty.channel.ChannelManager - Adding key: http://localhost:58146 for channel [id: 0x04925c31, L:/127.0.0.1:61831 - R:localhost/127.0.0.1:58146]
21:11:25.740 [Forwarding clearElement on session e9040969eed8c9cfe2868fdcfaaf25c5 to remote] DEBUG org.asynchttpclient.netty.request.NettyRequestSender - Using pooled Channel '[id: 0x04925c31, L:/127.0.0.1:61831 - R:localhost/127.0.0.1:58146]' for 'POST' to 'http://localhost:58146/session/e9040969eed8c9cfe2868fdcfaaf25c5/element/36a52fdb-ed17-4d35-94b8-4a1fba9b5c88/clear'
21:11:25.740 [Forwarding clearElement on session e9040969eed8c9cfe2868fdcfaaf25c5 to remote] DEBUG org.asynchttpclient.netty.request.NettyRequestSender - Using open Channel [id: 0x04925c31, L:/127.0.0.1:61831 - R:localhost/127.0.0.1:58146] for POST '/session/e9040969eed8c9cfe2868fdcfaaf25c5/element/36a52fdb-ed17-4d35-94b8-4a1fba9b5c88/clear'
21:11:25.769 [AsyncHttpClient-1-5] DEBUG org.asynchttpclient.netty.handler.HttpHandler - 

Request DefaultHttpRequest(decodeResult: success, version: HTTP/1.1)
POST /session/e9040969eed8c9cfe2868fdcfaaf25c5/element/36a52fdb-ed17-4d35-94b8-4a1fba9b5c88/clear HTTP/1.1
User-Agent: selenium/4.1.2 (java windows)
Content-Length: 50
Content-Type: application/json; charset=utf-8
host: localhost:58146
accept: */*

Response DefaultHttpResponse(decodeResult: success, version: HTTP/1.1)
HTTP/1.1 200 OK
Content-Type: application/json; charset=utf-8
cache-control: no-cache
content-length: 14

21:11:25.770 [AsyncHttpClient-1-5] DEBUG org.asynchttpclient.netty.channel.ChannelManager - Adding key: http://localhost:58146 for channel [id: 0x04925c31, L:/127.0.0.1:61831 - R:localhost/127.0.0.1:58146]
21:11:25.771 [Forwarding sendKeysToElement on session e9040969eed8c9cfe2868fdcfaaf25c5 to remote] DEBUG org.asynchttpclient.netty.request.NettyRequestSender - Using pooled Channel '[id: 0x04925c31, L:/127.0.0.1:61831 - R:localhost/127.0.0.1:58146]' for 'POST' to 'http://localhost:58146/session/e9040969eed8c9cfe2868fdcfaaf25c5/element/36a52fdb-ed17-4d35-94b8-4a1fba9b5c88/value'
21:11:25.771 [Forwarding sendKeysToElement on session e9040969eed8c9cfe2868fdcfaaf25c5 to remote] DEBUG org.asynchttpclient.netty.request.NettyRequestSender - Using open Channel [id: 0x04925c31, L:/127.0.0.1:61831 - R:localhost/127.0.0.1:58146] for POST '/session/e9040969eed8c9cfe2868fdcfaaf25c5/element/36a52fdb-ed17-4d35-94b8-4a1fba9b5c88/value'
21:11:25.811 [AsyncHttpClient-1-5] DEBUG org.asynchttpclient.netty.handler.HttpHandler - 

Request DefaultHttpRequest(decodeResult: success, version: HTTP/1.1)
POST /session/e9040969eed8c9cfe2868fdcfaaf25c5/element/36a52fdb-ed17-4d35-94b8-4a1fba9b5c88/value HTTP/1.1
User-Agent: selenium/4.1.2 (java windows)
Content-Length: 82
Content-Type: application/json; charset=utf-8
host: localhost:58146
accept: */*

Response DefaultHttpResponse(decodeResult: success, version: HTTP/1.1)
HTTP/1.1 200 OK
Content-Type: application/json; charset=utf-8
cache-control: no-cache
content-length: 14

21:11:25.811 [AsyncHttpClient-1-5] DEBUG org.asynchttpclient.netty.channel.ChannelManager - Adding key: http://localhost:58146 for channel [id: 0x04925c31, L:/127.0.0.1:61831 - R:localhost/127.0.0.1:58146]
  &amp#27;[32mAnd &amp#27;[0m&amp#27;[32mI input null emaill&amp#27;[0m                                         &amp#27;[90m# starter.stepdefinitions.RegisterStep.iInputNullEmaill()&amp#27;[0m
21:11:25.817 [Forwarding screenshot on session e9040969eed8c9cfe2868fdcfaaf25c5 to remote] DEBUG org.asynchttpclient.netty.request.NettyRequestSender - Using pooled Channel '[id: 0x04925c31, L:/127.0.0.1:61831 - R:localhost/127.0.0.1:58146]' for 'GET' to 'http://localhost:58146/session/e9040969eed8c9cfe2868fdcfaaf25c5/screenshot'
21:11:25.817 [Forwarding screenshot on session e9040969eed8c9cfe2868fdcfaaf25c5 to remote] DEBUG org.asynchttpclient.netty.request.NettyRequestSender - Using open Channel [id: 0x04925c31, L:/127.0.0.1:61831 - R:localhost/127.0.0.1:58146] for GET '/session/e9040969eed8c9cfe2868fdcfaaf25c5/screenshot'
21:11:25.919 [AsyncHttpClient-1-1] DEBUG org.asynchttpclient.netty.channel.DefaultChannelPool - Entry count for : http://localhost:61832 : 1
21:11:25.924 [AsyncHttpClient-1-5] DEBUG org.asynchttpclient.netty.handler.HttpHandler - 

Request DefaultFullHttpRequest(decodeResult: success, version: HTTP/1.1, content: EmptyByteBufBE)
GET /session/e9040969eed8c9cfe2868fdcfaaf25c5/screenshot HTTP/1.1
User-Agent: selenium/4.1.2 (java windows)
Cache-Control: no-cache
Content-Type: application/json; charset=utf-8
host: localhost:58146
accept: */*

Response DefaultHttpResponse(decodeResult: success, version: HTTP/1.1)
HTTP/1.1 200 OK
Content-Type: application/json; charset=utf-8
cache-control: no-cache
content-length: 28580

21:11:25.924 [AsyncHttpClient-1-5] DEBUG org.asynchttpclient.netty.channel.ChannelManager - Adding key: http://localhost:58146 for channel [id: 0x04925c31, L:/127.0.0.1:61831 - R:localhost/127.0.0.1:58146]
21:11:25.925 [main] DEBUG net.serenitybdd.core.photography.Darkroom - Send negative for processing for target\site\serenity\ce4a39cfd3057f0c616525f7174337283580c0f1ee74b7583a89c297cf3f96b0.png
21:11:25.925 [Darkroom Processing Line] DEBUG net.serenitybdd.core.photography.DarkroomProcessingLine - Processing screenshot image in /var/screenshots/screenshot-10699635881731243968
21:11:25.925 [Darkroom Processing Line] DEBUG net.serenitybdd.core.photography.DarkroomProcessingLine - Saving screenshot to target\site\serenity\ce4a39cfd3057f0c616525f7174337283580c0f1ee74b7583a89c297cf3f96b0.png
21:11:25.935 [Forwarding findElement on session e9040969eed8c9cfe2868fdcfaaf25c5 to remote] DEBUG org.asynchttpclient.netty.request.NettyRequestSender - Using pooled Channel '[id: 0x04925c31, L:/127.0.0.1:61831 - R:localhost/127.0.0.1:58146]' for 'POST' to 'http://localhost:58146/session/e9040969eed8c9cfe2868fdcfaaf25c5/element'
21:11:25.935 [Forwarding findElement on session e9040969eed8c9cfe2868fdcfaaf25c5 to remote] DEBUG org.asynchttpclient.netty.request.NettyRequestSender - Using open Channel [id: 0x04925c31, L:/127.0.0.1:61831 - R:localhost/127.0.0.1:58146] for POST '/session/e9040969eed8c9cfe2868fdcfaaf25c5/element'
21:11:25.945 [AsyncHttpClient-1-5] DEBUG org.asynchttpclient.netty.handler.HttpHandler - 

Request DefaultHttpRequest(decodeResult: success, version: HTTP/1.1)
POST /session/e9040969eed8c9cfe2868fdcfaaf25c5/element HTTP/1.1
User-Agent: selenium/4.1.2 (java windows)
Content-Length: 89
Content-Type: application/json; charset=utf-8
host: localhost:58146
accept: */*

Response DefaultHttpResponse(decodeResult: success, version: HTTP/1.1)
HTTP/1.1 200 OK
Content-Type: application/json; charset=utf-8
cache-control: no-cache
content-length: 88

21:11:25.945 [AsyncHttpClient-1-5] DEBUG org.asynchttpclient.netty.channel.ChannelManager - Adding key: http://localhost:58146 for channel [id: 0x04925c31, L:/127.0.0.1:61831 - R:localhost/127.0.0.1:58146]
21:11:25.946 [Forwarding clearElement on session e9040969eed8c9cfe2868fdcfaaf25c5 to remote] DEBUG org.asynchttpclient.netty.request.NettyRequestSender - Using pooled Channel '[id: 0x04925c31, L:/127.0.0.1:61831 - R:localhost/127.0.0.1:58146]' for 'POST' to 'http://localhost:58146/session/e9040969eed8c9cfe2868fdcfaaf25c5/element/3273ace3-7139-4996-9eef-016830054f79/clear'
21:11:25.946 [Forwarding clearElement on session e9040969eed8c9cfe2868fdcfaaf25c5 to remote] DEBUG org.asynchttpclient.netty.request.NettyRequestSender - Using open Channel [id: 0x04925c31, L:/127.0.0.1:61831 - R:localhost/127.0.0.1:58146] for POST '/session/e9040969eed8c9cfe2868fdcfaaf25c5/element/3273ace3-7139-4996-9eef-016830054f79/clear'
21:11:25.976 [AsyncHttpClient-1-5] DEBUG org.asynchttpclient.netty.handler.HttpHandler - 

Request DefaultHttpRequest(decodeResult: success, version: HTTP/1.1)
POST /session/e9040969eed8c9cfe2868fdcfaaf25c5/element/3273ace3-7139-4996-9eef-016830054f79/clear HTTP/1.1
User-Agent: selenium/4.1.2 (java windows)
Content-Length: 50
Content-Type: application/json; charset=utf-8
host: localhost:58146
accept: */*

Response DefaultHttpResponse(decodeResult: success, version: HTTP/1.1)
HTTP/1.1 200 OK
Content-Type: application/json; charset=utf-8
cache-control: no-cache
content-length: 14

21:11:25.977 [AsyncHttpClient-1-5] DEBUG org.asynchttpclient.netty.channel.ChannelManager - Adding key: http://localhost:58146 for channel [id: 0x04925c31, L:/127.0.0.1:61831 - R:localhost/127.0.0.1:58146]
21:11:25.978 [Forwarding sendKeysToElement on session e9040969eed8c9cfe2868fdcfaaf25c5 to remote] DEBUG org.asynchttpclient.netty.request.NettyRequestSender - Using pooled Channel '[id: 0x04925c31, L:/127.0.0.1:61831 - R:localhost/127.0.0.1:58146]' for 'POST' to 'http://localhost:58146/session/e9040969eed8c9cfe2868fdcfaaf25c5/element/3273ace3-7139-4996-9eef-016830054f79/value'
21:11:25.978 [Forwarding sendKeysToElement on session e9040969eed8c9cfe2868fdcfaaf25c5 to remote] DEBUG org.asynchttpclient.netty.request.NettyRequestSender - Using open Channel [id: 0x04925c31, L:/127.0.0.1:61831 - R:localhost/127.0.0.1:58146] for POST '/session/e9040969eed8c9cfe2868fdcfaaf25c5/element/3273ace3-7139-4996-9eef-016830054f79/value'
21:11:26.059 [AsyncHttpClient-1-5] DEBUG org.asynchttpclient.netty.handler.HttpHandler - 

Request DefaultHttpRequest(decodeResult: success, version: HTTP/1.1)
POST /session/e9040969eed8c9cfe2868fdcfaaf25c5/element/3273ace3-7139-4996-9eef-016830054f79/value HTTP/1.1
User-Agent: selenium/4.1.2 (java windows)
Content-Length: 181
Content-Type: application/json; charset=utf-8
host: localhost:58146
accept: */*

Response DefaultHttpResponse(decodeResult: success, version: HTTP/1.1)
HTTP/1.1 200 OK
Content-Type: application/json; charset=utf-8
cache-control: no-cache
content-length: 14

21:11:26.060 [AsyncHttpClient-1-5] DEBUG org.asynchttpclient.netty.channel.ChannelManager - Adding key: http://localhost:58146 for channel [id: 0x04925c31, L:/127.0.0.1:61831 - R:localhost/127.0.0.1:58146]
  &amp#27;[32mAnd &amp#27;[0m&amp#27;[32mI input valid Password&amp#27;[0m                                      &amp#27;[90m# starter.stepdefinitions.LogoutStep.iInputValidPassword()&amp#27;[0m
21:11:26.068 [Forwarding screenshot on session e9040969eed8c9cfe2868fdcfaaf25c5 to remote] DEBUG org.asynchttpclient.netty.request.NettyRequestSender - Using pooled Channel '[id: 0x04925c31, L:/127.0.0.1:61831 - R:localhost/127.0.0.1:58146]' for 'GET' to 'http://localhost:58146/session/e9040969eed8c9cfe2868fdcfaaf25c5/screenshot'
21:11:26.068 [Forwarding screenshot on session e9040969eed8c9cfe2868fdcfaaf25c5 to remote] DEBUG org.asynchttpclient.netty.request.NettyRequestSender - Using open Channel [id: 0x04925c31, L:/127.0.0.1:61831 - R:localhost/127.0.0.1:58146] for GET '/session/e9040969eed8c9cfe2868fdcfaaf25c5/screenshot'
21:11:26.188 [AsyncHttpClient-1-5] DEBUG org.asynchttpclient.netty.handler.HttpHandler - 

Request DefaultFullHttpRequest(decodeResult: success, version: HTTP/1.1, content: EmptyByteBufBE)
GET /session/e9040969eed8c9cfe2868fdcfaaf25c5/screenshot HTTP/1.1
User-Agent: selenium/4.1.2 (java windows)
Cache-Control: no-cache
Content-Type: application/json; charset=utf-8
host: localhost:58146
accept: */*

Response DefaultHttpResponse(decodeResult: success, version: HTTP/1.1)
HTTP/1.1 200 OK
Content-Type: application/json; charset=utf-8
cache-control: no-cache
content-length: 31128

21:11:26.188 [AsyncHttpClient-1-5] DEBUG org.asynchttpclient.netty.channel.ChannelManager - Adding key: http://localhost:58146 for channel [id: 0x04925c31, L:/127.0.0.1:61831 - R:localhost/127.0.0.1:58146]
21:11:26.189 [main] DEBUG net.serenitybdd.core.photography.Darkroom - Send negative for processing for target\site\serenity\163190546b7fdfa9fef326ebda3e7afc85d2fbc87a0fd03c17c09a3bd3d4d6f7.png
21:11:26.189 [Darkroom Processing Line] DEBUG net.serenitybdd.core.photography.DarkroomProcessingLine - Processing screenshot image in /var/screenshots/screenshot-1285539442930749307
21:11:26.189 [Darkroom Processing Line] DEBUG net.serenitybdd.core.photography.DarkroomProcessingLine - Saving screenshot to target\site\serenity\163190546b7fdfa9fef326ebda3e7afc85d2fbc87a0fd03c17c09a3bd3d4d6f7.png
21:11:26.195 [Forwarding findElement on session e9040969eed8c9cfe2868fdcfaaf25c5 to remote] DEBUG org.asynchttpclient.netty.request.NettyRequestSender - Using pooled Channel '[id: 0x04925c31, L:/127.0.0.1:61831 - R:localhost/127.0.0.1:58146]' for 'POST' to 'http://localhost:58146/session/e9040969eed8c9cfe2868fdcfaaf25c5/element'
21:11:26.195 [Forwarding findElement on session e9040969eed8c9cfe2868fdcfaaf25c5 to remote] DEBUG org.asynchttpclient.netty.request.NettyRequestSender - Using open Channel [id: 0x04925c31, L:/127.0.0.1:61831 - R:localhost/127.0.0.1:58146] for POST '/session/e9040969eed8c9cfe2868fdcfaaf25c5/element'
21:11:26.205 [AsyncHttpClient-1-5] DEBUG org.asynchttpclient.netty.handler.HttpHandler - 

Request DefaultHttpRequest(decodeResult: success, version: HTTP/1.1)
POST /session/e9040969eed8c9cfe2868fdcfaaf25c5/element HTTP/1.1
User-Agent: selenium/4.1.2 (java windows)
Content-Length: 93
Content-Type: application/json; charset=utf-8
host: localhost:58146
accept: */*

Response DefaultHttpResponse(decodeResult: success, version: HTTP/1.1)
HTTP/1.1 200 OK
Content-Type: application/json; charset=utf-8
cache-control: no-cache
content-length: 88

21:11:26.205 [AsyncHttpClient-1-5] DEBUG org.asynchttpclient.netty.channel.ChannelManager - Adding key: http://localhost:58146 for channel [id: 0x04925c31, L:/127.0.0.1:61831 - R:localhost/127.0.0.1:58146]
21:11:26.206 [Forwarding getElementTagName on session e9040969eed8c9cfe2868fdcfaaf25c5 to remote] DEBUG org.asynchttpclient.netty.request.NettyRequestSender - Using pooled Channel '[id: 0x04925c31, L:/127.0.0.1:61831 - R:localhost/127.0.0.1:58146]' for 'GET' to 'http://localhost:58146/session/e9040969eed8c9cfe2868fdcfaaf25c5/element/757b9c97-60fb-4ab3-9946-fefd61aeb37c/name'
21:11:26.206 [Forwarding getElementTagName on session e9040969eed8c9cfe2868fdcfaaf25c5 to remote] DEBUG org.asynchttpclient.netty.request.NettyRequestSender - Using open Channel [id: 0x04925c31, L:/127.0.0.1:61831 - R:localhost/127.0.0.1:58146] for GET '/session/e9040969eed8c9cfe2868fdcfaaf25c5/element/757b9c97-60fb-4ab3-9946-fefd61aeb37c/name'
21:11:26.211 [AsyncHttpClient-1-5] DEBUG org.asynchttpclient.netty.handler.HttpHandler - 

Request DefaultFullHttpRequest(decodeResult: success, version: HTTP/1.1, content: EmptyByteBufBE)
GET /session/e9040969eed8c9cfe2868fdcfaaf25c5/element/757b9c97-60fb-4ab3-9946-fefd61aeb37c/name HTTP/1.1
User-Agent: selenium/4.1.2 (java windows)
Cache-Control: no-cache
Content-Type: application/json; charset=utf-8
host: localhost:58146
accept: */*

Response DefaultHttpResponse(decodeResult: success, version: HTTP/1.1)
HTTP/1.1 200 OK
Content-Type: application/json; charset=utf-8
cache-control: no-cache
content-length: 16

21:11:26.211 [AsyncHttpClient-1-5] DEBUG org.asynchttpclient.netty.channel.ChannelManager - Adding key: http://localhost:58146 for channel [id: 0x04925c31, L:/127.0.0.1:61831 - R:localhost/127.0.0.1:58146]
21:11:26.212 [Forwarding getElementTagName on session e9040969eed8c9cfe2868fdcfaaf25c5 to remote] DEBUG org.asynchttpclient.netty.request.NettyRequestSender - Using pooled Channel '[id: 0x04925c31, L:/127.0.0.1:61831 - R:localhost/127.0.0.1:58146]' for 'GET' to 'http://localhost:58146/session/e9040969eed8c9cfe2868fdcfaaf25c5/element/757b9c97-60fb-4ab3-9946-fefd61aeb37c/name'
21:11:26.212 [Forwarding getElementTagName on session e9040969eed8c9cfe2868fdcfaaf25c5 to remote] DEBUG org.asynchttpclient.netty.request.NettyRequestSender - Using open Channel [id: 0x04925c31, L:/127.0.0.1:61831 - R:localhost/127.0.0.1:58146] for GET '/session/e9040969eed8c9cfe2868fdcfaaf25c5/element/757b9c97-60fb-4ab3-9946-fefd61aeb37c/name'
21:11:26.217 [AsyncHttpClient-1-5] DEBUG org.asynchttpclient.netty.handler.HttpHandler - 

Request DefaultFullHttpRequest(decodeResult: success, version: HTTP/1.1, content: EmptyByteBufBE)
GET /session/e9040969eed8c9cfe2868fdcfaaf25c5/element/757b9c97-60fb-4ab3-9946-fefd61aeb37c/name HTTP/1.1
User-Agent: selenium/4.1.2 (java windows)
Cache-Control: no-cache
Content-Type: application/json; charset=utf-8
host: localhost:58146
accept: */*

Response DefaultHttpResponse(decodeResult: success, version: HTTP/1.1)
HTTP/1.1 200 OK
Content-Type: application/json; charset=utf-8
cache-control: no-cache
content-length: 16

21:11:26.217 [AsyncHttpClient-1-5] DEBUG org.asynchttpclient.netty.channel.ChannelManager - Adding key: http://localhost:58146 for channel [id: 0x04925c31, L:/127.0.0.1:61831 - R:localhost/127.0.0.1:58146]
21:11:26.218 [Forwarding findElement on session e9040969eed8c9cfe2868fdcfaaf25c5 to remote] DEBUG org.asynchttpclient.netty.request.NettyRequestSender - Using pooled Channel '[id: 0x04925c31, L:/127.0.0.1:61831 - R:localhost/127.0.0.1:58146]' for 'POST' to 'http://localhost:58146/session/e9040969eed8c9cfe2868fdcfaaf25c5/element'
21:11:26.218 [Forwarding findElement on session e9040969eed8c9cfe2868fdcfaaf25c5 to remote] DEBUG org.asynchttpclient.netty.request.NettyRequestSender - Using open Channel [id: 0x04925c31, L:/127.0.0.1:61831 - R:localhost/127.0.0.1:58146] for POST '/session/e9040969eed8c9cfe2868fdcfaaf25c5/element'
21:11:26.222 [AsyncHttpClient-1-5] DEBUG org.asynchttpclient.netty.handler.HttpHandler - 

Request DefaultHttpRequest(decodeResult: success, version: HTTP/1.1)
POST /session/e9040969eed8c9cfe2868fdcfaaf25c5/element HTTP/1.1
User-Agent: selenium/4.1.2 (java windows)
Content-Length: 93
Content-Type: application/json; charset=utf-8
host: localhost:58146
accept: */*

Response DefaultHttpResponse(decodeResult: success, version: HTTP/1.1)
HTTP/1.1 200 OK
Content-Type: application/json; charset=utf-8
cache-control: no-cache
content-length: 88

21:11:26.222 [AsyncHttpClient-1-5] DEBUG org.asynchttpclient.netty.channel.ChannelManager - Adding key: http://localhost:58146 for channel [id: 0x04925c31, L:/127.0.0.1:61831 - R:localhost/127.0.0.1:58146]
21:11:26.223 [Forwarding clickElement on session e9040969eed8c9cfe2868fdcfaaf25c5 to remote] DEBUG org.asynchttpclient.netty.request.NettyRequestSender - Using pooled Channel '[id: 0x04925c31, L:/127.0.0.1:61831 - R:localhost/127.0.0.1:58146]' for 'POST' to 'http://localhost:58146/session/e9040969eed8c9cfe2868fdcfaaf25c5/element/757b9c97-60fb-4ab3-9946-fefd61aeb37c/click'
21:11:26.223 [Forwarding clickElement on session e9040969eed8c9cfe2868fdcfaaf25c5 to remote] DEBUG org.asynchttpclient.netty.request.NettyRequestSender - Using open Channel [id: 0x04925c31, L:/127.0.0.1:61831 - R:localhost/127.0.0.1:58146] for POST '/session/e9040969eed8c9cfe2868fdcfaaf25c5/element/757b9c97-60fb-4ab3-9946-fefd61aeb37c/click'
21:11:26.261 [AsyncHttpClient-1-5] DEBUG org.asynchttpclient.netty.handler.HttpHandler - 

Request DefaultHttpRequest(decodeResult: success, version: HTTP/1.1)
POST /session/e9040969eed8c9cfe2868fdcfaaf25c5/element/757b9c97-60fb-4ab3-9946-fefd61aeb37c/click HTTP/1.1
User-Agent: selenium/4.1.2 (java windows)
Content-Length: 50
Content-Type: application/json; charset=utf-8
host: localhost:58146
accept: */*

Response DefaultHttpResponse(decodeResult: success, version: HTTP/1.1)
HTTP/1.1 200 OK
Content-Type: application/json; charset=utf-8
cache-control: no-cache
content-length: 14

21:11:26.261 [AsyncHttpClient-1-5] DEBUG org.asynchttpclient.netty.channel.ChannelManager - Adding key: http://localhost:58146 for channel [id: 0x04925c31, L:/127.0.0.1:61831 - R:localhost/127.0.0.1:58146]
  &amp#27;[32mAnd &amp#27;[0m&amp#27;[32mI click register iconn&amp#27;[0m                                      &amp#27;[90m# starter.stepdefinitions.RegisterStep.iClickRegisterIconn()&amp#27;[0m
21:11:26.265 [Forwarding screenshot on session e9040969eed8c9cfe2868fdcfaaf25c5 to remote] DEBUG org.asynchttpclient.netty.request.NettyRequestSender - Using pooled Channel '[id: 0x04925c31, L:/127.0.0.1:61831 - R:localhost/127.0.0.1:58146]' for 'GET' to 'http://localhost:58146/session/e9040969eed8c9cfe2868fdcfaaf25c5/screenshot'
21:11:26.265 [Forwarding screenshot on session e9040969eed8c9cfe2868fdcfaaf25c5 to remote] DEBUG org.asynchttpclient.netty.request.NettyRequestSender - Using open Channel [id: 0x04925c31, L:/127.0.0.1:61831 - R:localhost/127.0.0.1:58146] for GET '/session/e9040969eed8c9cfe2868fdcfaaf25c5/screenshot'
21:11:26.379 [AsyncHttpClient-1-5] DEBUG org.asynchttpclient.netty.handler.HttpHandler - 

Request DefaultFullHttpRequest(decodeResult: success, version: HTTP/1.1, content: EmptyByteBufBE)
GET /session/e9040969eed8c9cfe2868fdcfaaf25c5/screenshot HTTP/1.1
User-Agent: selenium/4.1.2 (java windows)
Cache-Control: no-cache
Content-Type: application/json; charset=utf-8
host: localhost:58146
accept: */*

Response DefaultHttpResponse(decodeResult: success, version: HTTP/1.1)
HTTP/1.1 200 OK
Content-Type: application/json; charset=utf-8
cache-control: no-cache
content-length: 30340

21:11:26.379 [AsyncHttpClient-1-5] DEBUG org.asynchttpclient.netty.channel.ChannelManager - Adding key: http://localhost:58146 for channel [id: 0x04925c31, L:/127.0.0.1:61831 - R:localhost/127.0.0.1:58146]
21:11:26.380 [main] DEBUG net.serenitybdd.core.photography.Darkroom - Send negative for processing for target\site\serenity\eea35b1bc457467c93f4ff081bd3e544dac74afadc25d0eb1d180b0870e3b5c9.png
21:11:26.380 [Darkroom Processing Line] DEBUG net.serenitybdd.core.photography.DarkroomProcessingLine - Processing screenshot image in /var/screenshots/screenshot-16139767485174904276
21:11:26.380 [Darkroom Processing Line] DEBUG net.serenitybdd.core.photography.DarkroomProcessingLine - Saving screenshot to target\site\serenity\eea35b1bc457467c93f4ff081bd3e544dac74afadc25d0eb1d180b0870e3b5c9.png
21:11:26.387 [Forwarding findElement on session e9040969eed8c9cfe2868fdcfaaf25c5 to remote] DEBUG org.asynchttpclient.netty.request.NettyRequestSender - Using pooled Channel '[id: 0x04925c31, L:/127.0.0.1:61831 - R:localhost/127.0.0.1:58146]' for 'POST' to 'http://localhost:58146/session/e9040969eed8c9cfe2868fdcfaaf25c5/element'
21:11:26.387 [Forwarding findElement on session e9040969eed8c9cfe2868fdcfaaf25c5 to remote] DEBUG org.asynchttpclient.netty.request.NettyRequestSender - Using open Channel [id: 0x04925c31, L:/127.0.0.1:61831 - R:localhost/127.0.0.1:58146] for POST '/session/e9040969eed8c9cfe2868fdcfaaf25c5/element'
21:11:27.018 [AsyncHttpClient-1-1] DEBUG org.asynchttpclient.netty.channel.DefaultChannelPool - Entry count for : http://localhost:61832 : 1
21:11:27.667 [AsyncHttpClient-1-5] DEBUG org.asynchttpclient.netty.handler.HttpHandler - 

Request DefaultHttpRequest(decodeResult: success, version: HTTP/1.1)
POST /session/e9040969eed8c9cfe2868fdcfaaf25c5/element HTTP/1.1
User-Agent: selenium/4.1.2 (java windows)
Content-Length: 148
Content-Type: application/json; charset=utf-8
host: localhost:58146
accept: */*

Response DefaultHttpResponse(decodeResult: success, version: HTTP/1.1)
HTTP/1.1 200 OK
Content-Type: application/json; charset=utf-8
cache-control: no-cache
content-length: 88

21:11:27.667 [AsyncHttpClient-1-5] DEBUG org.asynchttpclient.netty.channel.ChannelManager - Adding key: http://localhost:58146 for channel [id: 0x04925c31, L:/127.0.0.1:61831 - R:localhost/127.0.0.1:58146]
21:11:27.674 [Forwarding isElementDisplayed on session e9040969eed8c9cfe2868fdcfaaf25c5 to remote] DEBUG org.asynchttpclient.netty.request.NettyRequestSender - Using pooled Channel '[id: 0x04925c31, L:/127.0.0.1:61831 - R:localhost/127.0.0.1:58146]' for 'POST' to 'http://localhost:58146/session/e9040969eed8c9cfe2868fdcfaaf25c5/execute/sync'
21:11:27.674 [Forwarding isElementDisplayed on session e9040969eed8c9cfe2868fdcfaaf25c5 to remote] DEBUG org.asynchttpclient.netty.request.NettyRequestSender - Using open Channel [id: 0x04925c31, L:/127.0.0.1:61831 - R:localhost/127.0.0.1:58146] for POST '/session/e9040969eed8c9cfe2868fdcfaaf25c5/execute/sync'
21:11:27.691 [AsyncHttpClient-1-5] DEBUG org.asynchttpclient.netty.handler.HttpHandler - 

Request DefaultHttpRequest(decodeResult: success, version: HTTP/1.1)
POST /session/e9040969eed8c9cfe2868fdcfaaf25c5/execute/sync HTTP/1.1
User-Agent: selenium/4.1.2 (java windows)
Content-Length: 48780
Content-Type: application/json; charset=utf-8
host: localhost:58146
accept: */*

Response DefaultHttpResponse(decodeResult: success, version: HTTP/1.1)
HTTP/1.1 200 OK
Content-Type: application/json; charset=utf-8
cache-control: no-cache
content-length: 14

21:11:27.691 [AsyncHttpClient-1-5] DEBUG org.asynchttpclient.netty.channel.ChannelManager - Adding key: http://localhost:58146 for channel [id: 0x04925c31, L:/127.0.0.1:61831 - R:localhost/127.0.0.1:58146]
  &amp#27;[32mThen &amp#27;[0m&amp#27;[32mI will get error message nul&amp#27;[0m                               &amp#27;[90m# starter.stepdefinitions.RegisterStep.iWillGetErrorMessageNul()&amp#27;[0m
21:11:27.695 [Forwarding screenshot on session e9040969eed8c9cfe2868fdcfaaf25c5 to remote] DEBUG org.asynchttpclient.netty.request.NettyRequestSender - Using pooled Channel '[id: 0x04925c31, L:/127.0.0.1:61831 - R:localhost/127.0.0.1:58146]' for 'GET' to 'http://localhost:58146/session/e9040969eed8c9cfe2868fdcfaaf25c5/screenshot'
21:11:27.695 [Forwarding screenshot on session e9040969eed8c9cfe2868fdcfaaf25c5 to remote] DEBUG org.asynchttpclient.netty.request.NettyRequestSender - Using open Channel [id: 0x04925c31, L:/127.0.0.1:61831 - R:localhost/127.0.0.1:58146] for GET '/session/e9040969eed8c9cfe2868fdcfaaf25c5/screenshot'
21:11:27.846 [AsyncHttpClient-1-5] DEBUG org.asynchttpclient.netty.handler.HttpHandler - 

Request DefaultFullHttpRequest(decodeResult: success, version: HTTP/1.1, content: EmptyByteBufBE)
GET /session/e9040969eed8c9cfe2868fdcfaaf25c5/screenshot HTTP/1.1
User-Agent: selenium/4.1.2 (java windows)
Cache-Control: no-cache
Content-Type: application/json; charset=utf-8
host: localhost:58146
accept: */*

Response DefaultHttpResponse(decodeResult: success, version: HTTP/1.1)
HTTP/1.1 200 OK
Content-Type: application/json; charset=utf-8
cache-control: no-cache
content-length: 31280

21:11:27.846 [AsyncHttpClient-1-5] DEBUG org.asynchttpclient.netty.channel.ChannelManager - Adding key: http://localhost:58146 for channel [id: 0x04925c31, L:/127.0.0.1:61831 - R:localhost/127.0.0.1:58146]
21:11:27.848 [main] DEBUG net.serenitybdd.core.photography.Darkroom - Send negative for processing for target\site\serenity\0117dfd5cf6ad6ed3fd470fcccac05710907dadf2e70cb4feadeeccc8766793c.png
21:11:27.849 [Darkroom Processing Line] DEBUG net.serenitybdd.core.photography.DarkroomProcessingLine - Processing screenshot image in /var/screenshots/screenshot-5701937865629154407
21:11:27.849 [Darkroom Processing Line] DEBUG net.serenitybdd.core.photography.DarkroomProcessingLine - Saving screenshot to target\site\serenity\0117dfd5cf6ad6ed3fd470fcccac05710907dadf2e70cb4feadeeccc8766793c.png
21:11:27.849 [main] INFO  - 
  _____   ___   ___   _____     ___     _     ___   ___   ___   ___  
 |_   _| | __| / __| |_   _|   | _ \   /_\   / __| / __| | __| |   \ 
   | |   | _|  \__ \   | |     |  _/  / _ \  \__ \ \__ \ | _|  | |) |
   |_|   |___| |___/   |_|     |_|   /_/ \_\ |___/ |___/ |___| |___/ 

Register with null nama, null email, and valid password
----------------------------------------------------------------------
21:11:27.851 [Driver Command Executor] DEBUG org.asynchttpclient.netty.request.NettyRequestSender - Using pooled Channel '[id: 0x04925c31, L:/127.0.0.1:61831 - R:localhost/127.0.0.1:58146]' for 'DELETE' to 'http://localhost:58146/session/e9040969eed8c9cfe2868fdcfaaf25c5'
21:11:27.851 [AsyncHttpClient-1-7] DEBUG org.asynchttpclient.netty.handler.WebSocketHandler - Channel Closed: [id: 0x68c1754f, L:/127.0.0.1:61839 ! R:localhost/127.0.0.1:61832] with attribute NettyResponseFuture{currentRetry=5,
	isDone=1,
	isCancelled=0,
	asyncHandler=org.asynchttpclient.ws.WebSocketUpgradeHandler@1f8e11b7,
	nettyRequest=org.asynchttpclient.netty.request.NettyRequest@5c7f56f3,
	future=java.util.concurrent.CompletableFuture@11c561f6[Completed normally],
	uri=ws://localhost:61832/devtools/browser/cde702ce-de41-402c-a0d4-7eb9e5d70636,
	keepAlive=true,
	redirectCount=0,
	timeoutsHolder=null,
	inAuth=0,
	touch=1667916684439}
21:11:27.851 [Driver Command Executor] DEBUG org.asynchttpclient.netty.request.NettyRequestSender - Using open Channel [id: 0x04925c31, L:/127.0.0.1:61831 - R:localhost/127.0.0.1:58146] for DELETE '/session/e9040969eed8c9cfe2868fdcfaaf25c5'
21:11:27.851 [AsyncHttpClient-1-7] DEBUG org.asynchttpclient.netty.channel.ChannelManager - Closing Channel [id: 0x68c1754f, L:/127.0.0.1:61839 ! R:localhost/127.0.0.1:61832] 
21:11:27.890 [AsyncHttpClient-1-6] DEBUG org.asynchttpclient.netty.handler.HttpHandler - Unexpected I/O exception on channel [id: 0xdb05457a, L:/127.0.0.1:61838 - R:localhost/127.0.0.1:61832]
java.io.IOException: An existing connection was forcibly closed by the remote host
	at java.base/sun.nio.ch.SocketDispatcher.read0(Native Method)
	at java.base/sun.nio.ch.SocketDispatcher.read(SocketDispatcher.java:43)
	at java.base/sun.nio.ch.IOUtil.readIntoNativeBuffer(IOUtil.java:276)
	at java.base/sun.nio.ch.IOUtil.read(IOUtil.java:233)
	at java.base/sun.nio.ch.IOUtil.read(IOUtil.java:223)
	at java.base/sun.nio.ch.SocketChannelImpl.read(SocketChannelImpl.java:358)
	at io.netty.buffer.PooledByteBuf.setBytes(PooledByteBuf.java:258)
	at io.netty.buffer.AbstractByteBuf.writeBytes(AbstractByteBuf.java:1132)
	at io.netty.channel.socket.nio.NioSocketChannel.doReadBytes(NioSocketChannel.java:350)
	at io.netty.channel.nio.AbstractNioByteChannel$NioByteUnsafe.read(AbstractNioByteChannel.java:151)
	at io.netty.channel.nio.NioEventLoop.processSelectedKey(NioEventLoop.java:722)
	at io.netty.channel.nio.NioEventLoop.processSelectedKeysOptimized(NioEventLoop.java:658)
	at io.netty.channel.nio.NioEventLoop.processSelectedKeys(NioEventLoop.java:584)
	at io.netty.channel.nio.NioEventLoop.run(NioEventLoop.java:496)
	at io.netty.util.concurrent.SingleThreadEventExecutor$4.run(SingleThreadEventExecutor.java:986)
	at io.netty.util.internal.ThreadExecutorMap$2.run(ThreadExecutorMap.java:74)
	at io.netty.util.concurrent.FastThreadLocalRunnable.run(FastThreadLocalRunnable.java:30)
	at java.base/java.lang.Thread.run(Thread.java:834)
21:11:27.890 [AsyncHttpClient-1-6] DEBUG org.asynchttpclient.netty.channel.ChannelManager - Closing Channel [id: 0xdb05457a, L:/127.0.0.1:61838 - R:localhost/127.0.0.1:61832] 
21:11:27.891 [AsyncHttpClient-1-6] DEBUG org.asynchttpclient.netty.handler.HttpHandler - Channel Closed: [id: 0xdb05457a, L:/127.0.0.1:61838 ! R:localhost/127.0.0.1:61832] with attribute DISCARD
21:11:27.909 [AsyncHttpClient-1-5] DEBUG org.asynchttpclient.netty.handler.HttpHandler - 

Request DefaultFullHttpRequest(decodeResult: success, version: HTTP/1.1, content: EmptyByteBufBE)
DELETE /session/e9040969eed8c9cfe2868fdcfaaf25c5 HTTP/1.1
User-Agent: selenium/4.1.2 (java windows)
Content-Type: application/json; charset=utf-8
host: localhost:58146
accept: */*

Response DefaultHttpResponse(decodeResult: success, version: HTTP/1.1)
HTTP/1.1 200 OK
Content-Type: application/json; charset=utf-8
cache-control: no-cache
content-length: 14

21:11:27.909 [AsyncHttpClient-1-5] DEBUG org.asynchttpclient.netty.channel.ChannelManager - Adding key: http://localhost:58146 for channel [id: 0x04925c31, L:/127.0.0.1:61831 - R:localhost/127.0.0.1:58146]
21:11:27.943 [AsyncHttpClient-1-5] DEBUG org.asynchttpclient.netty.handler.HttpHandler - Channel Closed: [id: 0x04925c31, L:/127.0.0.1:61831 ! R:localhost/127.0.0.1:58146] with attribute DISCARD
]]></system-out>
    <system-err><![CDATA[Starting ChromeDriver 106.0.5249.61 (511755355844955cd3e264779baf0dd38212a4d0-refs/branch-heads/5249@{#569}) on port 58146
Only local connections are allowed.
Please see https://chromedriver.chromium.org/security-considerations for suggestions on keeping ChromeDriver safe.
ChromeDriver was started successfully.
[1667916684.421][WARNING]: This version of ChromeDriver has not been tested with Chrome version 107.
Nov 08, 2022 9:11:24 PM org.openqa.selenium.remote.ProtocolHandshake createSession
INFO: Detected dialect: W3C
Nov 08, 2022 9:11:24 PM org.openqa.selenium.devtools.CdpVersionFinder findNearestMatch
WARNING: Unable to find an exact match for CDP version 107, so returning the closest version found: a no-op implementation
Nov 08, 2022 9:11:24 PM org.openqa.selenium.devtools.CdpVersionFinder findNearestMatch
INFO: Unable to find CDP implementation matching 107.
Nov 08, 2022 9:11:24 PM org.openqa.selenium.chromium.ChromiumDriver lambda$new$3
WARNING: Unable to find version of CDP to use for . You may need to include a dependency on a specific version of the CDP using something similar to `org.seleniumhq.selenium:selenium-devtools-v86:4.1.2` where the version ("v86") matches the version of the chromium-based browser you're using and the version number of the artifact is the same as Selenium's.
]]></system-err>
  </testcase>
  <testcase name="Register with null nama, valid email, and null password" classname="Register" time="4.746">
    <system-out><![CDATA[
@Register
Scenario: Register with null nama, valid email, and null password &amp#27;[90m# src/test/resources/features/register.feature:43&amp#27;[0m
21:11:27.992 [main] INFO io.cucumber.core.plugin.SerenityReporter - Running feature from file:///D:/miniproject/webtesting/src/test/resources/features/register.feature
21:11:27.994 [main] INFO  - 
  _____   ___   ___   _____     ___   _____     _     ___   _____   ___   ___  
 |_   _| | __| / __| |_   _|   / __| |_   _|   /_\   | _ \ |_   _| | __| |   \ 
   | |   | _|  \__ \   | |     \__ \   | |    / _ \  |   /   | |   | _|  | |) |
   |_|   |___| |___/   |_|     |___/   |_|   /_/ \_\ |_|_\   |_|   |___| |___/ 

Register with null nama, valid email, and null password(register;register-with-null-nama--valid-email--and-null-password)
--------------------------------------------------------------------------------
21:11:28.010 [main] INFO net.serenitybdd.core.webdriver.driverproviders.ChromeDriverProvider - Using automatically driver download
21:11:28.108 [main] DEBUG io.github.bonigarcia.wdm.cache.ResolutionCache - Resolution chrome=107 in cache (valid until 22:09:52 08/11/2022 ICT)
21:11:28.112 [main] DEBUG io.github.bonigarcia.wdm.cache.ResolutionCache - Resolution chrome107=107.0.5304.62 in cache (valid until 21:09:52 09/11/2022 ICT)
21:11:28.113 [main] INFO io.github.bonigarcia.wdm.WebDriverManager - Using chromedriver 107.0.5304.62 (resolved driver for Chrome 107)
21:11:28.118 [AsyncHttpClient-1-1] DEBUG org.asynchttpclient.netty.channel.DefaultChannelPool - Entry count for : http://localhost:58146 : 1
21:11:28.118 [AsyncHttpClient-1-1] DEBUG org.asynchttpclient.netty.channel.DefaultChannelPool - Entry count for : http://localhost:61832 : 1
21:11:28.118 [AsyncHttpClient-1-1] DEBUG org.asynchttpclient.netty.channel.DefaultChannelPool - Adding Candidate expired Channel [id: 0x04925c31, L:/127.0.0.1:61831 ! R:localhost/127.0.0.1:58146] isIdleTimeoutExpired=false isRemotelyClosed=true isTtlExpired=false
21:11:28.118 [AsyncHttpClient-1-1] DEBUG org.asynchttpclient.netty.channel.DefaultChannelPool - Closing Idle Channel [id: 0x04925c31, L:/127.0.0.1:61831 ! R:localhost/127.0.0.1:58146]
21:11:28.118 [AsyncHttpClient-1-1] DEBUG org.asynchttpclient.netty.channel.DefaultChannelPool - Adding Candidate expired Channel [id: 0xdb05457a, L:/127.0.0.1:61838 ! R:localhost/127.0.0.1:61832] isIdleTimeoutExpired=false isRemotelyClosed=true isTtlExpired=false
21:11:28.118 [AsyncHttpClient-1-1] DEBUG org.asynchttpclient.netty.channel.DefaultChannelPool - Closing Idle Channel [id: 0xdb05457a, L:/127.0.0.1:61838 ! R:localhost/127.0.0.1:61832]
21:11:28.118 [AsyncHttpClient-1-1] DEBUG org.asynchttpclient.netty.channel.DefaultChannelPool - Closed 2 connections out of 2 in 0 ms
21:11:28.122 [main] DEBUG io.github.bonigarcia.wdm.WebDriverManager - Driver chromedriver 107.0.5304.62 found in cache
21:11:28.122 [main] INFO io.github.bonigarcia.wdm.WebDriverManager - Exporting webdriver.chrome.driver as C:\Users\Yusuf Efendi\.cache\selenium\chromedriver\win32\107.0.5304.62\chromedriver.exe
21:11:28.211 [main] DEBUG net.serenitybdd.core.webdriver.driverproviders.ProvideNewDriver - Instantiating driver
21:11:28.211 [main] DEBUG net.serenitybdd.core.webdriver.driverproviders.ProvideNewDriver - Driver capabilities: Capabilities {acceptInsecureCerts: false, base.url: https://alta-shop.vercel.app, browserName: chrome, chrome.driver: src/test/resources/webdrive..., driver: chrome, goog:chromeOptions: {args: [], extensions: []}, wait.for.timeout: 7000}
21:11:28.303 [AsyncHttpClient-1-8] DEBUG org.asynchttpclient.netty.channel.NettyConnectListener - Using new Channel '[id: 0x4306e540, L:/127.0.0.1:61854 - R:localhost/127.0.0.1:54868]' for 'POST' to '/session'
21:11:28.849 [AsyncHttpClient-1-8] DEBUG org.asynchttpclient.netty.handler.HttpHandler - 

Request DefaultHttpRequest(decodeResult: success, version: HTTP/1.1)
POST /session HTTP/1.1
User-Agent: selenium/4.1.2 (java windows)
Content-Length: 639
Content-Type: application/json; charset=utf-8
host: localhost:54868
accept: */*

Response DefaultHttpResponse(decodeResult: success, version: HTTP/1.1)
HTTP/1.1 200 OK
Content-Type: application/json; charset=utf-8
cache-control: no-cache
content-length: 793

21:11:28.850 [AsyncHttpClient-1-8] DEBUG org.asynchttpclient.netty.channel.ChannelManager - Adding key: http://localhost:54868 for channel [id: 0x4306e540, L:/127.0.0.1:61854 - R:localhost/127.0.0.1:54868]
21:11:28.855 [AsyncHttpClient-1-9] DEBUG org.asynchttpclient.netty.channel.NettyConnectListener - Using new Channel '[id: 0xf2d5794c, L:/127.0.0.1:61861 - R:localhost/127.0.0.1:61855]' for 'GET' to '/json/version'
21:11:28.856 [AsyncHttpClient-1-9] DEBUG org.asynchttpclient.netty.handler.HttpHandler - 

Request DefaultFullHttpRequest(decodeResult: success, version: HTTP/1.1, content: EmptyByteBufBE)
GET /json/version HTTP/1.1
User-Agent: selenium/4.1.2 (java windows)
host: localhost:61855
accept: */*

Response DefaultHttpResponse(decodeResult: success, version: HTTP/1.1)
HTTP/1.1 200 OK
Content-Type: application/json; charset=UTF-8
content-length: 423

21:11:28.856 [AsyncHttpClient-1-9] DEBUG org.asynchttpclient.netty.channel.ChannelManager - Adding key: http://localhost:61855 for channel [id: 0xf2d5794c, L:/127.0.0.1:61861 - R:localhost/127.0.0.1:61855]
21:11:28.858 [AsyncHttpClient-1-10] DEBUG org.asynchttpclient.netty.channel.NettyConnectListener - Using new Channel '[id: 0xa7fe6bf3, L:/127.0.0.1:61862 - R:localhost/127.0.0.1:61855]' for 'GET' to '/devtools/browser/21bc0ed9-1935-4434-aed1-4de640feda3f'
21:11:28.858 [AsyncHttpClient-1-10] DEBUG org.asynchttpclient.netty.handler.WebSocketHandler - 

Request DefaultFullHttpRequest(decodeResult: success, version: HTTP/1.1, content: EmptyByteBufBE)
GET /devtools/browser/21bc0ed9-1935-4434-aed1-4de640feda3f HTTP/1.1
upgrade: websocket
connection: upgrade
sec-websocket-key: BP29YAS+aTkZ0W2jowezrg==
sec-websocket-version: 13
origin: http://localhost:61855
host: localhost:61855
accept: */*
user-agent: AHC/2.1

Response DefaultHttpResponse(decodeResult: success, version: HTTP/1.1)
HTTP/1.1 101 WebSocket Protocol Handshake
Upgrade: WebSocket
Connection: Upgrade
Sec-WebSocket-Accept: g3ISQ86SVCx6PpzBRYvlB6BZd1A=

21:11:28.862 [Forwarding get on session 599450049fac1d226f9704ddd7497b4e to remote] DEBUG org.asynchttpclient.netty.request.NettyRequestSender - Using pooled Channel '[id: 0x4306e540, L:/127.0.0.1:61854 - R:localhost/127.0.0.1:54868]' for 'POST' to 'http://localhost:54868/session/599450049fac1d226f9704ddd7497b4e/url'
21:11:28.862 [Forwarding get on session 599450049fac1d226f9704ddd7497b4e to remote] DEBUG org.asynchttpclient.netty.request.NettyRequestSender - Using open Channel [id: 0x4306e540, L:/127.0.0.1:61854 - R:localhost/127.0.0.1:54868] for POST '/session/599450049fac1d226f9704ddd7497b4e/url'
21:11:29.256 [AsyncHttpClient-1-1] DEBUG org.asynchttpclient.netty.channel.DefaultChannelPool - Entry count for : http://localhost:61855 : 1
21:11:29.534 [AsyncHttpClient-1-8] DEBUG org.asynchttpclient.netty.handler.HttpHandler - 

Request DefaultHttpRequest(decodeResult: success, version: HTTP/1.1)
POST /session/599450049fac1d226f9704ddd7497b4e/url HTTP/1.1
User-Agent: selenium/4.1.2 (java windows)
Content-Length: 74
Content-Type: application/json; charset=utf-8
host: localhost:54868
accept: */*

Response DefaultHttpResponse(decodeResult: success, version: HTTP/1.1)
HTTP/1.1 200 OK
Content-Type: application/json; charset=utf-8
cache-control: no-cache
content-length: 14

21:11:29.534 [AsyncHttpClient-1-8] DEBUG org.asynchttpclient.netty.channel.ChannelManager - Adding key: http://localhost:54868 for channel [id: 0x4306e540, L:/127.0.0.1:61854 - R:localhost/127.0.0.1:54868]
21:11:29.535 [Forwarding setTimeout on session 599450049fac1d226f9704ddd7497b4e to remote] DEBUG org.asynchttpclient.netty.request.NettyRequestSender - Using pooled Channel '[id: 0x4306e540, L:/127.0.0.1:61854 - R:localhost/127.0.0.1:54868]' for 'POST' to 'http://localhost:54868/session/599450049fac1d226f9704ddd7497b4e/timeouts'
21:11:29.535 [Forwarding setTimeout on session 599450049fac1d226f9704ddd7497b4e to remote] DEBUG org.asynchttpclient.netty.request.NettyRequestSender - Using open Channel [id: 0x4306e540, L:/127.0.0.1:61854 - R:localhost/127.0.0.1:54868] for POST '/session/599450049fac1d226f9704ddd7497b4e/timeouts'
21:11:29.536 [AsyncHttpClient-1-8] DEBUG org.asynchttpclient.netty.handler.HttpHandler - 

Request DefaultHttpRequest(decodeResult: success, version: HTTP/1.1)
POST /session/599450049fac1d226f9704ddd7497b4e/timeouts HTTP/1.1
User-Agent: selenium/4.1.2 (java windows)
Content-Length: 22
Content-Type: application/json; charset=utf-8
host: localhost:54868
accept: */*

Response DefaultHttpResponse(decodeResult: success, version: HTTP/1.1)
HTTP/1.1 200 OK
Content-Type: application/json; charset=utf-8
cache-control: no-cache
content-length: 14

21:11:29.536 [AsyncHttpClient-1-8] DEBUG org.asynchttpclient.netty.channel.ChannelManager - Adding key: http://localhost:54868 for channel [id: 0x4306e540, L:/127.0.0.1:61854 - R:localhost/127.0.0.1:54868]
21:11:29.538 [Forwarding getCurrentUrl on session 599450049fac1d226f9704ddd7497b4e to remote] DEBUG org.asynchttpclient.netty.request.NettyRequestSender - Using pooled Channel '[id: 0x4306e540, L:/127.0.0.1:61854 - R:localhost/127.0.0.1:54868]' for 'GET' to 'http://localhost:54868/session/599450049fac1d226f9704ddd7497b4e/url'
21:11:29.539 [Forwarding getCurrentUrl on session 599450049fac1d226f9704ddd7497b4e to remote] DEBUG org.asynchttpclient.netty.request.NettyRequestSender - Using open Channel [id: 0x4306e540, L:/127.0.0.1:61854 - R:localhost/127.0.0.1:54868] for GET '/session/599450049fac1d226f9704ddd7497b4e/url'
21:11:29.544 [AsyncHttpClient-1-8] DEBUG org.asynchttpclient.netty.handler.HttpHandler - 

Request DefaultFullHttpRequest(decodeResult: success, version: HTTP/1.1, content: EmptyByteBufBE)
GET /session/599450049fac1d226f9704ddd7497b4e/url HTTP/1.1
User-Agent: selenium/4.1.2 (java windows)
Cache-Control: no-cache
Content-Type: application/json; charset=utf-8
host: localhost:54868
accept: */*

Response DefaultHttpResponse(decodeResult: success, version: HTTP/1.1)
HTTP/1.1 200 OK
Content-Type: application/json; charset=utf-8
cache-control: no-cache
content-length: 51

21:11:29.545 [AsyncHttpClient-1-8] DEBUG org.asynchttpclient.netty.channel.ChannelManager - Adding key: http://localhost:54868 for channel [id: 0x4306e540, L:/127.0.0.1:61854 - R:localhost/127.0.0.1:54868]
  &amp#27;[32mGiven &amp#27;[0m&amp#27;[32mI am on the login pagee&amp#27;[0m                                   &amp#27;[90m# starter.stepdefinitions.RegisterStep.iAmOnTheLoginPagee()&amp#27;[0m
21:11:29.552 [Forwarding screenshot on session 599450049fac1d226f9704ddd7497b4e to remote] DEBUG org.asynchttpclient.netty.request.NettyRequestSender - Using pooled Channel '[id: 0x4306e540, L:/127.0.0.1:61854 - R:localhost/127.0.0.1:54868]' for 'GET' to 'http://localhost:54868/session/599450049fac1d226f9704ddd7497b4e/screenshot'
21:11:29.553 [Forwarding screenshot on session 599450049fac1d226f9704ddd7497b4e to remote] DEBUG org.asynchttpclient.netty.request.NettyRequestSender - Using open Channel [id: 0x4306e540, L:/127.0.0.1:61854 - R:localhost/127.0.0.1:54868] for GET '/session/599450049fac1d226f9704ddd7497b4e/screenshot'
21:11:29.862 [AsyncHttpClient-1-8] DEBUG org.asynchttpclient.netty.handler.HttpHandler - 

Request DefaultFullHttpRequest(decodeResult: success, version: HTTP/1.1, content: EmptyByteBufBE)
GET /session/599450049fac1d226f9704ddd7497b4e/screenshot HTTP/1.1
User-Agent: selenium/4.1.2 (java windows)
Cache-Control: no-cache
Content-Type: application/json; charset=utf-8
host: localhost:54868
accept: */*

Response DefaultHttpResponse(decodeResult: success, version: HTTP/1.1)
HTTP/1.1 200 OK
Content-Type: application/json; charset=utf-8
cache-control: no-cache
content-length: 22956

21:11:29.863 [AsyncHttpClient-1-8] DEBUG org.asynchttpclient.netty.channel.ChannelManager - Adding key: http://localhost:54868 for channel [id: 0x4306e540, L:/127.0.0.1:61854 - R:localhost/127.0.0.1:54868]
21:11:29.864 [main] DEBUG net.serenitybdd.core.photography.Darkroom - Send negative for processing for target\site\serenity\aee116daef9f70687dbaee6bc527f5648618468770bbd8309c15c6b66fad3d98.png
21:11:29.870 [Forwarding findElement on session 599450049fac1d226f9704ddd7497b4e to remote] DEBUG org.asynchttpclient.netty.request.NettyRequestSender - Using pooled Channel '[id: 0x4306e540, L:/127.0.0.1:61854 - R:localhost/127.0.0.1:54868]' for 'POST' to 'http://localhost:54868/session/599450049fac1d226f9704ddd7497b4e/element'
21:11:29.870 [Forwarding findElement on session 599450049fac1d226f9704ddd7497b4e to remote] DEBUG org.asynchttpclient.netty.request.NettyRequestSender - Using open Channel [id: 0x4306e540, L:/127.0.0.1:61854 - R:localhost/127.0.0.1:54868] for POST '/session/599450049fac1d226f9704ddd7497b4e/element'
21:11:29.881 [AsyncHttpClient-1-8] DEBUG org.asynchttpclient.netty.handler.HttpHandler - 

Request DefaultHttpRequest(decodeResult: success, version: HTTP/1.1)
POST /session/599450049fac1d226f9704ddd7497b4e/element HTTP/1.1
User-Agent: selenium/4.1.2 (java windows)
Content-Length: 80
Content-Type: application/json; charset=utf-8
host: localhost:54868
accept: */*

Response DefaultHttpResponse(decodeResult: success, version: HTTP/1.1)
HTTP/1.1 200 OK
Content-Type: application/json; charset=utf-8
cache-control: no-cache
content-length: 88

21:11:29.881 [AsyncHttpClient-1-8] DEBUG org.asynchttpclient.netty.channel.ChannelManager - Adding key: http://localhost:54868 for channel [id: 0x4306e540, L:/127.0.0.1:61854 - R:localhost/127.0.0.1:54868]
21:11:29.882 [Forwarding getElementTagName on session 599450049fac1d226f9704ddd7497b4e to remote] DEBUG org.asynchttpclient.netty.request.NettyRequestSender - Using pooled Channel '[id: 0x4306e540, L:/127.0.0.1:61854 - R:localhost/127.0.0.1:54868]' for 'GET' to 'http://localhost:54868/session/599450049fac1d226f9704ddd7497b4e/element/798bc617-c52a-48fa-8777-3102ee1b6481/name'
21:11:29.882 [Forwarding getElementTagName on session 599450049fac1d226f9704ddd7497b4e to remote] DEBUG org.asynchttpclient.netty.request.NettyRequestSender - Using open Channel [id: 0x4306e540, L:/127.0.0.1:61854 - R:localhost/127.0.0.1:54868] for GET '/session/599450049fac1d226f9704ddd7497b4e/element/798bc617-c52a-48fa-8777-3102ee1b6481/name'
21:11:29.886 [AsyncHttpClient-1-8] DEBUG org.asynchttpclient.netty.handler.HttpHandler - 

Request DefaultFullHttpRequest(decodeResult: success, version: HTTP/1.1, content: EmptyByteBufBE)
GET /session/599450049fac1d226f9704ddd7497b4e/element/798bc617-c52a-48fa-8777-3102ee1b6481/name HTTP/1.1
User-Agent: selenium/4.1.2 (java windows)
Cache-Control: no-cache
Content-Type: application/json; charset=utf-8
host: localhost:54868
accept: */*

Response DefaultHttpResponse(decodeResult: success, version: HTTP/1.1)
HTTP/1.1 200 OK
Content-Type: application/json; charset=utf-8
cache-control: no-cache
content-length: 13

21:11:29.886 [AsyncHttpClient-1-8] DEBUG org.asynchttpclient.netty.channel.ChannelManager - Adding key: http://localhost:54868 for channel [id: 0x4306e540, L:/127.0.0.1:61854 - R:localhost/127.0.0.1:54868]
21:11:29.887 [Forwarding getElementTagName on session 599450049fac1d226f9704ddd7497b4e to remote] DEBUG org.asynchttpclient.netty.request.NettyRequestSender - Using pooled Channel '[id: 0x4306e540, L:/127.0.0.1:61854 - R:localhost/127.0.0.1:54868]' for 'GET' to 'http://localhost:54868/session/599450049fac1d226f9704ddd7497b4e/element/798bc617-c52a-48fa-8777-3102ee1b6481/name'
21:11:29.887 [Forwarding getElementTagName on session 599450049fac1d226f9704ddd7497b4e to remote] DEBUG org.asynchttpclient.netty.request.NettyRequestSender - Using open Channel [id: 0x4306e540, L:/127.0.0.1:61854 - R:localhost/127.0.0.1:54868] for GET '/session/599450049fac1d226f9704ddd7497b4e/element/798bc617-c52a-48fa-8777-3102ee1b6481/name'
21:11:29.890 [AsyncHttpClient-1-8] DEBUG org.asynchttpclient.netty.handler.HttpHandler - 

Request DefaultFullHttpRequest(decodeResult: success, version: HTTP/1.1, content: EmptyByteBufBE)
GET /session/599450049fac1d226f9704ddd7497b4e/element/798bc617-c52a-48fa-8777-3102ee1b6481/name HTTP/1.1
User-Agent: selenium/4.1.2 (java windows)
Cache-Control: no-cache
Content-Type: application/json; charset=utf-8
host: localhost:54868
accept: */*

Response DefaultHttpResponse(decodeResult: success, version: HTTP/1.1)
HTTP/1.1 200 OK
Content-Type: application/json; charset=utf-8
cache-control: no-cache
content-length: 13

21:11:29.890 [AsyncHttpClient-1-8] DEBUG org.asynchttpclient.netty.channel.ChannelManager - Adding key: http://localhost:54868 for channel [id: 0x4306e540, L:/127.0.0.1:61854 - R:localhost/127.0.0.1:54868]
21:11:29.892 [Forwarding findElement on session 599450049fac1d226f9704ddd7497b4e to remote] DEBUG org.asynchttpclient.netty.request.NettyRequestSender - Using pooled Channel '[id: 0x4306e540, L:/127.0.0.1:61854 - R:localhost/127.0.0.1:54868]' for 'POST' to 'http://localhost:54868/session/599450049fac1d226f9704ddd7497b4e/element'
21:11:29.892 [Forwarding findElement on session 599450049fac1d226f9704ddd7497b4e to remote] DEBUG org.asynchttpclient.netty.request.NettyRequestSender - Using open Channel [id: 0x4306e540, L:/127.0.0.1:61854 - R:localhost/127.0.0.1:54868] for POST '/session/599450049fac1d226f9704ddd7497b4e/element'
21:11:29.897 [AsyncHttpClient-1-8] DEBUG org.asynchttpclient.netty.handler.HttpHandler - 

Request DefaultHttpRequest(decodeResult: success, version: HTTP/1.1)
POST /session/599450049fac1d226f9704ddd7497b4e/element HTTP/1.1
User-Agent: selenium/4.1.2 (java windows)
Content-Length: 80
Content-Type: application/json; charset=utf-8
host: localhost:54868
accept: */*

Response DefaultHttpResponse(decodeResult: success, version: HTTP/1.1)
HTTP/1.1 200 OK
Content-Type: application/json; charset=utf-8
cache-control: no-cache
content-length: 88

21:11:29.897 [AsyncHttpClient-1-8] DEBUG org.asynchttpclient.netty.channel.ChannelManager - Adding key: http://localhost:54868 for channel [id: 0x4306e540, L:/127.0.0.1:61854 - R:localhost/127.0.0.1:54868]
21:11:29.898 [Forwarding clickElement on session 599450049fac1d226f9704ddd7497b4e to remote] DEBUG org.asynchttpclient.netty.request.NettyRequestSender - Using pooled Channel '[id: 0x4306e540, L:/127.0.0.1:61854 - R:localhost/127.0.0.1:54868]' for 'POST' to 'http://localhost:54868/session/599450049fac1d226f9704ddd7497b4e/element/798bc617-c52a-48fa-8777-3102ee1b6481/click'
21:11:29.898 [Forwarding clickElement on session 599450049fac1d226f9704ddd7497b4e to remote] DEBUG org.asynchttpclient.netty.request.NettyRequestSender - Using open Channel [id: 0x4306e540, L:/127.0.0.1:61854 - R:localhost/127.0.0.1:54868] for POST '/session/599450049fac1d226f9704ddd7497b4e/element/798bc617-c52a-48fa-8777-3102ee1b6481/click'
21:11:29.942 [AsyncHttpClient-1-8] DEBUG org.asynchttpclient.netty.handler.HttpHandler - 

Request DefaultHttpRequest(decodeResult: success, version: HTTP/1.1)
POST /session/599450049fac1d226f9704ddd7497b4e/element/798bc617-c52a-48fa-8777-3102ee1b6481/click HTTP/1.1
User-Agent: selenium/4.1.2 (java windows)
Content-Length: 50
Content-Type: application/json; charset=utf-8
host: localhost:54868
accept: */*

Response DefaultHttpResponse(decodeResult: success, version: HTTP/1.1)
HTTP/1.1 200 OK
Content-Type: application/json; charset=utf-8
cache-control: no-cache
content-length: 14

21:11:29.943 [AsyncHttpClient-1-8] DEBUG org.asynchttpclient.netty.channel.ChannelManager - Adding key: http://localhost:54868 for channel [id: 0x4306e540, L:/127.0.0.1:61854 - R:localhost/127.0.0.1:54868]
  &amp#27;[32mWhen &amp#27;[0m&amp#27;[32mI click register buttonn&amp#27;[0m                                   &amp#27;[90m# starter.stepdefinitions.RegisterStep.iClickRegisterButtonn()&amp#27;[0m
21:11:29.949 [Forwarding screenshot on session 599450049fac1d226f9704ddd7497b4e to remote] DEBUG org.asynchttpclient.netty.request.NettyRequestSender - Using pooled Channel '[id: 0x4306e540, L:/127.0.0.1:61854 - R:localhost/127.0.0.1:54868]' for 'GET' to 'http://localhost:54868/session/599450049fac1d226f9704ddd7497b4e/screenshot'
21:11:29.950 [Forwarding screenshot on session 599450049fac1d226f9704ddd7497b4e to remote] DEBUG org.asynchttpclient.netty.request.NettyRequestSender - Using open Channel [id: 0x4306e540, L:/127.0.0.1:61854 - R:localhost/127.0.0.1:54868] for GET '/session/599450049fac1d226f9704ddd7497b4e/screenshot'
21:11:30.070 [AsyncHttpClient-1-8] DEBUG org.asynchttpclient.netty.handler.HttpHandler - 

Request DefaultFullHttpRequest(decodeResult: success, version: HTTP/1.1, content: EmptyByteBufBE)
GET /session/599450049fac1d226f9704ddd7497b4e/screenshot HTTP/1.1
User-Agent: selenium/4.1.2 (java windows)
Cache-Control: no-cache
Content-Type: application/json; charset=utf-8
host: localhost:54868
accept: */*

Response DefaultHttpResponse(decodeResult: success, version: HTTP/1.1)
HTTP/1.1 200 OK
Content-Type: application/json; charset=utf-8
cache-control: no-cache
content-length: 27708

21:11:30.070 [AsyncHttpClient-1-8] DEBUG org.asynchttpclient.netty.channel.ChannelManager - Adding key: http://localhost:54868 for channel [id: 0x4306e540, L:/127.0.0.1:61854 - R:localhost/127.0.0.1:54868]
21:11:30.071 [main] DEBUG net.serenitybdd.core.photography.Darkroom - Send negative for processing for target\site\serenity\8f0c185afbd6fcc6677967c23d2de426d9b7ece2f81d10c25b5e7ef3de6a722a.png
21:11:30.076 [Forwarding findElement on session 599450049fac1d226f9704ddd7497b4e to remote] DEBUG org.asynchttpclient.netty.request.NettyRequestSender - Using pooled Channel '[id: 0x4306e540, L:/127.0.0.1:61854 - R:localhost/127.0.0.1:54868]' for 'POST' to 'http://localhost:54868/session/599450049fac1d226f9704ddd7497b4e/element'
21:11:30.076 [Forwarding findElement on session 599450049fac1d226f9704ddd7497b4e to remote] DEBUG org.asynchttpclient.netty.request.NettyRequestSender - Using open Channel [id: 0x4306e540, L:/127.0.0.1:61854 - R:localhost/127.0.0.1:54868] for POST '/session/599450049fac1d226f9704ddd7497b4e/element'
21:11:30.086 [AsyncHttpClient-1-8] DEBUG org.asynchttpclient.netty.handler.HttpHandler - 

Request DefaultHttpRequest(decodeResult: success, version: HTTP/1.1)
POST /session/599450049fac1d226f9704ddd7497b4e/element HTTP/1.1
User-Agent: selenium/4.1.2 (java windows)
Content-Length: 93
Content-Type: application/json; charset=utf-8
host: localhost:54868
accept: */*

Response DefaultHttpResponse(decodeResult: success, version: HTTP/1.1)
HTTP/1.1 200 OK
Content-Type: application/json; charset=utf-8
cache-control: no-cache
content-length: 88

21:11:30.086 [AsyncHttpClient-1-8] DEBUG org.asynchttpclient.netty.channel.ChannelManager - Adding key: http://localhost:54868 for channel [id: 0x4306e540, L:/127.0.0.1:61854 - R:localhost/127.0.0.1:54868]
21:11:30.087 [Forwarding clearElement on session 599450049fac1d226f9704ddd7497b4e to remote] DEBUG org.asynchttpclient.netty.request.NettyRequestSender - Using pooled Channel '[id: 0x4306e540, L:/127.0.0.1:61854 - R:localhost/127.0.0.1:54868]' for 'POST' to 'http://localhost:54868/session/599450049fac1d226f9704ddd7497b4e/element/fdb7f5dd-ddf9-45d0-a149-c3ffb5f79297/clear'
21:11:30.087 [Forwarding clearElement on session 599450049fac1d226f9704ddd7497b4e to remote] DEBUG org.asynchttpclient.netty.request.NettyRequestSender - Using open Channel [id: 0x4306e540, L:/127.0.0.1:61854 - R:localhost/127.0.0.1:54868] for POST '/session/599450049fac1d226f9704ddd7497b4e/element/fdb7f5dd-ddf9-45d0-a149-c3ffb5f79297/clear'
21:11:30.112 [AsyncHttpClient-1-8] DEBUG org.asynchttpclient.netty.handler.HttpHandler - 

Request DefaultHttpRequest(decodeResult: success, version: HTTP/1.1)
POST /session/599450049fac1d226f9704ddd7497b4e/element/fdb7f5dd-ddf9-45d0-a149-c3ffb5f79297/clear HTTP/1.1
User-Agent: selenium/4.1.2 (java windows)
Content-Length: 50
Content-Type: application/json; charset=utf-8
host: localhost:54868
accept: */*

Response DefaultHttpResponse(decodeResult: success, version: HTTP/1.1)
HTTP/1.1 200 OK
Content-Type: application/json; charset=utf-8
cache-control: no-cache
content-length: 14

21:11:30.112 [AsyncHttpClient-1-8] DEBUG org.asynchttpclient.netty.channel.ChannelManager - Adding key: http://localhost:54868 for channel [id: 0x4306e540, L:/127.0.0.1:61854 - R:localhost/127.0.0.1:54868]
21:11:30.114 [Forwarding sendKeysToElement on session 599450049fac1d226f9704ddd7497b4e to remote] DEBUG org.asynchttpclient.netty.request.NettyRequestSender - Using pooled Channel '[id: 0x4306e540, L:/127.0.0.1:61854 - R:localhost/127.0.0.1:54868]' for 'POST' to 'http://localhost:54868/session/599450049fac1d226f9704ddd7497b4e/element/fdb7f5dd-ddf9-45d0-a149-c3ffb5f79297/value'
21:11:30.114 [Forwarding sendKeysToElement on session 599450049fac1d226f9704ddd7497b4e to remote] DEBUG org.asynchttpclient.netty.request.NettyRequestSender - Using open Channel [id: 0x4306e540, L:/127.0.0.1:61854 - R:localhost/127.0.0.1:54868] for POST '/session/599450049fac1d226f9704ddd7497b4e/element/fdb7f5dd-ddf9-45d0-a149-c3ffb5f79297/value'
21:11:30.148 [AsyncHttpClient-1-8] DEBUG org.asynchttpclient.netty.handler.HttpHandler - 

Request DefaultHttpRequest(decodeResult: success, version: HTTP/1.1)
POST /session/599450049fac1d226f9704ddd7497b4e/element/fdb7f5dd-ddf9-45d0-a149-c3ffb5f79297/value HTTP/1.1
User-Agent: selenium/4.1.2 (java windows)
Content-Length: 82
Content-Type: application/json; charset=utf-8
host: localhost:54868
accept: */*

Response DefaultHttpResponse(decodeResult: success, version: HTTP/1.1)
HTTP/1.1 200 OK
Content-Type: application/json; charset=utf-8
cache-control: no-cache
content-length: 14

21:11:30.148 [AsyncHttpClient-1-8] DEBUG org.asynchttpclient.netty.channel.ChannelManager - Adding key: http://localhost:54868 for channel [id: 0x4306e540, L:/127.0.0.1:61854 - R:localhost/127.0.0.1:54868]
  &amp#27;[32mAnd &amp#27;[0m&amp#27;[32mI input null namaa&amp#27;[0m                                          &amp#27;[90m# starter.stepdefinitions.RegisterStep.iInputNullNamaa()&amp#27;[0m
21:11:30.156 [Forwarding screenshot on session 599450049fac1d226f9704ddd7497b4e to remote] DEBUG org.asynchttpclient.netty.request.NettyRequestSender - Using pooled Channel '[id: 0x4306e540, L:/127.0.0.1:61854 - R:localhost/127.0.0.1:54868]' for 'GET' to 'http://localhost:54868/session/599450049fac1d226f9704ddd7497b4e/screenshot'
21:11:30.156 [Forwarding screenshot on session 599450049fac1d226f9704ddd7497b4e to remote] DEBUG org.asynchttpclient.netty.request.NettyRequestSender - Using open Channel [id: 0x4306e540, L:/127.0.0.1:61854 - R:localhost/127.0.0.1:54868] for GET '/session/599450049fac1d226f9704ddd7497b4e/screenshot'
21:11:30.268 [AsyncHttpClient-1-8] DEBUG org.asynchttpclient.netty.handler.HttpHandler - 

Request DefaultFullHttpRequest(decodeResult: success, version: HTTP/1.1, content: EmptyByteBufBE)
GET /session/599450049fac1d226f9704ddd7497b4e/screenshot HTTP/1.1
User-Agent: selenium/4.1.2 (java windows)
Cache-Control: no-cache
Content-Type: application/json; charset=utf-8
host: localhost:54868
accept: */*

Response DefaultHttpResponse(decodeResult: success, version: HTTP/1.1)
HTTP/1.1 200 OK
Content-Type: application/json; charset=utf-8
cache-control: no-cache
content-length: 28148

21:11:30.268 [AsyncHttpClient-1-8] DEBUG org.asynchttpclient.netty.channel.ChannelManager - Adding key: http://localhost:54868 for channel [id: 0x4306e540, L:/127.0.0.1:61854 - R:localhost/127.0.0.1:54868]
21:11:30.270 [main] DEBUG net.serenitybdd.core.photography.Darkroom - Send negative for processing for target\site\serenity\979919046eb2401267d8480c640c2df443be070fe315d333f16e06492e70d8fd.png
21:11:30.270 [Darkroom Processing Line] DEBUG net.serenitybdd.core.photography.DarkroomProcessingLine - Processing screenshot image in /var/screenshots/screenshot-7671995024807918960
21:11:30.270 [Darkroom Processing Line] DEBUG net.serenitybdd.core.photography.DarkroomProcessingLine - Saving screenshot to target\site\serenity\979919046eb2401267d8480c640c2df443be070fe315d333f16e06492e70d8fd.png
21:11:30.276 [Forwarding findElement on session 599450049fac1d226f9704ddd7497b4e to remote] DEBUG org.asynchttpclient.netty.request.NettyRequestSender - Using pooled Channel '[id: 0x4306e540, L:/127.0.0.1:61854 - R:localhost/127.0.0.1:54868]' for 'POST' to 'http://localhost:54868/session/599450049fac1d226f9704ddd7497b4e/element'
21:11:30.276 [Forwarding findElement on session 599450049fac1d226f9704ddd7497b4e to remote] DEBUG org.asynchttpclient.netty.request.NettyRequestSender - Using open Channel [id: 0x4306e540, L:/127.0.0.1:61854 - R:localhost/127.0.0.1:54868] for POST '/session/599450049fac1d226f9704ddd7497b4e/element'
21:11:30.286 [AsyncHttpClient-1-8] DEBUG org.asynchttpclient.netty.handler.HttpHandler - 

Request DefaultHttpRequest(decodeResult: success, version: HTTP/1.1)
POST /session/599450049fac1d226f9704ddd7497b4e/element HTTP/1.1
User-Agent: selenium/4.1.2 (java windows)
Content-Length: 86
Content-Type: application/json; charset=utf-8
host: localhost:54868
accept: */*

Response DefaultHttpResponse(decodeResult: success, version: HTTP/1.1)
HTTP/1.1 200 OK
Content-Type: application/json; charset=utf-8
cache-control: no-cache
content-length: 88

21:11:30.286 [AsyncHttpClient-1-8] DEBUG org.asynchttpclient.netty.channel.ChannelManager - Adding key: http://localhost:54868 for channel [id: 0x4306e540, L:/127.0.0.1:61854 - R:localhost/127.0.0.1:54868]
21:11:30.287 [Forwarding clearElement on session 599450049fac1d226f9704ddd7497b4e to remote] DEBUG org.asynchttpclient.netty.request.NettyRequestSender - Using pooled Channel '[id: 0x4306e540, L:/127.0.0.1:61854 - R:localhost/127.0.0.1:54868]' for 'POST' to 'http://localhost:54868/session/599450049fac1d226f9704ddd7497b4e/element/c32569c3-7590-4dff-8269-d0f4c58e7b14/clear'
21:11:30.287 [Forwarding clearElement on session 599450049fac1d226f9704ddd7497b4e to remote] DEBUG org.asynchttpclient.netty.request.NettyRequestSender - Using open Channel [id: 0x4306e540, L:/127.0.0.1:61854 - R:localhost/127.0.0.1:54868] for POST '/session/599450049fac1d226f9704ddd7497b4e/element/c32569c3-7590-4dff-8269-d0f4c58e7b14/clear'
21:11:30.313 [AsyncHttpClient-1-8] DEBUG org.asynchttpclient.netty.handler.HttpHandler - 

Request DefaultHttpRequest(decodeResult: success, version: HTTP/1.1)
POST /session/599450049fac1d226f9704ddd7497b4e/element/c32569c3-7590-4dff-8269-d0f4c58e7b14/clear HTTP/1.1
User-Agent: selenium/4.1.2 (java windows)
Content-Length: 50
Content-Type: application/json; charset=utf-8
host: localhost:54868
accept: */*

Response DefaultHttpResponse(decodeResult: success, version: HTTP/1.1)
HTTP/1.1 200 OK
Content-Type: application/json; charset=utf-8
cache-control: no-cache
content-length: 14

21:11:30.313 [AsyncHttpClient-1-8] DEBUG org.asynchttpclient.netty.channel.ChannelManager - Adding key: http://localhost:54868 for channel [id: 0x4306e540, L:/127.0.0.1:61854 - R:localhost/127.0.0.1:54868]
21:11:30.315 [Forwarding sendKeysToElement on session 599450049fac1d226f9704ddd7497b4e to remote] DEBUG org.asynchttpclient.netty.request.NettyRequestSender - Using pooled Channel '[id: 0x4306e540, L:/127.0.0.1:61854 - R:localhost/127.0.0.1:54868]' for 'POST' to 'http://localhost:54868/session/599450049fac1d226f9704ddd7497b4e/element/c32569c3-7590-4dff-8269-d0f4c58e7b14/value'
21:11:30.315 [Forwarding sendKeysToElement on session 599450049fac1d226f9704ddd7497b4e to remote] DEBUG org.asynchttpclient.netty.request.NettyRequestSender - Using open Channel [id: 0x4306e540, L:/127.0.0.1:61854 - R:localhost/127.0.0.1:54868] for POST '/session/599450049fac1d226f9704ddd7497b4e/element/c32569c3-7590-4dff-8269-d0f4c58e7b14/value'
21:11:30.329 [AsyncHttpClient-1-1] DEBUG org.asynchttpclient.netty.channel.DefaultChannelPool - Entry count for : http://localhost:61855 : 1
21:11:30.456 [AsyncHttpClient-1-8] DEBUG org.asynchttpclient.netty.handler.HttpHandler - 

Request DefaultHttpRequest(decodeResult: success, version: HTTP/1.1)
POST /session/599450049fac1d226f9704ddd7497b4e/element/c32569c3-7590-4dff-8269-d0f4c58e7b14/value HTTP/1.1
User-Agent: selenium/4.1.2 (java windows)
Content-Length: 351
Content-Type: application/json; charset=utf-8
host: localhost:54868
accept: */*

Response DefaultHttpResponse(decodeResult: success, version: HTTP/1.1)
HTTP/1.1 200 OK
Content-Type: application/json; charset=utf-8
cache-control: no-cache
content-length: 14

21:11:30.456 [AsyncHttpClient-1-8] DEBUG org.asynchttpclient.netty.channel.ChannelManager - Adding key: http://localhost:54868 for channel [id: 0x4306e540, L:/127.0.0.1:61854 - R:localhost/127.0.0.1:54868]
  &amp#27;[32mAnd &amp#27;[0m&amp#27;[32mI input valid emaill&amp#27;[0m                                        &amp#27;[90m# starter.stepdefinitions.RegisterStep.iInputvalidemaill()&amp#27;[0m
21:11:30.462 [Forwarding screenshot on session 599450049fac1d226f9704ddd7497b4e to remote] DEBUG org.asynchttpclient.netty.request.NettyRequestSender - Using pooled Channel '[id: 0x4306e540, L:/127.0.0.1:61854 - R:localhost/127.0.0.1:54868]' for 'GET' to 'http://localhost:54868/session/599450049fac1d226f9704ddd7497b4e/screenshot'
21:11:30.462 [Forwarding screenshot on session 599450049fac1d226f9704ddd7497b4e to remote] DEBUG org.asynchttpclient.netty.request.NettyRequestSender - Using open Channel [id: 0x4306e540, L:/127.0.0.1:61854 - R:localhost/127.0.0.1:54868] for GET '/session/599450049fac1d226f9704ddd7497b4e/screenshot'
21:11:30.585 [AsyncHttpClient-1-8] DEBUG org.asynchttpclient.netty.handler.HttpHandler - 

Request DefaultFullHttpRequest(decodeResult: success, version: HTTP/1.1, content: EmptyByteBufBE)
GET /session/599450049fac1d226f9704ddd7497b4e/screenshot HTTP/1.1
User-Agent: selenium/4.1.2 (java windows)
Cache-Control: no-cache
Content-Type: application/json; charset=utf-8
host: localhost:54868
accept: */*

Response DefaultHttpResponse(decodeResult: success, version: HTTP/1.1)
HTTP/1.1 200 OK
Content-Type: application/json; charset=utf-8
cache-control: no-cache
content-length: 34464

21:11:30.585 [AsyncHttpClient-1-8] DEBUG org.asynchttpclient.netty.channel.ChannelManager - Adding key: http://localhost:54868 for channel [id: 0x4306e540, L:/127.0.0.1:61854 - R:localhost/127.0.0.1:54868]
21:11:30.586 [main] DEBUG net.serenitybdd.core.photography.Darkroom - Send negative for processing for target\site\serenity\4c6efb93ac0eb8c91559e91033da6fd1b0582f570a95e7d2978a20fe50f279c2.png
21:11:30.586 [Darkroom Processing Line] DEBUG net.serenitybdd.core.photography.DarkroomProcessingLine - Processing screenshot image in /var/screenshots/screenshot-1920027042548449029
21:11:30.586 [Darkroom Processing Line] DEBUG net.serenitybdd.core.photography.DarkroomProcessingLine - Saving screenshot to target\site\serenity\4c6efb93ac0eb8c91559e91033da6fd1b0582f570a95e7d2978a20fe50f279c2.png
21:11:30.590 [Forwarding findElement on session 599450049fac1d226f9704ddd7497b4e to remote] DEBUG org.asynchttpclient.netty.request.NettyRequestSender - Using pooled Channel '[id: 0x4306e540, L:/127.0.0.1:61854 - R:localhost/127.0.0.1:54868]' for 'POST' to 'http://localhost:54868/session/599450049fac1d226f9704ddd7497b4e/element'
21:11:30.590 [Forwarding findElement on session 599450049fac1d226f9704ddd7497b4e to remote] DEBUG org.asynchttpclient.netty.request.NettyRequestSender - Using open Channel [id: 0x4306e540, L:/127.0.0.1:61854 - R:localhost/127.0.0.1:54868] for POST '/session/599450049fac1d226f9704ddd7497b4e/element'
21:11:30.602 [AsyncHttpClient-1-8] DEBUG org.asynchttpclient.netty.handler.HttpHandler - 

Request DefaultHttpRequest(decodeResult: success, version: HTTP/1.1)
POST /session/599450049fac1d226f9704ddd7497b4e/element HTTP/1.1
User-Agent: selenium/4.1.2 (java windows)
Content-Length: 89
Content-Type: application/json; charset=utf-8
host: localhost:54868
accept: */*

Response DefaultHttpResponse(decodeResult: success, version: HTTP/1.1)
HTTP/1.1 200 OK
Content-Type: application/json; charset=utf-8
cache-control: no-cache
content-length: 88

21:11:30.602 [AsyncHttpClient-1-8] DEBUG org.asynchttpclient.netty.channel.ChannelManager - Adding key: http://localhost:54868 for channel [id: 0x4306e540, L:/127.0.0.1:61854 - R:localhost/127.0.0.1:54868]
21:11:30.602 [Forwarding clearElement on session 599450049fac1d226f9704ddd7497b4e to remote] DEBUG org.asynchttpclient.netty.request.NettyRequestSender - Using pooled Channel '[id: 0x4306e540, L:/127.0.0.1:61854 - R:localhost/127.0.0.1:54868]' for 'POST' to 'http://localhost:54868/session/599450049fac1d226f9704ddd7497b4e/element/4699cde0-8fcb-4c94-8be1-9761db6f6d0b/clear'
21:11:30.602 [Forwarding clearElement on session 599450049fac1d226f9704ddd7497b4e to remote] DEBUG org.asynchttpclient.netty.request.NettyRequestSender - Using open Channel [id: 0x4306e540, L:/127.0.0.1:61854 - R:localhost/127.0.0.1:54868] for POST '/session/599450049fac1d226f9704ddd7497b4e/element/4699cde0-8fcb-4c94-8be1-9761db6f6d0b/clear'
21:11:30.631 [AsyncHttpClient-1-8] DEBUG org.asynchttpclient.netty.handler.HttpHandler - 

Request DefaultHttpRequest(decodeResult: success, version: HTTP/1.1)
POST /session/599450049fac1d226f9704ddd7497b4e/element/4699cde0-8fcb-4c94-8be1-9761db6f6d0b/clear HTTP/1.1
User-Agent: selenium/4.1.2 (java windows)
Content-Length: 50
Content-Type: application/json; charset=utf-8
host: localhost:54868
accept: */*

Response DefaultHttpResponse(decodeResult: success, version: HTTP/1.1)
HTTP/1.1 200 OK
Content-Type: application/json; charset=utf-8
cache-control: no-cache
content-length: 14

21:11:30.632 [AsyncHttpClient-1-8] DEBUG org.asynchttpclient.netty.channel.ChannelManager - Adding key: http://localhost:54868 for channel [id: 0x4306e540, L:/127.0.0.1:61854 - R:localhost/127.0.0.1:54868]
21:11:30.634 [Forwarding sendKeysToElement on session 599450049fac1d226f9704ddd7497b4e to remote] DEBUG org.asynchttpclient.netty.request.NettyRequestSender - Using pooled Channel '[id: 0x4306e540, L:/127.0.0.1:61854 - R:localhost/127.0.0.1:54868]' for 'POST' to 'http://localhost:54868/session/599450049fac1d226f9704ddd7497b4e/element/4699cde0-8fcb-4c94-8be1-9761db6f6d0b/value'
21:11:30.634 [Forwarding sendKeysToElement on session 599450049fac1d226f9704ddd7497b4e to remote] DEBUG org.asynchttpclient.netty.request.NettyRequestSender - Using open Channel [id: 0x4306e540, L:/127.0.0.1:61854 - R:localhost/127.0.0.1:54868] for POST '/session/599450049fac1d226f9704ddd7497b4e/element/4699cde0-8fcb-4c94-8be1-9761db6f6d0b/value'
21:11:30.672 [AsyncHttpClient-1-8] DEBUG org.asynchttpclient.netty.handler.HttpHandler - 

Request DefaultHttpRequest(decodeResult: success, version: HTTP/1.1)
POST /session/599450049fac1d226f9704ddd7497b4e/element/4699cde0-8fcb-4c94-8be1-9761db6f6d0b/value HTTP/1.1
User-Agent: selenium/4.1.2 (java windows)
Content-Length: 82
Content-Type: application/json; charset=utf-8
host: localhost:54868
accept: */*

Response DefaultHttpResponse(decodeResult: success, version: HTTP/1.1)
HTTP/1.1 200 OK
Content-Type: application/json; charset=utf-8
cache-control: no-cache
content-length: 14

21:11:30.672 [AsyncHttpClient-1-8] DEBUG org.asynchttpclient.netty.channel.ChannelManager - Adding key: http://localhost:54868 for channel [id: 0x4306e540, L:/127.0.0.1:61854 - R:localhost/127.0.0.1:54868]
  &amp#27;[32mAnd &amp#27;[0m&amp#27;[32mI input null passwordd&amp#27;[0m                                      &amp#27;[90m# starter.stepdefinitions.RegisterStep.iInputNullPasswordd()&amp#27;[0m
21:11:30.676 [Forwarding screenshot on session 599450049fac1d226f9704ddd7497b4e to remote] DEBUG org.asynchttpclient.netty.request.NettyRequestSender - Using pooled Channel '[id: 0x4306e540, L:/127.0.0.1:61854 - R:localhost/127.0.0.1:54868]' for 'GET' to 'http://localhost:54868/session/599450049fac1d226f9704ddd7497b4e/screenshot'
21:11:30.676 [Forwarding screenshot on session 599450049fac1d226f9704ddd7497b4e to remote] DEBUG org.asynchttpclient.netty.request.NettyRequestSender - Using open Channel [id: 0x4306e540, L:/127.0.0.1:61854 - R:localhost/127.0.0.1:54868] for GET '/session/599450049fac1d226f9704ddd7497b4e/screenshot'
21:11:30.788 [AsyncHttpClient-1-8] DEBUG org.asynchttpclient.netty.handler.HttpHandler - 

Request DefaultFullHttpRequest(decodeResult: success, version: HTTP/1.1, content: EmptyByteBufBE)
GET /session/599450049fac1d226f9704ddd7497b4e/screenshot HTTP/1.1
User-Agent: selenium/4.1.2 (java windows)
Cache-Control: no-cache
Content-Type: application/json; charset=utf-8
host: localhost:54868
accept: */*

Response DefaultHttpResponse(decodeResult: success, version: HTTP/1.1)
HTTP/1.1 200 OK
Content-Type: application/json; charset=utf-8
cache-control: no-cache
content-length: 33316

21:11:30.788 [AsyncHttpClient-1-8] DEBUG org.asynchttpclient.netty.channel.ChannelManager - Adding key: http://localhost:54868 for channel [id: 0x4306e540, L:/127.0.0.1:61854 - R:localhost/127.0.0.1:54868]
21:11:30.789 [main] DEBUG net.serenitybdd.core.photography.Darkroom - Send negative for processing for target\site\serenity\e4d9ec765f179db02cd07bbae12494c8a2cb67a26a944c6395ef3ac10d90f9c4.png
21:11:30.789 [Darkroom Processing Line] DEBUG net.serenitybdd.core.photography.DarkroomProcessingLine - Processing screenshot image in /var/screenshots/screenshot-4465417789420348722
21:11:30.789 [Darkroom Processing Line] DEBUG net.serenitybdd.core.photography.DarkroomProcessingLine - Saving screenshot to target\site\serenity\e4d9ec765f179db02cd07bbae12494c8a2cb67a26a944c6395ef3ac10d90f9c4.png
21:11:30.795 [Forwarding findElement on session 599450049fac1d226f9704ddd7497b4e to remote] DEBUG org.asynchttpclient.netty.request.NettyRequestSender - Using pooled Channel '[id: 0x4306e540, L:/127.0.0.1:61854 - R:localhost/127.0.0.1:54868]' for 'POST' to 'http://localhost:54868/session/599450049fac1d226f9704ddd7497b4e/element'
21:11:30.795 [Forwarding findElement on session 599450049fac1d226f9704ddd7497b4e to remote] DEBUG org.asynchttpclient.netty.request.NettyRequestSender - Using open Channel [id: 0x4306e540, L:/127.0.0.1:61854 - R:localhost/127.0.0.1:54868] for POST '/session/599450049fac1d226f9704ddd7497b4e/element'
21:11:30.805 [AsyncHttpClient-1-8] DEBUG org.asynchttpclient.netty.handler.HttpHandler - 

Request DefaultHttpRequest(decodeResult: success, version: HTTP/1.1)
POST /session/599450049fac1d226f9704ddd7497b4e/element HTTP/1.1
User-Agent: selenium/4.1.2 (java windows)
Content-Length: 93
Content-Type: application/json; charset=utf-8
host: localhost:54868
accept: */*

Response DefaultHttpResponse(decodeResult: success, version: HTTP/1.1)
HTTP/1.1 200 OK
Content-Type: application/json; charset=utf-8
cache-control: no-cache
content-length: 88

21:11:30.805 [AsyncHttpClient-1-8] DEBUG org.asynchttpclient.netty.channel.ChannelManager - Adding key: http://localhost:54868 for channel [id: 0x4306e540, L:/127.0.0.1:61854 - R:localhost/127.0.0.1:54868]
21:11:30.806 [Forwarding getElementTagName on session 599450049fac1d226f9704ddd7497b4e to remote] DEBUG org.asynchttpclient.netty.request.NettyRequestSender - Using pooled Channel '[id: 0x4306e540, L:/127.0.0.1:61854 - R:localhost/127.0.0.1:54868]' for 'GET' to 'http://localhost:54868/session/599450049fac1d226f9704ddd7497b4e/element/83b2ea5f-ccb5-44b1-b0fb-f7c94d76d562/name'
21:11:30.806 [Forwarding getElementTagName on session 599450049fac1d226f9704ddd7497b4e to remote] DEBUG org.asynchttpclient.netty.request.NettyRequestSender - Using open Channel [id: 0x4306e540, L:/127.0.0.1:61854 - R:localhost/127.0.0.1:54868] for GET '/session/599450049fac1d226f9704ddd7497b4e/element/83b2ea5f-ccb5-44b1-b0fb-f7c94d76d562/name'
21:11:30.810 [AsyncHttpClient-1-8] DEBUG org.asynchttpclient.netty.handler.HttpHandler - 

Request DefaultFullHttpRequest(decodeResult: success, version: HTTP/1.1, content: EmptyByteBufBE)
GET /session/599450049fac1d226f9704ddd7497b4e/element/83b2ea5f-ccb5-44b1-b0fb-f7c94d76d562/name HTTP/1.1
User-Agent: selenium/4.1.2 (java windows)
Cache-Control: no-cache
Content-Type: application/json; charset=utf-8
host: localhost:54868
accept: */*

Response DefaultHttpResponse(decodeResult: success, version: HTTP/1.1)
HTTP/1.1 200 OK
Content-Type: application/json; charset=utf-8
cache-control: no-cache
content-length: 16

21:11:30.810 [AsyncHttpClient-1-8] DEBUG org.asynchttpclient.netty.channel.ChannelManager - Adding key: http://localhost:54868 for channel [id: 0x4306e540, L:/127.0.0.1:61854 - R:localhost/127.0.0.1:54868]
21:11:30.812 [Forwarding getElementTagName on session 599450049fac1d226f9704ddd7497b4e to remote] DEBUG org.asynchttpclient.netty.request.NettyRequestSender - Using pooled Channel '[id: 0x4306e540, L:/127.0.0.1:61854 - R:localhost/127.0.0.1:54868]' for 'GET' to 'http://localhost:54868/session/599450049fac1d226f9704ddd7497b4e/element/83b2ea5f-ccb5-44b1-b0fb-f7c94d76d562/name'
21:11:30.812 [Forwarding getElementTagName on session 599450049fac1d226f9704ddd7497b4e to remote] DEBUG org.asynchttpclient.netty.request.NettyRequestSender - Using open Channel [id: 0x4306e540, L:/127.0.0.1:61854 - R:localhost/127.0.0.1:54868] for GET '/session/599450049fac1d226f9704ddd7497b4e/element/83b2ea5f-ccb5-44b1-b0fb-f7c94d76d562/name'
21:11:30.816 [AsyncHttpClient-1-8] DEBUG org.asynchttpclient.netty.handler.HttpHandler - 

Request DefaultFullHttpRequest(decodeResult: success, version: HTTP/1.1, content: EmptyByteBufBE)
GET /session/599450049fac1d226f9704ddd7497b4e/element/83b2ea5f-ccb5-44b1-b0fb-f7c94d76d562/name HTTP/1.1
User-Agent: selenium/4.1.2 (java windows)
Cache-Control: no-cache
Content-Type: application/json; charset=utf-8
host: localhost:54868
accept: */*

Response DefaultHttpResponse(decodeResult: success, version: HTTP/1.1)
HTTP/1.1 200 OK
Content-Type: application/json; charset=utf-8
cache-control: no-cache
content-length: 16

21:11:30.816 [AsyncHttpClient-1-8] DEBUG org.asynchttpclient.netty.channel.ChannelManager - Adding key: http://localhost:54868 for channel [id: 0x4306e540, L:/127.0.0.1:61854 - R:localhost/127.0.0.1:54868]
21:11:30.817 [Forwarding findElement on session 599450049fac1d226f9704ddd7497b4e to remote] DEBUG org.asynchttpclient.netty.request.NettyRequestSender - Using pooled Channel '[id: 0x4306e540, L:/127.0.0.1:61854 - R:localhost/127.0.0.1:54868]' for 'POST' to 'http://localhost:54868/session/599450049fac1d226f9704ddd7497b4e/element'
21:11:30.817 [Forwarding findElement on session 599450049fac1d226f9704ddd7497b4e to remote] DEBUG org.asynchttpclient.netty.request.NettyRequestSender - Using open Channel [id: 0x4306e540, L:/127.0.0.1:61854 - R:localhost/127.0.0.1:54868] for POST '/session/599450049fac1d226f9704ddd7497b4e/element'
21:11:30.822 [AsyncHttpClient-1-8] DEBUG org.asynchttpclient.netty.handler.HttpHandler - 

Request DefaultHttpRequest(decodeResult: success, version: HTTP/1.1)
POST /session/599450049fac1d226f9704ddd7497b4e/element HTTP/1.1
User-Agent: selenium/4.1.2 (java windows)
Content-Length: 93
Content-Type: application/json; charset=utf-8
host: localhost:54868
accept: */*

Response DefaultHttpResponse(decodeResult: success, version: HTTP/1.1)
HTTP/1.1 200 OK
Content-Type: application/json; charset=utf-8
cache-control: no-cache
content-length: 88

21:11:30.823 [AsyncHttpClient-1-8] DEBUG org.asynchttpclient.netty.channel.ChannelManager - Adding key: http://localhost:54868 for channel [id: 0x4306e540, L:/127.0.0.1:61854 - R:localhost/127.0.0.1:54868]
21:11:30.823 [Forwarding clickElement on session 599450049fac1d226f9704ddd7497b4e to remote] DEBUG org.asynchttpclient.netty.request.NettyRequestSender - Using pooled Channel '[id: 0x4306e540, L:/127.0.0.1:61854 - R:localhost/127.0.0.1:54868]' for 'POST' to 'http://localhost:54868/session/599450049fac1d226f9704ddd7497b4e/element/83b2ea5f-ccb5-44b1-b0fb-f7c94d76d562/click'
21:11:30.823 [Forwarding clickElement on session 599450049fac1d226f9704ddd7497b4e to remote] DEBUG org.asynchttpclient.netty.request.NettyRequestSender - Using open Channel [id: 0x4306e540, L:/127.0.0.1:61854 - R:localhost/127.0.0.1:54868] for POST '/session/599450049fac1d226f9704ddd7497b4e/element/83b2ea5f-ccb5-44b1-b0fb-f7c94d76d562/click'
21:11:30.859 [AsyncHttpClient-1-8] DEBUG org.asynchttpclient.netty.handler.HttpHandler - 

Request DefaultHttpRequest(decodeResult: success, version: HTTP/1.1)
POST /session/599450049fac1d226f9704ddd7497b4e/element/83b2ea5f-ccb5-44b1-b0fb-f7c94d76d562/click HTTP/1.1
User-Agent: selenium/4.1.2 (java windows)
Content-Length: 50
Content-Type: application/json; charset=utf-8
host: localhost:54868
accept: */*

Response DefaultHttpResponse(decodeResult: success, version: HTTP/1.1)
HTTP/1.1 200 OK
Content-Type: application/json; charset=utf-8
cache-control: no-cache
content-length: 14

21:11:30.859 [AsyncHttpClient-1-8] DEBUG org.asynchttpclient.netty.channel.ChannelManager - Adding key: http://localhost:54868 for channel [id: 0x4306e540, L:/127.0.0.1:61854 - R:localhost/127.0.0.1:54868]
  &amp#27;[32mAnd &amp#27;[0m&amp#27;[32mI click register iconn&amp#27;[0m                                      &amp#27;[90m# starter.stepdefinitions.RegisterStep.iClickRegisterIconn()&amp#27;[0m
21:11:30.863 [Forwarding screenshot on session 599450049fac1d226f9704ddd7497b4e to remote] DEBUG org.asynchttpclient.netty.request.NettyRequestSender - Using pooled Channel '[id: 0x4306e540, L:/127.0.0.1:61854 - R:localhost/127.0.0.1:54868]' for 'GET' to 'http://localhost:54868/session/599450049fac1d226f9704ddd7497b4e/screenshot'
21:11:30.863 [Forwarding screenshot on session 599450049fac1d226f9704ddd7497b4e to remote] DEBUG org.asynchttpclient.netty.request.NettyRequestSender - Using open Channel [id: 0x4306e540, L:/127.0.0.1:61854 - R:localhost/127.0.0.1:54868] for GET '/session/599450049fac1d226f9704ddd7497b4e/screenshot'
21:11:30.985 [AsyncHttpClient-1-8] DEBUG org.asynchttpclient.netty.handler.HttpHandler - 

Request DefaultFullHttpRequest(decodeResult: success, version: HTTP/1.1, content: EmptyByteBufBE)
GET /session/599450049fac1d226f9704ddd7497b4e/screenshot HTTP/1.1
User-Agent: selenium/4.1.2 (java windows)
Cache-Control: no-cache
Content-Type: application/json; charset=utf-8
host: localhost:54868
accept: */*

Response DefaultHttpResponse(decodeResult: success, version: HTTP/1.1)
HTTP/1.1 200 OK
Content-Type: application/json; charset=utf-8
cache-control: no-cache
content-length: 33868

21:11:30.985 [AsyncHttpClient-1-8] DEBUG org.asynchttpclient.netty.channel.ChannelManager - Adding key: http://localhost:54868 for channel [id: 0x4306e540, L:/127.0.0.1:61854 - R:localhost/127.0.0.1:54868]
21:11:30.986 [main] DEBUG net.serenitybdd.core.photography.Darkroom - Send negative for processing for target\site\serenity\f344e975956d995ebb2e314aea58c37157e1c23a82f76f951af87ce5e97d5e91.png
21:11:30.986 [Darkroom Processing Line] DEBUG net.serenitybdd.core.photography.DarkroomProcessingLine - Processing screenshot image in /var/screenshots/screenshot-9036094706925834170
21:11:30.986 [Darkroom Processing Line] DEBUG net.serenitybdd.core.photography.DarkroomProcessingLine - Saving screenshot to target\site\serenity\f344e975956d995ebb2e314aea58c37157e1c23a82f76f951af87ce5e97d5e91.png
21:11:30.990 [Forwarding findElement on session 599450049fac1d226f9704ddd7497b4e to remote] DEBUG org.asynchttpclient.netty.request.NettyRequestSender - Using pooled Channel '[id: 0x4306e540, L:/127.0.0.1:61854 - R:localhost/127.0.0.1:54868]' for 'POST' to 'http://localhost:54868/session/599450049fac1d226f9704ddd7497b4e/element'
21:11:30.990 [Forwarding findElement on session 599450049fac1d226f9704ddd7497b4e to remote] DEBUG org.asynchttpclient.netty.request.NettyRequestSender - Using open Channel [id: 0x4306e540, L:/127.0.0.1:61854 - R:localhost/127.0.0.1:54868] for POST '/session/599450049fac1d226f9704ddd7497b4e/element'
21:11:31.417 [AsyncHttpClient-1-1] DEBUG org.asynchttpclient.netty.channel.DefaultChannelPool - Entry count for : http://localhost:61855 : 1
21:11:32.470 [AsyncHttpClient-1-8] DEBUG org.asynchttpclient.netty.handler.HttpHandler - 

Request DefaultHttpRequest(decodeResult: success, version: HTTP/1.1)
POST /session/599450049fac1d226f9704ddd7497b4e/element HTTP/1.1
User-Agent: selenium/4.1.2 (java windows)
Content-Length: 148
Content-Type: application/json; charset=utf-8
host: localhost:54868
accept: */*

Response DefaultHttpResponse(decodeResult: success, version: HTTP/1.1)
HTTP/1.1 200 OK
Content-Type: application/json; charset=utf-8
cache-control: no-cache
content-length: 88

21:11:32.470 [AsyncHttpClient-1-8] DEBUG org.asynchttpclient.netty.channel.ChannelManager - Adding key: http://localhost:54868 for channel [id: 0x4306e540, L:/127.0.0.1:61854 - R:localhost/127.0.0.1:54868]
21:11:32.473 [Forwarding isElementDisplayed on session 599450049fac1d226f9704ddd7497b4e to remote] DEBUG org.asynchttpclient.netty.request.NettyRequestSender - Using pooled Channel '[id: 0x4306e540, L:/127.0.0.1:61854 - R:localhost/127.0.0.1:54868]' for 'POST' to 'http://localhost:54868/session/599450049fac1d226f9704ddd7497b4e/execute/sync'
21:11:32.473 [Forwarding isElementDisplayed on session 599450049fac1d226f9704ddd7497b4e to remote] DEBUG org.asynchttpclient.netty.request.NettyRequestSender - Using open Channel [id: 0x4306e540, L:/127.0.0.1:61854 - R:localhost/127.0.0.1:54868] for POST '/session/599450049fac1d226f9704ddd7497b4e/execute/sync'
21:11:32.486 [AsyncHttpClient-1-8] DEBUG org.asynchttpclient.netty.handler.HttpHandler - 

Request DefaultHttpRequest(decodeResult: success, version: HTTP/1.1)
POST /session/599450049fac1d226f9704ddd7497b4e/execute/sync HTTP/1.1
User-Agent: selenium/4.1.2 (java windows)
Content-Length: 48780
Content-Type: application/json; charset=utf-8
host: localhost:54868
accept: */*

Response DefaultHttpResponse(decodeResult: success, version: HTTP/1.1)
HTTP/1.1 200 OK
Content-Type: application/json; charset=utf-8
cache-control: no-cache
content-length: 14

21:11:32.486 [AsyncHttpClient-1-8] DEBUG org.asynchttpclient.netty.channel.ChannelManager - Adding key: http://localhost:54868 for channel [id: 0x4306e540, L:/127.0.0.1:61854 - R:localhost/127.0.0.1:54868]
  &amp#27;[32mThen &amp#27;[0m&amp#27;[32mI will get error message nul&amp#27;[0m                               &amp#27;[90m# starter.stepdefinitions.RegisterStep.iWillGetErrorMessageNul()&amp#27;[0m
21:11:32.492 [Forwarding screenshot on session 599450049fac1d226f9704ddd7497b4e to remote] DEBUG org.asynchttpclient.netty.request.NettyRequestSender - Using pooled Channel '[id: 0x4306e540, L:/127.0.0.1:61854 - R:localhost/127.0.0.1:54868]' for 'GET' to 'http://localhost:54868/session/599450049fac1d226f9704ddd7497b4e/screenshot'
21:11:32.492 [Forwarding screenshot on session 599450049fac1d226f9704ddd7497b4e to remote] DEBUG org.asynchttpclient.netty.request.NettyRequestSender - Using open Channel [id: 0x4306e540, L:/127.0.0.1:61854 - R:localhost/127.0.0.1:54868] for GET '/session/599450049fac1d226f9704ddd7497b4e/screenshot'
21:11:32.528 [AsyncHttpClient-1-1] DEBUG org.asynchttpclient.netty.channel.DefaultChannelPool - Entry count for : http://localhost:61855 : 1
21:11:32.604 [AsyncHttpClient-1-8] DEBUG org.asynchttpclient.netty.handler.HttpHandler - 

Request DefaultFullHttpRequest(decodeResult: success, version: HTTP/1.1, content: EmptyByteBufBE)
GET /session/599450049fac1d226f9704ddd7497b4e/screenshot HTTP/1.1
User-Agent: selenium/4.1.2 (java windows)
Cache-Control: no-cache
Content-Type: application/json; charset=utf-8
host: localhost:54868
accept: */*

Response DefaultHttpResponse(decodeResult: success, version: HTTP/1.1)
HTTP/1.1 200 OK
Content-Type: application/json; charset=utf-8
cache-control: no-cache
content-length: 34852

21:11:32.604 [AsyncHttpClient-1-8] DEBUG org.asynchttpclient.netty.channel.ChannelManager - Adding key: http://localhost:54868 for channel [id: 0x4306e540, L:/127.0.0.1:61854 - R:localhost/127.0.0.1:54868]
21:11:32.606 [main] DEBUG net.serenitybdd.core.photography.Darkroom - Send negative for processing for target\site\serenity\b06db0f066d7ed85d4d5480254268533721d8a4c3aa101cdc7f30d11401b0fe2.png
21:11:32.606 [Darkroom Processing Line] DEBUG net.serenitybdd.core.photography.DarkroomProcessingLine - Processing screenshot image in /var/screenshots/screenshot-5904340317571416477
21:11:32.606 [Darkroom Processing Line] DEBUG net.serenitybdd.core.photography.DarkroomProcessingLine - Saving screenshot to target\site\serenity\b06db0f066d7ed85d4d5480254268533721d8a4c3aa101cdc7f30d11401b0fe2.png
21:11:32.607 [main] INFO  - 
  _____   ___   ___   _____     ___     _     ___   ___   ___   ___  
 |_   _| | __| / __| |_   _|   | _ \   /_\   / __| / __| | __| |   \ 
   | |   | _|  \__ \   | |     |  _/  / _ \  \__ \ \__ \ | _|  | |) |
   |_|   |___| |___/   |_|     |_|   /_/ \_\ |___/ |___/ |___| |___/ 

Register with null nama, valid email, and null password
----------------------------------------------------------------------
21:11:32.608 [AsyncHttpClient-1-10] DEBUG org.asynchttpclient.netty.handler.WebSocketHandler - Channel Closed: [id: 0xa7fe6bf3, L:/127.0.0.1:61862 ! R:localhost/127.0.0.1:61855] with attribute NettyResponseFuture{currentRetry=5,
	isDone=1,
	isCancelled=0,
	asyncHandler=org.asynchttpclient.ws.WebSocketUpgradeHandler@49bef9d6,
	nettyRequest=org.asynchttpclient.netty.request.NettyRequest@4ba82e2f,
	future=java.util.concurrent.CompletableFuture@450a3b3e[Completed normally],
	uri=ws://localhost:61855/devtools/browser/21bc0ed9-1935-4434-aed1-4de640feda3f,
	keepAlive=true,
	redirectCount=0,
	timeoutsHolder=null,
	inAuth=0,
	touch=1667916688859}
21:11:32.608 [AsyncHttpClient-1-10] DEBUG org.asynchttpclient.netty.channel.ChannelManager - Closing Channel [id: 0xa7fe6bf3, L:/127.0.0.1:61862 ! R:localhost/127.0.0.1:61855] 
21:11:32.608 [Driver Command Executor] DEBUG org.asynchttpclient.netty.request.NettyRequestSender - Using pooled Channel '[id: 0x4306e540, L:/127.0.0.1:61854 - R:localhost/127.0.0.1:54868]' for 'DELETE' to 'http://localhost:54868/session/599450049fac1d226f9704ddd7497b4e'
21:11:32.608 [Driver Command Executor] DEBUG org.asynchttpclient.netty.request.NettyRequestSender - Using open Channel [id: 0x4306e540, L:/127.0.0.1:61854 - R:localhost/127.0.0.1:54868] for DELETE '/session/599450049fac1d226f9704ddd7497b4e'
21:11:32.631 [AsyncHttpClient-1-9] DEBUG org.asynchttpclient.netty.handler.HttpHandler - Unexpected I/O exception on channel [id: 0xf2d5794c, L:/127.0.0.1:61861 - R:localhost/127.0.0.1:61855]
java.io.IOException: An existing connection was forcibly closed by the remote host
	at java.base/sun.nio.ch.SocketDispatcher.read0(Native Method)
	at java.base/sun.nio.ch.SocketDispatcher.read(SocketDispatcher.java:43)
	at java.base/sun.nio.ch.IOUtil.readIntoNativeBuffer(IOUtil.java:276)
	at java.base/sun.nio.ch.IOUtil.read(IOUtil.java:233)
	at java.base/sun.nio.ch.IOUtil.read(IOUtil.java:223)
	at java.base/sun.nio.ch.SocketChannelImpl.read(SocketChannelImpl.java:358)
	at io.netty.buffer.PooledByteBuf.setBytes(PooledByteBuf.java:258)
	at io.netty.buffer.AbstractByteBuf.writeBytes(AbstractByteBuf.java:1132)
	at io.netty.channel.socket.nio.NioSocketChannel.doReadBytes(NioSocketChannel.java:350)
	at io.netty.channel.nio.AbstractNioByteChannel$NioByteUnsafe.read(AbstractNioByteChannel.java:151)
	at io.netty.channel.nio.NioEventLoop.processSelectedKey(NioEventLoop.java:722)
	at io.netty.channel.nio.NioEventLoop.processSelectedKeysOptimized(NioEventLoop.java:658)
	at io.netty.channel.nio.NioEventLoop.processSelectedKeys(NioEventLoop.java:584)
	at io.netty.channel.nio.NioEventLoop.run(NioEventLoop.java:496)
	at io.netty.util.concurrent.SingleThreadEventExecutor$4.run(SingleThreadEventExecutor.java:986)
	at io.netty.util.internal.ThreadExecutorMap$2.run(ThreadExecutorMap.java:74)
	at io.netty.util.concurrent.FastThreadLocalRunnable.run(FastThreadLocalRunnable.java:30)
	at java.base/java.lang.Thread.run(Thread.java:834)
21:11:32.631 [AsyncHttpClient-1-9] DEBUG org.asynchttpclient.netty.channel.ChannelManager - Closing Channel [id: 0xf2d5794c, L:/127.0.0.1:61861 - R:localhost/127.0.0.1:61855] 
21:11:32.631 [AsyncHttpClient-1-9] DEBUG org.asynchttpclient.netty.handler.HttpHandler - Channel Closed: [id: 0xf2d5794c, L:/127.0.0.1:61861 ! R:localhost/127.0.0.1:61855] with attribute DISCARD
21:11:32.643 [AsyncHttpClient-1-8] DEBUG org.asynchttpclient.netty.handler.HttpHandler - 

Request DefaultFullHttpRequest(decodeResult: success, version: HTTP/1.1, content: EmptyByteBufBE)
DELETE /session/599450049fac1d226f9704ddd7497b4e HTTP/1.1
User-Agent: selenium/4.1.2 (java windows)
Content-Type: application/json; charset=utf-8
host: localhost:54868
accept: */*

Response DefaultHttpResponse(decodeResult: success, version: HTTP/1.1)
HTTP/1.1 200 OK
Content-Type: application/json; charset=utf-8
cache-control: no-cache
content-length: 14

21:11:32.643 [AsyncHttpClient-1-8] DEBUG org.asynchttpclient.netty.channel.ChannelManager - Adding key: http://localhost:54868 for channel [id: 0x4306e540, L:/127.0.0.1:61854 - R:localhost/127.0.0.1:54868]
21:11:32.692 [AsyncHttpClient-1-8] DEBUG org.asynchttpclient.netty.handler.HttpHandler - Channel Closed: [id: 0x4306e540, L:/127.0.0.1:61854 ! R:localhost/127.0.0.1:54868] with attribute DISCARD
]]></system-out>
    <system-err><![CDATA[Starting ChromeDriver 106.0.5249.61 (511755355844955cd3e264779baf0dd38212a4d0-refs/branch-heads/5249@{#569}) on port 54868
Only local connections are allowed.
Please see https://chromedriver.chromium.org/security-considerations for suggestions on keeping ChromeDriver safe.
ChromeDriver was started successfully.
[1667916688.840][WARNING]: This version of ChromeDriver has not been tested with Chrome version 107.
Nov 08, 2022 9:11:28 PM org.openqa.selenium.remote.ProtocolHandshake createSession
INFO: Detected dialect: W3C
Nov 08, 2022 9:11:28 PM org.openqa.selenium.devtools.CdpVersionFinder findNearestMatch
WARNING: Unable to find an exact match for CDP version 107, so returning the closest version found: a no-op implementation
Nov 08, 2022 9:11:28 PM org.openqa.selenium.devtools.CdpVersionFinder findNearestMatch
INFO: Unable to find CDP implementation matching 107.
Nov 08, 2022 9:11:28 PM org.openqa.selenium.chromium.ChromiumDriver lambda$new$3
WARNING: Unable to find version of CDP to use for . You may need to include a dependency on a specific version of the CDP using something similar to `org.seleniumhq.selenium:selenium-devtools-v86:4.1.2` where the version ("v86") matches the version of the chromium-based browser you're using and the version number of the artifact is the same as Selenium's.
]]></system-err>
  </testcase>
  <testcase name="Register with null nama, valid email, and valid password" classname="Register" time="4.816">
    <system-out><![CDATA[
@Register
Scenario: Register with null nama, valid email, and valid password &amp#27;[90m# src/test/resources/features/register.feature:52&amp#27;[0m
21:11:32.738 [main] INFO io.cucumber.core.plugin.SerenityReporter - Running feature from file:///D:/miniproject/webtesting/src/test/resources/features/register.feature
21:11:32.740 [main] INFO  - 
  _____   ___   ___   _____     ___   _____     _     ___   _____   ___   ___  
 |_   _| | __| / __| |_   _|   / __| |_   _|   /_\   | _ \ |_   _| | __| |   \ 
   | |   | _|  \__ \   | |     \__ \   | |    / _ \  |   /   | |   | _|  | |) |
   |_|   |___| |___/   |_|     |___/   |_|   /_/ \_\ |_|_\   |_|   |___| |___/ 

Register with null nama, valid email, and valid password(register;register-with-null-nama--valid-email--and-valid-password)
--------------------------------------------------------------------------------
21:11:32.753 [main] INFO net.serenitybdd.core.webdriver.driverproviders.ChromeDriverProvider - Using automatically driver download
21:11:32.849 [main] DEBUG io.github.bonigarcia.wdm.cache.ResolutionCache - Resolution chrome=107 in cache (valid until 22:09:52 08/11/2022 ICT)
21:11:32.854 [main] DEBUG io.github.bonigarcia.wdm.cache.ResolutionCache - Resolution chrome107=107.0.5304.62 in cache (valid until 21:09:52 09/11/2022 ICT)
21:11:32.856 [main] INFO io.github.bonigarcia.wdm.WebDriverManager - Using chromedriver 107.0.5304.62 (resolved driver for Chrome 107)
21:11:32.863 [main] DEBUG io.github.bonigarcia.wdm.WebDriverManager - Driver chromedriver 107.0.5304.62 found in cache
21:11:32.863 [main] INFO io.github.bonigarcia.wdm.WebDriverManager - Exporting webdriver.chrome.driver as C:\Users\Yusuf Efendi\.cache\selenium\chromedriver\win32\107.0.5304.62\chromedriver.exe
21:11:32.946 [main] DEBUG net.serenitybdd.core.webdriver.driverproviders.ProvideNewDriver - Instantiating driver
21:11:32.946 [main] DEBUG net.serenitybdd.core.webdriver.driverproviders.ProvideNewDriver - Driver capabilities: Capabilities {acceptInsecureCerts: false, base.url: https://alta-shop.vercel.app, browserName: chrome, chrome.driver: src/test/resources/webdrive..., driver: chrome, goog:chromeOptions: {args: [], extensions: []}, wait.for.timeout: 7000}
21:11:33.020 [AsyncHttpClient-1-11] DEBUG org.asynchttpclient.netty.channel.NettyConnectListener - Using new Channel '[id: 0x0df75b3c, L:/127.0.0.1:61877 - R:localhost/127.0.0.1:63937]' for 'POST' to '/session'
21:11:33.620 [AsyncHttpClient-1-1] DEBUG org.asynchttpclient.netty.channel.DefaultChannelPool - Entry count for : http://localhost:54868 : 1
21:11:33.620 [AsyncHttpClient-1-1] DEBUG org.asynchttpclient.netty.channel.DefaultChannelPool - Entry count for : http://localhost:61855 : 1
21:11:33.620 [AsyncHttpClient-1-1] DEBUG org.asynchttpclient.netty.channel.DefaultChannelPool - Adding Candidate expired Channel [id: 0x4306e540, L:/127.0.0.1:61854 ! R:localhost/127.0.0.1:54868] isIdleTimeoutExpired=false isRemotelyClosed=true isTtlExpired=false
21:11:33.620 [AsyncHttpClient-1-1] DEBUG org.asynchttpclient.netty.channel.DefaultChannelPool - Closing Idle Channel [id: 0x4306e540, L:/127.0.0.1:61854 ! R:localhost/127.0.0.1:54868]
21:11:33.620 [AsyncHttpClient-1-1] DEBUG org.asynchttpclient.netty.channel.DefaultChannelPool - Adding Candidate expired Channel [id: 0xf2d5794c, L:/127.0.0.1:61861 ! R:localhost/127.0.0.1:61855] isIdleTimeoutExpired=false isRemotelyClosed=true isTtlExpired=false
21:11:33.620 [AsyncHttpClient-1-1] DEBUG org.asynchttpclient.netty.channel.DefaultChannelPool - Closing Idle Channel [id: 0xf2d5794c, L:/127.0.0.1:61861 ! R:localhost/127.0.0.1:61855]
21:11:33.620 [AsyncHttpClient-1-1] DEBUG org.asynchttpclient.netty.channel.DefaultChannelPool - Closed 2 connections out of 2 in 0 ms
21:11:33.639 [AsyncHttpClient-1-11] DEBUG org.asynchttpclient.netty.handler.HttpHandler - 

Request DefaultHttpRequest(decodeResult: success, version: HTTP/1.1)
POST /session HTTP/1.1
User-Agent: selenium/4.1.2 (java windows)
Content-Length: 639
Content-Type: application/json; charset=utf-8
host: localhost:63937
accept: */*

Response DefaultHttpResponse(decodeResult: success, version: HTTP/1.1)
HTTP/1.1 200 OK
Content-Type: application/json; charset=utf-8
cache-control: no-cache
content-length: 792

21:11:33.639 [AsyncHttpClient-1-11] DEBUG org.asynchttpclient.netty.channel.ChannelManager - Adding key: http://localhost:63937 for channel [id: 0x0df75b3c, L:/127.0.0.1:61877 - R:localhost/127.0.0.1:63937]
21:11:33.645 [AsyncHttpClient-1-12] DEBUG org.asynchttpclient.netty.channel.NettyConnectListener - Using new Channel '[id: 0x478058af, L:/127.0.0.1:61884 - R:localhost/127.0.0.1:61878]' for 'GET' to '/json/version'
21:11:33.645 [AsyncHttpClient-1-12] DEBUG org.asynchttpclient.netty.handler.HttpHandler - 

Request DefaultFullHttpRequest(decodeResult: success, version: HTTP/1.1, content: EmptyByteBufBE)
GET /json/version HTTP/1.1
User-Agent: selenium/4.1.2 (java windows)
host: localhost:61878
accept: */*

Response DefaultHttpResponse(decodeResult: success, version: HTTP/1.1)
HTTP/1.1 200 OK
Content-Type: application/json; charset=UTF-8
content-length: 423

21:11:33.645 [AsyncHttpClient-1-12] DEBUG org.asynchttpclient.netty.channel.ChannelManager - Adding key: http://localhost:61878 for channel [id: 0x478058af, L:/127.0.0.1:61884 - R:localhost/127.0.0.1:61878]
21:11:33.648 [AsyncHttpClient-1-13] DEBUG org.asynchttpclient.netty.channel.NettyConnectListener - Using new Channel '[id: 0x064b37af, L:/127.0.0.1:61885 - R:localhost/127.0.0.1:61878]' for 'GET' to '/devtools/browser/8c970501-56c8-4d1a-8624-921e45ca5c21'
21:11:33.649 [AsyncHttpClient-1-13] DEBUG org.asynchttpclient.netty.handler.WebSocketHandler - 

Request DefaultFullHttpRequest(decodeResult: success, version: HTTP/1.1, content: EmptyByteBufBE)
GET /devtools/browser/8c970501-56c8-4d1a-8624-921e45ca5c21 HTTP/1.1
upgrade: websocket
connection: upgrade
sec-websocket-key: ZWBsXQy1p8pOKpbj/uV6UA==
sec-websocket-version: 13
origin: http://localhost:61878
host: localhost:61878
accept: */*
user-agent: AHC/2.1

Response DefaultHttpResponse(decodeResult: success, version: HTTP/1.1)
HTTP/1.1 101 WebSocket Protocol Handshake
Upgrade: WebSocket
Connection: Upgrade
Sec-WebSocket-Accept: uv2XqNHnHDMgAQXljwSYHiaSVNQ=

21:11:33.653 [Forwarding get on session 5278a720ed118a126a095e53ec9612a2 to remote] DEBUG org.asynchttpclient.netty.request.NettyRequestSender - Using pooled Channel '[id: 0x0df75b3c, L:/127.0.0.1:61877 - R:localhost/127.0.0.1:63937]' for 'POST' to 'http://localhost:63937/session/5278a720ed118a126a095e53ec9612a2/url'
21:11:33.653 [Forwarding get on session 5278a720ed118a126a095e53ec9612a2 to remote] DEBUG org.asynchttpclient.netty.request.NettyRequestSender - Using open Channel [id: 0x0df75b3c, L:/127.0.0.1:61877 - R:localhost/127.0.0.1:63937] for POST '/session/5278a720ed118a126a095e53ec9612a2/url'
21:11:34.726 [AsyncHttpClient-1-1] DEBUG org.asynchttpclient.netty.channel.DefaultChannelPool - Entry count for : http://localhost:61878 : 1
21:11:34.753 [AsyncHttpClient-1-11] DEBUG org.asynchttpclient.netty.handler.HttpHandler - 

Request DefaultHttpRequest(decodeResult: success, version: HTTP/1.1)
POST /session/5278a720ed118a126a095e53ec9612a2/url HTTP/1.1
User-Agent: selenium/4.1.2 (java windows)
Content-Length: 74
Content-Type: application/json; charset=utf-8
host: localhost:63937
accept: */*

Response DefaultHttpResponse(decodeResult: success, version: HTTP/1.1)
HTTP/1.1 200 OK
Content-Type: application/json; charset=utf-8
cache-control: no-cache
content-length: 14

21:11:34.754 [AsyncHttpClient-1-11] DEBUG org.asynchttpclient.netty.channel.ChannelManager - Adding key: http://localhost:63937 for channel [id: 0x0df75b3c, L:/127.0.0.1:61877 - R:localhost/127.0.0.1:63937]
21:11:34.754 [Forwarding setTimeout on session 5278a720ed118a126a095e53ec9612a2 to remote] DEBUG org.asynchttpclient.netty.request.NettyRequestSender - Using pooled Channel '[id: 0x0df75b3c, L:/127.0.0.1:61877 - R:localhost/127.0.0.1:63937]' for 'POST' to 'http://localhost:63937/session/5278a720ed118a126a095e53ec9612a2/timeouts'
21:11:34.754 [Forwarding setTimeout on session 5278a720ed118a126a095e53ec9612a2 to remote] DEBUG org.asynchttpclient.netty.request.NettyRequestSender - Using open Channel [id: 0x0df75b3c, L:/127.0.0.1:61877 - R:localhost/127.0.0.1:63937] for POST '/session/5278a720ed118a126a095e53ec9612a2/timeouts'
21:11:34.755 [AsyncHttpClient-1-11] DEBUG org.asynchttpclient.netty.handler.HttpHandler - 

Request DefaultHttpRequest(decodeResult: success, version: HTTP/1.1)
POST /session/5278a720ed118a126a095e53ec9612a2/timeouts HTTP/1.1
User-Agent: selenium/4.1.2 (java windows)
Content-Length: 22
Content-Type: application/json; charset=utf-8
host: localhost:63937
accept: */*

Response DefaultHttpResponse(decodeResult: success, version: HTTP/1.1)
HTTP/1.1 200 OK
Content-Type: application/json; charset=utf-8
cache-control: no-cache
content-length: 14

21:11:34.755 [AsyncHttpClient-1-11] DEBUG org.asynchttpclient.netty.channel.ChannelManager - Adding key: http://localhost:63937 for channel [id: 0x0df75b3c, L:/127.0.0.1:61877 - R:localhost/127.0.0.1:63937]
21:11:34.757 [Forwarding getCurrentUrl on session 5278a720ed118a126a095e53ec9612a2 to remote] DEBUG org.asynchttpclient.netty.request.NettyRequestSender - Using pooled Channel '[id: 0x0df75b3c, L:/127.0.0.1:61877 - R:localhost/127.0.0.1:63937]' for 'GET' to 'http://localhost:63937/session/5278a720ed118a126a095e53ec9612a2/url'
21:11:34.757 [Forwarding getCurrentUrl on session 5278a720ed118a126a095e53ec9612a2 to remote] DEBUG org.asynchttpclient.netty.request.NettyRequestSender - Using open Channel [id: 0x0df75b3c, L:/127.0.0.1:61877 - R:localhost/127.0.0.1:63937] for GET '/session/5278a720ed118a126a095e53ec9612a2/url'
21:11:34.762 [AsyncHttpClient-1-11] DEBUG org.asynchttpclient.netty.handler.HttpHandler - 

Request DefaultFullHttpRequest(decodeResult: success, version: HTTP/1.1, content: EmptyByteBufBE)
GET /session/5278a720ed118a126a095e53ec9612a2/url HTTP/1.1
User-Agent: selenium/4.1.2 (java windows)
Cache-Control: no-cache
Content-Type: application/json; charset=utf-8
host: localhost:63937
accept: */*

Response DefaultHttpResponse(decodeResult: success, version: HTTP/1.1)
HTTP/1.1 200 OK
Content-Type: application/json; charset=utf-8
cache-control: no-cache
content-length: 51

21:11:34.762 [AsyncHttpClient-1-11] DEBUG org.asynchttpclient.netty.channel.ChannelManager - Adding key: http://localhost:63937 for channel [id: 0x0df75b3c, L:/127.0.0.1:61877 - R:localhost/127.0.0.1:63937]
  &amp#27;[32mGiven &amp#27;[0m&amp#27;[32mI am on the login pagee&amp#27;[0m                                    &amp#27;[90m# starter.stepdefinitions.RegisterStep.iAmOnTheLoginPagee()&amp#27;[0m
21:11:34.765 [Forwarding screenshot on session 5278a720ed118a126a095e53ec9612a2 to remote] DEBUG org.asynchttpclient.netty.request.NettyRequestSender - Using pooled Channel '[id: 0x0df75b3c, L:/127.0.0.1:61877 - R:localhost/127.0.0.1:63937]' for 'GET' to 'http://localhost:63937/session/5278a720ed118a126a095e53ec9612a2/screenshot'
21:11:34.765 [Forwarding screenshot on session 5278a720ed118a126a095e53ec9612a2 to remote] DEBUG org.asynchttpclient.netty.request.NettyRequestSender - Using open Channel [id: 0x0df75b3c, L:/127.0.0.1:61877 - R:localhost/127.0.0.1:63937] for GET '/session/5278a720ed118a126a095e53ec9612a2/screenshot'
21:11:34.911 [AsyncHttpClient-1-11] DEBUG org.asynchttpclient.netty.handler.HttpHandler - 

Request DefaultFullHttpRequest(decodeResult: success, version: HTTP/1.1, content: EmptyByteBufBE)
GET /session/5278a720ed118a126a095e53ec9612a2/screenshot HTTP/1.1
User-Agent: selenium/4.1.2 (java windows)
Cache-Control: no-cache
Content-Type: application/json; charset=utf-8
host: localhost:63937
accept: */*

Response DefaultHttpResponse(decodeResult: success, version: HTTP/1.1)
HTTP/1.1 200 OK
Content-Type: application/json; charset=utf-8
cache-control: no-cache
content-length: 22956

21:11:34.911 [AsyncHttpClient-1-11] DEBUG org.asynchttpclient.netty.channel.ChannelManager - Adding key: http://localhost:63937 for channel [id: 0x0df75b3c, L:/127.0.0.1:61877 - R:localhost/127.0.0.1:63937]
21:11:34.914 [main] DEBUG net.serenitybdd.core.photography.Darkroom - Send negative for processing for target\site\serenity\aee116daef9f70687dbaee6bc527f5648618468770bbd8309c15c6b66fad3d98.png
21:11:34.920 [Forwarding findElement on session 5278a720ed118a126a095e53ec9612a2 to remote] DEBUG org.asynchttpclient.netty.request.NettyRequestSender - Using pooled Channel '[id: 0x0df75b3c, L:/127.0.0.1:61877 - R:localhost/127.0.0.1:63937]' for 'POST' to 'http://localhost:63937/session/5278a720ed118a126a095e53ec9612a2/element'
21:11:34.920 [Forwarding findElement on session 5278a720ed118a126a095e53ec9612a2 to remote] DEBUG org.asynchttpclient.netty.request.NettyRequestSender - Using open Channel [id: 0x0df75b3c, L:/127.0.0.1:61877 - R:localhost/127.0.0.1:63937] for POST '/session/5278a720ed118a126a095e53ec9612a2/element'
21:11:34.930 [AsyncHttpClient-1-11] DEBUG org.asynchttpclient.netty.handler.HttpHandler - 

Request DefaultHttpRequest(decodeResult: success, version: HTTP/1.1)
POST /session/5278a720ed118a126a095e53ec9612a2/element HTTP/1.1
User-Agent: selenium/4.1.2 (java windows)
Content-Length: 80
Content-Type: application/json; charset=utf-8
host: localhost:63937
accept: */*

Response DefaultHttpResponse(decodeResult: success, version: HTTP/1.1)
HTTP/1.1 200 OK
Content-Type: application/json; charset=utf-8
cache-control: no-cache
content-length: 88

21:11:34.930 [AsyncHttpClient-1-11] DEBUG org.asynchttpclient.netty.channel.ChannelManager - Adding key: http://localhost:63937 for channel [id: 0x0df75b3c, L:/127.0.0.1:61877 - R:localhost/127.0.0.1:63937]
21:11:34.932 [Forwarding getElementTagName on session 5278a720ed118a126a095e53ec9612a2 to remote] DEBUG org.asynchttpclient.netty.request.NettyRequestSender - Using pooled Channel '[id: 0x0df75b3c, L:/127.0.0.1:61877 - R:localhost/127.0.0.1:63937]' for 'GET' to 'http://localhost:63937/session/5278a720ed118a126a095e53ec9612a2/element/5cae396c-6a4f-493f-9a87-586bacdd4d51/name'
21:11:34.932 [Forwarding getElementTagName on session 5278a720ed118a126a095e53ec9612a2 to remote] DEBUG org.asynchttpclient.netty.request.NettyRequestSender - Using open Channel [id: 0x0df75b3c, L:/127.0.0.1:61877 - R:localhost/127.0.0.1:63937] for GET '/session/5278a720ed118a126a095e53ec9612a2/element/5cae396c-6a4f-493f-9a87-586bacdd4d51/name'
21:11:34.935 [AsyncHttpClient-1-11] DEBUG org.asynchttpclient.netty.handler.HttpHandler - 

Request DefaultFullHttpRequest(decodeResult: success, version: HTTP/1.1, content: EmptyByteBufBE)
GET /session/5278a720ed118a126a095e53ec9612a2/element/5cae396c-6a4f-493f-9a87-586bacdd4d51/name HTTP/1.1
User-Agent: selenium/4.1.2 (java windows)
Cache-Control: no-cache
Content-Type: application/json; charset=utf-8
host: localhost:63937
accept: */*

Response DefaultHttpResponse(decodeResult: success, version: HTTP/1.1)
HTTP/1.1 200 OK
Content-Type: application/json; charset=utf-8
cache-control: no-cache
content-length: 13

21:11:34.935 [AsyncHttpClient-1-11] DEBUG org.asynchttpclient.netty.channel.ChannelManager - Adding key: http://localhost:63937 for channel [id: 0x0df75b3c, L:/127.0.0.1:61877 - R:localhost/127.0.0.1:63937]
21:11:34.936 [Forwarding getElementTagName on session 5278a720ed118a126a095e53ec9612a2 to remote] DEBUG org.asynchttpclient.netty.request.NettyRequestSender - Using pooled Channel '[id: 0x0df75b3c, L:/127.0.0.1:61877 - R:localhost/127.0.0.1:63937]' for 'GET' to 'http://localhost:63937/session/5278a720ed118a126a095e53ec9612a2/element/5cae396c-6a4f-493f-9a87-586bacdd4d51/name'
21:11:34.936 [Forwarding getElementTagName on session 5278a720ed118a126a095e53ec9612a2 to remote] DEBUG org.asynchttpclient.netty.request.NettyRequestSender - Using open Channel [id: 0x0df75b3c, L:/127.0.0.1:61877 - R:localhost/127.0.0.1:63937] for GET '/session/5278a720ed118a126a095e53ec9612a2/element/5cae396c-6a4f-493f-9a87-586bacdd4d51/name'
21:11:34.939 [AsyncHttpClient-1-11] DEBUG org.asynchttpclient.netty.handler.HttpHandler - 

Request DefaultFullHttpRequest(decodeResult: success, version: HTTP/1.1, content: EmptyByteBufBE)
GET /session/5278a720ed118a126a095e53ec9612a2/element/5cae396c-6a4f-493f-9a87-586bacdd4d51/name HTTP/1.1
User-Agent: selenium/4.1.2 (java windows)
Cache-Control: no-cache
Content-Type: application/json; charset=utf-8
host: localhost:63937
accept: */*

Response DefaultHttpResponse(decodeResult: success, version: HTTP/1.1)
HTTP/1.1 200 OK
Content-Type: application/json; charset=utf-8
cache-control: no-cache
content-length: 13

21:11:34.939 [AsyncHttpClient-1-11] DEBUG org.asynchttpclient.netty.channel.ChannelManager - Adding key: http://localhost:63937 for channel [id: 0x0df75b3c, L:/127.0.0.1:61877 - R:localhost/127.0.0.1:63937]
21:11:34.940 [Forwarding findElement on session 5278a720ed118a126a095e53ec9612a2 to remote] DEBUG org.asynchttpclient.netty.request.NettyRequestSender - Using pooled Channel '[id: 0x0df75b3c, L:/127.0.0.1:61877 - R:localhost/127.0.0.1:63937]' for 'POST' to 'http://localhost:63937/session/5278a720ed118a126a095e53ec9612a2/element'
21:11:34.940 [Forwarding findElement on session 5278a720ed118a126a095e53ec9612a2 to remote] DEBUG org.asynchttpclient.netty.request.NettyRequestSender - Using open Channel [id: 0x0df75b3c, L:/127.0.0.1:61877 - R:localhost/127.0.0.1:63937] for POST '/session/5278a720ed118a126a095e53ec9612a2/element'
21:11:34.945 [AsyncHttpClient-1-11] DEBUG org.asynchttpclient.netty.handler.HttpHandler - 

Request DefaultHttpRequest(decodeResult: success, version: HTTP/1.1)
POST /session/5278a720ed118a126a095e53ec9612a2/element HTTP/1.1
User-Agent: selenium/4.1.2 (java windows)
Content-Length: 80
Content-Type: application/json; charset=utf-8
host: localhost:63937
accept: */*

Response DefaultHttpResponse(decodeResult: success, version: HTTP/1.1)
HTTP/1.1 200 OK
Content-Type: application/json; charset=utf-8
cache-control: no-cache
content-length: 88

21:11:34.945 [AsyncHttpClient-1-11] DEBUG org.asynchttpclient.netty.channel.ChannelManager - Adding key: http://localhost:63937 for channel [id: 0x0df75b3c, L:/127.0.0.1:61877 - R:localhost/127.0.0.1:63937]
21:11:34.946 [Forwarding clickElement on session 5278a720ed118a126a095e53ec9612a2 to remote] DEBUG org.asynchttpclient.netty.request.NettyRequestSender - Using pooled Channel '[id: 0x0df75b3c, L:/127.0.0.1:61877 - R:localhost/127.0.0.1:63937]' for 'POST' to 'http://localhost:63937/session/5278a720ed118a126a095e53ec9612a2/element/5cae396c-6a4f-493f-9a87-586bacdd4d51/click'
21:11:34.946 [Forwarding clickElement on session 5278a720ed118a126a095e53ec9612a2 to remote] DEBUG org.asynchttpclient.netty.request.NettyRequestSender - Using open Channel [id: 0x0df75b3c, L:/127.0.0.1:61877 - R:localhost/127.0.0.1:63937] for POST '/session/5278a720ed118a126a095e53ec9612a2/element/5cae396c-6a4f-493f-9a87-586bacdd4d51/click'
21:11:34.985 [AsyncHttpClient-1-11] DEBUG org.asynchttpclient.netty.handler.HttpHandler - 

Request DefaultHttpRequest(decodeResult: success, version: HTTP/1.1)
POST /session/5278a720ed118a126a095e53ec9612a2/element/5cae396c-6a4f-493f-9a87-586bacdd4d51/click HTTP/1.1
User-Agent: selenium/4.1.2 (java windows)
Content-Length: 50
Content-Type: application/json; charset=utf-8
host: localhost:63937
accept: */*

Response DefaultHttpResponse(decodeResult: success, version: HTTP/1.1)
HTTP/1.1 200 OK
Content-Type: application/json; charset=utf-8
cache-control: no-cache
content-length: 14

21:11:34.985 [AsyncHttpClient-1-11] DEBUG org.asynchttpclient.netty.channel.ChannelManager - Adding key: http://localhost:63937 for channel [id: 0x0df75b3c, L:/127.0.0.1:61877 - R:localhost/127.0.0.1:63937]
  &amp#27;[32mWhen &amp#27;[0m&amp#27;[32mI click register buttonn&amp#27;[0m                                    &amp#27;[90m# starter.stepdefinitions.RegisterStep.iClickRegisterButtonn()&amp#27;[0m
21:11:34.989 [Forwarding screenshot on session 5278a720ed118a126a095e53ec9612a2 to remote] DEBUG org.asynchttpclient.netty.request.NettyRequestSender - Using pooled Channel '[id: 0x0df75b3c, L:/127.0.0.1:61877 - R:localhost/127.0.0.1:63937]' for 'GET' to 'http://localhost:63937/session/5278a720ed118a126a095e53ec9612a2/screenshot'
21:11:34.989 [Forwarding screenshot on session 5278a720ed118a126a095e53ec9612a2 to remote] DEBUG org.asynchttpclient.netty.request.NettyRequestSender - Using open Channel [id: 0x0df75b3c, L:/127.0.0.1:61877 - R:localhost/127.0.0.1:63937] for GET '/session/5278a720ed118a126a095e53ec9612a2/screenshot'
21:11:35.078 [AsyncHttpClient-1-11] DEBUG org.asynchttpclient.netty.handler.HttpHandler - 

Request DefaultFullHttpRequest(decodeResult: success, version: HTTP/1.1, content: EmptyByteBufBE)
GET /session/5278a720ed118a126a095e53ec9612a2/screenshot HTTP/1.1
User-Agent: selenium/4.1.2 (java windows)
Cache-Control: no-cache
Content-Type: application/json; charset=utf-8
host: localhost:63937
accept: */*

Response DefaultHttpResponse(decodeResult: success, version: HTTP/1.1)
HTTP/1.1 200 OK
Content-Type: application/json; charset=utf-8
cache-control: no-cache
content-length: 27768

21:11:35.078 [AsyncHttpClient-1-11] DEBUG org.asynchttpclient.netty.channel.ChannelManager - Adding key: http://localhost:63937 for channel [id: 0x0df75b3c, L:/127.0.0.1:61877 - R:localhost/127.0.0.1:63937]
21:11:35.079 [main] DEBUG net.serenitybdd.core.photography.Darkroom - Send negative for processing for target\site\serenity\e0583c4dcd7df45c285883eb756df01d313d7376a39de201303d6de1759336b5.png
21:11:35.079 [Darkroom Processing Line] DEBUG net.serenitybdd.core.photography.DarkroomProcessingLine - Processing screenshot image in /var/screenshots/screenshot-17791594352262084692
21:11:35.079 [Darkroom Processing Line] DEBUG net.serenitybdd.core.photography.DarkroomProcessingLine - Saving screenshot to target\site\serenity\e0583c4dcd7df45c285883eb756df01d313d7376a39de201303d6de1759336b5.png
21:11:35.085 [Forwarding findElement on session 5278a720ed118a126a095e53ec9612a2 to remote] DEBUG org.asynchttpclient.netty.request.NettyRequestSender - Using pooled Channel '[id: 0x0df75b3c, L:/127.0.0.1:61877 - R:localhost/127.0.0.1:63937]' for 'POST' to 'http://localhost:63937/session/5278a720ed118a126a095e53ec9612a2/element'
21:11:35.085 [Forwarding findElement on session 5278a720ed118a126a095e53ec9612a2 to remote] DEBUG org.asynchttpclient.netty.request.NettyRequestSender - Using open Channel [id: 0x0df75b3c, L:/127.0.0.1:61877 - R:localhost/127.0.0.1:63937] for POST '/session/5278a720ed118a126a095e53ec9612a2/element'
21:11:35.094 [AsyncHttpClient-1-11] DEBUG org.asynchttpclient.netty.handler.HttpHandler - 

Request DefaultHttpRequest(decodeResult: success, version: HTTP/1.1)
POST /session/5278a720ed118a126a095e53ec9612a2/element HTTP/1.1
User-Agent: selenium/4.1.2 (java windows)
Content-Length: 93
Content-Type: application/json; charset=utf-8
host: localhost:63937
accept: */*

Response DefaultHttpResponse(decodeResult: success, version: HTTP/1.1)
HTTP/1.1 200 OK
Content-Type: application/json; charset=utf-8
cache-control: no-cache
content-length: 88

21:11:35.094 [AsyncHttpClient-1-11] DEBUG org.asynchttpclient.netty.channel.ChannelManager - Adding key: http://localhost:63937 for channel [id: 0x0df75b3c, L:/127.0.0.1:61877 - R:localhost/127.0.0.1:63937]
21:11:35.095 [Forwarding clearElement on session 5278a720ed118a126a095e53ec9612a2 to remote] DEBUG org.asynchttpclient.netty.request.NettyRequestSender - Using pooled Channel '[id: 0x0df75b3c, L:/127.0.0.1:61877 - R:localhost/127.0.0.1:63937]' for 'POST' to 'http://localhost:63937/session/5278a720ed118a126a095e53ec9612a2/element/a2213e1c-af14-4bbe-a3a1-d938f1996590/clear'
21:11:35.095 [Forwarding clearElement on session 5278a720ed118a126a095e53ec9612a2 to remote] DEBUG org.asynchttpclient.netty.request.NettyRequestSender - Using open Channel [id: 0x0df75b3c, L:/127.0.0.1:61877 - R:localhost/127.0.0.1:63937] for POST '/session/5278a720ed118a126a095e53ec9612a2/element/a2213e1c-af14-4bbe-a3a1-d938f1996590/clear'
21:11:35.122 [AsyncHttpClient-1-11] DEBUG org.asynchttpclient.netty.handler.HttpHandler - 

Request DefaultHttpRequest(decodeResult: success, version: HTTP/1.1)
POST /session/5278a720ed118a126a095e53ec9612a2/element/a2213e1c-af14-4bbe-a3a1-d938f1996590/clear HTTP/1.1
User-Agent: selenium/4.1.2 (java windows)
Content-Length: 50
Content-Type: application/json; charset=utf-8
host: localhost:63937
accept: */*

Response DefaultHttpResponse(decodeResult: success, version: HTTP/1.1)
HTTP/1.1 200 OK
Content-Type: application/json; charset=utf-8
cache-control: no-cache
content-length: 14

21:11:35.122 [AsyncHttpClient-1-11] DEBUG org.asynchttpclient.netty.channel.ChannelManager - Adding key: http://localhost:63937 for channel [id: 0x0df75b3c, L:/127.0.0.1:61877 - R:localhost/127.0.0.1:63937]
21:11:35.123 [Forwarding sendKeysToElement on session 5278a720ed118a126a095e53ec9612a2 to remote] DEBUG org.asynchttpclient.netty.request.NettyRequestSender - Using pooled Channel '[id: 0x0df75b3c, L:/127.0.0.1:61877 - R:localhost/127.0.0.1:63937]' for 'POST' to 'http://localhost:63937/session/5278a720ed118a126a095e53ec9612a2/element/a2213e1c-af14-4bbe-a3a1-d938f1996590/value'
21:11:35.123 [Forwarding sendKeysToElement on session 5278a720ed118a126a095e53ec9612a2 to remote] DEBUG org.asynchttpclient.netty.request.NettyRequestSender - Using open Channel [id: 0x0df75b3c, L:/127.0.0.1:61877 - R:localhost/127.0.0.1:63937] for POST '/session/5278a720ed118a126a095e53ec9612a2/element/a2213e1c-af14-4bbe-a3a1-d938f1996590/value'
21:11:35.155 [AsyncHttpClient-1-11] DEBUG org.asynchttpclient.netty.handler.HttpHandler - 

Request DefaultHttpRequest(decodeResult: success, version: HTTP/1.1)
POST /session/5278a720ed118a126a095e53ec9612a2/element/a2213e1c-af14-4bbe-a3a1-d938f1996590/value HTTP/1.1
User-Agent: selenium/4.1.2 (java windows)
Content-Length: 82
Content-Type: application/json; charset=utf-8
host: localhost:63937
accept: */*

Response DefaultHttpResponse(decodeResult: success, version: HTTP/1.1)
HTTP/1.1 200 OK
Content-Type: application/json; charset=utf-8
cache-control: no-cache
content-length: 14

21:11:35.155 [AsyncHttpClient-1-11] DEBUG org.asynchttpclient.netty.channel.ChannelManager - Adding key: http://localhost:63937 for channel [id: 0x0df75b3c, L:/127.0.0.1:61877 - R:localhost/127.0.0.1:63937]
  &amp#27;[32mAnd &amp#27;[0m&amp#27;[32mI input null namaa&amp#27;[0m                                           &amp#27;[90m# starter.stepdefinitions.RegisterStep.iInputNullNamaa()&amp#27;[0m
21:11:35.160 [Forwarding screenshot on session 5278a720ed118a126a095e53ec9612a2 to remote] DEBUG org.asynchttpclient.netty.request.NettyRequestSender - Using pooled Channel '[id: 0x0df75b3c, L:/127.0.0.1:61877 - R:localhost/127.0.0.1:63937]' for 'GET' to 'http://localhost:63937/session/5278a720ed118a126a095e53ec9612a2/screenshot'
21:11:35.160 [Forwarding screenshot on session 5278a720ed118a126a095e53ec9612a2 to remote] DEBUG org.asynchttpclient.netty.request.NettyRequestSender - Using open Channel [id: 0x0df75b3c, L:/127.0.0.1:61877 - R:localhost/127.0.0.1:63937] for GET '/session/5278a720ed118a126a095e53ec9612a2/screenshot'
21:11:35.247 [AsyncHttpClient-1-11] DEBUG org.asynchttpclient.netty.handler.HttpHandler - 

Request DefaultFullHttpRequest(decodeResult: success, version: HTTP/1.1, content: EmptyByteBufBE)
GET /session/5278a720ed118a126a095e53ec9612a2/screenshot HTTP/1.1
User-Agent: selenium/4.1.2 (java windows)
Cache-Control: no-cache
Content-Type: application/json; charset=utf-8
host: localhost:63937
accept: */*

Response DefaultHttpResponse(decodeResult: success, version: HTTP/1.1)
HTTP/1.1 200 OK
Content-Type: application/json; charset=utf-8
cache-control: no-cache
content-length: 28320

21:11:35.247 [AsyncHttpClient-1-11] DEBUG org.asynchttpclient.netty.channel.ChannelManager - Adding key: http://localhost:63937 for channel [id: 0x0df75b3c, L:/127.0.0.1:61877 - R:localhost/127.0.0.1:63937]
21:11:35.249 [main] DEBUG net.serenitybdd.core.photography.Darkroom - Send negative for processing for target\site\serenity\fa4dd982ede7ab0e18b3f95d9a7bc783f0b02b52954afd1a80c5233bf2d3e247.png
21:11:35.249 [Darkroom Processing Line] DEBUG net.serenitybdd.core.photography.DarkroomProcessingLine - Processing screenshot image in /var/screenshots/screenshot-12280649640482420800
21:11:35.249 [Darkroom Processing Line] DEBUG net.serenitybdd.core.photography.DarkroomProcessingLine - Saving screenshot to target\site\serenity\fa4dd982ede7ab0e18b3f95d9a7bc783f0b02b52954afd1a80c5233bf2d3e247.png
21:11:35.254 [Forwarding findElement on session 5278a720ed118a126a095e53ec9612a2 to remote] DEBUG org.asynchttpclient.netty.request.NettyRequestSender - Using pooled Channel '[id: 0x0df75b3c, L:/127.0.0.1:61877 - R:localhost/127.0.0.1:63937]' for 'POST' to 'http://localhost:63937/session/5278a720ed118a126a095e53ec9612a2/element'
21:11:35.254 [Forwarding findElement on session 5278a720ed118a126a095e53ec9612a2 to remote] DEBUG org.asynchttpclient.netty.request.NettyRequestSender - Using open Channel [id: 0x0df75b3c, L:/127.0.0.1:61877 - R:localhost/127.0.0.1:63937] for POST '/session/5278a720ed118a126a095e53ec9612a2/element'
21:11:35.264 [AsyncHttpClient-1-11] DEBUG org.asynchttpclient.netty.handler.HttpHandler - 

Request DefaultHttpRequest(decodeResult: success, version: HTTP/1.1)
POST /session/5278a720ed118a126a095e53ec9612a2/element HTTP/1.1
User-Agent: selenium/4.1.2 (java windows)
Content-Length: 86
Content-Type: application/json; charset=utf-8
host: localhost:63937
accept: */*

Response DefaultHttpResponse(decodeResult: success, version: HTTP/1.1)
HTTP/1.1 200 OK
Content-Type: application/json; charset=utf-8
cache-control: no-cache
content-length: 88

21:11:35.264 [AsyncHttpClient-1-11] DEBUG org.asynchttpclient.netty.channel.ChannelManager - Adding key: http://localhost:63937 for channel [id: 0x0df75b3c, L:/127.0.0.1:61877 - R:localhost/127.0.0.1:63937]
21:11:35.265 [Forwarding clearElement on session 5278a720ed118a126a095e53ec9612a2 to remote] DEBUG org.asynchttpclient.netty.request.NettyRequestSender - Using pooled Channel '[id: 0x0df75b3c, L:/127.0.0.1:61877 - R:localhost/127.0.0.1:63937]' for 'POST' to 'http://localhost:63937/session/5278a720ed118a126a095e53ec9612a2/element/4e16e076-56c1-4552-8083-7256859681b9/clear'
21:11:35.265 [Forwarding clearElement on session 5278a720ed118a126a095e53ec9612a2 to remote] DEBUG org.asynchttpclient.netty.request.NettyRequestSender - Using open Channel [id: 0x0df75b3c, L:/127.0.0.1:61877 - R:localhost/127.0.0.1:63937] for POST '/session/5278a720ed118a126a095e53ec9612a2/element/4e16e076-56c1-4552-8083-7256859681b9/clear'
21:11:35.293 [AsyncHttpClient-1-11] DEBUG org.asynchttpclient.netty.handler.HttpHandler - 

Request DefaultHttpRequest(decodeResult: success, version: HTTP/1.1)
POST /session/5278a720ed118a126a095e53ec9612a2/element/4e16e076-56c1-4552-8083-7256859681b9/clear HTTP/1.1
User-Agent: selenium/4.1.2 (java windows)
Content-Length: 50
Content-Type: application/json; charset=utf-8
host: localhost:63937
accept: */*

Response DefaultHttpResponse(decodeResult: success, version: HTTP/1.1)
HTTP/1.1 200 OK
Content-Type: application/json; charset=utf-8
cache-control: no-cache
content-length: 14

21:11:35.293 [AsyncHttpClient-1-11] DEBUG org.asynchttpclient.netty.channel.ChannelManager - Adding key: http://localhost:63937 for channel [id: 0x0df75b3c, L:/127.0.0.1:61877 - R:localhost/127.0.0.1:63937]
21:11:35.296 [Forwarding sendKeysToElement on session 5278a720ed118a126a095e53ec9612a2 to remote] DEBUG org.asynchttpclient.netty.request.NettyRequestSender - Using pooled Channel '[id: 0x0df75b3c, L:/127.0.0.1:61877 - R:localhost/127.0.0.1:63937]' for 'POST' to 'http://localhost:63937/session/5278a720ed118a126a095e53ec9612a2/element/4e16e076-56c1-4552-8083-7256859681b9/value'
21:11:35.296 [Forwarding sendKeysToElement on session 5278a720ed118a126a095e53ec9612a2 to remote] DEBUG org.asynchttpclient.netty.request.NettyRequestSender - Using open Channel [id: 0x0df75b3c, L:/127.0.0.1:61877 - R:localhost/127.0.0.1:63937] for POST '/session/5278a720ed118a126a095e53ec9612a2/element/4e16e076-56c1-4552-8083-7256859681b9/value'
21:11:35.421 [AsyncHttpClient-1-11] DEBUG org.asynchttpclient.netty.handler.HttpHandler - 

Request DefaultHttpRequest(decodeResult: success, version: HTTP/1.1)
POST /session/5278a720ed118a126a095e53ec9612a2/element/4e16e076-56c1-4552-8083-7256859681b9/value HTTP/1.1
User-Agent: selenium/4.1.2 (java windows)
Content-Length: 351
Content-Type: application/json; charset=utf-8
host: localhost:63937
accept: */*

Response DefaultHttpResponse(decodeResult: success, version: HTTP/1.1)
HTTP/1.1 200 OK
Content-Type: application/json; charset=utf-8
cache-control: no-cache
content-length: 14

21:11:35.421 [AsyncHttpClient-1-11] DEBUG org.asynchttpclient.netty.channel.ChannelManager - Adding key: http://localhost:63937 for channel [id: 0x0df75b3c, L:/127.0.0.1:61877 - R:localhost/127.0.0.1:63937]
  &amp#27;[32mAnd &amp#27;[0m&amp#27;[32mI input valid emaill&amp#27;[0m                                         &amp#27;[90m# starter.stepdefinitions.RegisterStep.iInputvalidemaill()&amp#27;[0m
21:11:35.426 [Forwarding screenshot on session 5278a720ed118a126a095e53ec9612a2 to remote] DEBUG org.asynchttpclient.netty.request.NettyRequestSender - Using pooled Channel '[id: 0x0df75b3c, L:/127.0.0.1:61877 - R:localhost/127.0.0.1:63937]' for 'GET' to 'http://localhost:63937/session/5278a720ed118a126a095e53ec9612a2/screenshot'
21:11:35.426 [Forwarding screenshot on session 5278a720ed118a126a095e53ec9612a2 to remote] DEBUG org.asynchttpclient.netty.request.NettyRequestSender - Using open Channel [id: 0x0df75b3c, L:/127.0.0.1:61877 - R:localhost/127.0.0.1:63937] for GET '/session/5278a720ed118a126a095e53ec9612a2/screenshot'
21:11:35.557 [AsyncHttpClient-1-11] DEBUG org.asynchttpclient.netty.handler.HttpHandler - 

Request DefaultFullHttpRequest(decodeResult: success, version: HTTP/1.1, content: EmptyByteBufBE)
GET /session/5278a720ed118a126a095e53ec9612a2/screenshot HTTP/1.1
User-Agent: selenium/4.1.2 (java windows)
Cache-Control: no-cache
Content-Type: application/json; charset=utf-8
host: localhost:63937
accept: */*

Response DefaultHttpResponse(decodeResult: success, version: HTTP/1.1)
HTTP/1.1 200 OK
Content-Type: application/json; charset=utf-8
cache-control: no-cache
content-length: 34984

21:11:35.557 [AsyncHttpClient-1-11] DEBUG org.asynchttpclient.netty.channel.ChannelManager - Adding key: http://localhost:63937 for channel [id: 0x0df75b3c, L:/127.0.0.1:61877 - R:localhost/127.0.0.1:63937]
21:11:35.558 [main] DEBUG net.serenitybdd.core.photography.Darkroom - Send negative for processing for target\site\serenity\995a392bf0bb233b2e681e37d63dac348ffebd49649406f2b7c38ad96818e23a.png
21:11:35.558 [Darkroom Processing Line] DEBUG net.serenitybdd.core.photography.DarkroomProcessingLine - Processing screenshot image in /var/screenshots/screenshot-9714999811474337737
21:11:35.558 [Darkroom Processing Line] DEBUG net.serenitybdd.core.photography.DarkroomProcessingLine - Saving screenshot to target\site\serenity\995a392bf0bb233b2e681e37d63dac348ffebd49649406f2b7c38ad96818e23a.png
21:11:35.562 [Forwarding findElement on session 5278a720ed118a126a095e53ec9612a2 to remote] DEBUG org.asynchttpclient.netty.request.NettyRequestSender - Using pooled Channel '[id: 0x0df75b3c, L:/127.0.0.1:61877 - R:localhost/127.0.0.1:63937]' for 'POST' to 'http://localhost:63937/session/5278a720ed118a126a095e53ec9612a2/element'
21:11:35.562 [Forwarding findElement on session 5278a720ed118a126a095e53ec9612a2 to remote] DEBUG org.asynchttpclient.netty.request.NettyRequestSender - Using open Channel [id: 0x0df75b3c, L:/127.0.0.1:61877 - R:localhost/127.0.0.1:63937] for POST '/session/5278a720ed118a126a095e53ec9612a2/element'
21:11:35.575 [AsyncHttpClient-1-11] DEBUG org.asynchttpclient.netty.handler.HttpHandler - 

Request DefaultHttpRequest(decodeResult: success, version: HTTP/1.1)
POST /session/5278a720ed118a126a095e53ec9612a2/element HTTP/1.1
User-Agent: selenium/4.1.2 (java windows)
Content-Length: 89
Content-Type: application/json; charset=utf-8
host: localhost:63937
accept: */*

Response DefaultHttpResponse(decodeResult: success, version: HTTP/1.1)
HTTP/1.1 200 OK
Content-Type: application/json; charset=utf-8
cache-control: no-cache
content-length: 88

21:11:35.575 [AsyncHttpClient-1-11] DEBUG org.asynchttpclient.netty.channel.ChannelManager - Adding key: http://localhost:63937 for channel [id: 0x0df75b3c, L:/127.0.0.1:61877 - R:localhost/127.0.0.1:63937]
21:11:35.576 [Forwarding clearElement on session 5278a720ed118a126a095e53ec9612a2 to remote] DEBUG org.asynchttpclient.netty.request.NettyRequestSender - Using pooled Channel '[id: 0x0df75b3c, L:/127.0.0.1:61877 - R:localhost/127.0.0.1:63937]' for 'POST' to 'http://localhost:63937/session/5278a720ed118a126a095e53ec9612a2/element/b7e26d9e-d751-4300-99d3-b1915d3e9e61/clear'
21:11:35.576 [Forwarding clearElement on session 5278a720ed118a126a095e53ec9612a2 to remote] DEBUG org.asynchttpclient.netty.request.NettyRequestSender - Using open Channel [id: 0x0df75b3c, L:/127.0.0.1:61877 - R:localhost/127.0.0.1:63937] for POST '/session/5278a720ed118a126a095e53ec9612a2/element/b7e26d9e-d751-4300-99d3-b1915d3e9e61/clear'
21:11:35.605 [AsyncHttpClient-1-11] DEBUG org.asynchttpclient.netty.handler.HttpHandler - 

Request DefaultHttpRequest(decodeResult: success, version: HTTP/1.1)
POST /session/5278a720ed118a126a095e53ec9612a2/element/b7e26d9e-d751-4300-99d3-b1915d3e9e61/clear HTTP/1.1
User-Agent: selenium/4.1.2 (java windows)
Content-Length: 50
Content-Type: application/json; charset=utf-8
host: localhost:63937
accept: */*

Response DefaultHttpResponse(decodeResult: success, version: HTTP/1.1)
HTTP/1.1 200 OK
Content-Type: application/json; charset=utf-8
cache-control: no-cache
content-length: 14

21:11:35.605 [AsyncHttpClient-1-11] DEBUG org.asynchttpclient.netty.channel.ChannelManager - Adding key: http://localhost:63937 for channel [id: 0x0df75b3c, L:/127.0.0.1:61877 - R:localhost/127.0.0.1:63937]
21:11:35.606 [Forwarding sendKeysToElement on session 5278a720ed118a126a095e53ec9612a2 to remote] DEBUG org.asynchttpclient.netty.request.NettyRequestSender - Using pooled Channel '[id: 0x0df75b3c, L:/127.0.0.1:61877 - R:localhost/127.0.0.1:63937]' for 'POST' to 'http://localhost:63937/session/5278a720ed118a126a095e53ec9612a2/element/b7e26d9e-d751-4300-99d3-b1915d3e9e61/value'
21:11:35.606 [Forwarding sendKeysToElement on session 5278a720ed118a126a095e53ec9612a2 to remote] DEBUG org.asynchttpclient.netty.request.NettyRequestSender - Using open Channel [id: 0x0df75b3c, L:/127.0.0.1:61877 - R:localhost/127.0.0.1:63937] for POST '/session/5278a720ed118a126a095e53ec9612a2/element/b7e26d9e-d751-4300-99d3-b1915d3e9e61/value'
21:11:35.666 [AsyncHttpClient-1-11] DEBUG org.asynchttpclient.netty.handler.HttpHandler - 

Request DefaultHttpRequest(decodeResult: success, version: HTTP/1.1)
POST /session/5278a720ed118a126a095e53ec9612a2/element/b7e26d9e-d751-4300-99d3-b1915d3e9e61/value HTTP/1.1
User-Agent: selenium/4.1.2 (java windows)
Content-Length: 161
Content-Type: application/json; charset=utf-8
host: localhost:63937
accept: */*

Response DefaultHttpResponse(decodeResult: success, version: HTTP/1.1)
HTTP/1.1 200 OK
Content-Type: application/json; charset=utf-8
cache-control: no-cache
content-length: 14

21:11:35.666 [AsyncHttpClient-1-11] DEBUG org.asynchttpclient.netty.channel.ChannelManager - Adding key: http://localhost:63937 for channel [id: 0x0df75b3c, L:/127.0.0.1:61877 - R:localhost/127.0.0.1:63937]
  &amp#27;[32mAnd &amp#27;[0m&amp#27;[32mI input valid passwordd&amp#27;[0m                                      &amp#27;[90m# starter.stepdefinitions.RegisterStep.iInputValidPasswordd()&amp#27;[0m
21:11:35.672 [Forwarding screenshot on session 5278a720ed118a126a095e53ec9612a2 to remote] DEBUG org.asynchttpclient.netty.request.NettyRequestSender - Using pooled Channel '[id: 0x0df75b3c, L:/127.0.0.1:61877 - R:localhost/127.0.0.1:63937]' for 'GET' to 'http://localhost:63937/session/5278a720ed118a126a095e53ec9612a2/screenshot'
21:11:35.672 [Forwarding screenshot on session 5278a720ed118a126a095e53ec9612a2 to remote] DEBUG org.asynchttpclient.netty.request.NettyRequestSender - Using open Channel [id: 0x0df75b3c, L:/127.0.0.1:61877 - R:localhost/127.0.0.1:63937] for GET '/session/5278a720ed118a126a095e53ec9612a2/screenshot'
21:11:35.812 [AsyncHttpClient-1-11] DEBUG org.asynchttpclient.netty.handler.HttpHandler - 

Request DefaultFullHttpRequest(decodeResult: success, version: HTTP/1.1, content: EmptyByteBufBE)
GET /session/5278a720ed118a126a095e53ec9612a2/screenshot HTTP/1.1
User-Agent: selenium/4.1.2 (java windows)
Cache-Control: no-cache
Content-Type: application/json; charset=utf-8
host: localhost:63937
accept: */*

Response DefaultHttpResponse(decodeResult: success, version: HTTP/1.1)
HTTP/1.1 200 OK
Content-Type: application/json; charset=utf-8
cache-control: no-cache
content-length: 35308

21:11:35.812 [AsyncHttpClient-1-11] DEBUG org.asynchttpclient.netty.channel.ChannelManager - Adding key: http://localhost:63937 for channel [id: 0x0df75b3c, L:/127.0.0.1:61877 - R:localhost/127.0.0.1:63937]
21:11:35.813 [main] DEBUG net.serenitybdd.core.photography.Darkroom - Send negative for processing for target\site\serenity\c4319768a9d969bbf5017d6f3ee47a53383cfe082b03b64f74520a4ea7b63705.png
21:11:35.814 [Darkroom Processing Line] DEBUG net.serenitybdd.core.photography.DarkroomProcessingLine - Processing screenshot image in /var/screenshots/screenshot-13806816388453292588
21:11:35.814 [Darkroom Processing Line] DEBUG net.serenitybdd.core.photography.DarkroomProcessingLine - Saving screenshot to target\site\serenity\c4319768a9d969bbf5017d6f3ee47a53383cfe082b03b64f74520a4ea7b63705.png
21:11:35.818 [AsyncHttpClient-1-1] DEBUG org.asynchttpclient.netty.channel.DefaultChannelPool - Entry count for : http://localhost:63937 : 1
21:11:35.818 [AsyncHttpClient-1-1] DEBUG org.asynchttpclient.netty.channel.DefaultChannelPool - Entry count for : http://localhost:61878 : 1
21:11:35.821 [Forwarding findElement on session 5278a720ed118a126a095e53ec9612a2 to remote] DEBUG org.asynchttpclient.netty.request.NettyRequestSender - Using pooled Channel '[id: 0x0df75b3c, L:/127.0.0.1:61877 - R:localhost/127.0.0.1:63937]' for 'POST' to 'http://localhost:63937/session/5278a720ed118a126a095e53ec9612a2/element'
21:11:35.821 [Forwarding findElement on session 5278a720ed118a126a095e53ec9612a2 to remote] DEBUG org.asynchttpclient.netty.request.NettyRequestSender - Using open Channel [id: 0x0df75b3c, L:/127.0.0.1:61877 - R:localhost/127.0.0.1:63937] for POST '/session/5278a720ed118a126a095e53ec9612a2/element'
21:11:35.831 [AsyncHttpClient-1-11] DEBUG org.asynchttpclient.netty.handler.HttpHandler - 

Request DefaultHttpRequest(decodeResult: success, version: HTTP/1.1)
POST /session/5278a720ed118a126a095e53ec9612a2/element HTTP/1.1
User-Agent: selenium/4.1.2 (java windows)
Content-Length: 93
Content-Type: application/json; charset=utf-8
host: localhost:63937
accept: */*

Response DefaultHttpResponse(decodeResult: success, version: HTTP/1.1)
HTTP/1.1 200 OK
Content-Type: application/json; charset=utf-8
cache-control: no-cache
content-length: 88

21:11:35.831 [AsyncHttpClient-1-11] DEBUG org.asynchttpclient.netty.channel.ChannelManager - Adding key: http://localhost:63937 for channel [id: 0x0df75b3c, L:/127.0.0.1:61877 - R:localhost/127.0.0.1:63937]
21:11:35.832 [Forwarding getElementTagName on session 5278a720ed118a126a095e53ec9612a2 to remote] DEBUG org.asynchttpclient.netty.request.NettyRequestSender - Using pooled Channel '[id: 0x0df75b3c, L:/127.0.0.1:61877 - R:localhost/127.0.0.1:63937]' for 'GET' to 'http://localhost:63937/session/5278a720ed118a126a095e53ec9612a2/element/5e2fa43e-e5e8-46f5-a08d-28f91f5625ad/name'
21:11:35.832 [Forwarding getElementTagName on session 5278a720ed118a126a095e53ec9612a2 to remote] DEBUG org.asynchttpclient.netty.request.NettyRequestSender - Using open Channel [id: 0x0df75b3c, L:/127.0.0.1:61877 - R:localhost/127.0.0.1:63937] for GET '/session/5278a720ed118a126a095e53ec9612a2/element/5e2fa43e-e5e8-46f5-a08d-28f91f5625ad/name'
21:11:35.837 [AsyncHttpClient-1-11] DEBUG org.asynchttpclient.netty.handler.HttpHandler - 

Request DefaultFullHttpRequest(decodeResult: success, version: HTTP/1.1, content: EmptyByteBufBE)
GET /session/5278a720ed118a126a095e53ec9612a2/element/5e2fa43e-e5e8-46f5-a08d-28f91f5625ad/name HTTP/1.1
User-Agent: selenium/4.1.2 (java windows)
Cache-Control: no-cache
Content-Type: application/json; charset=utf-8
host: localhost:63937
accept: */*

Response DefaultHttpResponse(decodeResult: success, version: HTTP/1.1)
HTTP/1.1 200 OK
Content-Type: application/json; charset=utf-8
cache-control: no-cache
content-length: 16

21:11:35.837 [AsyncHttpClient-1-11] DEBUG org.asynchttpclient.netty.channel.ChannelManager - Adding key: http://localhost:63937 for channel [id: 0x0df75b3c, L:/127.0.0.1:61877 - R:localhost/127.0.0.1:63937]
21:11:35.838 [Forwarding getElementTagName on session 5278a720ed118a126a095e53ec9612a2 to remote] DEBUG org.asynchttpclient.netty.request.NettyRequestSender - Using pooled Channel '[id: 0x0df75b3c, L:/127.0.0.1:61877 - R:localhost/127.0.0.1:63937]' for 'GET' to 'http://localhost:63937/session/5278a720ed118a126a095e53ec9612a2/element/5e2fa43e-e5e8-46f5-a08d-28f91f5625ad/name'
21:11:35.838 [Forwarding getElementTagName on session 5278a720ed118a126a095e53ec9612a2 to remote] DEBUG org.asynchttpclient.netty.request.NettyRequestSender - Using open Channel [id: 0x0df75b3c, L:/127.0.0.1:61877 - R:localhost/127.0.0.1:63937] for GET '/session/5278a720ed118a126a095e53ec9612a2/element/5e2fa43e-e5e8-46f5-a08d-28f91f5625ad/name'
21:11:35.840 [AsyncHttpClient-1-11] DEBUG org.asynchttpclient.netty.handler.HttpHandler - 

Request DefaultFullHttpRequest(decodeResult: success, version: HTTP/1.1, content: EmptyByteBufBE)
GET /session/5278a720ed118a126a095e53ec9612a2/element/5e2fa43e-e5e8-46f5-a08d-28f91f5625ad/name HTTP/1.1
User-Agent: selenium/4.1.2 (java windows)
Cache-Control: no-cache
Content-Type: application/json; charset=utf-8
host: localhost:63937
accept: */*

Response DefaultHttpResponse(decodeResult: success, version: HTTP/1.1)
HTTP/1.1 200 OK
Content-Type: application/json; charset=utf-8
cache-control: no-cache
content-length: 16

21:11:35.840 [AsyncHttpClient-1-11] DEBUG org.asynchttpclient.netty.channel.ChannelManager - Adding key: http://localhost:63937 for channel [id: 0x0df75b3c, L:/127.0.0.1:61877 - R:localhost/127.0.0.1:63937]
21:11:35.841 [Forwarding findElement on session 5278a720ed118a126a095e53ec9612a2 to remote] DEBUG org.asynchttpclient.netty.request.NettyRequestSender - Using pooled Channel '[id: 0x0df75b3c, L:/127.0.0.1:61877 - R:localhost/127.0.0.1:63937]' for 'POST' to 'http://localhost:63937/session/5278a720ed118a126a095e53ec9612a2/element'
21:11:35.841 [Forwarding findElement on session 5278a720ed118a126a095e53ec9612a2 to remote] DEBUG org.asynchttpclient.netty.request.NettyRequestSender - Using open Channel [id: 0x0df75b3c, L:/127.0.0.1:61877 - R:localhost/127.0.0.1:63937] for POST '/session/5278a720ed118a126a095e53ec9612a2/element'
21:11:35.846 [AsyncHttpClient-1-11] DEBUG org.asynchttpclient.netty.handler.HttpHandler - 

Request DefaultHttpRequest(decodeResult: success, version: HTTP/1.1)
POST /session/5278a720ed118a126a095e53ec9612a2/element HTTP/1.1
User-Agent: selenium/4.1.2 (java windows)
Content-Length: 93
Content-Type: application/json; charset=utf-8
host: localhost:63937
accept: */*

Response DefaultHttpResponse(decodeResult: success, version: HTTP/1.1)
HTTP/1.1 200 OK
Content-Type: application/json; charset=utf-8
cache-control: no-cache
content-length: 88

21:11:35.846 [AsyncHttpClient-1-11] DEBUG org.asynchttpclient.netty.channel.ChannelManager - Adding key: http://localhost:63937 for channel [id: 0x0df75b3c, L:/127.0.0.1:61877 - R:localhost/127.0.0.1:63937]
21:11:35.848 [Forwarding clickElement on session 5278a720ed118a126a095e53ec9612a2 to remote] DEBUG org.asynchttpclient.netty.request.NettyRequestSender - Using pooled Channel '[id: 0x0df75b3c, L:/127.0.0.1:61877 - R:localhost/127.0.0.1:63937]' for 'POST' to 'http://localhost:63937/session/5278a720ed118a126a095e53ec9612a2/element/5e2fa43e-e5e8-46f5-a08d-28f91f5625ad/click'
21:11:35.848 [Forwarding clickElement on session 5278a720ed118a126a095e53ec9612a2 to remote] DEBUG org.asynchttpclient.netty.request.NettyRequestSender - Using open Channel [id: 0x0df75b3c, L:/127.0.0.1:61877 - R:localhost/127.0.0.1:63937] for POST '/session/5278a720ed118a126a095e53ec9612a2/element/5e2fa43e-e5e8-46f5-a08d-28f91f5625ad/click'
21:11:35.889 [AsyncHttpClient-1-11] DEBUG org.asynchttpclient.netty.handler.HttpHandler - 

Request DefaultHttpRequest(decodeResult: success, version: HTTP/1.1)
POST /session/5278a720ed118a126a095e53ec9612a2/element/5e2fa43e-e5e8-46f5-a08d-28f91f5625ad/click HTTP/1.1
User-Agent: selenium/4.1.2 (java windows)
Content-Length: 50
Content-Type: application/json; charset=utf-8
host: localhost:63937
accept: */*

Response DefaultHttpResponse(decodeResult: success, version: HTTP/1.1)
HTTP/1.1 200 OK
Content-Type: application/json; charset=utf-8
cache-control: no-cache
content-length: 14

21:11:35.889 [AsyncHttpClient-1-11] DEBUG org.asynchttpclient.netty.channel.ChannelManager - Adding key: http://localhost:63937 for channel [id: 0x0df75b3c, L:/127.0.0.1:61877 - R:localhost/127.0.0.1:63937]
  &amp#27;[32mAnd &amp#27;[0m&amp#27;[32mI click register iconn&amp#27;[0m                                       &amp#27;[90m# starter.stepdefinitions.RegisterStep.iClickRegisterIconn()&amp#27;[0m
21:11:35.893 [Forwarding screenshot on session 5278a720ed118a126a095e53ec9612a2 to remote] DEBUG org.asynchttpclient.netty.request.NettyRequestSender - Using pooled Channel '[id: 0x0df75b3c, L:/127.0.0.1:61877 - R:localhost/127.0.0.1:63937]' for 'GET' to 'http://localhost:63937/session/5278a720ed118a126a095e53ec9612a2/screenshot'
21:11:35.893 [Forwarding screenshot on session 5278a720ed118a126a095e53ec9612a2 to remote] DEBUG org.asynchttpclient.netty.request.NettyRequestSender - Using open Channel [id: 0x0df75b3c, L:/127.0.0.1:61877 - R:localhost/127.0.0.1:63937] for GET '/session/5278a720ed118a126a095e53ec9612a2/screenshot'
21:11:36.020 [AsyncHttpClient-1-11] DEBUG org.asynchttpclient.netty.handler.HttpHandler - 

Request DefaultFullHttpRequest(decodeResult: success, version: HTTP/1.1, content: EmptyByteBufBE)
GET /session/5278a720ed118a126a095e53ec9612a2/screenshot HTTP/1.1
User-Agent: selenium/4.1.2 (java windows)
Cache-Control: no-cache
Content-Type: application/json; charset=utf-8
host: localhost:63937
accept: */*

Response DefaultHttpResponse(decodeResult: success, version: HTTP/1.1)
HTTP/1.1 200 OK
Content-Type: application/json; charset=utf-8
cache-control: no-cache
content-length: 35060

21:11:36.020 [AsyncHttpClient-1-11] DEBUG org.asynchttpclient.netty.channel.ChannelManager - Adding key: http://localhost:63937 for channel [id: 0x0df75b3c, L:/127.0.0.1:61877 - R:localhost/127.0.0.1:63937]
21:11:36.022 [main] DEBUG net.serenitybdd.core.photography.Darkroom - Send negative for processing for target\site\serenity\1fd76e2be4a06bb3878b458d05f9e35f7804a18485d762c673181bf6cc957dca.png
21:11:36.022 [Darkroom Processing Line] DEBUG net.serenitybdd.core.photography.DarkroomProcessingLine - Processing screenshot image in /var/screenshots/screenshot-15286165646831923262
21:11:36.022 [Darkroom Processing Line] DEBUG net.serenitybdd.core.photography.DarkroomProcessingLine - Saving screenshot to target\site\serenity\1fd76e2be4a06bb3878b458d05f9e35f7804a18485d762c673181bf6cc957dca.png
21:11:36.028 [Forwarding findElement on session 5278a720ed118a126a095e53ec9612a2 to remote] DEBUG org.asynchttpclient.netty.request.NettyRequestSender - Using pooled Channel '[id: 0x0df75b3c, L:/127.0.0.1:61877 - R:localhost/127.0.0.1:63937]' for 'POST' to 'http://localhost:63937/session/5278a720ed118a126a095e53ec9612a2/element'
21:11:36.028 [Forwarding findElement on session 5278a720ed118a126a095e53ec9612a2 to remote] DEBUG org.asynchttpclient.netty.request.NettyRequestSender - Using open Channel [id: 0x0df75b3c, L:/127.0.0.1:61877 - R:localhost/127.0.0.1:63937] for POST '/session/5278a720ed118a126a095e53ec9612a2/element'
21:11:36.919 [AsyncHttpClient-1-1] DEBUG org.asynchttpclient.netty.channel.DefaultChannelPool - Entry count for : http://localhost:61878 : 1
21:11:37.218 [AsyncHttpClient-1-11] DEBUG org.asynchttpclient.netty.handler.HttpHandler - 

Request DefaultHttpRequest(decodeResult: success, version: HTTP/1.1)
POST /session/5278a720ed118a126a095e53ec9612a2/element HTTP/1.1
User-Agent: selenium/4.1.2 (java windows)
Content-Length: 148
Content-Type: application/json; charset=utf-8
host: localhost:63937
accept: */*

Response DefaultHttpResponse(decodeResult: success, version: HTTP/1.1)
HTTP/1.1 200 OK
Content-Type: application/json; charset=utf-8
cache-control: no-cache
content-length: 88

21:11:37.218 [AsyncHttpClient-1-11] DEBUG org.asynchttpclient.netty.channel.ChannelManager - Adding key: http://localhost:63937 for channel [id: 0x0df75b3c, L:/127.0.0.1:61877 - R:localhost/127.0.0.1:63937]
21:11:37.223 [Forwarding isElementDisplayed on session 5278a720ed118a126a095e53ec9612a2 to remote] DEBUG org.asynchttpclient.netty.request.NettyRequestSender - Using pooled Channel '[id: 0x0df75b3c, L:/127.0.0.1:61877 - R:localhost/127.0.0.1:63937]' for 'POST' to 'http://localhost:63937/session/5278a720ed118a126a095e53ec9612a2/execute/sync'
21:11:37.223 [Forwarding isElementDisplayed on session 5278a720ed118a126a095e53ec9612a2 to remote] DEBUG org.asynchttpclient.netty.request.NettyRequestSender - Using open Channel [id: 0x0df75b3c, L:/127.0.0.1:61877 - R:localhost/127.0.0.1:63937] for POST '/session/5278a720ed118a126a095e53ec9612a2/execute/sync'
21:11:37.239 [AsyncHttpClient-1-11] DEBUG org.asynchttpclient.netty.handler.HttpHandler - 

Request DefaultHttpRequest(decodeResult: success, version: HTTP/1.1)
POST /session/5278a720ed118a126a095e53ec9612a2/execute/sync HTTP/1.1
User-Agent: selenium/4.1.2 (java windows)
Content-Length: 48780
Content-Type: application/json; charset=utf-8
host: localhost:63937
accept: */*

Response DefaultHttpResponse(decodeResult: success, version: HTTP/1.1)
HTTP/1.1 200 OK
Content-Type: application/json; charset=utf-8
cache-control: no-cache
content-length: 14

21:11:37.239 [AsyncHttpClient-1-11] DEBUG org.asynchttpclient.netty.channel.ChannelManager - Adding key: http://localhost:63937 for channel [id: 0x0df75b3c, L:/127.0.0.1:61877 - R:localhost/127.0.0.1:63937]
  &amp#27;[32mThen &amp#27;[0m&amp#27;[32mI will get error message nul&amp#27;[0m                                &amp#27;[90m# starter.stepdefinitions.RegisterStep.iWillGetErrorMessageNul()&amp#27;[0m
21:11:37.242 [Forwarding screenshot on session 5278a720ed118a126a095e53ec9612a2 to remote] DEBUG org.asynchttpclient.netty.request.NettyRequestSender - Using pooled Channel '[id: 0x0df75b3c, L:/127.0.0.1:61877 - R:localhost/127.0.0.1:63937]' for 'GET' to 'http://localhost:63937/session/5278a720ed118a126a095e53ec9612a2/screenshot'
21:11:37.242 [Forwarding screenshot on session 5278a720ed118a126a095e53ec9612a2 to remote] DEBUG org.asynchttpclient.netty.request.NettyRequestSender - Using open Channel [id: 0x0df75b3c, L:/127.0.0.1:61877 - R:localhost/127.0.0.1:63937] for GET '/session/5278a720ed118a126a095e53ec9612a2/screenshot'
21:11:37.410 [AsyncHttpClient-1-11] DEBUG org.asynchttpclient.netty.handler.HttpHandler - 

Request DefaultFullHttpRequest(decodeResult: success, version: HTTP/1.1, content: EmptyByteBufBE)
GET /session/5278a720ed118a126a095e53ec9612a2/screenshot HTTP/1.1
User-Agent: selenium/4.1.2 (java windows)
Cache-Control: no-cache
Content-Type: application/json; charset=utf-8
host: localhost:63937
accept: */*

Response DefaultHttpResponse(decodeResult: success, version: HTTP/1.1)
HTTP/1.1 200 OK
Content-Type: application/json; charset=utf-8
cache-control: no-cache
content-length: 35920

21:11:37.410 [AsyncHttpClient-1-11] DEBUG org.asynchttpclient.netty.channel.ChannelManager - Adding key: http://localhost:63937 for channel [id: 0x0df75b3c, L:/127.0.0.1:61877 - R:localhost/127.0.0.1:63937]
21:11:37.412 [main] DEBUG net.serenitybdd.core.photography.Darkroom - Send negative for processing for target\site\serenity\01833b7f55cc210a6e7713b8f6861068d0a133b260b268fdffb91c71472a5143.png
21:11:37.416 [Darkroom Processing Line] DEBUG net.serenitybdd.core.photography.DarkroomProcessingLine - Processing screenshot image in /var/screenshots/screenshot-13718061351872378853
21:11:37.416 [Darkroom Processing Line] DEBUG net.serenitybdd.core.photography.DarkroomProcessingLine - Saving screenshot to target\site\serenity\01833b7f55cc210a6e7713b8f6861068d0a133b260b268fdffb91c71472a5143.png
21:11:37.416 [main] INFO  - 
  _____   ___   ___   _____     ___     _     ___   ___   ___   ___  
 |_   _| | __| / __| |_   _|   | _ \   /_\   / __| / __| | __| |   \ 
   | |   | _|  \__ \   | |     |  _/  / _ \  \__ \ \__ \ | _|  | |) |
   |_|   |___| |___/   |_|     |_|   /_/ \_\ |___/ |___/ |___| |___/ 

Register with null nama, valid email, and valid password
----------------------------------------------------------------------
21:11:37.417 [AsyncHttpClient-1-13] DEBUG org.asynchttpclient.netty.handler.WebSocketHandler - Channel Closed: [id: 0x064b37af, L:/127.0.0.1:61885 ! R:localhost/127.0.0.1:61878] with attribute NettyResponseFuture{currentRetry=5,
	isDone=1,
	isCancelled=0,
	asyncHandler=org.asynchttpclient.ws.WebSocketUpgradeHandler@4d7a072d,
	nettyRequest=org.asynchttpclient.netty.request.NettyRequest@6fe5ca3c,
	future=java.util.concurrent.CompletableFuture@19c24581[Completed normally],
	uri=ws://localhost:61878/devtools/browser/8c970501-56c8-4d1a-8624-921e45ca5c21,
	keepAlive=true,
	redirectCount=0,
	timeoutsHolder=null,
	inAuth=0,
	touch=1667916693649}
21:11:37.417 [AsyncHttpClient-1-13] DEBUG org.asynchttpclient.netty.channel.ChannelManager - Closing Channel [id: 0x064b37af, L:/127.0.0.1:61885 ! R:localhost/127.0.0.1:61878] 
21:11:37.417 [Driver Command Executor] DEBUG org.asynchttpclient.netty.request.NettyRequestSender - Using pooled Channel '[id: 0x0df75b3c, L:/127.0.0.1:61877 - R:localhost/127.0.0.1:63937]' for 'DELETE' to 'http://localhost:63937/session/5278a720ed118a126a095e53ec9612a2'
21:11:37.417 [Driver Command Executor] DEBUG org.asynchttpclient.netty.request.NettyRequestSender - Using open Channel [id: 0x0df75b3c, L:/127.0.0.1:61877 - R:localhost/127.0.0.1:63937] for DELETE '/session/5278a720ed118a126a095e53ec9612a2'
21:11:37.445 [AsyncHttpClient-1-12] DEBUG org.asynchttpclient.netty.handler.HttpHandler - Unexpected I/O exception on channel [id: 0x478058af, L:/127.0.0.1:61884 - R:localhost/127.0.0.1:61878]
java.io.IOException: An existing connection was forcibly closed by the remote host
	at java.base/sun.nio.ch.SocketDispatcher.read0(Native Method)
	at java.base/sun.nio.ch.SocketDispatcher.read(SocketDispatcher.java:43)
	at java.base/sun.nio.ch.IOUtil.readIntoNativeBuffer(IOUtil.java:276)
	at java.base/sun.nio.ch.IOUtil.read(IOUtil.java:233)
	at java.base/sun.nio.ch.IOUtil.read(IOUtil.java:223)
	at java.base/sun.nio.ch.SocketChannelImpl.read(SocketChannelImpl.java:358)
	at io.netty.buffer.PooledByteBuf.setBytes(PooledByteBuf.java:258)
	at io.netty.buffer.AbstractByteBuf.writeBytes(AbstractByteBuf.java:1132)
	at io.netty.channel.socket.nio.NioSocketChannel.doReadBytes(NioSocketChannel.java:350)
	at io.netty.channel.nio.AbstractNioByteChannel$NioByteUnsafe.read(AbstractNioByteChannel.java:151)
	at io.netty.channel.nio.NioEventLoop.processSelectedKey(NioEventLoop.java:722)
	at io.netty.channel.nio.NioEventLoop.processSelectedKeysOptimized(NioEventLoop.java:658)
	at io.netty.channel.nio.NioEventLoop.processSelectedKeys(NioEventLoop.java:584)
	at io.netty.channel.nio.NioEventLoop.run(NioEventLoop.java:496)
	at io.netty.util.concurrent.SingleThreadEventExecutor$4.run(SingleThreadEventExecutor.java:986)
	at io.netty.util.internal.ThreadExecutorMap$2.run(ThreadExecutorMap.java:74)
	at io.netty.util.concurrent.FastThreadLocalRunnable.run(FastThreadLocalRunnable.java:30)
	at java.base/java.lang.Thread.run(Thread.java:834)
21:11:37.445 [AsyncHttpClient-1-12] DEBUG org.asynchttpclient.netty.channel.ChannelManager - Closing Channel [id: 0x478058af, L:/127.0.0.1:61884 - R:localhost/127.0.0.1:61878] 
21:11:37.445 [AsyncHttpClient-1-12] DEBUG org.asynchttpclient.netty.handler.HttpHandler - Channel Closed: [id: 0x478058af, L:/127.0.0.1:61884 ! R:localhost/127.0.0.1:61878] with attribute DISCARD
21:11:37.471 [AsyncHttpClient-1-11] DEBUG org.asynchttpclient.netty.handler.HttpHandler - 

Request DefaultFullHttpRequest(decodeResult: success, version: HTTP/1.1, content: EmptyByteBufBE)
DELETE /session/5278a720ed118a126a095e53ec9612a2 HTTP/1.1
User-Agent: selenium/4.1.2 (java windows)
Content-Type: application/json; charset=utf-8
host: localhost:63937
accept: */*

Response DefaultHttpResponse(decodeResult: success, version: HTTP/1.1)
HTTP/1.1 200 OK
Content-Type: application/json; charset=utf-8
cache-control: no-cache
content-length: 14

21:11:37.471 [AsyncHttpClient-1-11] DEBUG org.asynchttpclient.netty.channel.ChannelManager - Adding key: http://localhost:63937 for channel [id: 0x0df75b3c, L:/127.0.0.1:61877 - R:localhost/127.0.0.1:63937]
21:11:37.516 [AsyncHttpClient-1-11] DEBUG org.asynchttpclient.netty.handler.HttpHandler - Channel Closed: [id: 0x0df75b3c, L:/127.0.0.1:61877 ! R:localhost/127.0.0.1:63937] with attribute DISCARD
]]></system-out>
    <system-err><![CDATA[Starting ChromeDriver 106.0.5249.61 (511755355844955cd3e264779baf0dd38212a4d0-refs/branch-heads/5249@{#569}) on port 63937
Only local connections are allowed.
Please see https://chromedriver.chromium.org/security-considerations for suggestions on keeping ChromeDriver safe.
ChromeDriver was started successfully.
[1667916693.622][WARNING]: This version of ChromeDriver has not been tested with Chrome version 107.
Nov 08, 2022 9:11:33 PM org.openqa.selenium.remote.ProtocolHandshake createSession
INFO: Detected dialect: W3C
Nov 08, 2022 9:11:33 PM org.openqa.selenium.devtools.CdpVersionFinder findNearestMatch
WARNING: Unable to find an exact match for CDP version 107, so returning the closest version found: a no-op implementation
Nov 08, 2022 9:11:33 PM org.openqa.selenium.devtools.CdpVersionFinder findNearestMatch
INFO: Unable to find CDP implementation matching 107.
Nov 08, 2022 9:11:33 PM org.openqa.selenium.chromium.ChromiumDriver lambda$new$3
WARNING: Unable to find version of CDP to use for . You may need to include a dependency on a specific version of the CDP using something similar to `org.seleniumhq.selenium:selenium-devtools-v86:4.1.2` where the version ("v86") matches the version of the chromium-based browser you're using and the version number of the artifact is the same as Selenium's.
]]></system-err>
  </testcase>
  <testcase name="Register with valid nama, null email, and valid password" classname="Register" time="4.248">
    <system-out><![CDATA[
@Register
Scenario: Register with valid nama, null email, and valid password &amp#27;[90m# src/test/resources/features/register.feature:61&amp#27;[0m
21:11:37.554 [main] INFO io.cucumber.core.plugin.SerenityReporter - Running feature from file:///D:/miniproject/webtesting/src/test/resources/features/register.feature
21:11:37.555 [main] INFO  - 
  _____   ___   ___   _____     ___   _____     _     ___   _____   ___   ___  
 |_   _| | __| / __| |_   _|   / __| |_   _|   /_\   | _ \ |_   _| | __| |   \ 
   | |   | _|  \__ \   | |     \__ \   | |    / _ \  |   /   | |   | _|  | |) |
   |_|   |___| |___/   |_|     |___/   |_|   /_/ \_\ |_|_\   |_|   |___| |___/ 

Register with valid nama, null email, and valid password(register;register-with-valid-nama--null-email--and-valid-password)
--------------------------------------------------------------------------------
21:11:37.563 [main] INFO net.serenitybdd.core.webdriver.driverproviders.ChromeDriverProvider - Using automatically driver download
21:11:37.656 [main] DEBUG io.github.bonigarcia.wdm.cache.ResolutionCache - Resolution chrome=107 in cache (valid until 22:09:52 08/11/2022 ICT)
21:11:37.658 [main] DEBUG io.github.bonigarcia.wdm.cache.ResolutionCache - Resolution chrome107=107.0.5304.62 in cache (valid until 21:09:52 09/11/2022 ICT)
21:11:37.659 [main] INFO io.github.bonigarcia.wdm.WebDriverManager - Using chromedriver 107.0.5304.62 (resolved driver for Chrome 107)
21:11:37.669 [main] DEBUG io.github.bonigarcia.wdm.WebDriverManager - Driver chromedriver 107.0.5304.62 found in cache
21:11:37.670 [main] INFO io.github.bonigarcia.wdm.WebDriverManager - Exporting webdriver.chrome.driver as C:\Users\Yusuf Efendi\.cache\selenium\chromedriver\win32\107.0.5304.62\chromedriver.exe
21:11:37.754 [main] DEBUG net.serenitybdd.core.webdriver.driverproviders.ProvideNewDriver - Instantiating driver
21:11:37.754 [main] DEBUG net.serenitybdd.core.webdriver.driverproviders.ProvideNewDriver - Driver capabilities: Capabilities {acceptInsecureCerts: false, base.url: https://alta-shop.vercel.app, browserName: chrome, chrome.driver: src/test/resources/webdrive..., driver: chrome, goog:chromeOptions: {args: [], extensions: []}, wait.for.timeout: 7000}
21:11:37.831 [AsyncHttpClient-1-14] DEBUG org.asynchttpclient.netty.channel.NettyConnectListener - Using new Channel '[id: 0xc8160b68, L:/127.0.0.1:61902 - R:localhost/127.0.0.1:60684]' for 'POST' to '/session'
21:11:38.027 [AsyncHttpClient-1-1] DEBUG org.asynchttpclient.netty.channel.DefaultChannelPool - Entry count for : http://localhost:63937 : 1
21:11:38.027 [AsyncHttpClient-1-1] DEBUG org.asynchttpclient.netty.channel.DefaultChannelPool - Entry count for : http://localhost:61878 : 1
21:11:38.027 [AsyncHttpClient-1-1] DEBUG org.asynchttpclient.netty.channel.DefaultChannelPool - Adding Candidate expired Channel [id: 0x0df75b3c, L:/127.0.0.1:61877 ! R:localhost/127.0.0.1:63937] isIdleTimeoutExpired=false isRemotelyClosed=true isTtlExpired=false
21:11:38.027 [AsyncHttpClient-1-1] DEBUG org.asynchttpclient.netty.channel.DefaultChannelPool - Closing Idle Channel [id: 0x0df75b3c, L:/127.0.0.1:61877 ! R:localhost/127.0.0.1:63937]
21:11:38.027 [AsyncHttpClient-1-1] DEBUG org.asynchttpclient.netty.channel.DefaultChannelPool - Adding Candidate expired Channel [id: 0x478058af, L:/127.0.0.1:61884 ! R:localhost/127.0.0.1:61878] isIdleTimeoutExpired=false isRemotelyClosed=true isTtlExpired=false
21:11:38.027 [AsyncHttpClient-1-1] DEBUG org.asynchttpclient.netty.channel.DefaultChannelPool - Closing Idle Channel [id: 0x478058af, L:/127.0.0.1:61884 ! R:localhost/127.0.0.1:61878]
21:11:38.027 [AsyncHttpClient-1-1] DEBUG org.asynchttpclient.netty.channel.DefaultChannelPool - Closed 2 connections out of 2 in 0 ms
21:11:38.390 [AsyncHttpClient-1-14] DEBUG org.asynchttpclient.netty.handler.HttpHandler - 

Request DefaultHttpRequest(decodeResult: success, version: HTTP/1.1)
POST /session HTTP/1.1
User-Agent: selenium/4.1.2 (java windows)
Content-Length: 639
Content-Type: application/json; charset=utf-8
host: localhost:60684
accept: */*

Response DefaultHttpResponse(decodeResult: success, version: HTTP/1.1)
HTTP/1.1 200 OK
Content-Type: application/json; charset=utf-8
cache-control: no-cache
content-length: 793

21:11:38.390 [AsyncHttpClient-1-14] DEBUG org.asynchttpclient.netty.channel.ChannelManager - Adding key: http://localhost:60684 for channel [id: 0xc8160b68, L:/127.0.0.1:61902 - R:localhost/127.0.0.1:60684]
21:11:38.402 [AsyncHttpClient-1-15] DEBUG org.asynchttpclient.netty.channel.NettyConnectListener - Using new Channel '[id: 0x990c10dc, L:/127.0.0.1:61909 - R:localhost/127.0.0.1:61903]' for 'GET' to '/json/version'
21:11:38.403 [AsyncHttpClient-1-15] DEBUG org.asynchttpclient.netty.handler.HttpHandler - 

Request DefaultFullHttpRequest(decodeResult: success, version: HTTP/1.1, content: EmptyByteBufBE)
GET /json/version HTTP/1.1
User-Agent: selenium/4.1.2 (java windows)
host: localhost:61903
accept: */*

Response DefaultHttpResponse(decodeResult: success, version: HTTP/1.1)
HTTP/1.1 200 OK
Content-Type: application/json; charset=UTF-8
content-length: 423

21:11:38.403 [AsyncHttpClient-1-15] DEBUG org.asynchttpclient.netty.channel.ChannelManager - Adding key: http://localhost:61903 for channel [id: 0x990c10dc, L:/127.0.0.1:61909 - R:localhost/127.0.0.1:61903]
21:11:38.408 [AsyncHttpClient-1-16] DEBUG org.asynchttpclient.netty.channel.NettyConnectListener - Using new Channel '[id: 0xd231bf3b, L:/127.0.0.1:61910 - R:localhost/127.0.0.1:61903]' for 'GET' to '/devtools/browser/18acbfc8-a03d-47ef-ad3f-d3a40f233ad6'
21:11:38.409 [AsyncHttpClient-1-16] DEBUG org.asynchttpclient.netty.handler.WebSocketHandler - 

Request DefaultFullHttpRequest(decodeResult: success, version: HTTP/1.1, content: EmptyByteBufBE)
GET /devtools/browser/18acbfc8-a03d-47ef-ad3f-d3a40f233ad6 HTTP/1.1
upgrade: websocket
connection: upgrade
sec-websocket-key: d5xosbezhljqZ60IRk/tCA==
sec-websocket-version: 13
origin: http://localhost:61903
host: localhost:61903
accept: */*
user-agent: AHC/2.1

Response DefaultHttpResponse(decodeResult: success, version: HTTP/1.1)
HTTP/1.1 101 WebSocket Protocol Handshake
Upgrade: WebSocket
Connection: Upgrade
Sec-WebSocket-Accept: AAsh97jkfPGV9fsghN20XaFpynI=

21:11:38.414 [Forwarding get on session 9ce52216a0e6ee0380ed53ba3103d934 to remote] DEBUG org.asynchttpclient.netty.request.NettyRequestSender - Using pooled Channel '[id: 0xc8160b68, L:/127.0.0.1:61902 - R:localhost/127.0.0.1:60684]' for 'POST' to 'http://localhost:60684/session/9ce52216a0e6ee0380ed53ba3103d934/url'
21:11:38.414 [Forwarding get on session 9ce52216a0e6ee0380ed53ba3103d934 to remote] DEBUG org.asynchttpclient.netty.request.NettyRequestSender - Using open Channel [id: 0xc8160b68, L:/127.0.0.1:61902 - R:localhost/127.0.0.1:60684] for POST '/session/9ce52216a0e6ee0380ed53ba3103d934/url'
21:11:39.064 [AsyncHttpClient-1-14] DEBUG org.asynchttpclient.netty.handler.HttpHandler - 

Request DefaultHttpRequest(decodeResult: success, version: HTTP/1.1)
POST /session/9ce52216a0e6ee0380ed53ba3103d934/url HTTP/1.1
User-Agent: selenium/4.1.2 (java windows)
Content-Length: 74
Content-Type: application/json; charset=utf-8
host: localhost:60684
accept: */*

Response DefaultHttpResponse(decodeResult: success, version: HTTP/1.1)
HTTP/1.1 200 OK
Content-Type: application/json; charset=utf-8
cache-control: no-cache
content-length: 14

21:11:39.064 [AsyncHttpClient-1-14] DEBUG org.asynchttpclient.netty.channel.ChannelManager - Adding key: http://localhost:60684 for channel [id: 0xc8160b68, L:/127.0.0.1:61902 - R:localhost/127.0.0.1:60684]
21:11:39.065 [Forwarding setTimeout on session 9ce52216a0e6ee0380ed53ba3103d934 to remote] DEBUG org.asynchttpclient.netty.request.NettyRequestSender - Using pooled Channel '[id: 0xc8160b68, L:/127.0.0.1:61902 - R:localhost/127.0.0.1:60684]' for 'POST' to 'http://localhost:60684/session/9ce52216a0e6ee0380ed53ba3103d934/timeouts'
21:11:39.065 [Forwarding setTimeout on session 9ce52216a0e6ee0380ed53ba3103d934 to remote] DEBUG org.asynchttpclient.netty.request.NettyRequestSender - Using open Channel [id: 0xc8160b68, L:/127.0.0.1:61902 - R:localhost/127.0.0.1:60684] for POST '/session/9ce52216a0e6ee0380ed53ba3103d934/timeouts'
21:11:39.066 [AsyncHttpClient-1-14] DEBUG org.asynchttpclient.netty.handler.HttpHandler - 

Request DefaultHttpRequest(decodeResult: success, version: HTTP/1.1)
POST /session/9ce52216a0e6ee0380ed53ba3103d934/timeouts HTTP/1.1
User-Agent: selenium/4.1.2 (java windows)
Content-Length: 22
Content-Type: application/json; charset=utf-8
host: localhost:60684
accept: */*

Response DefaultHttpResponse(decodeResult: success, version: HTTP/1.1)
HTTP/1.1 200 OK
Content-Type: application/json; charset=utf-8
cache-control: no-cache
content-length: 14

21:11:39.066 [AsyncHttpClient-1-14] DEBUG org.asynchttpclient.netty.channel.ChannelManager - Adding key: http://localhost:60684 for channel [id: 0xc8160b68, L:/127.0.0.1:61902 - R:localhost/127.0.0.1:60684]
21:11:39.068 [Forwarding getCurrentUrl on session 9ce52216a0e6ee0380ed53ba3103d934 to remote] DEBUG org.asynchttpclient.netty.request.NettyRequestSender - Using pooled Channel '[id: 0xc8160b68, L:/127.0.0.1:61902 - R:localhost/127.0.0.1:60684]' for 'GET' to 'http://localhost:60684/session/9ce52216a0e6ee0380ed53ba3103d934/url'
21:11:39.068 [Forwarding getCurrentUrl on session 9ce52216a0e6ee0380ed53ba3103d934 to remote] DEBUG org.asynchttpclient.netty.request.NettyRequestSender - Using open Channel [id: 0xc8160b68, L:/127.0.0.1:61902 - R:localhost/127.0.0.1:60684] for GET '/session/9ce52216a0e6ee0380ed53ba3103d934/url'
21:11:39.073 [AsyncHttpClient-1-14] DEBUG org.asynchttpclient.netty.handler.HttpHandler - 

Request DefaultFullHttpRequest(decodeResult: success, version: HTTP/1.1, content: EmptyByteBufBE)
GET /session/9ce52216a0e6ee0380ed53ba3103d934/url HTTP/1.1
User-Agent: selenium/4.1.2 (java windows)
Cache-Control: no-cache
Content-Type: application/json; charset=utf-8
host: localhost:60684
accept: */*

Response DefaultHttpResponse(decodeResult: success, version: HTTP/1.1)
HTTP/1.1 200 OK
Content-Type: application/json; charset=utf-8
cache-control: no-cache
content-length: 51

21:11:39.073 [AsyncHttpClient-1-14] DEBUG org.asynchttpclient.netty.channel.ChannelManager - Adding key: http://localhost:60684 for channel [id: 0xc8160b68, L:/127.0.0.1:61902 - R:localhost/127.0.0.1:60684]
  &amp#27;[32mGiven &amp#27;[0m&amp#27;[32mI am on the login pagee&amp#27;[0m                                    &amp#27;[90m# starter.stepdefinitions.RegisterStep.iAmOnTheLoginPagee()&amp#27;[0m
21:11:39.077 [Forwarding screenshot on session 9ce52216a0e6ee0380ed53ba3103d934 to remote] DEBUG org.asynchttpclient.netty.request.NettyRequestSender - Using pooled Channel '[id: 0xc8160b68, L:/127.0.0.1:61902 - R:localhost/127.0.0.1:60684]' for 'GET' to 'http://localhost:60684/session/9ce52216a0e6ee0380ed53ba3103d934/screenshot'
21:11:39.077 [Forwarding screenshot on session 9ce52216a0e6ee0380ed53ba3103d934 to remote] DEBUG org.asynchttpclient.netty.request.NettyRequestSender - Using open Channel [id: 0xc8160b68, L:/127.0.0.1:61902 - R:localhost/127.0.0.1:60684] for GET '/session/9ce52216a0e6ee0380ed53ba3103d934/screenshot'
21:11:39.119 [AsyncHttpClient-1-1] DEBUG org.asynchttpclient.netty.channel.DefaultChannelPool - Entry count for : http://localhost:61903 : 1
21:11:39.246 [AsyncHttpClient-1-14] DEBUG org.asynchttpclient.netty.handler.HttpHandler - 

Request DefaultFullHttpRequest(decodeResult: success, version: HTTP/1.1, content: EmptyByteBufBE)
GET /session/9ce52216a0e6ee0380ed53ba3103d934/screenshot HTTP/1.1
User-Agent: selenium/4.1.2 (java windows)
Cache-Control: no-cache
Content-Type: application/json; charset=utf-8
host: localhost:60684
accept: */*

Response DefaultHttpResponse(decodeResult: success, version: HTTP/1.1)
HTTP/1.1 200 OK
Content-Type: application/json; charset=utf-8
cache-control: no-cache
content-length: 22956

21:11:39.246 [AsyncHttpClient-1-14] DEBUG org.asynchttpclient.netty.channel.ChannelManager - Adding key: http://localhost:60684 for channel [id: 0xc8160b68, L:/127.0.0.1:61902 - R:localhost/127.0.0.1:60684]
21:11:39.247 [main] DEBUG net.serenitybdd.core.photography.Darkroom - Send negative for processing for target\site\serenity\aee116daef9f70687dbaee6bc527f5648618468770bbd8309c15c6b66fad3d98.png
21:11:39.252 [Forwarding findElement on session 9ce52216a0e6ee0380ed53ba3103d934 to remote] DEBUG org.asynchttpclient.netty.request.NettyRequestSender - Using pooled Channel '[id: 0xc8160b68, L:/127.0.0.1:61902 - R:localhost/127.0.0.1:60684]' for 'POST' to 'http://localhost:60684/session/9ce52216a0e6ee0380ed53ba3103d934/element'
21:11:39.252 [Forwarding findElement on session 9ce52216a0e6ee0380ed53ba3103d934 to remote] DEBUG org.asynchttpclient.netty.request.NettyRequestSender - Using open Channel [id: 0xc8160b68, L:/127.0.0.1:61902 - R:localhost/127.0.0.1:60684] for POST '/session/9ce52216a0e6ee0380ed53ba3103d934/element'
21:11:39.265 [AsyncHttpClient-1-14] DEBUG org.asynchttpclient.netty.handler.HttpHandler - 

Request DefaultHttpRequest(decodeResult: success, version: HTTP/1.1)
POST /session/9ce52216a0e6ee0380ed53ba3103d934/element HTTP/1.1
User-Agent: selenium/4.1.2 (java windows)
Content-Length: 80
Content-Type: application/json; charset=utf-8
host: localhost:60684
accept: */*

Response DefaultHttpResponse(decodeResult: success, version: HTTP/1.1)
HTTP/1.1 200 OK
Content-Type: application/json; charset=utf-8
cache-control: no-cache
content-length: 88

21:11:39.265 [AsyncHttpClient-1-14] DEBUG org.asynchttpclient.netty.channel.ChannelManager - Adding key: http://localhost:60684 for channel [id: 0xc8160b68, L:/127.0.0.1:61902 - R:localhost/127.0.0.1:60684]
21:11:39.266 [Forwarding getElementTagName on session 9ce52216a0e6ee0380ed53ba3103d934 to remote] DEBUG org.asynchttpclient.netty.request.NettyRequestSender - Using pooled Channel '[id: 0xc8160b68, L:/127.0.0.1:61902 - R:localhost/127.0.0.1:60684]' for 'GET' to 'http://localhost:60684/session/9ce52216a0e6ee0380ed53ba3103d934/element/a05a3f65-3853-4132-97a7-fa2f3426beef/name'
21:11:39.267 [Forwarding getElementTagName on session 9ce52216a0e6ee0380ed53ba3103d934 to remote] DEBUG org.asynchttpclient.netty.request.NettyRequestSender - Using open Channel [id: 0xc8160b68, L:/127.0.0.1:61902 - R:localhost/127.0.0.1:60684] for GET '/session/9ce52216a0e6ee0380ed53ba3103d934/element/a05a3f65-3853-4132-97a7-fa2f3426beef/name'
21:11:39.272 [AsyncHttpClient-1-14] DEBUG org.asynchttpclient.netty.handler.HttpHandler - 

Request DefaultFullHttpRequest(decodeResult: success, version: HTTP/1.1, content: EmptyByteBufBE)
GET /session/9ce52216a0e6ee0380ed53ba3103d934/element/a05a3f65-3853-4132-97a7-fa2f3426beef/name HTTP/1.1
User-Agent: selenium/4.1.2 (java windows)
Cache-Control: no-cache
Content-Type: application/json; charset=utf-8
host: localhost:60684
accept: */*

Response DefaultHttpResponse(decodeResult: success, version: HTTP/1.1)
HTTP/1.1 200 OK
Content-Type: application/json; charset=utf-8
cache-control: no-cache
content-length: 13

21:11:39.272 [AsyncHttpClient-1-14] DEBUG org.asynchttpclient.netty.channel.ChannelManager - Adding key: http://localhost:60684 for channel [id: 0xc8160b68, L:/127.0.0.1:61902 - R:localhost/127.0.0.1:60684]
21:11:39.273 [Forwarding getElementTagName on session 9ce52216a0e6ee0380ed53ba3103d934 to remote] DEBUG org.asynchttpclient.netty.request.NettyRequestSender - Using pooled Channel '[id: 0xc8160b68, L:/127.0.0.1:61902 - R:localhost/127.0.0.1:60684]' for 'GET' to 'http://localhost:60684/session/9ce52216a0e6ee0380ed53ba3103d934/element/a05a3f65-3853-4132-97a7-fa2f3426beef/name'
21:11:39.273 [Forwarding getElementTagName on session 9ce52216a0e6ee0380ed53ba3103d934 to remote] DEBUG org.asynchttpclient.netty.request.NettyRequestSender - Using open Channel [id: 0xc8160b68, L:/127.0.0.1:61902 - R:localhost/127.0.0.1:60684] for GET '/session/9ce52216a0e6ee0380ed53ba3103d934/element/a05a3f65-3853-4132-97a7-fa2f3426beef/name'
21:11:39.276 [AsyncHttpClient-1-14] DEBUG org.asynchttpclient.netty.handler.HttpHandler - 

Request DefaultFullHttpRequest(decodeResult: success, version: HTTP/1.1, content: EmptyByteBufBE)
GET /session/9ce52216a0e6ee0380ed53ba3103d934/element/a05a3f65-3853-4132-97a7-fa2f3426beef/name HTTP/1.1
User-Agent: selenium/4.1.2 (java windows)
Cache-Control: no-cache
Content-Type: application/json; charset=utf-8
host: localhost:60684
accept: */*

Response DefaultHttpResponse(decodeResult: success, version: HTTP/1.1)
HTTP/1.1 200 OK
Content-Type: application/json; charset=utf-8
cache-control: no-cache
content-length: 13

21:11:39.276 [AsyncHttpClient-1-14] DEBUG org.asynchttpclient.netty.channel.ChannelManager - Adding key: http://localhost:60684 for channel [id: 0xc8160b68, L:/127.0.0.1:61902 - R:localhost/127.0.0.1:60684]
21:11:39.277 [Forwarding findElement on session 9ce52216a0e6ee0380ed53ba3103d934 to remote] DEBUG org.asynchttpclient.netty.request.NettyRequestSender - Using pooled Channel '[id: 0xc8160b68, L:/127.0.0.1:61902 - R:localhost/127.0.0.1:60684]' for 'POST' to 'http://localhost:60684/session/9ce52216a0e6ee0380ed53ba3103d934/element'
21:11:39.277 [Forwarding findElement on session 9ce52216a0e6ee0380ed53ba3103d934 to remote] DEBUG org.asynchttpclient.netty.request.NettyRequestSender - Using open Channel [id: 0xc8160b68, L:/127.0.0.1:61902 - R:localhost/127.0.0.1:60684] for POST '/session/9ce52216a0e6ee0380ed53ba3103d934/element'
21:11:39.283 [AsyncHttpClient-1-14] DEBUG org.asynchttpclient.netty.handler.HttpHandler - 

Request DefaultHttpRequest(decodeResult: success, version: HTTP/1.1)
POST /session/9ce52216a0e6ee0380ed53ba3103d934/element HTTP/1.1
User-Agent: selenium/4.1.2 (java windows)
Content-Length: 80
Content-Type: application/json; charset=utf-8
host: localhost:60684
accept: */*

Response DefaultHttpResponse(decodeResult: success, version: HTTP/1.1)
HTTP/1.1 200 OK
Content-Type: application/json; charset=utf-8
cache-control: no-cache
content-length: 88

21:11:39.283 [AsyncHttpClient-1-14] DEBUG org.asynchttpclient.netty.channel.ChannelManager - Adding key: http://localhost:60684 for channel [id: 0xc8160b68, L:/127.0.0.1:61902 - R:localhost/127.0.0.1:60684]
21:11:39.284 [Forwarding clickElement on session 9ce52216a0e6ee0380ed53ba3103d934 to remote] DEBUG org.asynchttpclient.netty.request.NettyRequestSender - Using pooled Channel '[id: 0xc8160b68, L:/127.0.0.1:61902 - R:localhost/127.0.0.1:60684]' for 'POST' to 'http://localhost:60684/session/9ce52216a0e6ee0380ed53ba3103d934/element/a05a3f65-3853-4132-97a7-fa2f3426beef/click'
21:11:39.284 [Forwarding clickElement on session 9ce52216a0e6ee0380ed53ba3103d934 to remote] DEBUG org.asynchttpclient.netty.request.NettyRequestSender - Using open Channel [id: 0xc8160b68, L:/127.0.0.1:61902 - R:localhost/127.0.0.1:60684] for POST '/session/9ce52216a0e6ee0380ed53ba3103d934/element/a05a3f65-3853-4132-97a7-fa2f3426beef/click'
21:11:39.330 [AsyncHttpClient-1-14] DEBUG org.asynchttpclient.netty.handler.HttpHandler - 

Request DefaultHttpRequest(decodeResult: success, version: HTTP/1.1)
POST /session/9ce52216a0e6ee0380ed53ba3103d934/element/a05a3f65-3853-4132-97a7-fa2f3426beef/click HTTP/1.1
User-Agent: selenium/4.1.2 (java windows)
Content-Length: 50
Content-Type: application/json; charset=utf-8
host: localhost:60684
accept: */*

Response DefaultHttpResponse(decodeResult: success, version: HTTP/1.1)
HTTP/1.1 200 OK
Content-Type: application/json; charset=utf-8
cache-control: no-cache
content-length: 14

21:11:39.330 [AsyncHttpClient-1-14] DEBUG org.asynchttpclient.netty.channel.ChannelManager - Adding key: http://localhost:60684 for channel [id: 0xc8160b68, L:/127.0.0.1:61902 - R:localhost/127.0.0.1:60684]
  &amp#27;[32mWhen &amp#27;[0m&amp#27;[32mI click register buttonn&amp#27;[0m                                    &amp#27;[90m# starter.stepdefinitions.RegisterStep.iClickRegisterButtonn()&amp#27;[0m
21:11:39.337 [Forwarding screenshot on session 9ce52216a0e6ee0380ed53ba3103d934 to remote] DEBUG org.asynchttpclient.netty.request.NettyRequestSender - Using pooled Channel '[id: 0xc8160b68, L:/127.0.0.1:61902 - R:localhost/127.0.0.1:60684]' for 'GET' to 'http://localhost:60684/session/9ce52216a0e6ee0380ed53ba3103d934/screenshot'
21:11:39.337 [Forwarding screenshot on session 9ce52216a0e6ee0380ed53ba3103d934 to remote] DEBUG org.asynchttpclient.netty.request.NettyRequestSender - Using open Channel [id: 0xc8160b68, L:/127.0.0.1:61902 - R:localhost/127.0.0.1:60684] for GET '/session/9ce52216a0e6ee0380ed53ba3103d934/screenshot'
21:11:39.451 [AsyncHttpClient-1-14] DEBUG org.asynchttpclient.netty.handler.HttpHandler - 

Request DefaultFullHttpRequest(decodeResult: success, version: HTTP/1.1, content: EmptyByteBufBE)
GET /session/9ce52216a0e6ee0380ed53ba3103d934/screenshot HTTP/1.1
User-Agent: selenium/4.1.2 (java windows)
Cache-Control: no-cache
Content-Type: application/json; charset=utf-8
host: localhost:60684
accept: */*

Response DefaultHttpResponse(decodeResult: success, version: HTTP/1.1)
HTTP/1.1 200 OK
Content-Type: application/json; charset=utf-8
cache-control: no-cache
content-length: 27708

21:11:39.451 [AsyncHttpClient-1-14] DEBUG org.asynchttpclient.netty.channel.ChannelManager - Adding key: http://localhost:60684 for channel [id: 0xc8160b68, L:/127.0.0.1:61902 - R:localhost/127.0.0.1:60684]
21:11:39.452 [main] DEBUG net.serenitybdd.core.photography.Darkroom - Send negative for processing for target\site\serenity\8f0c185afbd6fcc6677967c23d2de426d9b7ece2f81d10c25b5e7ef3de6a722a.png
21:11:39.457 [Forwarding findElement on session 9ce52216a0e6ee0380ed53ba3103d934 to remote] DEBUG org.asynchttpclient.netty.request.NettyRequestSender - Using pooled Channel '[id: 0xc8160b68, L:/127.0.0.1:61902 - R:localhost/127.0.0.1:60684]' for 'POST' to 'http://localhost:60684/session/9ce52216a0e6ee0380ed53ba3103d934/element'
21:11:39.457 [Forwarding findElement on session 9ce52216a0e6ee0380ed53ba3103d934 to remote] DEBUG org.asynchttpclient.netty.request.NettyRequestSender - Using open Channel [id: 0xc8160b68, L:/127.0.0.1:61902 - R:localhost/127.0.0.1:60684] for POST '/session/9ce52216a0e6ee0380ed53ba3103d934/element'
21:11:39.467 [AsyncHttpClient-1-14] DEBUG org.asynchttpclient.netty.handler.HttpHandler - 

Request DefaultHttpRequest(decodeResult: success, version: HTTP/1.1)
POST /session/9ce52216a0e6ee0380ed53ba3103d934/element HTTP/1.1
User-Agent: selenium/4.1.2 (java windows)
Content-Length: 93
Content-Type: application/json; charset=utf-8
host: localhost:60684
accept: */*

Response DefaultHttpResponse(decodeResult: success, version: HTTP/1.1)
HTTP/1.1 200 OK
Content-Type: application/json; charset=utf-8
cache-control: no-cache
content-length: 88

21:11:39.468 [AsyncHttpClient-1-14] DEBUG org.asynchttpclient.netty.channel.ChannelManager - Adding key: http://localhost:60684 for channel [id: 0xc8160b68, L:/127.0.0.1:61902 - R:localhost/127.0.0.1:60684]
21:11:39.468 [Forwarding clearElement on session 9ce52216a0e6ee0380ed53ba3103d934 to remote] DEBUG org.asynchttpclient.netty.request.NettyRequestSender - Using pooled Channel '[id: 0xc8160b68, L:/127.0.0.1:61902 - R:localhost/127.0.0.1:60684]' for 'POST' to 'http://localhost:60684/session/9ce52216a0e6ee0380ed53ba3103d934/element/2e81e6ab-1b6c-42e5-800c-0d2e9f10d2c5/clear'
21:11:39.468 [Forwarding clearElement on session 9ce52216a0e6ee0380ed53ba3103d934 to remote] DEBUG org.asynchttpclient.netty.request.NettyRequestSender - Using open Channel [id: 0xc8160b68, L:/127.0.0.1:61902 - R:localhost/127.0.0.1:60684] for POST '/session/9ce52216a0e6ee0380ed53ba3103d934/element/2e81e6ab-1b6c-42e5-800c-0d2e9f10d2c5/clear'
21:11:39.498 [AsyncHttpClient-1-14] DEBUG org.asynchttpclient.netty.handler.HttpHandler - 

Request DefaultHttpRequest(decodeResult: success, version: HTTP/1.1)
POST /session/9ce52216a0e6ee0380ed53ba3103d934/element/2e81e6ab-1b6c-42e5-800c-0d2e9f10d2c5/clear HTTP/1.1
User-Agent: selenium/4.1.2 (java windows)
Content-Length: 50
Content-Type: application/json; charset=utf-8
host: localhost:60684
accept: */*

Response DefaultHttpResponse(decodeResult: success, version: HTTP/1.1)
HTTP/1.1 200 OK
Content-Type: application/json; charset=utf-8
cache-control: no-cache
content-length: 14

21:11:39.498 [AsyncHttpClient-1-14] DEBUG org.asynchttpclient.netty.channel.ChannelManager - Adding key: http://localhost:60684 for channel [id: 0xc8160b68, L:/127.0.0.1:61902 - R:localhost/127.0.0.1:60684]
21:11:39.500 [Forwarding sendKeysToElement on session 9ce52216a0e6ee0380ed53ba3103d934 to remote] DEBUG org.asynchttpclient.netty.request.NettyRequestSender - Using pooled Channel '[id: 0xc8160b68, L:/127.0.0.1:61902 - R:localhost/127.0.0.1:60684]' for 'POST' to 'http://localhost:60684/session/9ce52216a0e6ee0380ed53ba3103d934/element/2e81e6ab-1b6c-42e5-800c-0d2e9f10d2c5/value'
21:11:39.500 [Forwarding sendKeysToElement on session 9ce52216a0e6ee0380ed53ba3103d934 to remote] DEBUG org.asynchttpclient.netty.request.NettyRequestSender - Using open Channel [id: 0xc8160b68, L:/127.0.0.1:61902 - R:localhost/127.0.0.1:60684] for POST '/session/9ce52216a0e6ee0380ed53ba3103d934/element/2e81e6ab-1b6c-42e5-800c-0d2e9f10d2c5/value'
21:11:39.559 [AsyncHttpClient-1-14] DEBUG org.asynchttpclient.netty.handler.HttpHandler - 

Request DefaultHttpRequest(decodeResult: success, version: HTTP/1.1)
POST /session/9ce52216a0e6ee0380ed53ba3103d934/element/2e81e6ab-1b6c-42e5-800c-0d2e9f10d2c5/value HTTP/1.1
User-Agent: selenium/4.1.2 (java windows)
Content-Length: 131
Content-Type: application/json; charset=utf-8
host: localhost:60684
accept: */*

Response DefaultHttpResponse(decodeResult: success, version: HTTP/1.1)
HTTP/1.1 200 OK
Content-Type: application/json; charset=utf-8
cache-control: no-cache
content-length: 14

21:11:39.560 [AsyncHttpClient-1-14] DEBUG org.asynchttpclient.netty.channel.ChannelManager - Adding key: http://localhost:60684 for channel [id: 0xc8160b68, L:/127.0.0.1:61902 - R:localhost/127.0.0.1:60684]
  &amp#27;[32mAnd &amp#27;[0m&amp#27;[32mI input valid nama&amp#27;[0m                                           &amp#27;[90m# starter.stepdefinitions.RegisterStep.iInputValidNama()&amp#27;[0m
21:11:39.566 [Forwarding screenshot on session 9ce52216a0e6ee0380ed53ba3103d934 to remote] DEBUG org.asynchttpclient.netty.request.NettyRequestSender - Using pooled Channel '[id: 0xc8160b68, L:/127.0.0.1:61902 - R:localhost/127.0.0.1:60684]' for 'GET' to 'http://localhost:60684/session/9ce52216a0e6ee0380ed53ba3103d934/screenshot'
21:11:39.566 [Forwarding screenshot on session 9ce52216a0e6ee0380ed53ba3103d934 to remote] DEBUG org.asynchttpclient.netty.request.NettyRequestSender - Using open Channel [id: 0xc8160b68, L:/127.0.0.1:61902 - R:localhost/127.0.0.1:60684] for GET '/session/9ce52216a0e6ee0380ed53ba3103d934/screenshot'
21:11:39.677 [AsyncHttpClient-1-14] DEBUG org.asynchttpclient.netty.handler.HttpHandler - 

Request DefaultFullHttpRequest(decodeResult: success, version: HTTP/1.1, content: EmptyByteBufBE)
GET /session/9ce52216a0e6ee0380ed53ba3103d934/screenshot HTTP/1.1
User-Agent: selenium/4.1.2 (java windows)
Cache-Control: no-cache
Content-Type: application/json; charset=utf-8
host: localhost:60684
accept: */*

Response DefaultHttpResponse(decodeResult: success, version: HTTP/1.1)
HTTP/1.1 200 OK
Content-Type: application/json; charset=utf-8
cache-control: no-cache
content-length: 28756

21:11:39.678 [AsyncHttpClient-1-14] DEBUG org.asynchttpclient.netty.channel.ChannelManager - Adding key: http://localhost:60684 for channel [id: 0xc8160b68, L:/127.0.0.1:61902 - R:localhost/127.0.0.1:60684]
21:11:39.679 [main] DEBUG net.serenitybdd.core.photography.Darkroom - Send negative for processing for target\site\serenity\42962add6e8ab7c564c3079b0b329aac129f904c9e3e25ff5992cb02df1442f6.png
21:11:39.679 [Darkroom Processing Line] DEBUG net.serenitybdd.core.photography.DarkroomProcessingLine - Processing screenshot image in /var/screenshots/screenshot-1083881317692534554
21:11:39.679 [Darkroom Processing Line] DEBUG net.serenitybdd.core.photography.DarkroomProcessingLine - Saving screenshot to target\site\serenity\42962add6e8ab7c564c3079b0b329aac129f904c9e3e25ff5992cb02df1442f6.png
21:11:39.692 [Forwarding findElement on session 9ce52216a0e6ee0380ed53ba3103d934 to remote] DEBUG org.asynchttpclient.netty.request.NettyRequestSender - Using pooled Channel '[id: 0xc8160b68, L:/127.0.0.1:61902 - R:localhost/127.0.0.1:60684]' for 'POST' to 'http://localhost:60684/session/9ce52216a0e6ee0380ed53ba3103d934/element'
21:11:39.692 [Forwarding findElement on session 9ce52216a0e6ee0380ed53ba3103d934 to remote] DEBUG org.asynchttpclient.netty.request.NettyRequestSender - Using open Channel [id: 0xc8160b68, L:/127.0.0.1:61902 - R:localhost/127.0.0.1:60684] for POST '/session/9ce52216a0e6ee0380ed53ba3103d934/element'
21:11:39.705 [AsyncHttpClient-1-14] DEBUG org.asynchttpclient.netty.handler.HttpHandler - 

Request DefaultHttpRequest(decodeResult: success, version: HTTP/1.1)
POST /session/9ce52216a0e6ee0380ed53ba3103d934/element HTTP/1.1
User-Agent: selenium/4.1.2 (java windows)
Content-Length: 86
Content-Type: application/json; charset=utf-8
host: localhost:60684
accept: */*

Response DefaultHttpResponse(decodeResult: success, version: HTTP/1.1)
HTTP/1.1 200 OK
Content-Type: application/json; charset=utf-8
cache-control: no-cache
content-length: 88

21:11:39.705 [AsyncHttpClient-1-14] DEBUG org.asynchttpclient.netty.channel.ChannelManager - Adding key: http://localhost:60684 for channel [id: 0xc8160b68, L:/127.0.0.1:61902 - R:localhost/127.0.0.1:60684]
21:11:39.706 [Forwarding clearElement on session 9ce52216a0e6ee0380ed53ba3103d934 to remote] DEBUG org.asynchttpclient.netty.request.NettyRequestSender - Using pooled Channel '[id: 0xc8160b68, L:/127.0.0.1:61902 - R:localhost/127.0.0.1:60684]' for 'POST' to 'http://localhost:60684/session/9ce52216a0e6ee0380ed53ba3103d934/element/4af4698f-d4ab-4c90-a302-3197df320e4e/clear'
21:11:39.706 [Forwarding clearElement on session 9ce52216a0e6ee0380ed53ba3103d934 to remote] DEBUG org.asynchttpclient.netty.request.NettyRequestSender - Using open Channel [id: 0xc8160b68, L:/127.0.0.1:61902 - R:localhost/127.0.0.1:60684] for POST '/session/9ce52216a0e6ee0380ed53ba3103d934/element/4af4698f-d4ab-4c90-a302-3197df320e4e/clear'
21:11:39.739 [AsyncHttpClient-1-14] DEBUG org.asynchttpclient.netty.handler.HttpHandler - 

Request DefaultHttpRequest(decodeResult: success, version: HTTP/1.1)
POST /session/9ce52216a0e6ee0380ed53ba3103d934/element/4af4698f-d4ab-4c90-a302-3197df320e4e/clear HTTP/1.1
User-Agent: selenium/4.1.2 (java windows)
Content-Length: 50
Content-Type: application/json; charset=utf-8
host: localhost:60684
accept: */*

Response DefaultHttpResponse(decodeResult: success, version: HTTP/1.1)
HTTP/1.1 200 OK
Content-Type: application/json; charset=utf-8
cache-control: no-cache
content-length: 14

21:11:39.739 [AsyncHttpClient-1-14] DEBUG org.asynchttpclient.netty.channel.ChannelManager - Adding key: http://localhost:60684 for channel [id: 0xc8160b68, L:/127.0.0.1:61902 - R:localhost/127.0.0.1:60684]
21:11:39.742 [Forwarding sendKeysToElement on session 9ce52216a0e6ee0380ed53ba3103d934 to remote] DEBUG org.asynchttpclient.netty.request.NettyRequestSender - Using pooled Channel '[id: 0xc8160b68, L:/127.0.0.1:61902 - R:localhost/127.0.0.1:60684]' for 'POST' to 'http://localhost:60684/session/9ce52216a0e6ee0380ed53ba3103d934/element/4af4698f-d4ab-4c90-a302-3197df320e4e/value'
21:11:39.742 [Forwarding sendKeysToElement on session 9ce52216a0e6ee0380ed53ba3103d934 to remote] DEBUG org.asynchttpclient.netty.request.NettyRequestSender - Using open Channel [id: 0xc8160b68, L:/127.0.0.1:61902 - R:localhost/127.0.0.1:60684] for POST '/session/9ce52216a0e6ee0380ed53ba3103d934/element/4af4698f-d4ab-4c90-a302-3197df320e4e/value'
21:11:39.785 [AsyncHttpClient-1-14] DEBUG org.asynchttpclient.netty.handler.HttpHandler - 

Request DefaultHttpRequest(decodeResult: success, version: HTTP/1.1)
POST /session/9ce52216a0e6ee0380ed53ba3103d934/element/4af4698f-d4ab-4c90-a302-3197df320e4e/value HTTP/1.1
User-Agent: selenium/4.1.2 (java windows)
Content-Length: 82
Content-Type: application/json; charset=utf-8
host: localhost:60684
accept: */*

Response DefaultHttpResponse(decodeResult: success, version: HTTP/1.1)
HTTP/1.1 200 OK
Content-Type: application/json; charset=utf-8
cache-control: no-cache
content-length: 14

21:11:39.785 [AsyncHttpClient-1-14] DEBUG org.asynchttpclient.netty.channel.ChannelManager - Adding key: http://localhost:60684 for channel [id: 0xc8160b68, L:/127.0.0.1:61902 - R:localhost/127.0.0.1:60684]
  &amp#27;[32mAnd &amp#27;[0m&amp#27;[32mI input null email&amp#27;[0m                                           &amp#27;[90m# starter.stepdefinitions.LoginStep.iInputNullEmail()&amp#27;[0m
21:11:39.791 [Forwarding screenshot on session 9ce52216a0e6ee0380ed53ba3103d934 to remote] DEBUG org.asynchttpclient.netty.request.NettyRequestSender - Using pooled Channel '[id: 0xc8160b68, L:/127.0.0.1:61902 - R:localhost/127.0.0.1:60684]' for 'GET' to 'http://localhost:60684/session/9ce52216a0e6ee0380ed53ba3103d934/screenshot'
21:11:39.791 [Forwarding screenshot on session 9ce52216a0e6ee0380ed53ba3103d934 to remote] DEBUG org.asynchttpclient.netty.request.NettyRequestSender - Using open Channel [id: 0xc8160b68, L:/127.0.0.1:61902 - R:localhost/127.0.0.1:60684] for GET '/session/9ce52216a0e6ee0380ed53ba3103d934/screenshot'
21:11:39.898 [AsyncHttpClient-1-14] DEBUG org.asynchttpclient.netty.handler.HttpHandler - 

Request DefaultFullHttpRequest(decodeResult: success, version: HTTP/1.1, content: EmptyByteBufBE)
GET /session/9ce52216a0e6ee0380ed53ba3103d934/screenshot HTTP/1.1
User-Agent: selenium/4.1.2 (java windows)
Cache-Control: no-cache
Content-Type: application/json; charset=utf-8
host: localhost:60684
accept: */*

Response DefaultHttpResponse(decodeResult: success, version: HTTP/1.1)
HTTP/1.1 200 OK
Content-Type: application/json; charset=utf-8
cache-control: no-cache
content-length: 29212

21:11:39.898 [AsyncHttpClient-1-14] DEBUG org.asynchttpclient.netty.channel.ChannelManager - Adding key: http://localhost:60684 for channel [id: 0xc8160b68, L:/127.0.0.1:61902 - R:localhost/127.0.0.1:60684]
21:11:39.899 [main] DEBUG net.serenitybdd.core.photography.Darkroom - Send negative for processing for target\site\serenity\3018fb938c988a0dcbbb699999bb1afd78ef9d243fa1b25b8f74beb0e66caa37.png
21:11:39.899 [Darkroom Processing Line] DEBUG net.serenitybdd.core.photography.DarkroomProcessingLine - Processing screenshot image in /var/screenshots/screenshot-18428549437434772347
21:11:39.899 [Darkroom Processing Line] DEBUG net.serenitybdd.core.photography.DarkroomProcessingLine - Saving screenshot to target\site\serenity\3018fb938c988a0dcbbb699999bb1afd78ef9d243fa1b25b8f74beb0e66caa37.png
21:11:39.905 [Forwarding findElement on session 9ce52216a0e6ee0380ed53ba3103d934 to remote] DEBUG org.asynchttpclient.netty.request.NettyRequestSender - Using pooled Channel '[id: 0xc8160b68, L:/127.0.0.1:61902 - R:localhost/127.0.0.1:60684]' for 'POST' to 'http://localhost:60684/session/9ce52216a0e6ee0380ed53ba3103d934/element'
21:11:39.905 [Forwarding findElement on session 9ce52216a0e6ee0380ed53ba3103d934 to remote] DEBUG org.asynchttpclient.netty.request.NettyRequestSender - Using open Channel [id: 0xc8160b68, L:/127.0.0.1:61902 - R:localhost/127.0.0.1:60684] for POST '/session/9ce52216a0e6ee0380ed53ba3103d934/element'
21:11:39.917 [AsyncHttpClient-1-14] DEBUG org.asynchttpclient.netty.handler.HttpHandler - 

Request DefaultHttpRequest(decodeResult: success, version: HTTP/1.1)
POST /session/9ce52216a0e6ee0380ed53ba3103d934/element HTTP/1.1
User-Agent: selenium/4.1.2 (java windows)
Content-Length: 89
Content-Type: application/json; charset=utf-8
host: localhost:60684
accept: */*

Response DefaultHttpResponse(decodeResult: success, version: HTTP/1.1)
HTTP/1.1 200 OK
Content-Type: application/json; charset=utf-8
cache-control: no-cache
content-length: 88

21:11:39.917 [AsyncHttpClient-1-14] DEBUG org.asynchttpclient.netty.channel.ChannelManager - Adding key: http://localhost:60684 for channel [id: 0xc8160b68, L:/127.0.0.1:61902 - R:localhost/127.0.0.1:60684]
21:11:39.918 [Forwarding clearElement on session 9ce52216a0e6ee0380ed53ba3103d934 to remote] DEBUG org.asynchttpclient.netty.request.NettyRequestSender - Using pooled Channel '[id: 0xc8160b68, L:/127.0.0.1:61902 - R:localhost/127.0.0.1:60684]' for 'POST' to 'http://localhost:60684/session/9ce52216a0e6ee0380ed53ba3103d934/element/1e5c4118-12f0-4eec-9121-947ab2c187d3/clear'
21:11:39.918 [Forwarding clearElement on session 9ce52216a0e6ee0380ed53ba3103d934 to remote] DEBUG org.asynchttpclient.netty.request.NettyRequestSender - Using open Channel [id: 0xc8160b68, L:/127.0.0.1:61902 - R:localhost/127.0.0.1:60684] for POST '/session/9ce52216a0e6ee0380ed53ba3103d934/element/1e5c4118-12f0-4eec-9121-947ab2c187d3/clear'
21:11:39.950 [AsyncHttpClient-1-14] DEBUG org.asynchttpclient.netty.handler.HttpHandler - 

Request DefaultHttpRequest(decodeResult: success, version: HTTP/1.1)
POST /session/9ce52216a0e6ee0380ed53ba3103d934/element/1e5c4118-12f0-4eec-9121-947ab2c187d3/clear HTTP/1.1
User-Agent: selenium/4.1.2 (java windows)
Content-Length: 50
Content-Type: application/json; charset=utf-8
host: localhost:60684
accept: */*

Response DefaultHttpResponse(decodeResult: success, version: HTTP/1.1)
HTTP/1.1 200 OK
Content-Type: application/json; charset=utf-8
cache-control: no-cache
content-length: 14

21:11:39.950 [AsyncHttpClient-1-14] DEBUG org.asynchttpclient.netty.channel.ChannelManager - Adding key: http://localhost:60684 for channel [id: 0xc8160b68, L:/127.0.0.1:61902 - R:localhost/127.0.0.1:60684]
21:11:39.950 [Forwarding sendKeysToElement on session 9ce52216a0e6ee0380ed53ba3103d934 to remote] DEBUG org.asynchttpclient.netty.request.NettyRequestSender - Using pooled Channel '[id: 0xc8160b68, L:/127.0.0.1:61902 - R:localhost/127.0.0.1:60684]' for 'POST' to 'http://localhost:60684/session/9ce52216a0e6ee0380ed53ba3103d934/element/1e5c4118-12f0-4eec-9121-947ab2c187d3/value'
21:11:39.951 [Forwarding sendKeysToElement on session 9ce52216a0e6ee0380ed53ba3103d934 to remote] DEBUG org.asynchttpclient.netty.request.NettyRequestSender - Using open Channel [id: 0xc8160b68, L:/127.0.0.1:61902 - R:localhost/127.0.0.1:60684] for POST '/session/9ce52216a0e6ee0380ed53ba3103d934/element/1e5c4118-12f0-4eec-9121-947ab2c187d3/value'
21:11:40.019 [AsyncHttpClient-1-14] DEBUG org.asynchttpclient.netty.handler.HttpHandler - 

Request DefaultHttpRequest(decodeResult: success, version: HTTP/1.1)
POST /session/9ce52216a0e6ee0380ed53ba3103d934/element/1e5c4118-12f0-4eec-9121-947ab2c187d3/value HTTP/1.1
User-Agent: selenium/4.1.2 (java windows)
Content-Length: 161
Content-Type: application/json; charset=utf-8
host: localhost:60684
accept: */*

Response DefaultHttpResponse(decodeResult: success, version: HTTP/1.1)
HTTP/1.1 200 OK
Content-Type: application/json; charset=utf-8
cache-control: no-cache
content-length: 14

21:11:40.019 [AsyncHttpClient-1-14] DEBUG org.asynchttpclient.netty.channel.ChannelManager - Adding key: http://localhost:60684 for channel [id: 0xc8160b68, L:/127.0.0.1:61902 - R:localhost/127.0.0.1:60684]
  &amp#27;[32mAnd &amp#27;[0m&amp#27;[32mI input valid passwordd&amp#27;[0m                                      &amp#27;[90m# starter.stepdefinitions.RegisterStep.iInputValidPasswordd()&amp#27;[0m
21:11:40.024 [Forwarding screenshot on session 9ce52216a0e6ee0380ed53ba3103d934 to remote] DEBUG org.asynchttpclient.netty.request.NettyRequestSender - Using pooled Channel '[id: 0xc8160b68, L:/127.0.0.1:61902 - R:localhost/127.0.0.1:60684]' for 'GET' to 'http://localhost:60684/session/9ce52216a0e6ee0380ed53ba3103d934/screenshot'
21:11:40.024 [Forwarding screenshot on session 9ce52216a0e6ee0380ed53ba3103d934 to remote] DEBUG org.asynchttpclient.netty.request.NettyRequestSender - Using open Channel [id: 0xc8160b68, L:/127.0.0.1:61902 - R:localhost/127.0.0.1:60684] for GET '/session/9ce52216a0e6ee0380ed53ba3103d934/screenshot'
21:11:40.123 [AsyncHttpClient-1-14] DEBUG org.asynchttpclient.netty.handler.HttpHandler - 

Request DefaultFullHttpRequest(decodeResult: success, version: HTTP/1.1, content: EmptyByteBufBE)
GET /session/9ce52216a0e6ee0380ed53ba3103d934/screenshot HTTP/1.1
User-Agent: selenium/4.1.2 (java windows)
Cache-Control: no-cache
Content-Type: application/json; charset=utf-8
host: localhost:60684
accept: */*

Response DefaultHttpResponse(decodeResult: success, version: HTTP/1.1)
HTTP/1.1 200 OK
Content-Type: application/json; charset=utf-8
cache-control: no-cache
content-length: 29964

21:11:40.123 [AsyncHttpClient-1-14] DEBUG org.asynchttpclient.netty.channel.ChannelManager - Adding key: http://localhost:60684 for channel [id: 0xc8160b68, L:/127.0.0.1:61902 - R:localhost/127.0.0.1:60684]
21:11:40.125 [main] DEBUG net.serenitybdd.core.photography.Darkroom - Send negative for processing for target\site\serenity\254ef9626f05c4385321ff57ab3f80193c697b7ae00861f39851582f7f4d442e.png
21:11:40.125 [Darkroom Processing Line] DEBUG net.serenitybdd.core.photography.DarkroomProcessingLine - Processing screenshot image in /var/screenshots/screenshot-5130630802574520434
21:11:40.125 [Darkroom Processing Line] DEBUG net.serenitybdd.core.photography.DarkroomProcessingLine - Saving screenshot to target\site\serenity\254ef9626f05c4385321ff57ab3f80193c697b7ae00861f39851582f7f4d442e.png
21:11:40.129 [Forwarding findElement on session 9ce52216a0e6ee0380ed53ba3103d934 to remote] DEBUG org.asynchttpclient.netty.request.NettyRequestSender - Using pooled Channel '[id: 0xc8160b68, L:/127.0.0.1:61902 - R:localhost/127.0.0.1:60684]' for 'POST' to 'http://localhost:60684/session/9ce52216a0e6ee0380ed53ba3103d934/element'
21:11:40.129 [Forwarding findElement on session 9ce52216a0e6ee0380ed53ba3103d934 to remote] DEBUG org.asynchttpclient.netty.request.NettyRequestSender - Using open Channel [id: 0xc8160b68, L:/127.0.0.1:61902 - R:localhost/127.0.0.1:60684] for POST '/session/9ce52216a0e6ee0380ed53ba3103d934/element'
21:11:40.142 [AsyncHttpClient-1-14] DEBUG org.asynchttpclient.netty.handler.HttpHandler - 

Request DefaultHttpRequest(decodeResult: success, version: HTTP/1.1)
POST /session/9ce52216a0e6ee0380ed53ba3103d934/element HTTP/1.1
User-Agent: selenium/4.1.2 (java windows)
Content-Length: 93
Content-Type: application/json; charset=utf-8
host: localhost:60684
accept: */*

Response DefaultHttpResponse(decodeResult: success, version: HTTP/1.1)
HTTP/1.1 200 OK
Content-Type: application/json; charset=utf-8
cache-control: no-cache
content-length: 88

21:11:40.142 [AsyncHttpClient-1-14] DEBUG org.asynchttpclient.netty.channel.ChannelManager - Adding key: http://localhost:60684 for channel [id: 0xc8160b68, L:/127.0.0.1:61902 - R:localhost/127.0.0.1:60684]
21:11:40.142 [Forwarding getElementTagName on session 9ce52216a0e6ee0380ed53ba3103d934 to remote] DEBUG org.asynchttpclient.netty.request.NettyRequestSender - Using pooled Channel '[id: 0xc8160b68, L:/127.0.0.1:61902 - R:localhost/127.0.0.1:60684]' for 'GET' to 'http://localhost:60684/session/9ce52216a0e6ee0380ed53ba3103d934/element/d4bc98f3-ab62-4834-9d4b-6ecba1d52b42/name'
21:11:40.142 [Forwarding getElementTagName on session 9ce52216a0e6ee0380ed53ba3103d934 to remote] DEBUG org.asynchttpclient.netty.request.NettyRequestSender - Using open Channel [id: 0xc8160b68, L:/127.0.0.1:61902 - R:localhost/127.0.0.1:60684] for GET '/session/9ce52216a0e6ee0380ed53ba3103d934/element/d4bc98f3-ab62-4834-9d4b-6ecba1d52b42/name'
21:11:40.146 [AsyncHttpClient-1-14] DEBUG org.asynchttpclient.netty.handler.HttpHandler - 

Request DefaultFullHttpRequest(decodeResult: success, version: HTTP/1.1, content: EmptyByteBufBE)
GET /session/9ce52216a0e6ee0380ed53ba3103d934/element/d4bc98f3-ab62-4834-9d4b-6ecba1d52b42/name HTTP/1.1
User-Agent: selenium/4.1.2 (java windows)
Cache-Control: no-cache
Content-Type: application/json; charset=utf-8
host: localhost:60684
accept: */*

Response DefaultHttpResponse(decodeResult: success, version: HTTP/1.1)
HTTP/1.1 200 OK
Content-Type: application/json; charset=utf-8
cache-control: no-cache
content-length: 16

21:11:40.146 [AsyncHttpClient-1-14] DEBUG org.asynchttpclient.netty.channel.ChannelManager - Adding key: http://localhost:60684 for channel [id: 0xc8160b68, L:/127.0.0.1:61902 - R:localhost/127.0.0.1:60684]
21:11:40.147 [Forwarding getElementTagName on session 9ce52216a0e6ee0380ed53ba3103d934 to remote] DEBUG org.asynchttpclient.netty.request.NettyRequestSender - Using pooled Channel '[id: 0xc8160b68, L:/127.0.0.1:61902 - R:localhost/127.0.0.1:60684]' for 'GET' to 'http://localhost:60684/session/9ce52216a0e6ee0380ed53ba3103d934/element/d4bc98f3-ab62-4834-9d4b-6ecba1d52b42/name'
21:11:40.148 [Forwarding getElementTagName on session 9ce52216a0e6ee0380ed53ba3103d934 to remote] DEBUG org.asynchttpclient.netty.request.NettyRequestSender - Using open Channel [id: 0xc8160b68, L:/127.0.0.1:61902 - R:localhost/127.0.0.1:60684] for GET '/session/9ce52216a0e6ee0380ed53ba3103d934/element/d4bc98f3-ab62-4834-9d4b-6ecba1d52b42/name'
21:11:40.150 [AsyncHttpClient-1-14] DEBUG org.asynchttpclient.netty.handler.HttpHandler - 

Request DefaultFullHttpRequest(decodeResult: success, version: HTTP/1.1, content: EmptyByteBufBE)
GET /session/9ce52216a0e6ee0380ed53ba3103d934/element/d4bc98f3-ab62-4834-9d4b-6ecba1d52b42/name HTTP/1.1
User-Agent: selenium/4.1.2 (java windows)
Cache-Control: no-cache
Content-Type: application/json; charset=utf-8
host: localhost:60684
accept: */*

Response DefaultHttpResponse(decodeResult: success, version: HTTP/1.1)
HTTP/1.1 200 OK
Content-Type: application/json; charset=utf-8
cache-control: no-cache
content-length: 16

21:11:40.150 [AsyncHttpClient-1-14] DEBUG org.asynchttpclient.netty.channel.ChannelManager - Adding key: http://localhost:60684 for channel [id: 0xc8160b68, L:/127.0.0.1:61902 - R:localhost/127.0.0.1:60684]
21:11:40.152 [Forwarding findElement on session 9ce52216a0e6ee0380ed53ba3103d934 to remote] DEBUG org.asynchttpclient.netty.request.NettyRequestSender - Using pooled Channel '[id: 0xc8160b68, L:/127.0.0.1:61902 - R:localhost/127.0.0.1:60684]' for 'POST' to 'http://localhost:60684/session/9ce52216a0e6ee0380ed53ba3103d934/element'
21:11:40.152 [Forwarding findElement on session 9ce52216a0e6ee0380ed53ba3103d934 to remote] DEBUG org.asynchttpclient.netty.request.NettyRequestSender - Using open Channel [id: 0xc8160b68, L:/127.0.0.1:61902 - R:localhost/127.0.0.1:60684] for POST '/session/9ce52216a0e6ee0380ed53ba3103d934/element'
21:11:40.157 [AsyncHttpClient-1-14] DEBUG org.asynchttpclient.netty.handler.HttpHandler - 

Request DefaultHttpRequest(decodeResult: success, version: HTTP/1.1)
POST /session/9ce52216a0e6ee0380ed53ba3103d934/element HTTP/1.1
User-Agent: selenium/4.1.2 (java windows)
Content-Length: 93
Content-Type: application/json; charset=utf-8
host: localhost:60684
accept: */*

Response DefaultHttpResponse(decodeResult: success, version: HTTP/1.1)
HTTP/1.1 200 OK
Content-Type: application/json; charset=utf-8
cache-control: no-cache
content-length: 88

21:11:40.157 [AsyncHttpClient-1-14] DEBUG org.asynchttpclient.netty.channel.ChannelManager - Adding key: http://localhost:60684 for channel [id: 0xc8160b68, L:/127.0.0.1:61902 - R:localhost/127.0.0.1:60684]
21:11:40.158 [Forwarding clickElement on session 9ce52216a0e6ee0380ed53ba3103d934 to remote] DEBUG org.asynchttpclient.netty.request.NettyRequestSender - Using pooled Channel '[id: 0xc8160b68, L:/127.0.0.1:61902 - R:localhost/127.0.0.1:60684]' for 'POST' to 'http://localhost:60684/session/9ce52216a0e6ee0380ed53ba3103d934/element/d4bc98f3-ab62-4834-9d4b-6ecba1d52b42/click'
21:11:40.158 [Forwarding clickElement on session 9ce52216a0e6ee0380ed53ba3103d934 to remote] DEBUG org.asynchttpclient.netty.request.NettyRequestSender - Using open Channel [id: 0xc8160b68, L:/127.0.0.1:61902 - R:localhost/127.0.0.1:60684] for POST '/session/9ce52216a0e6ee0380ed53ba3103d934/element/d4bc98f3-ab62-4834-9d4b-6ecba1d52b42/click'
21:11:40.199 [AsyncHttpClient-1-14] DEBUG org.asynchttpclient.netty.handler.HttpHandler - 

Request DefaultHttpRequest(decodeResult: success, version: HTTP/1.1)
POST /session/9ce52216a0e6ee0380ed53ba3103d934/element/d4bc98f3-ab62-4834-9d4b-6ecba1d52b42/click HTTP/1.1
User-Agent: selenium/4.1.2 (java windows)
Content-Length: 50
Content-Type: application/json; charset=utf-8
host: localhost:60684
accept: */*

Response DefaultHttpResponse(decodeResult: success, version: HTTP/1.1)
HTTP/1.1 200 OK
Content-Type: application/json; charset=utf-8
cache-control: no-cache
content-length: 14

21:11:40.199 [AsyncHttpClient-1-14] DEBUG org.asynchttpclient.netty.channel.ChannelManager - Adding key: http://localhost:60684 for channel [id: 0xc8160b68, L:/127.0.0.1:61902 - R:localhost/127.0.0.1:60684]
  &amp#27;[32mAnd &amp#27;[0m&amp#27;[32mI click register iconn&amp#27;[0m                                       &amp#27;[90m# starter.stepdefinitions.RegisterStep.iClickRegisterIconn()&amp#27;[0m
21:11:40.204 [Forwarding screenshot on session 9ce52216a0e6ee0380ed53ba3103d934 to remote] DEBUG org.asynchttpclient.netty.request.NettyRequestSender - Using pooled Channel '[id: 0xc8160b68, L:/127.0.0.1:61902 - R:localhost/127.0.0.1:60684]' for 'GET' to 'http://localhost:60684/session/9ce52216a0e6ee0380ed53ba3103d934/screenshot'
21:11:40.204 [Forwarding screenshot on session 9ce52216a0e6ee0380ed53ba3103d934 to remote] DEBUG org.asynchttpclient.netty.request.NettyRequestSender - Using open Channel [id: 0xc8160b68, L:/127.0.0.1:61902 - R:localhost/127.0.0.1:60684] for GET '/session/9ce52216a0e6ee0380ed53ba3103d934/screenshot'
21:11:40.219 [AsyncHttpClient-1-1] DEBUG org.asynchttpclient.netty.channel.DefaultChannelPool - Entry count for : http://localhost:61903 : 1
21:11:40.307 [AsyncHttpClient-1-14] DEBUG org.asynchttpclient.netty.handler.HttpHandler - 

Request DefaultFullHttpRequest(decodeResult: success, version: HTTP/1.1, content: EmptyByteBufBE)
GET /session/9ce52216a0e6ee0380ed53ba3103d934/screenshot HTTP/1.1
User-Agent: selenium/4.1.2 (java windows)
Cache-Control: no-cache
Content-Type: application/json; charset=utf-8
host: localhost:60684
accept: */*

Response DefaultHttpResponse(decodeResult: success, version: HTTP/1.1)
HTTP/1.1 200 OK
Content-Type: application/json; charset=utf-8
cache-control: no-cache
content-length: 29540

21:11:40.307 [AsyncHttpClient-1-14] DEBUG org.asynchttpclient.netty.channel.ChannelManager - Adding key: http://localhost:60684 for channel [id: 0xc8160b68, L:/127.0.0.1:61902 - R:localhost/127.0.0.1:60684]
21:11:40.308 [main] DEBUG net.serenitybdd.core.photography.Darkroom - Send negative for processing for target\site\serenity\f8a8f33c160b4e2e70ab1a9d9997d0c8b3978ff4de58222d95c794c7abecdf39.png
21:11:40.309 [Darkroom Processing Line] DEBUG net.serenitybdd.core.photography.DarkroomProcessingLine - Processing screenshot image in /var/screenshots/screenshot-8365309186178703127
21:11:40.309 [Darkroom Processing Line] DEBUG net.serenitybdd.core.photography.DarkroomProcessingLine - Saving screenshot to target\site\serenity\f8a8f33c160b4e2e70ab1a9d9997d0c8b3978ff4de58222d95c794c7abecdf39.png
21:11:40.314 [Forwarding findElement on session 9ce52216a0e6ee0380ed53ba3103d934 to remote] DEBUG org.asynchttpclient.netty.request.NettyRequestSender - Using pooled Channel '[id: 0xc8160b68, L:/127.0.0.1:61902 - R:localhost/127.0.0.1:60684]' for 'POST' to 'http://localhost:60684/session/9ce52216a0e6ee0380ed53ba3103d934/element'
21:11:40.314 [Forwarding findElement on session 9ce52216a0e6ee0380ed53ba3103d934 to remote] DEBUG org.asynchttpclient.netty.request.NettyRequestSender - Using open Channel [id: 0xc8160b68, L:/127.0.0.1:61902 - R:localhost/127.0.0.1:60684] for POST '/session/9ce52216a0e6ee0380ed53ba3103d934/element'
21:11:41.318 [AsyncHttpClient-1-1] DEBUG org.asynchttpclient.netty.channel.DefaultChannelPool - Entry count for : http://localhost:61903 : 1
21:11:41.506 [AsyncHttpClient-1-14] DEBUG org.asynchttpclient.netty.handler.HttpHandler - 

Request DefaultHttpRequest(decodeResult: success, version: HTTP/1.1)
POST /session/9ce52216a0e6ee0380ed53ba3103d934/element HTTP/1.1
User-Agent: selenium/4.1.2 (java windows)
Content-Length: 148
Content-Type: application/json; charset=utf-8
host: localhost:60684
accept: */*

Response DefaultHttpResponse(decodeResult: success, version: HTTP/1.1)
HTTP/1.1 200 OK
Content-Type: application/json; charset=utf-8
cache-control: no-cache
content-length: 88

21:11:41.506 [AsyncHttpClient-1-14] DEBUG org.asynchttpclient.netty.channel.ChannelManager - Adding key: http://localhost:60684 for channel [id: 0xc8160b68, L:/127.0.0.1:61902 - R:localhost/127.0.0.1:60684]
21:11:41.510 [Forwarding isElementDisplayed on session 9ce52216a0e6ee0380ed53ba3103d934 to remote] DEBUG org.asynchttpclient.netty.request.NettyRequestSender - Using pooled Channel '[id: 0xc8160b68, L:/127.0.0.1:61902 - R:localhost/127.0.0.1:60684]' for 'POST' to 'http://localhost:60684/session/9ce52216a0e6ee0380ed53ba3103d934/execute/sync'
21:11:41.510 [Forwarding isElementDisplayed on session 9ce52216a0e6ee0380ed53ba3103d934 to remote] DEBUG org.asynchttpclient.netty.request.NettyRequestSender - Using open Channel [id: 0xc8160b68, L:/127.0.0.1:61902 - R:localhost/127.0.0.1:60684] for POST '/session/9ce52216a0e6ee0380ed53ba3103d934/execute/sync'
21:11:41.522 [AsyncHttpClient-1-14] DEBUG org.asynchttpclient.netty.handler.HttpHandler - 

Request DefaultHttpRequest(decodeResult: success, version: HTTP/1.1)
POST /session/9ce52216a0e6ee0380ed53ba3103d934/execute/sync HTTP/1.1
User-Agent: selenium/4.1.2 (java windows)
Content-Length: 48780
Content-Type: application/json; charset=utf-8
host: localhost:60684
accept: */*

Response DefaultHttpResponse(decodeResult: success, version: HTTP/1.1)
HTTP/1.1 200 OK
Content-Type: application/json; charset=utf-8
cache-control: no-cache
content-length: 14

21:11:41.522 [AsyncHttpClient-1-14] DEBUG org.asynchttpclient.netty.channel.ChannelManager - Adding key: http://localhost:60684 for channel [id: 0xc8160b68, L:/127.0.0.1:61902 - R:localhost/127.0.0.1:60684]
  &amp#27;[32mThen &amp#27;[0m&amp#27;[32mI will get error message nul&amp#27;[0m                                &amp#27;[90m# starter.stepdefinitions.RegisterStep.iWillGetErrorMessageNul()&amp#27;[0m
21:11:41.525 [Forwarding screenshot on session 9ce52216a0e6ee0380ed53ba3103d934 to remote] DEBUG org.asynchttpclient.netty.request.NettyRequestSender - Using pooled Channel '[id: 0xc8160b68, L:/127.0.0.1:61902 - R:localhost/127.0.0.1:60684]' for 'GET' to 'http://localhost:60684/session/9ce52216a0e6ee0380ed53ba3103d934/screenshot'
21:11:41.525 [Forwarding screenshot on session 9ce52216a0e6ee0380ed53ba3103d934 to remote] DEBUG org.asynchttpclient.netty.request.NettyRequestSender - Using open Channel [id: 0xc8160b68, L:/127.0.0.1:61902 - R:localhost/127.0.0.1:60684] for GET '/session/9ce52216a0e6ee0380ed53ba3103d934/screenshot'
21:11:41.652 [AsyncHttpClient-1-14] DEBUG org.asynchttpclient.netty.handler.HttpHandler - 

Request DefaultFullHttpRequest(decodeResult: success, version: HTTP/1.1, content: EmptyByteBufBE)
GET /session/9ce52216a0e6ee0380ed53ba3103d934/screenshot HTTP/1.1
User-Agent: selenium/4.1.2 (java windows)
Cache-Control: no-cache
Content-Type: application/json; charset=utf-8
host: localhost:60684
accept: */*

Response DefaultHttpResponse(decodeResult: success, version: HTTP/1.1)
HTTP/1.1 200 OK
Content-Type: application/json; charset=utf-8
cache-control: no-cache
content-length: 30128

21:11:41.652 [AsyncHttpClient-1-14] DEBUG org.asynchttpclient.netty.channel.ChannelManager - Adding key: http://localhost:60684 for channel [id: 0xc8160b68, L:/127.0.0.1:61902 - R:localhost/127.0.0.1:60684]
21:11:41.653 [main] DEBUG net.serenitybdd.core.photography.Darkroom - Send negative for processing for target\site\serenity\3ed845b9a9ef3bcff65be8e4416abeb2e1fa6fb40136f8848c46b6a3a80d821d.png
21:11:41.654 [Darkroom Processing Line] DEBUG net.serenitybdd.core.photography.DarkroomProcessingLine - Processing screenshot image in /var/screenshots/screenshot-8301673564217606066
21:11:41.654 [Darkroom Processing Line] DEBUG net.serenitybdd.core.photography.DarkroomProcessingLine - Saving screenshot to target\site\serenity\3ed845b9a9ef3bcff65be8e4416abeb2e1fa6fb40136f8848c46b6a3a80d821d.png
21:11:41.654 [main] INFO  - 
  _____   ___   ___   _____     ___     _     ___   ___   ___   ___  
 |_   _| | __| / __| |_   _|   | _ \   /_\   / __| / __| | __| |   \ 
   | |   | _|  \__ \   | |     |  _/  / _ \  \__ \ \__ \ | _|  | |) |
   |_|   |___| |___/   |_|     |_|   /_/ \_\ |___/ |___/ |___| |___/ 

Register with valid nama, null email, and valid password
----------------------------------------------------------------------
21:11:41.655 [Driver Command Executor] DEBUG org.asynchttpclient.netty.request.NettyRequestSender - Using pooled Channel '[id: 0xc8160b68, L:/127.0.0.1:61902 - R:localhost/127.0.0.1:60684]' for 'DELETE' to 'http://localhost:60684/session/9ce52216a0e6ee0380ed53ba3103d934'
21:11:41.655 [Driver Command Executor] DEBUG org.asynchttpclient.netty.request.NettyRequestSender - Using open Channel [id: 0xc8160b68, L:/127.0.0.1:61902 - R:localhost/127.0.0.1:60684] for DELETE '/session/9ce52216a0e6ee0380ed53ba3103d934'
21:11:41.655 [AsyncHttpClient-1-16] DEBUG org.asynchttpclient.netty.handler.WebSocketHandler - Channel Closed: [id: 0xd231bf3b, L:/127.0.0.1:61910 ! R:localhost/127.0.0.1:61903] with attribute NettyResponseFuture{currentRetry=5,
	isDone=1,
	isCancelled=0,
	asyncHandler=org.asynchttpclient.ws.WebSocketUpgradeHandler@1c4b4bc2,
	nettyRequest=org.asynchttpclient.netty.request.NettyRequest@3f2cadf1,
	future=java.util.concurrent.CompletableFuture@46e87885[Completed normally],
	uri=ws://localhost:61903/devtools/browser/18acbfc8-a03d-47ef-ad3f-d3a40f233ad6,
	keepAlive=true,
	redirectCount=0,
	timeoutsHolder=null,
	inAuth=0,
	touch=1667916698409}
21:11:41.656 [AsyncHttpClient-1-16] DEBUG org.asynchttpclient.netty.channel.ChannelManager - Closing Channel [id: 0xd231bf3b, L:/127.0.0.1:61910 ! R:localhost/127.0.0.1:61903] 
21:11:41.691 [AsyncHttpClient-1-15] DEBUG org.asynchttpclient.netty.handler.HttpHandler - Unexpected I/O exception on channel [id: 0x990c10dc, L:/127.0.0.1:61909 - R:localhost/127.0.0.1:61903]
java.io.IOException: An existing connection was forcibly closed by the remote host
	at java.base/sun.nio.ch.SocketDispatcher.read0(Native Method)
	at java.base/sun.nio.ch.SocketDispatcher.read(SocketDispatcher.java:43)
	at java.base/sun.nio.ch.IOUtil.readIntoNativeBuffer(IOUtil.java:276)
	at java.base/sun.nio.ch.IOUtil.read(IOUtil.java:233)
	at java.base/sun.nio.ch.IOUtil.read(IOUtil.java:223)
	at java.base/sun.nio.ch.SocketChannelImpl.read(SocketChannelImpl.java:358)
	at io.netty.buffer.PooledByteBuf.setBytes(PooledByteBuf.java:258)
	at io.netty.buffer.AbstractByteBuf.writeBytes(AbstractByteBuf.java:1132)
	at io.netty.channel.socket.nio.NioSocketChannel.doReadBytes(NioSocketChannel.java:350)
	at io.netty.channel.nio.AbstractNioByteChannel$NioByteUnsafe.read(AbstractNioByteChannel.java:151)
	at io.netty.channel.nio.NioEventLoop.processSelectedKey(NioEventLoop.java:722)
	at io.netty.channel.nio.NioEventLoop.processSelectedKeysOptimized(NioEventLoop.java:658)
	at io.netty.channel.nio.NioEventLoop.processSelectedKeys(NioEventLoop.java:584)
	at io.netty.channel.nio.NioEventLoop.run(NioEventLoop.java:496)
	at io.netty.util.concurrent.SingleThreadEventExecutor$4.run(SingleThreadEventExecutor.java:986)
	at io.netty.util.internal.ThreadExecutorMap$2.run(ThreadExecutorMap.java:74)
	at io.netty.util.concurrent.FastThreadLocalRunnable.run(FastThreadLocalRunnable.java:30)
	at java.base/java.lang.Thread.run(Thread.java:834)
21:11:41.691 [AsyncHttpClient-1-15] DEBUG org.asynchttpclient.netty.channel.ChannelManager - Closing Channel [id: 0x990c10dc, L:/127.0.0.1:61909 - R:localhost/127.0.0.1:61903] 
21:11:41.692 [AsyncHttpClient-1-15] DEBUG org.asynchttpclient.netty.handler.HttpHandler - Channel Closed: [id: 0x990c10dc, L:/127.0.0.1:61909 ! R:localhost/127.0.0.1:61903] with attribute DISCARD
21:11:41.705 [AsyncHttpClient-1-14] DEBUG org.asynchttpclient.netty.handler.HttpHandler - 

Request DefaultFullHttpRequest(decodeResult: success, version: HTTP/1.1, content: EmptyByteBufBE)
DELETE /session/9ce52216a0e6ee0380ed53ba3103d934 HTTP/1.1
User-Agent: selenium/4.1.2 (java windows)
Content-Type: application/json; charset=utf-8
host: localhost:60684
accept: */*

Response DefaultHttpResponse(decodeResult: success, version: HTTP/1.1)
HTTP/1.1 200 OK
Content-Type: application/json; charset=utf-8
cache-control: no-cache
content-length: 14

21:11:41.705 [AsyncHttpClient-1-14] DEBUG org.asynchttpclient.netty.channel.ChannelManager - Adding key: http://localhost:60684 for channel [id: 0xc8160b68, L:/127.0.0.1:61902 - R:localhost/127.0.0.1:60684]
21:11:41.744 [AsyncHttpClient-1-14] DEBUG org.asynchttpclient.netty.handler.HttpHandler - Channel Closed: [id: 0xc8160b68, L:/127.0.0.1:61902 ! R:localhost/127.0.0.1:60684] with attribute DISCARD
]]></system-out>
    <system-err><![CDATA[Starting ChromeDriver 106.0.5249.61 (511755355844955cd3e264779baf0dd38212a4d0-refs/branch-heads/5249@{#569}) on port 60684
Only local connections are allowed.
Please see https://chromedriver.chromium.org/security-considerations for suggestions on keeping ChromeDriver safe.
ChromeDriver was started successfully.
[1667916698.374][WARNING]: This version of ChromeDriver has not been tested with Chrome version 107.
Nov 08, 2022 9:11:38 PM org.openqa.selenium.remote.ProtocolHandshake createSession
INFO: Detected dialect: W3C
Nov 08, 2022 9:11:38 PM org.openqa.selenium.devtools.CdpVersionFinder findNearestMatch
WARNING: Unable to find an exact match for CDP version 107, so returning the closest version found: a no-op implementation
Nov 08, 2022 9:11:38 PM org.openqa.selenium.devtools.CdpVersionFinder findNearestMatch
INFO: Unable to find CDP implementation matching 107.
Nov 08, 2022 9:11:38 PM org.openqa.selenium.chromium.ChromiumDriver lambda$new$3
WARNING: Unable to find version of CDP to use for . You may need to include a dependency on a specific version of the CDP using something similar to `org.seleniumhq.selenium:selenium-devtools-v86:4.1.2` where the version ("v86") matches the version of the chromium-based browser you're using and the version number of the artifact is the same as Selenium's.
]]></system-err>
  </testcase>
  <testcase name="Register with valid nama, valid email, and valid password" classname="Register" time="4.663">
    <system-out><![CDATA[
@Register
Scenario: Register with valid nama, valid email, and valid password &amp#27;[90m# src/test/resources/features/register.feature:70&amp#27;[0m
21:11:41.800 [main] INFO io.cucumber.core.plugin.SerenityReporter - Running feature from file:///D:/miniproject/webtesting/src/test/resources/features/register.feature
21:11:41.804 [main] INFO  - 
  _____   ___   ___   _____     ___   _____     _     ___   _____   ___   ___  
 |_   _| | __| / __| |_   _|   / __| |_   _|   /_\   | _ \ |_   _| | __| |   \ 
   | |   | _|  \__ \   | |     \__ \   | |    / _ \  |   /   | |   | _|  | |) |
   |_|   |___| |___/   |_|     |___/   |_|   /_/ \_\ |_|_\   |_|   |___| |___/ 

Register with valid nama, valid email, and valid password(register;register-with-valid-nama--valid-email--and-valid-password)
--------------------------------------------------------------------------------
21:11:41.826 [main] INFO net.serenitybdd.core.webdriver.driverproviders.ChromeDriverProvider - Using automatically driver download
21:11:41.922 [main] DEBUG io.github.bonigarcia.wdm.cache.ResolutionCache - Resolution chrome=107 in cache (valid until 22:09:52 08/11/2022 ICT)
21:11:41.925 [main] DEBUG io.github.bonigarcia.wdm.cache.ResolutionCache - Resolution chrome107=107.0.5304.62 in cache (valid until 21:09:52 09/11/2022 ICT)
21:11:41.926 [main] INFO io.github.bonigarcia.wdm.WebDriverManager - Using chromedriver 107.0.5304.62 (resolved driver for Chrome 107)
21:11:41.935 [main] DEBUG io.github.bonigarcia.wdm.WebDriverManager - Driver chromedriver 107.0.5304.62 found in cache
21:11:41.936 [main] INFO io.github.bonigarcia.wdm.WebDriverManager - Exporting webdriver.chrome.driver as C:\Users\Yusuf Efendi\.cache\selenium\chromedriver\win32\107.0.5304.62\chromedriver.exe
21:11:42.020 [main] DEBUG net.serenitybdd.core.webdriver.driverproviders.ProvideNewDriver - Instantiating driver
21:11:42.020 [main] DEBUG net.serenitybdd.core.webdriver.driverproviders.ProvideNewDriver - Driver capabilities: Capabilities {acceptInsecureCerts: false, base.url: https://alta-shop.vercel.app, browserName: chrome, chrome.driver: src/test/resources/webdrive..., driver: chrome, goog:chromeOptions: {args: [], extensions: []}, wait.for.timeout: 7000}
21:11:42.096 [AsyncHttpClient-1-17] DEBUG org.asynchttpclient.netty.channel.NettyConnectListener - Using new Channel '[id: 0x77ff9c6d, L:/127.0.0.1:61924 - R:localhost/127.0.0.1:58045]' for 'POST' to '/session'
21:11:42.418 [AsyncHttpClient-1-1] DEBUG org.asynchttpclient.netty.channel.DefaultChannelPool - Entry count for : http://localhost:60684 : 1
21:11:42.418 [AsyncHttpClient-1-1] DEBUG org.asynchttpclient.netty.channel.DefaultChannelPool - Entry count for : http://localhost:61903 : 1
21:11:42.418 [AsyncHttpClient-1-1] DEBUG org.asynchttpclient.netty.channel.DefaultChannelPool - Adding Candidate expired Channel [id: 0xc8160b68, L:/127.0.0.1:61902 ! R:localhost/127.0.0.1:60684] isIdleTimeoutExpired=false isRemotelyClosed=true isTtlExpired=false
21:11:42.418 [AsyncHttpClient-1-1] DEBUG org.asynchttpclient.netty.channel.DefaultChannelPool - Closing Idle Channel [id: 0xc8160b68, L:/127.0.0.1:61902 ! R:localhost/127.0.0.1:60684]
21:11:42.418 [AsyncHttpClient-1-1] DEBUG org.asynchttpclient.netty.channel.DefaultChannelPool - Adding Candidate expired Channel [id: 0x990c10dc, L:/127.0.0.1:61909 ! R:localhost/127.0.0.1:61903] isIdleTimeoutExpired=false isRemotelyClosed=true isTtlExpired=false
21:11:42.418 [AsyncHttpClient-1-1] DEBUG org.asynchttpclient.netty.channel.DefaultChannelPool - Closing Idle Channel [id: 0x990c10dc, L:/127.0.0.1:61909 ! R:localhost/127.0.0.1:61903]
21:11:42.418 [AsyncHttpClient-1-1] DEBUG org.asynchttpclient.netty.channel.DefaultChannelPool - Closed 2 connections out of 2 in 0 ms
21:11:42.655 [AsyncHttpClient-1-17] DEBUG org.asynchttpclient.netty.handler.HttpHandler - 

Request DefaultHttpRequest(decodeResult: success, version: HTTP/1.1)
POST /session HTTP/1.1
User-Agent: selenium/4.1.2 (java windows)
Content-Length: 639
Content-Type: application/json; charset=utf-8
host: localhost:58045
accept: */*

Response DefaultHttpResponse(decodeResult: success, version: HTTP/1.1)
HTTP/1.1 200 OK
Content-Type: application/json; charset=utf-8
cache-control: no-cache
content-length: 793

21:11:42.655 [AsyncHttpClient-1-17] DEBUG org.asynchttpclient.netty.channel.ChannelManager - Adding key: http://localhost:58045 for channel [id: 0x77ff9c6d, L:/127.0.0.1:61924 - R:localhost/127.0.0.1:58045]
21:11:42.661 [AsyncHttpClient-1-2] DEBUG org.asynchttpclient.netty.channel.NettyConnectListener - Using new Channel '[id: 0xea18d414, L:/127.0.0.1:61931 - R:localhost/127.0.0.1:61925]' for 'GET' to '/json/version'
21:11:42.662 [AsyncHttpClient-1-2] DEBUG org.asynchttpclient.netty.handler.HttpHandler - 

Request DefaultFullHttpRequest(decodeResult: success, version: HTTP/1.1, content: EmptyByteBufBE)
GET /json/version HTTP/1.1
User-Agent: selenium/4.1.2 (java windows)
host: localhost:61925
accept: */*

Response DefaultHttpResponse(decodeResult: success, version: HTTP/1.1)
HTTP/1.1 200 OK
Content-Type: application/json; charset=UTF-8
content-length: 423

21:11:42.662 [AsyncHttpClient-1-2] DEBUG org.asynchttpclient.netty.channel.ChannelManager - Adding key: http://localhost:61925 for channel [id: 0xea18d414, L:/127.0.0.1:61931 - R:localhost/127.0.0.1:61925]
21:11:42.666 [AsyncHttpClient-1-3] DEBUG org.asynchttpclient.netty.channel.NettyConnectListener - Using new Channel '[id: 0x5bea106c, L:/127.0.0.1:61932 - R:localhost/127.0.0.1:61925]' for 'GET' to '/devtools/browser/49340831-2253-4460-8a9a-4982749a0463'
21:11:42.668 [AsyncHttpClient-1-3] DEBUG org.asynchttpclient.netty.handler.WebSocketHandler - 

Request DefaultFullHttpRequest(decodeResult: success, version: HTTP/1.1, content: EmptyByteBufBE)
GET /devtools/browser/49340831-2253-4460-8a9a-4982749a0463 HTTP/1.1
upgrade: websocket
connection: upgrade
sec-websocket-key: ul38xGTWnwUZm++nzpV6KA==
sec-websocket-version: 13
origin: http://localhost:61925
host: localhost:61925
accept: */*
user-agent: AHC/2.1

Response DefaultHttpResponse(decodeResult: success, version: HTTP/1.1)
HTTP/1.1 101 WebSocket Protocol Handshake
Upgrade: WebSocket
Connection: Upgrade
Sec-WebSocket-Accept: U1c+9BQgLT5wM3t3nrnnUixczyo=

21:11:42.675 [Forwarding get on session ea04708d238b8f3b0952f165ad090a67 to remote] DEBUG org.asynchttpclient.netty.request.NettyRequestSender - Using pooled Channel '[id: 0x77ff9c6d, L:/127.0.0.1:61924 - R:localhost/127.0.0.1:58045]' for 'POST' to 'http://localhost:58045/session/ea04708d238b8f3b0952f165ad090a67/url'
21:11:42.675 [Forwarding get on session ea04708d238b8f3b0952f165ad090a67 to remote] DEBUG org.asynchttpclient.netty.request.NettyRequestSender - Using open Channel [id: 0x77ff9c6d, L:/127.0.0.1:61924 - R:localhost/127.0.0.1:58045] for POST '/session/ea04708d238b8f3b0952f165ad090a67/url'
21:11:43.387 [AsyncHttpClient-1-17] DEBUG org.asynchttpclient.netty.handler.HttpHandler - 

Request DefaultHttpRequest(decodeResult: success, version: HTTP/1.1)
POST /session/ea04708d238b8f3b0952f165ad090a67/url HTTP/1.1
User-Agent: selenium/4.1.2 (java windows)
Content-Length: 74
Content-Type: application/json; charset=utf-8
host: localhost:58045
accept: */*

Response DefaultHttpResponse(decodeResult: success, version: HTTP/1.1)
HTTP/1.1 200 OK
Content-Type: application/json; charset=utf-8
cache-control: no-cache
content-length: 14

21:11:43.387 [AsyncHttpClient-1-17] DEBUG org.asynchttpclient.netty.channel.ChannelManager - Adding key: http://localhost:58045 for channel [id: 0x77ff9c6d, L:/127.0.0.1:61924 - R:localhost/127.0.0.1:58045]
21:11:43.388 [Forwarding setTimeout on session ea04708d238b8f3b0952f165ad090a67 to remote] DEBUG org.asynchttpclient.netty.request.NettyRequestSender - Using pooled Channel '[id: 0x77ff9c6d, L:/127.0.0.1:61924 - R:localhost/127.0.0.1:58045]' for 'POST' to 'http://localhost:58045/session/ea04708d238b8f3b0952f165ad090a67/timeouts'
21:11:43.388 [Forwarding setTimeout on session ea04708d238b8f3b0952f165ad090a67 to remote] DEBUG org.asynchttpclient.netty.request.NettyRequestSender - Using open Channel [id: 0x77ff9c6d, L:/127.0.0.1:61924 - R:localhost/127.0.0.1:58045] for POST '/session/ea04708d238b8f3b0952f165ad090a67/timeouts'
21:11:43.389 [AsyncHttpClient-1-17] DEBUG org.asynchttpclient.netty.handler.HttpHandler - 

Request DefaultHttpRequest(decodeResult: success, version: HTTP/1.1)
POST /session/ea04708d238b8f3b0952f165ad090a67/timeouts HTTP/1.1
User-Agent: selenium/4.1.2 (java windows)
Content-Length: 22
Content-Type: application/json; charset=utf-8
host: localhost:58045
accept: */*

Response DefaultHttpResponse(decodeResult: success, version: HTTP/1.1)
HTTP/1.1 200 OK
Content-Type: application/json; charset=utf-8
cache-control: no-cache
content-length: 14

21:11:43.389 [AsyncHttpClient-1-17] DEBUG org.asynchttpclient.netty.channel.ChannelManager - Adding key: http://localhost:58045 for channel [id: 0x77ff9c6d, L:/127.0.0.1:61924 - R:localhost/127.0.0.1:58045]
21:11:43.390 [Forwarding getCurrentUrl on session ea04708d238b8f3b0952f165ad090a67 to remote] DEBUG org.asynchttpclient.netty.request.NettyRequestSender - Using pooled Channel '[id: 0x77ff9c6d, L:/127.0.0.1:61924 - R:localhost/127.0.0.1:58045]' for 'GET' to 'http://localhost:58045/session/ea04708d238b8f3b0952f165ad090a67/url'
21:11:43.390 [Forwarding getCurrentUrl on session ea04708d238b8f3b0952f165ad090a67 to remote] DEBUG org.asynchttpclient.netty.request.NettyRequestSender - Using open Channel [id: 0x77ff9c6d, L:/127.0.0.1:61924 - R:localhost/127.0.0.1:58045] for GET '/session/ea04708d238b8f3b0952f165ad090a67/url'
21:11:43.397 [AsyncHttpClient-1-17] DEBUG org.asynchttpclient.netty.handler.HttpHandler - 

Request DefaultFullHttpRequest(decodeResult: success, version: HTTP/1.1, content: EmptyByteBufBE)
GET /session/ea04708d238b8f3b0952f165ad090a67/url HTTP/1.1
User-Agent: selenium/4.1.2 (java windows)
Cache-Control: no-cache
Content-Type: application/json; charset=utf-8
host: localhost:58045
accept: */*

Response DefaultHttpResponse(decodeResult: success, version: HTTP/1.1)
HTTP/1.1 200 OK
Content-Type: application/json; charset=utf-8
cache-control: no-cache
content-length: 51

21:11:43.397 [AsyncHttpClient-1-17] DEBUG org.asynchttpclient.netty.channel.ChannelManager - Adding key: http://localhost:58045 for channel [id: 0x77ff9c6d, L:/127.0.0.1:61924 - R:localhost/127.0.0.1:58045]
  &amp#27;[32mGiven &amp#27;[0m&amp#27;[32mI am on the login pagee&amp#27;[0m                                     &amp#27;[90m# starter.stepdefinitions.RegisterStep.iAmOnTheLoginPagee()&amp#27;[0m
21:11:43.403 [Forwarding screenshot on session ea04708d238b8f3b0952f165ad090a67 to remote] DEBUG org.asynchttpclient.netty.request.NettyRequestSender - Using pooled Channel '[id: 0x77ff9c6d, L:/127.0.0.1:61924 - R:localhost/127.0.0.1:58045]' for 'GET' to 'http://localhost:58045/session/ea04708d238b8f3b0952f165ad090a67/screenshot'
21:11:43.403 [Forwarding screenshot on session ea04708d238b8f3b0952f165ad090a67 to remote] DEBUG org.asynchttpclient.netty.request.NettyRequestSender - Using open Channel [id: 0x77ff9c6d, L:/127.0.0.1:61924 - R:localhost/127.0.0.1:58045] for GET '/session/ea04708d238b8f3b0952f165ad090a67/screenshot'
21:11:43.519 [AsyncHttpClient-1-1] DEBUG org.asynchttpclient.netty.channel.DefaultChannelPool - Entry count for : http://localhost:61925 : 1
21:11:43.584 [AsyncHttpClient-1-17] DEBUG org.asynchttpclient.netty.handler.HttpHandler - 

Request DefaultFullHttpRequest(decodeResult: success, version: HTTP/1.1, content: EmptyByteBufBE)
GET /session/ea04708d238b8f3b0952f165ad090a67/screenshot HTTP/1.1
User-Agent: selenium/4.1.2 (java windows)
Cache-Control: no-cache
Content-Type: application/json; charset=utf-8
host: localhost:58045
accept: */*

Response DefaultHttpResponse(decodeResult: success, version: HTTP/1.1)
HTTP/1.1 200 OK
Content-Type: application/json; charset=utf-8
cache-control: no-cache
content-length: 22956

21:11:43.585 [AsyncHttpClient-1-17] DEBUG org.asynchttpclient.netty.channel.ChannelManager - Adding key: http://localhost:58045 for channel [id: 0x77ff9c6d, L:/127.0.0.1:61924 - R:localhost/127.0.0.1:58045]
21:11:43.586 [main] DEBUG net.serenitybdd.core.photography.Darkroom - Send negative for processing for target\site\serenity\aee116daef9f70687dbaee6bc527f5648618468770bbd8309c15c6b66fad3d98.png
21:11:43.591 [Forwarding findElement on session ea04708d238b8f3b0952f165ad090a67 to remote] DEBUG org.asynchttpclient.netty.request.NettyRequestSender - Using pooled Channel '[id: 0x77ff9c6d, L:/127.0.0.1:61924 - R:localhost/127.0.0.1:58045]' for 'POST' to 'http://localhost:58045/session/ea04708d238b8f3b0952f165ad090a67/element'
21:11:43.591 [Forwarding findElement on session ea04708d238b8f3b0952f165ad090a67 to remote] DEBUG org.asynchttpclient.netty.request.NettyRequestSender - Using open Channel [id: 0x77ff9c6d, L:/127.0.0.1:61924 - R:localhost/127.0.0.1:58045] for POST '/session/ea04708d238b8f3b0952f165ad090a67/element'
21:11:43.603 [AsyncHttpClient-1-17] DEBUG org.asynchttpclient.netty.handler.HttpHandler - 

Request DefaultHttpRequest(decodeResult: success, version: HTTP/1.1)
POST /session/ea04708d238b8f3b0952f165ad090a67/element HTTP/1.1
User-Agent: selenium/4.1.2 (java windows)
Content-Length: 80
Content-Type: application/json; charset=utf-8
host: localhost:58045
accept: */*

Response DefaultHttpResponse(decodeResult: success, version: HTTP/1.1)
HTTP/1.1 200 OK
Content-Type: application/json; charset=utf-8
cache-control: no-cache
content-length: 88

21:11:43.603 [AsyncHttpClient-1-17] DEBUG org.asynchttpclient.netty.channel.ChannelManager - Adding key: http://localhost:58045 for channel [id: 0x77ff9c6d, L:/127.0.0.1:61924 - R:localhost/127.0.0.1:58045]
21:11:43.604 [Forwarding getElementTagName on session ea04708d238b8f3b0952f165ad090a67 to remote] DEBUG org.asynchttpclient.netty.request.NettyRequestSender - Using pooled Channel '[id: 0x77ff9c6d, L:/127.0.0.1:61924 - R:localhost/127.0.0.1:58045]' for 'GET' to 'http://localhost:58045/session/ea04708d238b8f3b0952f165ad090a67/element/23afd134-1f4b-4417-82e5-e15e7271c9bc/name'
21:11:43.604 [Forwarding getElementTagName on session ea04708d238b8f3b0952f165ad090a67 to remote] DEBUG org.asynchttpclient.netty.request.NettyRequestSender - Using open Channel [id: 0x77ff9c6d, L:/127.0.0.1:61924 - R:localhost/127.0.0.1:58045] for GET '/session/ea04708d238b8f3b0952f165ad090a67/element/23afd134-1f4b-4417-82e5-e15e7271c9bc/name'
21:11:43.609 [AsyncHttpClient-1-17] DEBUG org.asynchttpclient.netty.handler.HttpHandler - 

Request DefaultFullHttpRequest(decodeResult: success, version: HTTP/1.1, content: EmptyByteBufBE)
GET /session/ea04708d238b8f3b0952f165ad090a67/element/23afd134-1f4b-4417-82e5-e15e7271c9bc/name HTTP/1.1
User-Agent: selenium/4.1.2 (java windows)
Cache-Control: no-cache
Content-Type: application/json; charset=utf-8
host: localhost:58045
accept: */*

Response DefaultHttpResponse(decodeResult: success, version: HTTP/1.1)
HTTP/1.1 200 OK
Content-Type: application/json; charset=utf-8
cache-control: no-cache
content-length: 13

21:11:43.609 [AsyncHttpClient-1-17] DEBUG org.asynchttpclient.netty.channel.ChannelManager - Adding key: http://localhost:58045 for channel [id: 0x77ff9c6d, L:/127.0.0.1:61924 - R:localhost/127.0.0.1:58045]
21:11:43.610 [Forwarding getElementTagName on session ea04708d238b8f3b0952f165ad090a67 to remote] DEBUG org.asynchttpclient.netty.request.NettyRequestSender - Using pooled Channel '[id: 0x77ff9c6d, L:/127.0.0.1:61924 - R:localhost/127.0.0.1:58045]' for 'GET' to 'http://localhost:58045/session/ea04708d238b8f3b0952f165ad090a67/element/23afd134-1f4b-4417-82e5-e15e7271c9bc/name'
21:11:43.610 [Forwarding getElementTagName on session ea04708d238b8f3b0952f165ad090a67 to remote] DEBUG org.asynchttpclient.netty.request.NettyRequestSender - Using open Channel [id: 0x77ff9c6d, L:/127.0.0.1:61924 - R:localhost/127.0.0.1:58045] for GET '/session/ea04708d238b8f3b0952f165ad090a67/element/23afd134-1f4b-4417-82e5-e15e7271c9bc/name'
21:11:43.614 [AsyncHttpClient-1-17] DEBUG org.asynchttpclient.netty.handler.HttpHandler - 

Request DefaultFullHttpRequest(decodeResult: success, version: HTTP/1.1, content: EmptyByteBufBE)
GET /session/ea04708d238b8f3b0952f165ad090a67/element/23afd134-1f4b-4417-82e5-e15e7271c9bc/name HTTP/1.1
User-Agent: selenium/4.1.2 (java windows)
Cache-Control: no-cache
Content-Type: application/json; charset=utf-8
host: localhost:58045
accept: */*

Response DefaultHttpResponse(decodeResult: success, version: HTTP/1.1)
HTTP/1.1 200 OK
Content-Type: application/json; charset=utf-8
cache-control: no-cache
content-length: 13

21:11:43.614 [AsyncHttpClient-1-17] DEBUG org.asynchttpclient.netty.channel.ChannelManager - Adding key: http://localhost:58045 for channel [id: 0x77ff9c6d, L:/127.0.0.1:61924 - R:localhost/127.0.0.1:58045]
21:11:43.615 [Forwarding findElement on session ea04708d238b8f3b0952f165ad090a67 to remote] DEBUG org.asynchttpclient.netty.request.NettyRequestSender - Using pooled Channel '[id: 0x77ff9c6d, L:/127.0.0.1:61924 - R:localhost/127.0.0.1:58045]' for 'POST' to 'http://localhost:58045/session/ea04708d238b8f3b0952f165ad090a67/element'
21:11:43.615 [Forwarding findElement on session ea04708d238b8f3b0952f165ad090a67 to remote] DEBUG org.asynchttpclient.netty.request.NettyRequestSender - Using open Channel [id: 0x77ff9c6d, L:/127.0.0.1:61924 - R:localhost/127.0.0.1:58045] for POST '/session/ea04708d238b8f3b0952f165ad090a67/element'
21:11:43.620 [AsyncHttpClient-1-17] DEBUG org.asynchttpclient.netty.handler.HttpHandler - 

Request DefaultHttpRequest(decodeResult: success, version: HTTP/1.1)
POST /session/ea04708d238b8f3b0952f165ad090a67/element HTTP/1.1
User-Agent: selenium/4.1.2 (java windows)
Content-Length: 80
Content-Type: application/json; charset=utf-8
host: localhost:58045
accept: */*

Response DefaultHttpResponse(decodeResult: success, version: HTTP/1.1)
HTTP/1.1 200 OK
Content-Type: application/json; charset=utf-8
cache-control: no-cache
content-length: 88

21:11:43.620 [AsyncHttpClient-1-17] DEBUG org.asynchttpclient.netty.channel.ChannelManager - Adding key: http://localhost:58045 for channel [id: 0x77ff9c6d, L:/127.0.0.1:61924 - R:localhost/127.0.0.1:58045]
21:11:43.622 [Forwarding clickElement on session ea04708d238b8f3b0952f165ad090a67 to remote] DEBUG org.asynchttpclient.netty.request.NettyRequestSender - Using pooled Channel '[id: 0x77ff9c6d, L:/127.0.0.1:61924 - R:localhost/127.0.0.1:58045]' for 'POST' to 'http://localhost:58045/session/ea04708d238b8f3b0952f165ad090a67/element/23afd134-1f4b-4417-82e5-e15e7271c9bc/click'
21:11:43.622 [Forwarding clickElement on session ea04708d238b8f3b0952f165ad090a67 to remote] DEBUG org.asynchttpclient.netty.request.NettyRequestSender - Using open Channel [id: 0x77ff9c6d, L:/127.0.0.1:61924 - R:localhost/127.0.0.1:58045] for POST '/session/ea04708d238b8f3b0952f165ad090a67/element/23afd134-1f4b-4417-82e5-e15e7271c9bc/click'
21:11:43.669 [AsyncHttpClient-1-17] DEBUG org.asynchttpclient.netty.handler.HttpHandler - 

Request DefaultHttpRequest(decodeResult: success, version: HTTP/1.1)
POST /session/ea04708d238b8f3b0952f165ad090a67/element/23afd134-1f4b-4417-82e5-e15e7271c9bc/click HTTP/1.1
User-Agent: selenium/4.1.2 (java windows)
Content-Length: 50
Content-Type: application/json; charset=utf-8
host: localhost:58045
accept: */*

Response DefaultHttpResponse(decodeResult: success, version: HTTP/1.1)
HTTP/1.1 200 OK
Content-Type: application/json; charset=utf-8
cache-control: no-cache
content-length: 14

21:11:43.670 [AsyncHttpClient-1-17] DEBUG org.asynchttpclient.netty.channel.ChannelManager - Adding key: http://localhost:58045 for channel [id: 0x77ff9c6d, L:/127.0.0.1:61924 - R:localhost/127.0.0.1:58045]
  &amp#27;[32mWhen &amp#27;[0m&amp#27;[32mI click register buttonn&amp#27;[0m                                     &amp#27;[90m# starter.stepdefinitions.RegisterStep.iClickRegisterButtonn()&amp#27;[0m
21:11:43.674 [Forwarding screenshot on session ea04708d238b8f3b0952f165ad090a67 to remote] DEBUG org.asynchttpclient.netty.request.NettyRequestSender - Using pooled Channel '[id: 0x77ff9c6d, L:/127.0.0.1:61924 - R:localhost/127.0.0.1:58045]' for 'GET' to 'http://localhost:58045/session/ea04708d238b8f3b0952f165ad090a67/screenshot'
21:11:43.674 [Forwarding screenshot on session ea04708d238b8f3b0952f165ad090a67 to remote] DEBUG org.asynchttpclient.netty.request.NettyRequestSender - Using open Channel [id: 0x77ff9c6d, L:/127.0.0.1:61924 - R:localhost/127.0.0.1:58045] for GET '/session/ea04708d238b8f3b0952f165ad090a67/screenshot'
21:11:43.756 [AsyncHttpClient-1-17] DEBUG org.asynchttpclient.netty.handler.HttpHandler - 

Request DefaultFullHttpRequest(decodeResult: success, version: HTTP/1.1, content: EmptyByteBufBE)
GET /session/ea04708d238b8f3b0952f165ad090a67/screenshot HTTP/1.1
User-Agent: selenium/4.1.2 (java windows)
Cache-Control: no-cache
Content-Type: application/json; charset=utf-8
host: localhost:58045
accept: */*

Response DefaultHttpResponse(decodeResult: success, version: HTTP/1.1)
HTTP/1.1 200 OK
Content-Type: application/json; charset=utf-8
cache-control: no-cache
content-length: 27768

21:11:43.756 [AsyncHttpClient-1-17] DEBUG org.asynchttpclient.netty.channel.ChannelManager - Adding key: http://localhost:58045 for channel [id: 0x77ff9c6d, L:/127.0.0.1:61924 - R:localhost/127.0.0.1:58045]
21:11:43.757 [main] DEBUG net.serenitybdd.core.photography.Darkroom - Send negative for processing for target\site\serenity\e0583c4dcd7df45c285883eb756df01d313d7376a39de201303d6de1759336b5.png
21:11:43.762 [Forwarding findElement on session ea04708d238b8f3b0952f165ad090a67 to remote] DEBUG org.asynchttpclient.netty.request.NettyRequestSender - Using pooled Channel '[id: 0x77ff9c6d, L:/127.0.0.1:61924 - R:localhost/127.0.0.1:58045]' for 'POST' to 'http://localhost:58045/session/ea04708d238b8f3b0952f165ad090a67/element'
21:11:43.763 [Forwarding findElement on session ea04708d238b8f3b0952f165ad090a67 to remote] DEBUG org.asynchttpclient.netty.request.NettyRequestSender - Using open Channel [id: 0x77ff9c6d, L:/127.0.0.1:61924 - R:localhost/127.0.0.1:58045] for POST '/session/ea04708d238b8f3b0952f165ad090a67/element'
21:11:43.773 [AsyncHttpClient-1-17] DEBUG org.asynchttpclient.netty.handler.HttpHandler - 

Request DefaultHttpRequest(decodeResult: success, version: HTTP/1.1)
POST /session/ea04708d238b8f3b0952f165ad090a67/element HTTP/1.1
User-Agent: selenium/4.1.2 (java windows)
Content-Length: 93
Content-Type: application/json; charset=utf-8
host: localhost:58045
accept: */*

Response DefaultHttpResponse(decodeResult: success, version: HTTP/1.1)
HTTP/1.1 200 OK
Content-Type: application/json; charset=utf-8
cache-control: no-cache
content-length: 88

21:11:43.773 [AsyncHttpClient-1-17] DEBUG org.asynchttpclient.netty.channel.ChannelManager - Adding key: http://localhost:58045 for channel [id: 0x77ff9c6d, L:/127.0.0.1:61924 - R:localhost/127.0.0.1:58045]
21:11:43.774 [Forwarding clearElement on session ea04708d238b8f3b0952f165ad090a67 to remote] DEBUG org.asynchttpclient.netty.request.NettyRequestSender - Using pooled Channel '[id: 0x77ff9c6d, L:/127.0.0.1:61924 - R:localhost/127.0.0.1:58045]' for 'POST' to 'http://localhost:58045/session/ea04708d238b8f3b0952f165ad090a67/element/e0f94133-80a5-48f8-91f1-3fe09c8e7e9f/clear'
21:11:43.774 [Forwarding clearElement on session ea04708d238b8f3b0952f165ad090a67 to remote] DEBUG org.asynchttpclient.netty.request.NettyRequestSender - Using open Channel [id: 0x77ff9c6d, L:/127.0.0.1:61924 - R:localhost/127.0.0.1:58045] for POST '/session/ea04708d238b8f3b0952f165ad090a67/element/e0f94133-80a5-48f8-91f1-3fe09c8e7e9f/clear'
21:11:43.803 [AsyncHttpClient-1-17] DEBUG org.asynchttpclient.netty.handler.HttpHandler - 

Request DefaultHttpRequest(decodeResult: success, version: HTTP/1.1)
POST /session/ea04708d238b8f3b0952f165ad090a67/element/e0f94133-80a5-48f8-91f1-3fe09c8e7e9f/clear HTTP/1.1
User-Agent: selenium/4.1.2 (java windows)
Content-Length: 50
Content-Type: application/json; charset=utf-8
host: localhost:58045
accept: */*

Response DefaultHttpResponse(decodeResult: success, version: HTTP/1.1)
HTTP/1.1 200 OK
Content-Type: application/json; charset=utf-8
cache-control: no-cache
content-length: 14

21:11:43.803 [AsyncHttpClient-1-17] DEBUG org.asynchttpclient.netty.channel.ChannelManager - Adding key: http://localhost:58045 for channel [id: 0x77ff9c6d, L:/127.0.0.1:61924 - R:localhost/127.0.0.1:58045]
21:11:43.804 [Forwarding sendKeysToElement on session ea04708d238b8f3b0952f165ad090a67 to remote] DEBUG org.asynchttpclient.netty.request.NettyRequestSender - Using pooled Channel '[id: 0x77ff9c6d, L:/127.0.0.1:61924 - R:localhost/127.0.0.1:58045]' for 'POST' to 'http://localhost:58045/session/ea04708d238b8f3b0952f165ad090a67/element/e0f94133-80a5-48f8-91f1-3fe09c8e7e9f/value'
21:11:43.804 [Forwarding sendKeysToElement on session ea04708d238b8f3b0952f165ad090a67 to remote] DEBUG org.asynchttpclient.netty.request.NettyRequestSender - Using open Channel [id: 0x77ff9c6d, L:/127.0.0.1:61924 - R:localhost/127.0.0.1:58045] for POST '/session/ea04708d238b8f3b0952f165ad090a67/element/e0f94133-80a5-48f8-91f1-3fe09c8e7e9f/value'
21:11:43.869 [AsyncHttpClient-1-17] DEBUG org.asynchttpclient.netty.handler.HttpHandler - 

Request DefaultHttpRequest(decodeResult: success, version: HTTP/1.1)
POST /session/ea04708d238b8f3b0952f165ad090a67/element/e0f94133-80a5-48f8-91f1-3fe09c8e7e9f/value HTTP/1.1
User-Agent: selenium/4.1.2 (java windows)
Content-Length: 131
Content-Type: application/json; charset=utf-8
host: localhost:58045
accept: */*

Response DefaultHttpResponse(decodeResult: success, version: HTTP/1.1)
HTTP/1.1 200 OK
Content-Type: application/json; charset=utf-8
cache-control: no-cache
content-length: 14

21:11:43.869 [AsyncHttpClient-1-17] DEBUG org.asynchttpclient.netty.channel.ChannelManager - Adding key: http://localhost:58045 for channel [id: 0x77ff9c6d, L:/127.0.0.1:61924 - R:localhost/127.0.0.1:58045]
  &amp#27;[32mAnd &amp#27;[0m&amp#27;[32mI input valid nama&amp#27;[0m                                            &amp#27;[90m# starter.stepdefinitions.RegisterStep.iInputValidNama()&amp#27;[0m
21:11:43.876 [Forwarding screenshot on session ea04708d238b8f3b0952f165ad090a67 to remote] DEBUG org.asynchttpclient.netty.request.NettyRequestSender - Using pooled Channel '[id: 0x77ff9c6d, L:/127.0.0.1:61924 - R:localhost/127.0.0.1:58045]' for 'GET' to 'http://localhost:58045/session/ea04708d238b8f3b0952f165ad090a67/screenshot'
21:11:43.876 [Forwarding screenshot on session ea04708d238b8f3b0952f165ad090a67 to remote] DEBUG org.asynchttpclient.netty.request.NettyRequestSender - Using open Channel [id: 0x77ff9c6d, L:/127.0.0.1:61924 - R:localhost/127.0.0.1:58045] for GET '/session/ea04708d238b8f3b0952f165ad090a67/screenshot'
21:11:43.983 [AsyncHttpClient-1-17] DEBUG org.asynchttpclient.netty.handler.HttpHandler - 

Request DefaultFullHttpRequest(decodeResult: success, version: HTTP/1.1, content: EmptyByteBufBE)
GET /session/ea04708d238b8f3b0952f165ad090a67/screenshot HTTP/1.1
User-Agent: selenium/4.1.2 (java windows)
Cache-Control: no-cache
Content-Type: application/json; charset=utf-8
host: localhost:58045
accept: */*

Response DefaultHttpResponse(decodeResult: success, version: HTTP/1.1)
HTTP/1.1 200 OK
Content-Type: application/json; charset=utf-8
cache-control: no-cache
content-length: 28920

21:11:43.983 [AsyncHttpClient-1-17] DEBUG org.asynchttpclient.netty.channel.ChannelManager - Adding key: http://localhost:58045 for channel [id: 0x77ff9c6d, L:/127.0.0.1:61924 - R:localhost/127.0.0.1:58045]
21:11:43.984 [main] DEBUG net.serenitybdd.core.photography.Darkroom - Send negative for processing for target\site\serenity\1091a1e9f97be6014164b98e09463fad2d4659905cd9aefa2f4d287655959f16.png
21:11:43.985 [Darkroom Processing Line] DEBUG net.serenitybdd.core.photography.DarkroomProcessingLine - Processing screenshot image in /var/screenshots/screenshot-1185301687321231952
21:11:43.985 [Darkroom Processing Line] DEBUG net.serenitybdd.core.photography.DarkroomProcessingLine - Saving screenshot to target\site\serenity\1091a1e9f97be6014164b98e09463fad2d4659905cd9aefa2f4d287655959f16.png
21:11:43.989 [Forwarding findElement on session ea04708d238b8f3b0952f165ad090a67 to remote] DEBUG org.asynchttpclient.netty.request.NettyRequestSender - Using pooled Channel '[id: 0x77ff9c6d, L:/127.0.0.1:61924 - R:localhost/127.0.0.1:58045]' for 'POST' to 'http://localhost:58045/session/ea04708d238b8f3b0952f165ad090a67/element'
21:11:43.989 [Forwarding findElement on session ea04708d238b8f3b0952f165ad090a67 to remote] DEBUG org.asynchttpclient.netty.request.NettyRequestSender - Using open Channel [id: 0x77ff9c6d, L:/127.0.0.1:61924 - R:localhost/127.0.0.1:58045] for POST '/session/ea04708d238b8f3b0952f165ad090a67/element'
21:11:44.001 [AsyncHttpClient-1-17] DEBUG org.asynchttpclient.netty.handler.HttpHandler - 

Request DefaultHttpRequest(decodeResult: success, version: HTTP/1.1)
POST /session/ea04708d238b8f3b0952f165ad090a67/element HTTP/1.1
User-Agent: selenium/4.1.2 (java windows)
Content-Length: 86
Content-Type: application/json; charset=utf-8
host: localhost:58045
accept: */*

Response DefaultHttpResponse(decodeResult: success, version: HTTP/1.1)
HTTP/1.1 200 OK
Content-Type: application/json; charset=utf-8
cache-control: no-cache
content-length: 88

21:11:44.001 [AsyncHttpClient-1-17] DEBUG org.asynchttpclient.netty.channel.ChannelManager - Adding key: http://localhost:58045 for channel [id: 0x77ff9c6d, L:/127.0.0.1:61924 - R:localhost/127.0.0.1:58045]
21:11:44.002 [Forwarding clearElement on session ea04708d238b8f3b0952f165ad090a67 to remote] DEBUG org.asynchttpclient.netty.request.NettyRequestSender - Using pooled Channel '[id: 0x77ff9c6d, L:/127.0.0.1:61924 - R:localhost/127.0.0.1:58045]' for 'POST' to 'http://localhost:58045/session/ea04708d238b8f3b0952f165ad090a67/element/6bcfce18-e348-46ae-a418-244acf6c1ce7/clear'
21:11:44.002 [Forwarding clearElement on session ea04708d238b8f3b0952f165ad090a67 to remote] DEBUG org.asynchttpclient.netty.request.NettyRequestSender - Using open Channel [id: 0x77ff9c6d, L:/127.0.0.1:61924 - R:localhost/127.0.0.1:58045] for POST '/session/ea04708d238b8f3b0952f165ad090a67/element/6bcfce18-e348-46ae-a418-244acf6c1ce7/clear'
21:11:44.033 [AsyncHttpClient-1-17] DEBUG org.asynchttpclient.netty.handler.HttpHandler - 

Request DefaultHttpRequest(decodeResult: success, version: HTTP/1.1)
POST /session/ea04708d238b8f3b0952f165ad090a67/element/6bcfce18-e348-46ae-a418-244acf6c1ce7/clear HTTP/1.1
User-Agent: selenium/4.1.2 (java windows)
Content-Length: 50
Content-Type: application/json; charset=utf-8
host: localhost:58045
accept: */*

Response DefaultHttpResponse(decodeResult: success, version: HTTP/1.1)
HTTP/1.1 200 OK
Content-Type: application/json; charset=utf-8
cache-control: no-cache
content-length: 14

21:11:44.033 [AsyncHttpClient-1-17] DEBUG org.asynchttpclient.netty.channel.ChannelManager - Adding key: http://localhost:58045 for channel [id: 0x77ff9c6d, L:/127.0.0.1:61924 - R:localhost/127.0.0.1:58045]
21:11:44.034 [Forwarding sendKeysToElement on session ea04708d238b8f3b0952f165ad090a67 to remote] DEBUG org.asynchttpclient.netty.request.NettyRequestSender - Using pooled Channel '[id: 0x77ff9c6d, L:/127.0.0.1:61924 - R:localhost/127.0.0.1:58045]' for 'POST' to 'http://localhost:58045/session/ea04708d238b8f3b0952f165ad090a67/element/6bcfce18-e348-46ae-a418-244acf6c1ce7/value'
21:11:44.034 [Forwarding sendKeysToElement on session ea04708d238b8f3b0952f165ad090a67 to remote] DEBUG org.asynchttpclient.netty.request.NettyRequestSender - Using open Channel [id: 0x77ff9c6d, L:/127.0.0.1:61924 - R:localhost/127.0.0.1:58045] for POST '/session/ea04708d238b8f3b0952f165ad090a67/element/6bcfce18-e348-46ae-a418-244acf6c1ce7/value'
21:11:44.169 [AsyncHttpClient-1-17] DEBUG org.asynchttpclient.netty.handler.HttpHandler - 

Request DefaultHttpRequest(decodeResult: success, version: HTTP/1.1)
POST /session/ea04708d238b8f3b0952f165ad090a67/element/6bcfce18-e348-46ae-a418-244acf6c1ce7/value HTTP/1.1
User-Agent: selenium/4.1.2 (java windows)
Content-Length: 351
Content-Type: application/json; charset=utf-8
host: localhost:58045
accept: */*

Response DefaultHttpResponse(decodeResult: success, version: HTTP/1.1)
HTTP/1.1 200 OK
Content-Type: application/json; charset=utf-8
cache-control: no-cache
content-length: 14

21:11:44.170 [AsyncHttpClient-1-17] DEBUG org.asynchttpclient.netty.channel.ChannelManager - Adding key: http://localhost:58045 for channel [id: 0x77ff9c6d, L:/127.0.0.1:61924 - R:localhost/127.0.0.1:58045]
  &amp#27;[32mAnd &amp#27;[0m&amp#27;[32mI input valid emaill&amp#27;[0m                                          &amp#27;[90m# starter.stepdefinitions.RegisterStep.iInputvalidemaill()&amp#27;[0m
21:11:44.174 [Forwarding screenshot on session ea04708d238b8f3b0952f165ad090a67 to remote] DEBUG org.asynchttpclient.netty.request.NettyRequestSender - Using pooled Channel '[id: 0x77ff9c6d, L:/127.0.0.1:61924 - R:localhost/127.0.0.1:58045]' for 'GET' to 'http://localhost:58045/session/ea04708d238b8f3b0952f165ad090a67/screenshot'
21:11:44.174 [Forwarding screenshot on session ea04708d238b8f3b0952f165ad090a67 to remote] DEBUG org.asynchttpclient.netty.request.NettyRequestSender - Using open Channel [id: 0x77ff9c6d, L:/127.0.0.1:61924 - R:localhost/127.0.0.1:58045] for GET '/session/ea04708d238b8f3b0952f165ad090a67/screenshot'
21:11:44.286 [AsyncHttpClient-1-17] DEBUG org.asynchttpclient.netty.handler.HttpHandler - 

Request DefaultFullHttpRequest(decodeResult: success, version: HTTP/1.1, content: EmptyByteBufBE)
GET /session/ea04708d238b8f3b0952f165ad090a67/screenshot HTTP/1.1
User-Agent: selenium/4.1.2 (java windows)
Cache-Control: no-cache
Content-Type: application/json; charset=utf-8
host: localhost:58045
accept: */*

Response DefaultHttpResponse(decodeResult: success, version: HTTP/1.1)
HTTP/1.1 200 OK
Content-Type: application/json; charset=utf-8
cache-control: no-cache
content-length: 33868

21:11:44.286 [AsyncHttpClient-1-17] DEBUG org.asynchttpclient.netty.channel.ChannelManager - Adding key: http://localhost:58045 for channel [id: 0x77ff9c6d, L:/127.0.0.1:61924 - R:localhost/127.0.0.1:58045]
21:11:44.286 [main] DEBUG net.serenitybdd.core.photography.Darkroom - Send negative for processing for target\site\serenity\02c486d7e1a67dc7c8aa912e1fe74b0ba3998683456e719a8fd356f8d2093754.png
21:11:44.288 [Darkroom Processing Line] DEBUG net.serenitybdd.core.photography.DarkroomProcessingLine - Processing screenshot image in /var/screenshots/screenshot-16350215204029470976
21:11:44.288 [Darkroom Processing Line] DEBUG net.serenitybdd.core.photography.DarkroomProcessingLine - Saving screenshot to target\site\serenity\02c486d7e1a67dc7c8aa912e1fe74b0ba3998683456e719a8fd356f8d2093754.png
21:11:44.294 [Forwarding findElement on session ea04708d238b8f3b0952f165ad090a67 to remote] DEBUG org.asynchttpclient.netty.request.NettyRequestSender - Using pooled Channel '[id: 0x77ff9c6d, L:/127.0.0.1:61924 - R:localhost/127.0.0.1:58045]' for 'POST' to 'http://localhost:58045/session/ea04708d238b8f3b0952f165ad090a67/element'
21:11:44.294 [Forwarding findElement on session ea04708d238b8f3b0952f165ad090a67 to remote] DEBUG org.asynchttpclient.netty.request.NettyRequestSender - Using open Channel [id: 0x77ff9c6d, L:/127.0.0.1:61924 - R:localhost/127.0.0.1:58045] for POST '/session/ea04708d238b8f3b0952f165ad090a67/element'
21:11:44.305 [AsyncHttpClient-1-17] DEBUG org.asynchttpclient.netty.handler.HttpHandler - 

Request DefaultHttpRequest(decodeResult: success, version: HTTP/1.1)
POST /session/ea04708d238b8f3b0952f165ad090a67/element HTTP/1.1
User-Agent: selenium/4.1.2 (java windows)
Content-Length: 89
Content-Type: application/json; charset=utf-8
host: localhost:58045
accept: */*

Response DefaultHttpResponse(decodeResult: success, version: HTTP/1.1)
HTTP/1.1 200 OK
Content-Type: application/json; charset=utf-8
cache-control: no-cache
content-length: 88

21:11:44.305 [AsyncHttpClient-1-17] DEBUG org.asynchttpclient.netty.channel.ChannelManager - Adding key: http://localhost:58045 for channel [id: 0x77ff9c6d, L:/127.0.0.1:61924 - R:localhost/127.0.0.1:58045]
21:11:44.305 [Forwarding clearElement on session ea04708d238b8f3b0952f165ad090a67 to remote] DEBUG org.asynchttpclient.netty.request.NettyRequestSender - Using pooled Channel '[id: 0x77ff9c6d, L:/127.0.0.1:61924 - R:localhost/127.0.0.1:58045]' for 'POST' to 'http://localhost:58045/session/ea04708d238b8f3b0952f165ad090a67/element/d50277fa-e62f-4694-a93e-8bbd5e4d4935/clear'
21:11:44.305 [Forwarding clearElement on session ea04708d238b8f3b0952f165ad090a67 to remote] DEBUG org.asynchttpclient.netty.request.NettyRequestSender - Using open Channel [id: 0x77ff9c6d, L:/127.0.0.1:61924 - R:localhost/127.0.0.1:58045] for POST '/session/ea04708d238b8f3b0952f165ad090a67/element/d50277fa-e62f-4694-a93e-8bbd5e4d4935/clear'
21:11:44.336 [AsyncHttpClient-1-17] DEBUG org.asynchttpclient.netty.handler.HttpHandler - 

Request DefaultHttpRequest(decodeResult: success, version: HTTP/1.1)
POST /session/ea04708d238b8f3b0952f165ad090a67/element/d50277fa-e62f-4694-a93e-8bbd5e4d4935/clear HTTP/1.1
User-Agent: selenium/4.1.2 (java windows)
Content-Length: 50
Content-Type: application/json; charset=utf-8
host: localhost:58045
accept: */*

Response DefaultHttpResponse(decodeResult: success, version: HTTP/1.1)
HTTP/1.1 200 OK
Content-Type: application/json; charset=utf-8
cache-control: no-cache
content-length: 14

21:11:44.336 [AsyncHttpClient-1-17] DEBUG org.asynchttpclient.netty.channel.ChannelManager - Adding key: http://localhost:58045 for channel [id: 0x77ff9c6d, L:/127.0.0.1:61924 - R:localhost/127.0.0.1:58045]
21:11:44.337 [Forwarding sendKeysToElement on session ea04708d238b8f3b0952f165ad090a67 to remote] DEBUG org.asynchttpclient.netty.request.NettyRequestSender - Using pooled Channel '[id: 0x77ff9c6d, L:/127.0.0.1:61924 - R:localhost/127.0.0.1:58045]' for 'POST' to 'http://localhost:58045/session/ea04708d238b8f3b0952f165ad090a67/element/d50277fa-e62f-4694-a93e-8bbd5e4d4935/value'
21:11:44.337 [Forwarding sendKeysToElement on session ea04708d238b8f3b0952f165ad090a67 to remote] DEBUG org.asynchttpclient.netty.request.NettyRequestSender - Using open Channel [id: 0x77ff9c6d, L:/127.0.0.1:61924 - R:localhost/127.0.0.1:58045] for POST '/session/ea04708d238b8f3b0952f165ad090a67/element/d50277fa-e62f-4694-a93e-8bbd5e4d4935/value'
21:11:44.407 [AsyncHttpClient-1-17] DEBUG org.asynchttpclient.netty.handler.HttpHandler - 

Request DefaultHttpRequest(decodeResult: success, version: HTTP/1.1)
POST /session/ea04708d238b8f3b0952f165ad090a67/element/d50277fa-e62f-4694-a93e-8bbd5e4d4935/value HTTP/1.1
User-Agent: selenium/4.1.2 (java windows)
Content-Length: 161
Content-Type: application/json; charset=utf-8
host: localhost:58045
accept: */*

Response DefaultHttpResponse(decodeResult: success, version: HTTP/1.1)
HTTP/1.1 200 OK
Content-Type: application/json; charset=utf-8
cache-control: no-cache
content-length: 14

21:11:44.407 [AsyncHttpClient-1-17] DEBUG org.asynchttpclient.netty.channel.ChannelManager - Adding key: http://localhost:58045 for channel [id: 0x77ff9c6d, L:/127.0.0.1:61924 - R:localhost/127.0.0.1:58045]
  &amp#27;[32mAnd &amp#27;[0m&amp#27;[32mI input valid passwordd&amp#27;[0m                                       &amp#27;[90m# starter.stepdefinitions.RegisterStep.iInputValidPasswordd()&amp#27;[0m
21:11:44.412 [Forwarding screenshot on session ea04708d238b8f3b0952f165ad090a67 to remote] DEBUG org.asynchttpclient.netty.request.NettyRequestSender - Using pooled Channel '[id: 0x77ff9c6d, L:/127.0.0.1:61924 - R:localhost/127.0.0.1:58045]' for 'GET' to 'http://localhost:58045/session/ea04708d238b8f3b0952f165ad090a67/screenshot'
21:11:44.412 [Forwarding screenshot on session ea04708d238b8f3b0952f165ad090a67 to remote] DEBUG org.asynchttpclient.netty.request.NettyRequestSender - Using open Channel [id: 0x77ff9c6d, L:/127.0.0.1:61924 - R:localhost/127.0.0.1:58045] for GET '/session/ea04708d238b8f3b0952f165ad090a67/screenshot'
21:11:44.530 [AsyncHttpClient-1-17] DEBUG org.asynchttpclient.netty.handler.HttpHandler - 

Request DefaultFullHttpRequest(decodeResult: success, version: HTTP/1.1, content: EmptyByteBufBE)
GET /session/ea04708d238b8f3b0952f165ad090a67/screenshot HTTP/1.1
User-Agent: selenium/4.1.2 (java windows)
Cache-Control: no-cache
Content-Type: application/json; charset=utf-8
host: localhost:58045
accept: */*

Response DefaultHttpResponse(decodeResult: success, version: HTTP/1.1)
HTTP/1.1 200 OK
Content-Type: application/json; charset=utf-8
cache-control: no-cache
content-length: 35356

21:11:44.530 [AsyncHttpClient-1-17] DEBUG org.asynchttpclient.netty.channel.ChannelManager - Adding key: http://localhost:58045 for channel [id: 0x77ff9c6d, L:/127.0.0.1:61924 - R:localhost/127.0.0.1:58045]
21:11:44.532 [main] DEBUG net.serenitybdd.core.photography.Darkroom - Send negative for processing for target\site\serenity\459964c4c7919e149866406836c0201811b1baf3929a615cd08bdc8b2e42f351.png
21:11:44.533 [Darkroom Processing Line] DEBUG net.serenitybdd.core.photography.DarkroomProcessingLine - Processing screenshot image in /var/screenshots/screenshot-12286204389472473709
21:11:44.533 [Darkroom Processing Line] DEBUG net.serenitybdd.core.photography.DarkroomProcessingLine - Saving screenshot to target\site\serenity\459964c4c7919e149866406836c0201811b1baf3929a615cd08bdc8b2e42f351.png
21:11:44.538 [Forwarding findElement on session ea04708d238b8f3b0952f165ad090a67 to remote] DEBUG org.asynchttpclient.netty.request.NettyRequestSender - Using pooled Channel '[id: 0x77ff9c6d, L:/127.0.0.1:61924 - R:localhost/127.0.0.1:58045]' for 'POST' to 'http://localhost:58045/session/ea04708d238b8f3b0952f165ad090a67/element'
21:11:44.538 [Forwarding findElement on session ea04708d238b8f3b0952f165ad090a67 to remote] DEBUG org.asynchttpclient.netty.request.NettyRequestSender - Using open Channel [id: 0x77ff9c6d, L:/127.0.0.1:61924 - R:localhost/127.0.0.1:58045] for POST '/session/ea04708d238b8f3b0952f165ad090a67/element'
21:11:44.549 [AsyncHttpClient-1-17] DEBUG org.asynchttpclient.netty.handler.HttpHandler - 

Request DefaultHttpRequest(decodeResult: success, version: HTTP/1.1)
POST /session/ea04708d238b8f3b0952f165ad090a67/element HTTP/1.1
User-Agent: selenium/4.1.2 (java windows)
Content-Length: 93
Content-Type: application/json; charset=utf-8
host: localhost:58045
accept: */*

Response DefaultHttpResponse(decodeResult: success, version: HTTP/1.1)
HTTP/1.1 200 OK
Content-Type: application/json; charset=utf-8
cache-control: no-cache
content-length: 88

21:11:44.549 [AsyncHttpClient-1-17] DEBUG org.asynchttpclient.netty.channel.ChannelManager - Adding key: http://localhost:58045 for channel [id: 0x77ff9c6d, L:/127.0.0.1:61924 - R:localhost/127.0.0.1:58045]
21:11:44.550 [Forwarding getElementTagName on session ea04708d238b8f3b0952f165ad090a67 to remote] DEBUG org.asynchttpclient.netty.request.NettyRequestSender - Using pooled Channel '[id: 0x77ff9c6d, L:/127.0.0.1:61924 - R:localhost/127.0.0.1:58045]' for 'GET' to 'http://localhost:58045/session/ea04708d238b8f3b0952f165ad090a67/element/0292fd5d-54f8-4866-b4c9-1486ca514c23/name'
21:11:44.550 [Forwarding getElementTagName on session ea04708d238b8f3b0952f165ad090a67 to remote] DEBUG org.asynchttpclient.netty.request.NettyRequestSender - Using open Channel [id: 0x77ff9c6d, L:/127.0.0.1:61924 - R:localhost/127.0.0.1:58045] for GET '/session/ea04708d238b8f3b0952f165ad090a67/element/0292fd5d-54f8-4866-b4c9-1486ca514c23/name'
21:11:44.555 [AsyncHttpClient-1-17] DEBUG org.asynchttpclient.netty.handler.HttpHandler - 

Request DefaultFullHttpRequest(decodeResult: success, version: HTTP/1.1, content: EmptyByteBufBE)
GET /session/ea04708d238b8f3b0952f165ad090a67/element/0292fd5d-54f8-4866-b4c9-1486ca514c23/name HTTP/1.1
User-Agent: selenium/4.1.2 (java windows)
Cache-Control: no-cache
Content-Type: application/json; charset=utf-8
host: localhost:58045
accept: */*

Response DefaultHttpResponse(decodeResult: success, version: HTTP/1.1)
HTTP/1.1 200 OK
Content-Type: application/json; charset=utf-8
cache-control: no-cache
content-length: 16

21:11:44.555 [AsyncHttpClient-1-17] DEBUG org.asynchttpclient.netty.channel.ChannelManager - Adding key: http://localhost:58045 for channel [id: 0x77ff9c6d, L:/127.0.0.1:61924 - R:localhost/127.0.0.1:58045]
21:11:44.556 [Forwarding getElementTagName on session ea04708d238b8f3b0952f165ad090a67 to remote] DEBUG org.asynchttpclient.netty.request.NettyRequestSender - Using pooled Channel '[id: 0x77ff9c6d, L:/127.0.0.1:61924 - R:localhost/127.0.0.1:58045]' for 'GET' to 'http://localhost:58045/session/ea04708d238b8f3b0952f165ad090a67/element/0292fd5d-54f8-4866-b4c9-1486ca514c23/name'
21:11:44.556 [Forwarding getElementTagName on session ea04708d238b8f3b0952f165ad090a67 to remote] DEBUG org.asynchttpclient.netty.request.NettyRequestSender - Using open Channel [id: 0x77ff9c6d, L:/127.0.0.1:61924 - R:localhost/127.0.0.1:58045] for GET '/session/ea04708d238b8f3b0952f165ad090a67/element/0292fd5d-54f8-4866-b4c9-1486ca514c23/name'
21:11:44.558 [AsyncHttpClient-1-17] DEBUG org.asynchttpclient.netty.handler.HttpHandler - 

Request DefaultFullHttpRequest(decodeResult: success, version: HTTP/1.1, content: EmptyByteBufBE)
GET /session/ea04708d238b8f3b0952f165ad090a67/element/0292fd5d-54f8-4866-b4c9-1486ca514c23/name HTTP/1.1
User-Agent: selenium/4.1.2 (java windows)
Cache-Control: no-cache
Content-Type: application/json; charset=utf-8
host: localhost:58045
accept: */*

Response DefaultHttpResponse(decodeResult: success, version: HTTP/1.1)
HTTP/1.1 200 OK
Content-Type: application/json; charset=utf-8
cache-control: no-cache
content-length: 16

21:11:44.558 [AsyncHttpClient-1-17] DEBUG org.asynchttpclient.netty.channel.ChannelManager - Adding key: http://localhost:58045 for channel [id: 0x77ff9c6d, L:/127.0.0.1:61924 - R:localhost/127.0.0.1:58045]
21:11:44.560 [Forwarding findElement on session ea04708d238b8f3b0952f165ad090a67 to remote] DEBUG org.asynchttpclient.netty.request.NettyRequestSender - Using pooled Channel '[id: 0x77ff9c6d, L:/127.0.0.1:61924 - R:localhost/127.0.0.1:58045]' for 'POST' to 'http://localhost:58045/session/ea04708d238b8f3b0952f165ad090a67/element'
21:11:44.560 [Forwarding findElement on session ea04708d238b8f3b0952f165ad090a67 to remote] DEBUG org.asynchttpclient.netty.request.NettyRequestSender - Using open Channel [id: 0x77ff9c6d, L:/127.0.0.1:61924 - R:localhost/127.0.0.1:58045] for POST '/session/ea04708d238b8f3b0952f165ad090a67/element'
21:11:44.566 [AsyncHttpClient-1-17] DEBUG org.asynchttpclient.netty.handler.HttpHandler - 

Request DefaultHttpRequest(decodeResult: success, version: HTTP/1.1)
POST /session/ea04708d238b8f3b0952f165ad090a67/element HTTP/1.1
User-Agent: selenium/4.1.2 (java windows)
Content-Length: 93
Content-Type: application/json; charset=utf-8
host: localhost:58045
accept: */*

Response DefaultHttpResponse(decodeResult: success, version: HTTP/1.1)
HTTP/1.1 200 OK
Content-Type: application/json; charset=utf-8
cache-control: no-cache
content-length: 88

21:11:44.566 [AsyncHttpClient-1-17] DEBUG org.asynchttpclient.netty.channel.ChannelManager - Adding key: http://localhost:58045 for channel [id: 0x77ff9c6d, L:/127.0.0.1:61924 - R:localhost/127.0.0.1:58045]
21:11:44.567 [Forwarding clickElement on session ea04708d238b8f3b0952f165ad090a67 to remote] DEBUG org.asynchttpclient.netty.request.NettyRequestSender - Using pooled Channel '[id: 0x77ff9c6d, L:/127.0.0.1:61924 - R:localhost/127.0.0.1:58045]' for 'POST' to 'http://localhost:58045/session/ea04708d238b8f3b0952f165ad090a67/element/0292fd5d-54f8-4866-b4c9-1486ca514c23/click'
21:11:44.567 [Forwarding clickElement on session ea04708d238b8f3b0952f165ad090a67 to remote] DEBUG org.asynchttpclient.netty.request.NettyRequestSender - Using open Channel [id: 0x77ff9c6d, L:/127.0.0.1:61924 - R:localhost/127.0.0.1:58045] for POST '/session/ea04708d238b8f3b0952f165ad090a67/element/0292fd5d-54f8-4866-b4c9-1486ca514c23/click'
21:11:44.604 [AsyncHttpClient-1-17] DEBUG org.asynchttpclient.netty.handler.HttpHandler - 

Request DefaultHttpRequest(decodeResult: success, version: HTTP/1.1)
POST /session/ea04708d238b8f3b0952f165ad090a67/element/0292fd5d-54f8-4866-b4c9-1486ca514c23/click HTTP/1.1
User-Agent: selenium/4.1.2 (java windows)
Content-Length: 50
Content-Type: application/json; charset=utf-8
host: localhost:58045
accept: */*

Response DefaultHttpResponse(decodeResult: success, version: HTTP/1.1)
HTTP/1.1 200 OK
Content-Type: application/json; charset=utf-8
cache-control: no-cache
content-length: 14

21:11:44.604 [AsyncHttpClient-1-17] DEBUG org.asynchttpclient.netty.channel.ChannelManager - Adding key: http://localhost:58045 for channel [id: 0x77ff9c6d, L:/127.0.0.1:61924 - R:localhost/127.0.0.1:58045]
  &amp#27;[32mAnd &amp#27;[0m&amp#27;[32mI click register iconn&amp#27;[0m                                        &amp#27;[90m# starter.stepdefinitions.RegisterStep.iClickRegisterIconn()&amp#27;[0m
21:11:44.609 [Forwarding screenshot on session ea04708d238b8f3b0952f165ad090a67 to remote] DEBUG org.asynchttpclient.netty.request.NettyRequestSender - Using pooled Channel '[id: 0x77ff9c6d, L:/127.0.0.1:61924 - R:localhost/127.0.0.1:58045]' for 'GET' to 'http://localhost:58045/session/ea04708d238b8f3b0952f165ad090a67/screenshot'
21:11:44.609 [Forwarding screenshot on session ea04708d238b8f3b0952f165ad090a67 to remote] DEBUG org.asynchttpclient.netty.request.NettyRequestSender - Using open Channel [id: 0x77ff9c6d, L:/127.0.0.1:61924 - R:localhost/127.0.0.1:58045] for GET '/session/ea04708d238b8f3b0952f165ad090a67/screenshot'
21:11:44.619 [AsyncHttpClient-1-1] DEBUG org.asynchttpclient.netty.channel.DefaultChannelPool - Entry count for : http://localhost:61925 : 1
21:11:44.721 [AsyncHttpClient-1-17] DEBUG org.asynchttpclient.netty.handler.HttpHandler - 

Request DefaultFullHttpRequest(decodeResult: success, version: HTTP/1.1, content: EmptyByteBufBE)
GET /session/ea04708d238b8f3b0952f165ad090a67/screenshot HTTP/1.1
User-Agent: selenium/4.1.2 (java windows)
Cache-Control: no-cache
Content-Type: application/json; charset=utf-8
host: localhost:58045
accept: */*

Response DefaultHttpResponse(decodeResult: success, version: HTTP/1.1)
HTTP/1.1 200 OK
Content-Type: application/json; charset=utf-8
cache-control: no-cache
content-length: 35236

21:11:44.721 [AsyncHttpClient-1-17] DEBUG org.asynchttpclient.netty.channel.ChannelManager - Adding key: http://localhost:58045 for channel [id: 0x77ff9c6d, L:/127.0.0.1:61924 - R:localhost/127.0.0.1:58045]
21:11:44.722 [main] DEBUG net.serenitybdd.core.photography.Darkroom - Send negative for processing for target\site\serenity\2e58e0b6908510a81ccda7fe16276afa452088de6b975d6817baacaee2761172.png
21:11:44.723 [Darkroom Processing Line] DEBUG net.serenitybdd.core.photography.DarkroomProcessingLine - Processing screenshot image in /var/screenshots/screenshot-11911734058635612864
21:11:44.723 [Darkroom Processing Line] DEBUG net.serenitybdd.core.photography.DarkroomProcessingLine - Saving screenshot to target\site\serenity\2e58e0b6908510a81ccda7fe16276afa452088de6b975d6817baacaee2761172.png
21:11:44.726 [Forwarding findElement on session ea04708d238b8f3b0952f165ad090a67 to remote] DEBUG org.asynchttpclient.netty.request.NettyRequestSender - Using pooled Channel '[id: 0x77ff9c6d, L:/127.0.0.1:61924 - R:localhost/127.0.0.1:58045]' for 'POST' to 'http://localhost:58045/session/ea04708d238b8f3b0952f165ad090a67/element'
21:11:44.726 [Forwarding findElement on session ea04708d238b8f3b0952f165ad090a67 to remote] DEBUG org.asynchttpclient.netty.request.NettyRequestSender - Using open Channel [id: 0x77ff9c6d, L:/127.0.0.1:61924 - R:localhost/127.0.0.1:58045] for POST '/session/ea04708d238b8f3b0952f165ad090a67/element'
21:11:45.718 [AsyncHttpClient-1-1] DEBUG org.asynchttpclient.netty.channel.DefaultChannelPool - Entry count for : http://localhost:61925 : 1
21:11:46.123 [AsyncHttpClient-1-17] DEBUG org.asynchttpclient.netty.handler.HttpHandler - 

Request DefaultHttpRequest(decodeResult: success, version: HTTP/1.1)
POST /session/ea04708d238b8f3b0952f165ad090a67/element HTTP/1.1
User-Agent: selenium/4.1.2 (java windows)
Content-Length: 148
Content-Type: application/json; charset=utf-8
host: localhost:58045
accept: */*

Response DefaultHttpResponse(decodeResult: success, version: HTTP/1.1)
HTTP/1.1 200 OK
Content-Type: application/json; charset=utf-8
cache-control: no-cache
content-length: 88

21:11:46.123 [AsyncHttpClient-1-17] DEBUG org.asynchttpclient.netty.channel.ChannelManager - Adding key: http://localhost:58045 for channel [id: 0x77ff9c6d, L:/127.0.0.1:61924 - R:localhost/127.0.0.1:58045]
21:11:46.126 [Forwarding isElementDisplayed on session ea04708d238b8f3b0952f165ad090a67 to remote] DEBUG org.asynchttpclient.netty.request.NettyRequestSender - Using pooled Channel '[id: 0x77ff9c6d, L:/127.0.0.1:61924 - R:localhost/127.0.0.1:58045]' for 'POST' to 'http://localhost:58045/session/ea04708d238b8f3b0952f165ad090a67/execute/sync'
21:11:46.127 [Forwarding isElementDisplayed on session ea04708d238b8f3b0952f165ad090a67 to remote] DEBUG org.asynchttpclient.netty.request.NettyRequestSender - Using open Channel [id: 0x77ff9c6d, L:/127.0.0.1:61924 - R:localhost/127.0.0.1:58045] for POST '/session/ea04708d238b8f3b0952f165ad090a67/execute/sync'
21:11:46.143 [AsyncHttpClient-1-17] DEBUG org.asynchttpclient.netty.handler.HttpHandler - 

Request DefaultHttpRequest(decodeResult: success, version: HTTP/1.1)
POST /session/ea04708d238b8f3b0952f165ad090a67/execute/sync HTTP/1.1
User-Agent: selenium/4.1.2 (java windows)
Content-Length: 48780
Content-Type: application/json; charset=utf-8
host: localhost:58045
accept: */*

Response DefaultHttpResponse(decodeResult: success, version: HTTP/1.1)
HTTP/1.1 200 OK
Content-Type: application/json; charset=utf-8
cache-control: no-cache
content-length: 14

21:11:46.143 [AsyncHttpClient-1-17] DEBUG org.asynchttpclient.netty.channel.ChannelManager - Adding key: http://localhost:58045 for channel [id: 0x77ff9c6d, L:/127.0.0.1:61924 - R:localhost/127.0.0.1:58045]
  &amp#27;[32mThen &amp#27;[0m&amp#27;[32mI will get error message nul&amp#27;[0m                                 &amp#27;[90m# starter.stepdefinitions.RegisterStep.iWillGetErrorMessageNul()&amp#27;[0m
21:11:46.146 [Forwarding screenshot on session ea04708d238b8f3b0952f165ad090a67 to remote] DEBUG org.asynchttpclient.netty.request.NettyRequestSender - Using pooled Channel '[id: 0x77ff9c6d, L:/127.0.0.1:61924 - R:localhost/127.0.0.1:58045]' for 'GET' to 'http://localhost:58045/session/ea04708d238b8f3b0952f165ad090a67/screenshot'
21:11:46.146 [Forwarding screenshot on session ea04708d238b8f3b0952f165ad090a67 to remote] DEBUG org.asynchttpclient.netty.request.NettyRequestSender - Using open Channel [id: 0x77ff9c6d, L:/127.0.0.1:61924 - R:localhost/127.0.0.1:58045] for GET '/session/ea04708d238b8f3b0952f165ad090a67/screenshot'
21:11:46.316 [AsyncHttpClient-1-17] DEBUG org.asynchttpclient.netty.handler.HttpHandler - 

Request DefaultFullHttpRequest(decodeResult: success, version: HTTP/1.1, content: EmptyByteBufBE)
GET /session/ea04708d238b8f3b0952f165ad090a67/screenshot HTTP/1.1
User-Agent: selenium/4.1.2 (java windows)
Cache-Control: no-cache
Content-Type: application/json; charset=utf-8
host: localhost:58045
accept: */*

Response DefaultHttpResponse(decodeResult: success, version: HTTP/1.1)
HTTP/1.1 200 OK
Content-Type: application/json; charset=utf-8
cache-control: no-cache
content-length: 35972

21:11:46.316 [AsyncHttpClient-1-17] DEBUG org.asynchttpclient.netty.channel.ChannelManager - Adding key: http://localhost:58045 for channel [id: 0x77ff9c6d, L:/127.0.0.1:61924 - R:localhost/127.0.0.1:58045]
21:11:46.318 [main] DEBUG net.serenitybdd.core.photography.Darkroom - Send negative for processing for target\site\serenity\2d09c1362cfcee7ec4e1bf639d734b2e82142ab9abf1ccb0dd6e45425e8d711f.png
21:11:46.318 [Darkroom Processing Line] DEBUG net.serenitybdd.core.photography.DarkroomProcessingLine - Processing screenshot image in /var/screenshots/screenshot-15443236901428989719
21:11:46.318 [Darkroom Processing Line] DEBUG net.serenitybdd.core.photography.DarkroomProcessingLine - Saving screenshot to target\site\serenity\2d09c1362cfcee7ec4e1bf639d734b2e82142ab9abf1ccb0dd6e45425e8d711f.png
21:11:46.318 [main] INFO  - 
  _____   ___   ___   _____     ___     _     ___   ___   ___   ___  
 |_   _| | __| / __| |_   _|   | _ \   /_\   / __| / __| | __| |   \ 
   | |   | _|  \__ \   | |     |  _/  / _ \  \__ \ \__ \ | _|  | |) |
   |_|   |___| |___/   |_|     |_|   /_/ \_\ |___/ |___/ |___| |___/ 

Register with valid nama, valid email, and valid password
----------------------------------------------------------------------
21:11:46.320 [AsyncHttpClient-1-3] DEBUG org.asynchttpclient.netty.handler.WebSocketHandler - Channel Closed: [id: 0x5bea106c, L:/127.0.0.1:61932 ! R:localhost/127.0.0.1:61925] with attribute NettyResponseFuture{currentRetry=5,
	isDone=1,
	isCancelled=0,
	asyncHandler=org.asynchttpclient.ws.WebSocketUpgradeHandler@729f6bad,
	nettyRequest=org.asynchttpclient.netty.request.NettyRequest@4f553fc3,
	future=java.util.concurrent.CompletableFuture@39ace377[Completed normally],
	uri=ws://localhost:61925/devtools/browser/49340831-2253-4460-8a9a-4982749a0463,
	keepAlive=true,
	redirectCount=0,
	timeoutsHolder=null,
	inAuth=0,
	touch=1667916702669}
21:11:46.320 [Driver Command Executor] DEBUG org.asynchttpclient.netty.request.NettyRequestSender - Using pooled Channel '[id: 0x77ff9c6d, L:/127.0.0.1:61924 - R:localhost/127.0.0.1:58045]' for 'DELETE' to 'http://localhost:58045/session/ea04708d238b8f3b0952f165ad090a67'
21:11:46.320 [Driver Command Executor] DEBUG org.asynchttpclient.netty.request.NettyRequestSender - Using open Channel [id: 0x77ff9c6d, L:/127.0.0.1:61924 - R:localhost/127.0.0.1:58045] for DELETE '/session/ea04708d238b8f3b0952f165ad090a67'
21:11:46.320 [AsyncHttpClient-1-3] DEBUG org.asynchttpclient.netty.channel.ChannelManager - Closing Channel [id: 0x5bea106c, L:/127.0.0.1:61932 ! R:localhost/127.0.0.1:61925] 
21:11:46.368 [AsyncHttpClient-1-2] DEBUG org.asynchttpclient.netty.handler.HttpHandler - Unexpected I/O exception on channel [id: 0xea18d414, L:/127.0.0.1:61931 - R:localhost/127.0.0.1:61925]
java.io.IOException: An existing connection was forcibly closed by the remote host
	at java.base/sun.nio.ch.SocketDispatcher.read0(Native Method)
	at java.base/sun.nio.ch.SocketDispatcher.read(SocketDispatcher.java:43)
	at java.base/sun.nio.ch.IOUtil.readIntoNativeBuffer(IOUtil.java:276)
	at java.base/sun.nio.ch.IOUtil.read(IOUtil.java:233)
	at java.base/sun.nio.ch.IOUtil.read(IOUtil.java:223)
	at java.base/sun.nio.ch.SocketChannelImpl.read(SocketChannelImpl.java:358)
	at io.netty.buffer.PooledByteBuf.setBytes(PooledByteBuf.java:258)
	at io.netty.buffer.AbstractByteBuf.writeBytes(AbstractByteBuf.java:1132)
	at io.netty.channel.socket.nio.NioSocketChannel.doReadBytes(NioSocketChannel.java:350)
	at io.netty.channel.nio.AbstractNioByteChannel$NioByteUnsafe.read(AbstractNioByteChannel.java:151)
	at io.netty.channel.nio.NioEventLoop.processSelectedKey(NioEventLoop.java:722)
	at io.netty.channel.nio.NioEventLoop.processSelectedKeysOptimized(NioEventLoop.java:658)
	at io.netty.channel.nio.NioEventLoop.processSelectedKeys(NioEventLoop.java:584)
	at io.netty.channel.nio.NioEventLoop.run(NioEventLoop.java:496)
	at io.netty.util.concurrent.SingleThreadEventExecutor$4.run(SingleThreadEventExecutor.java:986)
	at io.netty.util.internal.ThreadExecutorMap$2.run(ThreadExecutorMap.java:74)
	at io.netty.util.concurrent.FastThreadLocalRunnable.run(FastThreadLocalRunnable.java:30)
	at java.base/java.lang.Thread.run(Thread.java:834)
21:11:46.368 [AsyncHttpClient-1-2] DEBUG org.asynchttpclient.netty.channel.ChannelManager - Closing Channel [id: 0xea18d414, L:/127.0.0.1:61931 - R:localhost/127.0.0.1:61925] 
21:11:46.369 [AsyncHttpClient-1-2] DEBUG org.asynchttpclient.netty.handler.HttpHandler - Channel Closed: [id: 0xea18d414, L:/127.0.0.1:61931 ! R:localhost/127.0.0.1:61925] with attribute DISCARD
21:11:46.381 [AsyncHttpClient-1-17] DEBUG org.asynchttpclient.netty.handler.HttpHandler - 

Request DefaultFullHttpRequest(decodeResult: success, version: HTTP/1.1, content: EmptyByteBufBE)
DELETE /session/ea04708d238b8f3b0952f165ad090a67 HTTP/1.1
User-Agent: selenium/4.1.2 (java windows)
Content-Type: application/json; charset=utf-8
host: localhost:58045
accept: */*

Response DefaultHttpResponse(decodeResult: success, version: HTTP/1.1)
HTTP/1.1 200 OK
Content-Type: application/json; charset=utf-8
cache-control: no-cache
content-length: 14

21:11:46.381 [AsyncHttpClient-1-17] DEBUG org.asynchttpclient.netty.channel.ChannelManager - Adding key: http://localhost:58045 for channel [id: 0x77ff9c6d, L:/127.0.0.1:61924 - R:localhost/127.0.0.1:58045]
21:11:46.420 [AsyncHttpClient-1-17] DEBUG org.asynchttpclient.netty.handler.HttpHandler - Channel Closed: [id: 0x77ff9c6d, L:/127.0.0.1:61924 ! R:localhost/127.0.0.1:58045] with attribute DISCARD
]]></system-out>
    <system-err><![CDATA[Starting ChromeDriver 106.0.5249.61 (511755355844955cd3e264779baf0dd38212a4d0-refs/branch-heads/5249@{#569}) on port 58045
Only local connections are allowed.
Please see https://chromedriver.chromium.org/security-considerations for suggestions on keeping ChromeDriver safe.
ChromeDriver was started successfully.
[1667916702.634][WARNING]: This version of ChromeDriver has not been tested with Chrome version 107.
Nov 08, 2022 9:11:42 PM org.openqa.selenium.remote.ProtocolHandshake createSession
INFO: Detected dialect: W3C
Nov 08, 2022 9:11:42 PM org.openqa.selenium.devtools.CdpVersionFinder findNearestMatch
WARNING: Unable to find an exact match for CDP version 107, so returning the closest version found: a no-op implementation
Nov 08, 2022 9:11:42 PM org.openqa.selenium.devtools.CdpVersionFinder findNearestMatch
INFO: Unable to find CDP implementation matching 107.
Nov 08, 2022 9:11:42 PM org.openqa.selenium.chromium.ChromiumDriver lambda$new$3
WARNING: Unable to find version of CDP to use for . You may need to include a dependency on a specific version of the CDP using something similar to `org.seleniumhq.selenium:selenium-devtools-v86:4.1.2` where the version ("v86") matches the version of the chromium-based browser you're using and the version number of the artifact is the same as Selenium's.
]]></system-err>
  </testcase>
</testsuite>